[2021-11-18 18:24:57,790] {processor.py:163} INFO - Started process (PID=55641) to work on /Users/sravanisigadam/PycharmProjects/Airflow/venv/lib/python3.9/site-packages/airflow/example_dags/plugins/workday.py
[2021-11-18 18:24:57,791] {processor.py:625} INFO - Processing file /Users/sravanisigadam/PycharmProjects/Airflow/venv/lib/python3.9/site-packages/airflow/example_dags/plugins/workday.py for tasks to queue
[2021-11-18 18:24:57,791] {logging_mixin.py:109} INFO - [2021-11-18 18:24:57,791] {dagbag.py:500} INFO - Filling up the DagBag from /Users/sravanisigadam/PycharmProjects/Airflow/venv/lib/python3.9/site-packages/airflow/example_dags/plugins/workday.py
[2021-11-18 18:24:57,819] {processor.py:639} WARNING - No viable dags retrieved from /Users/sravanisigadam/PycharmProjects/Airflow/venv/lib/python3.9/site-packages/airflow/example_dags/plugins/workday.py
[2021-11-18 18:24:57,826] {processor.py:171} INFO - Processing /Users/sravanisigadam/PycharmProjects/Airflow/venv/lib/python3.9/site-packages/airflow/example_dags/plugins/workday.py took 0.036 seconds
[2021-11-18 18:25:37,165] {processor.py:163} INFO - Started process (PID=55672) to work on /Users/sravanisigadam/PycharmProjects/Airflow/venv/lib/python3.9/site-packages/airflow/example_dags/plugins/workday.py
[2021-11-18 18:25:37,165] {processor.py:625} INFO - Processing file /Users/sravanisigadam/PycharmProjects/Airflow/venv/lib/python3.9/site-packages/airflow/example_dags/plugins/workday.py for tasks to queue
[2021-11-18 18:25:37,165] {logging_mixin.py:109} INFO - [2021-11-18 18:25:37,165] {dagbag.py:500} INFO - Filling up the DagBag from /Users/sravanisigadam/PycharmProjects/Airflow/venv/lib/python3.9/site-packages/airflow/example_dags/plugins/workday.py
[2021-11-18 18:25:37,184] {processor.py:639} WARNING - No viable dags retrieved from /Users/sravanisigadam/PycharmProjects/Airflow/venv/lib/python3.9/site-packages/airflow/example_dags/plugins/workday.py
[2021-11-18 18:25:37,186] {processor.py:171} INFO - Processing /Users/sravanisigadam/PycharmProjects/Airflow/venv/lib/python3.9/site-packages/airflow/example_dags/plugins/workday.py took 0.022 seconds
[2021-11-18 18:26:16,309] {processor.py:163} INFO - Started process (PID=55781) to work on /Users/sravanisigadam/PycharmProjects/Airflow/venv/lib/python3.9/site-packages/airflow/example_dags/plugins/workday.py
[2021-11-18 18:26:16,310] {processor.py:625} INFO - Processing file /Users/sravanisigadam/PycharmProjects/Airflow/venv/lib/python3.9/site-packages/airflow/example_dags/plugins/workday.py for tasks to queue
[2021-11-18 18:26:16,310] {logging_mixin.py:109} INFO - [2021-11-18 18:26:16,310] {dagbag.py:500} INFO - Filling up the DagBag from /Users/sravanisigadam/PycharmProjects/Airflow/venv/lib/python3.9/site-packages/airflow/example_dags/plugins/workday.py
[2021-11-18 18:26:16,330] {processor.py:639} WARNING - No viable dags retrieved from /Users/sravanisigadam/PycharmProjects/Airflow/venv/lib/python3.9/site-packages/airflow/example_dags/plugins/workday.py
[2021-11-18 18:26:16,331] {processor.py:171} INFO - Processing /Users/sravanisigadam/PycharmProjects/Airflow/venv/lib/python3.9/site-packages/airflow/example_dags/plugins/workday.py took 0.022 seconds
[2021-11-18 18:26:56,150] {processor.py:163} INFO - Started process (PID=55810) to work on /Users/sravanisigadam/PycharmProjects/Airflow/venv/lib/python3.9/site-packages/airflow/example_dags/plugins/workday.py
[2021-11-18 18:26:56,150] {processor.py:625} INFO - Processing file /Users/sravanisigadam/PycharmProjects/Airflow/venv/lib/python3.9/site-packages/airflow/example_dags/plugins/workday.py for tasks to queue
[2021-11-18 18:26:56,151] {logging_mixin.py:109} INFO - [2021-11-18 18:26:56,150] {dagbag.py:500} INFO - Filling up the DagBag from /Users/sravanisigadam/PycharmProjects/Airflow/venv/lib/python3.9/site-packages/airflow/example_dags/plugins/workday.py
[2021-11-18 18:26:56,170] {processor.py:639} WARNING - No viable dags retrieved from /Users/sravanisigadam/PycharmProjects/Airflow/venv/lib/python3.9/site-packages/airflow/example_dags/plugins/workday.py
[2021-11-18 18:26:56,171] {processor.py:171} INFO - Processing /Users/sravanisigadam/PycharmProjects/Airflow/venv/lib/python3.9/site-packages/airflow/example_dags/plugins/workday.py took 0.022 seconds
[2021-11-18 18:27:36,526] {processor.py:163} INFO - Started process (PID=55840) to work on /Users/sravanisigadam/PycharmProjects/Airflow/venv/lib/python3.9/site-packages/airflow/example_dags/plugins/workday.py
[2021-11-18 18:27:36,527] {processor.py:625} INFO - Processing file /Users/sravanisigadam/PycharmProjects/Airflow/venv/lib/python3.9/site-packages/airflow/example_dags/plugins/workday.py for tasks to queue
[2021-11-18 18:27:36,527] {logging_mixin.py:109} INFO - [2021-11-18 18:27:36,527] {dagbag.py:500} INFO - Filling up the DagBag from /Users/sravanisigadam/PycharmProjects/Airflow/venv/lib/python3.9/site-packages/airflow/example_dags/plugins/workday.py
[2021-11-18 18:27:36,545] {processor.py:639} WARNING - No viable dags retrieved from /Users/sravanisigadam/PycharmProjects/Airflow/venv/lib/python3.9/site-packages/airflow/example_dags/plugins/workday.py
[2021-11-18 18:27:36,546] {processor.py:171} INFO - Processing /Users/sravanisigadam/PycharmProjects/Airflow/venv/lib/python3.9/site-packages/airflow/example_dags/plugins/workday.py took 0.020 seconds
[2021-11-18 18:28:16,334] {processor.py:163} INFO - Started process (PID=55884) to work on /Users/sravanisigadam/PycharmProjects/Airflow/venv/lib/python3.9/site-packages/airflow/example_dags/plugins/workday.py
[2021-11-18 18:28:16,335] {processor.py:625} INFO - Processing file /Users/sravanisigadam/PycharmProjects/Airflow/venv/lib/python3.9/site-packages/airflow/example_dags/plugins/workday.py for tasks to queue
[2021-11-18 18:28:16,335] {logging_mixin.py:109} INFO - [2021-11-18 18:28:16,335] {dagbag.py:500} INFO - Filling up the DagBag from /Users/sravanisigadam/PycharmProjects/Airflow/venv/lib/python3.9/site-packages/airflow/example_dags/plugins/workday.py
[2021-11-18 18:28:16,352] {processor.py:639} WARNING - No viable dags retrieved from /Users/sravanisigadam/PycharmProjects/Airflow/venv/lib/python3.9/site-packages/airflow/example_dags/plugins/workday.py
[2021-11-18 18:28:16,353] {processor.py:171} INFO - Processing /Users/sravanisigadam/PycharmProjects/Airflow/venv/lib/python3.9/site-packages/airflow/example_dags/plugins/workday.py took 0.020 seconds
[2021-11-18 18:28:56,744] {processor.py:163} INFO - Started process (PID=55904) to work on /Users/sravanisigadam/PycharmProjects/Airflow/venv/lib/python3.9/site-packages/airflow/example_dags/plugins/workday.py
[2021-11-18 18:28:56,744] {processor.py:625} INFO - Processing file /Users/sravanisigadam/PycharmProjects/Airflow/venv/lib/python3.9/site-packages/airflow/example_dags/plugins/workday.py for tasks to queue
[2021-11-18 18:28:56,744] {logging_mixin.py:109} INFO - [2021-11-18 18:28:56,744] {dagbag.py:500} INFO - Filling up the DagBag from /Users/sravanisigadam/PycharmProjects/Airflow/venv/lib/python3.9/site-packages/airflow/example_dags/plugins/workday.py
[2021-11-18 18:28:56,761] {processor.py:639} WARNING - No viable dags retrieved from /Users/sravanisigadam/PycharmProjects/Airflow/venv/lib/python3.9/site-packages/airflow/example_dags/plugins/workday.py
[2021-11-18 18:28:56,762] {processor.py:171} INFO - Processing /Users/sravanisigadam/PycharmProjects/Airflow/venv/lib/python3.9/site-packages/airflow/example_dags/plugins/workday.py took 0.018 seconds
[2021-11-18 18:29:36,456] {processor.py:163} INFO - Started process (PID=55923) to work on /Users/sravanisigadam/PycharmProjects/Airflow/venv/lib/python3.9/site-packages/airflow/example_dags/plugins/workday.py
[2021-11-18 18:29:36,457] {processor.py:625} INFO - Processing file /Users/sravanisigadam/PycharmProjects/Airflow/venv/lib/python3.9/site-packages/airflow/example_dags/plugins/workday.py for tasks to queue
[2021-11-18 18:29:36,457] {logging_mixin.py:109} INFO - [2021-11-18 18:29:36,457] {dagbag.py:500} INFO - Filling up the DagBag from /Users/sravanisigadam/PycharmProjects/Airflow/venv/lib/python3.9/site-packages/airflow/example_dags/plugins/workday.py
[2021-11-18 18:29:36,473] {processor.py:639} WARNING - No viable dags retrieved from /Users/sravanisigadam/PycharmProjects/Airflow/venv/lib/python3.9/site-packages/airflow/example_dags/plugins/workday.py
[2021-11-18 18:29:36,474] {processor.py:171} INFO - Processing /Users/sravanisigadam/PycharmProjects/Airflow/venv/lib/python3.9/site-packages/airflow/example_dags/plugins/workday.py took 0.019 seconds
[2021-11-18 18:30:16,774] {processor.py:163} INFO - Started process (PID=55944) to work on /Users/sravanisigadam/PycharmProjects/Airflow/venv/lib/python3.9/site-packages/airflow/example_dags/plugins/workday.py
[2021-11-18 18:30:16,774] {processor.py:625} INFO - Processing file /Users/sravanisigadam/PycharmProjects/Airflow/venv/lib/python3.9/site-packages/airflow/example_dags/plugins/workday.py for tasks to queue
[2021-11-18 18:30:16,774] {logging_mixin.py:109} INFO - [2021-11-18 18:30:16,774] {dagbag.py:500} INFO - Filling up the DagBag from /Users/sravanisigadam/PycharmProjects/Airflow/venv/lib/python3.9/site-packages/airflow/example_dags/plugins/workday.py
[2021-11-18 18:30:16,791] {processor.py:639} WARNING - No viable dags retrieved from /Users/sravanisigadam/PycharmProjects/Airflow/venv/lib/python3.9/site-packages/airflow/example_dags/plugins/workday.py
[2021-11-18 18:30:16,792] {processor.py:171} INFO - Processing /Users/sravanisigadam/PycharmProjects/Airflow/venv/lib/python3.9/site-packages/airflow/example_dags/plugins/workday.py took 0.019 seconds
[2021-11-18 18:30:56,484] {processor.py:163} INFO - Started process (PID=55964) to work on /Users/sravanisigadam/PycharmProjects/Airflow/venv/lib/python3.9/site-packages/airflow/example_dags/plugins/workday.py
[2021-11-18 18:30:56,484] {processor.py:625} INFO - Processing file /Users/sravanisigadam/PycharmProjects/Airflow/venv/lib/python3.9/site-packages/airflow/example_dags/plugins/workday.py for tasks to queue
[2021-11-18 18:30:56,484] {logging_mixin.py:109} INFO - [2021-11-18 18:30:56,484] {dagbag.py:500} INFO - Filling up the DagBag from /Users/sravanisigadam/PycharmProjects/Airflow/venv/lib/python3.9/site-packages/airflow/example_dags/plugins/workday.py
[2021-11-18 18:30:56,501] {processor.py:639} WARNING - No viable dags retrieved from /Users/sravanisigadam/PycharmProjects/Airflow/venv/lib/python3.9/site-packages/airflow/example_dags/plugins/workday.py
[2021-11-18 18:30:56,502] {processor.py:171} INFO - Processing /Users/sravanisigadam/PycharmProjects/Airflow/venv/lib/python3.9/site-packages/airflow/example_dags/plugins/workday.py took 0.018 seconds
[2021-11-18 18:31:36,937] {processor.py:163} INFO - Started process (PID=55984) to work on /Users/sravanisigadam/PycharmProjects/Airflow/venv/lib/python3.9/site-packages/airflow/example_dags/plugins/workday.py
[2021-11-18 18:31:36,938] {processor.py:625} INFO - Processing file /Users/sravanisigadam/PycharmProjects/Airflow/venv/lib/python3.9/site-packages/airflow/example_dags/plugins/workday.py for tasks to queue
[2021-11-18 18:31:36,938] {logging_mixin.py:109} INFO - [2021-11-18 18:31:36,938] {dagbag.py:500} INFO - Filling up the DagBag from /Users/sravanisigadam/PycharmProjects/Airflow/venv/lib/python3.9/site-packages/airflow/example_dags/plugins/workday.py
[2021-11-18 18:31:36,955] {processor.py:639} WARNING - No viable dags retrieved from /Users/sravanisigadam/PycharmProjects/Airflow/venv/lib/python3.9/site-packages/airflow/example_dags/plugins/workday.py
[2021-11-18 18:31:36,956] {processor.py:171} INFO - Processing /Users/sravanisigadam/PycharmProjects/Airflow/venv/lib/python3.9/site-packages/airflow/example_dags/plugins/workday.py took 0.019 seconds
[2021-11-18 18:32:16,654] {processor.py:163} INFO - Started process (PID=56011) to work on /Users/sravanisigadam/PycharmProjects/Airflow/venv/lib/python3.9/site-packages/airflow/example_dags/plugins/workday.py
[2021-11-18 18:32:16,654] {processor.py:625} INFO - Processing file /Users/sravanisigadam/PycharmProjects/Airflow/venv/lib/python3.9/site-packages/airflow/example_dags/plugins/workday.py for tasks to queue
[2021-11-18 18:32:16,654] {logging_mixin.py:109} INFO - [2021-11-18 18:32:16,654] {dagbag.py:500} INFO - Filling up the DagBag from /Users/sravanisigadam/PycharmProjects/Airflow/venv/lib/python3.9/site-packages/airflow/example_dags/plugins/workday.py
[2021-11-18 18:32:16,671] {processor.py:639} WARNING - No viable dags retrieved from /Users/sravanisigadam/PycharmProjects/Airflow/venv/lib/python3.9/site-packages/airflow/example_dags/plugins/workday.py
[2021-11-18 18:32:16,673] {processor.py:171} INFO - Processing /Users/sravanisigadam/PycharmProjects/Airflow/venv/lib/python3.9/site-packages/airflow/example_dags/plugins/workday.py took 0.019 seconds
[2021-11-18 18:32:56,939] {processor.py:163} INFO - Started process (PID=56032) to work on /Users/sravanisigadam/PycharmProjects/Airflow/venv/lib/python3.9/site-packages/airflow/example_dags/plugins/workday.py
[2021-11-18 18:32:56,939] {processor.py:625} INFO - Processing file /Users/sravanisigadam/PycharmProjects/Airflow/venv/lib/python3.9/site-packages/airflow/example_dags/plugins/workday.py for tasks to queue
[2021-11-18 18:32:56,939] {logging_mixin.py:109} INFO - [2021-11-18 18:32:56,939] {dagbag.py:500} INFO - Filling up the DagBag from /Users/sravanisigadam/PycharmProjects/Airflow/venv/lib/python3.9/site-packages/airflow/example_dags/plugins/workday.py
[2021-11-18 18:32:56,956] {processor.py:639} WARNING - No viable dags retrieved from /Users/sravanisigadam/PycharmProjects/Airflow/venv/lib/python3.9/site-packages/airflow/example_dags/plugins/workday.py
[2021-11-18 18:32:56,957] {processor.py:171} INFO - Processing /Users/sravanisigadam/PycharmProjects/Airflow/venv/lib/python3.9/site-packages/airflow/example_dags/plugins/workday.py took 0.019 seconds
[2021-11-18 18:33:36,665] {processor.py:163} INFO - Started process (PID=56051) to work on /Users/sravanisigadam/PycharmProjects/Airflow/venv/lib/python3.9/site-packages/airflow/example_dags/plugins/workday.py
[2021-11-18 18:33:36,665] {processor.py:625} INFO - Processing file /Users/sravanisigadam/PycharmProjects/Airflow/venv/lib/python3.9/site-packages/airflow/example_dags/plugins/workday.py for tasks to queue
[2021-11-18 18:33:36,666] {logging_mixin.py:109} INFO - [2021-11-18 18:33:36,665] {dagbag.py:500} INFO - Filling up the DagBag from /Users/sravanisigadam/PycharmProjects/Airflow/venv/lib/python3.9/site-packages/airflow/example_dags/plugins/workday.py
[2021-11-18 18:33:36,683] {processor.py:639} WARNING - No viable dags retrieved from /Users/sravanisigadam/PycharmProjects/Airflow/venv/lib/python3.9/site-packages/airflow/example_dags/plugins/workday.py
[2021-11-18 18:33:36,684] {processor.py:171} INFO - Processing /Users/sravanisigadam/PycharmProjects/Airflow/venv/lib/python3.9/site-packages/airflow/example_dags/plugins/workday.py took 0.019 seconds
[2021-11-18 18:46:03,383] {processor.py:163} INFO - Started process (PID=56093) to work on /Users/sravanisigadam/PycharmProjects/Airflow/venv/lib/python3.9/site-packages/airflow/example_dags/plugins/workday.py
[2021-11-18 18:46:03,384] {processor.py:625} INFO - Processing file /Users/sravanisigadam/PycharmProjects/Airflow/venv/lib/python3.9/site-packages/airflow/example_dags/plugins/workday.py for tasks to queue
[2021-11-18 18:46:03,384] {logging_mixin.py:109} INFO - [2021-11-18 18:46:03,384] {dagbag.py:500} INFO - Filling up the DagBag from /Users/sravanisigadam/PycharmProjects/Airflow/venv/lib/python3.9/site-packages/airflow/example_dags/plugins/workday.py
[2021-11-18 18:46:03,402] {processor.py:639} WARNING - No viable dags retrieved from /Users/sravanisigadam/PycharmProjects/Airflow/venv/lib/python3.9/site-packages/airflow/example_dags/plugins/workday.py
[2021-11-18 18:46:03,403] {processor.py:171} INFO - Processing /Users/sravanisigadam/PycharmProjects/Airflow/venv/lib/python3.9/site-packages/airflow/example_dags/plugins/workday.py took 0.020 seconds
[2021-11-18 18:46:54,247] {processor.py:163} INFO - Started process (PID=56121) to work on /Users/sravanisigadam/PycharmProjects/Airflow/venv/lib/python3.9/site-packages/airflow/example_dags/plugins/workday.py
[2021-11-18 18:46:54,247] {processor.py:625} INFO - Processing file /Users/sravanisigadam/PycharmProjects/Airflow/venv/lib/python3.9/site-packages/airflow/example_dags/plugins/workday.py for tasks to queue
[2021-11-18 18:46:54,247] {logging_mixin.py:109} INFO - [2021-11-18 18:46:54,247] {dagbag.py:500} INFO - Filling up the DagBag from /Users/sravanisigadam/PycharmProjects/Airflow/venv/lib/python3.9/site-packages/airflow/example_dags/plugins/workday.py
[2021-11-18 18:46:54,264] {processor.py:639} WARNING - No viable dags retrieved from /Users/sravanisigadam/PycharmProjects/Airflow/venv/lib/python3.9/site-packages/airflow/example_dags/plugins/workday.py
[2021-11-18 18:46:54,265] {processor.py:171} INFO - Processing /Users/sravanisigadam/PycharmProjects/Airflow/venv/lib/python3.9/site-packages/airflow/example_dags/plugins/workday.py took 0.019 seconds
[2021-11-18 18:47:33,758] {processor.py:163} INFO - Started process (PID=56153) to work on /Users/sravanisigadam/PycharmProjects/Airflow/venv/lib/python3.9/site-packages/airflow/example_dags/plugins/workday.py
[2021-11-18 18:47:33,758] {processor.py:625} INFO - Processing file /Users/sravanisigadam/PycharmProjects/Airflow/venv/lib/python3.9/site-packages/airflow/example_dags/plugins/workday.py for tasks to queue
[2021-11-18 18:47:33,759] {logging_mixin.py:109} INFO - [2021-11-18 18:47:33,759] {dagbag.py:500} INFO - Filling up the DagBag from /Users/sravanisigadam/PycharmProjects/Airflow/venv/lib/python3.9/site-packages/airflow/example_dags/plugins/workday.py
[2021-11-18 18:47:33,777] {processor.py:639} WARNING - No viable dags retrieved from /Users/sravanisigadam/PycharmProjects/Airflow/venv/lib/python3.9/site-packages/airflow/example_dags/plugins/workday.py
[2021-11-18 18:47:33,778] {processor.py:171} INFO - Processing /Users/sravanisigadam/PycharmProjects/Airflow/venv/lib/python3.9/site-packages/airflow/example_dags/plugins/workday.py took 0.020 seconds
[2021-11-18 18:48:12,108] {processor.py:163} INFO - Started process (PID=56176) to work on /Users/sravanisigadam/PycharmProjects/Airflow/venv/lib/python3.9/site-packages/airflow/example_dags/plugins/workday.py
[2021-11-18 18:48:12,108] {processor.py:625} INFO - Processing file /Users/sravanisigadam/PycharmProjects/Airflow/venv/lib/python3.9/site-packages/airflow/example_dags/plugins/workday.py for tasks to queue
[2021-11-18 18:48:12,108] {logging_mixin.py:109} INFO - [2021-11-18 18:48:12,108] {dagbag.py:500} INFO - Filling up the DagBag from /Users/sravanisigadam/PycharmProjects/Airflow/venv/lib/python3.9/site-packages/airflow/example_dags/plugins/workday.py
[2021-11-18 18:48:12,126] {processor.py:639} WARNING - No viable dags retrieved from /Users/sravanisigadam/PycharmProjects/Airflow/venv/lib/python3.9/site-packages/airflow/example_dags/plugins/workday.py
[2021-11-18 18:48:12,127] {processor.py:171} INFO - Processing /Users/sravanisigadam/PycharmProjects/Airflow/venv/lib/python3.9/site-packages/airflow/example_dags/plugins/workday.py took 0.019 seconds
[2021-11-18 18:48:52,392] {processor.py:163} INFO - Started process (PID=56209) to work on /Users/sravanisigadam/PycharmProjects/Airflow/venv/lib/python3.9/site-packages/airflow/example_dags/plugins/workday.py
[2021-11-18 18:48:52,392] {processor.py:625} INFO - Processing file /Users/sravanisigadam/PycharmProjects/Airflow/venv/lib/python3.9/site-packages/airflow/example_dags/plugins/workday.py for tasks to queue
[2021-11-18 18:48:52,392] {logging_mixin.py:109} INFO - [2021-11-18 18:48:52,392] {dagbag.py:500} INFO - Filling up the DagBag from /Users/sravanisigadam/PycharmProjects/Airflow/venv/lib/python3.9/site-packages/airflow/example_dags/plugins/workday.py
[2021-11-18 18:48:52,410] {processor.py:639} WARNING - No viable dags retrieved from /Users/sravanisigadam/PycharmProjects/Airflow/venv/lib/python3.9/site-packages/airflow/example_dags/plugins/workday.py
[2021-11-18 18:48:52,411] {processor.py:171} INFO - Processing /Users/sravanisigadam/PycharmProjects/Airflow/venv/lib/python3.9/site-packages/airflow/example_dags/plugins/workday.py took 0.020 seconds
[2021-11-18 18:49:33,919] {processor.py:163} INFO - Started process (PID=56234) to work on /Users/sravanisigadam/PycharmProjects/Airflow/venv/lib/python3.9/site-packages/airflow/example_dags/plugins/workday.py
[2021-11-18 18:49:33,919] {processor.py:625} INFO - Processing file /Users/sravanisigadam/PycharmProjects/Airflow/venv/lib/python3.9/site-packages/airflow/example_dags/plugins/workday.py for tasks to queue
[2021-11-18 18:49:33,920] {logging_mixin.py:109} INFO - [2021-11-18 18:49:33,920] {dagbag.py:500} INFO - Filling up the DagBag from /Users/sravanisigadam/PycharmProjects/Airflow/venv/lib/python3.9/site-packages/airflow/example_dags/plugins/workday.py
[2021-11-18 18:49:33,938] {processor.py:639} WARNING - No viable dags retrieved from /Users/sravanisigadam/PycharmProjects/Airflow/venv/lib/python3.9/site-packages/airflow/example_dags/plugins/workday.py
[2021-11-18 18:49:33,939] {processor.py:171} INFO - Processing /Users/sravanisigadam/PycharmProjects/Airflow/venv/lib/python3.9/site-packages/airflow/example_dags/plugins/workday.py took 0.021 seconds
[2021-11-18 18:50:14,817] {processor.py:163} INFO - Started process (PID=56257) to work on /Users/sravanisigadam/PycharmProjects/Airflow/venv/lib/python3.9/site-packages/airflow/example_dags/plugins/workday.py
[2021-11-18 18:50:14,818] {processor.py:625} INFO - Processing file /Users/sravanisigadam/PycharmProjects/Airflow/venv/lib/python3.9/site-packages/airflow/example_dags/plugins/workday.py for tasks to queue
[2021-11-18 18:50:14,818] {logging_mixin.py:109} INFO - [2021-11-18 18:50:14,818] {dagbag.py:500} INFO - Filling up the DagBag from /Users/sravanisigadam/PycharmProjects/Airflow/venv/lib/python3.9/site-packages/airflow/example_dags/plugins/workday.py
[2021-11-18 18:50:14,835] {processor.py:639} WARNING - No viable dags retrieved from /Users/sravanisigadam/PycharmProjects/Airflow/venv/lib/python3.9/site-packages/airflow/example_dags/plugins/workday.py
[2021-11-18 18:50:14,836] {processor.py:171} INFO - Processing /Users/sravanisigadam/PycharmProjects/Airflow/venv/lib/python3.9/site-packages/airflow/example_dags/plugins/workday.py took 0.019 seconds
[2021-11-18 18:50:51,724] {processor.py:163} INFO - Started process (PID=56276) to work on /Users/sravanisigadam/PycharmProjects/Airflow/venv/lib/python3.9/site-packages/airflow/example_dags/plugins/workday.py
[2021-11-18 18:50:51,724] {processor.py:625} INFO - Processing file /Users/sravanisigadam/PycharmProjects/Airflow/venv/lib/python3.9/site-packages/airflow/example_dags/plugins/workday.py for tasks to queue
[2021-11-18 18:50:51,725] {logging_mixin.py:109} INFO - [2021-11-18 18:50:51,725] {dagbag.py:500} INFO - Filling up the DagBag from /Users/sravanisigadam/PycharmProjects/Airflow/venv/lib/python3.9/site-packages/airflow/example_dags/plugins/workday.py
[2021-11-18 18:50:51,742] {processor.py:639} WARNING - No viable dags retrieved from /Users/sravanisigadam/PycharmProjects/Airflow/venv/lib/python3.9/site-packages/airflow/example_dags/plugins/workday.py
[2021-11-18 18:50:51,743] {processor.py:171} INFO - Processing /Users/sravanisigadam/PycharmProjects/Airflow/venv/lib/python3.9/site-packages/airflow/example_dags/plugins/workday.py took 0.019 seconds
[2021-11-18 18:51:31,314] {processor.py:163} INFO - Started process (PID=56296) to work on /Users/sravanisigadam/PycharmProjects/Airflow/venv/lib/python3.9/site-packages/airflow/example_dags/plugins/workday.py
[2021-11-18 18:51:31,315] {processor.py:625} INFO - Processing file /Users/sravanisigadam/PycharmProjects/Airflow/venv/lib/python3.9/site-packages/airflow/example_dags/plugins/workday.py for tasks to queue
[2021-11-18 18:51:31,316] {logging_mixin.py:109} INFO - [2021-11-18 18:51:31,316] {dagbag.py:500} INFO - Filling up the DagBag from /Users/sravanisigadam/PycharmProjects/Airflow/venv/lib/python3.9/site-packages/airflow/example_dags/plugins/workday.py
[2021-11-18 18:51:31,333] {processor.py:639} WARNING - No viable dags retrieved from /Users/sravanisigadam/PycharmProjects/Airflow/venv/lib/python3.9/site-packages/airflow/example_dags/plugins/workday.py
[2021-11-18 18:51:31,334] {processor.py:171} INFO - Processing /Users/sravanisigadam/PycharmProjects/Airflow/venv/lib/python3.9/site-packages/airflow/example_dags/plugins/workday.py took 0.020 seconds
[2021-11-18 18:52:10,340] {processor.py:163} INFO - Started process (PID=56320) to work on /Users/sravanisigadam/PycharmProjects/Airflow/venv/lib/python3.9/site-packages/airflow/example_dags/plugins/workday.py
[2021-11-18 18:52:10,340] {processor.py:625} INFO - Processing file /Users/sravanisigadam/PycharmProjects/Airflow/venv/lib/python3.9/site-packages/airflow/example_dags/plugins/workday.py for tasks to queue
[2021-11-18 18:52:10,340] {logging_mixin.py:109} INFO - [2021-11-18 18:52:10,340] {dagbag.py:500} INFO - Filling up the DagBag from /Users/sravanisigadam/PycharmProjects/Airflow/venv/lib/python3.9/site-packages/airflow/example_dags/plugins/workday.py
[2021-11-18 18:52:10,358] {processor.py:639} WARNING - No viable dags retrieved from /Users/sravanisigadam/PycharmProjects/Airflow/venv/lib/python3.9/site-packages/airflow/example_dags/plugins/workday.py
[2021-11-18 18:52:10,359] {processor.py:171} INFO - Processing /Users/sravanisigadam/PycharmProjects/Airflow/venv/lib/python3.9/site-packages/airflow/example_dags/plugins/workday.py took 0.020 seconds
[2021-11-18 18:52:49,088] {processor.py:163} INFO - Started process (PID=56339) to work on /Users/sravanisigadam/PycharmProjects/Airflow/venv/lib/python3.9/site-packages/airflow/example_dags/plugins/workday.py
[2021-11-18 18:52:49,088] {processor.py:625} INFO - Processing file /Users/sravanisigadam/PycharmProjects/Airflow/venv/lib/python3.9/site-packages/airflow/example_dags/plugins/workday.py for tasks to queue
[2021-11-18 18:52:49,088] {logging_mixin.py:109} INFO - [2021-11-18 18:52:49,088] {dagbag.py:500} INFO - Filling up the DagBag from /Users/sravanisigadam/PycharmProjects/Airflow/venv/lib/python3.9/site-packages/airflow/example_dags/plugins/workday.py
[2021-11-18 18:52:49,105] {processor.py:639} WARNING - No viable dags retrieved from /Users/sravanisigadam/PycharmProjects/Airflow/venv/lib/python3.9/site-packages/airflow/example_dags/plugins/workday.py
[2021-11-18 18:52:49,107] {processor.py:171} INFO - Processing /Users/sravanisigadam/PycharmProjects/Airflow/venv/lib/python3.9/site-packages/airflow/example_dags/plugins/workday.py took 0.019 seconds
[2021-11-18 18:53:28,189] {processor.py:163} INFO - Started process (PID=56359) to work on /Users/sravanisigadam/PycharmProjects/Airflow/venv/lib/python3.9/site-packages/airflow/example_dags/plugins/workday.py
[2021-11-18 18:53:28,189] {processor.py:625} INFO - Processing file /Users/sravanisigadam/PycharmProjects/Airflow/venv/lib/python3.9/site-packages/airflow/example_dags/plugins/workday.py for tasks to queue
[2021-11-18 18:53:28,190] {logging_mixin.py:109} INFO - [2021-11-18 18:53:28,190] {dagbag.py:500} INFO - Filling up the DagBag from /Users/sravanisigadam/PycharmProjects/Airflow/venv/lib/python3.9/site-packages/airflow/example_dags/plugins/workday.py
[2021-11-18 18:53:28,207] {processor.py:639} WARNING - No viable dags retrieved from /Users/sravanisigadam/PycharmProjects/Airflow/venv/lib/python3.9/site-packages/airflow/example_dags/plugins/workday.py
[2021-11-18 18:53:28,208] {processor.py:171} INFO - Processing /Users/sravanisigadam/PycharmProjects/Airflow/venv/lib/python3.9/site-packages/airflow/example_dags/plugins/workday.py took 0.019 seconds
[2021-11-18 18:54:07,051] {processor.py:163} INFO - Started process (PID=56379) to work on /Users/sravanisigadam/PycharmProjects/Airflow/venv/lib/python3.9/site-packages/airflow/example_dags/plugins/workday.py
[2021-11-18 18:54:07,052] {processor.py:625} INFO - Processing file /Users/sravanisigadam/PycharmProjects/Airflow/venv/lib/python3.9/site-packages/airflow/example_dags/plugins/workday.py for tasks to queue
[2021-11-18 18:54:07,052] {logging_mixin.py:109} INFO - [2021-11-18 18:54:07,052] {dagbag.py:500} INFO - Filling up the DagBag from /Users/sravanisigadam/PycharmProjects/Airflow/venv/lib/python3.9/site-packages/airflow/example_dags/plugins/workday.py
[2021-11-18 18:54:07,068] {processor.py:639} WARNING - No viable dags retrieved from /Users/sravanisigadam/PycharmProjects/Airflow/venv/lib/python3.9/site-packages/airflow/example_dags/plugins/workday.py
[2021-11-18 18:54:07,069] {processor.py:171} INFO - Processing /Users/sravanisigadam/PycharmProjects/Airflow/venv/lib/python3.9/site-packages/airflow/example_dags/plugins/workday.py took 0.018 seconds
[2021-11-18 18:54:45,995] {processor.py:163} INFO - Started process (PID=56399) to work on /Users/sravanisigadam/PycharmProjects/Airflow/venv/lib/python3.9/site-packages/airflow/example_dags/plugins/workday.py
[2021-11-18 18:54:45,995] {processor.py:625} INFO - Processing file /Users/sravanisigadam/PycharmProjects/Airflow/venv/lib/python3.9/site-packages/airflow/example_dags/plugins/workday.py for tasks to queue
[2021-11-18 18:54:45,995] {logging_mixin.py:109} INFO - [2021-11-18 18:54:45,995] {dagbag.py:500} INFO - Filling up the DagBag from /Users/sravanisigadam/PycharmProjects/Airflow/venv/lib/python3.9/site-packages/airflow/example_dags/plugins/workday.py
[2021-11-18 18:54:46,012] {processor.py:639} WARNING - No viable dags retrieved from /Users/sravanisigadam/PycharmProjects/Airflow/venv/lib/python3.9/site-packages/airflow/example_dags/plugins/workday.py
[2021-11-18 18:54:46,013] {processor.py:171} INFO - Processing /Users/sravanisigadam/PycharmProjects/Airflow/venv/lib/python3.9/site-packages/airflow/example_dags/plugins/workday.py took 0.019 seconds
[2021-11-18 18:55:24,964] {processor.py:163} INFO - Started process (PID=56419) to work on /Users/sravanisigadam/PycharmProjects/Airflow/venv/lib/python3.9/site-packages/airflow/example_dags/plugins/workday.py
[2021-11-18 18:55:24,965] {processor.py:625} INFO - Processing file /Users/sravanisigadam/PycharmProjects/Airflow/venv/lib/python3.9/site-packages/airflow/example_dags/plugins/workday.py for tasks to queue
[2021-11-18 18:55:24,965] {logging_mixin.py:109} INFO - [2021-11-18 18:55:24,965] {dagbag.py:500} INFO - Filling up the DagBag from /Users/sravanisigadam/PycharmProjects/Airflow/venv/lib/python3.9/site-packages/airflow/example_dags/plugins/workday.py
[2021-11-18 18:55:24,983] {processor.py:639} WARNING - No viable dags retrieved from /Users/sravanisigadam/PycharmProjects/Airflow/venv/lib/python3.9/site-packages/airflow/example_dags/plugins/workday.py
[2021-11-18 18:55:24,984] {processor.py:171} INFO - Processing /Users/sravanisigadam/PycharmProjects/Airflow/venv/lib/python3.9/site-packages/airflow/example_dags/plugins/workday.py took 0.020 seconds
[2021-11-18 18:56:04,471] {processor.py:163} INFO - Started process (PID=56441) to work on /Users/sravanisigadam/PycharmProjects/Airflow/venv/lib/python3.9/site-packages/airflow/example_dags/plugins/workday.py
[2021-11-18 18:56:04,472] {processor.py:625} INFO - Processing file /Users/sravanisigadam/PycharmProjects/Airflow/venv/lib/python3.9/site-packages/airflow/example_dags/plugins/workday.py for tasks to queue
[2021-11-18 18:56:04,473] {logging_mixin.py:109} INFO - [2021-11-18 18:56:04,473] {dagbag.py:500} INFO - Filling up the DagBag from /Users/sravanisigadam/PycharmProjects/Airflow/venv/lib/python3.9/site-packages/airflow/example_dags/plugins/workday.py
[2021-11-18 18:56:04,489] {processor.py:639} WARNING - No viable dags retrieved from /Users/sravanisigadam/PycharmProjects/Airflow/venv/lib/python3.9/site-packages/airflow/example_dags/plugins/workday.py
[2021-11-18 18:56:04,490] {processor.py:171} INFO - Processing /Users/sravanisigadam/PycharmProjects/Airflow/venv/lib/python3.9/site-packages/airflow/example_dags/plugins/workday.py took 0.019 seconds
[2021-11-18 18:56:43,102] {processor.py:163} INFO - Started process (PID=56464) to work on /Users/sravanisigadam/PycharmProjects/Airflow/venv/lib/python3.9/site-packages/airflow/example_dags/plugins/workday.py
[2021-11-18 18:56:43,103] {processor.py:625} INFO - Processing file /Users/sravanisigadam/PycharmProjects/Airflow/venv/lib/python3.9/site-packages/airflow/example_dags/plugins/workday.py for tasks to queue
[2021-11-18 18:56:43,103] {logging_mixin.py:109} INFO - [2021-11-18 18:56:43,103] {dagbag.py:500} INFO - Filling up the DagBag from /Users/sravanisigadam/PycharmProjects/Airflow/venv/lib/python3.9/site-packages/airflow/example_dags/plugins/workday.py
[2021-11-18 18:56:43,120] {processor.py:639} WARNING - No viable dags retrieved from /Users/sravanisigadam/PycharmProjects/Airflow/venv/lib/python3.9/site-packages/airflow/example_dags/plugins/workday.py
[2021-11-18 18:56:43,122] {processor.py:171} INFO - Processing /Users/sravanisigadam/PycharmProjects/Airflow/venv/lib/python3.9/site-packages/airflow/example_dags/plugins/workday.py took 0.020 seconds
[2021-11-18 18:57:22,373] {processor.py:163} INFO - Started process (PID=56483) to work on /Users/sravanisigadam/PycharmProjects/Airflow/venv/lib/python3.9/site-packages/airflow/example_dags/plugins/workday.py
[2021-11-18 18:57:22,373] {processor.py:625} INFO - Processing file /Users/sravanisigadam/PycharmProjects/Airflow/venv/lib/python3.9/site-packages/airflow/example_dags/plugins/workday.py for tasks to queue
[2021-11-18 18:57:22,373] {logging_mixin.py:109} INFO - [2021-11-18 18:57:22,373] {dagbag.py:500} INFO - Filling up the DagBag from /Users/sravanisigadam/PycharmProjects/Airflow/venv/lib/python3.9/site-packages/airflow/example_dags/plugins/workday.py
[2021-11-18 18:57:22,390] {processor.py:639} WARNING - No viable dags retrieved from /Users/sravanisigadam/PycharmProjects/Airflow/venv/lib/python3.9/site-packages/airflow/example_dags/plugins/workday.py
[2021-11-18 18:57:22,391] {processor.py:171} INFO - Processing /Users/sravanisigadam/PycharmProjects/Airflow/venv/lib/python3.9/site-packages/airflow/example_dags/plugins/workday.py took 0.019 seconds
[2021-11-18 18:58:00,779] {processor.py:163} INFO - Started process (PID=56503) to work on /Users/sravanisigadam/PycharmProjects/Airflow/venv/lib/python3.9/site-packages/airflow/example_dags/plugins/workday.py
[2021-11-18 18:58:00,780] {processor.py:625} INFO - Processing file /Users/sravanisigadam/PycharmProjects/Airflow/venv/lib/python3.9/site-packages/airflow/example_dags/plugins/workday.py for tasks to queue
[2021-11-18 18:58:00,781] {logging_mixin.py:109} INFO - [2021-11-18 18:58:00,781] {dagbag.py:500} INFO - Filling up the DagBag from /Users/sravanisigadam/PycharmProjects/Airflow/venv/lib/python3.9/site-packages/airflow/example_dags/plugins/workday.py
[2021-11-18 18:58:00,798] {processor.py:639} WARNING - No viable dags retrieved from /Users/sravanisigadam/PycharmProjects/Airflow/venv/lib/python3.9/site-packages/airflow/example_dags/plugins/workday.py
[2021-11-18 18:58:00,799] {processor.py:171} INFO - Processing /Users/sravanisigadam/PycharmProjects/Airflow/venv/lib/python3.9/site-packages/airflow/example_dags/plugins/workday.py took 0.020 seconds
[2021-11-18 18:58:40,290] {processor.py:163} INFO - Started process (PID=56532) to work on /Users/sravanisigadam/PycharmProjects/Airflow/venv/lib/python3.9/site-packages/airflow/example_dags/plugins/workday.py
[2021-11-18 18:58:40,290] {processor.py:625} INFO - Processing file /Users/sravanisigadam/PycharmProjects/Airflow/venv/lib/python3.9/site-packages/airflow/example_dags/plugins/workday.py for tasks to queue
[2021-11-18 18:58:40,290] {logging_mixin.py:109} INFO - [2021-11-18 18:58:40,290] {dagbag.py:500} INFO - Filling up the DagBag from /Users/sravanisigadam/PycharmProjects/Airflow/venv/lib/python3.9/site-packages/airflow/example_dags/plugins/workday.py
[2021-11-18 18:58:40,308] {processor.py:639} WARNING - No viable dags retrieved from /Users/sravanisigadam/PycharmProjects/Airflow/venv/lib/python3.9/site-packages/airflow/example_dags/plugins/workday.py
[2021-11-18 18:58:40,309] {processor.py:171} INFO - Processing /Users/sravanisigadam/PycharmProjects/Airflow/venv/lib/python3.9/site-packages/airflow/example_dags/plugins/workday.py took 0.020 seconds
[2021-11-18 18:59:18,666] {processor.py:163} INFO - Started process (PID=56551) to work on /Users/sravanisigadam/PycharmProjects/Airflow/venv/lib/python3.9/site-packages/airflow/example_dags/plugins/workday.py
[2021-11-18 18:59:18,666] {processor.py:625} INFO - Processing file /Users/sravanisigadam/PycharmProjects/Airflow/venv/lib/python3.9/site-packages/airflow/example_dags/plugins/workday.py for tasks to queue
[2021-11-18 18:59:18,666] {logging_mixin.py:109} INFO - [2021-11-18 18:59:18,666] {dagbag.py:500} INFO - Filling up the DagBag from /Users/sravanisigadam/PycharmProjects/Airflow/venv/lib/python3.9/site-packages/airflow/example_dags/plugins/workday.py
[2021-11-18 18:59:18,683] {processor.py:639} WARNING - No viable dags retrieved from /Users/sravanisigadam/PycharmProjects/Airflow/venv/lib/python3.9/site-packages/airflow/example_dags/plugins/workday.py
[2021-11-18 18:59:18,684] {processor.py:171} INFO - Processing /Users/sravanisigadam/PycharmProjects/Airflow/venv/lib/python3.9/site-packages/airflow/example_dags/plugins/workday.py took 0.019 seconds
[2021-11-18 18:59:58,935] {processor.py:163} INFO - Started process (PID=56571) to work on /Users/sravanisigadam/PycharmProjects/Airflow/venv/lib/python3.9/site-packages/airflow/example_dags/plugins/workday.py
[2021-11-18 18:59:58,936] {processor.py:625} INFO - Processing file /Users/sravanisigadam/PycharmProjects/Airflow/venv/lib/python3.9/site-packages/airflow/example_dags/plugins/workday.py for tasks to queue
[2021-11-18 18:59:58,936] {logging_mixin.py:109} INFO - [2021-11-18 18:59:58,936] {dagbag.py:500} INFO - Filling up the DagBag from /Users/sravanisigadam/PycharmProjects/Airflow/venv/lib/python3.9/site-packages/airflow/example_dags/plugins/workday.py
[2021-11-18 18:59:58,954] {processor.py:639} WARNING - No viable dags retrieved from /Users/sravanisigadam/PycharmProjects/Airflow/venv/lib/python3.9/site-packages/airflow/example_dags/plugins/workday.py
[2021-11-18 18:59:58,955] {processor.py:171} INFO - Processing /Users/sravanisigadam/PycharmProjects/Airflow/venv/lib/python3.9/site-packages/airflow/example_dags/plugins/workday.py took 0.021 seconds
[2021-11-18 19:00:40,022] {processor.py:163} INFO - Started process (PID=56598) to work on /Users/sravanisigadam/PycharmProjects/Airflow/venv/lib/python3.9/site-packages/airflow/example_dags/plugins/workday.py
[2021-11-18 19:00:40,023] {processor.py:625} INFO - Processing file /Users/sravanisigadam/PycharmProjects/Airflow/venv/lib/python3.9/site-packages/airflow/example_dags/plugins/workday.py for tasks to queue
[2021-11-18 19:00:40,023] {logging_mixin.py:109} INFO - [2021-11-18 19:00:40,023] {dagbag.py:500} INFO - Filling up the DagBag from /Users/sravanisigadam/PycharmProjects/Airflow/venv/lib/python3.9/site-packages/airflow/example_dags/plugins/workday.py
[2021-11-18 19:00:40,040] {processor.py:639} WARNING - No viable dags retrieved from /Users/sravanisigadam/PycharmProjects/Airflow/venv/lib/python3.9/site-packages/airflow/example_dags/plugins/workday.py
[2021-11-18 19:00:40,041] {processor.py:171} INFO - Processing /Users/sravanisigadam/PycharmProjects/Airflow/venv/lib/python3.9/site-packages/airflow/example_dags/plugins/workday.py took 0.020 seconds
[2021-11-18 19:01:19,461] {processor.py:163} INFO - Started process (PID=56622) to work on /Users/sravanisigadam/PycharmProjects/Airflow/venv/lib/python3.9/site-packages/airflow/example_dags/plugins/workday.py
[2021-11-18 19:01:19,462] {processor.py:625} INFO - Processing file /Users/sravanisigadam/PycharmProjects/Airflow/venv/lib/python3.9/site-packages/airflow/example_dags/plugins/workday.py for tasks to queue
[2021-11-18 19:01:19,462] {logging_mixin.py:109} INFO - [2021-11-18 19:01:19,462] {dagbag.py:500} INFO - Filling up the DagBag from /Users/sravanisigadam/PycharmProjects/Airflow/venv/lib/python3.9/site-packages/airflow/example_dags/plugins/workday.py
[2021-11-18 19:01:19,479] {processor.py:639} WARNING - No viable dags retrieved from /Users/sravanisigadam/PycharmProjects/Airflow/venv/lib/python3.9/site-packages/airflow/example_dags/plugins/workday.py
[2021-11-18 19:01:19,481] {processor.py:171} INFO - Processing /Users/sravanisigadam/PycharmProjects/Airflow/venv/lib/python3.9/site-packages/airflow/example_dags/plugins/workday.py took 0.020 seconds
[2021-11-18 19:01:57,548] {processor.py:163} INFO - Started process (PID=56642) to work on /Users/sravanisigadam/PycharmProjects/Airflow/venv/lib/python3.9/site-packages/airflow/example_dags/plugins/workday.py
[2021-11-18 19:01:57,548] {processor.py:625} INFO - Processing file /Users/sravanisigadam/PycharmProjects/Airflow/venv/lib/python3.9/site-packages/airflow/example_dags/plugins/workday.py for tasks to queue
[2021-11-18 19:01:57,548] {logging_mixin.py:109} INFO - [2021-11-18 19:01:57,548] {dagbag.py:500} INFO - Filling up the DagBag from /Users/sravanisigadam/PycharmProjects/Airflow/venv/lib/python3.9/site-packages/airflow/example_dags/plugins/workday.py
[2021-11-18 19:01:57,566] {processor.py:639} WARNING - No viable dags retrieved from /Users/sravanisigadam/PycharmProjects/Airflow/venv/lib/python3.9/site-packages/airflow/example_dags/plugins/workday.py
[2021-11-18 19:01:57,567] {processor.py:171} INFO - Processing /Users/sravanisigadam/PycharmProjects/Airflow/venv/lib/python3.9/site-packages/airflow/example_dags/plugins/workday.py took 0.019 seconds
[2021-11-18 19:02:36,585] {processor.py:163} INFO - Started process (PID=56663) to work on /Users/sravanisigadam/PycharmProjects/Airflow/venv/lib/python3.9/site-packages/airflow/example_dags/plugins/workday.py
[2021-11-18 19:02:36,586] {processor.py:625} INFO - Processing file /Users/sravanisigadam/PycharmProjects/Airflow/venv/lib/python3.9/site-packages/airflow/example_dags/plugins/workday.py for tasks to queue
[2021-11-18 19:02:36,586] {logging_mixin.py:109} INFO - [2021-11-18 19:02:36,586] {dagbag.py:500} INFO - Filling up the DagBag from /Users/sravanisigadam/PycharmProjects/Airflow/venv/lib/python3.9/site-packages/airflow/example_dags/plugins/workday.py
[2021-11-18 19:02:36,603] {processor.py:639} WARNING - No viable dags retrieved from /Users/sravanisigadam/PycharmProjects/Airflow/venv/lib/python3.9/site-packages/airflow/example_dags/plugins/workday.py
[2021-11-18 19:02:36,604] {processor.py:171} INFO - Processing /Users/sravanisigadam/PycharmProjects/Airflow/venv/lib/python3.9/site-packages/airflow/example_dags/plugins/workday.py took 0.020 seconds
[2021-11-18 19:03:16,175] {processor.py:163} INFO - Started process (PID=56686) to work on /Users/sravanisigadam/PycharmProjects/Airflow/venv/lib/python3.9/site-packages/airflow/example_dags/plugins/workday.py
[2021-11-18 19:03:16,177] {processor.py:625} INFO - Processing file /Users/sravanisigadam/PycharmProjects/Airflow/venv/lib/python3.9/site-packages/airflow/example_dags/plugins/workday.py for tasks to queue
[2021-11-18 19:03:16,177] {logging_mixin.py:109} INFO - [2021-11-18 19:03:16,177] {dagbag.py:500} INFO - Filling up the DagBag from /Users/sravanisigadam/PycharmProjects/Airflow/venv/lib/python3.9/site-packages/airflow/example_dags/plugins/workday.py
[2021-11-18 19:03:16,194] {processor.py:639} WARNING - No viable dags retrieved from /Users/sravanisigadam/PycharmProjects/Airflow/venv/lib/python3.9/site-packages/airflow/example_dags/plugins/workday.py
[2021-11-18 19:03:16,195] {processor.py:171} INFO - Processing /Users/sravanisigadam/PycharmProjects/Airflow/venv/lib/python3.9/site-packages/airflow/example_dags/plugins/workday.py took 0.020 seconds
[2021-11-18 19:03:54,498] {processor.py:163} INFO - Started process (PID=56708) to work on /Users/sravanisigadam/PycharmProjects/Airflow/venv/lib/python3.9/site-packages/airflow/example_dags/plugins/workday.py
[2021-11-18 19:03:54,498] {processor.py:625} INFO - Processing file /Users/sravanisigadam/PycharmProjects/Airflow/venv/lib/python3.9/site-packages/airflow/example_dags/plugins/workday.py for tasks to queue
[2021-11-18 19:03:54,499] {logging_mixin.py:109} INFO - [2021-11-18 19:03:54,499] {dagbag.py:500} INFO - Filling up the DagBag from /Users/sravanisigadam/PycharmProjects/Airflow/venv/lib/python3.9/site-packages/airflow/example_dags/plugins/workday.py
[2021-11-18 19:03:54,517] {processor.py:639} WARNING - No viable dags retrieved from /Users/sravanisigadam/PycharmProjects/Airflow/venv/lib/python3.9/site-packages/airflow/example_dags/plugins/workday.py
[2021-11-18 19:03:54,518] {processor.py:171} INFO - Processing /Users/sravanisigadam/PycharmProjects/Airflow/venv/lib/python3.9/site-packages/airflow/example_dags/plugins/workday.py took 0.020 seconds
[2021-11-18 19:04:34,211] {processor.py:163} INFO - Started process (PID=56732) to work on /Users/sravanisigadam/PycharmProjects/Airflow/venv/lib/python3.9/site-packages/airflow/example_dags/plugins/workday.py
[2021-11-18 19:04:34,212] {processor.py:625} INFO - Processing file /Users/sravanisigadam/PycharmProjects/Airflow/venv/lib/python3.9/site-packages/airflow/example_dags/plugins/workday.py for tasks to queue
[2021-11-18 19:04:34,212] {logging_mixin.py:109} INFO - [2021-11-18 19:04:34,212] {dagbag.py:500} INFO - Filling up the DagBag from /Users/sravanisigadam/PycharmProjects/Airflow/venv/lib/python3.9/site-packages/airflow/example_dags/plugins/workday.py
[2021-11-18 19:04:34,230] {processor.py:639} WARNING - No viable dags retrieved from /Users/sravanisigadam/PycharmProjects/Airflow/venv/lib/python3.9/site-packages/airflow/example_dags/plugins/workday.py
[2021-11-18 19:04:34,231] {processor.py:171} INFO - Processing /Users/sravanisigadam/PycharmProjects/Airflow/venv/lib/python3.9/site-packages/airflow/example_dags/plugins/workday.py took 0.021 seconds
[2021-11-18 19:05:13,403] {processor.py:163} INFO - Started process (PID=56761) to work on /Users/sravanisigadam/PycharmProjects/Airflow/venv/lib/python3.9/site-packages/airflow/example_dags/plugins/workday.py
[2021-11-18 19:05:13,404] {processor.py:625} INFO - Processing file /Users/sravanisigadam/PycharmProjects/Airflow/venv/lib/python3.9/site-packages/airflow/example_dags/plugins/workday.py for tasks to queue
[2021-11-18 19:05:13,404] {logging_mixin.py:109} INFO - [2021-11-18 19:05:13,404] {dagbag.py:500} INFO - Filling up the DagBag from /Users/sravanisigadam/PycharmProjects/Airflow/venv/lib/python3.9/site-packages/airflow/example_dags/plugins/workday.py
[2021-11-18 19:05:13,421] {processor.py:639} WARNING - No viable dags retrieved from /Users/sravanisigadam/PycharmProjects/Airflow/venv/lib/python3.9/site-packages/airflow/example_dags/plugins/workday.py
[2021-11-18 19:05:13,423] {processor.py:171} INFO - Processing /Users/sravanisigadam/PycharmProjects/Airflow/venv/lib/python3.9/site-packages/airflow/example_dags/plugins/workday.py took 0.020 seconds
[2021-11-18 19:05:52,687] {processor.py:163} INFO - Started process (PID=56801) to work on /Users/sravanisigadam/PycharmProjects/Airflow/venv/lib/python3.9/site-packages/airflow/example_dags/plugins/workday.py
[2021-11-18 19:05:52,688] {processor.py:625} INFO - Processing file /Users/sravanisigadam/PycharmProjects/Airflow/venv/lib/python3.9/site-packages/airflow/example_dags/plugins/workday.py for tasks to queue
[2021-11-18 19:05:52,688] {logging_mixin.py:109} INFO - [2021-11-18 19:05:52,688] {dagbag.py:500} INFO - Filling up the DagBag from /Users/sravanisigadam/PycharmProjects/Airflow/venv/lib/python3.9/site-packages/airflow/example_dags/plugins/workday.py
[2021-11-18 19:05:52,706] {processor.py:639} WARNING - No viable dags retrieved from /Users/sravanisigadam/PycharmProjects/Airflow/venv/lib/python3.9/site-packages/airflow/example_dags/plugins/workday.py
[2021-11-18 19:05:52,707] {processor.py:171} INFO - Processing /Users/sravanisigadam/PycharmProjects/Airflow/venv/lib/python3.9/site-packages/airflow/example_dags/plugins/workday.py took 0.020 seconds
[2021-11-18 19:06:31,157] {processor.py:163} INFO - Started process (PID=56831) to work on /Users/sravanisigadam/PycharmProjects/Airflow/venv/lib/python3.9/site-packages/airflow/example_dags/plugins/workday.py
[2021-11-18 19:06:31,158] {processor.py:625} INFO - Processing file /Users/sravanisigadam/PycharmProjects/Airflow/venv/lib/python3.9/site-packages/airflow/example_dags/plugins/workday.py for tasks to queue
[2021-11-18 19:06:31,158] {logging_mixin.py:109} INFO - [2021-11-18 19:06:31,158] {dagbag.py:500} INFO - Filling up the DagBag from /Users/sravanisigadam/PycharmProjects/Airflow/venv/lib/python3.9/site-packages/airflow/example_dags/plugins/workday.py
[2021-11-18 19:06:31,175] {processor.py:639} WARNING - No viable dags retrieved from /Users/sravanisigadam/PycharmProjects/Airflow/venv/lib/python3.9/site-packages/airflow/example_dags/plugins/workday.py
[2021-11-18 19:06:31,176] {processor.py:171} INFO - Processing /Users/sravanisigadam/PycharmProjects/Airflow/venv/lib/python3.9/site-packages/airflow/example_dags/plugins/workday.py took 0.020 seconds
[2021-11-18 19:07:11,944] {processor.py:163} INFO - Started process (PID=56855) to work on /Users/sravanisigadam/PycharmProjects/Airflow/venv/lib/python3.9/site-packages/airflow/example_dags/plugins/workday.py
[2021-11-18 19:07:11,945] {processor.py:625} INFO - Processing file /Users/sravanisigadam/PycharmProjects/Airflow/venv/lib/python3.9/site-packages/airflow/example_dags/plugins/workday.py for tasks to queue
[2021-11-18 19:07:11,945] {logging_mixin.py:109} INFO - [2021-11-18 19:07:11,945] {dagbag.py:500} INFO - Filling up the DagBag from /Users/sravanisigadam/PycharmProjects/Airflow/venv/lib/python3.9/site-packages/airflow/example_dags/plugins/workday.py
[2021-11-18 19:07:11,963] {processor.py:639} WARNING - No viable dags retrieved from /Users/sravanisigadam/PycharmProjects/Airflow/venv/lib/python3.9/site-packages/airflow/example_dags/plugins/workday.py
[2021-11-18 19:07:11,965] {processor.py:171} INFO - Processing /Users/sravanisigadam/PycharmProjects/Airflow/venv/lib/python3.9/site-packages/airflow/example_dags/plugins/workday.py took 0.021 seconds
[2021-11-18 19:07:51,360] {processor.py:163} INFO - Started process (PID=56895) to work on /Users/sravanisigadam/PycharmProjects/Airflow/venv/lib/python3.9/site-packages/airflow/example_dags/plugins/workday.py
[2021-11-18 19:07:51,361] {processor.py:625} INFO - Processing file /Users/sravanisigadam/PycharmProjects/Airflow/venv/lib/python3.9/site-packages/airflow/example_dags/plugins/workday.py for tasks to queue
[2021-11-18 19:07:51,362] {logging_mixin.py:109} INFO - [2021-11-18 19:07:51,362] {dagbag.py:500} INFO - Filling up the DagBag from /Users/sravanisigadam/PycharmProjects/Airflow/venv/lib/python3.9/site-packages/airflow/example_dags/plugins/workday.py
[2021-11-18 19:07:51,379] {processor.py:639} WARNING - No viable dags retrieved from /Users/sravanisigadam/PycharmProjects/Airflow/venv/lib/python3.9/site-packages/airflow/example_dags/plugins/workday.py
[2021-11-18 19:07:51,380] {processor.py:171} INFO - Processing /Users/sravanisigadam/PycharmProjects/Airflow/venv/lib/python3.9/site-packages/airflow/example_dags/plugins/workday.py took 0.020 seconds
[2021-11-18 19:08:30,287] {processor.py:163} INFO - Started process (PID=56929) to work on /Users/sravanisigadam/PycharmProjects/Airflow/venv/lib/python3.9/site-packages/airflow/example_dags/plugins/workday.py
[2021-11-18 19:08:30,287] {processor.py:625} INFO - Processing file /Users/sravanisigadam/PycharmProjects/Airflow/venv/lib/python3.9/site-packages/airflow/example_dags/plugins/workday.py for tasks to queue
[2021-11-18 19:08:30,287] {logging_mixin.py:109} INFO - [2021-11-18 19:08:30,287] {dagbag.py:500} INFO - Filling up the DagBag from /Users/sravanisigadam/PycharmProjects/Airflow/venv/lib/python3.9/site-packages/airflow/example_dags/plugins/workday.py
[2021-11-18 19:08:30,307] {processor.py:639} WARNING - No viable dags retrieved from /Users/sravanisigadam/PycharmProjects/Airflow/venv/lib/python3.9/site-packages/airflow/example_dags/plugins/workday.py
[2021-11-18 19:08:30,308] {processor.py:171} INFO - Processing /Users/sravanisigadam/PycharmProjects/Airflow/venv/lib/python3.9/site-packages/airflow/example_dags/plugins/workday.py took 0.022 seconds
[2021-11-18 19:09:09,291] {processor.py:163} INFO - Started process (PID=56951) to work on /Users/sravanisigadam/PycharmProjects/Airflow/venv/lib/python3.9/site-packages/airflow/example_dags/plugins/workday.py
[2021-11-18 19:09:09,291] {processor.py:625} INFO - Processing file /Users/sravanisigadam/PycharmProjects/Airflow/venv/lib/python3.9/site-packages/airflow/example_dags/plugins/workday.py for tasks to queue
[2021-11-18 19:09:09,291] {logging_mixin.py:109} INFO - [2021-11-18 19:09:09,291] {dagbag.py:500} INFO - Filling up the DagBag from /Users/sravanisigadam/PycharmProjects/Airflow/venv/lib/python3.9/site-packages/airflow/example_dags/plugins/workday.py
[2021-11-18 19:09:09,309] {processor.py:639} WARNING - No viable dags retrieved from /Users/sravanisigadam/PycharmProjects/Airflow/venv/lib/python3.9/site-packages/airflow/example_dags/plugins/workday.py
[2021-11-18 19:09:09,310] {processor.py:171} INFO - Processing /Users/sravanisigadam/PycharmProjects/Airflow/venv/lib/python3.9/site-packages/airflow/example_dags/plugins/workday.py took 0.019 seconds
[2021-11-18 19:09:48,431] {processor.py:163} INFO - Started process (PID=56975) to work on /Users/sravanisigadam/PycharmProjects/Airflow/venv/lib/python3.9/site-packages/airflow/example_dags/plugins/workday.py
[2021-11-18 19:09:48,431] {processor.py:625} INFO - Processing file /Users/sravanisigadam/PycharmProjects/Airflow/venv/lib/python3.9/site-packages/airflow/example_dags/plugins/workday.py for tasks to queue
[2021-11-18 19:09:48,431] {logging_mixin.py:109} INFO - [2021-11-18 19:09:48,431] {dagbag.py:500} INFO - Filling up the DagBag from /Users/sravanisigadam/PycharmProjects/Airflow/venv/lib/python3.9/site-packages/airflow/example_dags/plugins/workday.py
[2021-11-18 19:09:48,452] {processor.py:639} WARNING - No viable dags retrieved from /Users/sravanisigadam/PycharmProjects/Airflow/venv/lib/python3.9/site-packages/airflow/example_dags/plugins/workday.py
[2021-11-18 19:09:48,454] {processor.py:171} INFO - Processing /Users/sravanisigadam/PycharmProjects/Airflow/venv/lib/python3.9/site-packages/airflow/example_dags/plugins/workday.py took 0.023 seconds
[2021-11-18 19:10:28,149] {processor.py:163} INFO - Started process (PID=56995) to work on /Users/sravanisigadam/PycharmProjects/Airflow/venv/lib/python3.9/site-packages/airflow/example_dags/plugins/workday.py
[2021-11-18 19:10:28,150] {processor.py:625} INFO - Processing file /Users/sravanisigadam/PycharmProjects/Airflow/venv/lib/python3.9/site-packages/airflow/example_dags/plugins/workday.py for tasks to queue
[2021-11-18 19:10:28,150] {logging_mixin.py:109} INFO - [2021-11-18 19:10:28,150] {dagbag.py:500} INFO - Filling up the DagBag from /Users/sravanisigadam/PycharmProjects/Airflow/venv/lib/python3.9/site-packages/airflow/example_dags/plugins/workday.py
[2021-11-18 19:10:28,168] {processor.py:639} WARNING - No viable dags retrieved from /Users/sravanisigadam/PycharmProjects/Airflow/venv/lib/python3.9/site-packages/airflow/example_dags/plugins/workday.py
[2021-11-18 19:10:28,169] {processor.py:171} INFO - Processing /Users/sravanisigadam/PycharmProjects/Airflow/venv/lib/python3.9/site-packages/airflow/example_dags/plugins/workday.py took 0.020 seconds
[2021-11-18 19:11:08,487] {processor.py:163} INFO - Started process (PID=57021) to work on /Users/sravanisigadam/PycharmProjects/Airflow/venv/lib/python3.9/site-packages/airflow/example_dags/plugins/workday.py
[2021-11-18 19:11:08,488] {processor.py:625} INFO - Processing file /Users/sravanisigadam/PycharmProjects/Airflow/venv/lib/python3.9/site-packages/airflow/example_dags/plugins/workday.py for tasks to queue
[2021-11-18 19:11:08,488] {logging_mixin.py:109} INFO - [2021-11-18 19:11:08,488] {dagbag.py:500} INFO - Filling up the DagBag from /Users/sravanisigadam/PycharmProjects/Airflow/venv/lib/python3.9/site-packages/airflow/example_dags/plugins/workday.py
[2021-11-18 19:11:08,505] {processor.py:639} WARNING - No viable dags retrieved from /Users/sravanisigadam/PycharmProjects/Airflow/venv/lib/python3.9/site-packages/airflow/example_dags/plugins/workday.py
[2021-11-18 19:11:08,507] {processor.py:171} INFO - Processing /Users/sravanisigadam/PycharmProjects/Airflow/venv/lib/python3.9/site-packages/airflow/example_dags/plugins/workday.py took 0.020 seconds
[2021-11-18 19:11:48,472] {processor.py:163} INFO - Started process (PID=57042) to work on /Users/sravanisigadam/PycharmProjects/Airflow/venv/lib/python3.9/site-packages/airflow/example_dags/plugins/workday.py
[2021-11-18 19:11:48,472] {processor.py:625} INFO - Processing file /Users/sravanisigadam/PycharmProjects/Airflow/venv/lib/python3.9/site-packages/airflow/example_dags/plugins/workday.py for tasks to queue
[2021-11-18 19:11:48,473] {logging_mixin.py:109} INFO - [2021-11-18 19:11:48,472] {dagbag.py:500} INFO - Filling up the DagBag from /Users/sravanisigadam/PycharmProjects/Airflow/venv/lib/python3.9/site-packages/airflow/example_dags/plugins/workday.py
[2021-11-18 19:11:48,494] {processor.py:639} WARNING - No viable dags retrieved from /Users/sravanisigadam/PycharmProjects/Airflow/venv/lib/python3.9/site-packages/airflow/example_dags/plugins/workday.py
[2021-11-18 19:11:48,496] {processor.py:171} INFO - Processing /Users/sravanisigadam/PycharmProjects/Airflow/venv/lib/python3.9/site-packages/airflow/example_dags/plugins/workday.py took 0.024 seconds
[2021-11-18 19:12:30,000] {processor.py:163} INFO - Started process (PID=57066) to work on /Users/sravanisigadam/PycharmProjects/Airflow/venv/lib/python3.9/site-packages/airflow/example_dags/plugins/workday.py
[2021-11-18 19:12:30,001] {processor.py:625} INFO - Processing file /Users/sravanisigadam/PycharmProjects/Airflow/venv/lib/python3.9/site-packages/airflow/example_dags/plugins/workday.py for tasks to queue
[2021-11-18 19:12:30,001] {logging_mixin.py:109} INFO - [2021-11-18 19:12:30,001] {dagbag.py:500} INFO - Filling up the DagBag from /Users/sravanisigadam/PycharmProjects/Airflow/venv/lib/python3.9/site-packages/airflow/example_dags/plugins/workday.py
[2021-11-18 19:12:30,019] {processor.py:639} WARNING - No viable dags retrieved from /Users/sravanisigadam/PycharmProjects/Airflow/venv/lib/python3.9/site-packages/airflow/example_dags/plugins/workday.py
[2021-11-18 19:12:30,020] {processor.py:171} INFO - Processing /Users/sravanisigadam/PycharmProjects/Airflow/venv/lib/python3.9/site-packages/airflow/example_dags/plugins/workday.py took 0.020 seconds
[2021-11-18 19:13:09,562] {processor.py:163} INFO - Started process (PID=57093) to work on /Users/sravanisigadam/PycharmProjects/Airflow/venv/lib/python3.9/site-packages/airflow/example_dags/plugins/workday.py
[2021-11-18 19:13:09,563] {processor.py:625} INFO - Processing file /Users/sravanisigadam/PycharmProjects/Airflow/venv/lib/python3.9/site-packages/airflow/example_dags/plugins/workday.py for tasks to queue
[2021-11-18 19:13:09,563] {logging_mixin.py:109} INFO - [2021-11-18 19:13:09,563] {dagbag.py:500} INFO - Filling up the DagBag from /Users/sravanisigadam/PycharmProjects/Airflow/venv/lib/python3.9/site-packages/airflow/example_dags/plugins/workday.py
[2021-11-18 19:13:09,581] {processor.py:639} WARNING - No viable dags retrieved from /Users/sravanisigadam/PycharmProjects/Airflow/venv/lib/python3.9/site-packages/airflow/example_dags/plugins/workday.py
[2021-11-18 19:13:09,582] {processor.py:171} INFO - Processing /Users/sravanisigadam/PycharmProjects/Airflow/venv/lib/python3.9/site-packages/airflow/example_dags/plugins/workday.py took 0.021 seconds
[2021-11-18 19:13:51,695] {processor.py:163} INFO - Started process (PID=57136) to work on /Users/sravanisigadam/PycharmProjects/Airflow/venv/lib/python3.9/site-packages/airflow/example_dags/plugins/workday.py
[2021-11-18 19:13:51,696] {processor.py:625} INFO - Processing file /Users/sravanisigadam/PycharmProjects/Airflow/venv/lib/python3.9/site-packages/airflow/example_dags/plugins/workday.py for tasks to queue
[2021-11-18 19:13:51,696] {logging_mixin.py:109} INFO - [2021-11-18 19:13:51,696] {dagbag.py:500} INFO - Filling up the DagBag from /Users/sravanisigadam/PycharmProjects/Airflow/venv/lib/python3.9/site-packages/airflow/example_dags/plugins/workday.py
[2021-11-18 19:13:51,714] {processor.py:639} WARNING - No viable dags retrieved from /Users/sravanisigadam/PycharmProjects/Airflow/venv/lib/python3.9/site-packages/airflow/example_dags/plugins/workday.py
[2021-11-18 19:13:51,715] {processor.py:171} INFO - Processing /Users/sravanisigadam/PycharmProjects/Airflow/venv/lib/python3.9/site-packages/airflow/example_dags/plugins/workday.py took 0.021 seconds
[2021-11-18 19:14:32,912] {processor.py:163} INFO - Started process (PID=57167) to work on /Users/sravanisigadam/PycharmProjects/Airflow/venv/lib/python3.9/site-packages/airflow/example_dags/plugins/workday.py
[2021-11-18 19:14:32,913] {processor.py:625} INFO - Processing file /Users/sravanisigadam/PycharmProjects/Airflow/venv/lib/python3.9/site-packages/airflow/example_dags/plugins/workday.py for tasks to queue
[2021-11-18 19:14:32,913] {logging_mixin.py:109} INFO - [2021-11-18 19:14:32,913] {dagbag.py:500} INFO - Filling up the DagBag from /Users/sravanisigadam/PycharmProjects/Airflow/venv/lib/python3.9/site-packages/airflow/example_dags/plugins/workday.py
[2021-11-18 19:14:32,931] {processor.py:639} WARNING - No viable dags retrieved from /Users/sravanisigadam/PycharmProjects/Airflow/venv/lib/python3.9/site-packages/airflow/example_dags/plugins/workday.py
[2021-11-18 19:14:32,932] {processor.py:171} INFO - Processing /Users/sravanisigadam/PycharmProjects/Airflow/venv/lib/python3.9/site-packages/airflow/example_dags/plugins/workday.py took 0.021 seconds
[2021-11-18 19:15:12,768] {processor.py:163} INFO - Started process (PID=57201) to work on /Users/sravanisigadam/PycharmProjects/Airflow/venv/lib/python3.9/site-packages/airflow/example_dags/plugins/workday.py
[2021-11-18 19:15:12,769] {processor.py:625} INFO - Processing file /Users/sravanisigadam/PycharmProjects/Airflow/venv/lib/python3.9/site-packages/airflow/example_dags/plugins/workday.py for tasks to queue
[2021-11-18 19:15:12,769] {logging_mixin.py:109} INFO - [2021-11-18 19:15:12,769] {dagbag.py:500} INFO - Filling up the DagBag from /Users/sravanisigadam/PycharmProjects/Airflow/venv/lib/python3.9/site-packages/airflow/example_dags/plugins/workday.py
[2021-11-18 19:15:12,787] {processor.py:639} WARNING - No viable dags retrieved from /Users/sravanisigadam/PycharmProjects/Airflow/venv/lib/python3.9/site-packages/airflow/example_dags/plugins/workday.py
[2021-11-18 19:15:12,789] {processor.py:171} INFO - Processing /Users/sravanisigadam/PycharmProjects/Airflow/venv/lib/python3.9/site-packages/airflow/example_dags/plugins/workday.py took 0.021 seconds
