[2021-11-17 01:06:28,268] {processor.py:163} INFO - Started process (PID=44821) to work on /Users/sravanisigadam/PycharmProjects/Airflow/venv/lib/python3.9/site-packages/airflow/example_dags/example_subdag_operator.py
[2021-11-17 01:06:28,268] {processor.py:625} INFO - Processing file /Users/sravanisigadam/PycharmProjects/Airflow/venv/lib/python3.9/site-packages/airflow/example_dags/example_subdag_operator.py for tasks to queue
[2021-11-17 01:06:28,268] {logging_mixin.py:109} INFO - [2021-11-17 01:06:28,268] {dagbag.py:500} INFO - Filling up the DagBag from /Users/sravanisigadam/PycharmProjects/Airflow/venv/lib/python3.9/site-packages/airflow/example_dags/example_subdag_operator.py
[2021-11-17 01:06:28,296] {processor.py:637} INFO - DAG(s) dict_keys(['example_subdag_operator.section-1', 'example_subdag_operator.section-2', 'example_subdag_operator']) retrieved from /Users/sravanisigadam/PycharmProjects/Airflow/venv/lib/python3.9/site-packages/airflow/example_dags/example_subdag_operator.py
[2021-11-17 01:06:28,307] {logging_mixin.py:109} INFO - [2021-11-17 01:06:28,307] {dag.py:2396} INFO - Sync 3 DAGs
[2021-11-17 01:06:28,312] {logging_mixin.py:109} INFO - [2021-11-17 01:06:28,312] {dag.py:2928} INFO - Setting next_dagrun for example_subdag_operator to 2021-11-15T00:00:00+00:00
[2021-11-17 01:06:28,312] {logging_mixin.py:109} INFO - [2021-11-17 01:06:28,312] {dag.py:2928} INFO - Setting next_dagrun for example_subdag_operator.section-1 to None
[2021-11-17 01:06:28,312] {logging_mixin.py:109} INFO - [2021-11-17 01:06:28,312] {dag.py:2928} INFO - Setting next_dagrun for example_subdag_operator.section-2 to None
[2021-11-17 01:06:28,314] {logging_mixin.py:109} INFO - [2021-11-17 01:06:28,314] {dag.py:2396} INFO - Sync 2 DAGs
[2021-11-17 01:06:28,317] {logging_mixin.py:109} INFO - [2021-11-17 01:06:28,317] {dag.py:2928} INFO - Setting next_dagrun for example_subdag_operator.section-1 to None
[2021-11-17 01:06:28,317] {logging_mixin.py:109} INFO - [2021-11-17 01:06:28,317] {dag.py:2928} INFO - Setting next_dagrun for example_subdag_operator.section-2 to None
[2021-11-17 01:06:28,321] {processor.py:171} INFO - Processing /Users/sravanisigadam/PycharmProjects/Airflow/venv/lib/python3.9/site-packages/airflow/example_dags/example_subdag_operator.py took 0.053 seconds
[2021-11-17 01:07:35,953] {processor.py:163} INFO - Started process (PID=44863) to work on /Users/sravanisigadam/PycharmProjects/Airflow/venv/lib/python3.9/site-packages/airflow/example_dags/example_subdag_operator.py
[2021-11-17 01:07:35,953] {processor.py:625} INFO - Processing file /Users/sravanisigadam/PycharmProjects/Airflow/venv/lib/python3.9/site-packages/airflow/example_dags/example_subdag_operator.py for tasks to queue
[2021-11-17 01:07:35,954] {logging_mixin.py:109} INFO - [2021-11-17 01:07:35,954] {dagbag.py:500} INFO - Filling up the DagBag from /Users/sravanisigadam/PycharmProjects/Airflow/venv/lib/python3.9/site-packages/airflow/example_dags/example_subdag_operator.py
[2021-11-17 01:07:35,984] {processor.py:637} INFO - DAG(s) dict_keys(['example_subdag_operator.section-1', 'example_subdag_operator.section-2', 'example_subdag_operator']) retrieved from /Users/sravanisigadam/PycharmProjects/Airflow/venv/lib/python3.9/site-packages/airflow/example_dags/example_subdag_operator.py
[2021-11-17 01:07:35,995] {logging_mixin.py:109} INFO - [2021-11-17 01:07:35,995] {dag.py:2396} INFO - Sync 3 DAGs
[2021-11-17 01:07:36,001] {logging_mixin.py:109} INFO - [2021-11-17 01:07:36,001] {dag.py:2928} INFO - Setting next_dagrun for example_subdag_operator to 2021-11-15T00:00:00+00:00
[2021-11-17 01:07:36,001] {logging_mixin.py:109} INFO - [2021-11-17 01:07:36,001] {dag.py:2928} INFO - Setting next_dagrun for example_subdag_operator.section-1 to None
[2021-11-17 01:07:36,001] {logging_mixin.py:109} INFO - [2021-11-17 01:07:36,001] {dag.py:2928} INFO - Setting next_dagrun for example_subdag_operator.section-2 to None
[2021-11-17 01:07:36,003] {logging_mixin.py:109} INFO - [2021-11-17 01:07:36,003] {dag.py:2396} INFO - Sync 2 DAGs
[2021-11-17 01:07:36,006] {logging_mixin.py:109} INFO - [2021-11-17 01:07:36,006] {dag.py:2928} INFO - Setting next_dagrun for example_subdag_operator.section-1 to None
[2021-11-17 01:07:36,006] {logging_mixin.py:109} INFO - [2021-11-17 01:07:36,006] {dag.py:2928} INFO - Setting next_dagrun for example_subdag_operator.section-2 to None
[2021-11-17 01:07:36,010] {processor.py:171} INFO - Processing /Users/sravanisigadam/PycharmProjects/Airflow/venv/lib/python3.9/site-packages/airflow/example_dags/example_subdag_operator.py took 0.057 seconds
[2021-11-17 01:08:49,801] {processor.py:163} INFO - Started process (PID=44906) to work on /Users/sravanisigadam/PycharmProjects/Airflow/venv/lib/python3.9/site-packages/airflow/example_dags/example_subdag_operator.py
[2021-11-17 01:08:49,802] {processor.py:625} INFO - Processing file /Users/sravanisigadam/PycharmProjects/Airflow/venv/lib/python3.9/site-packages/airflow/example_dags/example_subdag_operator.py for tasks to queue
[2021-11-17 01:08:49,802] {logging_mixin.py:109} INFO - [2021-11-17 01:08:49,802] {dagbag.py:500} INFO - Filling up the DagBag from /Users/sravanisigadam/PycharmProjects/Airflow/venv/lib/python3.9/site-packages/airflow/example_dags/example_subdag_operator.py
[2021-11-17 01:08:49,829] {processor.py:637} INFO - DAG(s) dict_keys(['example_subdag_operator.section-1', 'example_subdag_operator.section-2', 'example_subdag_operator']) retrieved from /Users/sravanisigadam/PycharmProjects/Airflow/venv/lib/python3.9/site-packages/airflow/example_dags/example_subdag_operator.py
[2021-11-17 01:08:49,840] {logging_mixin.py:109} INFO - [2021-11-17 01:08:49,840] {dag.py:2396} INFO - Sync 3 DAGs
[2021-11-17 01:08:49,845] {logging_mixin.py:109} INFO - [2021-11-17 01:08:49,845] {dag.py:2928} INFO - Setting next_dagrun for example_subdag_operator to 2021-11-15T00:00:00+00:00
[2021-11-17 01:08:49,846] {logging_mixin.py:109} INFO - [2021-11-17 01:08:49,846] {dag.py:2928} INFO - Setting next_dagrun for example_subdag_operator.section-1 to None
[2021-11-17 01:08:49,846] {logging_mixin.py:109} INFO - [2021-11-17 01:08:49,846] {dag.py:2928} INFO - Setting next_dagrun for example_subdag_operator.section-2 to None
[2021-11-17 01:08:49,848] {logging_mixin.py:109} INFO - [2021-11-17 01:08:49,848] {dag.py:2396} INFO - Sync 2 DAGs
[2021-11-17 01:08:49,851] {logging_mixin.py:109} INFO - [2021-11-17 01:08:49,850] {dag.py:2928} INFO - Setting next_dagrun for example_subdag_operator.section-1 to None
[2021-11-17 01:08:49,851] {logging_mixin.py:109} INFO - [2021-11-17 01:08:49,851] {dag.py:2928} INFO - Setting next_dagrun for example_subdag_operator.section-2 to None
[2021-11-17 01:08:49,854] {processor.py:171} INFO - Processing /Users/sravanisigadam/PycharmProjects/Airflow/venv/lib/python3.9/site-packages/airflow/example_dags/example_subdag_operator.py took 0.053 seconds
[2021-11-17 01:10:03,391] {processor.py:163} INFO - Started process (PID=44971) to work on /Users/sravanisigadam/PycharmProjects/Airflow/venv/lib/python3.9/site-packages/airflow/example_dags/example_subdag_operator.py
[2021-11-17 01:10:03,392] {processor.py:625} INFO - Processing file /Users/sravanisigadam/PycharmProjects/Airflow/venv/lib/python3.9/site-packages/airflow/example_dags/example_subdag_operator.py for tasks to queue
[2021-11-17 01:10:03,393] {logging_mixin.py:109} INFO - [2021-11-17 01:10:03,393] {dagbag.py:500} INFO - Filling up the DagBag from /Users/sravanisigadam/PycharmProjects/Airflow/venv/lib/python3.9/site-packages/airflow/example_dags/example_subdag_operator.py
[2021-11-17 01:10:03,420] {processor.py:637} INFO - DAG(s) dict_keys(['example_subdag_operator.section-1', 'example_subdag_operator.section-2', 'example_subdag_operator']) retrieved from /Users/sravanisigadam/PycharmProjects/Airflow/venv/lib/python3.9/site-packages/airflow/example_dags/example_subdag_operator.py
[2021-11-17 01:10:03,431] {logging_mixin.py:109} INFO - [2021-11-17 01:10:03,431] {dag.py:2396} INFO - Sync 3 DAGs
[2021-11-17 01:10:03,436] {logging_mixin.py:109} INFO - [2021-11-17 01:10:03,436] {dag.py:2928} INFO - Setting next_dagrun for example_subdag_operator to 2021-11-15T00:00:00+00:00
[2021-11-17 01:10:03,437] {logging_mixin.py:109} INFO - [2021-11-17 01:10:03,437] {dag.py:2928} INFO - Setting next_dagrun for example_subdag_operator.section-1 to None
[2021-11-17 01:10:03,437] {logging_mixin.py:109} INFO - [2021-11-17 01:10:03,437] {dag.py:2928} INFO - Setting next_dagrun for example_subdag_operator.section-2 to None
[2021-11-17 01:10:03,439] {logging_mixin.py:109} INFO - [2021-11-17 01:10:03,439] {dag.py:2396} INFO - Sync 2 DAGs
[2021-11-17 01:10:03,442] {logging_mixin.py:109} INFO - [2021-11-17 01:10:03,441] {dag.py:2928} INFO - Setting next_dagrun for example_subdag_operator.section-1 to None
[2021-11-17 01:10:03,442] {logging_mixin.py:109} INFO - [2021-11-17 01:10:03,442] {dag.py:2928} INFO - Setting next_dagrun for example_subdag_operator.section-2 to None
[2021-11-17 01:10:03,445] {processor.py:171} INFO - Processing /Users/sravanisigadam/PycharmProjects/Airflow/venv/lib/python3.9/site-packages/airflow/example_dags/example_subdag_operator.py took 0.054 seconds
[2021-11-17 01:11:17,578] {processor.py:163} INFO - Started process (PID=45011) to work on /Users/sravanisigadam/PycharmProjects/Airflow/venv/lib/python3.9/site-packages/airflow/example_dags/example_subdag_operator.py
[2021-11-17 01:11:17,578] {processor.py:625} INFO - Processing file /Users/sravanisigadam/PycharmProjects/Airflow/venv/lib/python3.9/site-packages/airflow/example_dags/example_subdag_operator.py for tasks to queue
[2021-11-17 01:11:17,579] {logging_mixin.py:109} INFO - [2021-11-17 01:11:17,579] {dagbag.py:500} INFO - Filling up the DagBag from /Users/sravanisigadam/PycharmProjects/Airflow/venv/lib/python3.9/site-packages/airflow/example_dags/example_subdag_operator.py
[2021-11-17 01:11:17,605] {processor.py:637} INFO - DAG(s) dict_keys(['example_subdag_operator.section-1', 'example_subdag_operator.section-2', 'example_subdag_operator']) retrieved from /Users/sravanisigadam/PycharmProjects/Airflow/venv/lib/python3.9/site-packages/airflow/example_dags/example_subdag_operator.py
[2021-11-17 01:11:17,616] {logging_mixin.py:109} INFO - [2021-11-17 01:11:17,616] {dag.py:2396} INFO - Sync 3 DAGs
[2021-11-17 01:11:17,621] {logging_mixin.py:109} INFO - [2021-11-17 01:11:17,621] {dag.py:2928} INFO - Setting next_dagrun for example_subdag_operator to 2021-11-15T00:00:00+00:00
[2021-11-17 01:11:17,621] {logging_mixin.py:109} INFO - [2021-11-17 01:11:17,621] {dag.py:2928} INFO - Setting next_dagrun for example_subdag_operator.section-1 to None
[2021-11-17 01:11:17,621] {logging_mixin.py:109} INFO - [2021-11-17 01:11:17,621] {dag.py:2928} INFO - Setting next_dagrun for example_subdag_operator.section-2 to None
[2021-11-17 01:11:17,623] {logging_mixin.py:109} INFO - [2021-11-17 01:11:17,623] {dag.py:2396} INFO - Sync 2 DAGs
[2021-11-17 01:11:17,626] {logging_mixin.py:109} INFO - [2021-11-17 01:11:17,626] {dag.py:2928} INFO - Setting next_dagrun for example_subdag_operator.section-1 to None
[2021-11-17 01:11:17,626] {logging_mixin.py:109} INFO - [2021-11-17 01:11:17,626] {dag.py:2928} INFO - Setting next_dagrun for example_subdag_operator.section-2 to None
[2021-11-17 01:11:17,629] {processor.py:171} INFO - Processing /Users/sravanisigadam/PycharmProjects/Airflow/venv/lib/python3.9/site-packages/airflow/example_dags/example_subdag_operator.py took 0.051 seconds
[2021-11-17 01:12:30,974] {processor.py:163} INFO - Started process (PID=45048) to work on /Users/sravanisigadam/PycharmProjects/Airflow/venv/lib/python3.9/site-packages/airflow/example_dags/example_subdag_operator.py
[2021-11-17 01:12:30,974] {processor.py:625} INFO - Processing file /Users/sravanisigadam/PycharmProjects/Airflow/venv/lib/python3.9/site-packages/airflow/example_dags/example_subdag_operator.py for tasks to queue
[2021-11-17 01:12:30,974] {logging_mixin.py:109} INFO - [2021-11-17 01:12:30,974] {dagbag.py:500} INFO - Filling up the DagBag from /Users/sravanisigadam/PycharmProjects/Airflow/venv/lib/python3.9/site-packages/airflow/example_dags/example_subdag_operator.py
[2021-11-17 01:12:31,001] {processor.py:637} INFO - DAG(s) dict_keys(['example_subdag_operator.section-1', 'example_subdag_operator.section-2', 'example_subdag_operator']) retrieved from /Users/sravanisigadam/PycharmProjects/Airflow/venv/lib/python3.9/site-packages/airflow/example_dags/example_subdag_operator.py
[2021-11-17 01:12:31,012] {logging_mixin.py:109} INFO - [2021-11-17 01:12:31,012] {dag.py:2396} INFO - Sync 3 DAGs
[2021-11-17 01:12:31,017] {logging_mixin.py:109} INFO - [2021-11-17 01:12:31,017] {dag.py:2928} INFO - Setting next_dagrun for example_subdag_operator to 2021-11-15T00:00:00+00:00
[2021-11-17 01:12:31,017] {logging_mixin.py:109} INFO - [2021-11-17 01:12:31,017] {dag.py:2928} INFO - Setting next_dagrun for example_subdag_operator.section-1 to None
[2021-11-17 01:12:31,017] {logging_mixin.py:109} INFO - [2021-11-17 01:12:31,017] {dag.py:2928} INFO - Setting next_dagrun for example_subdag_operator.section-2 to None
[2021-11-17 01:12:31,019] {logging_mixin.py:109} INFO - [2021-11-17 01:12:31,019] {dag.py:2396} INFO - Sync 2 DAGs
[2021-11-17 01:12:31,022] {logging_mixin.py:109} INFO - [2021-11-17 01:12:31,022] {dag.py:2928} INFO - Setting next_dagrun for example_subdag_operator.section-1 to None
[2021-11-17 01:12:31,022] {logging_mixin.py:109} INFO - [2021-11-17 01:12:31,022] {dag.py:2928} INFO - Setting next_dagrun for example_subdag_operator.section-2 to None
[2021-11-17 01:12:31,026] {processor.py:171} INFO - Processing /Users/sravanisigadam/PycharmProjects/Airflow/venv/lib/python3.9/site-packages/airflow/example_dags/example_subdag_operator.py took 0.052 seconds
[2021-11-17 01:13:44,497] {processor.py:163} INFO - Started process (PID=45085) to work on /Users/sravanisigadam/PycharmProjects/Airflow/venv/lib/python3.9/site-packages/airflow/example_dags/example_subdag_operator.py
[2021-11-17 01:13:44,498] {processor.py:625} INFO - Processing file /Users/sravanisigadam/PycharmProjects/Airflow/venv/lib/python3.9/site-packages/airflow/example_dags/example_subdag_operator.py for tasks to queue
[2021-11-17 01:13:44,498] {logging_mixin.py:109} INFO - [2021-11-17 01:13:44,498] {dagbag.py:500} INFO - Filling up the DagBag from /Users/sravanisigadam/PycharmProjects/Airflow/venv/lib/python3.9/site-packages/airflow/example_dags/example_subdag_operator.py
[2021-11-17 01:13:44,525] {processor.py:637} INFO - DAG(s) dict_keys(['example_subdag_operator.section-1', 'example_subdag_operator.section-2', 'example_subdag_operator']) retrieved from /Users/sravanisigadam/PycharmProjects/Airflow/venv/lib/python3.9/site-packages/airflow/example_dags/example_subdag_operator.py
[2021-11-17 01:13:44,537] {logging_mixin.py:109} INFO - [2021-11-17 01:13:44,537] {dag.py:2396} INFO - Sync 3 DAGs
[2021-11-17 01:13:44,542] {logging_mixin.py:109} INFO - [2021-11-17 01:13:44,542] {dag.py:2928} INFO - Setting next_dagrun for example_subdag_operator to 2021-11-15T00:00:00+00:00
[2021-11-17 01:13:44,542] {logging_mixin.py:109} INFO - [2021-11-17 01:13:44,542] {dag.py:2928} INFO - Setting next_dagrun for example_subdag_operator.section-1 to None
[2021-11-17 01:13:44,542] {logging_mixin.py:109} INFO - [2021-11-17 01:13:44,542] {dag.py:2928} INFO - Setting next_dagrun for example_subdag_operator.section-2 to None
[2021-11-17 01:13:44,544] {logging_mixin.py:109} INFO - [2021-11-17 01:13:44,544] {dag.py:2396} INFO - Sync 2 DAGs
[2021-11-17 01:13:44,547] {logging_mixin.py:109} INFO - [2021-11-17 01:13:44,547] {dag.py:2928} INFO - Setting next_dagrun for example_subdag_operator.section-1 to None
[2021-11-17 01:13:44,547] {logging_mixin.py:109} INFO - [2021-11-17 01:13:44,547] {dag.py:2928} INFO - Setting next_dagrun for example_subdag_operator.section-2 to None
[2021-11-17 01:13:44,550] {processor.py:171} INFO - Processing /Users/sravanisigadam/PycharmProjects/Airflow/venv/lib/python3.9/site-packages/airflow/example_dags/example_subdag_operator.py took 0.053 seconds
[2021-11-17 01:14:58,286] {processor.py:163} INFO - Started process (PID=45121) to work on /Users/sravanisigadam/PycharmProjects/Airflow/venv/lib/python3.9/site-packages/airflow/example_dags/example_subdag_operator.py
[2021-11-17 01:14:58,287] {processor.py:625} INFO - Processing file /Users/sravanisigadam/PycharmProjects/Airflow/venv/lib/python3.9/site-packages/airflow/example_dags/example_subdag_operator.py for tasks to queue
[2021-11-17 01:14:58,287] {logging_mixin.py:109} INFO - [2021-11-17 01:14:58,287] {dagbag.py:500} INFO - Filling up the DagBag from /Users/sravanisigadam/PycharmProjects/Airflow/venv/lib/python3.9/site-packages/airflow/example_dags/example_subdag_operator.py
[2021-11-17 01:14:58,314] {processor.py:637} INFO - DAG(s) dict_keys(['example_subdag_operator.section-1', 'example_subdag_operator.section-2', 'example_subdag_operator']) retrieved from /Users/sravanisigadam/PycharmProjects/Airflow/venv/lib/python3.9/site-packages/airflow/example_dags/example_subdag_operator.py
[2021-11-17 01:14:58,325] {logging_mixin.py:109} INFO - [2021-11-17 01:14:58,325] {dag.py:2396} INFO - Sync 3 DAGs
[2021-11-17 01:14:58,330] {logging_mixin.py:109} INFO - [2021-11-17 01:14:58,330] {dag.py:2928} INFO - Setting next_dagrun for example_subdag_operator to 2021-11-15T00:00:00+00:00
[2021-11-17 01:14:58,330] {logging_mixin.py:109} INFO - [2021-11-17 01:14:58,330] {dag.py:2928} INFO - Setting next_dagrun for example_subdag_operator.section-1 to None
[2021-11-17 01:14:58,330] {logging_mixin.py:109} INFO - [2021-11-17 01:14:58,330] {dag.py:2928} INFO - Setting next_dagrun for example_subdag_operator.section-2 to None
[2021-11-17 01:14:58,333] {logging_mixin.py:109} INFO - [2021-11-17 01:14:58,332] {dag.py:2396} INFO - Sync 2 DAGs
[2021-11-17 01:14:58,335] {logging_mixin.py:109} INFO - [2021-11-17 01:14:58,335] {dag.py:2928} INFO - Setting next_dagrun for example_subdag_operator.section-1 to None
[2021-11-17 01:14:58,335] {logging_mixin.py:109} INFO - [2021-11-17 01:14:58,335] {dag.py:2928} INFO - Setting next_dagrun for example_subdag_operator.section-2 to None
[2021-11-17 01:14:58,339] {processor.py:171} INFO - Processing /Users/sravanisigadam/PycharmProjects/Airflow/venv/lib/python3.9/site-packages/airflow/example_dags/example_subdag_operator.py took 0.053 seconds
[2021-11-17 01:20:24,266] {processor.py:163} INFO - Started process (PID=45199) to work on /Users/sravanisigadam/PycharmProjects/Airflow/venv/lib/python3.9/site-packages/airflow/example_dags/example_subdag_operator.py
[2021-11-17 01:20:24,267] {processor.py:625} INFO - Processing file /Users/sravanisigadam/PycharmProjects/Airflow/venv/lib/python3.9/site-packages/airflow/example_dags/example_subdag_operator.py for tasks to queue
[2021-11-17 01:20:24,267] {logging_mixin.py:109} INFO - [2021-11-17 01:20:24,267] {dagbag.py:500} INFO - Filling up the DagBag from /Users/sravanisigadam/PycharmProjects/Airflow/venv/lib/python3.9/site-packages/airflow/example_dags/example_subdag_operator.py
[2021-11-17 01:20:24,295] {processor.py:637} INFO - DAG(s) dict_keys(['example_subdag_operator.section-1', 'example_subdag_operator.section-2', 'example_subdag_operator']) retrieved from /Users/sravanisigadam/PycharmProjects/Airflow/venv/lib/python3.9/site-packages/airflow/example_dags/example_subdag_operator.py
[2021-11-17 01:20:24,305] {logging_mixin.py:109} INFO - [2021-11-17 01:20:24,305] {dag.py:2396} INFO - Sync 3 DAGs
[2021-11-17 01:20:24,310] {logging_mixin.py:109} INFO - [2021-11-17 01:20:24,310] {dag.py:2928} INFO - Setting next_dagrun for example_subdag_operator to 2021-11-15T00:00:00+00:00
[2021-11-17 01:20:24,310] {logging_mixin.py:109} INFO - [2021-11-17 01:20:24,310] {dag.py:2928} INFO - Setting next_dagrun for example_subdag_operator.section-1 to None
[2021-11-17 01:20:24,310] {logging_mixin.py:109} INFO - [2021-11-17 01:20:24,310] {dag.py:2928} INFO - Setting next_dagrun for example_subdag_operator.section-2 to None
[2021-11-17 01:20:24,312] {logging_mixin.py:109} INFO - [2021-11-17 01:20:24,312] {dag.py:2396} INFO - Sync 2 DAGs
[2021-11-17 01:20:24,315] {logging_mixin.py:109} INFO - [2021-11-17 01:20:24,315] {dag.py:2928} INFO - Setting next_dagrun for example_subdag_operator.section-1 to None
[2021-11-17 01:20:24,315] {logging_mixin.py:109} INFO - [2021-11-17 01:20:24,315] {dag.py:2928} INFO - Setting next_dagrun for example_subdag_operator.section-2 to None
[2021-11-17 01:20:24,318] {processor.py:171} INFO - Processing /Users/sravanisigadam/PycharmProjects/Airflow/venv/lib/python3.9/site-packages/airflow/example_dags/example_subdag_operator.py took 0.052 seconds
[2021-11-17 07:52:58,038] {processor.py:163} INFO - Started process (PID=45387) to work on /Users/sravanisigadam/PycharmProjects/Airflow/venv/lib/python3.9/site-packages/airflow/example_dags/example_subdag_operator.py
[2021-11-17 07:52:58,038] {processor.py:625} INFO - Processing file /Users/sravanisigadam/PycharmProjects/Airflow/venv/lib/python3.9/site-packages/airflow/example_dags/example_subdag_operator.py for tasks to queue
[2021-11-17 07:52:58,039] {logging_mixin.py:109} INFO - [2021-11-17 07:52:58,039] {dagbag.py:500} INFO - Filling up the DagBag from /Users/sravanisigadam/PycharmProjects/Airflow/venv/lib/python3.9/site-packages/airflow/example_dags/example_subdag_operator.py
[2021-11-17 07:52:58,071] {processor.py:637} INFO - DAG(s) dict_keys(['example_subdag_operator.section-1', 'example_subdag_operator.section-2', 'example_subdag_operator']) retrieved from /Users/sravanisigadam/PycharmProjects/Airflow/venv/lib/python3.9/site-packages/airflow/example_dags/example_subdag_operator.py
[2021-11-17 07:52:58,084] {logging_mixin.py:109} INFO - [2021-11-17 07:52:58,083] {dag.py:2396} INFO - Sync 3 DAGs
[2021-11-17 07:52:58,092] {logging_mixin.py:109} INFO - [2021-11-17 07:52:58,092] {dag.py:2928} INFO - Setting next_dagrun for example_subdag_operator to 2021-11-15T00:00:00+00:00
[2021-11-17 07:52:58,092] {logging_mixin.py:109} INFO - [2021-11-17 07:52:58,092] {dag.py:2928} INFO - Setting next_dagrun for example_subdag_operator.section-1 to None
[2021-11-17 07:52:58,092] {logging_mixin.py:109} INFO - [2021-11-17 07:52:58,092] {dag.py:2928} INFO - Setting next_dagrun for example_subdag_operator.section-2 to None
[2021-11-17 07:52:58,095] {logging_mixin.py:109} INFO - [2021-11-17 07:52:58,095] {dag.py:2396} INFO - Sync 2 DAGs
[2021-11-17 07:52:58,098] {logging_mixin.py:109} INFO - [2021-11-17 07:52:58,098] {dag.py:2928} INFO - Setting next_dagrun for example_subdag_operator.section-1 to None
[2021-11-17 07:52:58,099] {logging_mixin.py:109} INFO - [2021-11-17 07:52:58,099] {dag.py:2928} INFO - Setting next_dagrun for example_subdag_operator.section-2 to None
[2021-11-17 07:52:58,103] {processor.py:171} INFO - Processing /Users/sravanisigadam/PycharmProjects/Airflow/venv/lib/python3.9/site-packages/airflow/example_dags/example_subdag_operator.py took 0.066 seconds
[2021-11-17 13:25:41,039] {processor.py:163} INFO - Started process (PID=45483) to work on /Users/sravanisigadam/PycharmProjects/Airflow/venv/lib/python3.9/site-packages/airflow/example_dags/example_subdag_operator.py
[2021-11-17 13:25:41,040] {processor.py:625} INFO - Processing file /Users/sravanisigadam/PycharmProjects/Airflow/venv/lib/python3.9/site-packages/airflow/example_dags/example_subdag_operator.py for tasks to queue
[2021-11-17 13:25:41,040] {logging_mixin.py:109} INFO - [2021-11-17 13:25:41,040] {dagbag.py:500} INFO - Filling up the DagBag from /Users/sravanisigadam/PycharmProjects/Airflow/venv/lib/python3.9/site-packages/airflow/example_dags/example_subdag_operator.py
[2021-11-17 13:25:41,068] {processor.py:637} INFO - DAG(s) dict_keys(['example_subdag_operator.section-1', 'example_subdag_operator.section-2', 'example_subdag_operator']) retrieved from /Users/sravanisigadam/PycharmProjects/Airflow/venv/lib/python3.9/site-packages/airflow/example_dags/example_subdag_operator.py
[2021-11-17 13:25:41,079] {logging_mixin.py:109} INFO - [2021-11-17 13:25:41,079] {dag.py:2396} INFO - Sync 3 DAGs
[2021-11-17 13:25:41,084] {logging_mixin.py:109} INFO - [2021-11-17 13:25:41,084] {dag.py:2928} INFO - Setting next_dagrun for example_subdag_operator to 2021-11-15T00:00:00+00:00
[2021-11-17 13:25:41,084] {logging_mixin.py:109} INFO - [2021-11-17 13:25:41,084] {dag.py:2928} INFO - Setting next_dagrun for example_subdag_operator.section-1 to None
[2021-11-17 13:25:41,084] {logging_mixin.py:109} INFO - [2021-11-17 13:25:41,084] {dag.py:2928} INFO - Setting next_dagrun for example_subdag_operator.section-2 to None
[2021-11-17 13:25:41,086] {logging_mixin.py:109} INFO - [2021-11-17 13:25:41,086] {dag.py:2396} INFO - Sync 2 DAGs
[2021-11-17 13:25:41,089] {logging_mixin.py:109} INFO - [2021-11-17 13:25:41,089] {dag.py:2928} INFO - Setting next_dagrun for example_subdag_operator.section-1 to None
[2021-11-17 13:25:41,089] {logging_mixin.py:109} INFO - [2021-11-17 13:25:41,089] {dag.py:2928} INFO - Setting next_dagrun for example_subdag_operator.section-2 to None
[2021-11-17 13:25:41,093] {processor.py:171} INFO - Processing /Users/sravanisigadam/PycharmProjects/Airflow/venv/lib/python3.9/site-packages/airflow/example_dags/example_subdag_operator.py took 0.054 seconds
