[2021-11-17 01:06:32,352] {processor.py:163} INFO - Started process (PID=44826) to work on /Users/sravanisigadam/PycharmProjects/Airflow/venv/lib/python3.9/site-packages/airflow/example_dags/example_short_circuit_operator.py
[2021-11-17 01:06:32,352] {processor.py:625} INFO - Processing file /Users/sravanisigadam/PycharmProjects/Airflow/venv/lib/python3.9/site-packages/airflow/example_dags/example_short_circuit_operator.py for tasks to queue
[2021-11-17 01:06:32,353] {logging_mixin.py:109} INFO - [2021-11-17 01:06:32,353] {dagbag.py:500} INFO - Filling up the DagBag from /Users/sravanisigadam/PycharmProjects/Airflow/venv/lib/python3.9/site-packages/airflow/example_dags/example_short_circuit_operator.py
[2021-11-17 01:06:32,386] {processor.py:637} INFO - DAG(s) dict_keys(['example_short_circuit_operator']) retrieved from /Users/sravanisigadam/PycharmProjects/Airflow/venv/lib/python3.9/site-packages/airflow/example_dags/example_short_circuit_operator.py
[2021-11-17 01:06:32,396] {logging_mixin.py:109} INFO - [2021-11-17 01:06:32,396] {dag.py:2396} INFO - Sync 1 DAGs
[2021-11-17 01:06:32,402] {logging_mixin.py:109} INFO - [2021-11-17 01:06:32,402] {dag.py:2928} INFO - Setting next_dagrun for example_short_circuit_operator to 2021-11-16T09:06:32.402303+00:00
[2021-11-17 01:06:32,407] {processor.py:171} INFO - Processing /Users/sravanisigadam/PycharmProjects/Airflow/venv/lib/python3.9/site-packages/airflow/example_dags/example_short_circuit_operator.py took 0.055 seconds
[2021-11-17 01:07:40,442] {processor.py:163} INFO - Started process (PID=44865) to work on /Users/sravanisigadam/PycharmProjects/Airflow/venv/lib/python3.9/site-packages/airflow/example_dags/example_short_circuit_operator.py
[2021-11-17 01:07:40,443] {processor.py:625} INFO - Processing file /Users/sravanisigadam/PycharmProjects/Airflow/venv/lib/python3.9/site-packages/airflow/example_dags/example_short_circuit_operator.py for tasks to queue
[2021-11-17 01:07:40,443] {logging_mixin.py:109} INFO - [2021-11-17 01:07:40,443] {dagbag.py:500} INFO - Filling up the DagBag from /Users/sravanisigadam/PycharmProjects/Airflow/venv/lib/python3.9/site-packages/airflow/example_dags/example_short_circuit_operator.py
[2021-11-17 01:07:40,476] {processor.py:637} INFO - DAG(s) dict_keys(['example_short_circuit_operator']) retrieved from /Users/sravanisigadam/PycharmProjects/Airflow/venv/lib/python3.9/site-packages/airflow/example_dags/example_short_circuit_operator.py
[2021-11-17 01:07:40,487] {logging_mixin.py:109} INFO - [2021-11-17 01:07:40,487] {dag.py:2396} INFO - Sync 1 DAGs
[2021-11-17 01:07:40,493] {logging_mixin.py:109} INFO - [2021-11-17 01:07:40,493] {dag.py:2928} INFO - Setting next_dagrun for example_short_circuit_operator to 2021-11-16T09:07:40.492940+00:00
[2021-11-17 01:07:40,499] {processor.py:171} INFO - Processing /Users/sravanisigadam/PycharmProjects/Airflow/venv/lib/python3.9/site-packages/airflow/example_dags/example_short_circuit_operator.py took 0.057 seconds
[2021-11-17 01:08:54,204] {processor.py:163} INFO - Started process (PID=44908) to work on /Users/sravanisigadam/PycharmProjects/Airflow/venv/lib/python3.9/site-packages/airflow/example_dags/example_short_circuit_operator.py
[2021-11-17 01:08:54,205] {processor.py:625} INFO - Processing file /Users/sravanisigadam/PycharmProjects/Airflow/venv/lib/python3.9/site-packages/airflow/example_dags/example_short_circuit_operator.py for tasks to queue
[2021-11-17 01:08:54,205] {logging_mixin.py:109} INFO - [2021-11-17 01:08:54,205] {dagbag.py:500} INFO - Filling up the DagBag from /Users/sravanisigadam/PycharmProjects/Airflow/venv/lib/python3.9/site-packages/airflow/example_dags/example_short_circuit_operator.py
[2021-11-17 01:08:54,236] {processor.py:637} INFO - DAG(s) dict_keys(['example_short_circuit_operator']) retrieved from /Users/sravanisigadam/PycharmProjects/Airflow/venv/lib/python3.9/site-packages/airflow/example_dags/example_short_circuit_operator.py
[2021-11-17 01:08:54,246] {logging_mixin.py:109} INFO - [2021-11-17 01:08:54,246] {dag.py:2396} INFO - Sync 1 DAGs
[2021-11-17 01:08:54,252] {logging_mixin.py:109} INFO - [2021-11-17 01:08:54,252] {dag.py:2928} INFO - Setting next_dagrun for example_short_circuit_operator to 2021-11-16T09:08:54.252375+00:00
[2021-11-17 01:08:54,257] {processor.py:171} INFO - Processing /Users/sravanisigadam/PycharmProjects/Airflow/venv/lib/python3.9/site-packages/airflow/example_dags/example_short_circuit_operator.py took 0.053 seconds
[2021-11-17 01:10:07,768] {processor.py:163} INFO - Started process (PID=44973) to work on /Users/sravanisigadam/PycharmProjects/Airflow/venv/lib/python3.9/site-packages/airflow/example_dags/example_short_circuit_operator.py
[2021-11-17 01:10:07,769] {processor.py:625} INFO - Processing file /Users/sravanisigadam/PycharmProjects/Airflow/venv/lib/python3.9/site-packages/airflow/example_dags/example_short_circuit_operator.py for tasks to queue
[2021-11-17 01:10:07,769] {logging_mixin.py:109} INFO - [2021-11-17 01:10:07,769] {dagbag.py:500} INFO - Filling up the DagBag from /Users/sravanisigadam/PycharmProjects/Airflow/venv/lib/python3.9/site-packages/airflow/example_dags/example_short_circuit_operator.py
[2021-11-17 01:10:07,800] {processor.py:637} INFO - DAG(s) dict_keys(['example_short_circuit_operator']) retrieved from /Users/sravanisigadam/PycharmProjects/Airflow/venv/lib/python3.9/site-packages/airflow/example_dags/example_short_circuit_operator.py
[2021-11-17 01:10:07,810] {logging_mixin.py:109} INFO - [2021-11-17 01:10:07,810] {dag.py:2396} INFO - Sync 1 DAGs
[2021-11-17 01:10:07,816] {logging_mixin.py:109} INFO - [2021-11-17 01:10:07,816] {dag.py:2928} INFO - Setting next_dagrun for example_short_circuit_operator to 2021-11-16T09:10:07.816437+00:00
[2021-11-17 01:10:07,821] {processor.py:171} INFO - Processing /Users/sravanisigadam/PycharmProjects/Airflow/venv/lib/python3.9/site-packages/airflow/example_dags/example_short_circuit_operator.py took 0.054 seconds
[2021-11-17 01:11:21,148] {processor.py:163} INFO - Started process (PID=45013) to work on /Users/sravanisigadam/PycharmProjects/Airflow/venv/lib/python3.9/site-packages/airflow/example_dags/example_short_circuit_operator.py
[2021-11-17 01:11:21,149] {processor.py:625} INFO - Processing file /Users/sravanisigadam/PycharmProjects/Airflow/venv/lib/python3.9/site-packages/airflow/example_dags/example_short_circuit_operator.py for tasks to queue
[2021-11-17 01:11:21,149] {logging_mixin.py:109} INFO - [2021-11-17 01:11:21,149] {dagbag.py:500} INFO - Filling up the DagBag from /Users/sravanisigadam/PycharmProjects/Airflow/venv/lib/python3.9/site-packages/airflow/example_dags/example_short_circuit_operator.py
[2021-11-17 01:11:21,182] {processor.py:637} INFO - DAG(s) dict_keys(['example_short_circuit_operator']) retrieved from /Users/sravanisigadam/PycharmProjects/Airflow/venv/lib/python3.9/site-packages/airflow/example_dags/example_short_circuit_operator.py
[2021-11-17 01:11:21,193] {logging_mixin.py:109} INFO - [2021-11-17 01:11:21,193] {dag.py:2396} INFO - Sync 1 DAGs
[2021-11-17 01:11:21,199] {logging_mixin.py:109} INFO - [2021-11-17 01:11:21,199] {dag.py:2928} INFO - Setting next_dagrun for example_short_circuit_operator to 2021-11-16T09:11:21.199145+00:00
[2021-11-17 01:11:21,204] {processor.py:171} INFO - Processing /Users/sravanisigadam/PycharmProjects/Airflow/venv/lib/python3.9/site-packages/airflow/example_dags/example_short_circuit_operator.py took 0.056 seconds
[2021-11-17 01:12:35,379] {processor.py:163} INFO - Started process (PID=45051) to work on /Users/sravanisigadam/PycharmProjects/Airflow/venv/lib/python3.9/site-packages/airflow/example_dags/example_short_circuit_operator.py
[2021-11-17 01:12:35,379] {processor.py:625} INFO - Processing file /Users/sravanisigadam/PycharmProjects/Airflow/venv/lib/python3.9/site-packages/airflow/example_dags/example_short_circuit_operator.py for tasks to queue
[2021-11-17 01:12:35,379] {logging_mixin.py:109} INFO - [2021-11-17 01:12:35,379] {dagbag.py:500} INFO - Filling up the DagBag from /Users/sravanisigadam/PycharmProjects/Airflow/venv/lib/python3.9/site-packages/airflow/example_dags/example_short_circuit_operator.py
[2021-11-17 01:12:35,411] {processor.py:637} INFO - DAG(s) dict_keys(['example_short_circuit_operator']) retrieved from /Users/sravanisigadam/PycharmProjects/Airflow/venv/lib/python3.9/site-packages/airflow/example_dags/example_short_circuit_operator.py
[2021-11-17 01:12:35,422] {logging_mixin.py:109} INFO - [2021-11-17 01:12:35,421] {dag.py:2396} INFO - Sync 1 DAGs
[2021-11-17 01:12:35,427] {logging_mixin.py:109} INFO - [2021-11-17 01:12:35,427] {dag.py:2928} INFO - Setting next_dagrun for example_short_circuit_operator to 2021-11-16T09:12:35.427458+00:00
[2021-11-17 01:12:35,432] {processor.py:171} INFO - Processing /Users/sravanisigadam/PycharmProjects/Airflow/venv/lib/python3.9/site-packages/airflow/example_dags/example_short_circuit_operator.py took 0.054 seconds
[2021-11-17 01:13:48,921] {processor.py:163} INFO - Started process (PID=45087) to work on /Users/sravanisigadam/PycharmProjects/Airflow/venv/lib/python3.9/site-packages/airflow/example_dags/example_short_circuit_operator.py
[2021-11-17 01:13:48,921] {processor.py:625} INFO - Processing file /Users/sravanisigadam/PycharmProjects/Airflow/venv/lib/python3.9/site-packages/airflow/example_dags/example_short_circuit_operator.py for tasks to queue
[2021-11-17 01:13:48,921] {logging_mixin.py:109} INFO - [2021-11-17 01:13:48,921] {dagbag.py:500} INFO - Filling up the DagBag from /Users/sravanisigadam/PycharmProjects/Airflow/venv/lib/python3.9/site-packages/airflow/example_dags/example_short_circuit_operator.py
[2021-11-17 01:13:48,953] {processor.py:637} INFO - DAG(s) dict_keys(['example_short_circuit_operator']) retrieved from /Users/sravanisigadam/PycharmProjects/Airflow/venv/lib/python3.9/site-packages/airflow/example_dags/example_short_circuit_operator.py
[2021-11-17 01:13:48,964] {logging_mixin.py:109} INFO - [2021-11-17 01:13:48,964] {dag.py:2396} INFO - Sync 1 DAGs
[2021-11-17 01:13:48,969] {logging_mixin.py:109} INFO - [2021-11-17 01:13:48,969] {dag.py:2928} INFO - Setting next_dagrun for example_short_circuit_operator to 2021-11-16T09:13:48.969632+00:00
[2021-11-17 01:13:48,974] {processor.py:171} INFO - Processing /Users/sravanisigadam/PycharmProjects/Airflow/venv/lib/python3.9/site-packages/airflow/example_dags/example_short_circuit_operator.py took 0.054 seconds
[2021-11-17 01:15:02,698] {processor.py:163} INFO - Started process (PID=45123) to work on /Users/sravanisigadam/PycharmProjects/Airflow/venv/lib/python3.9/site-packages/airflow/example_dags/example_short_circuit_operator.py
[2021-11-17 01:15:02,698] {processor.py:625} INFO - Processing file /Users/sravanisigadam/PycharmProjects/Airflow/venv/lib/python3.9/site-packages/airflow/example_dags/example_short_circuit_operator.py for tasks to queue
[2021-11-17 01:15:02,698] {logging_mixin.py:109} INFO - [2021-11-17 01:15:02,698] {dagbag.py:500} INFO - Filling up the DagBag from /Users/sravanisigadam/PycharmProjects/Airflow/venv/lib/python3.9/site-packages/airflow/example_dags/example_short_circuit_operator.py
[2021-11-17 01:15:02,733] {processor.py:637} INFO - DAG(s) dict_keys(['example_short_circuit_operator']) retrieved from /Users/sravanisigadam/PycharmProjects/Airflow/venv/lib/python3.9/site-packages/airflow/example_dags/example_short_circuit_operator.py
[2021-11-17 01:15:02,743] {logging_mixin.py:109} INFO - [2021-11-17 01:15:02,743] {dag.py:2396} INFO - Sync 1 DAGs
[2021-11-17 01:15:02,749] {logging_mixin.py:109} INFO - [2021-11-17 01:15:02,749] {dag.py:2928} INFO - Setting next_dagrun for example_short_circuit_operator to 2021-11-16T09:15:02.749221+00:00
[2021-11-17 01:15:02,754] {processor.py:171} INFO - Processing /Users/sravanisigadam/PycharmProjects/Airflow/venv/lib/python3.9/site-packages/airflow/example_dags/example_short_circuit_operator.py took 0.056 seconds
[2021-11-17 01:20:28,266] {processor.py:163} INFO - Started process (PID=45201) to work on /Users/sravanisigadam/PycharmProjects/Airflow/venv/lib/python3.9/site-packages/airflow/example_dags/example_short_circuit_operator.py
[2021-11-17 01:20:28,268] {processor.py:625} INFO - Processing file /Users/sravanisigadam/PycharmProjects/Airflow/venv/lib/python3.9/site-packages/airflow/example_dags/example_short_circuit_operator.py for tasks to queue
[2021-11-17 01:20:28,268] {logging_mixin.py:109} INFO - [2021-11-17 01:20:28,268] {dagbag.py:500} INFO - Filling up the DagBag from /Users/sravanisigadam/PycharmProjects/Airflow/venv/lib/python3.9/site-packages/airflow/example_dags/example_short_circuit_operator.py
[2021-11-17 01:20:28,301] {processor.py:637} INFO - DAG(s) dict_keys(['example_short_circuit_operator']) retrieved from /Users/sravanisigadam/PycharmProjects/Airflow/venv/lib/python3.9/site-packages/airflow/example_dags/example_short_circuit_operator.py
[2021-11-17 01:20:28,313] {logging_mixin.py:109} INFO - [2021-11-17 01:20:28,313] {dag.py:2396} INFO - Sync 1 DAGs
[2021-11-17 01:20:28,320] {logging_mixin.py:109} INFO - [2021-11-17 01:20:28,320] {dag.py:2928} INFO - Setting next_dagrun for example_short_circuit_operator to 2021-11-16T09:20:28.319941+00:00
[2021-11-17 01:20:28,325] {processor.py:171} INFO - Processing /Users/sravanisigadam/PycharmProjects/Airflow/venv/lib/python3.9/site-packages/airflow/example_dags/example_short_circuit_operator.py took 0.058 seconds
[2021-11-17 08:35:25,852] {processor.py:163} INFO - Started process (PID=45392) to work on /Users/sravanisigadam/PycharmProjects/Airflow/venv/lib/python3.9/site-packages/airflow/example_dags/example_short_circuit_operator.py
[2021-11-17 08:35:25,853] {processor.py:625} INFO - Processing file /Users/sravanisigadam/PycharmProjects/Airflow/venv/lib/python3.9/site-packages/airflow/example_dags/example_short_circuit_operator.py for tasks to queue
[2021-11-17 08:35:25,853] {logging_mixin.py:109} INFO - [2021-11-17 08:35:25,853] {dagbag.py:500} INFO - Filling up the DagBag from /Users/sravanisigadam/PycharmProjects/Airflow/venv/lib/python3.9/site-packages/airflow/example_dags/example_short_circuit_operator.py
[2021-11-17 08:35:25,884] {processor.py:637} INFO - DAG(s) dict_keys(['example_short_circuit_operator']) retrieved from /Users/sravanisigadam/PycharmProjects/Airflow/venv/lib/python3.9/site-packages/airflow/example_dags/example_short_circuit_operator.py
[2021-11-17 08:35:25,895] {logging_mixin.py:109} INFO - [2021-11-17 08:35:25,895] {dag.py:2396} INFO - Sync 1 DAGs
[2021-11-17 08:35:25,901] {logging_mixin.py:109} INFO - [2021-11-17 08:35:25,901] {dag.py:2928} INFO - Setting next_dagrun for example_short_circuit_operator to 2021-11-16T16:35:25.900930+00:00
[2021-11-17 08:35:25,906] {processor.py:171} INFO - Processing /Users/sravanisigadam/PycharmProjects/Airflow/venv/lib/python3.9/site-packages/airflow/example_dags/example_short_circuit_operator.py took 0.054 seconds
[2021-11-17 13:30:54,310] {processor.py:163} INFO - Started process (PID=45490) to work on /Users/sravanisigadam/PycharmProjects/Airflow/venv/lib/python3.9/site-packages/airflow/example_dags/example_short_circuit_operator.py
[2021-11-17 13:30:54,311] {processor.py:625} INFO - Processing file /Users/sravanisigadam/PycharmProjects/Airflow/venv/lib/python3.9/site-packages/airflow/example_dags/example_short_circuit_operator.py for tasks to queue
[2021-11-17 13:30:54,311] {logging_mixin.py:109} INFO - [2021-11-17 13:30:54,311] {dagbag.py:500} INFO - Filling up the DagBag from /Users/sravanisigadam/PycharmProjects/Airflow/venv/lib/python3.9/site-packages/airflow/example_dags/example_short_circuit_operator.py
[2021-11-17 13:30:54,345] {processor.py:637} INFO - DAG(s) dict_keys(['example_short_circuit_operator']) retrieved from /Users/sravanisigadam/PycharmProjects/Airflow/venv/lib/python3.9/site-packages/airflow/example_dags/example_short_circuit_operator.py
[2021-11-17 13:30:54,356] {logging_mixin.py:109} INFO - [2021-11-17 13:30:54,356] {dag.py:2396} INFO - Sync 1 DAGs
[2021-11-17 13:30:54,361] {logging_mixin.py:109} INFO - [2021-11-17 13:30:54,361] {dag.py:2928} INFO - Setting next_dagrun for example_short_circuit_operator to 2021-11-16T21:30:54.361637+00:00
[2021-11-17 13:30:54,366] {processor.py:171} INFO - Processing /Users/sravanisigadam/PycharmProjects/Airflow/venv/lib/python3.9/site-packages/airflow/example_dags/example_short_circuit_operator.py took 0.056 seconds
