[2021-11-17 01:06:13,840] {processor.py:163} INFO - Started process (PID=44812) to work on /Users/sravanisigadam/PycharmProjects/Airflow/venv/lib/python3.9/site-packages/airflow/example_dags/example_xcomargs.py
[2021-11-17 01:06:13,840] {processor.py:625} INFO - Processing file /Users/sravanisigadam/PycharmProjects/Airflow/venv/lib/python3.9/site-packages/airflow/example_dags/example_xcomargs.py for tasks to queue
[2021-11-17 01:06:13,840] {logging_mixin.py:109} INFO - [2021-11-17 01:06:13,840] {dagbag.py:500} INFO - Filling up the DagBag from /Users/sravanisigadam/PycharmProjects/Airflow/venv/lib/python3.9/site-packages/airflow/example_dags/example_xcomargs.py
[2021-11-17 01:06:13,877] {processor.py:637} INFO - DAG(s) dict_keys(['example_xcom_args', 'example_xcom_args_with_operators']) retrieved from /Users/sravanisigadam/PycharmProjects/Airflow/venv/lib/python3.9/site-packages/airflow/example_dags/example_xcomargs.py
[2021-11-17 01:06:14,024] {logging_mixin.py:109} INFO - [2021-11-17 01:06:14,024] {dag.py:2396} INFO - Sync 2 DAGs
[2021-11-17 01:06:14,030] {logging_mixin.py:109} INFO - [2021-11-17 01:06:14,030] {dag.py:2928} INFO - Setting next_dagrun for example_xcom_args to None
[2021-11-17 01:06:14,030] {logging_mixin.py:109} INFO - [2021-11-17 01:06:14,030] {dag.py:2928} INFO - Setting next_dagrun for example_xcom_args_with_operators to None
[2021-11-17 01:06:14,037] {processor.py:171} INFO - Processing /Users/sravanisigadam/PycharmProjects/Airflow/venv/lib/python3.9/site-packages/airflow/example_dags/example_xcomargs.py took 0.197 seconds
[2021-11-17 01:07:20,922] {processor.py:163} INFO - Started process (PID=44854) to work on /Users/sravanisigadam/PycharmProjects/Airflow/venv/lib/python3.9/site-packages/airflow/example_dags/example_xcomargs.py
[2021-11-17 01:07:20,923] {processor.py:625} INFO - Processing file /Users/sravanisigadam/PycharmProjects/Airflow/venv/lib/python3.9/site-packages/airflow/example_dags/example_xcomargs.py for tasks to queue
[2021-11-17 01:07:20,923] {logging_mixin.py:109} INFO - [2021-11-17 01:07:20,923] {dagbag.py:500} INFO - Filling up the DagBag from /Users/sravanisigadam/PycharmProjects/Airflow/venv/lib/python3.9/site-packages/airflow/example_dags/example_xcomargs.py
[2021-11-17 01:07:20,958] {processor.py:637} INFO - DAG(s) dict_keys(['example_xcom_args', 'example_xcom_args_with_operators']) retrieved from /Users/sravanisigadam/PycharmProjects/Airflow/venv/lib/python3.9/site-packages/airflow/example_dags/example_xcomargs.py
[2021-11-17 01:07:21,106] {logging_mixin.py:109} INFO - [2021-11-17 01:07:21,106] {dag.py:2396} INFO - Sync 2 DAGs
[2021-11-17 01:07:21,112] {logging_mixin.py:109} INFO - [2021-11-17 01:07:21,112] {dag.py:2928} INFO - Setting next_dagrun for example_xcom_args to None
[2021-11-17 01:07:21,112] {logging_mixin.py:109} INFO - [2021-11-17 01:07:21,112] {dag.py:2928} INFO - Setting next_dagrun for example_xcom_args_with_operators to None
[2021-11-17 01:07:21,118] {processor.py:171} INFO - Processing /Users/sravanisigadam/PycharmProjects/Airflow/venv/lib/python3.9/site-packages/airflow/example_dags/example_xcomargs.py took 0.197 seconds
[2021-11-17 01:08:35,846] {processor.py:163} INFO - Started process (PID=44897) to work on /Users/sravanisigadam/PycharmProjects/Airflow/venv/lib/python3.9/site-packages/airflow/example_dags/example_xcomargs.py
[2021-11-17 01:08:35,847] {processor.py:625} INFO - Processing file /Users/sravanisigadam/PycharmProjects/Airflow/venv/lib/python3.9/site-packages/airflow/example_dags/example_xcomargs.py for tasks to queue
[2021-11-17 01:08:35,848] {logging_mixin.py:109} INFO - [2021-11-17 01:08:35,848] {dagbag.py:500} INFO - Filling up the DagBag from /Users/sravanisigadam/PycharmProjects/Airflow/venv/lib/python3.9/site-packages/airflow/example_dags/example_xcomargs.py
[2021-11-17 01:08:35,887] {processor.py:637} INFO - DAG(s) dict_keys(['example_xcom_args', 'example_xcom_args_with_operators']) retrieved from /Users/sravanisigadam/PycharmProjects/Airflow/venv/lib/python3.9/site-packages/airflow/example_dags/example_xcomargs.py
[2021-11-17 01:08:36,039] {logging_mixin.py:109} INFO - [2021-11-17 01:08:36,039] {dag.py:2396} INFO - Sync 2 DAGs
[2021-11-17 01:08:36,045] {logging_mixin.py:109} INFO - [2021-11-17 01:08:36,045] {dag.py:2928} INFO - Setting next_dagrun for example_xcom_args to None
[2021-11-17 01:08:36,045] {logging_mixin.py:109} INFO - [2021-11-17 01:08:36,045] {dag.py:2928} INFO - Setting next_dagrun for example_xcom_args_with_operators to None
[2021-11-17 01:08:36,051] {processor.py:171} INFO - Processing /Users/sravanisigadam/PycharmProjects/Airflow/venv/lib/python3.9/site-packages/airflow/example_dags/example_xcomargs.py took 0.205 seconds
[2021-11-17 01:09:49,386] {processor.py:163} INFO - Started process (PID=44960) to work on /Users/sravanisigadam/PycharmProjects/Airflow/venv/lib/python3.9/site-packages/airflow/example_dags/example_xcomargs.py
[2021-11-17 01:09:49,387] {processor.py:625} INFO - Processing file /Users/sravanisigadam/PycharmProjects/Airflow/venv/lib/python3.9/site-packages/airflow/example_dags/example_xcomargs.py for tasks to queue
[2021-11-17 01:09:49,387] {logging_mixin.py:109} INFO - [2021-11-17 01:09:49,387] {dagbag.py:500} INFO - Filling up the DagBag from /Users/sravanisigadam/PycharmProjects/Airflow/venv/lib/python3.9/site-packages/airflow/example_dags/example_xcomargs.py
[2021-11-17 01:09:49,426] {processor.py:637} INFO - DAG(s) dict_keys(['example_xcom_args', 'example_xcom_args_with_operators']) retrieved from /Users/sravanisigadam/PycharmProjects/Airflow/venv/lib/python3.9/site-packages/airflow/example_dags/example_xcomargs.py
[2021-11-17 01:09:49,577] {logging_mixin.py:109} INFO - [2021-11-17 01:09:49,577] {dag.py:2396} INFO - Sync 2 DAGs
[2021-11-17 01:09:49,583] {logging_mixin.py:109} INFO - [2021-11-17 01:09:49,583] {dag.py:2928} INFO - Setting next_dagrun for example_xcom_args to None
[2021-11-17 01:09:49,583] {logging_mixin.py:109} INFO - [2021-11-17 01:09:49,583] {dag.py:2928} INFO - Setting next_dagrun for example_xcom_args_with_operators to None
[2021-11-17 01:09:49,590] {processor.py:171} INFO - Processing /Users/sravanisigadam/PycharmProjects/Airflow/venv/lib/python3.9/site-packages/airflow/example_dags/example_xcomargs.py took 0.204 seconds
[2021-11-17 01:11:02,631] {processor.py:163} INFO - Started process (PID=45004) to work on /Users/sravanisigadam/PycharmProjects/Airflow/venv/lib/python3.9/site-packages/airflow/example_dags/example_xcomargs.py
[2021-11-17 01:11:02,632] {processor.py:625} INFO - Processing file /Users/sravanisigadam/PycharmProjects/Airflow/venv/lib/python3.9/site-packages/airflow/example_dags/example_xcomargs.py for tasks to queue
[2021-11-17 01:11:02,632] {logging_mixin.py:109} INFO - [2021-11-17 01:11:02,632] {dagbag.py:500} INFO - Filling up the DagBag from /Users/sravanisigadam/PycharmProjects/Airflow/venv/lib/python3.9/site-packages/airflow/example_dags/example_xcomargs.py
[2021-11-17 01:11:02,670] {processor.py:637} INFO - DAG(s) dict_keys(['example_xcom_args', 'example_xcom_args_with_operators']) retrieved from /Users/sravanisigadam/PycharmProjects/Airflow/venv/lib/python3.9/site-packages/airflow/example_dags/example_xcomargs.py
[2021-11-17 01:11:02,820] {logging_mixin.py:109} INFO - [2021-11-17 01:11:02,819] {dag.py:2396} INFO - Sync 2 DAGs
[2021-11-17 01:11:02,825] {logging_mixin.py:109} INFO - [2021-11-17 01:11:02,825] {dag.py:2928} INFO - Setting next_dagrun for example_xcom_args to None
[2021-11-17 01:11:02,825] {logging_mixin.py:109} INFO - [2021-11-17 01:11:02,825] {dag.py:2928} INFO - Setting next_dagrun for example_xcom_args_with_operators to None
[2021-11-17 01:11:02,832] {processor.py:171} INFO - Processing /Users/sravanisigadam/PycharmProjects/Airflow/venv/lib/python3.9/site-packages/airflow/example_dags/example_xcomargs.py took 0.201 seconds
[2021-11-17 01:12:17,062] {processor.py:163} INFO - Started process (PID=45041) to work on /Users/sravanisigadam/PycharmProjects/Airflow/venv/lib/python3.9/site-packages/airflow/example_dags/example_xcomargs.py
[2021-11-17 01:12:17,062] {processor.py:625} INFO - Processing file /Users/sravanisigadam/PycharmProjects/Airflow/venv/lib/python3.9/site-packages/airflow/example_dags/example_xcomargs.py for tasks to queue
[2021-11-17 01:12:17,062] {logging_mixin.py:109} INFO - [2021-11-17 01:12:17,062] {dagbag.py:500} INFO - Filling up the DagBag from /Users/sravanisigadam/PycharmProjects/Airflow/venv/lib/python3.9/site-packages/airflow/example_dags/example_xcomargs.py
[2021-11-17 01:12:17,098] {processor.py:637} INFO - DAG(s) dict_keys(['example_xcom_args', 'example_xcom_args_with_operators']) retrieved from /Users/sravanisigadam/PycharmProjects/Airflow/venv/lib/python3.9/site-packages/airflow/example_dags/example_xcomargs.py
[2021-11-17 01:12:17,248] {logging_mixin.py:109} INFO - [2021-11-17 01:12:17,248] {dag.py:2396} INFO - Sync 2 DAGs
[2021-11-17 01:12:17,254] {logging_mixin.py:109} INFO - [2021-11-17 01:12:17,254] {dag.py:2928} INFO - Setting next_dagrun for example_xcom_args to None
[2021-11-17 01:12:17,254] {logging_mixin.py:109} INFO - [2021-11-17 01:12:17,254] {dag.py:2928} INFO - Setting next_dagrun for example_xcom_args_with_operators to None
[2021-11-17 01:12:17,261] {processor.py:171} INFO - Processing /Users/sravanisigadam/PycharmProjects/Airflow/venv/lib/python3.9/site-packages/airflow/example_dags/example_xcomargs.py took 0.200 seconds
[2021-11-17 01:13:29,566] {processor.py:163} INFO - Started process (PID=45078) to work on /Users/sravanisigadam/PycharmProjects/Airflow/venv/lib/python3.9/site-packages/airflow/example_dags/example_xcomargs.py
[2021-11-17 01:13:29,567] {processor.py:625} INFO - Processing file /Users/sravanisigadam/PycharmProjects/Airflow/venv/lib/python3.9/site-packages/airflow/example_dags/example_xcomargs.py for tasks to queue
[2021-11-17 01:13:29,567] {logging_mixin.py:109} INFO - [2021-11-17 01:13:29,567] {dagbag.py:500} INFO - Filling up the DagBag from /Users/sravanisigadam/PycharmProjects/Airflow/venv/lib/python3.9/site-packages/airflow/example_dags/example_xcomargs.py
[2021-11-17 01:13:29,603] {processor.py:637} INFO - DAG(s) dict_keys(['example_xcom_args', 'example_xcom_args_with_operators']) retrieved from /Users/sravanisigadam/PycharmProjects/Airflow/venv/lib/python3.9/site-packages/airflow/example_dags/example_xcomargs.py
[2021-11-17 01:13:29,753] {logging_mixin.py:109} INFO - [2021-11-17 01:13:29,752] {dag.py:2396} INFO - Sync 2 DAGs
[2021-11-17 01:13:29,758] {logging_mixin.py:109} INFO - [2021-11-17 01:13:29,758] {dag.py:2928} INFO - Setting next_dagrun for example_xcom_args to None
[2021-11-17 01:13:29,758] {logging_mixin.py:109} INFO - [2021-11-17 01:13:29,758] {dag.py:2928} INFO - Setting next_dagrun for example_xcom_args_with_operators to None
[2021-11-17 01:13:29,765] {processor.py:171} INFO - Processing /Users/sravanisigadam/PycharmProjects/Airflow/venv/lib/python3.9/site-packages/airflow/example_dags/example_xcomargs.py took 0.199 seconds
[2021-11-17 01:14:44,215] {processor.py:163} INFO - Started process (PID=45114) to work on /Users/sravanisigadam/PycharmProjects/Airflow/venv/lib/python3.9/site-packages/airflow/example_dags/example_xcomargs.py
[2021-11-17 01:14:44,215] {processor.py:625} INFO - Processing file /Users/sravanisigadam/PycharmProjects/Airflow/venv/lib/python3.9/site-packages/airflow/example_dags/example_xcomargs.py for tasks to queue
[2021-11-17 01:14:44,215] {logging_mixin.py:109} INFO - [2021-11-17 01:14:44,215] {dagbag.py:500} INFO - Filling up the DagBag from /Users/sravanisigadam/PycharmProjects/Airflow/venv/lib/python3.9/site-packages/airflow/example_dags/example_xcomargs.py
[2021-11-17 01:14:44,250] {processor.py:637} INFO - DAG(s) dict_keys(['example_xcom_args', 'example_xcom_args_with_operators']) retrieved from /Users/sravanisigadam/PycharmProjects/Airflow/venv/lib/python3.9/site-packages/airflow/example_dags/example_xcomargs.py
[2021-11-17 01:14:44,399] {logging_mixin.py:109} INFO - [2021-11-17 01:14:44,398] {dag.py:2396} INFO - Sync 2 DAGs
[2021-11-17 01:14:44,405] {logging_mixin.py:109} INFO - [2021-11-17 01:14:44,404] {dag.py:2928} INFO - Setting next_dagrun for example_xcom_args to None
[2021-11-17 01:14:44,405] {logging_mixin.py:109} INFO - [2021-11-17 01:14:44,405] {dag.py:2928} INFO - Setting next_dagrun for example_xcom_args_with_operators to None
[2021-11-17 01:14:44,411] {processor.py:171} INFO - Processing /Users/sravanisigadam/PycharmProjects/Airflow/venv/lib/python3.9/site-packages/airflow/example_dags/example_xcomargs.py took 0.196 seconds
[2021-11-17 01:20:09,437] {processor.py:163} INFO - Started process (PID=45176) to work on /Users/sravanisigadam/PycharmProjects/Airflow/venv/lib/python3.9/site-packages/airflow/example_dags/example_xcomargs.py
[2021-11-17 01:20:09,438] {processor.py:625} INFO - Processing file /Users/sravanisigadam/PycharmProjects/Airflow/venv/lib/python3.9/site-packages/airflow/example_dags/example_xcomargs.py for tasks to queue
[2021-11-17 01:20:09,438] {logging_mixin.py:109} INFO - [2021-11-17 01:20:09,438] {dagbag.py:500} INFO - Filling up the DagBag from /Users/sravanisigadam/PycharmProjects/Airflow/venv/lib/python3.9/site-packages/airflow/example_dags/example_xcomargs.py
[2021-11-17 01:20:09,472] {processor.py:637} INFO - DAG(s) dict_keys(['example_xcom_args', 'example_xcom_args_with_operators']) retrieved from /Users/sravanisigadam/PycharmProjects/Airflow/venv/lib/python3.9/site-packages/airflow/example_dags/example_xcomargs.py
[2021-11-17 01:20:09,614] {logging_mixin.py:109} INFO - [2021-11-17 01:20:09,614] {dag.py:2396} INFO - Sync 2 DAGs
[2021-11-17 01:20:09,620] {logging_mixin.py:109} INFO - [2021-11-17 01:20:09,619] {dag.py:2928} INFO - Setting next_dagrun for example_xcom_args to None
[2021-11-17 01:20:09,620] {logging_mixin.py:109} INFO - [2021-11-17 01:20:09,620] {dag.py:2928} INFO - Setting next_dagrun for example_xcom_args_with_operators to None
[2021-11-17 01:20:09,627] {processor.py:171} INFO - Processing /Users/sravanisigadam/PycharmProjects/Airflow/venv/lib/python3.9/site-packages/airflow/example_dags/example_xcomargs.py took 0.190 seconds
[2021-11-17 03:36:48,848] {processor.py:163} INFO - Started process (PID=45247) to work on /Users/sravanisigadam/PycharmProjects/Airflow/venv/lib/python3.9/site-packages/airflow/example_dags/example_xcomargs.py
[2021-11-17 03:36:48,848] {processor.py:625} INFO - Processing file /Users/sravanisigadam/PycharmProjects/Airflow/venv/lib/python3.9/site-packages/airflow/example_dags/example_xcomargs.py for tasks to queue
[2021-11-17 03:36:48,849] {logging_mixin.py:109} INFO - [2021-11-17 03:36:48,849] {dagbag.py:500} INFO - Filling up the DagBag from /Users/sravanisigadam/PycharmProjects/Airflow/venv/lib/python3.9/site-packages/airflow/example_dags/example_xcomargs.py
[2021-11-17 03:36:48,897] {processor.py:637} INFO - DAG(s) dict_keys(['example_xcom_args', 'example_xcom_args_with_operators']) retrieved from /Users/sravanisigadam/PycharmProjects/Airflow/venv/lib/python3.9/site-packages/airflow/example_dags/example_xcomargs.py
[2021-11-17 03:36:49,233] {logging_mixin.py:109} INFO - [2021-11-17 03:36:49,233] {dag.py:2396} INFO - Sync 2 DAGs
[2021-11-17 03:36:49,240] {logging_mixin.py:109} INFO - [2021-11-17 03:36:49,240] {dag.py:2928} INFO - Setting next_dagrun for example_xcom_args to None
[2021-11-17 03:36:49,240] {logging_mixin.py:109} INFO - [2021-11-17 03:36:49,240] {dag.py:2928} INFO - Setting next_dagrun for example_xcom_args_with_operators to None
[2021-11-17 03:36:49,253] {processor.py:171} INFO - Processing /Users/sravanisigadam/PycharmProjects/Airflow/venv/lib/python3.9/site-packages/airflow/example_dags/example_xcomargs.py took 0.405 seconds
[2021-11-17 06:50:59,911] {processor.py:163} INFO - Started process (PID=45358) to work on /Users/sravanisigadam/PycharmProjects/Airflow/venv/lib/python3.9/site-packages/airflow/example_dags/example_xcomargs.py
[2021-11-17 06:50:59,912] {processor.py:625} INFO - Processing file /Users/sravanisigadam/PycharmProjects/Airflow/venv/lib/python3.9/site-packages/airflow/example_dags/example_xcomargs.py for tasks to queue
[2021-11-17 06:50:59,912] {logging_mixin.py:109} INFO - [2021-11-17 06:50:59,912] {dagbag.py:500} INFO - Filling up the DagBag from /Users/sravanisigadam/PycharmProjects/Airflow/venv/lib/python3.9/site-packages/airflow/example_dags/example_xcomargs.py
[2021-11-17 06:50:59,944] {processor.py:637} INFO - DAG(s) dict_keys(['example_xcom_args', 'example_xcom_args_with_operators']) retrieved from /Users/sravanisigadam/PycharmProjects/Airflow/venv/lib/python3.9/site-packages/airflow/example_dags/example_xcomargs.py
[2021-11-17 06:51:00,093] {logging_mixin.py:109} INFO - [2021-11-17 06:51:00,093] {dag.py:2396} INFO - Sync 2 DAGs
[2021-11-17 06:51:00,099] {logging_mixin.py:109} INFO - [2021-11-17 06:51:00,099] {dag.py:2928} INFO - Setting next_dagrun for example_xcom_args to None
[2021-11-17 06:51:00,099] {logging_mixin.py:109} INFO - [2021-11-17 06:51:00,099] {dag.py:2928} INFO - Setting next_dagrun for example_xcom_args_with_operators to None
[2021-11-17 06:51:00,105] {processor.py:171} INFO - Processing /Users/sravanisigadam/PycharmProjects/Airflow/venv/lib/python3.9/site-packages/airflow/example_dags/example_xcomargs.py took 0.194 seconds
[2021-11-17 11:58:22,421] {processor.py:163} INFO - Started process (PID=45462) to work on /Users/sravanisigadam/PycharmProjects/Airflow/venv/lib/python3.9/site-packages/airflow/example_dags/example_xcomargs.py
[2021-11-17 11:58:22,422] {processor.py:625} INFO - Processing file /Users/sravanisigadam/PycharmProjects/Airflow/venv/lib/python3.9/site-packages/airflow/example_dags/example_xcomargs.py for tasks to queue
[2021-11-17 11:58:22,422] {logging_mixin.py:109} INFO - [2021-11-17 11:58:22,422] {dagbag.py:500} INFO - Filling up the DagBag from /Users/sravanisigadam/PycharmProjects/Airflow/venv/lib/python3.9/site-packages/airflow/example_dags/example_xcomargs.py
[2021-11-17 11:58:22,459] {processor.py:637} INFO - DAG(s) dict_keys(['example_xcom_args', 'example_xcom_args_with_operators']) retrieved from /Users/sravanisigadam/PycharmProjects/Airflow/venv/lib/python3.9/site-packages/airflow/example_dags/example_xcomargs.py
[2021-11-17 11:58:22,632] {logging_mixin.py:109} INFO - [2021-11-17 11:58:22,632] {dag.py:2396} INFO - Sync 2 DAGs
[2021-11-17 11:58:22,638] {logging_mixin.py:109} INFO - [2021-11-17 11:58:22,638] {dag.py:2928} INFO - Setting next_dagrun for example_xcom_args to None
[2021-11-17 11:58:22,638] {logging_mixin.py:109} INFO - [2021-11-17 11:58:22,638] {dag.py:2928} INFO - Setting next_dagrun for example_xcom_args_with_operators to None
[2021-11-17 11:58:22,644] {processor.py:171} INFO - Processing /Users/sravanisigadam/PycharmProjects/Airflow/venv/lib/python3.9/site-packages/airflow/example_dags/example_xcomargs.py took 0.224 seconds
