[2021-11-17 01:07:01,020] {processor.py:163} INFO - Started process (PID=44842) to work on /Users/sravanisigadam/PycharmProjects/Airflow/venv/lib/python3.9/site-packages/airflow/example_dags/example_branch_day_of_week_operator.py
[2021-11-17 01:07:01,020] {processor.py:625} INFO - Processing file /Users/sravanisigadam/PycharmProjects/Airflow/venv/lib/python3.9/site-packages/airflow/example_dags/example_branch_day_of_week_operator.py for tasks to queue
[2021-11-17 01:07:01,021] {logging_mixin.py:109} INFO - [2021-11-17 01:07:01,021] {dagbag.py:500} INFO - Filling up the DagBag from /Users/sravanisigadam/PycharmProjects/Airflow/venv/lib/python3.9/site-packages/airflow/example_dags/example_branch_day_of_week_operator.py
[2021-11-17 01:07:01,048] {processor.py:637} INFO - DAG(s) dict_keys(['example_weekday_branch_operator']) retrieved from /Users/sravanisigadam/PycharmProjects/Airflow/venv/lib/python3.9/site-packages/airflow/example_dags/example_branch_day_of_week_operator.py
[2021-11-17 01:07:01,062] {logging_mixin.py:109} INFO - [2021-11-17 01:07:01,061] {dag.py:2396} INFO - Sync 1 DAGs
[2021-11-17 01:07:01,069] {logging_mixin.py:109} INFO - [2021-11-17 01:07:01,069] {dag.py:2928} INFO - Setting next_dagrun for example_weekday_branch_operator to 2021-11-16 00:00:00+00:00
[2021-11-17 01:07:01,075] {processor.py:171} INFO - Processing /Users/sravanisigadam/PycharmProjects/Airflow/venv/lib/python3.9/site-packages/airflow/example_dags/example_branch_day_of_week_operator.py took 0.056 seconds
[2021-11-17 01:08:15,233] {processor.py:163} INFO - Started process (PID=44887) to work on /Users/sravanisigadam/PycharmProjects/Airflow/venv/lib/python3.9/site-packages/airflow/example_dags/example_branch_day_of_week_operator.py
[2021-11-17 01:08:15,234] {processor.py:625} INFO - Processing file /Users/sravanisigadam/PycharmProjects/Airflow/venv/lib/python3.9/site-packages/airflow/example_dags/example_branch_day_of_week_operator.py for tasks to queue
[2021-11-17 01:08:15,234] {logging_mixin.py:109} INFO - [2021-11-17 01:08:15,234] {dagbag.py:500} INFO - Filling up the DagBag from /Users/sravanisigadam/PycharmProjects/Airflow/venv/lib/python3.9/site-packages/airflow/example_dags/example_branch_day_of_week_operator.py
[2021-11-17 01:08:15,258] {processor.py:637} INFO - DAG(s) dict_keys(['example_weekday_branch_operator']) retrieved from /Users/sravanisigadam/PycharmProjects/Airflow/venv/lib/python3.9/site-packages/airflow/example_dags/example_branch_day_of_week_operator.py
[2021-11-17 01:08:15,268] {logging_mixin.py:109} INFO - [2021-11-17 01:08:15,268] {dag.py:2396} INFO - Sync 1 DAGs
[2021-11-17 01:08:15,274] {logging_mixin.py:109} INFO - [2021-11-17 01:08:15,274] {dag.py:2928} INFO - Setting next_dagrun for example_weekday_branch_operator to 2021-11-16 00:00:00+00:00
[2021-11-17 01:08:15,278] {processor.py:171} INFO - Processing /Users/sravanisigadam/PycharmProjects/Airflow/venv/lib/python3.9/site-packages/airflow/example_dags/example_branch_day_of_week_operator.py took 0.046 seconds
[2021-11-17 01:09:28,761] {processor.py:163} INFO - Started process (PID=44939) to work on /Users/sravanisigadam/PycharmProjects/Airflow/venv/lib/python3.9/site-packages/airflow/example_dags/example_branch_day_of_week_operator.py
[2021-11-17 01:09:28,762] {processor.py:625} INFO - Processing file /Users/sravanisigadam/PycharmProjects/Airflow/venv/lib/python3.9/site-packages/airflow/example_dags/example_branch_day_of_week_operator.py for tasks to queue
[2021-11-17 01:09:28,762] {logging_mixin.py:109} INFO - [2021-11-17 01:09:28,762] {dagbag.py:500} INFO - Filling up the DagBag from /Users/sravanisigadam/PycharmProjects/Airflow/venv/lib/python3.9/site-packages/airflow/example_dags/example_branch_day_of_week_operator.py
[2021-11-17 01:09:28,785] {processor.py:637} INFO - DAG(s) dict_keys(['example_weekday_branch_operator']) retrieved from /Users/sravanisigadam/PycharmProjects/Airflow/venv/lib/python3.9/site-packages/airflow/example_dags/example_branch_day_of_week_operator.py
[2021-11-17 01:09:28,796] {logging_mixin.py:109} INFO - [2021-11-17 01:09:28,796] {dag.py:2396} INFO - Sync 1 DAGs
[2021-11-17 01:09:28,802] {logging_mixin.py:109} INFO - [2021-11-17 01:09:28,802] {dag.py:2928} INFO - Setting next_dagrun for example_weekday_branch_operator to 2021-11-16 00:00:00+00:00
[2021-11-17 01:09:28,806] {processor.py:171} INFO - Processing /Users/sravanisigadam/PycharmProjects/Airflow/venv/lib/python3.9/site-packages/airflow/example_dags/example_branch_day_of_week_operator.py took 0.045 seconds
[2021-11-17 01:10:43,016] {processor.py:163} INFO - Started process (PID=44990) to work on /Users/sravanisigadam/PycharmProjects/Airflow/venv/lib/python3.9/site-packages/airflow/example_dags/example_branch_day_of_week_operator.py
[2021-11-17 01:10:43,018] {processor.py:625} INFO - Processing file /Users/sravanisigadam/PycharmProjects/Airflow/venv/lib/python3.9/site-packages/airflow/example_dags/example_branch_day_of_week_operator.py for tasks to queue
[2021-11-17 01:10:43,018] {logging_mixin.py:109} INFO - [2021-11-17 01:10:43,018] {dagbag.py:500} INFO - Filling up the DagBag from /Users/sravanisigadam/PycharmProjects/Airflow/venv/lib/python3.9/site-packages/airflow/example_dags/example_branch_day_of_week_operator.py
[2021-11-17 01:10:43,042] {processor.py:637} INFO - DAG(s) dict_keys(['example_weekday_branch_operator']) retrieved from /Users/sravanisigadam/PycharmProjects/Airflow/venv/lib/python3.9/site-packages/airflow/example_dags/example_branch_day_of_week_operator.py
[2021-11-17 01:10:43,053] {logging_mixin.py:109} INFO - [2021-11-17 01:10:43,052] {dag.py:2396} INFO - Sync 1 DAGs
[2021-11-17 01:10:43,059] {logging_mixin.py:109} INFO - [2021-11-17 01:10:43,058] {dag.py:2928} INFO - Setting next_dagrun for example_weekday_branch_operator to 2021-11-16 00:00:00+00:00
[2021-11-17 01:10:43,063] {processor.py:171} INFO - Processing /Users/sravanisigadam/PycharmProjects/Airflow/venv/lib/python3.9/site-packages/airflow/example_dags/example_branch_day_of_week_operator.py took 0.047 seconds
[2021-11-17 01:11:56,556] {processor.py:163} INFO - Started process (PID=45030) to work on /Users/sravanisigadam/PycharmProjects/Airflow/venv/lib/python3.9/site-packages/airflow/example_dags/example_branch_day_of_week_operator.py
[2021-11-17 01:11:56,556] {processor.py:625} INFO - Processing file /Users/sravanisigadam/PycharmProjects/Airflow/venv/lib/python3.9/site-packages/airflow/example_dags/example_branch_day_of_week_operator.py for tasks to queue
[2021-11-17 01:11:56,556] {logging_mixin.py:109} INFO - [2021-11-17 01:11:56,556] {dagbag.py:500} INFO - Filling up the DagBag from /Users/sravanisigadam/PycharmProjects/Airflow/venv/lib/python3.9/site-packages/airflow/example_dags/example_branch_day_of_week_operator.py
[2021-11-17 01:11:56,579] {processor.py:637} INFO - DAG(s) dict_keys(['example_weekday_branch_operator']) retrieved from /Users/sravanisigadam/PycharmProjects/Airflow/venv/lib/python3.9/site-packages/airflow/example_dags/example_branch_day_of_week_operator.py
[2021-11-17 01:11:56,590] {logging_mixin.py:109} INFO - [2021-11-17 01:11:56,590] {dag.py:2396} INFO - Sync 1 DAGs
[2021-11-17 01:11:56,595] {logging_mixin.py:109} INFO - [2021-11-17 01:11:56,595] {dag.py:2928} INFO - Setting next_dagrun for example_weekday_branch_operator to 2021-11-16 00:00:00+00:00
[2021-11-17 01:11:56,600] {processor.py:171} INFO - Processing /Users/sravanisigadam/PycharmProjects/Airflow/venv/lib/python3.9/site-packages/airflow/example_dags/example_branch_day_of_week_operator.py took 0.045 seconds
[2021-11-17 01:13:09,545] {processor.py:163} INFO - Started process (PID=45068) to work on /Users/sravanisigadam/PycharmProjects/Airflow/venv/lib/python3.9/site-packages/airflow/example_dags/example_branch_day_of_week_operator.py
[2021-11-17 01:13:09,545] {processor.py:625} INFO - Processing file /Users/sravanisigadam/PycharmProjects/Airflow/venv/lib/python3.9/site-packages/airflow/example_dags/example_branch_day_of_week_operator.py for tasks to queue
[2021-11-17 01:13:09,545] {logging_mixin.py:109} INFO - [2021-11-17 01:13:09,545] {dagbag.py:500} INFO - Filling up the DagBag from /Users/sravanisigadam/PycharmProjects/Airflow/venv/lib/python3.9/site-packages/airflow/example_dags/example_branch_day_of_week_operator.py
[2021-11-17 01:13:09,569] {processor.py:637} INFO - DAG(s) dict_keys(['example_weekday_branch_operator']) retrieved from /Users/sravanisigadam/PycharmProjects/Airflow/venv/lib/python3.9/site-packages/airflow/example_dags/example_branch_day_of_week_operator.py
[2021-11-17 01:13:09,579] {logging_mixin.py:109} INFO - [2021-11-17 01:13:09,579] {dag.py:2396} INFO - Sync 1 DAGs
[2021-11-17 01:13:09,585] {logging_mixin.py:109} INFO - [2021-11-17 01:13:09,585] {dag.py:2928} INFO - Setting next_dagrun for example_weekday_branch_operator to 2021-11-16 00:00:00+00:00
[2021-11-17 01:13:09,590] {processor.py:171} INFO - Processing /Users/sravanisigadam/PycharmProjects/Airflow/venv/lib/python3.9/site-packages/airflow/example_dags/example_branch_day_of_week_operator.py took 0.046 seconds
[2021-11-17 01:14:23,699] {processor.py:163} INFO - Started process (PID=45104) to work on /Users/sravanisigadam/PycharmProjects/Airflow/venv/lib/python3.9/site-packages/airflow/example_dags/example_branch_day_of_week_operator.py
[2021-11-17 01:14:23,700] {processor.py:625} INFO - Processing file /Users/sravanisigadam/PycharmProjects/Airflow/venv/lib/python3.9/site-packages/airflow/example_dags/example_branch_day_of_week_operator.py for tasks to queue
[2021-11-17 01:14:23,700] {logging_mixin.py:109} INFO - [2021-11-17 01:14:23,700] {dagbag.py:500} INFO - Filling up the DagBag from /Users/sravanisigadam/PycharmProjects/Airflow/venv/lib/python3.9/site-packages/airflow/example_dags/example_branch_day_of_week_operator.py
[2021-11-17 01:14:23,723] {processor.py:637} INFO - DAG(s) dict_keys(['example_weekday_branch_operator']) retrieved from /Users/sravanisigadam/PycharmProjects/Airflow/venv/lib/python3.9/site-packages/airflow/example_dags/example_branch_day_of_week_operator.py
[2021-11-17 01:14:23,734] {logging_mixin.py:109} INFO - [2021-11-17 01:14:23,734] {dag.py:2396} INFO - Sync 1 DAGs
[2021-11-17 01:14:23,740] {logging_mixin.py:109} INFO - [2021-11-17 01:14:23,740] {dag.py:2928} INFO - Setting next_dagrun for example_weekday_branch_operator to 2021-11-16 00:00:00+00:00
[2021-11-17 01:14:23,745] {processor.py:171} INFO - Processing /Users/sravanisigadam/PycharmProjects/Airflow/venv/lib/python3.9/site-packages/airflow/example_dags/example_branch_day_of_week_operator.py took 0.046 seconds
[2021-11-17 01:15:37,513] {processor.py:163} INFO - Started process (PID=45140) to work on /Users/sravanisigadam/PycharmProjects/Airflow/venv/lib/python3.9/site-packages/airflow/example_dags/example_branch_day_of_week_operator.py
[2021-11-17 01:15:37,514] {processor.py:625} INFO - Processing file /Users/sravanisigadam/PycharmProjects/Airflow/venv/lib/python3.9/site-packages/airflow/example_dags/example_branch_day_of_week_operator.py for tasks to queue
[2021-11-17 01:15:37,514] {logging_mixin.py:109} INFO - [2021-11-17 01:15:37,514] {dagbag.py:500} INFO - Filling up the DagBag from /Users/sravanisigadam/PycharmProjects/Airflow/venv/lib/python3.9/site-packages/airflow/example_dags/example_branch_day_of_week_operator.py
[2021-11-17 01:15:37,539] {processor.py:637} INFO - DAG(s) dict_keys(['example_weekday_branch_operator']) retrieved from /Users/sravanisigadam/PycharmProjects/Airflow/venv/lib/python3.9/site-packages/airflow/example_dags/example_branch_day_of_week_operator.py
[2021-11-17 01:15:37,550] {logging_mixin.py:109} INFO - [2021-11-17 01:15:37,550] {dag.py:2396} INFO - Sync 1 DAGs
[2021-11-17 01:15:37,555] {logging_mixin.py:109} INFO - [2021-11-17 01:15:37,555] {dag.py:2928} INFO - Setting next_dagrun for example_weekday_branch_operator to 2021-11-16 00:00:00+00:00
[2021-11-17 01:15:37,560] {processor.py:171} INFO - Processing /Users/sravanisigadam/PycharmProjects/Airflow/venv/lib/python3.9/site-packages/airflow/example_dags/example_branch_day_of_week_operator.py took 0.048 seconds
[2021-11-17 04:36:07,504] {processor.py:163} INFO - Started process (PID=45306) to work on /Users/sravanisigadam/PycharmProjects/Airflow/venv/lib/python3.9/site-packages/airflow/example_dags/example_branch_day_of_week_operator.py
[2021-11-17 04:36:07,504] {processor.py:625} INFO - Processing file /Users/sravanisigadam/PycharmProjects/Airflow/venv/lib/python3.9/site-packages/airflow/example_dags/example_branch_day_of_week_operator.py for tasks to queue
[2021-11-17 04:36:07,505] {logging_mixin.py:109} INFO - [2021-11-17 04:36:07,505] {dagbag.py:500} INFO - Filling up the DagBag from /Users/sravanisigadam/PycharmProjects/Airflow/venv/lib/python3.9/site-packages/airflow/example_dags/example_branch_day_of_week_operator.py
[2021-11-17 04:36:07,544] {processor.py:637} INFO - DAG(s) dict_keys(['example_weekday_branch_operator']) retrieved from /Users/sravanisigadam/PycharmProjects/Airflow/venv/lib/python3.9/site-packages/airflow/example_dags/example_branch_day_of_week_operator.py
[2021-11-17 04:36:07,555] {logging_mixin.py:109} INFO - [2021-11-17 04:36:07,555] {dag.py:2396} INFO - Sync 1 DAGs
[2021-11-17 04:36:07,568] {logging_mixin.py:109} INFO - [2021-11-17 04:36:07,567] {dag.py:2928} INFO - Setting next_dagrun for example_weekday_branch_operator to 2021-11-16 00:00:00+00:00
[2021-11-17 04:36:07,574] {processor.py:171} INFO - Processing /Users/sravanisigadam/PycharmProjects/Airflow/venv/lib/python3.9/site-packages/airflow/example_dags/example_branch_day_of_week_operator.py took 0.071 seconds
[2021-11-17 10:57:55,668] {processor.py:163} INFO - Started process (PID=45426) to work on /Users/sravanisigadam/PycharmProjects/Airflow/venv/lib/python3.9/site-packages/airflow/example_dags/example_branch_day_of_week_operator.py
[2021-11-17 10:57:55,668] {processor.py:625} INFO - Processing file /Users/sravanisigadam/PycharmProjects/Airflow/venv/lib/python3.9/site-packages/airflow/example_dags/example_branch_day_of_week_operator.py for tasks to queue
[2021-11-17 10:57:55,668] {logging_mixin.py:109} INFO - [2021-11-17 10:57:55,668] {dagbag.py:500} INFO - Filling up the DagBag from /Users/sravanisigadam/PycharmProjects/Airflow/venv/lib/python3.9/site-packages/airflow/example_dags/example_branch_day_of_week_operator.py
[2021-11-17 10:57:55,691] {processor.py:637} INFO - DAG(s) dict_keys(['example_weekday_branch_operator']) retrieved from /Users/sravanisigadam/PycharmProjects/Airflow/venv/lib/python3.9/site-packages/airflow/example_dags/example_branch_day_of_week_operator.py
[2021-11-17 10:57:55,701] {logging_mixin.py:109} INFO - [2021-11-17 10:57:55,701] {dag.py:2396} INFO - Sync 1 DAGs
[2021-11-17 10:57:55,707] {logging_mixin.py:109} INFO - [2021-11-17 10:57:55,707] {dag.py:2928} INFO - Setting next_dagrun for example_weekday_branch_operator to 2021-11-16 00:00:00+00:00
[2021-11-17 10:57:55,711] {processor.py:171} INFO - Processing /Users/sravanisigadam/PycharmProjects/Airflow/venv/lib/python3.9/site-packages/airflow/example_dags/example_branch_day_of_week_operator.py took 0.044 seconds
