[2021-11-17 01:06:46,351] {processor.py:163} INFO - Started process (PID=44834) to work on /Users/sravanisigadam/PycharmProjects/Airflow/venv/lib/python3.9/site-packages/airflow/example_dags/example_kubernetes_executor.py
[2021-11-17 01:06:46,351] {processor.py:625} INFO - Processing file /Users/sravanisigadam/PycharmProjects/Airflow/venv/lib/python3.9/site-packages/airflow/example_dags/example_kubernetes_executor.py for tasks to queue
[2021-11-17 01:06:46,352] {logging_mixin.py:109} INFO - [2021-11-17 01:06:46,352] {dagbag.py:500} INFO - Filling up the DagBag from /Users/sravanisigadam/PycharmProjects/Airflow/venv/lib/python3.9/site-packages/airflow/example_dags/example_kubernetes_executor.py
[2021-11-17 01:06:46,386] {processor.py:637} INFO - DAG(s) dict_keys(['example_kubernetes_executor']) retrieved from /Users/sravanisigadam/PycharmProjects/Airflow/venv/lib/python3.9/site-packages/airflow/example_dags/example_kubernetes_executor.py
[2021-11-17 01:06:46,397] {logging_mixin.py:109} INFO - [2021-11-17 01:06:46,397] {dag.py:2396} INFO - Sync 1 DAGs
[2021-11-17 01:06:46,403] {logging_mixin.py:109} INFO - [2021-11-17 01:06:46,403] {dag.py:2928} INFO - Setting next_dagrun for example_kubernetes_executor to None
[2021-11-17 01:06:46,408] {processor.py:171} INFO - Processing /Users/sravanisigadam/PycharmProjects/Airflow/venv/lib/python3.9/site-packages/airflow/example_dags/example_kubernetes_executor.py took 0.057 seconds
[2021-11-17 01:08:00,721] {processor.py:163} INFO - Started process (PID=44879) to work on /Users/sravanisigadam/PycharmProjects/Airflow/venv/lib/python3.9/site-packages/airflow/example_dags/example_kubernetes_executor.py
[2021-11-17 01:08:00,722] {processor.py:625} INFO - Processing file /Users/sravanisigadam/PycharmProjects/Airflow/venv/lib/python3.9/site-packages/airflow/example_dags/example_kubernetes_executor.py for tasks to queue
[2021-11-17 01:08:00,722] {logging_mixin.py:109} INFO - [2021-11-17 01:08:00,722] {dagbag.py:500} INFO - Filling up the DagBag from /Users/sravanisigadam/PycharmProjects/Airflow/venv/lib/python3.9/site-packages/airflow/example_dags/example_kubernetes_executor.py
[2021-11-17 01:08:00,754] {processor.py:637} INFO - DAG(s) dict_keys(['example_kubernetes_executor']) retrieved from /Users/sravanisigadam/PycharmProjects/Airflow/venv/lib/python3.9/site-packages/airflow/example_dags/example_kubernetes_executor.py
[2021-11-17 01:08:00,765] {logging_mixin.py:109} INFO - [2021-11-17 01:08:00,765] {dag.py:2396} INFO - Sync 1 DAGs
[2021-11-17 01:08:00,770] {logging_mixin.py:109} INFO - [2021-11-17 01:08:00,770] {dag.py:2928} INFO - Setting next_dagrun for example_kubernetes_executor to None
[2021-11-17 01:08:00,775] {processor.py:171} INFO - Processing /Users/sravanisigadam/PycharmProjects/Airflow/venv/lib/python3.9/site-packages/airflow/example_dags/example_kubernetes_executor.py took 0.055 seconds
[2021-11-17 01:09:14,693] {processor.py:163} INFO - Started process (PID=44922) to work on /Users/sravanisigadam/PycharmProjects/Airflow/venv/lib/python3.9/site-packages/airflow/example_dags/example_kubernetes_executor.py
[2021-11-17 01:09:14,694] {processor.py:625} INFO - Processing file /Users/sravanisigadam/PycharmProjects/Airflow/venv/lib/python3.9/site-packages/airflow/example_dags/example_kubernetes_executor.py for tasks to queue
[2021-11-17 01:09:14,695] {logging_mixin.py:109} INFO - [2021-11-17 01:09:14,695] {dagbag.py:500} INFO - Filling up the DagBag from /Users/sravanisigadam/PycharmProjects/Airflow/venv/lib/python3.9/site-packages/airflow/example_dags/example_kubernetes_executor.py
[2021-11-17 01:09:14,726] {processor.py:637} INFO - DAG(s) dict_keys(['example_kubernetes_executor']) retrieved from /Users/sravanisigadam/PycharmProjects/Airflow/venv/lib/python3.9/site-packages/airflow/example_dags/example_kubernetes_executor.py
[2021-11-17 01:09:14,737] {logging_mixin.py:109} INFO - [2021-11-17 01:09:14,737] {dag.py:2396} INFO - Sync 1 DAGs
[2021-11-17 01:09:14,743] {logging_mixin.py:109} INFO - [2021-11-17 01:09:14,743] {dag.py:2928} INFO - Setting next_dagrun for example_kubernetes_executor to None
[2021-11-17 01:09:14,748] {processor.py:171} INFO - Processing /Users/sravanisigadam/PycharmProjects/Airflow/venv/lib/python3.9/site-packages/airflow/example_dags/example_kubernetes_executor.py took 0.055 seconds
[2021-11-17 01:10:28,359] {processor.py:163} INFO - Started process (PID=44983) to work on /Users/sravanisigadam/PycharmProjects/Airflow/venv/lib/python3.9/site-packages/airflow/example_dags/example_kubernetes_executor.py
[2021-11-17 01:10:28,360] {processor.py:625} INFO - Processing file /Users/sravanisigadam/PycharmProjects/Airflow/venv/lib/python3.9/site-packages/airflow/example_dags/example_kubernetes_executor.py for tasks to queue
[2021-11-17 01:10:28,361] {logging_mixin.py:109} INFO - [2021-11-17 01:10:28,361] {dagbag.py:500} INFO - Filling up the DagBag from /Users/sravanisigadam/PycharmProjects/Airflow/venv/lib/python3.9/site-packages/airflow/example_dags/example_kubernetes_executor.py
[2021-11-17 01:10:28,394] {processor.py:637} INFO - DAG(s) dict_keys(['example_kubernetes_executor']) retrieved from /Users/sravanisigadam/PycharmProjects/Airflow/venv/lib/python3.9/site-packages/airflow/example_dags/example_kubernetes_executor.py
[2021-11-17 01:10:28,405] {logging_mixin.py:109} INFO - [2021-11-17 01:10:28,404] {dag.py:2396} INFO - Sync 1 DAGs
[2021-11-17 01:10:28,410] {logging_mixin.py:109} INFO - [2021-11-17 01:10:28,410] {dag.py:2928} INFO - Setting next_dagrun for example_kubernetes_executor to None
[2021-11-17 01:10:28,415] {processor.py:171} INFO - Processing /Users/sravanisigadam/PycharmProjects/Airflow/venv/lib/python3.9/site-packages/airflow/example_dags/example_kubernetes_executor.py took 0.056 seconds
[2021-11-17 01:11:41,977] {processor.py:163} INFO - Started process (PID=45023) to work on /Users/sravanisigadam/PycharmProjects/Airflow/venv/lib/python3.9/site-packages/airflow/example_dags/example_kubernetes_executor.py
[2021-11-17 01:11:41,977] {processor.py:625} INFO - Processing file /Users/sravanisigadam/PycharmProjects/Airflow/venv/lib/python3.9/site-packages/airflow/example_dags/example_kubernetes_executor.py for tasks to queue
[2021-11-17 01:11:41,977] {logging_mixin.py:109} INFO - [2021-11-17 01:11:41,977] {dagbag.py:500} INFO - Filling up the DagBag from /Users/sravanisigadam/PycharmProjects/Airflow/venv/lib/python3.9/site-packages/airflow/example_dags/example_kubernetes_executor.py
[2021-11-17 01:11:42,010] {processor.py:637} INFO - DAG(s) dict_keys(['example_kubernetes_executor']) retrieved from /Users/sravanisigadam/PycharmProjects/Airflow/venv/lib/python3.9/site-packages/airflow/example_dags/example_kubernetes_executor.py
[2021-11-17 01:11:42,020] {logging_mixin.py:109} INFO - [2021-11-17 01:11:42,020] {dag.py:2396} INFO - Sync 1 DAGs
[2021-11-17 01:11:42,026] {logging_mixin.py:109} INFO - [2021-11-17 01:11:42,026] {dag.py:2928} INFO - Setting next_dagrun for example_kubernetes_executor to None
[2021-11-17 01:11:42,031] {processor.py:171} INFO - Processing /Users/sravanisigadam/PycharmProjects/Airflow/venv/lib/python3.9/site-packages/airflow/example_dags/example_kubernetes_executor.py took 0.055 seconds
[2021-11-17 01:12:54,903] {processor.py:163} INFO - Started process (PID=45061) to work on /Users/sravanisigadam/PycharmProjects/Airflow/venv/lib/python3.9/site-packages/airflow/example_dags/example_kubernetes_executor.py
[2021-11-17 01:12:54,903] {processor.py:625} INFO - Processing file /Users/sravanisigadam/PycharmProjects/Airflow/venv/lib/python3.9/site-packages/airflow/example_dags/example_kubernetes_executor.py for tasks to queue
[2021-11-17 01:12:54,903] {logging_mixin.py:109} INFO - [2021-11-17 01:12:54,903] {dagbag.py:500} INFO - Filling up the DagBag from /Users/sravanisigadam/PycharmProjects/Airflow/venv/lib/python3.9/site-packages/airflow/example_dags/example_kubernetes_executor.py
[2021-11-17 01:12:54,937] {processor.py:637} INFO - DAG(s) dict_keys(['example_kubernetes_executor']) retrieved from /Users/sravanisigadam/PycharmProjects/Airflow/venv/lib/python3.9/site-packages/airflow/example_dags/example_kubernetes_executor.py
[2021-11-17 01:12:54,948] {logging_mixin.py:109} INFO - [2021-11-17 01:12:54,948] {dag.py:2396} INFO - Sync 1 DAGs
[2021-11-17 01:12:54,953] {logging_mixin.py:109} INFO - [2021-11-17 01:12:54,953] {dag.py:2928} INFO - Setting next_dagrun for example_kubernetes_executor to None
[2021-11-17 01:12:54,958] {processor.py:171} INFO - Processing /Users/sravanisigadam/PycharmProjects/Airflow/venv/lib/python3.9/site-packages/airflow/example_dags/example_kubernetes_executor.py took 0.055 seconds
[2021-11-17 01:14:09,222] {processor.py:163} INFO - Started process (PID=45097) to work on /Users/sravanisigadam/PycharmProjects/Airflow/venv/lib/python3.9/site-packages/airflow/example_dags/example_kubernetes_executor.py
[2021-11-17 01:14:09,222] {processor.py:625} INFO - Processing file /Users/sravanisigadam/PycharmProjects/Airflow/venv/lib/python3.9/site-packages/airflow/example_dags/example_kubernetes_executor.py for tasks to queue
[2021-11-17 01:14:09,223] {logging_mixin.py:109} INFO - [2021-11-17 01:14:09,223] {dagbag.py:500} INFO - Filling up the DagBag from /Users/sravanisigadam/PycharmProjects/Airflow/venv/lib/python3.9/site-packages/airflow/example_dags/example_kubernetes_executor.py
[2021-11-17 01:14:09,256] {processor.py:637} INFO - DAG(s) dict_keys(['example_kubernetes_executor']) retrieved from /Users/sravanisigadam/PycharmProjects/Airflow/venv/lib/python3.9/site-packages/airflow/example_dags/example_kubernetes_executor.py
[2021-11-17 01:14:09,266] {logging_mixin.py:109} INFO - [2021-11-17 01:14:09,266] {dag.py:2396} INFO - Sync 1 DAGs
[2021-11-17 01:14:09,272] {logging_mixin.py:109} INFO - [2021-11-17 01:14:09,272] {dag.py:2928} INFO - Setting next_dagrun for example_kubernetes_executor to None
[2021-11-17 01:14:09,277] {processor.py:171} INFO - Processing /Users/sravanisigadam/PycharmProjects/Airflow/venv/lib/python3.9/site-packages/airflow/example_dags/example_kubernetes_executor.py took 0.055 seconds
[2021-11-17 01:15:23,012] {processor.py:163} INFO - Started process (PID=45133) to work on /Users/sravanisigadam/PycharmProjects/Airflow/venv/lib/python3.9/site-packages/airflow/example_dags/example_kubernetes_executor.py
[2021-11-17 01:15:23,012] {processor.py:625} INFO - Processing file /Users/sravanisigadam/PycharmProjects/Airflow/venv/lib/python3.9/site-packages/airflow/example_dags/example_kubernetes_executor.py for tasks to queue
[2021-11-17 01:15:23,013] {logging_mixin.py:109} INFO - [2021-11-17 01:15:23,013] {dagbag.py:500} INFO - Filling up the DagBag from /Users/sravanisigadam/PycharmProjects/Airflow/venv/lib/python3.9/site-packages/airflow/example_dags/example_kubernetes_executor.py
[2021-11-17 01:15:23,046] {processor.py:637} INFO - DAG(s) dict_keys(['example_kubernetes_executor']) retrieved from /Users/sravanisigadam/PycharmProjects/Airflow/venv/lib/python3.9/site-packages/airflow/example_dags/example_kubernetes_executor.py
[2021-11-17 01:15:23,056] {logging_mixin.py:109} INFO - [2021-11-17 01:15:23,056] {dag.py:2396} INFO - Sync 1 DAGs
[2021-11-17 01:15:23,062] {logging_mixin.py:109} INFO - [2021-11-17 01:15:23,062] {dag.py:2928} INFO - Setting next_dagrun for example_kubernetes_executor to None
[2021-11-17 01:15:23,067] {processor.py:171} INFO - Processing /Users/sravanisigadam/PycharmProjects/Airflow/venv/lib/python3.9/site-packages/airflow/example_dags/example_kubernetes_executor.py took 0.055 seconds
[2021-11-17 01:20:42,688] {processor.py:163} INFO - Started process (PID=45227) to work on /Users/sravanisigadam/PycharmProjects/Airflow/venv/lib/python3.9/site-packages/airflow/example_dags/example_kubernetes_executor.py
[2021-11-17 01:20:42,689] {processor.py:625} INFO - Processing file /Users/sravanisigadam/PycharmProjects/Airflow/venv/lib/python3.9/site-packages/airflow/example_dags/example_kubernetes_executor.py for tasks to queue
[2021-11-17 01:20:42,689] {logging_mixin.py:109} INFO - [2021-11-17 01:20:42,689] {dagbag.py:500} INFO - Filling up the DagBag from /Users/sravanisigadam/PycharmProjects/Airflow/venv/lib/python3.9/site-packages/airflow/example_dags/example_kubernetes_executor.py
[2021-11-17 01:20:42,720] {processor.py:637} INFO - DAG(s) dict_keys(['example_kubernetes_executor']) retrieved from /Users/sravanisigadam/PycharmProjects/Airflow/venv/lib/python3.9/site-packages/airflow/example_dags/example_kubernetes_executor.py
[2021-11-17 01:20:42,730] {logging_mixin.py:109} INFO - [2021-11-17 01:20:42,730] {dag.py:2396} INFO - Sync 1 DAGs
[2021-11-17 01:20:42,736] {logging_mixin.py:109} INFO - [2021-11-17 01:20:42,736] {dag.py:2928} INFO - Setting next_dagrun for example_kubernetes_executor to None
[2021-11-17 01:20:42,741] {processor.py:171} INFO - Processing /Users/sravanisigadam/PycharmProjects/Airflow/venv/lib/python3.9/site-packages/airflow/example_dags/example_kubernetes_executor.py took 0.053 seconds
[2021-11-17 09:14:00,783] {processor.py:163} INFO - Started process (PID=45410) to work on /Users/sravanisigadam/PycharmProjects/Airflow/venv/lib/python3.9/site-packages/airflow/example_dags/example_kubernetes_executor.py
[2021-11-17 09:14:00,785] {processor.py:625} INFO - Processing file /Users/sravanisigadam/PycharmProjects/Airflow/venv/lib/python3.9/site-packages/airflow/example_dags/example_kubernetes_executor.py for tasks to queue
[2021-11-17 09:14:00,785] {logging_mixin.py:109} INFO - [2021-11-17 09:14:00,785] {dagbag.py:500} INFO - Filling up the DagBag from /Users/sravanisigadam/PycharmProjects/Airflow/venv/lib/python3.9/site-packages/airflow/example_dags/example_kubernetes_executor.py
[2021-11-17 09:14:00,820] {processor.py:637} INFO - DAG(s) dict_keys(['example_kubernetes_executor']) retrieved from /Users/sravanisigadam/PycharmProjects/Airflow/venv/lib/python3.9/site-packages/airflow/example_dags/example_kubernetes_executor.py
[2021-11-17 09:14:00,831] {logging_mixin.py:109} INFO - [2021-11-17 09:14:00,831] {dag.py:2396} INFO - Sync 1 DAGs
[2021-11-17 09:14:00,836] {logging_mixin.py:109} INFO - [2021-11-17 09:14:00,836] {dag.py:2928} INFO - Setting next_dagrun for example_kubernetes_executor to None
[2021-11-17 09:14:00,841] {processor.py:171} INFO - Processing /Users/sravanisigadam/PycharmProjects/Airflow/venv/lib/python3.9/site-packages/airflow/example_dags/example_kubernetes_executor.py took 0.058 seconds
[2021-11-17 14:39:28,267] {processor.py:163} INFO - Started process (PID=45504) to work on /Users/sravanisigadam/PycharmProjects/Airflow/venv/lib/python3.9/site-packages/airflow/example_dags/example_kubernetes_executor.py
[2021-11-17 14:39:28,268] {processor.py:625} INFO - Processing file /Users/sravanisigadam/PycharmProjects/Airflow/venv/lib/python3.9/site-packages/airflow/example_dags/example_kubernetes_executor.py for tasks to queue
[2021-11-17 14:39:28,268] {logging_mixin.py:109} INFO - [2021-11-17 14:39:28,268] {dagbag.py:500} INFO - Filling up the DagBag from /Users/sravanisigadam/PycharmProjects/Airflow/venv/lib/python3.9/site-packages/airflow/example_dags/example_kubernetes_executor.py
[2021-11-17 14:39:28,309] {processor.py:637} INFO - DAG(s) dict_keys(['example_kubernetes_executor']) retrieved from /Users/sravanisigadam/PycharmProjects/Airflow/venv/lib/python3.9/site-packages/airflow/example_dags/example_kubernetes_executor.py
[2021-11-17 14:39:28,320] {logging_mixin.py:109} INFO - [2021-11-17 14:39:28,319] {dag.py:2396} INFO - Sync 1 DAGs
[2021-11-17 14:39:28,325] {logging_mixin.py:109} INFO - [2021-11-17 14:39:28,325] {dag.py:2928} INFO - Setting next_dagrun for example_kubernetes_executor to None
[2021-11-17 14:39:28,330] {processor.py:171} INFO - Processing /Users/sravanisigadam/PycharmProjects/Airflow/venv/lib/python3.9/site-packages/airflow/example_dags/example_kubernetes_executor.py took 0.063 seconds
