[2021-11-17 01:06:48,537] {processor.py:163} INFO - Started process (PID=44835) to work on /Users/sravanisigadam/PycharmProjects/Airflow/venv/lib/python3.9/site-packages/airflow/example_dags/example_external_task_marker_dag.py
[2021-11-17 01:06:48,537] {processor.py:625} INFO - Processing file /Users/sravanisigadam/PycharmProjects/Airflow/venv/lib/python3.9/site-packages/airflow/example_dags/example_external_task_marker_dag.py for tasks to queue
[2021-11-17 01:06:48,537] {logging_mixin.py:109} INFO - [2021-11-17 01:06:48,537] {dagbag.py:500} INFO - Filling up the DagBag from /Users/sravanisigadam/PycharmProjects/Airflow/venv/lib/python3.9/site-packages/airflow/example_dags/example_external_task_marker_dag.py
[2021-11-17 01:06:48,560] {processor.py:637} INFO - DAG(s) dict_keys(['example_external_task_marker_parent', 'example_external_task_marker_child']) retrieved from /Users/sravanisigadam/PycharmProjects/Airflow/venv/lib/python3.9/site-packages/airflow/example_dags/example_external_task_marker_dag.py
[2021-11-17 01:06:48,572] {logging_mixin.py:109} INFO - [2021-11-17 01:06:48,571] {dag.py:2396} INFO - Sync 2 DAGs
[2021-11-17 01:06:48,577] {logging_mixin.py:109} INFO - [2021-11-17 01:06:48,577] {dag.py:2928} INFO - Setting next_dagrun for example_external_task_marker_child to None
[2021-11-17 01:06:48,577] {logging_mixin.py:109} INFO - [2021-11-17 01:06:48,577] {dag.py:2928} INFO - Setting next_dagrun for example_external_task_marker_parent to None
[2021-11-17 01:06:48,581] {processor.py:171} INFO - Processing /Users/sravanisigadam/PycharmProjects/Airflow/venv/lib/python3.9/site-packages/airflow/example_dags/example_external_task_marker_dag.py took 0.045 seconds
[2021-11-17 01:08:02,939] {processor.py:163} INFO - Started process (PID=44880) to work on /Users/sravanisigadam/PycharmProjects/Airflow/venv/lib/python3.9/site-packages/airflow/example_dags/example_external_task_marker_dag.py
[2021-11-17 01:08:02,940] {processor.py:625} INFO - Processing file /Users/sravanisigadam/PycharmProjects/Airflow/venv/lib/python3.9/site-packages/airflow/example_dags/example_external_task_marker_dag.py for tasks to queue
[2021-11-17 01:08:02,940] {logging_mixin.py:109} INFO - [2021-11-17 01:08:02,940] {dagbag.py:500} INFO - Filling up the DagBag from /Users/sravanisigadam/PycharmProjects/Airflow/venv/lib/python3.9/site-packages/airflow/example_dags/example_external_task_marker_dag.py
[2021-11-17 01:08:02,962] {processor.py:637} INFO - DAG(s) dict_keys(['example_external_task_marker_parent', 'example_external_task_marker_child']) retrieved from /Users/sravanisigadam/PycharmProjects/Airflow/venv/lib/python3.9/site-packages/airflow/example_dags/example_external_task_marker_dag.py
[2021-11-17 01:08:02,973] {logging_mixin.py:109} INFO - [2021-11-17 01:08:02,973] {dag.py:2396} INFO - Sync 2 DAGs
[2021-11-17 01:08:02,979] {logging_mixin.py:109} INFO - [2021-11-17 01:08:02,978] {dag.py:2928} INFO - Setting next_dagrun for example_external_task_marker_child to None
[2021-11-17 01:08:02,979] {logging_mixin.py:109} INFO - [2021-11-17 01:08:02,979] {dag.py:2928} INFO - Setting next_dagrun for example_external_task_marker_parent to None
[2021-11-17 01:08:02,984] {processor.py:171} INFO - Processing /Users/sravanisigadam/PycharmProjects/Airflow/venv/lib/python3.9/site-packages/airflow/example_dags/example_external_task_marker_dag.py took 0.045 seconds
[2021-11-17 01:09:16,924] {processor.py:163} INFO - Started process (PID=44925) to work on /Users/sravanisigadam/PycharmProjects/Airflow/venv/lib/python3.9/site-packages/airflow/example_dags/example_external_task_marker_dag.py
[2021-11-17 01:09:16,925] {processor.py:625} INFO - Processing file /Users/sravanisigadam/PycharmProjects/Airflow/venv/lib/python3.9/site-packages/airflow/example_dags/example_external_task_marker_dag.py for tasks to queue
[2021-11-17 01:09:16,925] {logging_mixin.py:109} INFO - [2021-11-17 01:09:16,925] {dagbag.py:500} INFO - Filling up the DagBag from /Users/sravanisigadam/PycharmProjects/Airflow/venv/lib/python3.9/site-packages/airflow/example_dags/example_external_task_marker_dag.py
[2021-11-17 01:09:16,948] {processor.py:637} INFO - DAG(s) dict_keys(['example_external_task_marker_parent', 'example_external_task_marker_child']) retrieved from /Users/sravanisigadam/PycharmProjects/Airflow/venv/lib/python3.9/site-packages/airflow/example_dags/example_external_task_marker_dag.py
[2021-11-17 01:09:16,960] {logging_mixin.py:109} INFO - [2021-11-17 01:09:16,960] {dag.py:2396} INFO - Sync 2 DAGs
[2021-11-17 01:09:16,965] {logging_mixin.py:109} INFO - [2021-11-17 01:09:16,965] {dag.py:2928} INFO - Setting next_dagrun for example_external_task_marker_child to None
[2021-11-17 01:09:16,965] {logging_mixin.py:109} INFO - [2021-11-17 01:09:16,965] {dag.py:2928} INFO - Setting next_dagrun for example_external_task_marker_parent to None
[2021-11-17 01:09:16,970] {processor.py:171} INFO - Processing /Users/sravanisigadam/PycharmProjects/Airflow/venv/lib/python3.9/site-packages/airflow/example_dags/example_external_task_marker_dag.py took 0.047 seconds
[2021-11-17 01:10:30,252] {processor.py:163} INFO - Started process (PID=44984) to work on /Users/sravanisigadam/PycharmProjects/Airflow/venv/lib/python3.9/site-packages/airflow/example_dags/example_external_task_marker_dag.py
[2021-11-17 01:10:30,253] {processor.py:625} INFO - Processing file /Users/sravanisigadam/PycharmProjects/Airflow/venv/lib/python3.9/site-packages/airflow/example_dags/example_external_task_marker_dag.py for tasks to queue
[2021-11-17 01:10:30,253] {logging_mixin.py:109} INFO - [2021-11-17 01:10:30,253] {dagbag.py:500} INFO - Filling up the DagBag from /Users/sravanisigadam/PycharmProjects/Airflow/venv/lib/python3.9/site-packages/airflow/example_dags/example_external_task_marker_dag.py
[2021-11-17 01:10:30,275] {processor.py:637} INFO - DAG(s) dict_keys(['example_external_task_marker_parent', 'example_external_task_marker_child']) retrieved from /Users/sravanisigadam/PycharmProjects/Airflow/venv/lib/python3.9/site-packages/airflow/example_dags/example_external_task_marker_dag.py
[2021-11-17 01:10:30,287] {logging_mixin.py:109} INFO - [2021-11-17 01:10:30,287] {dag.py:2396} INFO - Sync 2 DAGs
[2021-11-17 01:10:30,292] {logging_mixin.py:109} INFO - [2021-11-17 01:10:30,292] {dag.py:2928} INFO - Setting next_dagrun for example_external_task_marker_child to None
[2021-11-17 01:10:30,292] {logging_mixin.py:109} INFO - [2021-11-17 01:10:30,292] {dag.py:2928} INFO - Setting next_dagrun for example_external_task_marker_parent to None
[2021-11-17 01:10:30,297] {processor.py:171} INFO - Processing /Users/sravanisigadam/PycharmProjects/Airflow/venv/lib/python3.9/site-packages/airflow/example_dags/example_external_task_marker_dag.py took 0.045 seconds
[2021-11-17 01:11:44,190] {processor.py:163} INFO - Started process (PID=45024) to work on /Users/sravanisigadam/PycharmProjects/Airflow/venv/lib/python3.9/site-packages/airflow/example_dags/example_external_task_marker_dag.py
[2021-11-17 01:11:44,191] {processor.py:625} INFO - Processing file /Users/sravanisigadam/PycharmProjects/Airflow/venv/lib/python3.9/site-packages/airflow/example_dags/example_external_task_marker_dag.py for tasks to queue
[2021-11-17 01:11:44,191] {logging_mixin.py:109} INFO - [2021-11-17 01:11:44,191] {dagbag.py:500} INFO - Filling up the DagBag from /Users/sravanisigadam/PycharmProjects/Airflow/venv/lib/python3.9/site-packages/airflow/example_dags/example_external_task_marker_dag.py
[2021-11-17 01:11:44,213] {processor.py:637} INFO - DAG(s) dict_keys(['example_external_task_marker_parent', 'example_external_task_marker_child']) retrieved from /Users/sravanisigadam/PycharmProjects/Airflow/venv/lib/python3.9/site-packages/airflow/example_dags/example_external_task_marker_dag.py
[2021-11-17 01:11:44,224] {logging_mixin.py:109} INFO - [2021-11-17 01:11:44,224] {dag.py:2396} INFO - Sync 2 DAGs
[2021-11-17 01:11:44,230] {logging_mixin.py:109} INFO - [2021-11-17 01:11:44,229] {dag.py:2928} INFO - Setting next_dagrun for example_external_task_marker_child to None
[2021-11-17 01:11:44,230] {logging_mixin.py:109} INFO - [2021-11-17 01:11:44,230] {dag.py:2928} INFO - Setting next_dagrun for example_external_task_marker_parent to None
[2021-11-17 01:11:44,235] {processor.py:171} INFO - Processing /Users/sravanisigadam/PycharmProjects/Airflow/venv/lib/python3.9/site-packages/airflow/example_dags/example_external_task_marker_dag.py took 0.045 seconds
[2021-11-17 01:12:57,096] {processor.py:163} INFO - Started process (PID=45062) to work on /Users/sravanisigadam/PycharmProjects/Airflow/venv/lib/python3.9/site-packages/airflow/example_dags/example_external_task_marker_dag.py
[2021-11-17 01:12:57,096] {processor.py:625} INFO - Processing file /Users/sravanisigadam/PycharmProjects/Airflow/venv/lib/python3.9/site-packages/airflow/example_dags/example_external_task_marker_dag.py for tasks to queue
[2021-11-17 01:12:57,096] {logging_mixin.py:109} INFO - [2021-11-17 01:12:57,096] {dagbag.py:500} INFO - Filling up the DagBag from /Users/sravanisigadam/PycharmProjects/Airflow/venv/lib/python3.9/site-packages/airflow/example_dags/example_external_task_marker_dag.py
[2021-11-17 01:12:57,118] {processor.py:637} INFO - DAG(s) dict_keys(['example_external_task_marker_parent', 'example_external_task_marker_child']) retrieved from /Users/sravanisigadam/PycharmProjects/Airflow/venv/lib/python3.9/site-packages/airflow/example_dags/example_external_task_marker_dag.py
[2021-11-17 01:12:57,130] {logging_mixin.py:109} INFO - [2021-11-17 01:12:57,130] {dag.py:2396} INFO - Sync 2 DAGs
[2021-11-17 01:12:57,135] {logging_mixin.py:109} INFO - [2021-11-17 01:12:57,135] {dag.py:2928} INFO - Setting next_dagrun for example_external_task_marker_child to None
[2021-11-17 01:12:57,135] {logging_mixin.py:109} INFO - [2021-11-17 01:12:57,135] {dag.py:2928} INFO - Setting next_dagrun for example_external_task_marker_parent to None
[2021-11-17 01:12:57,140] {processor.py:171} INFO - Processing /Users/sravanisigadam/PycharmProjects/Airflow/venv/lib/python3.9/site-packages/airflow/example_dags/example_external_task_marker_dag.py took 0.044 seconds
[2021-11-17 01:14:11,414] {processor.py:163} INFO - Started process (PID=45098) to work on /Users/sravanisigadam/PycharmProjects/Airflow/venv/lib/python3.9/site-packages/airflow/example_dags/example_external_task_marker_dag.py
[2021-11-17 01:14:11,414] {processor.py:625} INFO - Processing file /Users/sravanisigadam/PycharmProjects/Airflow/venv/lib/python3.9/site-packages/airflow/example_dags/example_external_task_marker_dag.py for tasks to queue
[2021-11-17 01:14:11,414] {logging_mixin.py:109} INFO - [2021-11-17 01:14:11,414] {dagbag.py:500} INFO - Filling up the DagBag from /Users/sravanisigadam/PycharmProjects/Airflow/venv/lib/python3.9/site-packages/airflow/example_dags/example_external_task_marker_dag.py
[2021-11-17 01:14:11,438] {processor.py:637} INFO - DAG(s) dict_keys(['example_external_task_marker_parent', 'example_external_task_marker_child']) retrieved from /Users/sravanisigadam/PycharmProjects/Airflow/venv/lib/python3.9/site-packages/airflow/example_dags/example_external_task_marker_dag.py
[2021-11-17 01:14:11,450] {logging_mixin.py:109} INFO - [2021-11-17 01:14:11,450] {dag.py:2396} INFO - Sync 2 DAGs
[2021-11-17 01:14:11,455] {logging_mixin.py:109} INFO - [2021-11-17 01:14:11,455] {dag.py:2928} INFO - Setting next_dagrun for example_external_task_marker_child to None
[2021-11-17 01:14:11,455] {logging_mixin.py:109} INFO - [2021-11-17 01:14:11,455] {dag.py:2928} INFO - Setting next_dagrun for example_external_task_marker_parent to None
[2021-11-17 01:14:11,460] {processor.py:171} INFO - Processing /Users/sravanisigadam/PycharmProjects/Airflow/venv/lib/python3.9/site-packages/airflow/example_dags/example_external_task_marker_dag.py took 0.046 seconds
[2021-11-17 01:15:25,226] {processor.py:163} INFO - Started process (PID=45134) to work on /Users/sravanisigadam/PycharmProjects/Airflow/venv/lib/python3.9/site-packages/airflow/example_dags/example_external_task_marker_dag.py
[2021-11-17 01:15:25,227] {processor.py:625} INFO - Processing file /Users/sravanisigadam/PycharmProjects/Airflow/venv/lib/python3.9/site-packages/airflow/example_dags/example_external_task_marker_dag.py for tasks to queue
[2021-11-17 01:15:25,227] {logging_mixin.py:109} INFO - [2021-11-17 01:15:25,227] {dagbag.py:500} INFO - Filling up the DagBag from /Users/sravanisigadam/PycharmProjects/Airflow/venv/lib/python3.9/site-packages/airflow/example_dags/example_external_task_marker_dag.py
[2021-11-17 01:15:25,250] {processor.py:637} INFO - DAG(s) dict_keys(['example_external_task_marker_parent', 'example_external_task_marker_child']) retrieved from /Users/sravanisigadam/PycharmProjects/Airflow/venv/lib/python3.9/site-packages/airflow/example_dags/example_external_task_marker_dag.py
[2021-11-17 01:15:25,261] {logging_mixin.py:109} INFO - [2021-11-17 01:15:25,261] {dag.py:2396} INFO - Sync 2 DAGs
[2021-11-17 01:15:25,266] {logging_mixin.py:109} INFO - [2021-11-17 01:15:25,266] {dag.py:2928} INFO - Setting next_dagrun for example_external_task_marker_child to None
[2021-11-17 01:15:25,267] {logging_mixin.py:109} INFO - [2021-11-17 01:15:25,267] {dag.py:2928} INFO - Setting next_dagrun for example_external_task_marker_parent to None
[2021-11-17 01:15:25,272] {processor.py:171} INFO - Processing /Users/sravanisigadam/PycharmProjects/Airflow/venv/lib/python3.9/site-packages/airflow/example_dags/example_external_task_marker_dag.py took 0.046 seconds
[2021-11-17 03:36:53,838] {processor.py:163} INFO - Started process (PID=45280) to work on /Users/sravanisigadam/PycharmProjects/Airflow/venv/lib/python3.9/site-packages/airflow/example_dags/example_external_task_marker_dag.py
[2021-11-17 03:36:53,839] {processor.py:625} INFO - Processing file /Users/sravanisigadam/PycharmProjects/Airflow/venv/lib/python3.9/site-packages/airflow/example_dags/example_external_task_marker_dag.py for tasks to queue
[2021-11-17 03:36:53,839] {logging_mixin.py:109} INFO - [2021-11-17 03:36:53,839] {dagbag.py:500} INFO - Filling up the DagBag from /Users/sravanisigadam/PycharmProjects/Airflow/venv/lib/python3.9/site-packages/airflow/example_dags/example_external_task_marker_dag.py
[2021-11-17 03:36:53,862] {processor.py:637} INFO - DAG(s) dict_keys(['example_external_task_marker_parent', 'example_external_task_marker_child']) retrieved from /Users/sravanisigadam/PycharmProjects/Airflow/venv/lib/python3.9/site-packages/airflow/example_dags/example_external_task_marker_dag.py
[2021-11-17 03:36:53,874] {logging_mixin.py:109} INFO - [2021-11-17 03:36:53,873] {dag.py:2396} INFO - Sync 2 DAGs
[2021-11-17 03:36:53,879] {logging_mixin.py:109} INFO - [2021-11-17 03:36:53,879] {dag.py:2928} INFO - Setting next_dagrun for example_external_task_marker_child to None
[2021-11-17 03:36:53,879] {logging_mixin.py:109} INFO - [2021-11-17 03:36:53,879] {dag.py:2928} INFO - Setting next_dagrun for example_external_task_marker_parent to None
[2021-11-17 03:36:53,883] {processor.py:171} INFO - Processing /Users/sravanisigadam/PycharmProjects/Airflow/venv/lib/python3.9/site-packages/airflow/example_dags/example_external_task_marker_dag.py took 0.045 seconds
[2021-11-17 09:14:03,012] {processor.py:163} INFO - Started process (PID=45413) to work on /Users/sravanisigadam/PycharmProjects/Airflow/venv/lib/python3.9/site-packages/airflow/example_dags/example_external_task_marker_dag.py
[2021-11-17 09:14:03,012] {processor.py:625} INFO - Processing file /Users/sravanisigadam/PycharmProjects/Airflow/venv/lib/python3.9/site-packages/airflow/example_dags/example_external_task_marker_dag.py for tasks to queue
[2021-11-17 09:14:03,012] {logging_mixin.py:109} INFO - [2021-11-17 09:14:03,012] {dagbag.py:500} INFO - Filling up the DagBag from /Users/sravanisigadam/PycharmProjects/Airflow/venv/lib/python3.9/site-packages/airflow/example_dags/example_external_task_marker_dag.py
[2021-11-17 09:14:03,038] {processor.py:637} INFO - DAG(s) dict_keys(['example_external_task_marker_parent', 'example_external_task_marker_child']) retrieved from /Users/sravanisigadam/PycharmProjects/Airflow/venv/lib/python3.9/site-packages/airflow/example_dags/example_external_task_marker_dag.py
[2021-11-17 09:14:03,050] {logging_mixin.py:109} INFO - [2021-11-17 09:14:03,050] {dag.py:2396} INFO - Sync 2 DAGs
[2021-11-17 09:14:03,056] {logging_mixin.py:109} INFO - [2021-11-17 09:14:03,056] {dag.py:2928} INFO - Setting next_dagrun for example_external_task_marker_child to None
[2021-11-17 09:14:03,056] {logging_mixin.py:109} INFO - [2021-11-17 09:14:03,056] {dag.py:2928} INFO - Setting next_dagrun for example_external_task_marker_parent to None
[2021-11-17 09:14:03,061] {processor.py:171} INFO - Processing /Users/sravanisigadam/PycharmProjects/Airflow/venv/lib/python3.9/site-packages/airflow/example_dags/example_external_task_marker_dag.py took 0.050 seconds
[2021-11-17 14:39:29,817] {processor.py:163} INFO - Started process (PID=45508) to work on /Users/sravanisigadam/PycharmProjects/Airflow/venv/lib/python3.9/site-packages/airflow/example_dags/example_external_task_marker_dag.py
[2021-11-17 14:39:29,818] {processor.py:625} INFO - Processing file /Users/sravanisigadam/PycharmProjects/Airflow/venv/lib/python3.9/site-packages/airflow/example_dags/example_external_task_marker_dag.py for tasks to queue
[2021-11-17 14:39:29,818] {logging_mixin.py:109} INFO - [2021-11-17 14:39:29,818] {dagbag.py:500} INFO - Filling up the DagBag from /Users/sravanisigadam/PycharmProjects/Airflow/venv/lib/python3.9/site-packages/airflow/example_dags/example_external_task_marker_dag.py
[2021-11-17 14:39:29,840] {processor.py:637} INFO - DAG(s) dict_keys(['example_external_task_marker_parent', 'example_external_task_marker_child']) retrieved from /Users/sravanisigadam/PycharmProjects/Airflow/venv/lib/python3.9/site-packages/airflow/example_dags/example_external_task_marker_dag.py
[2021-11-17 14:39:29,851] {logging_mixin.py:109} INFO - [2021-11-17 14:39:29,851] {dag.py:2396} INFO - Sync 2 DAGs
[2021-11-17 14:39:29,856] {logging_mixin.py:109} INFO - [2021-11-17 14:39:29,856] {dag.py:2928} INFO - Setting next_dagrun for example_external_task_marker_child to None
[2021-11-17 14:39:29,856] {logging_mixin.py:109} INFO - [2021-11-17 14:39:29,856] {dag.py:2928} INFO - Setting next_dagrun for example_external_task_marker_parent to None
[2021-11-17 14:39:29,861] {processor.py:171} INFO - Processing /Users/sravanisigadam/PycharmProjects/Airflow/venv/lib/python3.9/site-packages/airflow/example_dags/example_external_task_marker_dag.py took 0.044 seconds
