[2021-11-17 01:06:45,176] {processor.py:163} INFO - Started process (PID=44832) to work on /Users/sravanisigadam/PycharmProjects/Airflow/venv/lib/python3.9/site-packages/airflow/example_dags/example_kubernetes_executor_config.py
[2021-11-17 01:06:45,176] {processor.py:625} INFO - Processing file /Users/sravanisigadam/PycharmProjects/Airflow/venv/lib/python3.9/site-packages/airflow/example_dags/example_kubernetes_executor_config.py for tasks to queue
[2021-11-17 01:06:45,176] {logging_mixin.py:109} INFO - [2021-11-17 01:06:45,176] {dagbag.py:500} INFO - Filling up the DagBag from /Users/sravanisigadam/PycharmProjects/Airflow/venv/lib/python3.9/site-packages/airflow/example_dags/example_kubernetes_executor_config.py
[2021-11-17 01:06:45,189] {logging_mixin.py:109} INFO - [2021-11-17 01:06:45,189] {example_kubernetes_executor_config.py:171} WARNING - Could not import DAGs in example_kubernetes_executor_config.py: No module named 'kubernetes'
[2021-11-17 01:06:45,189] {logging_mixin.py:109} INFO - [2021-11-17 01:06:45,189] {example_kubernetes_executor_config.py:172} WARNING - Install kubernetes dependencies with: pip install apache-airflow['cncf.kubernetes']
[2021-11-17 01:06:45,206] {processor.py:639} WARNING - No viable dags retrieved from /Users/sravanisigadam/PycharmProjects/Airflow/venv/lib/python3.9/site-packages/airflow/example_dags/example_kubernetes_executor_config.py
[2021-11-17 01:06:45,207] {processor.py:171} INFO - Processing /Users/sravanisigadam/PycharmProjects/Airflow/venv/lib/python3.9/site-packages/airflow/example_dags/example_kubernetes_executor_config.py took 0.031 seconds
[2021-11-17 01:07:58,875] {processor.py:163} INFO - Started process (PID=44876) to work on /Users/sravanisigadam/PycharmProjects/Airflow/venv/lib/python3.9/site-packages/airflow/example_dags/example_kubernetes_executor_config.py
[2021-11-17 01:07:58,876] {processor.py:625} INFO - Processing file /Users/sravanisigadam/PycharmProjects/Airflow/venv/lib/python3.9/site-packages/airflow/example_dags/example_kubernetes_executor_config.py for tasks to queue
[2021-11-17 01:07:58,877] {logging_mixin.py:109} INFO - [2021-11-17 01:07:58,877] {dagbag.py:500} INFO - Filling up the DagBag from /Users/sravanisigadam/PycharmProjects/Airflow/venv/lib/python3.9/site-packages/airflow/example_dags/example_kubernetes_executor_config.py
[2021-11-17 01:07:58,889] {logging_mixin.py:109} INFO - [2021-11-17 01:07:58,889] {example_kubernetes_executor_config.py:171} WARNING - Could not import DAGs in example_kubernetes_executor_config.py: No module named 'kubernetes'
[2021-11-17 01:07:58,889] {logging_mixin.py:109} INFO - [2021-11-17 01:07:58,889] {example_kubernetes_executor_config.py:172} WARNING - Install kubernetes dependencies with: pip install apache-airflow['cncf.kubernetes']
[2021-11-17 01:07:58,904] {processor.py:639} WARNING - No viable dags retrieved from /Users/sravanisigadam/PycharmProjects/Airflow/venv/lib/python3.9/site-packages/airflow/example_dags/example_kubernetes_executor_config.py
[2021-11-17 01:07:58,905] {processor.py:171} INFO - Processing /Users/sravanisigadam/PycharmProjects/Airflow/venv/lib/python3.9/site-packages/airflow/example_dags/example_kubernetes_executor_config.py took 0.030 seconds
[2021-11-17 01:09:12,581] {processor.py:163} INFO - Started process (PID=44920) to work on /Users/sravanisigadam/PycharmProjects/Airflow/venv/lib/python3.9/site-packages/airflow/example_dags/example_kubernetes_executor_config.py
[2021-11-17 01:09:12,582] {processor.py:625} INFO - Processing file /Users/sravanisigadam/PycharmProjects/Airflow/venv/lib/python3.9/site-packages/airflow/example_dags/example_kubernetes_executor_config.py for tasks to queue
[2021-11-17 01:09:12,582] {logging_mixin.py:109} INFO - [2021-11-17 01:09:12,582] {dagbag.py:500} INFO - Filling up the DagBag from /Users/sravanisigadam/PycharmProjects/Airflow/venv/lib/python3.9/site-packages/airflow/example_dags/example_kubernetes_executor_config.py
[2021-11-17 01:09:12,597] {logging_mixin.py:109} INFO - [2021-11-17 01:09:12,597] {example_kubernetes_executor_config.py:171} WARNING - Could not import DAGs in example_kubernetes_executor_config.py: No module named 'kubernetes'
[2021-11-17 01:09:12,597] {logging_mixin.py:109} INFO - [2021-11-17 01:09:12,597] {example_kubernetes_executor_config.py:172} WARNING - Install kubernetes dependencies with: pip install apache-airflow['cncf.kubernetes']
[2021-11-17 01:09:12,612] {processor.py:639} WARNING - No viable dags retrieved from /Users/sravanisigadam/PycharmProjects/Airflow/venv/lib/python3.9/site-packages/airflow/example_dags/example_kubernetes_executor_config.py
[2021-11-17 01:09:12,613] {processor.py:171} INFO - Processing /Users/sravanisigadam/PycharmProjects/Airflow/venv/lib/python3.9/site-packages/airflow/example_dags/example_kubernetes_executor_config.py took 0.033 seconds
[2021-11-17 01:10:26,559] {processor.py:163} INFO - Started process (PID=44982) to work on /Users/sravanisigadam/PycharmProjects/Airflow/venv/lib/python3.9/site-packages/airflow/example_dags/example_kubernetes_executor_config.py
[2021-11-17 01:10:26,559] {processor.py:625} INFO - Processing file /Users/sravanisigadam/PycharmProjects/Airflow/venv/lib/python3.9/site-packages/airflow/example_dags/example_kubernetes_executor_config.py for tasks to queue
[2021-11-17 01:10:26,559] {logging_mixin.py:109} INFO - [2021-11-17 01:10:26,559] {dagbag.py:500} INFO - Filling up the DagBag from /Users/sravanisigadam/PycharmProjects/Airflow/venv/lib/python3.9/site-packages/airflow/example_dags/example_kubernetes_executor_config.py
[2021-11-17 01:10:26,573] {logging_mixin.py:109} INFO - [2021-11-17 01:10:26,573] {example_kubernetes_executor_config.py:171} WARNING - Could not import DAGs in example_kubernetes_executor_config.py: No module named 'kubernetes'
[2021-11-17 01:10:26,573] {logging_mixin.py:109} INFO - [2021-11-17 01:10:26,573] {example_kubernetes_executor_config.py:172} WARNING - Install kubernetes dependencies with: pip install apache-airflow['cncf.kubernetes']
[2021-11-17 01:10:26,588] {processor.py:639} WARNING - No viable dags retrieved from /Users/sravanisigadam/PycharmProjects/Airflow/venv/lib/python3.9/site-packages/airflow/example_dags/example_kubernetes_executor_config.py
[2021-11-17 01:10:26,589] {processor.py:171} INFO - Processing /Users/sravanisigadam/PycharmProjects/Airflow/venv/lib/python3.9/site-packages/airflow/example_dags/example_kubernetes_executor_config.py took 0.031 seconds
[2021-11-17 01:11:40,189] {processor.py:163} INFO - Started process (PID=45022) to work on /Users/sravanisigadam/PycharmProjects/Airflow/venv/lib/python3.9/site-packages/airflow/example_dags/example_kubernetes_executor_config.py
[2021-11-17 01:11:40,190] {processor.py:625} INFO - Processing file /Users/sravanisigadam/PycharmProjects/Airflow/venv/lib/python3.9/site-packages/airflow/example_dags/example_kubernetes_executor_config.py for tasks to queue
[2021-11-17 01:11:40,190] {logging_mixin.py:109} INFO - [2021-11-17 01:11:40,190] {dagbag.py:500} INFO - Filling up the DagBag from /Users/sravanisigadam/PycharmProjects/Airflow/venv/lib/python3.9/site-packages/airflow/example_dags/example_kubernetes_executor_config.py
[2021-11-17 01:11:40,203] {logging_mixin.py:109} INFO - [2021-11-17 01:11:40,203] {example_kubernetes_executor_config.py:171} WARNING - Could not import DAGs in example_kubernetes_executor_config.py: No module named 'kubernetes'
[2021-11-17 01:11:40,203] {logging_mixin.py:109} INFO - [2021-11-17 01:11:40,203] {example_kubernetes_executor_config.py:172} WARNING - Install kubernetes dependencies with: pip install apache-airflow['cncf.kubernetes']
[2021-11-17 01:11:40,218] {processor.py:639} WARNING - No viable dags retrieved from /Users/sravanisigadam/PycharmProjects/Airflow/venv/lib/python3.9/site-packages/airflow/example_dags/example_kubernetes_executor_config.py
[2021-11-17 01:11:40,220] {processor.py:171} INFO - Processing /Users/sravanisigadam/PycharmProjects/Airflow/venv/lib/python3.9/site-packages/airflow/example_dags/example_kubernetes_executor_config.py took 0.030 seconds
[2021-11-17 01:12:53,659] {processor.py:163} INFO - Started process (PID=45060) to work on /Users/sravanisigadam/PycharmProjects/Airflow/venv/lib/python3.9/site-packages/airflow/example_dags/example_kubernetes_executor_config.py
[2021-11-17 01:12:53,660] {processor.py:625} INFO - Processing file /Users/sravanisigadam/PycharmProjects/Airflow/venv/lib/python3.9/site-packages/airflow/example_dags/example_kubernetes_executor_config.py for tasks to queue
[2021-11-17 01:12:53,660] {logging_mixin.py:109} INFO - [2021-11-17 01:12:53,660] {dagbag.py:500} INFO - Filling up the DagBag from /Users/sravanisigadam/PycharmProjects/Airflow/venv/lib/python3.9/site-packages/airflow/example_dags/example_kubernetes_executor_config.py
[2021-11-17 01:12:53,674] {logging_mixin.py:109} INFO - [2021-11-17 01:12:53,674] {example_kubernetes_executor_config.py:171} WARNING - Could not import DAGs in example_kubernetes_executor_config.py: No module named 'kubernetes'
[2021-11-17 01:12:53,674] {logging_mixin.py:109} INFO - [2021-11-17 01:12:53,674] {example_kubernetes_executor_config.py:172} WARNING - Install kubernetes dependencies with: pip install apache-airflow['cncf.kubernetes']
[2021-11-17 01:12:53,689] {processor.py:639} WARNING - No viable dags retrieved from /Users/sravanisigadam/PycharmProjects/Airflow/venv/lib/python3.9/site-packages/airflow/example_dags/example_kubernetes_executor_config.py
[2021-11-17 01:12:53,690] {processor.py:171} INFO - Processing /Users/sravanisigadam/PycharmProjects/Airflow/venv/lib/python3.9/site-packages/airflow/example_dags/example_kubernetes_executor_config.py took 0.031 seconds
[2021-11-17 01:14:07,435] {processor.py:163} INFO - Started process (PID=45096) to work on /Users/sravanisigadam/PycharmProjects/Airflow/venv/lib/python3.9/site-packages/airflow/example_dags/example_kubernetes_executor_config.py
[2021-11-17 01:14:07,435] {processor.py:625} INFO - Processing file /Users/sravanisigadam/PycharmProjects/Airflow/venv/lib/python3.9/site-packages/airflow/example_dags/example_kubernetes_executor_config.py for tasks to queue
[2021-11-17 01:14:07,436] {logging_mixin.py:109} INFO - [2021-11-17 01:14:07,436] {dagbag.py:500} INFO - Filling up the DagBag from /Users/sravanisigadam/PycharmProjects/Airflow/venv/lib/python3.9/site-packages/airflow/example_dags/example_kubernetes_executor_config.py
[2021-11-17 01:14:07,449] {logging_mixin.py:109} INFO - [2021-11-17 01:14:07,449] {example_kubernetes_executor_config.py:171} WARNING - Could not import DAGs in example_kubernetes_executor_config.py: No module named 'kubernetes'
[2021-11-17 01:14:07,449] {logging_mixin.py:109} INFO - [2021-11-17 01:14:07,449] {example_kubernetes_executor_config.py:172} WARNING - Install kubernetes dependencies with: pip install apache-airflow['cncf.kubernetes']
[2021-11-17 01:14:07,465] {processor.py:639} WARNING - No viable dags retrieved from /Users/sravanisigadam/PycharmProjects/Airflow/venv/lib/python3.9/site-packages/airflow/example_dags/example_kubernetes_executor_config.py
[2021-11-17 01:14:07,466] {processor.py:171} INFO - Processing /Users/sravanisigadam/PycharmProjects/Airflow/venv/lib/python3.9/site-packages/airflow/example_dags/example_kubernetes_executor_config.py took 0.031 seconds
[2021-11-17 01:15:21,124] {processor.py:163} INFO - Started process (PID=45132) to work on /Users/sravanisigadam/PycharmProjects/Airflow/venv/lib/python3.9/site-packages/airflow/example_dags/example_kubernetes_executor_config.py
[2021-11-17 01:15:21,124] {processor.py:625} INFO - Processing file /Users/sravanisigadam/PycharmProjects/Airflow/venv/lib/python3.9/site-packages/airflow/example_dags/example_kubernetes_executor_config.py for tasks to queue
[2021-11-17 01:15:21,124] {logging_mixin.py:109} INFO - [2021-11-17 01:15:21,124] {dagbag.py:500} INFO - Filling up the DagBag from /Users/sravanisigadam/PycharmProjects/Airflow/venv/lib/python3.9/site-packages/airflow/example_dags/example_kubernetes_executor_config.py
[2021-11-17 01:15:21,138] {logging_mixin.py:109} INFO - [2021-11-17 01:15:21,138] {example_kubernetes_executor_config.py:171} WARNING - Could not import DAGs in example_kubernetes_executor_config.py: No module named 'kubernetes'
[2021-11-17 01:15:21,138] {logging_mixin.py:109} INFO - [2021-11-17 01:15:21,138] {example_kubernetes_executor_config.py:172} WARNING - Install kubernetes dependencies with: pip install apache-airflow['cncf.kubernetes']
[2021-11-17 01:15:21,154] {processor.py:639} WARNING - No viable dags retrieved from /Users/sravanisigadam/PycharmProjects/Airflow/venv/lib/python3.9/site-packages/airflow/example_dags/example_kubernetes_executor_config.py
[2021-11-17 01:15:21,155] {processor.py:171} INFO - Processing /Users/sravanisigadam/PycharmProjects/Airflow/venv/lib/python3.9/site-packages/airflow/example_dags/example_kubernetes_executor_config.py took 0.032 seconds
[2021-11-17 01:20:40,455] {processor.py:163} INFO - Started process (PID=45221) to work on /Users/sravanisigadam/PycharmProjects/Airflow/venv/lib/python3.9/site-packages/airflow/example_dags/example_kubernetes_executor_config.py
[2021-11-17 01:20:40,456] {processor.py:625} INFO - Processing file /Users/sravanisigadam/PycharmProjects/Airflow/venv/lib/python3.9/site-packages/airflow/example_dags/example_kubernetes_executor_config.py for tasks to queue
[2021-11-17 01:20:40,456] {logging_mixin.py:109} INFO - [2021-11-17 01:20:40,456] {dagbag.py:500} INFO - Filling up the DagBag from /Users/sravanisigadam/PycharmProjects/Airflow/venv/lib/python3.9/site-packages/airflow/example_dags/example_kubernetes_executor_config.py
[2021-11-17 01:20:40,471] {logging_mixin.py:109} INFO - [2021-11-17 01:20:40,471] {example_kubernetes_executor_config.py:171} WARNING - Could not import DAGs in example_kubernetes_executor_config.py: No module named 'kubernetes'
[2021-11-17 01:20:40,471] {logging_mixin.py:109} INFO - [2021-11-17 01:20:40,471] {example_kubernetes_executor_config.py:172} WARNING - Install kubernetes dependencies with: pip install apache-airflow['cncf.kubernetes']
[2021-11-17 01:20:40,488] {processor.py:639} WARNING - No viable dags retrieved from /Users/sravanisigadam/PycharmProjects/Airflow/venv/lib/python3.9/site-packages/airflow/example_dags/example_kubernetes_executor_config.py
[2021-11-17 01:20:40,489] {processor.py:171} INFO - Processing /Users/sravanisigadam/PycharmProjects/Airflow/venv/lib/python3.9/site-packages/airflow/example_dags/example_kubernetes_executor_config.py took 0.034 seconds
[2021-11-17 08:57:40,661] {processor.py:163} INFO - Started process (PID=45409) to work on /Users/sravanisigadam/PycharmProjects/Airflow/venv/lib/python3.9/site-packages/airflow/example_dags/example_kubernetes_executor_config.py
[2021-11-17 08:57:40,661] {processor.py:625} INFO - Processing file /Users/sravanisigadam/PycharmProjects/Airflow/venv/lib/python3.9/site-packages/airflow/example_dags/example_kubernetes_executor_config.py for tasks to queue
[2021-11-17 08:57:40,661] {logging_mixin.py:109} INFO - [2021-11-17 08:57:40,661] {dagbag.py:500} INFO - Filling up the DagBag from /Users/sravanisigadam/PycharmProjects/Airflow/venv/lib/python3.9/site-packages/airflow/example_dags/example_kubernetes_executor_config.py
[2021-11-17 08:57:40,673] {logging_mixin.py:109} INFO - [2021-11-17 08:57:40,673] {example_kubernetes_executor_config.py:171} WARNING - Could not import DAGs in example_kubernetes_executor_config.py: No module named 'kubernetes'
[2021-11-17 08:57:40,673] {logging_mixin.py:109} INFO - [2021-11-17 08:57:40,673] {example_kubernetes_executor_config.py:172} WARNING - Install kubernetes dependencies with: pip install apache-airflow['cncf.kubernetes']
[2021-11-17 08:57:40,688] {processor.py:639} WARNING - No viable dags retrieved from /Users/sravanisigadam/PycharmProjects/Airflow/venv/lib/python3.9/site-packages/airflow/example_dags/example_kubernetes_executor_config.py
[2021-11-17 08:57:40,690] {processor.py:171} INFO - Processing /Users/sravanisigadam/PycharmProjects/Airflow/venv/lib/python3.9/site-packages/airflow/example_dags/example_kubernetes_executor_config.py took 0.029 seconds
[2021-11-17 14:28:20,903] {processor.py:163} INFO - Started process (PID=45502) to work on /Users/sravanisigadam/PycharmProjects/Airflow/venv/lib/python3.9/site-packages/airflow/example_dags/example_kubernetes_executor_config.py
[2021-11-17 14:28:20,903] {processor.py:625} INFO - Processing file /Users/sravanisigadam/PycharmProjects/Airflow/venv/lib/python3.9/site-packages/airflow/example_dags/example_kubernetes_executor_config.py for tasks to queue
[2021-11-17 14:28:20,904] {logging_mixin.py:109} INFO - [2021-11-17 14:28:20,903] {dagbag.py:500} INFO - Filling up the DagBag from /Users/sravanisigadam/PycharmProjects/Airflow/venv/lib/python3.9/site-packages/airflow/example_dags/example_kubernetes_executor_config.py
[2021-11-17 14:28:20,914] {logging_mixin.py:109} INFO - [2021-11-17 14:28:20,914] {example_kubernetes_executor_config.py:171} WARNING - Could not import DAGs in example_kubernetes_executor_config.py: No module named 'kubernetes'
[2021-11-17 14:28:20,914] {logging_mixin.py:109} INFO - [2021-11-17 14:28:20,914] {example_kubernetes_executor_config.py:172} WARNING - Install kubernetes dependencies with: pip install apache-airflow['cncf.kubernetes']
[2021-11-17 14:28:20,929] {processor.py:639} WARNING - No viable dags retrieved from /Users/sravanisigadam/PycharmProjects/Airflow/venv/lib/python3.9/site-packages/airflow/example_dags/example_kubernetes_executor_config.py
[2021-11-17 14:28:20,931] {processor.py:171} INFO - Processing /Users/sravanisigadam/PycharmProjects/Airflow/venv/lib/python3.9/site-packages/airflow/example_dags/example_kubernetes_executor_config.py took 0.028 seconds
