[2021-11-17 01:06:20,418] {processor.py:163} INFO - Started process (PID=44817) to work on /Users/sravanisigadam/PycharmProjects/Airflow/venv/lib/python3.9/site-packages/airflow/example_dags/example_trigger_controller_dag.py
[2021-11-17 01:06:20,419] {processor.py:625} INFO - Processing file /Users/sravanisigadam/PycharmProjects/Airflow/venv/lib/python3.9/site-packages/airflow/example_dags/example_trigger_controller_dag.py for tasks to queue
[2021-11-17 01:06:20,419] {logging_mixin.py:109} INFO - [2021-11-17 01:06:20,419] {dagbag.py:500} INFO - Filling up the DagBag from /Users/sravanisigadam/PycharmProjects/Airflow/venv/lib/python3.9/site-packages/airflow/example_dags/example_trigger_controller_dag.py
[2021-11-17 01:06:20,442] {processor.py:637} INFO - DAG(s) dict_keys(['example_trigger_controller_dag']) retrieved from /Users/sravanisigadam/PycharmProjects/Airflow/venv/lib/python3.9/site-packages/airflow/example_dags/example_trigger_controller_dag.py
[2021-11-17 01:06:20,451] {logging_mixin.py:109} INFO - [2021-11-17 01:06:20,451] {dag.py:2396} INFO - Sync 1 DAGs
[2021-11-17 01:06:20,457] {logging_mixin.py:109} INFO - [2021-11-17 01:06:20,457] {dag.py:2928} INFO - Setting next_dagrun for example_trigger_controller_dag to 2021-01-01T00:00:00+00:00
[2021-11-17 01:06:20,461] {processor.py:171} INFO - Processing /Users/sravanisigadam/PycharmProjects/Airflow/venv/lib/python3.9/site-packages/airflow/example_dags/example_trigger_controller_dag.py took 0.043 seconds
[2021-11-17 01:07:27,958] {processor.py:163} INFO - Started process (PID=44859) to work on /Users/sravanisigadam/PycharmProjects/Airflow/venv/lib/python3.9/site-packages/airflow/example_dags/example_trigger_controller_dag.py
[2021-11-17 01:07:27,958] {processor.py:625} INFO - Processing file /Users/sravanisigadam/PycharmProjects/Airflow/venv/lib/python3.9/site-packages/airflow/example_dags/example_trigger_controller_dag.py for tasks to queue
[2021-11-17 01:07:27,958] {logging_mixin.py:109} INFO - [2021-11-17 01:07:27,958] {dagbag.py:500} INFO - Filling up the DagBag from /Users/sravanisigadam/PycharmProjects/Airflow/venv/lib/python3.9/site-packages/airflow/example_dags/example_trigger_controller_dag.py
[2021-11-17 01:07:27,983] {processor.py:637} INFO - DAG(s) dict_keys(['example_trigger_controller_dag']) retrieved from /Users/sravanisigadam/PycharmProjects/Airflow/venv/lib/python3.9/site-packages/airflow/example_dags/example_trigger_controller_dag.py
[2021-11-17 01:07:27,993] {logging_mixin.py:109} INFO - [2021-11-17 01:07:27,993] {dag.py:2396} INFO - Sync 1 DAGs
[2021-11-17 01:07:27,998] {logging_mixin.py:109} INFO - [2021-11-17 01:07:27,998] {dag.py:2928} INFO - Setting next_dagrun for example_trigger_controller_dag to 2021-01-01T00:00:00+00:00
[2021-11-17 01:07:28,002] {processor.py:171} INFO - Processing /Users/sravanisigadam/PycharmProjects/Airflow/venv/lib/python3.9/site-packages/airflow/example_dags/example_trigger_controller_dag.py took 0.045 seconds
[2021-11-17 01:08:41,406] {processor.py:163} INFO - Started process (PID=44900) to work on /Users/sravanisigadam/PycharmProjects/Airflow/venv/lib/python3.9/site-packages/airflow/example_dags/example_trigger_controller_dag.py
[2021-11-17 01:08:41,407] {processor.py:625} INFO - Processing file /Users/sravanisigadam/PycharmProjects/Airflow/venv/lib/python3.9/site-packages/airflow/example_dags/example_trigger_controller_dag.py for tasks to queue
[2021-11-17 01:08:41,407] {logging_mixin.py:109} INFO - [2021-11-17 01:08:41,407] {dagbag.py:500} INFO - Filling up the DagBag from /Users/sravanisigadam/PycharmProjects/Airflow/venv/lib/python3.9/site-packages/airflow/example_dags/example_trigger_controller_dag.py
[2021-11-17 01:08:41,431] {processor.py:637} INFO - DAG(s) dict_keys(['example_trigger_controller_dag']) retrieved from /Users/sravanisigadam/PycharmProjects/Airflow/venv/lib/python3.9/site-packages/airflow/example_dags/example_trigger_controller_dag.py
[2021-11-17 01:08:41,441] {logging_mixin.py:109} INFO - [2021-11-17 01:08:41,441] {dag.py:2396} INFO - Sync 1 DAGs
[2021-11-17 01:08:41,446] {logging_mixin.py:109} INFO - [2021-11-17 01:08:41,446] {dag.py:2928} INFO - Setting next_dagrun for example_trigger_controller_dag to 2021-01-01T00:00:00+00:00
[2021-11-17 01:08:41,451] {processor.py:171} INFO - Processing /Users/sravanisigadam/PycharmProjects/Airflow/venv/lib/python3.9/site-packages/airflow/example_dags/example_trigger_controller_dag.py took 0.045 seconds
[2021-11-17 01:09:55,715] {processor.py:163} INFO - Started process (PID=44964) to work on /Users/sravanisigadam/PycharmProjects/Airflow/venv/lib/python3.9/site-packages/airflow/example_dags/example_trigger_controller_dag.py
[2021-11-17 01:09:55,716] {processor.py:625} INFO - Processing file /Users/sravanisigadam/PycharmProjects/Airflow/venv/lib/python3.9/site-packages/airflow/example_dags/example_trigger_controller_dag.py for tasks to queue
[2021-11-17 01:09:55,716] {logging_mixin.py:109} INFO - [2021-11-17 01:09:55,716] {dagbag.py:500} INFO - Filling up the DagBag from /Users/sravanisigadam/PycharmProjects/Airflow/venv/lib/python3.9/site-packages/airflow/example_dags/example_trigger_controller_dag.py
[2021-11-17 01:09:55,740] {processor.py:637} INFO - DAG(s) dict_keys(['example_trigger_controller_dag']) retrieved from /Users/sravanisigadam/PycharmProjects/Airflow/venv/lib/python3.9/site-packages/airflow/example_dags/example_trigger_controller_dag.py
[2021-11-17 01:09:55,751] {logging_mixin.py:109} INFO - [2021-11-17 01:09:55,751] {dag.py:2396} INFO - Sync 1 DAGs
[2021-11-17 01:09:55,756] {logging_mixin.py:109} INFO - [2021-11-17 01:09:55,756] {dag.py:2928} INFO - Setting next_dagrun for example_trigger_controller_dag to 2021-01-01T00:00:00+00:00
[2021-11-17 01:09:55,761] {processor.py:171} INFO - Processing /Users/sravanisigadam/PycharmProjects/Airflow/venv/lib/python3.9/site-packages/airflow/example_dags/example_trigger_controller_dag.py took 0.047 seconds
[2021-11-17 01:11:09,561] {processor.py:163} INFO - Started process (PID=45007) to work on /Users/sravanisigadam/PycharmProjects/Airflow/venv/lib/python3.9/site-packages/airflow/example_dags/example_trigger_controller_dag.py
[2021-11-17 01:11:09,562] {processor.py:625} INFO - Processing file /Users/sravanisigadam/PycharmProjects/Airflow/venv/lib/python3.9/site-packages/airflow/example_dags/example_trigger_controller_dag.py for tasks to queue
[2021-11-17 01:11:09,562] {logging_mixin.py:109} INFO - [2021-11-17 01:11:09,562] {dagbag.py:500} INFO - Filling up the DagBag from /Users/sravanisigadam/PycharmProjects/Airflow/venv/lib/python3.9/site-packages/airflow/example_dags/example_trigger_controller_dag.py
[2021-11-17 01:11:09,586] {processor.py:637} INFO - DAG(s) dict_keys(['example_trigger_controller_dag']) retrieved from /Users/sravanisigadam/PycharmProjects/Airflow/venv/lib/python3.9/site-packages/airflow/example_dags/example_trigger_controller_dag.py
[2021-11-17 01:11:09,596] {logging_mixin.py:109} INFO - [2021-11-17 01:11:09,596] {dag.py:2396} INFO - Sync 1 DAGs
[2021-11-17 01:11:09,601] {logging_mixin.py:109} INFO - [2021-11-17 01:11:09,601] {dag.py:2928} INFO - Setting next_dagrun for example_trigger_controller_dag to 2021-01-01T00:00:00+00:00
[2021-11-17 01:11:09,606] {processor.py:171} INFO - Processing /Users/sravanisigadam/PycharmProjects/Airflow/venv/lib/python3.9/site-packages/airflow/example_dags/example_trigger_controller_dag.py took 0.045 seconds
[2021-11-17 01:12:22,610] {processor.py:163} INFO - Started process (PID=45044) to work on /Users/sravanisigadam/PycharmProjects/Airflow/venv/lib/python3.9/site-packages/airflow/example_dags/example_trigger_controller_dag.py
[2021-11-17 01:12:22,610] {processor.py:625} INFO - Processing file /Users/sravanisigadam/PycharmProjects/Airflow/venv/lib/python3.9/site-packages/airflow/example_dags/example_trigger_controller_dag.py for tasks to queue
[2021-11-17 01:12:22,611] {logging_mixin.py:109} INFO - [2021-11-17 01:12:22,611] {dagbag.py:500} INFO - Filling up the DagBag from /Users/sravanisigadam/PycharmProjects/Airflow/venv/lib/python3.9/site-packages/airflow/example_dags/example_trigger_controller_dag.py
[2021-11-17 01:12:22,633] {processor.py:637} INFO - DAG(s) dict_keys(['example_trigger_controller_dag']) retrieved from /Users/sravanisigadam/PycharmProjects/Airflow/venv/lib/python3.9/site-packages/airflow/example_dags/example_trigger_controller_dag.py
[2021-11-17 01:12:22,643] {logging_mixin.py:109} INFO - [2021-11-17 01:12:22,643] {dag.py:2396} INFO - Sync 1 DAGs
[2021-11-17 01:12:22,648] {logging_mixin.py:109} INFO - [2021-11-17 01:12:22,648] {dag.py:2928} INFO - Setting next_dagrun for example_trigger_controller_dag to 2021-01-01T00:00:00+00:00
[2021-11-17 01:12:22,653] {processor.py:171} INFO - Processing /Users/sravanisigadam/PycharmProjects/Airflow/venv/lib/python3.9/site-packages/airflow/example_dags/example_trigger_controller_dag.py took 0.043 seconds
[2021-11-17 01:13:36,503] {processor.py:163} INFO - Started process (PID=45081) to work on /Users/sravanisigadam/PycharmProjects/Airflow/venv/lib/python3.9/site-packages/airflow/example_dags/example_trigger_controller_dag.py
[2021-11-17 01:13:36,503] {processor.py:625} INFO - Processing file /Users/sravanisigadam/PycharmProjects/Airflow/venv/lib/python3.9/site-packages/airflow/example_dags/example_trigger_controller_dag.py for tasks to queue
[2021-11-17 01:13:36,503] {logging_mixin.py:109} INFO - [2021-11-17 01:13:36,503] {dagbag.py:500} INFO - Filling up the DagBag from /Users/sravanisigadam/PycharmProjects/Airflow/venv/lib/python3.9/site-packages/airflow/example_dags/example_trigger_controller_dag.py
[2021-11-17 01:13:36,525] {processor.py:637} INFO - DAG(s) dict_keys(['example_trigger_controller_dag']) retrieved from /Users/sravanisigadam/PycharmProjects/Airflow/venv/lib/python3.9/site-packages/airflow/example_dags/example_trigger_controller_dag.py
[2021-11-17 01:13:36,535] {logging_mixin.py:109} INFO - [2021-11-17 01:13:36,535] {dag.py:2396} INFO - Sync 1 DAGs
[2021-11-17 01:13:36,540] {logging_mixin.py:109} INFO - [2021-11-17 01:13:36,540] {dag.py:2928} INFO - Setting next_dagrun for example_trigger_controller_dag to 2021-01-01T00:00:00+00:00
[2021-11-17 01:13:36,546] {processor.py:171} INFO - Processing /Users/sravanisigadam/PycharmProjects/Airflow/venv/lib/python3.9/site-packages/airflow/example_dags/example_trigger_controller_dag.py took 0.044 seconds
[2021-11-17 01:14:49,892] {processor.py:163} INFO - Started process (PID=45117) to work on /Users/sravanisigadam/PycharmProjects/Airflow/venv/lib/python3.9/site-packages/airflow/example_dags/example_trigger_controller_dag.py
[2021-11-17 01:14:49,892] {processor.py:625} INFO - Processing file /Users/sravanisigadam/PycharmProjects/Airflow/venv/lib/python3.9/site-packages/airflow/example_dags/example_trigger_controller_dag.py for tasks to queue
[2021-11-17 01:14:49,892] {logging_mixin.py:109} INFO - [2021-11-17 01:14:49,892] {dagbag.py:500} INFO - Filling up the DagBag from /Users/sravanisigadam/PycharmProjects/Airflow/venv/lib/python3.9/site-packages/airflow/example_dags/example_trigger_controller_dag.py
[2021-11-17 01:14:49,914] {processor.py:637} INFO - DAG(s) dict_keys(['example_trigger_controller_dag']) retrieved from /Users/sravanisigadam/PycharmProjects/Airflow/venv/lib/python3.9/site-packages/airflow/example_dags/example_trigger_controller_dag.py
[2021-11-17 01:14:49,924] {logging_mixin.py:109} INFO - [2021-11-17 01:14:49,924] {dag.py:2396} INFO - Sync 1 DAGs
[2021-11-17 01:14:49,929] {logging_mixin.py:109} INFO - [2021-11-17 01:14:49,929] {dag.py:2928} INFO - Setting next_dagrun for example_trigger_controller_dag to 2021-01-01T00:00:00+00:00
[2021-11-17 01:14:49,934] {processor.py:171} INFO - Processing /Users/sravanisigadam/PycharmProjects/Airflow/venv/lib/python3.9/site-packages/airflow/example_dags/example_trigger_controller_dag.py took 0.042 seconds
[2021-11-17 01:20:15,837] {processor.py:163} INFO - Started process (PID=45191) to work on /Users/sravanisigadam/PycharmProjects/Airflow/venv/lib/python3.9/site-packages/airflow/example_dags/example_trigger_controller_dag.py
[2021-11-17 01:20:15,837] {processor.py:625} INFO - Processing file /Users/sravanisigadam/PycharmProjects/Airflow/venv/lib/python3.9/site-packages/airflow/example_dags/example_trigger_controller_dag.py for tasks to queue
[2021-11-17 01:20:15,838] {logging_mixin.py:109} INFO - [2021-11-17 01:20:15,838] {dagbag.py:500} INFO - Filling up the DagBag from /Users/sravanisigadam/PycharmProjects/Airflow/venv/lib/python3.9/site-packages/airflow/example_dags/example_trigger_controller_dag.py
[2021-11-17 01:20:15,861] {processor.py:637} INFO - DAG(s) dict_keys(['example_trigger_controller_dag']) retrieved from /Users/sravanisigadam/PycharmProjects/Airflow/venv/lib/python3.9/site-packages/airflow/example_dags/example_trigger_controller_dag.py
[2021-11-17 01:20:15,871] {logging_mixin.py:109} INFO - [2021-11-17 01:20:15,870] {dag.py:2396} INFO - Sync 1 DAGs
[2021-11-17 01:20:15,875] {logging_mixin.py:109} INFO - [2021-11-17 01:20:15,875] {dag.py:2928} INFO - Setting next_dagrun for example_trigger_controller_dag to 2021-01-01T00:00:00+00:00
[2021-11-17 01:20:15,880] {processor.py:171} INFO - Processing /Users/sravanisigadam/PycharmProjects/Airflow/venv/lib/python3.9/site-packages/airflow/example_dags/example_trigger_controller_dag.py took 0.043 seconds
[2021-11-17 07:37:11,134] {processor.py:163} INFO - Started process (PID=45368) to work on /Users/sravanisigadam/PycharmProjects/Airflow/venv/lib/python3.9/site-packages/airflow/example_dags/example_trigger_controller_dag.py
[2021-11-17 07:37:11,135] {processor.py:625} INFO - Processing file /Users/sravanisigadam/PycharmProjects/Airflow/venv/lib/python3.9/site-packages/airflow/example_dags/example_trigger_controller_dag.py for tasks to queue
[2021-11-17 07:37:11,135] {logging_mixin.py:109} INFO - [2021-11-17 07:37:11,135] {dagbag.py:500} INFO - Filling up the DagBag from /Users/sravanisigadam/PycharmProjects/Airflow/venv/lib/python3.9/site-packages/airflow/example_dags/example_trigger_controller_dag.py
[2021-11-17 07:37:11,157] {processor.py:637} INFO - DAG(s) dict_keys(['example_trigger_controller_dag']) retrieved from /Users/sravanisigadam/PycharmProjects/Airflow/venv/lib/python3.9/site-packages/airflow/example_dags/example_trigger_controller_dag.py
[2021-11-17 07:37:11,167] {logging_mixin.py:109} INFO - [2021-11-17 07:37:11,167] {dag.py:2396} INFO - Sync 1 DAGs
[2021-11-17 07:37:11,173] {logging_mixin.py:109} INFO - [2021-11-17 07:37:11,172] {dag.py:2928} INFO - Setting next_dagrun for example_trigger_controller_dag to 2021-01-01T00:00:00+00:00
[2021-11-17 07:37:11,177] {processor.py:171} INFO - Processing /Users/sravanisigadam/PycharmProjects/Airflow/venv/lib/python3.9/site-packages/airflow/example_dags/example_trigger_controller_dag.py took 0.043 seconds
[2021-11-17 13:09:28,567] {processor.py:163} INFO - Started process (PID=45470) to work on /Users/sravanisigadam/PycharmProjects/Airflow/venv/lib/python3.9/site-packages/airflow/example_dags/example_trigger_controller_dag.py
[2021-11-17 13:09:28,569] {processor.py:625} INFO - Processing file /Users/sravanisigadam/PycharmProjects/Airflow/venv/lib/python3.9/site-packages/airflow/example_dags/example_trigger_controller_dag.py for tasks to queue
[2021-11-17 13:09:28,569] {logging_mixin.py:109} INFO - [2021-11-17 13:09:28,569] {dagbag.py:500} INFO - Filling up the DagBag from /Users/sravanisigadam/PycharmProjects/Airflow/venv/lib/python3.9/site-packages/airflow/example_dags/example_trigger_controller_dag.py
[2021-11-17 13:09:28,598] {processor.py:637} INFO - DAG(s) dict_keys(['example_trigger_controller_dag']) retrieved from /Users/sravanisigadam/PycharmProjects/Airflow/venv/lib/python3.9/site-packages/airflow/example_dags/example_trigger_controller_dag.py
[2021-11-17 13:09:28,611] {logging_mixin.py:109} INFO - [2021-11-17 13:09:28,611] {dag.py:2396} INFO - Sync 1 DAGs
[2021-11-17 13:09:28,618] {logging_mixin.py:109} INFO - [2021-11-17 13:09:28,618] {dag.py:2928} INFO - Setting next_dagrun for example_trigger_controller_dag to 2021-01-01T00:00:00+00:00
[2021-11-17 13:09:28,625] {processor.py:171} INFO - Processing /Users/sravanisigadam/PycharmProjects/Airflow/venv/lib/python3.9/site-packages/airflow/example_dags/example_trigger_controller_dag.py took 0.059 seconds
