[2021-11-17 01:06:22,061] {processor.py:163} INFO - Started process (PID=44818) to work on /Users/sravanisigadam/PycharmProjects/Airflow/venv/lib/python3.9/site-packages/airflow/example_dags/example_time_delta_sensor_async.py
[2021-11-17 01:06:22,061] {processor.py:625} INFO - Processing file /Users/sravanisigadam/PycharmProjects/Airflow/venv/lib/python3.9/site-packages/airflow/example_dags/example_time_delta_sensor_async.py for tasks to queue
[2021-11-17 01:06:22,061] {logging_mixin.py:109} INFO - [2021-11-17 01:06:22,061] {dagbag.py:500} INFO - Filling up the DagBag from /Users/sravanisigadam/PycharmProjects/Airflow/venv/lib/python3.9/site-packages/airflow/example_dags/example_time_delta_sensor_async.py
[2021-11-17 01:06:22,084] {processor.py:637} INFO - DAG(s) dict_keys(['example_time_delta_sensor_async']) retrieved from /Users/sravanisigadam/PycharmProjects/Airflow/venv/lib/python3.9/site-packages/airflow/example_dags/example_time_delta_sensor_async.py
[2021-11-17 01:06:22,094] {logging_mixin.py:109} INFO - [2021-11-17 01:06:22,094] {dag.py:2396} INFO - Sync 1 DAGs
[2021-11-17 01:06:22,099] {logging_mixin.py:109} INFO - [2021-11-17 01:06:22,099] {dag.py:2928} INFO - Setting next_dagrun for example_time_delta_sensor_async to None
[2021-11-17 01:06:22,103] {processor.py:171} INFO - Processing /Users/sravanisigadam/PycharmProjects/Airflow/venv/lib/python3.9/site-packages/airflow/example_dags/example_time_delta_sensor_async.py took 0.042 seconds
[2021-11-17 01:07:29,772] {processor.py:163} INFO - Started process (PID=44860) to work on /Users/sravanisigadam/PycharmProjects/Airflow/venv/lib/python3.9/site-packages/airflow/example_dags/example_time_delta_sensor_async.py
[2021-11-17 01:07:29,772] {processor.py:625} INFO - Processing file /Users/sravanisigadam/PycharmProjects/Airflow/venv/lib/python3.9/site-packages/airflow/example_dags/example_time_delta_sensor_async.py for tasks to queue
[2021-11-17 01:07:29,772] {logging_mixin.py:109} INFO - [2021-11-17 01:07:29,772] {dagbag.py:500} INFO - Filling up the DagBag from /Users/sravanisigadam/PycharmProjects/Airflow/venv/lib/python3.9/site-packages/airflow/example_dags/example_time_delta_sensor_async.py
[2021-11-17 01:07:29,796] {processor.py:637} INFO - DAG(s) dict_keys(['example_time_delta_sensor_async']) retrieved from /Users/sravanisigadam/PycharmProjects/Airflow/venv/lib/python3.9/site-packages/airflow/example_dags/example_time_delta_sensor_async.py
[2021-11-17 01:07:29,805] {logging_mixin.py:109} INFO - [2021-11-17 01:07:29,805] {dag.py:2396} INFO - Sync 1 DAGs
[2021-11-17 01:07:29,810] {logging_mixin.py:109} INFO - [2021-11-17 01:07:29,810] {dag.py:2928} INFO - Setting next_dagrun for example_time_delta_sensor_async to None
[2021-11-17 01:07:29,814] {processor.py:171} INFO - Processing /Users/sravanisigadam/PycharmProjects/Airflow/venv/lib/python3.9/site-packages/airflow/example_dags/example_time_delta_sensor_async.py took 0.043 seconds
[2021-11-17 01:08:43,645] {processor.py:163} INFO - Started process (PID=44901) to work on /Users/sravanisigadam/PycharmProjects/Airflow/venv/lib/python3.9/site-packages/airflow/example_dags/example_time_delta_sensor_async.py
[2021-11-17 01:08:43,646] {processor.py:625} INFO - Processing file /Users/sravanisigadam/PycharmProjects/Airflow/venv/lib/python3.9/site-packages/airflow/example_dags/example_time_delta_sensor_async.py for tasks to queue
[2021-11-17 01:08:43,646] {logging_mixin.py:109} INFO - [2021-11-17 01:08:43,646] {dagbag.py:500} INFO - Filling up the DagBag from /Users/sravanisigadam/PycharmProjects/Airflow/venv/lib/python3.9/site-packages/airflow/example_dags/example_time_delta_sensor_async.py
[2021-11-17 01:08:43,670] {processor.py:637} INFO - DAG(s) dict_keys(['example_time_delta_sensor_async']) retrieved from /Users/sravanisigadam/PycharmProjects/Airflow/venv/lib/python3.9/site-packages/airflow/example_dags/example_time_delta_sensor_async.py
[2021-11-17 01:08:43,680] {logging_mixin.py:109} INFO - [2021-11-17 01:08:43,680] {dag.py:2396} INFO - Sync 1 DAGs
[2021-11-17 01:08:43,685] {logging_mixin.py:109} INFO - [2021-11-17 01:08:43,685] {dag.py:2928} INFO - Setting next_dagrun for example_time_delta_sensor_async to None
[2021-11-17 01:08:43,690] {processor.py:171} INFO - Processing /Users/sravanisigadam/PycharmProjects/Airflow/venv/lib/python3.9/site-packages/airflow/example_dags/example_time_delta_sensor_async.py took 0.045 seconds
[2021-11-17 01:09:57,478] {processor.py:163} INFO - Started process (PID=44967) to work on /Users/sravanisigadam/PycharmProjects/Airflow/venv/lib/python3.9/site-packages/airflow/example_dags/example_time_delta_sensor_async.py
[2021-11-17 01:09:57,480] {processor.py:625} INFO - Processing file /Users/sravanisigadam/PycharmProjects/Airflow/venv/lib/python3.9/site-packages/airflow/example_dags/example_time_delta_sensor_async.py for tasks to queue
[2021-11-17 01:09:57,480] {logging_mixin.py:109} INFO - [2021-11-17 01:09:57,480] {dagbag.py:500} INFO - Filling up the DagBag from /Users/sravanisigadam/PycharmProjects/Airflow/venv/lib/python3.9/site-packages/airflow/example_dags/example_time_delta_sensor_async.py
[2021-11-17 01:09:57,503] {processor.py:637} INFO - DAG(s) dict_keys(['example_time_delta_sensor_async']) retrieved from /Users/sravanisigadam/PycharmProjects/Airflow/venv/lib/python3.9/site-packages/airflow/example_dags/example_time_delta_sensor_async.py
[2021-11-17 01:09:57,514] {logging_mixin.py:109} INFO - [2021-11-17 01:09:57,514] {dag.py:2396} INFO - Sync 1 DAGs
[2021-11-17 01:09:57,519] {logging_mixin.py:109} INFO - [2021-11-17 01:09:57,519] {dag.py:2928} INFO - Setting next_dagrun for example_time_delta_sensor_async to None
[2021-11-17 01:09:57,523] {processor.py:171} INFO - Processing /Users/sravanisigadam/PycharmProjects/Airflow/venv/lib/python3.9/site-packages/airflow/example_dags/example_time_delta_sensor_async.py took 0.045 seconds
[2021-11-17 01:11:11,363] {processor.py:163} INFO - Started process (PID=45008) to work on /Users/sravanisigadam/PycharmProjects/Airflow/venv/lib/python3.9/site-packages/airflow/example_dags/example_time_delta_sensor_async.py
[2021-11-17 01:11:11,364] {processor.py:625} INFO - Processing file /Users/sravanisigadam/PycharmProjects/Airflow/venv/lib/python3.9/site-packages/airflow/example_dags/example_time_delta_sensor_async.py for tasks to queue
[2021-11-17 01:11:11,365] {logging_mixin.py:109} INFO - [2021-11-17 01:11:11,365] {dagbag.py:500} INFO - Filling up the DagBag from /Users/sravanisigadam/PycharmProjects/Airflow/venv/lib/python3.9/site-packages/airflow/example_dags/example_time_delta_sensor_async.py
[2021-11-17 01:11:11,389] {processor.py:637} INFO - DAG(s) dict_keys(['example_time_delta_sensor_async']) retrieved from /Users/sravanisigadam/PycharmProjects/Airflow/venv/lib/python3.9/site-packages/airflow/example_dags/example_time_delta_sensor_async.py
[2021-11-17 01:11:11,399] {logging_mixin.py:109} INFO - [2021-11-17 01:11:11,399] {dag.py:2396} INFO - Sync 1 DAGs
[2021-11-17 01:11:11,404] {logging_mixin.py:109} INFO - [2021-11-17 01:11:11,404] {dag.py:2928} INFO - Setting next_dagrun for example_time_delta_sensor_async to None
[2021-11-17 01:11:11,409] {processor.py:171} INFO - Processing /Users/sravanisigadam/PycharmProjects/Airflow/venv/lib/python3.9/site-packages/airflow/example_dags/example_time_delta_sensor_async.py took 0.046 seconds
[2021-11-17 01:12:24,781] {processor.py:163} INFO - Started process (PID=45045) to work on /Users/sravanisigadam/PycharmProjects/Airflow/venv/lib/python3.9/site-packages/airflow/example_dags/example_time_delta_sensor_async.py
[2021-11-17 01:12:24,782] {processor.py:625} INFO - Processing file /Users/sravanisigadam/PycharmProjects/Airflow/venv/lib/python3.9/site-packages/airflow/example_dags/example_time_delta_sensor_async.py for tasks to queue
[2021-11-17 01:12:24,782] {logging_mixin.py:109} INFO - [2021-11-17 01:12:24,782] {dagbag.py:500} INFO - Filling up the DagBag from /Users/sravanisigadam/PycharmProjects/Airflow/venv/lib/python3.9/site-packages/airflow/example_dags/example_time_delta_sensor_async.py
[2021-11-17 01:12:24,804] {processor.py:637} INFO - DAG(s) dict_keys(['example_time_delta_sensor_async']) retrieved from /Users/sravanisigadam/PycharmProjects/Airflow/venv/lib/python3.9/site-packages/airflow/example_dags/example_time_delta_sensor_async.py
[2021-11-17 01:12:24,815] {logging_mixin.py:109} INFO - [2021-11-17 01:12:24,815] {dag.py:2396} INFO - Sync 1 DAGs
[2021-11-17 01:12:24,820] {logging_mixin.py:109} INFO - [2021-11-17 01:12:24,820] {dag.py:2928} INFO - Setting next_dagrun for example_time_delta_sensor_async to None
[2021-11-17 01:12:24,826] {processor.py:171} INFO - Processing /Users/sravanisigadam/PycharmProjects/Airflow/venv/lib/python3.9/site-packages/airflow/example_dags/example_time_delta_sensor_async.py took 0.044 seconds
[2021-11-17 01:13:38,279] {processor.py:163} INFO - Started process (PID=45082) to work on /Users/sravanisigadam/PycharmProjects/Airflow/venv/lib/python3.9/site-packages/airflow/example_dags/example_time_delta_sensor_async.py
[2021-11-17 01:13:38,280] {processor.py:625} INFO - Processing file /Users/sravanisigadam/PycharmProjects/Airflow/venv/lib/python3.9/site-packages/airflow/example_dags/example_time_delta_sensor_async.py for tasks to queue
[2021-11-17 01:13:38,280] {logging_mixin.py:109} INFO - [2021-11-17 01:13:38,280] {dagbag.py:500} INFO - Filling up the DagBag from /Users/sravanisigadam/PycharmProjects/Airflow/venv/lib/python3.9/site-packages/airflow/example_dags/example_time_delta_sensor_async.py
[2021-11-17 01:13:38,304] {processor.py:637} INFO - DAG(s) dict_keys(['example_time_delta_sensor_async']) retrieved from /Users/sravanisigadam/PycharmProjects/Airflow/venv/lib/python3.9/site-packages/airflow/example_dags/example_time_delta_sensor_async.py
[2021-11-17 01:13:38,314] {logging_mixin.py:109} INFO - [2021-11-17 01:13:38,314] {dag.py:2396} INFO - Sync 1 DAGs
[2021-11-17 01:13:38,319] {logging_mixin.py:109} INFO - [2021-11-17 01:13:38,319] {dag.py:2928} INFO - Setting next_dagrun for example_time_delta_sensor_async to None
[2021-11-17 01:13:38,324] {processor.py:171} INFO - Processing /Users/sravanisigadam/PycharmProjects/Airflow/venv/lib/python3.9/site-packages/airflow/example_dags/example_time_delta_sensor_async.py took 0.045 seconds
[2021-11-17 01:14:52,092] {processor.py:163} INFO - Started process (PID=45118) to work on /Users/sravanisigadam/PycharmProjects/Airflow/venv/lib/python3.9/site-packages/airflow/example_dags/example_time_delta_sensor_async.py
[2021-11-17 01:14:52,092] {processor.py:625} INFO - Processing file /Users/sravanisigadam/PycharmProjects/Airflow/venv/lib/python3.9/site-packages/airflow/example_dags/example_time_delta_sensor_async.py for tasks to queue
[2021-11-17 01:14:52,093] {logging_mixin.py:109} INFO - [2021-11-17 01:14:52,093] {dagbag.py:500} INFO - Filling up the DagBag from /Users/sravanisigadam/PycharmProjects/Airflow/venv/lib/python3.9/site-packages/airflow/example_dags/example_time_delta_sensor_async.py
[2021-11-17 01:14:52,116] {processor.py:637} INFO - DAG(s) dict_keys(['example_time_delta_sensor_async']) retrieved from /Users/sravanisigadam/PycharmProjects/Airflow/venv/lib/python3.9/site-packages/airflow/example_dags/example_time_delta_sensor_async.py
[2021-11-17 01:14:52,125] {logging_mixin.py:109} INFO - [2021-11-17 01:14:52,125] {dag.py:2396} INFO - Sync 1 DAGs
[2021-11-17 01:14:52,130] {logging_mixin.py:109} INFO - [2021-11-17 01:14:52,130] {dag.py:2928} INFO - Setting next_dagrun for example_time_delta_sensor_async to None
[2021-11-17 01:14:52,135] {processor.py:171} INFO - Processing /Users/sravanisigadam/PycharmProjects/Airflow/venv/lib/python3.9/site-packages/airflow/example_dags/example_time_delta_sensor_async.py took 0.043 seconds
[2021-11-17 01:20:18,019] {processor.py:163} INFO - Started process (PID=45195) to work on /Users/sravanisigadam/PycharmProjects/Airflow/venv/lib/python3.9/site-packages/airflow/example_dags/example_time_delta_sensor_async.py
[2021-11-17 01:20:18,020] {processor.py:625} INFO - Processing file /Users/sravanisigadam/PycharmProjects/Airflow/venv/lib/python3.9/site-packages/airflow/example_dags/example_time_delta_sensor_async.py for tasks to queue
[2021-11-17 01:20:18,020] {logging_mixin.py:109} INFO - [2021-11-17 01:20:18,020] {dagbag.py:500} INFO - Filling up the DagBag from /Users/sravanisigadam/PycharmProjects/Airflow/venv/lib/python3.9/site-packages/airflow/example_dags/example_time_delta_sensor_async.py
[2021-11-17 01:20:18,047] {processor.py:637} INFO - DAG(s) dict_keys(['example_time_delta_sensor_async']) retrieved from /Users/sravanisigadam/PycharmProjects/Airflow/venv/lib/python3.9/site-packages/airflow/example_dags/example_time_delta_sensor_async.py
[2021-11-17 01:20:18,057] {logging_mixin.py:109} INFO - [2021-11-17 01:20:18,057] {dag.py:2396} INFO - Sync 1 DAGs
[2021-11-17 01:20:18,062] {logging_mixin.py:109} INFO - [2021-11-17 01:20:18,062] {dag.py:2928} INFO - Setting next_dagrun for example_time_delta_sensor_async to None
[2021-11-17 01:20:18,066] {processor.py:171} INFO - Processing /Users/sravanisigadam/PycharmProjects/Airflow/venv/lib/python3.9/site-packages/airflow/example_dags/example_time_delta_sensor_async.py took 0.048 seconds
[2021-11-17 07:37:13,808] {processor.py:163} INFO - Started process (PID=45376) to work on /Users/sravanisigadam/PycharmProjects/Airflow/venv/lib/python3.9/site-packages/airflow/example_dags/example_time_delta_sensor_async.py
[2021-11-17 07:37:13,810] {processor.py:625} INFO - Processing file /Users/sravanisigadam/PycharmProjects/Airflow/venv/lib/python3.9/site-packages/airflow/example_dags/example_time_delta_sensor_async.py for tasks to queue
[2021-11-17 07:37:13,810] {logging_mixin.py:109} INFO - [2021-11-17 07:37:13,810] {dagbag.py:500} INFO - Filling up the DagBag from /Users/sravanisigadam/PycharmProjects/Airflow/venv/lib/python3.9/site-packages/airflow/example_dags/example_time_delta_sensor_async.py
[2021-11-17 07:37:13,831] {processor.py:637} INFO - DAG(s) dict_keys(['example_time_delta_sensor_async']) retrieved from /Users/sravanisigadam/PycharmProjects/Airflow/venv/lib/python3.9/site-packages/airflow/example_dags/example_time_delta_sensor_async.py
[2021-11-17 07:37:13,841] {logging_mixin.py:109} INFO - [2021-11-17 07:37:13,841] {dag.py:2396} INFO - Sync 1 DAGs
[2021-11-17 07:37:13,846] {logging_mixin.py:109} INFO - [2021-11-17 07:37:13,846] {dag.py:2928} INFO - Setting next_dagrun for example_time_delta_sensor_async to None
[2021-11-17 07:37:13,851] {processor.py:171} INFO - Processing /Users/sravanisigadam/PycharmProjects/Airflow/venv/lib/python3.9/site-packages/airflow/example_dags/example_time_delta_sensor_async.py took 0.043 seconds
[2021-11-17 13:09:30,793] {processor.py:163} INFO - Started process (PID=45474) to work on /Users/sravanisigadam/PycharmProjects/Airflow/venv/lib/python3.9/site-packages/airflow/example_dags/example_time_delta_sensor_async.py
[2021-11-17 13:09:30,794] {processor.py:625} INFO - Processing file /Users/sravanisigadam/PycharmProjects/Airflow/venv/lib/python3.9/site-packages/airflow/example_dags/example_time_delta_sensor_async.py for tasks to queue
[2021-11-17 13:09:30,795] {logging_mixin.py:109} INFO - [2021-11-17 13:09:30,795] {dagbag.py:500} INFO - Filling up the DagBag from /Users/sravanisigadam/PycharmProjects/Airflow/venv/lib/python3.9/site-packages/airflow/example_dags/example_time_delta_sensor_async.py
[2021-11-17 13:09:30,819] {processor.py:637} INFO - DAG(s) dict_keys(['example_time_delta_sensor_async']) retrieved from /Users/sravanisigadam/PycharmProjects/Airflow/venv/lib/python3.9/site-packages/airflow/example_dags/example_time_delta_sensor_async.py
[2021-11-17 13:09:30,829] {logging_mixin.py:109} INFO - [2021-11-17 13:09:30,829] {dag.py:2396} INFO - Sync 1 DAGs
[2021-11-17 13:09:30,834] {logging_mixin.py:109} INFO - [2021-11-17 13:09:30,834] {dag.py:2928} INFO - Setting next_dagrun for example_time_delta_sensor_async to None
[2021-11-17 13:09:30,838] {processor.py:171} INFO - Processing /Users/sravanisigadam/PycharmProjects/Airflow/venv/lib/python3.9/site-packages/airflow/example_dags/example_time_delta_sensor_async.py took 0.045 seconds
