[2021-11-17 01:06:40,703] {processor.py:163} INFO - Started process (PID=44830) to work on /Users/sravanisigadam/PycharmProjects/Airflow/venv/lib/python3.9/site-packages/airflow/example_dags/example_latest_only_with_trigger.py
[2021-11-17 01:06:40,703] {processor.py:625} INFO - Processing file /Users/sravanisigadam/PycharmProjects/Airflow/venv/lib/python3.9/site-packages/airflow/example_dags/example_latest_only_with_trigger.py for tasks to queue
[2021-11-17 01:06:40,703] {logging_mixin.py:109} INFO - [2021-11-17 01:06:40,703] {dagbag.py:500} INFO - Filling up the DagBag from /Users/sravanisigadam/PycharmProjects/Airflow/venv/lib/python3.9/site-packages/airflow/example_dags/example_latest_only_with_trigger.py
[2021-11-17 01:06:40,726] {processor.py:637} INFO - DAG(s) dict_keys(['latest_only_with_trigger']) retrieved from /Users/sravanisigadam/PycharmProjects/Airflow/venv/lib/python3.9/site-packages/airflow/example_dags/example_latest_only_with_trigger.py
[2021-11-17 01:06:40,737] {logging_mixin.py:109} INFO - [2021-11-17 01:06:40,737] {dag.py:2396} INFO - Sync 1 DAGs
[2021-11-17 01:06:40,742] {logging_mixin.py:109} INFO - [2021-11-17 01:06:40,742] {dag.py:2928} INFO - Setting next_dagrun for latest_only_with_trigger to 2021-11-17T05:06:40.742188+00:00
[2021-11-17 01:06:40,747] {processor.py:171} INFO - Processing /Users/sravanisigadam/PycharmProjects/Airflow/venv/lib/python3.9/site-packages/airflow/example_dags/example_latest_only_with_trigger.py took 0.044 seconds
[2021-11-17 01:07:54,528] {processor.py:163} INFO - Started process (PID=44874) to work on /Users/sravanisigadam/PycharmProjects/Airflow/venv/lib/python3.9/site-packages/airflow/example_dags/example_latest_only_with_trigger.py
[2021-11-17 01:07:54,529] {processor.py:625} INFO - Processing file /Users/sravanisigadam/PycharmProjects/Airflow/venv/lib/python3.9/site-packages/airflow/example_dags/example_latest_only_with_trigger.py for tasks to queue
[2021-11-17 01:07:54,529] {logging_mixin.py:109} INFO - [2021-11-17 01:07:54,529] {dagbag.py:500} INFO - Filling up the DagBag from /Users/sravanisigadam/PycharmProjects/Airflow/venv/lib/python3.9/site-packages/airflow/example_dags/example_latest_only_with_trigger.py
[2021-11-17 01:07:54,553] {processor.py:637} INFO - DAG(s) dict_keys(['latest_only_with_trigger']) retrieved from /Users/sravanisigadam/PycharmProjects/Airflow/venv/lib/python3.9/site-packages/airflow/example_dags/example_latest_only_with_trigger.py
[2021-11-17 01:07:54,563] {logging_mixin.py:109} INFO - [2021-11-17 01:07:54,563] {dag.py:2396} INFO - Sync 1 DAGs
[2021-11-17 01:07:54,568] {logging_mixin.py:109} INFO - [2021-11-17 01:07:54,568] {dag.py:2928} INFO - Setting next_dagrun for latest_only_with_trigger to 2021-11-17T05:07:54.568143+00:00
[2021-11-17 01:07:54,573] {processor.py:171} INFO - Processing /Users/sravanisigadam/PycharmProjects/Airflow/venv/lib/python3.9/site-packages/airflow/example_dags/example_latest_only_with_trigger.py took 0.045 seconds
[2021-11-17 01:09:08,501] {processor.py:163} INFO - Started process (PID=44917) to work on /Users/sravanisigadam/PycharmProjects/Airflow/venv/lib/python3.9/site-packages/airflow/example_dags/example_latest_only_with_trigger.py
[2021-11-17 01:09:08,502] {processor.py:625} INFO - Processing file /Users/sravanisigadam/PycharmProjects/Airflow/venv/lib/python3.9/site-packages/airflow/example_dags/example_latest_only_with_trigger.py for tasks to queue
[2021-11-17 01:09:08,502] {logging_mixin.py:109} INFO - [2021-11-17 01:09:08,502] {dagbag.py:500} INFO - Filling up the DagBag from /Users/sravanisigadam/PycharmProjects/Airflow/venv/lib/python3.9/site-packages/airflow/example_dags/example_latest_only_with_trigger.py
[2021-11-17 01:09:08,525] {processor.py:637} INFO - DAG(s) dict_keys(['latest_only_with_trigger']) retrieved from /Users/sravanisigadam/PycharmProjects/Airflow/venv/lib/python3.9/site-packages/airflow/example_dags/example_latest_only_with_trigger.py
[2021-11-17 01:09:08,536] {logging_mixin.py:109} INFO - [2021-11-17 01:09:08,536] {dag.py:2396} INFO - Sync 1 DAGs
[2021-11-17 01:09:08,541] {logging_mixin.py:109} INFO - [2021-11-17 01:09:08,541] {dag.py:2928} INFO - Setting next_dagrun for latest_only_with_trigger to 2021-11-17T05:09:08.541232+00:00
[2021-11-17 01:09:08,545] {processor.py:171} INFO - Processing /Users/sravanisigadam/PycharmProjects/Airflow/venv/lib/python3.9/site-packages/airflow/example_dags/example_latest_only_with_trigger.py took 0.045 seconds
[2021-11-17 01:10:22,145] {processor.py:163} INFO - Started process (PID=44980) to work on /Users/sravanisigadam/PycharmProjects/Airflow/venv/lib/python3.9/site-packages/airflow/example_dags/example_latest_only_with_trigger.py
[2021-11-17 01:10:22,146] {processor.py:625} INFO - Processing file /Users/sravanisigadam/PycharmProjects/Airflow/venv/lib/python3.9/site-packages/airflow/example_dags/example_latest_only_with_trigger.py for tasks to queue
[2021-11-17 01:10:22,146] {logging_mixin.py:109} INFO - [2021-11-17 01:10:22,146] {dagbag.py:500} INFO - Filling up the DagBag from /Users/sravanisigadam/PycharmProjects/Airflow/venv/lib/python3.9/site-packages/airflow/example_dags/example_latest_only_with_trigger.py
[2021-11-17 01:10:22,169] {processor.py:637} INFO - DAG(s) dict_keys(['latest_only_with_trigger']) retrieved from /Users/sravanisigadam/PycharmProjects/Airflow/venv/lib/python3.9/site-packages/airflow/example_dags/example_latest_only_with_trigger.py
[2021-11-17 01:10:22,179] {logging_mixin.py:109} INFO - [2021-11-17 01:10:22,179] {dag.py:2396} INFO - Sync 1 DAGs
[2021-11-17 01:10:22,185] {logging_mixin.py:109} INFO - [2021-11-17 01:10:22,185] {dag.py:2928} INFO - Setting next_dagrun for latest_only_with_trigger to 2021-11-17T05:10:22.184929+00:00
[2021-11-17 01:10:22,189] {processor.py:171} INFO - Processing /Users/sravanisigadam/PycharmProjects/Airflow/venv/lib/python3.9/site-packages/airflow/example_dags/example_latest_only_with_trigger.py took 0.045 seconds
[2021-11-17 01:11:35,757] {processor.py:163} INFO - Started process (PID=45020) to work on /Users/sravanisigadam/PycharmProjects/Airflow/venv/lib/python3.9/site-packages/airflow/example_dags/example_latest_only_with_trigger.py
[2021-11-17 01:11:35,758] {processor.py:625} INFO - Processing file /Users/sravanisigadam/PycharmProjects/Airflow/venv/lib/python3.9/site-packages/airflow/example_dags/example_latest_only_with_trigger.py for tasks to queue
[2021-11-17 01:11:35,758] {logging_mixin.py:109} INFO - [2021-11-17 01:11:35,758] {dagbag.py:500} INFO - Filling up the DagBag from /Users/sravanisigadam/PycharmProjects/Airflow/venv/lib/python3.9/site-packages/airflow/example_dags/example_latest_only_with_trigger.py
[2021-11-17 01:11:35,780] {processor.py:637} INFO - DAG(s) dict_keys(['latest_only_with_trigger']) retrieved from /Users/sravanisigadam/PycharmProjects/Airflow/venv/lib/python3.9/site-packages/airflow/example_dags/example_latest_only_with_trigger.py
[2021-11-17 01:11:35,791] {logging_mixin.py:109} INFO - [2021-11-17 01:11:35,791] {dag.py:2396} INFO - Sync 1 DAGs
[2021-11-17 01:11:35,796] {logging_mixin.py:109} INFO - [2021-11-17 01:11:35,796] {dag.py:2928} INFO - Setting next_dagrun for latest_only_with_trigger to 2021-11-17T05:11:35.796023+00:00
[2021-11-17 01:11:35,801] {processor.py:171} INFO - Processing /Users/sravanisigadam/PycharmProjects/Airflow/venv/lib/python3.9/site-packages/airflow/example_dags/example_latest_only_with_trigger.py took 0.044 seconds
[2021-11-17 01:12:49,258] {processor.py:163} INFO - Started process (PID=45058) to work on /Users/sravanisigadam/PycharmProjects/Airflow/venv/lib/python3.9/site-packages/airflow/example_dags/example_latest_only_with_trigger.py
[2021-11-17 01:12:49,258] {processor.py:625} INFO - Processing file /Users/sravanisigadam/PycharmProjects/Airflow/venv/lib/python3.9/site-packages/airflow/example_dags/example_latest_only_with_trigger.py for tasks to queue
[2021-11-17 01:12:49,258] {logging_mixin.py:109} INFO - [2021-11-17 01:12:49,258] {dagbag.py:500} INFO - Filling up the DagBag from /Users/sravanisigadam/PycharmProjects/Airflow/venv/lib/python3.9/site-packages/airflow/example_dags/example_latest_only_with_trigger.py
[2021-11-17 01:12:49,281] {processor.py:637} INFO - DAG(s) dict_keys(['latest_only_with_trigger']) retrieved from /Users/sravanisigadam/PycharmProjects/Airflow/venv/lib/python3.9/site-packages/airflow/example_dags/example_latest_only_with_trigger.py
[2021-11-17 01:12:49,293] {logging_mixin.py:109} INFO - [2021-11-17 01:12:49,293] {dag.py:2396} INFO - Sync 1 DAGs
[2021-11-17 01:12:49,298] {logging_mixin.py:109} INFO - [2021-11-17 01:12:49,298] {dag.py:2928} INFO - Setting next_dagrun for latest_only_with_trigger to 2021-11-17T05:12:49.298154+00:00
[2021-11-17 01:12:49,303] {processor.py:171} INFO - Processing /Users/sravanisigadam/PycharmProjects/Airflow/venv/lib/python3.9/site-packages/airflow/example_dags/example_latest_only_with_trigger.py took 0.046 seconds
[2021-11-17 01:14:03,053] {processor.py:163} INFO - Started process (PID=45094) to work on /Users/sravanisigadam/PycharmProjects/Airflow/venv/lib/python3.9/site-packages/airflow/example_dags/example_latest_only_with_trigger.py
[2021-11-17 01:14:03,054] {processor.py:625} INFO - Processing file /Users/sravanisigadam/PycharmProjects/Airflow/venv/lib/python3.9/site-packages/airflow/example_dags/example_latest_only_with_trigger.py for tasks to queue
[2021-11-17 01:14:03,054] {logging_mixin.py:109} INFO - [2021-11-17 01:14:03,054] {dagbag.py:500} INFO - Filling up the DagBag from /Users/sravanisigadam/PycharmProjects/Airflow/venv/lib/python3.9/site-packages/airflow/example_dags/example_latest_only_with_trigger.py
[2021-11-17 01:14:03,076] {processor.py:637} INFO - DAG(s) dict_keys(['latest_only_with_trigger']) retrieved from /Users/sravanisigadam/PycharmProjects/Airflow/venv/lib/python3.9/site-packages/airflow/example_dags/example_latest_only_with_trigger.py
[2021-11-17 01:14:03,087] {logging_mixin.py:109} INFO - [2021-11-17 01:14:03,086] {dag.py:2396} INFO - Sync 1 DAGs
[2021-11-17 01:14:03,092] {logging_mixin.py:109} INFO - [2021-11-17 01:14:03,092] {dag.py:2928} INFO - Setting next_dagrun for latest_only_with_trigger to 2021-11-17T05:14:03.092013+00:00
[2021-11-17 01:14:03,097] {processor.py:171} INFO - Processing /Users/sravanisigadam/PycharmProjects/Airflow/venv/lib/python3.9/site-packages/airflow/example_dags/example_latest_only_with_trigger.py took 0.044 seconds
[2021-11-17 01:15:16,825] {processor.py:163} INFO - Started process (PID=45130) to work on /Users/sravanisigadam/PycharmProjects/Airflow/venv/lib/python3.9/site-packages/airflow/example_dags/example_latest_only_with_trigger.py
[2021-11-17 01:15:16,825] {processor.py:625} INFO - Processing file /Users/sravanisigadam/PycharmProjects/Airflow/venv/lib/python3.9/site-packages/airflow/example_dags/example_latest_only_with_trigger.py for tasks to queue
[2021-11-17 01:15:16,825] {logging_mixin.py:109} INFO - [2021-11-17 01:15:16,825] {dagbag.py:500} INFO - Filling up the DagBag from /Users/sravanisigadam/PycharmProjects/Airflow/venv/lib/python3.9/site-packages/airflow/example_dags/example_latest_only_with_trigger.py
[2021-11-17 01:15:16,848] {processor.py:637} INFO - DAG(s) dict_keys(['latest_only_with_trigger']) retrieved from /Users/sravanisigadam/PycharmProjects/Airflow/venv/lib/python3.9/site-packages/airflow/example_dags/example_latest_only_with_trigger.py
[2021-11-17 01:15:16,859] {logging_mixin.py:109} INFO - [2021-11-17 01:15:16,859] {dag.py:2396} INFO - Sync 1 DAGs
[2021-11-17 01:15:16,864] {logging_mixin.py:109} INFO - [2021-11-17 01:15:16,864] {dag.py:2928} INFO - Setting next_dagrun for latest_only_with_trigger to 2021-11-17T05:15:16.864349+00:00
[2021-11-17 01:15:16,870] {processor.py:171} INFO - Processing /Users/sravanisigadam/PycharmProjects/Airflow/venv/lib/python3.9/site-packages/airflow/example_dags/example_latest_only_with_trigger.py took 0.045 seconds
[2021-11-17 01:20:36,476] {processor.py:163} INFO - Started process (PID=45206) to work on /Users/sravanisigadam/PycharmProjects/Airflow/venv/lib/python3.9/site-packages/airflow/example_dags/example_latest_only_with_trigger.py
[2021-11-17 01:20:36,476] {processor.py:625} INFO - Processing file /Users/sravanisigadam/PycharmProjects/Airflow/venv/lib/python3.9/site-packages/airflow/example_dags/example_latest_only_with_trigger.py for tasks to queue
[2021-11-17 01:20:36,476] {logging_mixin.py:109} INFO - [2021-11-17 01:20:36,476] {dagbag.py:500} INFO - Filling up the DagBag from /Users/sravanisigadam/PycharmProjects/Airflow/venv/lib/python3.9/site-packages/airflow/example_dags/example_latest_only_with_trigger.py
[2021-11-17 01:20:36,500] {processor.py:637} INFO - DAG(s) dict_keys(['latest_only_with_trigger']) retrieved from /Users/sravanisigadam/PycharmProjects/Airflow/venv/lib/python3.9/site-packages/airflow/example_dags/example_latest_only_with_trigger.py
[2021-11-17 01:20:36,511] {logging_mixin.py:109} INFO - [2021-11-17 01:20:36,511] {dag.py:2396} INFO - Sync 1 DAGs
[2021-11-17 01:20:36,516] {logging_mixin.py:109} INFO - [2021-11-17 01:20:36,516] {dag.py:2928} INFO - Setting next_dagrun for latest_only_with_trigger to 2021-11-17T05:20:36.516152+00:00
[2021-11-17 01:20:36,520] {processor.py:171} INFO - Processing /Users/sravanisigadam/PycharmProjects/Airflow/venv/lib/python3.9/site-packages/airflow/example_dags/example_latest_only_with_trigger.py took 0.045 seconds
[2021-11-17 08:57:37,038] {processor.py:163} INFO - Started process (PID=45400) to work on /Users/sravanisigadam/PycharmProjects/Airflow/venv/lib/python3.9/site-packages/airflow/example_dags/example_latest_only_with_trigger.py
[2021-11-17 08:57:37,039] {processor.py:625} INFO - Processing file /Users/sravanisigadam/PycharmProjects/Airflow/venv/lib/python3.9/site-packages/airflow/example_dags/example_latest_only_with_trigger.py for tasks to queue
[2021-11-17 08:57:37,039] {logging_mixin.py:109} INFO - [2021-11-17 08:57:37,039] {dagbag.py:500} INFO - Filling up the DagBag from /Users/sravanisigadam/PycharmProjects/Airflow/venv/lib/python3.9/site-packages/airflow/example_dags/example_latest_only_with_trigger.py
[2021-11-17 08:57:37,060] {processor.py:637} INFO - DAG(s) dict_keys(['latest_only_with_trigger']) retrieved from /Users/sravanisigadam/PycharmProjects/Airflow/venv/lib/python3.9/site-packages/airflow/example_dags/example_latest_only_with_trigger.py
[2021-11-17 08:57:37,071] {logging_mixin.py:109} INFO - [2021-11-17 08:57:37,071] {dag.py:2396} INFO - Sync 1 DAGs
[2021-11-17 08:57:37,077] {logging_mixin.py:109} INFO - [2021-11-17 08:57:37,076] {dag.py:2928} INFO - Setting next_dagrun for latest_only_with_trigger to 2021-11-17T12:57:37.076828+00:00
[2021-11-17 08:57:37,082] {processor.py:171} INFO - Processing /Users/sravanisigadam/PycharmProjects/Airflow/venv/lib/python3.9/site-packages/airflow/example_dags/example_latest_only_with_trigger.py took 0.044 seconds
[2021-11-17 14:28:17,203] {processor.py:163} INFO - Started process (PID=45497) to work on /Users/sravanisigadam/PycharmProjects/Airflow/venv/lib/python3.9/site-packages/airflow/example_dags/example_latest_only_with_trigger.py
[2021-11-17 14:28:17,203] {processor.py:625} INFO - Processing file /Users/sravanisigadam/PycharmProjects/Airflow/venv/lib/python3.9/site-packages/airflow/example_dags/example_latest_only_with_trigger.py for tasks to queue
[2021-11-17 14:28:17,204] {logging_mixin.py:109} INFO - [2021-11-17 14:28:17,204] {dagbag.py:500} INFO - Filling up the DagBag from /Users/sravanisigadam/PycharmProjects/Airflow/venv/lib/python3.9/site-packages/airflow/example_dags/example_latest_only_with_trigger.py
[2021-11-17 14:28:17,229] {processor.py:637} INFO - DAG(s) dict_keys(['latest_only_with_trigger']) retrieved from /Users/sravanisigadam/PycharmProjects/Airflow/venv/lib/python3.9/site-packages/airflow/example_dags/example_latest_only_with_trigger.py
[2021-11-17 14:28:17,240] {logging_mixin.py:109} INFO - [2021-11-17 14:28:17,240] {dag.py:2396} INFO - Sync 1 DAGs
[2021-11-17 14:28:17,245] {logging_mixin.py:109} INFO - [2021-11-17 14:28:17,245] {dag.py:2928} INFO - Setting next_dagrun for latest_only_with_trigger to 2021-11-17T18:28:17.245699+00:00
[2021-11-17 14:28:17,250] {processor.py:171} INFO - Processing /Users/sravanisigadam/PycharmProjects/Airflow/venv/lib/python3.9/site-packages/airflow/example_dags/example_latest_only_with_trigger.py took 0.047 seconds
