[2021-11-17 01:06:54,799] {processor.py:163} INFO - Started process (PID=44839) to work on /Users/sravanisigadam/PycharmProjects/Airflow/venv/lib/python3.9/site-packages/airflow/example_dags/example_branch_python_dop_operator_3.py
[2021-11-17 01:06:54,799] {processor.py:625} INFO - Processing file /Users/sravanisigadam/PycharmProjects/Airflow/venv/lib/python3.9/site-packages/airflow/example_dags/example_branch_python_dop_operator_3.py for tasks to queue
[2021-11-17 01:06:54,799] {logging_mixin.py:109} INFO - [2021-11-17 01:06:54,799] {dagbag.py:500} INFO - Filling up the DagBag from /Users/sravanisigadam/PycharmProjects/Airflow/venv/lib/python3.9/site-packages/airflow/example_dags/example_branch_python_dop_operator_3.py
[2021-11-17 01:06:54,844] {processor.py:637} INFO - DAG(s) dict_keys(['example_branch_dop_operator_v3']) retrieved from /Users/sravanisigadam/PycharmProjects/Airflow/venv/lib/python3.9/site-packages/airflow/example_dags/example_branch_python_dop_operator_3.py
[2021-11-17 01:06:54,856] {logging_mixin.py:109} INFO - [2021-11-17 01:06:54,856] {dag.py:2396} INFO - Sync 1 DAGs
[2021-11-17 01:06:54,864] {logging_mixin.py:109} INFO - [2021-11-17 01:06:54,864] {dag.py:2928} INFO - Setting next_dagrun for example_branch_dop_operator_v3 to 2021-11-17T09:05:00+00:00
[2021-11-17 01:06:54,870] {processor.py:171} INFO - Processing /Users/sravanisigadam/PycharmProjects/Airflow/venv/lib/python3.9/site-packages/airflow/example_dags/example_branch_python_dop_operator_3.py took 0.071 seconds
[2021-11-17 01:08:08,990] {processor.py:163} INFO - Started process (PID=44883) to work on /Users/sravanisigadam/PycharmProjects/Airflow/venv/lib/python3.9/site-packages/airflow/example_dags/example_branch_python_dop_operator_3.py
[2021-11-17 01:08:08,991] {processor.py:625} INFO - Processing file /Users/sravanisigadam/PycharmProjects/Airflow/venv/lib/python3.9/site-packages/airflow/example_dags/example_branch_python_dop_operator_3.py for tasks to queue
[2021-11-17 01:08:08,991] {logging_mixin.py:109} INFO - [2021-11-17 01:08:08,991] {dagbag.py:500} INFO - Filling up the DagBag from /Users/sravanisigadam/PycharmProjects/Airflow/venv/lib/python3.9/site-packages/airflow/example_dags/example_branch_python_dop_operator_3.py
[2021-11-17 01:08:09,023] {processor.py:637} INFO - DAG(s) dict_keys(['example_branch_dop_operator_v3']) retrieved from /Users/sravanisigadam/PycharmProjects/Airflow/venv/lib/python3.9/site-packages/airflow/example_dags/example_branch_python_dop_operator_3.py
[2021-11-17 01:08:09,033] {logging_mixin.py:109} INFO - [2021-11-17 01:08:09,033] {dag.py:2396} INFO - Sync 1 DAGs
[2021-11-17 01:08:09,041] {logging_mixin.py:109} INFO - [2021-11-17 01:08:09,041] {dag.py:2928} INFO - Setting next_dagrun for example_branch_dop_operator_v3 to 2021-11-17T09:07:00+00:00
[2021-11-17 01:08:09,046] {processor.py:171} INFO - Processing /Users/sravanisigadam/PycharmProjects/Airflow/venv/lib/python3.9/site-packages/airflow/example_dags/example_branch_python_dop_operator_3.py took 0.056 seconds
[2021-11-17 01:09:23,073] {processor.py:163} INFO - Started process (PID=44935) to work on /Users/sravanisigadam/PycharmProjects/Airflow/venv/lib/python3.9/site-packages/airflow/example_dags/example_branch_python_dop_operator_3.py
[2021-11-17 01:09:23,073] {processor.py:625} INFO - Processing file /Users/sravanisigadam/PycharmProjects/Airflow/venv/lib/python3.9/site-packages/airflow/example_dags/example_branch_python_dop_operator_3.py for tasks to queue
[2021-11-17 01:09:23,074] {logging_mixin.py:109} INFO - [2021-11-17 01:09:23,074] {dagbag.py:500} INFO - Filling up the DagBag from /Users/sravanisigadam/PycharmProjects/Airflow/venv/lib/python3.9/site-packages/airflow/example_dags/example_branch_python_dop_operator_3.py
[2021-11-17 01:09:23,108] {processor.py:637} INFO - DAG(s) dict_keys(['example_branch_dop_operator_v3']) retrieved from /Users/sravanisigadam/PycharmProjects/Airflow/venv/lib/python3.9/site-packages/airflow/example_dags/example_branch_python_dop_operator_3.py
[2021-11-17 01:09:23,119] {logging_mixin.py:109} INFO - [2021-11-17 01:09:23,119] {dag.py:2396} INFO - Sync 1 DAGs
[2021-11-17 01:09:23,127] {logging_mixin.py:109} INFO - [2021-11-17 01:09:23,127] {dag.py:2928} INFO - Setting next_dagrun for example_branch_dop_operator_v3 to 2021-11-17T09:08:00+00:00
[2021-11-17 01:09:23,133] {processor.py:171} INFO - Processing /Users/sravanisigadam/PycharmProjects/Airflow/venv/lib/python3.9/site-packages/airflow/example_dags/example_branch_python_dop_operator_3.py took 0.060 seconds
[2021-11-17 01:10:36,847] {processor.py:163} INFO - Started process (PID=44987) to work on /Users/sravanisigadam/PycharmProjects/Airflow/venv/lib/python3.9/site-packages/airflow/example_dags/example_branch_python_dop_operator_3.py
[2021-11-17 01:10:36,848] {processor.py:625} INFO - Processing file /Users/sravanisigadam/PycharmProjects/Airflow/venv/lib/python3.9/site-packages/airflow/example_dags/example_branch_python_dop_operator_3.py for tasks to queue
[2021-11-17 01:10:36,848] {logging_mixin.py:109} INFO - [2021-11-17 01:10:36,848] {dagbag.py:500} INFO - Filling up the DagBag from /Users/sravanisigadam/PycharmProjects/Airflow/venv/lib/python3.9/site-packages/airflow/example_dags/example_branch_python_dop_operator_3.py
[2021-11-17 01:10:36,879] {processor.py:637} INFO - DAG(s) dict_keys(['example_branch_dop_operator_v3']) retrieved from /Users/sravanisigadam/PycharmProjects/Airflow/venv/lib/python3.9/site-packages/airflow/example_dags/example_branch_python_dop_operator_3.py
[2021-11-17 01:10:36,890] {logging_mixin.py:109} INFO - [2021-11-17 01:10:36,889] {dag.py:2396} INFO - Sync 1 DAGs
[2021-11-17 01:10:36,898] {logging_mixin.py:109} INFO - [2021-11-17 01:10:36,898] {dag.py:2928} INFO - Setting next_dagrun for example_branch_dop_operator_v3 to 2021-11-17T09:09:00+00:00
[2021-11-17 01:10:36,903] {processor.py:171} INFO - Processing /Users/sravanisigadam/PycharmProjects/Airflow/venv/lib/python3.9/site-packages/airflow/example_dags/example_branch_python_dop_operator_3.py took 0.057 seconds
[2021-11-17 01:11:50,197] {processor.py:163} INFO - Started process (PID=45027) to work on /Users/sravanisigadam/PycharmProjects/Airflow/venv/lib/python3.9/site-packages/airflow/example_dags/example_branch_python_dop_operator_3.py
[2021-11-17 01:11:50,197] {processor.py:625} INFO - Processing file /Users/sravanisigadam/PycharmProjects/Airflow/venv/lib/python3.9/site-packages/airflow/example_dags/example_branch_python_dop_operator_3.py for tasks to queue
[2021-11-17 01:11:50,197] {logging_mixin.py:109} INFO - [2021-11-17 01:11:50,197] {dagbag.py:500} INFO - Filling up the DagBag from /Users/sravanisigadam/PycharmProjects/Airflow/venv/lib/python3.9/site-packages/airflow/example_dags/example_branch_python_dop_operator_3.py
[2021-11-17 01:11:50,230] {processor.py:637} INFO - DAG(s) dict_keys(['example_branch_dop_operator_v3']) retrieved from /Users/sravanisigadam/PycharmProjects/Airflow/venv/lib/python3.9/site-packages/airflow/example_dags/example_branch_python_dop_operator_3.py
[2021-11-17 01:11:50,240] {logging_mixin.py:109} INFO - [2021-11-17 01:11:50,240] {dag.py:2396} INFO - Sync 1 DAGs
[2021-11-17 01:11:50,248] {logging_mixin.py:109} INFO - [2021-11-17 01:11:50,248] {dag.py:2928} INFO - Setting next_dagrun for example_branch_dop_operator_v3 to 2021-11-17T09:10:00+00:00
[2021-11-17 01:11:50,253] {processor.py:171} INFO - Processing /Users/sravanisigadam/PycharmProjects/Airflow/venv/lib/python3.9/site-packages/airflow/example_dags/example_branch_python_dop_operator_3.py took 0.056 seconds
[2021-11-17 01:13:03,345] {processor.py:163} INFO - Started process (PID=45065) to work on /Users/sravanisigadam/PycharmProjects/Airflow/venv/lib/python3.9/site-packages/airflow/example_dags/example_branch_python_dop_operator_3.py
[2021-11-17 01:13:03,345] {processor.py:625} INFO - Processing file /Users/sravanisigadam/PycharmProjects/Airflow/venv/lib/python3.9/site-packages/airflow/example_dags/example_branch_python_dop_operator_3.py for tasks to queue
[2021-11-17 01:13:03,345] {logging_mixin.py:109} INFO - [2021-11-17 01:13:03,345] {dagbag.py:500} INFO - Filling up the DagBag from /Users/sravanisigadam/PycharmProjects/Airflow/venv/lib/python3.9/site-packages/airflow/example_dags/example_branch_python_dop_operator_3.py
[2021-11-17 01:13:03,377] {processor.py:637} INFO - DAG(s) dict_keys(['example_branch_dop_operator_v3']) retrieved from /Users/sravanisigadam/PycharmProjects/Airflow/venv/lib/python3.9/site-packages/airflow/example_dags/example_branch_python_dop_operator_3.py
[2021-11-17 01:13:03,388] {logging_mixin.py:109} INFO - [2021-11-17 01:13:03,388] {dag.py:2396} INFO - Sync 1 DAGs
[2021-11-17 01:13:03,396] {logging_mixin.py:109} INFO - [2021-11-17 01:13:03,396] {dag.py:2928} INFO - Setting next_dagrun for example_branch_dop_operator_v3 to 2021-11-17T09:12:00+00:00
[2021-11-17 01:13:03,402] {processor.py:171} INFO - Processing /Users/sravanisigadam/PycharmProjects/Airflow/venv/lib/python3.9/site-packages/airflow/example_dags/example_branch_python_dop_operator_3.py took 0.057 seconds
[2021-11-17 01:14:17,487] {processor.py:163} INFO - Started process (PID=45101) to work on /Users/sravanisigadam/PycharmProjects/Airflow/venv/lib/python3.9/site-packages/airflow/example_dags/example_branch_python_dop_operator_3.py
[2021-11-17 01:14:17,488] {processor.py:625} INFO - Processing file /Users/sravanisigadam/PycharmProjects/Airflow/venv/lib/python3.9/site-packages/airflow/example_dags/example_branch_python_dop_operator_3.py for tasks to queue
[2021-11-17 01:14:17,488] {logging_mixin.py:109} INFO - [2021-11-17 01:14:17,488] {dagbag.py:500} INFO - Filling up the DagBag from /Users/sravanisigadam/PycharmProjects/Airflow/venv/lib/python3.9/site-packages/airflow/example_dags/example_branch_python_dop_operator_3.py
[2021-11-17 01:14:17,521] {processor.py:637} INFO - DAG(s) dict_keys(['example_branch_dop_operator_v3']) retrieved from /Users/sravanisigadam/PycharmProjects/Airflow/venv/lib/python3.9/site-packages/airflow/example_dags/example_branch_python_dop_operator_3.py
[2021-11-17 01:14:17,530] {logging_mixin.py:109} INFO - [2021-11-17 01:14:17,530] {dag.py:2396} INFO - Sync 1 DAGs
[2021-11-17 01:14:17,538] {logging_mixin.py:109} INFO - [2021-11-17 01:14:17,538] {dag.py:2928} INFO - Setting next_dagrun for example_branch_dop_operator_v3 to 2021-11-17T09:13:00+00:00
[2021-11-17 01:14:17,543] {processor.py:171} INFO - Processing /Users/sravanisigadam/PycharmProjects/Airflow/venv/lib/python3.9/site-packages/airflow/example_dags/example_branch_python_dop_operator_3.py took 0.056 seconds
[2021-11-17 01:15:31,470] {processor.py:163} INFO - Started process (PID=45137) to work on /Users/sravanisigadam/PycharmProjects/Airflow/venv/lib/python3.9/site-packages/airflow/example_dags/example_branch_python_dop_operator_3.py
[2021-11-17 01:15:31,470] {processor.py:625} INFO - Processing file /Users/sravanisigadam/PycharmProjects/Airflow/venv/lib/python3.9/site-packages/airflow/example_dags/example_branch_python_dop_operator_3.py for tasks to queue
[2021-11-17 01:15:31,470] {logging_mixin.py:109} INFO - [2021-11-17 01:15:31,470] {dagbag.py:500} INFO - Filling up the DagBag from /Users/sravanisigadam/PycharmProjects/Airflow/venv/lib/python3.9/site-packages/airflow/example_dags/example_branch_python_dop_operator_3.py
[2021-11-17 01:15:31,503] {processor.py:637} INFO - DAG(s) dict_keys(['example_branch_dop_operator_v3']) retrieved from /Users/sravanisigadam/PycharmProjects/Airflow/venv/lib/python3.9/site-packages/airflow/example_dags/example_branch_python_dop_operator_3.py
[2021-11-17 01:15:31,513] {logging_mixin.py:109} INFO - [2021-11-17 01:15:31,513] {dag.py:2396} INFO - Sync 1 DAGs
[2021-11-17 01:15:31,521] {logging_mixin.py:109} INFO - [2021-11-17 01:15:31,521] {dag.py:2928} INFO - Setting next_dagrun for example_branch_dop_operator_v3 to 2021-11-17T09:14:00+00:00
[2021-11-17 01:15:31,526] {processor.py:171} INFO - Processing /Users/sravanisigadam/PycharmProjects/Airflow/venv/lib/python3.9/site-packages/airflow/example_dags/example_branch_python_dop_operator_3.py took 0.056 seconds
[2021-11-17 03:54:52,033] {processor.py:163} INFO - Started process (PID=45295) to work on /Users/sravanisigadam/PycharmProjects/Airflow/venv/lib/python3.9/site-packages/airflow/example_dags/example_branch_python_dop_operator_3.py
[2021-11-17 03:54:52,034] {processor.py:625} INFO - Processing file /Users/sravanisigadam/PycharmProjects/Airflow/venv/lib/python3.9/site-packages/airflow/example_dags/example_branch_python_dop_operator_3.py for tasks to queue
[2021-11-17 03:54:52,034] {logging_mixin.py:109} INFO - [2021-11-17 03:54:52,034] {dagbag.py:500} INFO - Filling up the DagBag from /Users/sravanisigadam/PycharmProjects/Airflow/venv/lib/python3.9/site-packages/airflow/example_dags/example_branch_python_dop_operator_3.py
[2021-11-17 03:54:52,066] {processor.py:637} INFO - DAG(s) dict_keys(['example_branch_dop_operator_v3']) retrieved from /Users/sravanisigadam/PycharmProjects/Airflow/venv/lib/python3.9/site-packages/airflow/example_dags/example_branch_python_dop_operator_3.py
[2021-11-17 03:54:52,076] {logging_mixin.py:109} INFO - [2021-11-17 03:54:52,076] {dag.py:2396} INFO - Sync 1 DAGs
[2021-11-17 03:54:52,084] {logging_mixin.py:109} INFO - [2021-11-17 03:54:52,084] {dag.py:2928} INFO - Setting next_dagrun for example_branch_dop_operator_v3 to 2021-11-17T11:53:00+00:00
[2021-11-17 03:54:52,090] {processor.py:171} INFO - Processing /Users/sravanisigadam/PycharmProjects/Airflow/venv/lib/python3.9/site-packages/airflow/example_dags/example_branch_python_dop_operator_3.py took 0.057 seconds
[2021-11-17 09:51:01,440] {processor.py:163} INFO - Started process (PID=45420) to work on /Users/sravanisigadam/PycharmProjects/Airflow/venv/lib/python3.9/site-packages/airflow/example_dags/example_branch_python_dop_operator_3.py
[2021-11-17 09:51:01,441] {processor.py:625} INFO - Processing file /Users/sravanisigadam/PycharmProjects/Airflow/venv/lib/python3.9/site-packages/airflow/example_dags/example_branch_python_dop_operator_3.py for tasks to queue
[2021-11-17 09:51:01,442] {logging_mixin.py:109} INFO - [2021-11-17 09:51:01,442] {dagbag.py:500} INFO - Filling up the DagBag from /Users/sravanisigadam/PycharmProjects/Airflow/venv/lib/python3.9/site-packages/airflow/example_dags/example_branch_python_dop_operator_3.py
[2021-11-17 09:51:01,480] {processor.py:637} INFO - DAG(s) dict_keys(['example_branch_dop_operator_v3']) retrieved from /Users/sravanisigadam/PycharmProjects/Airflow/venv/lib/python3.9/site-packages/airflow/example_dags/example_branch_python_dop_operator_3.py
[2021-11-17 09:51:01,493] {logging_mixin.py:109} INFO - [2021-11-17 09:51:01,493] {dag.py:2396} INFO - Sync 1 DAGs
[2021-11-17 09:51:01,502] {logging_mixin.py:109} INFO - [2021-11-17 09:51:01,502] {dag.py:2928} INFO - Setting next_dagrun for example_branch_dop_operator_v3 to 2021-11-17T17:50:00+00:00
[2021-11-17 09:51:01,509] {processor.py:171} INFO - Processing /Users/sravanisigadam/PycharmProjects/Airflow/venv/lib/python3.9/site-packages/airflow/example_dags/example_branch_python_dop_operator_3.py took 0.070 seconds
[2021-11-17 14:55:23,102] {processor.py:163} INFO - Started process (PID=45513) to work on /Users/sravanisigadam/PycharmProjects/Airflow/venv/lib/python3.9/site-packages/airflow/example_dags/example_branch_python_dop_operator_3.py
[2021-11-17 14:55:23,102] {processor.py:625} INFO - Processing file /Users/sravanisigadam/PycharmProjects/Airflow/venv/lib/python3.9/site-packages/airflow/example_dags/example_branch_python_dop_operator_3.py for tasks to queue
[2021-11-17 14:55:23,102] {logging_mixin.py:109} INFO - [2021-11-17 14:55:23,102] {dagbag.py:500} INFO - Filling up the DagBag from /Users/sravanisigadam/PycharmProjects/Airflow/venv/lib/python3.9/site-packages/airflow/example_dags/example_branch_python_dop_operator_3.py
[2021-11-17 14:55:23,139] {processor.py:637} INFO - DAG(s) dict_keys(['example_branch_dop_operator_v3']) retrieved from /Users/sravanisigadam/PycharmProjects/Airflow/venv/lib/python3.9/site-packages/airflow/example_dags/example_branch_python_dop_operator_3.py
[2021-11-17 14:55:23,150] {logging_mixin.py:109} INFO - [2021-11-17 14:55:23,150] {dag.py:2396} INFO - Sync 1 DAGs
[2021-11-17 14:55:23,158] {logging_mixin.py:109} INFO - [2021-11-17 14:55:23,158] {dag.py:2928} INFO - Setting next_dagrun for example_branch_dop_operator_v3 to 2021-11-17T22:54:00+00:00
[2021-11-17 14:55:23,164] {processor.py:171} INFO - Processing /Users/sravanisigadam/PycharmProjects/Airflow/venv/lib/python3.9/site-packages/airflow/example_dags/example_branch_python_dop_operator_3.py took 0.063 seconds
