[2021-11-17 01:06:30,207] {processor.py:163} INFO - Started process (PID=44825) to work on /Users/sravanisigadam/PycharmProjects/Airflow/venv/lib/python3.9/site-packages/airflow/example_dags/example_skip_dag.py
[2021-11-17 01:06:30,207] {processor.py:625} INFO - Processing file /Users/sravanisigadam/PycharmProjects/Airflow/venv/lib/python3.9/site-packages/airflow/example_dags/example_skip_dag.py for tasks to queue
[2021-11-17 01:06:30,207] {logging_mixin.py:109} INFO - [2021-11-17 01:06:30,207] {dagbag.py:500} INFO - Filling up the DagBag from /Users/sravanisigadam/PycharmProjects/Airflow/venv/lib/python3.9/site-packages/airflow/example_dags/example_skip_dag.py
[2021-11-17 01:06:30,230] {processor.py:637} INFO - DAG(s) dict_keys(['example_skip_dag']) retrieved from /Users/sravanisigadam/PycharmProjects/Airflow/venv/lib/python3.9/site-packages/airflow/example_dags/example_skip_dag.py
[2021-11-17 01:06:30,240] {logging_mixin.py:109} INFO - [2021-11-17 01:06:30,240] {dag.py:2396} INFO - Sync 1 DAGs
[2021-11-17 01:06:30,245] {logging_mixin.py:109} INFO - [2021-11-17 01:06:30,245] {dag.py:2928} INFO - Setting next_dagrun for example_skip_dag to 2021-11-16T09:06:30.245691+00:00
[2021-11-17 01:06:30,250] {processor.py:171} INFO - Processing /Users/sravanisigadam/PycharmProjects/Airflow/venv/lib/python3.9/site-packages/airflow/example_dags/example_skip_dag.py took 0.044 seconds
[2021-11-17 01:07:38,193] {processor.py:163} INFO - Started process (PID=44864) to work on /Users/sravanisigadam/PycharmProjects/Airflow/venv/lib/python3.9/site-packages/airflow/example_dags/example_skip_dag.py
[2021-11-17 01:07:38,194] {processor.py:625} INFO - Processing file /Users/sravanisigadam/PycharmProjects/Airflow/venv/lib/python3.9/site-packages/airflow/example_dags/example_skip_dag.py for tasks to queue
[2021-11-17 01:07:38,194] {logging_mixin.py:109} INFO - [2021-11-17 01:07:38,194] {dagbag.py:500} INFO - Filling up the DagBag from /Users/sravanisigadam/PycharmProjects/Airflow/venv/lib/python3.9/site-packages/airflow/example_dags/example_skip_dag.py
[2021-11-17 01:07:38,216] {processor.py:637} INFO - DAG(s) dict_keys(['example_skip_dag']) retrieved from /Users/sravanisigadam/PycharmProjects/Airflow/venv/lib/python3.9/site-packages/airflow/example_dags/example_skip_dag.py
[2021-11-17 01:07:38,227] {logging_mixin.py:109} INFO - [2021-11-17 01:07:38,226] {dag.py:2396} INFO - Sync 1 DAGs
[2021-11-17 01:07:38,232] {logging_mixin.py:109} INFO - [2021-11-17 01:07:38,232] {dag.py:2928} INFO - Setting next_dagrun for example_skip_dag to 2021-11-16T09:07:38.231915+00:00
[2021-11-17 01:07:38,237] {processor.py:171} INFO - Processing /Users/sravanisigadam/PycharmProjects/Airflow/venv/lib/python3.9/site-packages/airflow/example_dags/example_skip_dag.py took 0.043 seconds
[2021-11-17 01:08:51,998] {processor.py:163} INFO - Started process (PID=44907) to work on /Users/sravanisigadam/PycharmProjects/Airflow/venv/lib/python3.9/site-packages/airflow/example_dags/example_skip_dag.py
[2021-11-17 01:08:51,999] {processor.py:625} INFO - Processing file /Users/sravanisigadam/PycharmProjects/Airflow/venv/lib/python3.9/site-packages/airflow/example_dags/example_skip_dag.py for tasks to queue
[2021-11-17 01:08:51,999] {logging_mixin.py:109} INFO - [2021-11-17 01:08:51,999] {dagbag.py:500} INFO - Filling up the DagBag from /Users/sravanisigadam/PycharmProjects/Airflow/venv/lib/python3.9/site-packages/airflow/example_dags/example_skip_dag.py
[2021-11-17 01:08:52,023] {processor.py:637} INFO - DAG(s) dict_keys(['example_skip_dag']) retrieved from /Users/sravanisigadam/PycharmProjects/Airflow/venv/lib/python3.9/site-packages/airflow/example_dags/example_skip_dag.py
[2021-11-17 01:08:52,035] {logging_mixin.py:109} INFO - [2021-11-17 01:08:52,035] {dag.py:2396} INFO - Sync 1 DAGs
[2021-11-17 01:08:52,040] {logging_mixin.py:109} INFO - [2021-11-17 01:08:52,040] {dag.py:2928} INFO - Setting next_dagrun for example_skip_dag to 2021-11-16T09:08:52.040301+00:00
[2021-11-17 01:08:52,045] {processor.py:171} INFO - Processing /Users/sravanisigadam/PycharmProjects/Airflow/venv/lib/python3.9/site-packages/airflow/example_dags/example_skip_dag.py took 0.048 seconds
[2021-11-17 01:10:05,583] {processor.py:163} INFO - Started process (PID=44972) to work on /Users/sravanisigadam/PycharmProjects/Airflow/venv/lib/python3.9/site-packages/airflow/example_dags/example_skip_dag.py
[2021-11-17 01:10:05,584] {processor.py:625} INFO - Processing file /Users/sravanisigadam/PycharmProjects/Airflow/venv/lib/python3.9/site-packages/airflow/example_dags/example_skip_dag.py for tasks to queue
[2021-11-17 01:10:05,584] {logging_mixin.py:109} INFO - [2021-11-17 01:10:05,584] {dagbag.py:500} INFO - Filling up the DagBag from /Users/sravanisigadam/PycharmProjects/Airflow/venv/lib/python3.9/site-packages/airflow/example_dags/example_skip_dag.py
[2021-11-17 01:10:05,607] {processor.py:637} INFO - DAG(s) dict_keys(['example_skip_dag']) retrieved from /Users/sravanisigadam/PycharmProjects/Airflow/venv/lib/python3.9/site-packages/airflow/example_dags/example_skip_dag.py
[2021-11-17 01:10:05,618] {logging_mixin.py:109} INFO - [2021-11-17 01:10:05,617] {dag.py:2396} INFO - Sync 1 DAGs
[2021-11-17 01:10:05,623] {logging_mixin.py:109} INFO - [2021-11-17 01:10:05,623] {dag.py:2928} INFO - Setting next_dagrun for example_skip_dag to 2021-11-16T09:10:05.622947+00:00
[2021-11-17 01:10:05,628] {processor.py:171} INFO - Processing /Users/sravanisigadam/PycharmProjects/Airflow/venv/lib/python3.9/site-packages/airflow/example_dags/example_skip_dag.py took 0.045 seconds
[2021-11-17 01:11:18,968] {processor.py:163} INFO - Started process (PID=45012) to work on /Users/sravanisigadam/PycharmProjects/Airflow/venv/lib/python3.9/site-packages/airflow/example_dags/example_skip_dag.py
[2021-11-17 01:11:18,968] {processor.py:625} INFO - Processing file /Users/sravanisigadam/PycharmProjects/Airflow/venv/lib/python3.9/site-packages/airflow/example_dags/example_skip_dag.py for tasks to queue
[2021-11-17 01:11:18,968] {logging_mixin.py:109} INFO - [2021-11-17 01:11:18,968] {dagbag.py:500} INFO - Filling up the DagBag from /Users/sravanisigadam/PycharmProjects/Airflow/venv/lib/python3.9/site-packages/airflow/example_dags/example_skip_dag.py
[2021-11-17 01:11:18,991] {processor.py:637} INFO - DAG(s) dict_keys(['example_skip_dag']) retrieved from /Users/sravanisigadam/PycharmProjects/Airflow/venv/lib/python3.9/site-packages/airflow/example_dags/example_skip_dag.py
[2021-11-17 01:11:19,001] {logging_mixin.py:109} INFO - [2021-11-17 01:11:19,001] {dag.py:2396} INFO - Sync 1 DAGs
[2021-11-17 01:11:19,006] {logging_mixin.py:109} INFO - [2021-11-17 01:11:19,006] {dag.py:2928} INFO - Setting next_dagrun for example_skip_dag to 2021-11-16T09:11:19.006312+00:00
[2021-11-17 01:11:19,011] {processor.py:171} INFO - Processing /Users/sravanisigadam/PycharmProjects/Airflow/venv/lib/python3.9/site-packages/airflow/example_dags/example_skip_dag.py took 0.044 seconds
[2021-11-17 01:12:33,195] {processor.py:163} INFO - Started process (PID=45050) to work on /Users/sravanisigadam/PycharmProjects/Airflow/venv/lib/python3.9/site-packages/airflow/example_dags/example_skip_dag.py
[2021-11-17 01:12:33,196] {processor.py:625} INFO - Processing file /Users/sravanisigadam/PycharmProjects/Airflow/venv/lib/python3.9/site-packages/airflow/example_dags/example_skip_dag.py for tasks to queue
[2021-11-17 01:12:33,196] {logging_mixin.py:109} INFO - [2021-11-17 01:12:33,196] {dagbag.py:500} INFO - Filling up the DagBag from /Users/sravanisigadam/PycharmProjects/Airflow/venv/lib/python3.9/site-packages/airflow/example_dags/example_skip_dag.py
[2021-11-17 01:12:33,218] {processor.py:637} INFO - DAG(s) dict_keys(['example_skip_dag']) retrieved from /Users/sravanisigadam/PycharmProjects/Airflow/venv/lib/python3.9/site-packages/airflow/example_dags/example_skip_dag.py
[2021-11-17 01:12:33,229] {logging_mixin.py:109} INFO - [2021-11-17 01:12:33,229] {dag.py:2396} INFO - Sync 1 DAGs
[2021-11-17 01:12:33,235] {logging_mixin.py:109} INFO - [2021-11-17 01:12:33,234] {dag.py:2928} INFO - Setting next_dagrun for example_skip_dag to 2021-11-16T09:12:33.234802+00:00
[2021-11-17 01:12:33,240] {processor.py:171} INFO - Processing /Users/sravanisigadam/PycharmProjects/Airflow/venv/lib/python3.9/site-packages/airflow/example_dags/example_skip_dag.py took 0.046 seconds
[2021-11-17 01:13:46,741] {processor.py:163} INFO - Started process (PID=45086) to work on /Users/sravanisigadam/PycharmProjects/Airflow/venv/lib/python3.9/site-packages/airflow/example_dags/example_skip_dag.py
[2021-11-17 01:13:46,741] {processor.py:625} INFO - Processing file /Users/sravanisigadam/PycharmProjects/Airflow/venv/lib/python3.9/site-packages/airflow/example_dags/example_skip_dag.py for tasks to queue
[2021-11-17 01:13:46,742] {logging_mixin.py:109} INFO - [2021-11-17 01:13:46,742] {dagbag.py:500} INFO - Filling up the DagBag from /Users/sravanisigadam/PycharmProjects/Airflow/venv/lib/python3.9/site-packages/airflow/example_dags/example_skip_dag.py
[2021-11-17 01:13:46,764] {processor.py:637} INFO - DAG(s) dict_keys(['example_skip_dag']) retrieved from /Users/sravanisigadam/PycharmProjects/Airflow/venv/lib/python3.9/site-packages/airflow/example_dags/example_skip_dag.py
[2021-11-17 01:13:46,775] {logging_mixin.py:109} INFO - [2021-11-17 01:13:46,775] {dag.py:2396} INFO - Sync 1 DAGs
[2021-11-17 01:13:46,780] {logging_mixin.py:109} INFO - [2021-11-17 01:13:46,780] {dag.py:2928} INFO - Setting next_dagrun for example_skip_dag to 2021-11-16T09:13:46.780566+00:00
[2021-11-17 01:13:46,786] {processor.py:171} INFO - Processing /Users/sravanisigadam/PycharmProjects/Airflow/venv/lib/python3.9/site-packages/airflow/example_dags/example_skip_dag.py took 0.045 seconds
[2021-11-17 01:15:00,505] {processor.py:163} INFO - Started process (PID=45122) to work on /Users/sravanisigadam/PycharmProjects/Airflow/venv/lib/python3.9/site-packages/airflow/example_dags/example_skip_dag.py
[2021-11-17 01:15:00,505] {processor.py:625} INFO - Processing file /Users/sravanisigadam/PycharmProjects/Airflow/venv/lib/python3.9/site-packages/airflow/example_dags/example_skip_dag.py for tasks to queue
[2021-11-17 01:15:00,506] {logging_mixin.py:109} INFO - [2021-11-17 01:15:00,506] {dagbag.py:500} INFO - Filling up the DagBag from /Users/sravanisigadam/PycharmProjects/Airflow/venv/lib/python3.9/site-packages/airflow/example_dags/example_skip_dag.py
[2021-11-17 01:15:00,528] {processor.py:637} INFO - DAG(s) dict_keys(['example_skip_dag']) retrieved from /Users/sravanisigadam/PycharmProjects/Airflow/venv/lib/python3.9/site-packages/airflow/example_dags/example_skip_dag.py
[2021-11-17 01:15:00,539] {logging_mixin.py:109} INFO - [2021-11-17 01:15:00,539] {dag.py:2396} INFO - Sync 1 DAGs
[2021-11-17 01:15:00,544] {logging_mixin.py:109} INFO - [2021-11-17 01:15:00,544] {dag.py:2928} INFO - Setting next_dagrun for example_skip_dag to 2021-11-16T09:15:00.544082+00:00
[2021-11-17 01:15:00,549] {processor.py:171} INFO - Processing /Users/sravanisigadam/PycharmProjects/Airflow/venv/lib/python3.9/site-packages/airflow/example_dags/example_skip_dag.py took 0.044 seconds
[2021-11-17 01:20:26,479] {processor.py:163} INFO - Started process (PID=45200) to work on /Users/sravanisigadam/PycharmProjects/Airflow/venv/lib/python3.9/site-packages/airflow/example_dags/example_skip_dag.py
[2021-11-17 01:20:26,481] {processor.py:625} INFO - Processing file /Users/sravanisigadam/PycharmProjects/Airflow/venv/lib/python3.9/site-packages/airflow/example_dags/example_skip_dag.py for tasks to queue
[2021-11-17 01:20:26,481] {logging_mixin.py:109} INFO - [2021-11-17 01:20:26,481] {dagbag.py:500} INFO - Filling up the DagBag from /Users/sravanisigadam/PycharmProjects/Airflow/venv/lib/python3.9/site-packages/airflow/example_dags/example_skip_dag.py
[2021-11-17 01:20:26,504] {processor.py:637} INFO - DAG(s) dict_keys(['example_skip_dag']) retrieved from /Users/sravanisigadam/PycharmProjects/Airflow/venv/lib/python3.9/site-packages/airflow/example_dags/example_skip_dag.py
[2021-11-17 01:20:26,515] {logging_mixin.py:109} INFO - [2021-11-17 01:20:26,515] {dag.py:2396} INFO - Sync 1 DAGs
[2021-11-17 01:20:26,520] {logging_mixin.py:109} INFO - [2021-11-17 01:20:26,520] {dag.py:2928} INFO - Setting next_dagrun for example_skip_dag to 2021-11-16T09:20:26.520108+00:00
[2021-11-17 01:20:26,525] {processor.py:171} INFO - Processing /Users/sravanisigadam/PycharmProjects/Airflow/venv/lib/python3.9/site-packages/airflow/example_dags/example_skip_dag.py took 0.046 seconds
[2021-11-17 08:35:24,325] {processor.py:163} INFO - Started process (PID=45389) to work on /Users/sravanisigadam/PycharmProjects/Airflow/venv/lib/python3.9/site-packages/airflow/example_dags/example_skip_dag.py
[2021-11-17 08:35:24,326] {processor.py:625} INFO - Processing file /Users/sravanisigadam/PycharmProjects/Airflow/venv/lib/python3.9/site-packages/airflow/example_dags/example_skip_dag.py for tasks to queue
[2021-11-17 08:35:24,326] {logging_mixin.py:109} INFO - [2021-11-17 08:35:24,326] {dagbag.py:500} INFO - Filling up the DagBag from /Users/sravanisigadam/PycharmProjects/Airflow/venv/lib/python3.9/site-packages/airflow/example_dags/example_skip_dag.py
[2021-11-17 08:35:24,351] {processor.py:637} INFO - DAG(s) dict_keys(['example_skip_dag']) retrieved from /Users/sravanisigadam/PycharmProjects/Airflow/venv/lib/python3.9/site-packages/airflow/example_dags/example_skip_dag.py
[2021-11-17 08:35:24,362] {logging_mixin.py:109} INFO - [2021-11-17 08:35:24,362] {dag.py:2396} INFO - Sync 1 DAGs
[2021-11-17 08:35:24,368] {logging_mixin.py:109} INFO - [2021-11-17 08:35:24,368] {dag.py:2928} INFO - Setting next_dagrun for example_skip_dag to 2021-11-16T16:35:24.367984+00:00
[2021-11-17 08:35:24,373] {processor.py:171} INFO - Processing /Users/sravanisigadam/PycharmProjects/Airflow/venv/lib/python3.9/site-packages/airflow/example_dags/example_skip_dag.py took 0.048 seconds
[2021-11-17 13:30:52,072] {processor.py:163} INFO - Started process (PID=45485) to work on /Users/sravanisigadam/PycharmProjects/Airflow/venv/lib/python3.9/site-packages/airflow/example_dags/example_skip_dag.py
[2021-11-17 13:30:52,072] {processor.py:625} INFO - Processing file /Users/sravanisigadam/PycharmProjects/Airflow/venv/lib/python3.9/site-packages/airflow/example_dags/example_skip_dag.py for tasks to queue
[2021-11-17 13:30:52,073] {logging_mixin.py:109} INFO - [2021-11-17 13:30:52,072] {dagbag.py:500} INFO - Filling up the DagBag from /Users/sravanisigadam/PycharmProjects/Airflow/venv/lib/python3.9/site-packages/airflow/example_dags/example_skip_dag.py
[2021-11-17 13:30:52,094] {processor.py:637} INFO - DAG(s) dict_keys(['example_skip_dag']) retrieved from /Users/sravanisigadam/PycharmProjects/Airflow/venv/lib/python3.9/site-packages/airflow/example_dags/example_skip_dag.py
[2021-11-17 13:30:52,105] {logging_mixin.py:109} INFO - [2021-11-17 13:30:52,105] {dag.py:2396} INFO - Sync 1 DAGs
[2021-11-17 13:30:52,110] {logging_mixin.py:109} INFO - [2021-11-17 13:30:52,110] {dag.py:2928} INFO - Setting next_dagrun for example_skip_dag to 2021-11-16T21:30:52.110437+00:00
[2021-11-17 13:30:52,115] {processor.py:171} INFO - Processing /Users/sravanisigadam/PycharmProjects/Airflow/venv/lib/python3.9/site-packages/airflow/example_dags/example_skip_dag.py took 0.043 seconds
