[2021-11-17 01:06:18,206] {processor.py:163} INFO - Started process (PID=44815) to work on /Users/sravanisigadam/PycharmProjects/Airflow/venv/lib/python3.9/site-packages/airflow/example_dags/example_trigger_target_dag.py
[2021-11-17 01:06:18,206] {processor.py:625} INFO - Processing file /Users/sravanisigadam/PycharmProjects/Airflow/venv/lib/python3.9/site-packages/airflow/example_dags/example_trigger_target_dag.py for tasks to queue
[2021-11-17 01:06:18,207] {logging_mixin.py:109} INFO - [2021-11-17 01:06:18,207] {dagbag.py:500} INFO - Filling up the DagBag from /Users/sravanisigadam/PycharmProjects/Airflow/venv/lib/python3.9/site-packages/airflow/example_dags/example_trigger_target_dag.py
[2021-11-17 01:06:18,241] {processor.py:637} INFO - DAG(s) dict_keys(['example_trigger_target_dag']) retrieved from /Users/sravanisigadam/PycharmProjects/Airflow/venv/lib/python3.9/site-packages/airflow/example_dags/example_trigger_target_dag.py
[2021-11-17 01:06:18,251] {logging_mixin.py:109} INFO - [2021-11-17 01:06:18,251] {dag.py:2396} INFO - Sync 1 DAGs
[2021-11-17 01:06:18,257] {logging_mixin.py:109} INFO - [2021-11-17 01:06:18,257] {dag.py:2928} INFO - Setting next_dagrun for example_trigger_target_dag to None
[2021-11-17 01:06:18,263] {processor.py:171} INFO - Processing /Users/sravanisigadam/PycharmProjects/Airflow/venv/lib/python3.9/site-packages/airflow/example_dags/example_trigger_target_dag.py took 0.057 seconds
[2021-11-17 01:07:25,760] {processor.py:163} INFO - Started process (PID=44857) to work on /Users/sravanisigadam/PycharmProjects/Airflow/venv/lib/python3.9/site-packages/airflow/example_dags/example_trigger_target_dag.py
[2021-11-17 01:07:25,760] {processor.py:625} INFO - Processing file /Users/sravanisigadam/PycharmProjects/Airflow/venv/lib/python3.9/site-packages/airflow/example_dags/example_trigger_target_dag.py for tasks to queue
[2021-11-17 01:07:25,761] {logging_mixin.py:109} INFO - [2021-11-17 01:07:25,761] {dagbag.py:500} INFO - Filling up the DagBag from /Users/sravanisigadam/PycharmProjects/Airflow/venv/lib/python3.9/site-packages/airflow/example_dags/example_trigger_target_dag.py
[2021-11-17 01:07:25,793] {processor.py:637} INFO - DAG(s) dict_keys(['example_trigger_target_dag']) retrieved from /Users/sravanisigadam/PycharmProjects/Airflow/venv/lib/python3.9/site-packages/airflow/example_dags/example_trigger_target_dag.py
[2021-11-17 01:07:25,803] {logging_mixin.py:109} INFO - [2021-11-17 01:07:25,803] {dag.py:2396} INFO - Sync 1 DAGs
[2021-11-17 01:07:25,809] {logging_mixin.py:109} INFO - [2021-11-17 01:07:25,809] {dag.py:2928} INFO - Setting next_dagrun for example_trigger_target_dag to None
[2021-11-17 01:07:25,814] {processor.py:171} INFO - Processing /Users/sravanisigadam/PycharmProjects/Airflow/venv/lib/python3.9/site-packages/airflow/example_dags/example_trigger_target_dag.py took 0.054 seconds
[2021-11-17 01:08:39,170] {processor.py:163} INFO - Started process (PID=44899) to work on /Users/sravanisigadam/PycharmProjects/Airflow/venv/lib/python3.9/site-packages/airflow/example_dags/example_trigger_target_dag.py
[2021-11-17 01:08:39,170] {processor.py:625} INFO - Processing file /Users/sravanisigadam/PycharmProjects/Airflow/venv/lib/python3.9/site-packages/airflow/example_dags/example_trigger_target_dag.py for tasks to queue
[2021-11-17 01:08:39,171] {logging_mixin.py:109} INFO - [2021-11-17 01:08:39,171] {dagbag.py:500} INFO - Filling up the DagBag from /Users/sravanisigadam/PycharmProjects/Airflow/venv/lib/python3.9/site-packages/airflow/example_dags/example_trigger_target_dag.py
[2021-11-17 01:08:39,202] {processor.py:637} INFO - DAG(s) dict_keys(['example_trigger_target_dag']) retrieved from /Users/sravanisigadam/PycharmProjects/Airflow/venv/lib/python3.9/site-packages/airflow/example_dags/example_trigger_target_dag.py
[2021-11-17 01:08:39,212] {logging_mixin.py:109} INFO - [2021-11-17 01:08:39,212] {dag.py:2396} INFO - Sync 1 DAGs
[2021-11-17 01:08:39,218] {logging_mixin.py:109} INFO - [2021-11-17 01:08:39,218] {dag.py:2928} INFO - Setting next_dagrun for example_trigger_target_dag to None
[2021-11-17 01:08:39,223] {processor.py:171} INFO - Processing /Users/sravanisigadam/PycharmProjects/Airflow/venv/lib/python3.9/site-packages/airflow/example_dags/example_trigger_target_dag.py took 0.053 seconds
[2021-11-17 01:09:53,528] {processor.py:163} INFO - Started process (PID=44963) to work on /Users/sravanisigadam/PycharmProjects/Airflow/venv/lib/python3.9/site-packages/airflow/example_dags/example_trigger_target_dag.py
[2021-11-17 01:09:53,528] {processor.py:625} INFO - Processing file /Users/sravanisigadam/PycharmProjects/Airflow/venv/lib/python3.9/site-packages/airflow/example_dags/example_trigger_target_dag.py for tasks to queue
[2021-11-17 01:09:53,528] {logging_mixin.py:109} INFO - [2021-11-17 01:09:53,528] {dagbag.py:500} INFO - Filling up the DagBag from /Users/sravanisigadam/PycharmProjects/Airflow/venv/lib/python3.9/site-packages/airflow/example_dags/example_trigger_target_dag.py
[2021-11-17 01:09:53,564] {processor.py:637} INFO - DAG(s) dict_keys(['example_trigger_target_dag']) retrieved from /Users/sravanisigadam/PycharmProjects/Airflow/venv/lib/python3.9/site-packages/airflow/example_dags/example_trigger_target_dag.py
[2021-11-17 01:09:53,574] {logging_mixin.py:109} INFO - [2021-11-17 01:09:53,574] {dag.py:2396} INFO - Sync 1 DAGs
[2021-11-17 01:09:53,580] {logging_mixin.py:109} INFO - [2021-11-17 01:09:53,580] {dag.py:2928} INFO - Setting next_dagrun for example_trigger_target_dag to None
[2021-11-17 01:09:53,584] {processor.py:171} INFO - Processing /Users/sravanisigadam/PycharmProjects/Airflow/venv/lib/python3.9/site-packages/airflow/example_dags/example_trigger_target_dag.py took 0.057 seconds
[2021-11-17 01:11:07,346] {processor.py:163} INFO - Started process (PID=45006) to work on /Users/sravanisigadam/PycharmProjects/Airflow/venv/lib/python3.9/site-packages/airflow/example_dags/example_trigger_target_dag.py
[2021-11-17 01:11:07,347] {processor.py:625} INFO - Processing file /Users/sravanisigadam/PycharmProjects/Airflow/venv/lib/python3.9/site-packages/airflow/example_dags/example_trigger_target_dag.py for tasks to queue
[2021-11-17 01:11:07,347] {logging_mixin.py:109} INFO - [2021-11-17 01:11:07,347] {dagbag.py:500} INFO - Filling up the DagBag from /Users/sravanisigadam/PycharmProjects/Airflow/venv/lib/python3.9/site-packages/airflow/example_dags/example_trigger_target_dag.py
[2021-11-17 01:11:07,378] {processor.py:637} INFO - DAG(s) dict_keys(['example_trigger_target_dag']) retrieved from /Users/sravanisigadam/PycharmProjects/Airflow/venv/lib/python3.9/site-packages/airflow/example_dags/example_trigger_target_dag.py
[2021-11-17 01:11:07,389] {logging_mixin.py:109} INFO - [2021-11-17 01:11:07,388] {dag.py:2396} INFO - Sync 1 DAGs
[2021-11-17 01:11:07,394] {logging_mixin.py:109} INFO - [2021-11-17 01:11:07,394] {dag.py:2928} INFO - Setting next_dagrun for example_trigger_target_dag to None
[2021-11-17 01:11:07,399] {processor.py:171} INFO - Processing /Users/sravanisigadam/PycharmProjects/Airflow/venv/lib/python3.9/site-packages/airflow/example_dags/example_trigger_target_dag.py took 0.054 seconds
[2021-11-17 01:12:21,207] {processor.py:163} INFO - Started process (PID=45043) to work on /Users/sravanisigadam/PycharmProjects/Airflow/venv/lib/python3.9/site-packages/airflow/example_dags/example_trigger_target_dag.py
[2021-11-17 01:12:21,207] {processor.py:625} INFO - Processing file /Users/sravanisigadam/PycharmProjects/Airflow/venv/lib/python3.9/site-packages/airflow/example_dags/example_trigger_target_dag.py for tasks to queue
[2021-11-17 01:12:21,207] {logging_mixin.py:109} INFO - [2021-11-17 01:12:21,207] {dagbag.py:500} INFO - Filling up the DagBag from /Users/sravanisigadam/PycharmProjects/Airflow/venv/lib/python3.9/site-packages/airflow/example_dags/example_trigger_target_dag.py
[2021-11-17 01:12:21,241] {processor.py:637} INFO - DAG(s) dict_keys(['example_trigger_target_dag']) retrieved from /Users/sravanisigadam/PycharmProjects/Airflow/venv/lib/python3.9/site-packages/airflow/example_dags/example_trigger_target_dag.py
[2021-11-17 01:12:21,251] {logging_mixin.py:109} INFO - [2021-11-17 01:12:21,251] {dag.py:2396} INFO - Sync 1 DAGs
[2021-11-17 01:12:21,256] {logging_mixin.py:109} INFO - [2021-11-17 01:12:21,256] {dag.py:2928} INFO - Setting next_dagrun for example_trigger_target_dag to None
[2021-11-17 01:12:21,261] {processor.py:171} INFO - Processing /Users/sravanisigadam/PycharmProjects/Airflow/venv/lib/python3.9/site-packages/airflow/example_dags/example_trigger_target_dag.py took 0.055 seconds
[2021-11-17 01:13:34,279] {processor.py:163} INFO - Started process (PID=45080) to work on /Users/sravanisigadam/PycharmProjects/Airflow/venv/lib/python3.9/site-packages/airflow/example_dags/example_trigger_target_dag.py
[2021-11-17 01:13:34,279] {processor.py:625} INFO - Processing file /Users/sravanisigadam/PycharmProjects/Airflow/venv/lib/python3.9/site-packages/airflow/example_dags/example_trigger_target_dag.py for tasks to queue
[2021-11-17 01:13:34,279] {logging_mixin.py:109} INFO - [2021-11-17 01:13:34,279] {dagbag.py:500} INFO - Filling up the DagBag from /Users/sravanisigadam/PycharmProjects/Airflow/venv/lib/python3.9/site-packages/airflow/example_dags/example_trigger_target_dag.py
[2021-11-17 01:13:34,312] {processor.py:637} INFO - DAG(s) dict_keys(['example_trigger_target_dag']) retrieved from /Users/sravanisigadam/PycharmProjects/Airflow/venv/lib/python3.9/site-packages/airflow/example_dags/example_trigger_target_dag.py
[2021-11-17 01:13:34,322] {logging_mixin.py:109} INFO - [2021-11-17 01:13:34,322] {dag.py:2396} INFO - Sync 1 DAGs
[2021-11-17 01:13:34,328] {logging_mixin.py:109} INFO - [2021-11-17 01:13:34,328] {dag.py:2928} INFO - Setting next_dagrun for example_trigger_target_dag to None
[2021-11-17 01:13:34,333] {processor.py:171} INFO - Processing /Users/sravanisigadam/PycharmProjects/Airflow/venv/lib/python3.9/site-packages/airflow/example_dags/example_trigger_target_dag.py took 0.054 seconds
[2021-11-17 01:14:47,679] {processor.py:163} INFO - Started process (PID=45116) to work on /Users/sravanisigadam/PycharmProjects/Airflow/venv/lib/python3.9/site-packages/airflow/example_dags/example_trigger_target_dag.py
[2021-11-17 01:14:47,679] {processor.py:625} INFO - Processing file /Users/sravanisigadam/PycharmProjects/Airflow/venv/lib/python3.9/site-packages/airflow/example_dags/example_trigger_target_dag.py for tasks to queue
[2021-11-17 01:14:47,680] {logging_mixin.py:109} INFO - [2021-11-17 01:14:47,680] {dagbag.py:500} INFO - Filling up the DagBag from /Users/sravanisigadam/PycharmProjects/Airflow/venv/lib/python3.9/site-packages/airflow/example_dags/example_trigger_target_dag.py
[2021-11-17 01:14:47,713] {processor.py:637} INFO - DAG(s) dict_keys(['example_trigger_target_dag']) retrieved from /Users/sravanisigadam/PycharmProjects/Airflow/venv/lib/python3.9/site-packages/airflow/example_dags/example_trigger_target_dag.py
[2021-11-17 01:14:47,724] {logging_mixin.py:109} INFO - [2021-11-17 01:14:47,724] {dag.py:2396} INFO - Sync 1 DAGs
[2021-11-17 01:14:47,729] {logging_mixin.py:109} INFO - [2021-11-17 01:14:47,729] {dag.py:2928} INFO - Setting next_dagrun for example_trigger_target_dag to None
[2021-11-17 01:14:47,734] {processor.py:171} INFO - Processing /Users/sravanisigadam/PycharmProjects/Airflow/venv/lib/python3.9/site-packages/airflow/example_dags/example_trigger_target_dag.py took 0.055 seconds
[2021-11-17 01:20:14,205] {processor.py:163} INFO - Started process (PID=45190) to work on /Users/sravanisigadam/PycharmProjects/Airflow/venv/lib/python3.9/site-packages/airflow/example_dags/example_trigger_target_dag.py
[2021-11-17 01:20:14,206] {processor.py:625} INFO - Processing file /Users/sravanisigadam/PycharmProjects/Airflow/venv/lib/python3.9/site-packages/airflow/example_dags/example_trigger_target_dag.py for tasks to queue
[2021-11-17 01:20:14,206] {logging_mixin.py:109} INFO - [2021-11-17 01:20:14,206] {dagbag.py:500} INFO - Filling up the DagBag from /Users/sravanisigadam/PycharmProjects/Airflow/venv/lib/python3.9/site-packages/airflow/example_dags/example_trigger_target_dag.py
[2021-11-17 01:20:14,239] {processor.py:637} INFO - DAG(s) dict_keys(['example_trigger_target_dag']) retrieved from /Users/sravanisigadam/PycharmProjects/Airflow/venv/lib/python3.9/site-packages/airflow/example_dags/example_trigger_target_dag.py
[2021-11-17 01:20:14,249] {logging_mixin.py:109} INFO - [2021-11-17 01:20:14,249] {dag.py:2396} INFO - Sync 1 DAGs
[2021-11-17 01:20:14,255] {logging_mixin.py:109} INFO - [2021-11-17 01:20:14,255] {dag.py:2928} INFO - Setting next_dagrun for example_trigger_target_dag to None
[2021-11-17 01:20:14,260] {processor.py:171} INFO - Processing /Users/sravanisigadam/PycharmProjects/Airflow/venv/lib/python3.9/site-packages/airflow/example_dags/example_trigger_target_dag.py took 0.055 seconds
[2021-11-17 07:11:40,035] {processor.py:163} INFO - Started process (PID=45367) to work on /Users/sravanisigadam/PycharmProjects/Airflow/venv/lib/python3.9/site-packages/airflow/example_dags/example_trigger_target_dag.py
[2021-11-17 07:11:40,035] {processor.py:625} INFO - Processing file /Users/sravanisigadam/PycharmProjects/Airflow/venv/lib/python3.9/site-packages/airflow/example_dags/example_trigger_target_dag.py for tasks to queue
[2021-11-17 07:11:40,036] {logging_mixin.py:109} INFO - [2021-11-17 07:11:40,036] {dagbag.py:500} INFO - Filling up the DagBag from /Users/sravanisigadam/PycharmProjects/Airflow/venv/lib/python3.9/site-packages/airflow/example_dags/example_trigger_target_dag.py
[2021-11-17 07:11:40,067] {processor.py:637} INFO - DAG(s) dict_keys(['example_trigger_target_dag']) retrieved from /Users/sravanisigadam/PycharmProjects/Airflow/venv/lib/python3.9/site-packages/airflow/example_dags/example_trigger_target_dag.py
[2021-11-17 07:11:40,078] {logging_mixin.py:109} INFO - [2021-11-17 07:11:40,078] {dag.py:2396} INFO - Sync 1 DAGs
[2021-11-17 07:11:40,083] {logging_mixin.py:109} INFO - [2021-11-17 07:11:40,083] {dag.py:2928} INFO - Setting next_dagrun for example_trigger_target_dag to None
[2021-11-17 07:11:40,089] {processor.py:171} INFO - Processing /Users/sravanisigadam/PycharmProjects/Airflow/venv/lib/python3.9/site-packages/airflow/example_dags/example_trigger_target_dag.py took 0.054 seconds
[2021-11-17 12:13:37,503] {processor.py:163} INFO - Started process (PID=45468) to work on /Users/sravanisigadam/PycharmProjects/Airflow/venv/lib/python3.9/site-packages/airflow/example_dags/example_trigger_target_dag.py
[2021-11-17 12:13:37,505] {processor.py:625} INFO - Processing file /Users/sravanisigadam/PycharmProjects/Airflow/venv/lib/python3.9/site-packages/airflow/example_dags/example_trigger_target_dag.py for tasks to queue
[2021-11-17 12:13:37,505] {logging_mixin.py:109} INFO - [2021-11-17 12:13:37,505] {dagbag.py:500} INFO - Filling up the DagBag from /Users/sravanisigadam/PycharmProjects/Airflow/venv/lib/python3.9/site-packages/airflow/example_dags/example_trigger_target_dag.py
[2021-11-17 12:13:37,537] {processor.py:637} INFO - DAG(s) dict_keys(['example_trigger_target_dag']) retrieved from /Users/sravanisigadam/PycharmProjects/Airflow/venv/lib/python3.9/site-packages/airflow/example_dags/example_trigger_target_dag.py
[2021-11-17 12:13:37,548] {logging_mixin.py:109} INFO - [2021-11-17 12:13:37,547] {dag.py:2396} INFO - Sync 1 DAGs
[2021-11-17 12:13:37,553] {logging_mixin.py:109} INFO - [2021-11-17 12:13:37,553] {dag.py:2928} INFO - Setting next_dagrun for example_trigger_target_dag to None
[2021-11-17 12:13:37,557] {processor.py:171} INFO - Processing /Users/sravanisigadam/PycharmProjects/Airflow/venv/lib/python3.9/site-packages/airflow/example_dags/example_trigger_target_dag.py took 0.054 seconds
