[2021-11-17 01:07:02,532] {processor.py:163} INFO - Started process (PID=44844) to work on /Users/sravanisigadam/PycharmProjects/Airflow/venv/lib/python3.9/site-packages/airflow/example_dags/example_branch_datetime_operator.py
[2021-11-17 01:07:02,532] {processor.py:625} INFO - Processing file /Users/sravanisigadam/PycharmProjects/Airflow/venv/lib/python3.9/site-packages/airflow/example_dags/example_branch_datetime_operator.py for tasks to queue
[2021-11-17 01:07:02,532] {logging_mixin.py:109} INFO - [2021-11-17 01:07:02,532] {dagbag.py:500} INFO - Filling up the DagBag from /Users/sravanisigadam/PycharmProjects/Airflow/venv/lib/python3.9/site-packages/airflow/example_dags/example_branch_datetime_operator.py
[2021-11-17 01:07:02,556] {processor.py:637} INFO - DAG(s) dict_keys(['example_branch_datetime_operator_2']) retrieved from /Users/sravanisigadam/PycharmProjects/Airflow/venv/lib/python3.9/site-packages/airflow/example_dags/example_branch_datetime_operator.py
[2021-11-17 01:07:02,566] {logging_mixin.py:109} INFO - [2021-11-17 01:07:02,566] {dag.py:2396} INFO - Sync 1 DAGs
[2021-11-17 01:07:02,572] {logging_mixin.py:109} INFO - [2021-11-17 01:07:02,571] {dag.py:2928} INFO - Setting next_dagrun for example_branch_datetime_operator_2 to 2021-11-16 00:00:00+00:00
[2021-11-17 01:07:02,576] {processor.py:171} INFO - Processing /Users/sravanisigadam/PycharmProjects/Airflow/venv/lib/python3.9/site-packages/airflow/example_dags/example_branch_datetime_operator.py took 0.044 seconds
[2021-11-17 01:08:17,459] {processor.py:163} INFO - Started process (PID=44888) to work on /Users/sravanisigadam/PycharmProjects/Airflow/venv/lib/python3.9/site-packages/airflow/example_dags/example_branch_datetime_operator.py
[2021-11-17 01:08:17,460] {processor.py:625} INFO - Processing file /Users/sravanisigadam/PycharmProjects/Airflow/venv/lib/python3.9/site-packages/airflow/example_dags/example_branch_datetime_operator.py for tasks to queue
[2021-11-17 01:08:17,460] {logging_mixin.py:109} INFO - [2021-11-17 01:08:17,460] {dagbag.py:500} INFO - Filling up the DagBag from /Users/sravanisigadam/PycharmProjects/Airflow/venv/lib/python3.9/site-packages/airflow/example_dags/example_branch_datetime_operator.py
[2021-11-17 01:08:17,484] {processor.py:637} INFO - DAG(s) dict_keys(['example_branch_datetime_operator_2']) retrieved from /Users/sravanisigadam/PycharmProjects/Airflow/venv/lib/python3.9/site-packages/airflow/example_dags/example_branch_datetime_operator.py
[2021-11-17 01:08:17,494] {logging_mixin.py:109} INFO - [2021-11-17 01:08:17,494] {dag.py:2396} INFO - Sync 1 DAGs
[2021-11-17 01:08:17,500] {logging_mixin.py:109} INFO - [2021-11-17 01:08:17,500] {dag.py:2928} INFO - Setting next_dagrun for example_branch_datetime_operator_2 to 2021-11-16 00:00:00+00:00
[2021-11-17 01:08:17,505] {processor.py:171} INFO - Processing /Users/sravanisigadam/PycharmProjects/Airflow/venv/lib/python3.9/site-packages/airflow/example_dags/example_branch_datetime_operator.py took 0.046 seconds
[2021-11-17 01:09:30,984] {processor.py:163} INFO - Started process (PID=44940) to work on /Users/sravanisigadam/PycharmProjects/Airflow/venv/lib/python3.9/site-packages/airflow/example_dags/example_branch_datetime_operator.py
[2021-11-17 01:09:30,985] {processor.py:625} INFO - Processing file /Users/sravanisigadam/PycharmProjects/Airflow/venv/lib/python3.9/site-packages/airflow/example_dags/example_branch_datetime_operator.py for tasks to queue
[2021-11-17 01:09:30,985] {logging_mixin.py:109} INFO - [2021-11-17 01:09:30,985] {dagbag.py:500} INFO - Filling up the DagBag from /Users/sravanisigadam/PycharmProjects/Airflow/venv/lib/python3.9/site-packages/airflow/example_dags/example_branch_datetime_operator.py
[2021-11-17 01:09:31,008] {processor.py:637} INFO - DAG(s) dict_keys(['example_branch_datetime_operator_2']) retrieved from /Users/sravanisigadam/PycharmProjects/Airflow/venv/lib/python3.9/site-packages/airflow/example_dags/example_branch_datetime_operator.py
[2021-11-17 01:09:31,019] {logging_mixin.py:109} INFO - [2021-11-17 01:09:31,019] {dag.py:2396} INFO - Sync 1 DAGs
[2021-11-17 01:09:31,025] {logging_mixin.py:109} INFO - [2021-11-17 01:09:31,024] {dag.py:2928} INFO - Setting next_dagrun for example_branch_datetime_operator_2 to 2021-11-16 00:00:00+00:00
[2021-11-17 01:09:31,030] {processor.py:171} INFO - Processing /Users/sravanisigadam/PycharmProjects/Airflow/venv/lib/python3.9/site-packages/airflow/example_dags/example_branch_datetime_operator.py took 0.046 seconds
[2021-11-17 01:10:45,209] {processor.py:163} INFO - Started process (PID=44991) to work on /Users/sravanisigadam/PycharmProjects/Airflow/venv/lib/python3.9/site-packages/airflow/example_dags/example_branch_datetime_operator.py
[2021-11-17 01:10:45,210] {processor.py:625} INFO - Processing file /Users/sravanisigadam/PycharmProjects/Airflow/venv/lib/python3.9/site-packages/airflow/example_dags/example_branch_datetime_operator.py for tasks to queue
[2021-11-17 01:10:45,210] {logging_mixin.py:109} INFO - [2021-11-17 01:10:45,210] {dagbag.py:500} INFO - Filling up the DagBag from /Users/sravanisigadam/PycharmProjects/Airflow/venv/lib/python3.9/site-packages/airflow/example_dags/example_branch_datetime_operator.py
[2021-11-17 01:10:45,233] {processor.py:637} INFO - DAG(s) dict_keys(['example_branch_datetime_operator_2']) retrieved from /Users/sravanisigadam/PycharmProjects/Airflow/venv/lib/python3.9/site-packages/airflow/example_dags/example_branch_datetime_operator.py
[2021-11-17 01:10:45,243] {logging_mixin.py:109} INFO - [2021-11-17 01:10:45,243] {dag.py:2396} INFO - Sync 1 DAGs
[2021-11-17 01:10:45,249] {logging_mixin.py:109} INFO - [2021-11-17 01:10:45,249] {dag.py:2928} INFO - Setting next_dagrun for example_branch_datetime_operator_2 to 2021-11-16 00:00:00+00:00
[2021-11-17 01:10:45,254] {processor.py:171} INFO - Processing /Users/sravanisigadam/PycharmProjects/Airflow/venv/lib/python3.9/site-packages/airflow/example_dags/example_branch_datetime_operator.py took 0.045 seconds
[2021-11-17 01:11:58,726] {processor.py:163} INFO - Started process (PID=45031) to work on /Users/sravanisigadam/PycharmProjects/Airflow/venv/lib/python3.9/site-packages/airflow/example_dags/example_branch_datetime_operator.py
[2021-11-17 01:11:58,726] {processor.py:625} INFO - Processing file /Users/sravanisigadam/PycharmProjects/Airflow/venv/lib/python3.9/site-packages/airflow/example_dags/example_branch_datetime_operator.py for tasks to queue
[2021-11-17 01:11:58,726] {logging_mixin.py:109} INFO - [2021-11-17 01:11:58,726] {dagbag.py:500} INFO - Filling up the DagBag from /Users/sravanisigadam/PycharmProjects/Airflow/venv/lib/python3.9/site-packages/airflow/example_dags/example_branch_datetime_operator.py
[2021-11-17 01:11:58,749] {processor.py:637} INFO - DAG(s) dict_keys(['example_branch_datetime_operator_2']) retrieved from /Users/sravanisigadam/PycharmProjects/Airflow/venv/lib/python3.9/site-packages/airflow/example_dags/example_branch_datetime_operator.py
[2021-11-17 01:11:58,759] {logging_mixin.py:109} INFO - [2021-11-17 01:11:58,759] {dag.py:2396} INFO - Sync 1 DAGs
[2021-11-17 01:11:58,765] {logging_mixin.py:109} INFO - [2021-11-17 01:11:58,765] {dag.py:2928} INFO - Setting next_dagrun for example_branch_datetime_operator_2 to 2021-11-16 00:00:00+00:00
[2021-11-17 01:11:58,770] {processor.py:171} INFO - Processing /Users/sravanisigadam/PycharmProjects/Airflow/venv/lib/python3.9/site-packages/airflow/example_dags/example_branch_datetime_operator.py took 0.044 seconds
[2021-11-17 01:13:11,133] {processor.py:163} INFO - Started process (PID=45069) to work on /Users/sravanisigadam/PycharmProjects/Airflow/venv/lib/python3.9/site-packages/airflow/example_dags/example_branch_datetime_operator.py
[2021-11-17 01:13:11,133] {processor.py:625} INFO - Processing file /Users/sravanisigadam/PycharmProjects/Airflow/venv/lib/python3.9/site-packages/airflow/example_dags/example_branch_datetime_operator.py for tasks to queue
[2021-11-17 01:13:11,134] {logging_mixin.py:109} INFO - [2021-11-17 01:13:11,134] {dagbag.py:500} INFO - Filling up the DagBag from /Users/sravanisigadam/PycharmProjects/Airflow/venv/lib/python3.9/site-packages/airflow/example_dags/example_branch_datetime_operator.py
[2021-11-17 01:13:11,157] {processor.py:637} INFO - DAG(s) dict_keys(['example_branch_datetime_operator_2']) retrieved from /Users/sravanisigadam/PycharmProjects/Airflow/venv/lib/python3.9/site-packages/airflow/example_dags/example_branch_datetime_operator.py
[2021-11-17 01:13:11,167] {logging_mixin.py:109} INFO - [2021-11-17 01:13:11,167] {dag.py:2396} INFO - Sync 1 DAGs
[2021-11-17 01:13:11,173] {logging_mixin.py:109} INFO - [2021-11-17 01:13:11,173] {dag.py:2928} INFO - Setting next_dagrun for example_branch_datetime_operator_2 to 2021-11-16 00:00:00+00:00
[2021-11-17 01:13:11,178] {processor.py:171} INFO - Processing /Users/sravanisigadam/PycharmProjects/Airflow/venv/lib/python3.9/site-packages/airflow/example_dags/example_branch_datetime_operator.py took 0.045 seconds
[2021-11-17 01:14:25,913] {processor.py:163} INFO - Started process (PID=45105) to work on /Users/sravanisigadam/PycharmProjects/Airflow/venv/lib/python3.9/site-packages/airflow/example_dags/example_branch_datetime_operator.py
[2021-11-17 01:14:25,913] {processor.py:625} INFO - Processing file /Users/sravanisigadam/PycharmProjects/Airflow/venv/lib/python3.9/site-packages/airflow/example_dags/example_branch_datetime_operator.py for tasks to queue
[2021-11-17 01:14:25,913] {logging_mixin.py:109} INFO - [2021-11-17 01:14:25,913] {dagbag.py:500} INFO - Filling up the DagBag from /Users/sravanisigadam/PycharmProjects/Airflow/venv/lib/python3.9/site-packages/airflow/example_dags/example_branch_datetime_operator.py
[2021-11-17 01:14:25,936] {processor.py:637} INFO - DAG(s) dict_keys(['example_branch_datetime_operator_2']) retrieved from /Users/sravanisigadam/PycharmProjects/Airflow/venv/lib/python3.9/site-packages/airflow/example_dags/example_branch_datetime_operator.py
[2021-11-17 01:14:25,946] {logging_mixin.py:109} INFO - [2021-11-17 01:14:25,946] {dag.py:2396} INFO - Sync 1 DAGs
[2021-11-17 01:14:25,952] {logging_mixin.py:109} INFO - [2021-11-17 01:14:25,952] {dag.py:2928} INFO - Setting next_dagrun for example_branch_datetime_operator_2 to 2021-11-16 00:00:00+00:00
[2021-11-17 01:14:25,956] {processor.py:171} INFO - Processing /Users/sravanisigadam/PycharmProjects/Airflow/venv/lib/python3.9/site-packages/airflow/example_dags/example_branch_datetime_operator.py took 0.044 seconds
[2021-11-17 01:15:51,824] {processor.py:163} INFO - Started process (PID=45142) to work on /Users/sravanisigadam/PycharmProjects/Airflow/venv/lib/python3.9/site-packages/airflow/example_dags/example_branch_datetime_operator.py
[2021-11-17 01:15:51,825] {processor.py:625} INFO - Processing file /Users/sravanisigadam/PycharmProjects/Airflow/venv/lib/python3.9/site-packages/airflow/example_dags/example_branch_datetime_operator.py for tasks to queue
[2021-11-17 01:15:51,825] {logging_mixin.py:109} INFO - [2021-11-17 01:15:51,825] {dagbag.py:500} INFO - Filling up the DagBag from /Users/sravanisigadam/PycharmProjects/Airflow/venv/lib/python3.9/site-packages/airflow/example_dags/example_branch_datetime_operator.py
[2021-11-17 01:15:51,849] {processor.py:637} INFO - DAG(s) dict_keys(['example_branch_datetime_operator_2']) retrieved from /Users/sravanisigadam/PycharmProjects/Airflow/venv/lib/python3.9/site-packages/airflow/example_dags/example_branch_datetime_operator.py
[2021-11-17 01:15:51,860] {logging_mixin.py:109} INFO - [2021-11-17 01:15:51,860] {dag.py:2396} INFO - Sync 1 DAGs
[2021-11-17 01:15:51,866] {logging_mixin.py:109} INFO - [2021-11-17 01:15:51,866] {dag.py:2928} INFO - Setting next_dagrun for example_branch_datetime_operator_2 to 2021-11-16 00:00:00+00:00
[2021-11-17 01:15:51,871] {processor.py:171} INFO - Processing /Users/sravanisigadam/PycharmProjects/Airflow/venv/lib/python3.9/site-packages/airflow/example_dags/example_branch_datetime_operator.py took 0.047 seconds
[2021-11-17 05:11:09,713] {processor.py:163} INFO - Started process (PID=45308) to work on /Users/sravanisigadam/PycharmProjects/Airflow/venv/lib/python3.9/site-packages/airflow/example_dags/example_branch_datetime_operator.py
[2021-11-17 05:11:09,714] {processor.py:625} INFO - Processing file /Users/sravanisigadam/PycharmProjects/Airflow/venv/lib/python3.9/site-packages/airflow/example_dags/example_branch_datetime_operator.py for tasks to queue
[2021-11-17 05:11:09,714] {logging_mixin.py:109} INFO - [2021-11-17 05:11:09,714] {dagbag.py:500} INFO - Filling up the DagBag from /Users/sravanisigadam/PycharmProjects/Airflow/venv/lib/python3.9/site-packages/airflow/example_dags/example_branch_datetime_operator.py
[2021-11-17 05:11:09,751] {processor.py:637} INFO - DAG(s) dict_keys(['example_branch_datetime_operator_2']) retrieved from /Users/sravanisigadam/PycharmProjects/Airflow/venv/lib/python3.9/site-packages/airflow/example_dags/example_branch_datetime_operator.py
[2021-11-17 05:11:09,767] {logging_mixin.py:109} INFO - [2021-11-17 05:11:09,767] {dag.py:2396} INFO - Sync 1 DAGs
[2021-11-17 05:11:09,774] {logging_mixin.py:109} INFO - [2021-11-17 05:11:09,774] {dag.py:2928} INFO - Setting next_dagrun for example_branch_datetime_operator_2 to 2021-11-16 00:00:00+00:00
[2021-11-17 05:11:09,781] {processor.py:171} INFO - Processing /Users/sravanisigadam/PycharmProjects/Airflow/venv/lib/python3.9/site-packages/airflow/example_dags/example_branch_datetime_operator.py took 0.068 seconds
[2021-11-17 14:56:56,895] {processor.py:163} INFO - Started process (PID=45521) to work on /Users/sravanisigadam/PycharmProjects/Airflow/venv/lib/python3.9/site-packages/airflow/example_dags/example_branch_datetime_operator.py
[2021-11-17 14:56:56,896] {processor.py:625} INFO - Processing file /Users/sravanisigadam/PycharmProjects/Airflow/venv/lib/python3.9/site-packages/airflow/example_dags/example_branch_datetime_operator.py for tasks to queue
[2021-11-17 14:56:56,896] {logging_mixin.py:109} INFO - [2021-11-17 14:56:56,896] {dagbag.py:500} INFO - Filling up the DagBag from /Users/sravanisigadam/PycharmProjects/Airflow/venv/lib/python3.9/site-packages/airflow/example_dags/example_branch_datetime_operator.py
[2021-11-17 14:56:56,921] {processor.py:637} INFO - DAG(s) dict_keys(['example_branch_datetime_operator_2']) retrieved from /Users/sravanisigadam/PycharmProjects/Airflow/venv/lib/python3.9/site-packages/airflow/example_dags/example_branch_datetime_operator.py
[2021-11-17 14:56:56,931] {logging_mixin.py:109} INFO - [2021-11-17 14:56:56,931] {dag.py:2396} INFO - Sync 1 DAGs
[2021-11-17 14:56:56,937] {logging_mixin.py:109} INFO - [2021-11-17 14:56:56,937] {dag.py:2928} INFO - Setting next_dagrun for example_branch_datetime_operator_2 to 2021-11-16 00:00:00+00:00
[2021-11-17 14:56:56,942] {processor.py:171} INFO - Processing /Users/sravanisigadam/PycharmProjects/Airflow/venv/lib/python3.9/site-packages/airflow/example_dags/example_branch_datetime_operator.py took 0.047 seconds
