[2021-11-17 01:06:50,729] {processor.py:163} INFO - Started process (PID=44836) to work on /Users/sravanisigadam/PycharmProjects/Airflow/venv/lib/python3.9/site-packages/airflow/example_dags/example_dag_decorator.py
[2021-11-17 01:06:50,729] {processor.py:625} INFO - Processing file /Users/sravanisigadam/PycharmProjects/Airflow/venv/lib/python3.9/site-packages/airflow/example_dags/example_dag_decorator.py for tasks to queue
[2021-11-17 01:06:50,729] {logging_mixin.py:109} INFO - [2021-11-17 01:06:50,729] {dagbag.py:500} INFO - Filling up the DagBag from /Users/sravanisigadam/PycharmProjects/Airflow/venv/lib/python3.9/site-packages/airflow/example_dags/example_dag_decorator.py
[2021-11-17 01:06:50,766] {processor.py:637} INFO - DAG(s) dict_keys(['example_dag_decorator']) retrieved from /Users/sravanisigadam/PycharmProjects/Airflow/venv/lib/python3.9/site-packages/airflow/example_dags/example_dag_decorator.py
[2021-11-17 01:06:50,947] {logging_mixin.py:109} INFO - [2021-11-17 01:06:50,947] {dag.py:2396} INFO - Sync 1 DAGs
[2021-11-17 01:06:50,952] {logging_mixin.py:109} INFO - [2021-11-17 01:06:50,952] {dag.py:2928} INFO - Setting next_dagrun for example_dag_decorator to None
[2021-11-17 01:06:50,959] {processor.py:171} INFO - Processing /Users/sravanisigadam/PycharmProjects/Airflow/venv/lib/python3.9/site-packages/airflow/example_dags/example_dag_decorator.py took 0.230 seconds
[2021-11-17 01:08:05,094] {processor.py:163} INFO - Started process (PID=44881) to work on /Users/sravanisigadam/PycharmProjects/Airflow/venv/lib/python3.9/site-packages/airflow/example_dags/example_dag_decorator.py
[2021-11-17 01:08:05,095] {processor.py:625} INFO - Processing file /Users/sravanisigadam/PycharmProjects/Airflow/venv/lib/python3.9/site-packages/airflow/example_dags/example_dag_decorator.py for tasks to queue
[2021-11-17 01:08:05,096] {logging_mixin.py:109} INFO - [2021-11-17 01:08:05,096] {dagbag.py:500} INFO - Filling up the DagBag from /Users/sravanisigadam/PycharmProjects/Airflow/venv/lib/python3.9/site-packages/airflow/example_dags/example_dag_decorator.py
[2021-11-17 01:08:05,132] {processor.py:637} INFO - DAG(s) dict_keys(['example_dag_decorator']) retrieved from /Users/sravanisigadam/PycharmProjects/Airflow/venv/lib/python3.9/site-packages/airflow/example_dags/example_dag_decorator.py
[2021-11-17 01:08:05,333] {logging_mixin.py:109} INFO - [2021-11-17 01:08:05,333] {dag.py:2396} INFO - Sync 1 DAGs
[2021-11-17 01:08:05,339] {logging_mixin.py:109} INFO - [2021-11-17 01:08:05,339] {dag.py:2928} INFO - Setting next_dagrun for example_dag_decorator to None
[2021-11-17 01:08:05,345] {processor.py:171} INFO - Processing /Users/sravanisigadam/PycharmProjects/Airflow/venv/lib/python3.9/site-packages/airflow/example_dags/example_dag_decorator.py took 0.251 seconds
[2021-11-17 01:09:19,132] {processor.py:163} INFO - Started process (PID=44931) to work on /Users/sravanisigadam/PycharmProjects/Airflow/venv/lib/python3.9/site-packages/airflow/example_dags/example_dag_decorator.py
[2021-11-17 01:09:19,132] {processor.py:625} INFO - Processing file /Users/sravanisigadam/PycharmProjects/Airflow/venv/lib/python3.9/site-packages/airflow/example_dags/example_dag_decorator.py for tasks to queue
[2021-11-17 01:09:19,132] {logging_mixin.py:109} INFO - [2021-11-17 01:09:19,132] {dagbag.py:500} INFO - Filling up the DagBag from /Users/sravanisigadam/PycharmProjects/Airflow/venv/lib/python3.9/site-packages/airflow/example_dags/example_dag_decorator.py
[2021-11-17 01:09:19,167] {processor.py:637} INFO - DAG(s) dict_keys(['example_dag_decorator']) retrieved from /Users/sravanisigadam/PycharmProjects/Airflow/venv/lib/python3.9/site-packages/airflow/example_dags/example_dag_decorator.py
[2021-11-17 01:09:19,335] {logging_mixin.py:109} INFO - [2021-11-17 01:09:19,335] {dag.py:2396} INFO - Sync 1 DAGs
[2021-11-17 01:09:19,341] {logging_mixin.py:109} INFO - [2021-11-17 01:09:19,341] {dag.py:2928} INFO - Setting next_dagrun for example_dag_decorator to None
[2021-11-17 01:09:19,347] {processor.py:171} INFO - Processing /Users/sravanisigadam/PycharmProjects/Airflow/venv/lib/python3.9/site-packages/airflow/example_dags/example_dag_decorator.py took 0.216 seconds
[2021-11-17 01:10:32,448] {processor.py:163} INFO - Started process (PID=44985) to work on /Users/sravanisigadam/PycharmProjects/Airflow/venv/lib/python3.9/site-packages/airflow/example_dags/example_dag_decorator.py
[2021-11-17 01:10:32,449] {processor.py:625} INFO - Processing file /Users/sravanisigadam/PycharmProjects/Airflow/venv/lib/python3.9/site-packages/airflow/example_dags/example_dag_decorator.py for tasks to queue
[2021-11-17 01:10:32,449] {logging_mixin.py:109} INFO - [2021-11-17 01:10:32,449] {dagbag.py:500} INFO - Filling up the DagBag from /Users/sravanisigadam/PycharmProjects/Airflow/venv/lib/python3.9/site-packages/airflow/example_dags/example_dag_decorator.py
[2021-11-17 01:10:32,483] {processor.py:637} INFO - DAG(s) dict_keys(['example_dag_decorator']) retrieved from /Users/sravanisigadam/PycharmProjects/Airflow/venv/lib/python3.9/site-packages/airflow/example_dags/example_dag_decorator.py
[2021-11-17 01:10:32,651] {logging_mixin.py:109} INFO - [2021-11-17 01:10:32,651] {dag.py:2396} INFO - Sync 1 DAGs
[2021-11-17 01:10:32,657] {logging_mixin.py:109} INFO - [2021-11-17 01:10:32,657] {dag.py:2928} INFO - Setting next_dagrun for example_dag_decorator to None
[2021-11-17 01:10:32,663] {processor.py:171} INFO - Processing /Users/sravanisigadam/PycharmProjects/Airflow/venv/lib/python3.9/site-packages/airflow/example_dags/example_dag_decorator.py took 0.215 seconds
[2021-11-17 01:11:46,353] {processor.py:163} INFO - Started process (PID=45025) to work on /Users/sravanisigadam/PycharmProjects/Airflow/venv/lib/python3.9/site-packages/airflow/example_dags/example_dag_decorator.py
[2021-11-17 01:11:46,353] {processor.py:625} INFO - Processing file /Users/sravanisigadam/PycharmProjects/Airflow/venv/lib/python3.9/site-packages/airflow/example_dags/example_dag_decorator.py for tasks to queue
[2021-11-17 01:11:46,353] {logging_mixin.py:109} INFO - [2021-11-17 01:11:46,353] {dagbag.py:500} INFO - Filling up the DagBag from /Users/sravanisigadam/PycharmProjects/Airflow/venv/lib/python3.9/site-packages/airflow/example_dags/example_dag_decorator.py
[2021-11-17 01:11:46,388] {processor.py:637} INFO - DAG(s) dict_keys(['example_dag_decorator']) retrieved from /Users/sravanisigadam/PycharmProjects/Airflow/venv/lib/python3.9/site-packages/airflow/example_dags/example_dag_decorator.py
[2021-11-17 01:11:46,535] {logging_mixin.py:109} INFO - [2021-11-17 01:11:46,535] {dag.py:2396} INFO - Sync 1 DAGs
[2021-11-17 01:11:46,541] {logging_mixin.py:109} INFO - [2021-11-17 01:11:46,541] {dag.py:2928} INFO - Setting next_dagrun for example_dag_decorator to None
[2021-11-17 01:11:46,547] {processor.py:171} INFO - Processing /Users/sravanisigadam/PycharmProjects/Airflow/venv/lib/python3.9/site-packages/airflow/example_dags/example_dag_decorator.py took 0.194 seconds
[2021-11-17 01:12:59,272] {processor.py:163} INFO - Started process (PID=45063) to work on /Users/sravanisigadam/PycharmProjects/Airflow/venv/lib/python3.9/site-packages/airflow/example_dags/example_dag_decorator.py
[2021-11-17 01:12:59,272] {processor.py:625} INFO - Processing file /Users/sravanisigadam/PycharmProjects/Airflow/venv/lib/python3.9/site-packages/airflow/example_dags/example_dag_decorator.py for tasks to queue
[2021-11-17 01:12:59,273] {logging_mixin.py:109} INFO - [2021-11-17 01:12:59,273] {dagbag.py:500} INFO - Filling up the DagBag from /Users/sravanisigadam/PycharmProjects/Airflow/venv/lib/python3.9/site-packages/airflow/example_dags/example_dag_decorator.py
[2021-11-17 01:12:59,312] {processor.py:637} INFO - DAG(s) dict_keys(['example_dag_decorator']) retrieved from /Users/sravanisigadam/PycharmProjects/Airflow/venv/lib/python3.9/site-packages/airflow/example_dags/example_dag_decorator.py
[2021-11-17 01:12:59,457] {logging_mixin.py:109} INFO - [2021-11-17 01:12:59,457] {dag.py:2396} INFO - Sync 1 DAGs
[2021-11-17 01:12:59,463] {logging_mixin.py:109} INFO - [2021-11-17 01:12:59,463] {dag.py:2928} INFO - Setting next_dagrun for example_dag_decorator to None
[2021-11-17 01:12:59,469] {processor.py:171} INFO - Processing /Users/sravanisigadam/PycharmProjects/Airflow/venv/lib/python3.9/site-packages/airflow/example_dags/example_dag_decorator.py took 0.197 seconds
[2021-11-17 01:14:13,577] {processor.py:163} INFO - Started process (PID=45099) to work on /Users/sravanisigadam/PycharmProjects/Airflow/venv/lib/python3.9/site-packages/airflow/example_dags/example_dag_decorator.py
[2021-11-17 01:14:13,577] {processor.py:625} INFO - Processing file /Users/sravanisigadam/PycharmProjects/Airflow/venv/lib/python3.9/site-packages/airflow/example_dags/example_dag_decorator.py for tasks to queue
[2021-11-17 01:14:13,577] {logging_mixin.py:109} INFO - [2021-11-17 01:14:13,577] {dagbag.py:500} INFO - Filling up the DagBag from /Users/sravanisigadam/PycharmProjects/Airflow/venv/lib/python3.9/site-packages/airflow/example_dags/example_dag_decorator.py
[2021-11-17 01:14:13,613] {processor.py:637} INFO - DAG(s) dict_keys(['example_dag_decorator']) retrieved from /Users/sravanisigadam/PycharmProjects/Airflow/venv/lib/python3.9/site-packages/airflow/example_dags/example_dag_decorator.py
[2021-11-17 01:14:13,762] {logging_mixin.py:109} INFO - [2021-11-17 01:14:13,762] {dag.py:2396} INFO - Sync 1 DAGs
[2021-11-17 01:14:13,767] {logging_mixin.py:109} INFO - [2021-11-17 01:14:13,767] {dag.py:2928} INFO - Setting next_dagrun for example_dag_decorator to None
[2021-11-17 01:14:13,773] {processor.py:171} INFO - Processing /Users/sravanisigadam/PycharmProjects/Airflow/venv/lib/python3.9/site-packages/airflow/example_dags/example_dag_decorator.py took 0.197 seconds
[2021-11-17 01:15:27,408] {processor.py:163} INFO - Started process (PID=45135) to work on /Users/sravanisigadam/PycharmProjects/Airflow/venv/lib/python3.9/site-packages/airflow/example_dags/example_dag_decorator.py
[2021-11-17 01:15:27,408] {processor.py:625} INFO - Processing file /Users/sravanisigadam/PycharmProjects/Airflow/venv/lib/python3.9/site-packages/airflow/example_dags/example_dag_decorator.py for tasks to queue
[2021-11-17 01:15:27,409] {logging_mixin.py:109} INFO - [2021-11-17 01:15:27,409] {dagbag.py:500} INFO - Filling up the DagBag from /Users/sravanisigadam/PycharmProjects/Airflow/venv/lib/python3.9/site-packages/airflow/example_dags/example_dag_decorator.py
[2021-11-17 01:15:27,445] {processor.py:637} INFO - DAG(s) dict_keys(['example_dag_decorator']) retrieved from /Users/sravanisigadam/PycharmProjects/Airflow/venv/lib/python3.9/site-packages/airflow/example_dags/example_dag_decorator.py
[2021-11-17 01:15:27,592] {logging_mixin.py:109} INFO - [2021-11-17 01:15:27,592] {dag.py:2396} INFO - Sync 1 DAGs
[2021-11-17 01:15:27,598] {logging_mixin.py:109} INFO - [2021-11-17 01:15:27,598] {dag.py:2928} INFO - Setting next_dagrun for example_dag_decorator to None
[2021-11-17 01:15:27,604] {processor.py:171} INFO - Processing /Users/sravanisigadam/PycharmProjects/Airflow/venv/lib/python3.9/site-packages/airflow/example_dags/example_dag_decorator.py took 0.196 seconds
[2021-11-17 03:36:55,513] {processor.py:163} INFO - Started process (PID=45281) to work on /Users/sravanisigadam/PycharmProjects/Airflow/venv/lib/python3.9/site-packages/airflow/example_dags/example_dag_decorator.py
[2021-11-17 03:36:55,514] {processor.py:625} INFO - Processing file /Users/sravanisigadam/PycharmProjects/Airflow/venv/lib/python3.9/site-packages/airflow/example_dags/example_dag_decorator.py for tasks to queue
[2021-11-17 03:36:55,514] {logging_mixin.py:109} INFO - [2021-11-17 03:36:55,514] {dagbag.py:500} INFO - Filling up the DagBag from /Users/sravanisigadam/PycharmProjects/Airflow/venv/lib/python3.9/site-packages/airflow/example_dags/example_dag_decorator.py
[2021-11-17 03:36:55,549] {processor.py:637} INFO - DAG(s) dict_keys(['example_dag_decorator']) retrieved from /Users/sravanisigadam/PycharmProjects/Airflow/venv/lib/python3.9/site-packages/airflow/example_dags/example_dag_decorator.py
[2021-11-17 03:36:55,698] {logging_mixin.py:109} INFO - [2021-11-17 03:36:55,698] {dag.py:2396} INFO - Sync 1 DAGs
[2021-11-17 03:36:55,704] {logging_mixin.py:109} INFO - [2021-11-17 03:36:55,704] {dag.py:2928} INFO - Setting next_dagrun for example_dag_decorator to None
[2021-11-17 03:36:55,710] {processor.py:171} INFO - Processing /Users/sravanisigadam/PycharmProjects/Airflow/venv/lib/python3.9/site-packages/airflow/example_dags/example_dag_decorator.py took 0.197 seconds
[2021-11-17 09:50:56,630] {processor.py:163} INFO - Started process (PID=45414) to work on /Users/sravanisigadam/PycharmProjects/Airflow/venv/lib/python3.9/site-packages/airflow/example_dags/example_dag_decorator.py
[2021-11-17 09:50:56,631] {processor.py:625} INFO - Processing file /Users/sravanisigadam/PycharmProjects/Airflow/venv/lib/python3.9/site-packages/airflow/example_dags/example_dag_decorator.py for tasks to queue
[2021-11-17 09:50:56,631] {logging_mixin.py:109} INFO - [2021-11-17 09:50:56,631] {dagbag.py:500} INFO - Filling up the DagBag from /Users/sravanisigadam/PycharmProjects/Airflow/venv/lib/python3.9/site-packages/airflow/example_dags/example_dag_decorator.py
[2021-11-17 09:50:56,681] {processor.py:637} INFO - DAG(s) dict_keys(['example_dag_decorator']) retrieved from /Users/sravanisigadam/PycharmProjects/Airflow/venv/lib/python3.9/site-packages/airflow/example_dags/example_dag_decorator.py
[2021-11-17 09:50:56,901] {logging_mixin.py:109} INFO - [2021-11-17 09:50:56,901] {dag.py:2396} INFO - Sync 1 DAGs
[2021-11-17 09:50:56,907] {logging_mixin.py:109} INFO - [2021-11-17 09:50:56,907] {dag.py:2928} INFO - Setting next_dagrun for example_dag_decorator to None
[2021-11-17 09:50:56,914] {processor.py:171} INFO - Processing /Users/sravanisigadam/PycharmProjects/Airflow/venv/lib/python3.9/site-packages/airflow/example_dags/example_dag_decorator.py took 0.284 seconds
[2021-11-17 14:39:32,050] {processor.py:163} INFO - Started process (PID=45509) to work on /Users/sravanisigadam/PycharmProjects/Airflow/venv/lib/python3.9/site-packages/airflow/example_dags/example_dag_decorator.py
[2021-11-17 14:39:32,052] {processor.py:625} INFO - Processing file /Users/sravanisigadam/PycharmProjects/Airflow/venv/lib/python3.9/site-packages/airflow/example_dags/example_dag_decorator.py for tasks to queue
[2021-11-17 14:39:32,052] {logging_mixin.py:109} INFO - [2021-11-17 14:39:32,052] {dagbag.py:500} INFO - Filling up the DagBag from /Users/sravanisigadam/PycharmProjects/Airflow/venv/lib/python3.9/site-packages/airflow/example_dags/example_dag_decorator.py
[2021-11-17 14:39:32,090] {processor.py:637} INFO - DAG(s) dict_keys(['example_dag_decorator']) retrieved from /Users/sravanisigadam/PycharmProjects/Airflow/venv/lib/python3.9/site-packages/airflow/example_dags/example_dag_decorator.py
[2021-11-17 14:39:32,235] {logging_mixin.py:109} INFO - [2021-11-17 14:39:32,235] {dag.py:2396} INFO - Sync 1 DAGs
[2021-11-17 14:39:32,241] {logging_mixin.py:109} INFO - [2021-11-17 14:39:32,241] {dag.py:2928} INFO - Setting next_dagrun for example_dag_decorator to None
[2021-11-17 14:39:32,246] {processor.py:171} INFO - Processing /Users/sravanisigadam/PycharmProjects/Airflow/venv/lib/python3.9/site-packages/airflow/example_dags/example_dag_decorator.py took 0.196 seconds
