[2021-11-17 01:06:26,605] {processor.py:163} INFO - Started process (PID=44820) to work on /Users/sravanisigadam/PycharmProjects/Airflow/venv/lib/python3.9/site-packages/airflow/example_dags/example_task_group.py
[2021-11-17 01:06:26,623] {processor.py:625} INFO - Processing file /Users/sravanisigadam/PycharmProjects/Airflow/venv/lib/python3.9/site-packages/airflow/example_dags/example_task_group.py for tasks to queue
[2021-11-17 01:06:26,623] {logging_mixin.py:109} INFO - [2021-11-17 01:06:26,623] {dagbag.py:500} INFO - Filling up the DagBag from /Users/sravanisigadam/PycharmProjects/Airflow/venv/lib/python3.9/site-packages/airflow/example_dags/example_task_group.py
[2021-11-17 01:06:26,647] {processor.py:637} INFO - DAG(s) dict_keys(['example_task_group']) retrieved from /Users/sravanisigadam/PycharmProjects/Airflow/venv/lib/python3.9/site-packages/airflow/example_dags/example_task_group.py
[2021-11-17 01:06:26,658] {logging_mixin.py:109} INFO - [2021-11-17 01:06:26,658] {dag.py:2396} INFO - Sync 1 DAGs
[2021-11-17 01:06:26,664] {logging_mixin.py:109} INFO - [2021-11-17 01:06:26,663] {dag.py:2928} INFO - Setting next_dagrun for example_task_group to 2021-11-16T09:06:26.663776+00:00
[2021-11-17 01:06:26,669] {processor.py:171} INFO - Processing /Users/sravanisigadam/PycharmProjects/Airflow/venv/lib/python3.9/site-packages/airflow/example_dags/example_task_group.py took 0.064 seconds
[2021-11-17 01:07:34,371] {processor.py:163} INFO - Started process (PID=44862) to work on /Users/sravanisigadam/PycharmProjects/Airflow/venv/lib/python3.9/site-packages/airflow/example_dags/example_task_group.py
[2021-11-17 01:07:34,371] {processor.py:625} INFO - Processing file /Users/sravanisigadam/PycharmProjects/Airflow/venv/lib/python3.9/site-packages/airflow/example_dags/example_task_group.py for tasks to queue
[2021-11-17 01:07:34,371] {logging_mixin.py:109} INFO - [2021-11-17 01:07:34,371] {dagbag.py:500} INFO - Filling up the DagBag from /Users/sravanisigadam/PycharmProjects/Airflow/venv/lib/python3.9/site-packages/airflow/example_dags/example_task_group.py
[2021-11-17 01:07:34,398] {processor.py:637} INFO - DAG(s) dict_keys(['example_task_group']) retrieved from /Users/sravanisigadam/PycharmProjects/Airflow/venv/lib/python3.9/site-packages/airflow/example_dags/example_task_group.py
[2021-11-17 01:07:34,409] {logging_mixin.py:109} INFO - [2021-11-17 01:07:34,409] {dag.py:2396} INFO - Sync 1 DAGs
[2021-11-17 01:07:34,414] {logging_mixin.py:109} INFO - [2021-11-17 01:07:34,414] {dag.py:2928} INFO - Setting next_dagrun for example_task_group to 2021-11-16T09:07:34.414026+00:00
[2021-11-17 01:07:34,418] {processor.py:171} INFO - Processing /Users/sravanisigadam/PycharmProjects/Airflow/venv/lib/python3.9/site-packages/airflow/example_dags/example_task_group.py took 0.048 seconds
[2021-11-17 01:08:48,314] {processor.py:163} INFO - Started process (PID=44904) to work on /Users/sravanisigadam/PycharmProjects/Airflow/venv/lib/python3.9/site-packages/airflow/example_dags/example_task_group.py
[2021-11-17 01:08:48,315] {processor.py:625} INFO - Processing file /Users/sravanisigadam/PycharmProjects/Airflow/venv/lib/python3.9/site-packages/airflow/example_dags/example_task_group.py for tasks to queue
[2021-11-17 01:08:48,315] {logging_mixin.py:109} INFO - [2021-11-17 01:08:48,315] {dagbag.py:500} INFO - Filling up the DagBag from /Users/sravanisigadam/PycharmProjects/Airflow/venv/lib/python3.9/site-packages/airflow/example_dags/example_task_group.py
[2021-11-17 01:08:48,342] {processor.py:637} INFO - DAG(s) dict_keys(['example_task_group']) retrieved from /Users/sravanisigadam/PycharmProjects/Airflow/venv/lib/python3.9/site-packages/airflow/example_dags/example_task_group.py
[2021-11-17 01:08:48,356] {logging_mixin.py:109} INFO - [2021-11-17 01:08:48,356] {dag.py:2396} INFO - Sync 1 DAGs
[2021-11-17 01:08:48,361] {logging_mixin.py:109} INFO - [2021-11-17 01:08:48,361] {dag.py:2928} INFO - Setting next_dagrun for example_task_group to 2021-11-16T09:08:48.361654+00:00
[2021-11-17 01:08:48,367] {processor.py:171} INFO - Processing /Users/sravanisigadam/PycharmProjects/Airflow/venv/lib/python3.9/site-packages/airflow/example_dags/example_task_group.py took 0.053 seconds
[2021-11-17 01:10:01,202] {processor.py:163} INFO - Started process (PID=44969) to work on /Users/sravanisigadam/PycharmProjects/Airflow/venv/lib/python3.9/site-packages/airflow/example_dags/example_task_group.py
[2021-11-17 01:10:01,203] {processor.py:625} INFO - Processing file /Users/sravanisigadam/PycharmProjects/Airflow/venv/lib/python3.9/site-packages/airflow/example_dags/example_task_group.py for tasks to queue
[2021-11-17 01:10:01,203] {logging_mixin.py:109} INFO - [2021-11-17 01:10:01,203] {dagbag.py:500} INFO - Filling up the DagBag from /Users/sravanisigadam/PycharmProjects/Airflow/venv/lib/python3.9/site-packages/airflow/example_dags/example_task_group.py
[2021-11-17 01:10:01,229] {processor.py:637} INFO - DAG(s) dict_keys(['example_task_group']) retrieved from /Users/sravanisigadam/PycharmProjects/Airflow/venv/lib/python3.9/site-packages/airflow/example_dags/example_task_group.py
[2021-11-17 01:10:01,241] {logging_mixin.py:109} INFO - [2021-11-17 01:10:01,241] {dag.py:2396} INFO - Sync 1 DAGs
[2021-11-17 01:10:01,247] {logging_mixin.py:109} INFO - [2021-11-17 01:10:01,247] {dag.py:2928} INFO - Setting next_dagrun for example_task_group to 2021-11-16T09:10:01.247141+00:00
[2021-11-17 01:10:01,252] {processor.py:171} INFO - Processing /Users/sravanisigadam/PycharmProjects/Airflow/venv/lib/python3.9/site-packages/airflow/example_dags/example_task_group.py took 0.050 seconds
[2021-11-17 01:11:15,915] {processor.py:163} INFO - Started process (PID=45010) to work on /Users/sravanisigadam/PycharmProjects/Airflow/venv/lib/python3.9/site-packages/airflow/example_dags/example_task_group.py
[2021-11-17 01:11:15,916] {processor.py:625} INFO - Processing file /Users/sravanisigadam/PycharmProjects/Airflow/venv/lib/python3.9/site-packages/airflow/example_dags/example_task_group.py for tasks to queue
[2021-11-17 01:11:15,916] {logging_mixin.py:109} INFO - [2021-11-17 01:11:15,916] {dagbag.py:500} INFO - Filling up the DagBag from /Users/sravanisigadam/PycharmProjects/Airflow/venv/lib/python3.9/site-packages/airflow/example_dags/example_task_group.py
[2021-11-17 01:11:15,941] {processor.py:637} INFO - DAG(s) dict_keys(['example_task_group']) retrieved from /Users/sravanisigadam/PycharmProjects/Airflow/venv/lib/python3.9/site-packages/airflow/example_dags/example_task_group.py
[2021-11-17 01:11:15,951] {logging_mixin.py:109} INFO - [2021-11-17 01:11:15,951] {dag.py:2396} INFO - Sync 1 DAGs
[2021-11-17 01:11:15,956] {logging_mixin.py:109} INFO - [2021-11-17 01:11:15,956] {dag.py:2928} INFO - Setting next_dagrun for example_task_group to 2021-11-16T09:11:15.956571+00:00
[2021-11-17 01:11:15,961] {processor.py:171} INFO - Processing /Users/sravanisigadam/PycharmProjects/Airflow/venv/lib/python3.9/site-packages/airflow/example_dags/example_task_group.py took 0.046 seconds
[2021-11-17 01:12:29,323] {processor.py:163} INFO - Started process (PID=45047) to work on /Users/sravanisigadam/PycharmProjects/Airflow/venv/lib/python3.9/site-packages/airflow/example_dags/example_task_group.py
[2021-11-17 01:12:29,323] {processor.py:625} INFO - Processing file /Users/sravanisigadam/PycharmProjects/Airflow/venv/lib/python3.9/site-packages/airflow/example_dags/example_task_group.py for tasks to queue
[2021-11-17 01:12:29,323] {logging_mixin.py:109} INFO - [2021-11-17 01:12:29,323] {dagbag.py:500} INFO - Filling up the DagBag from /Users/sravanisigadam/PycharmProjects/Airflow/venv/lib/python3.9/site-packages/airflow/example_dags/example_task_group.py
[2021-11-17 01:12:29,346] {processor.py:637} INFO - DAG(s) dict_keys(['example_task_group']) retrieved from /Users/sravanisigadam/PycharmProjects/Airflow/venv/lib/python3.9/site-packages/airflow/example_dags/example_task_group.py
[2021-11-17 01:12:29,357] {logging_mixin.py:109} INFO - [2021-11-17 01:12:29,357] {dag.py:2396} INFO - Sync 1 DAGs
[2021-11-17 01:12:29,362] {logging_mixin.py:109} INFO - [2021-11-17 01:12:29,362] {dag.py:2928} INFO - Setting next_dagrun for example_task_group to 2021-11-16T09:12:29.362196+00:00
[2021-11-17 01:12:29,367] {processor.py:171} INFO - Processing /Users/sravanisigadam/PycharmProjects/Airflow/venv/lib/python3.9/site-packages/airflow/example_dags/example_task_group.py took 0.044 seconds
[2021-11-17 01:13:42,889] {processor.py:163} INFO - Started process (PID=45084) to work on /Users/sravanisigadam/PycharmProjects/Airflow/venv/lib/python3.9/site-packages/airflow/example_dags/example_task_group.py
[2021-11-17 01:13:42,889] {processor.py:625} INFO - Processing file /Users/sravanisigadam/PycharmProjects/Airflow/venv/lib/python3.9/site-packages/airflow/example_dags/example_task_group.py for tasks to queue
[2021-11-17 01:13:42,889] {logging_mixin.py:109} INFO - [2021-11-17 01:13:42,889] {dagbag.py:500} INFO - Filling up the DagBag from /Users/sravanisigadam/PycharmProjects/Airflow/venv/lib/python3.9/site-packages/airflow/example_dags/example_task_group.py
[2021-11-17 01:13:42,913] {processor.py:637} INFO - DAG(s) dict_keys(['example_task_group']) retrieved from /Users/sravanisigadam/PycharmProjects/Airflow/venv/lib/python3.9/site-packages/airflow/example_dags/example_task_group.py
[2021-11-17 01:13:42,924] {logging_mixin.py:109} INFO - [2021-11-17 01:13:42,924] {dag.py:2396} INFO - Sync 1 DAGs
[2021-11-17 01:13:42,929] {logging_mixin.py:109} INFO - [2021-11-17 01:13:42,929] {dag.py:2928} INFO - Setting next_dagrun for example_task_group to 2021-11-16T09:13:42.929541+00:00
[2021-11-17 01:13:42,935] {processor.py:171} INFO - Processing /Users/sravanisigadam/PycharmProjects/Airflow/venv/lib/python3.9/site-packages/airflow/example_dags/example_task_group.py took 0.046 seconds
[2021-11-17 01:14:56,646] {processor.py:163} INFO - Started process (PID=45120) to work on /Users/sravanisigadam/PycharmProjects/Airflow/venv/lib/python3.9/site-packages/airflow/example_dags/example_task_group.py
[2021-11-17 01:14:56,646] {processor.py:625} INFO - Processing file /Users/sravanisigadam/PycharmProjects/Airflow/venv/lib/python3.9/site-packages/airflow/example_dags/example_task_group.py for tasks to queue
[2021-11-17 01:14:56,646] {logging_mixin.py:109} INFO - [2021-11-17 01:14:56,646] {dagbag.py:500} INFO - Filling up the DagBag from /Users/sravanisigadam/PycharmProjects/Airflow/venv/lib/python3.9/site-packages/airflow/example_dags/example_task_group.py
[2021-11-17 01:14:56,671] {processor.py:637} INFO - DAG(s) dict_keys(['example_task_group']) retrieved from /Users/sravanisigadam/PycharmProjects/Airflow/venv/lib/python3.9/site-packages/airflow/example_dags/example_task_group.py
[2021-11-17 01:14:56,682] {logging_mixin.py:109} INFO - [2021-11-17 01:14:56,682] {dag.py:2396} INFO - Sync 1 DAGs
[2021-11-17 01:14:56,687] {logging_mixin.py:109} INFO - [2021-11-17 01:14:56,687] {dag.py:2928} INFO - Setting next_dagrun for example_task_group to 2021-11-16T09:14:56.687617+00:00
[2021-11-17 01:14:56,693] {processor.py:171} INFO - Processing /Users/sravanisigadam/PycharmProjects/Airflow/venv/lib/python3.9/site-packages/airflow/example_dags/example_task_group.py took 0.047 seconds
[2021-11-17 01:20:22,045] {processor.py:163} INFO - Started process (PID=45197) to work on /Users/sravanisigadam/PycharmProjects/Airflow/venv/lib/python3.9/site-packages/airflow/example_dags/example_task_group.py
[2021-11-17 01:20:22,045] {processor.py:625} INFO - Processing file /Users/sravanisigadam/PycharmProjects/Airflow/venv/lib/python3.9/site-packages/airflow/example_dags/example_task_group.py for tasks to queue
[2021-11-17 01:20:22,046] {logging_mixin.py:109} INFO - [2021-11-17 01:20:22,046] {dagbag.py:500} INFO - Filling up the DagBag from /Users/sravanisigadam/PycharmProjects/Airflow/venv/lib/python3.9/site-packages/airflow/example_dags/example_task_group.py
[2021-11-17 01:20:22,070] {processor.py:637} INFO - DAG(s) dict_keys(['example_task_group']) retrieved from /Users/sravanisigadam/PycharmProjects/Airflow/venv/lib/python3.9/site-packages/airflow/example_dags/example_task_group.py
[2021-11-17 01:20:22,081] {logging_mixin.py:109} INFO - [2021-11-17 01:20:22,081] {dag.py:2396} INFO - Sync 1 DAGs
[2021-11-17 01:20:22,086] {logging_mixin.py:109} INFO - [2021-11-17 01:20:22,086] {dag.py:2928} INFO - Setting next_dagrun for example_task_group to 2021-11-16T09:20:22.086184+00:00
[2021-11-17 01:20:22,091] {processor.py:171} INFO - Processing /Users/sravanisigadam/PycharmProjects/Airflow/venv/lib/python3.9/site-packages/airflow/example_dags/example_task_group.py took 0.046 seconds
[2021-11-17 07:52:55,593] {processor.py:163} INFO - Started process (PID=45385) to work on /Users/sravanisigadam/PycharmProjects/Airflow/venv/lib/python3.9/site-packages/airflow/example_dags/example_task_group.py
[2021-11-17 07:52:55,593] {processor.py:625} INFO - Processing file /Users/sravanisigadam/PycharmProjects/Airflow/venv/lib/python3.9/site-packages/airflow/example_dags/example_task_group.py for tasks to queue
[2021-11-17 07:52:55,593] {logging_mixin.py:109} INFO - [2021-11-17 07:52:55,593] {dagbag.py:500} INFO - Filling up the DagBag from /Users/sravanisigadam/PycharmProjects/Airflow/venv/lib/python3.9/site-packages/airflow/example_dags/example_task_group.py
[2021-11-17 07:52:55,618] {processor.py:637} INFO - DAG(s) dict_keys(['example_task_group']) retrieved from /Users/sravanisigadam/PycharmProjects/Airflow/venv/lib/python3.9/site-packages/airflow/example_dags/example_task_group.py
[2021-11-17 07:52:55,629] {logging_mixin.py:109} INFO - [2021-11-17 07:52:55,629] {dag.py:2396} INFO - Sync 1 DAGs
[2021-11-17 07:52:55,634] {logging_mixin.py:109} INFO - [2021-11-17 07:52:55,634] {dag.py:2928} INFO - Setting next_dagrun for example_task_group to 2021-11-16T15:52:55.634041+00:00
[2021-11-17 07:52:55,639] {processor.py:171} INFO - Processing /Users/sravanisigadam/PycharmProjects/Airflow/venv/lib/python3.9/site-packages/airflow/example_dags/example_task_group.py took 0.046 seconds
[2021-11-17 13:25:38,811] {processor.py:163} INFO - Started process (PID=45478) to work on /Users/sravanisigadam/PycharmProjects/Airflow/venv/lib/python3.9/site-packages/airflow/example_dags/example_task_group.py
[2021-11-17 13:25:38,811] {processor.py:625} INFO - Processing file /Users/sravanisigadam/PycharmProjects/Airflow/venv/lib/python3.9/site-packages/airflow/example_dags/example_task_group.py for tasks to queue
[2021-11-17 13:25:38,811] {logging_mixin.py:109} INFO - [2021-11-17 13:25:38,811] {dagbag.py:500} INFO - Filling up the DagBag from /Users/sravanisigadam/PycharmProjects/Airflow/venv/lib/python3.9/site-packages/airflow/example_dags/example_task_group.py
[2021-11-17 13:25:38,835] {processor.py:637} INFO - DAG(s) dict_keys(['example_task_group']) retrieved from /Users/sravanisigadam/PycharmProjects/Airflow/venv/lib/python3.9/site-packages/airflow/example_dags/example_task_group.py
[2021-11-17 13:25:38,846] {logging_mixin.py:109} INFO - [2021-11-17 13:25:38,846] {dag.py:2396} INFO - Sync 1 DAGs
[2021-11-17 13:25:38,851] {logging_mixin.py:109} INFO - [2021-11-17 13:25:38,851] {dag.py:2928} INFO - Setting next_dagrun for example_task_group to 2021-11-16T21:25:38.851351+00:00
[2021-11-17 13:25:38,856] {processor.py:171} INFO - Processing /Users/sravanisigadam/PycharmProjects/Airflow/venv/lib/python3.9/site-packages/airflow/example_dags/example_task_group.py took 0.045 seconds
