[2021-11-17 01:07:04,694] {processor.py:163} INFO - Started process (PID=44845) to work on /Users/sravanisigadam/PycharmProjects/Airflow/venv/lib/python3.9/site-packages/airflow/example_dags/example_bash_operator.py
[2021-11-17 01:07:04,694] {processor.py:625} INFO - Processing file /Users/sravanisigadam/PycharmProjects/Airflow/venv/lib/python3.9/site-packages/airflow/example_dags/example_bash_operator.py for tasks to queue
[2021-11-17 01:07:04,695] {logging_mixin.py:109} INFO - [2021-11-17 01:07:04,695] {dagbag.py:500} INFO - Filling up the DagBag from /Users/sravanisigadam/PycharmProjects/Airflow/venv/lib/python3.9/site-packages/airflow/example_dags/example_bash_operator.py
[2021-11-17 01:07:04,719] {processor.py:637} INFO - DAG(s) dict_keys(['example_bash_operator']) retrieved from /Users/sravanisigadam/PycharmProjects/Airflow/venv/lib/python3.9/site-packages/airflow/example_dags/example_bash_operator.py
[2021-11-17 01:07:04,730] {logging_mixin.py:109} INFO - [2021-11-17 01:07:04,730] {dag.py:2396} INFO - Sync 1 DAGs
[2021-11-17 01:07:04,736] {logging_mixin.py:109} INFO - [2021-11-17 01:07:04,736] {dag.py:2928} INFO - Setting next_dagrun for example_bash_operator to 2021-11-16 00:00:00+00:00
[2021-11-17 01:07:04,740] {processor.py:171} INFO - Processing /Users/sravanisigadam/PycharmProjects/Airflow/venv/lib/python3.9/site-packages/airflow/example_dags/example_bash_operator.py took 0.047 seconds
[2021-11-17 01:08:19,263] {processor.py:163} INFO - Started process (PID=44889) to work on /Users/sravanisigadam/PycharmProjects/Airflow/venv/lib/python3.9/site-packages/airflow/example_dags/example_bash_operator.py
[2021-11-17 01:08:19,264] {processor.py:625} INFO - Processing file /Users/sravanisigadam/PycharmProjects/Airflow/venv/lib/python3.9/site-packages/airflow/example_dags/example_bash_operator.py for tasks to queue
[2021-11-17 01:08:19,264] {logging_mixin.py:109} INFO - [2021-11-17 01:08:19,264] {dagbag.py:500} INFO - Filling up the DagBag from /Users/sravanisigadam/PycharmProjects/Airflow/venv/lib/python3.9/site-packages/airflow/example_dags/example_bash_operator.py
[2021-11-17 01:08:19,289] {processor.py:637} INFO - DAG(s) dict_keys(['example_bash_operator']) retrieved from /Users/sravanisigadam/PycharmProjects/Airflow/venv/lib/python3.9/site-packages/airflow/example_dags/example_bash_operator.py
[2021-11-17 01:08:19,299] {logging_mixin.py:109} INFO - [2021-11-17 01:08:19,299] {dag.py:2396} INFO - Sync 1 DAGs
[2021-11-17 01:08:19,307] {logging_mixin.py:109} INFO - [2021-11-17 01:08:19,307] {dag.py:2928} INFO - Setting next_dagrun for example_bash_operator to 2021-11-16 00:00:00+00:00
[2021-11-17 01:08:19,312] {processor.py:171} INFO - Processing /Users/sravanisigadam/PycharmProjects/Airflow/venv/lib/python3.9/site-packages/airflow/example_dags/example_bash_operator.py took 0.049 seconds
[2021-11-17 01:09:32,755] {processor.py:163} INFO - Started process (PID=44941) to work on /Users/sravanisigadam/PycharmProjects/Airflow/venv/lib/python3.9/site-packages/airflow/example_dags/example_bash_operator.py
[2021-11-17 01:09:32,755] {processor.py:625} INFO - Processing file /Users/sravanisigadam/PycharmProjects/Airflow/venv/lib/python3.9/site-packages/airflow/example_dags/example_bash_operator.py for tasks to queue
[2021-11-17 01:09:32,755] {logging_mixin.py:109} INFO - [2021-11-17 01:09:32,755] {dagbag.py:500} INFO - Filling up the DagBag from /Users/sravanisigadam/PycharmProjects/Airflow/venv/lib/python3.9/site-packages/airflow/example_dags/example_bash_operator.py
[2021-11-17 01:09:32,780] {processor.py:637} INFO - DAG(s) dict_keys(['example_bash_operator']) retrieved from /Users/sravanisigadam/PycharmProjects/Airflow/venv/lib/python3.9/site-packages/airflow/example_dags/example_bash_operator.py
[2021-11-17 01:09:32,791] {logging_mixin.py:109} INFO - [2021-11-17 01:09:32,791] {dag.py:2396} INFO - Sync 1 DAGs
[2021-11-17 01:09:32,797] {logging_mixin.py:109} INFO - [2021-11-17 01:09:32,797] {dag.py:2928} INFO - Setting next_dagrun for example_bash_operator to 2021-11-16 00:00:00+00:00
[2021-11-17 01:09:32,801] {processor.py:171} INFO - Processing /Users/sravanisigadam/PycharmProjects/Airflow/venv/lib/python3.9/site-packages/airflow/example_dags/example_bash_operator.py took 0.047 seconds
[2021-11-17 01:10:46,416] {processor.py:163} INFO - Started process (PID=44993) to work on /Users/sravanisigadam/PycharmProjects/Airflow/venv/lib/python3.9/site-packages/airflow/example_dags/example_bash_operator.py
[2021-11-17 01:10:46,417] {processor.py:625} INFO - Processing file /Users/sravanisigadam/PycharmProjects/Airflow/venv/lib/python3.9/site-packages/airflow/example_dags/example_bash_operator.py for tasks to queue
[2021-11-17 01:10:46,417] {logging_mixin.py:109} INFO - [2021-11-17 01:10:46,417] {dagbag.py:500} INFO - Filling up the DagBag from /Users/sravanisigadam/PycharmProjects/Airflow/venv/lib/python3.9/site-packages/airflow/example_dags/example_bash_operator.py
[2021-11-17 01:10:46,440] {processor.py:637} INFO - DAG(s) dict_keys(['example_bash_operator']) retrieved from /Users/sravanisigadam/PycharmProjects/Airflow/venv/lib/python3.9/site-packages/airflow/example_dags/example_bash_operator.py
[2021-11-17 01:10:46,451] {logging_mixin.py:109} INFO - [2021-11-17 01:10:46,451] {dag.py:2396} INFO - Sync 1 DAGs
[2021-11-17 01:10:46,457] {logging_mixin.py:109} INFO - [2021-11-17 01:10:46,457] {dag.py:2928} INFO - Setting next_dagrun for example_bash_operator to 2021-11-16 00:00:00+00:00
[2021-11-17 01:10:46,462] {processor.py:171} INFO - Processing /Users/sravanisigadam/PycharmProjects/Airflow/venv/lib/python3.9/site-packages/airflow/example_dags/example_bash_operator.py took 0.046 seconds
[2021-11-17 01:12:00,538] {processor.py:163} INFO - Started process (PID=45032) to work on /Users/sravanisigadam/PycharmProjects/Airflow/venv/lib/python3.9/site-packages/airflow/example_dags/example_bash_operator.py
[2021-11-17 01:12:00,539] {processor.py:625} INFO - Processing file /Users/sravanisigadam/PycharmProjects/Airflow/venv/lib/python3.9/site-packages/airflow/example_dags/example_bash_operator.py for tasks to queue
[2021-11-17 01:12:00,539] {logging_mixin.py:109} INFO - [2021-11-17 01:12:00,539] {dagbag.py:500} INFO - Filling up the DagBag from /Users/sravanisigadam/PycharmProjects/Airflow/venv/lib/python3.9/site-packages/airflow/example_dags/example_bash_operator.py
[2021-11-17 01:12:00,563] {processor.py:637} INFO - DAG(s) dict_keys(['example_bash_operator']) retrieved from /Users/sravanisigadam/PycharmProjects/Airflow/venv/lib/python3.9/site-packages/airflow/example_dags/example_bash_operator.py
[2021-11-17 01:12:00,573] {logging_mixin.py:109} INFO - [2021-11-17 01:12:00,573] {dag.py:2396} INFO - Sync 1 DAGs
[2021-11-17 01:12:00,579] {logging_mixin.py:109} INFO - [2021-11-17 01:12:00,579] {dag.py:2928} INFO - Setting next_dagrun for example_bash_operator to 2021-11-16 00:00:00+00:00
[2021-11-17 01:12:00,584] {processor.py:171} INFO - Processing /Users/sravanisigadam/PycharmProjects/Airflow/venv/lib/python3.9/site-packages/airflow/example_dags/example_bash_operator.py took 0.046 seconds
[2021-11-17 01:13:13,306] {processor.py:163} INFO - Started process (PID=45070) to work on /Users/sravanisigadam/PycharmProjects/Airflow/venv/lib/python3.9/site-packages/airflow/example_dags/example_bash_operator.py
[2021-11-17 01:13:13,306] {processor.py:625} INFO - Processing file /Users/sravanisigadam/PycharmProjects/Airflow/venv/lib/python3.9/site-packages/airflow/example_dags/example_bash_operator.py for tasks to queue
[2021-11-17 01:13:13,307] {logging_mixin.py:109} INFO - [2021-11-17 01:13:13,307] {dagbag.py:500} INFO - Filling up the DagBag from /Users/sravanisigadam/PycharmProjects/Airflow/venv/lib/python3.9/site-packages/airflow/example_dags/example_bash_operator.py
[2021-11-17 01:13:13,331] {processor.py:637} INFO - DAG(s) dict_keys(['example_bash_operator']) retrieved from /Users/sravanisigadam/PycharmProjects/Airflow/venv/lib/python3.9/site-packages/airflow/example_dags/example_bash_operator.py
[2021-11-17 01:13:13,342] {logging_mixin.py:109} INFO - [2021-11-17 01:13:13,342] {dag.py:2396} INFO - Sync 1 DAGs
[2021-11-17 01:13:13,348] {logging_mixin.py:109} INFO - [2021-11-17 01:13:13,348] {dag.py:2928} INFO - Setting next_dagrun for example_bash_operator to 2021-11-16 00:00:00+00:00
[2021-11-17 01:13:13,353] {processor.py:171} INFO - Processing /Users/sravanisigadam/PycharmProjects/Airflow/venv/lib/python3.9/site-packages/airflow/example_dags/example_bash_operator.py took 0.047 seconds
[2021-11-17 01:14:27,697] {processor.py:163} INFO - Started process (PID=45106) to work on /Users/sravanisigadam/PycharmProjects/Airflow/venv/lib/python3.9/site-packages/airflow/example_dags/example_bash_operator.py
[2021-11-17 01:14:27,697] {processor.py:625} INFO - Processing file /Users/sravanisigadam/PycharmProjects/Airflow/venv/lib/python3.9/site-packages/airflow/example_dags/example_bash_operator.py for tasks to queue
[2021-11-17 01:14:27,697] {logging_mixin.py:109} INFO - [2021-11-17 01:14:27,697] {dagbag.py:500} INFO - Filling up the DagBag from /Users/sravanisigadam/PycharmProjects/Airflow/venv/lib/python3.9/site-packages/airflow/example_dags/example_bash_operator.py
[2021-11-17 01:14:27,722] {processor.py:637} INFO - DAG(s) dict_keys(['example_bash_operator']) retrieved from /Users/sravanisigadam/PycharmProjects/Airflow/venv/lib/python3.9/site-packages/airflow/example_dags/example_bash_operator.py
[2021-11-17 01:14:27,732] {logging_mixin.py:109} INFO - [2021-11-17 01:14:27,732] {dag.py:2396} INFO - Sync 1 DAGs
[2021-11-17 01:14:27,738] {logging_mixin.py:109} INFO - [2021-11-17 01:14:27,738] {dag.py:2928} INFO - Setting next_dagrun for example_bash_operator to 2021-11-16 00:00:00+00:00
[2021-11-17 01:14:27,743] {processor.py:171} INFO - Processing /Users/sravanisigadam/PycharmProjects/Airflow/venv/lib/python3.9/site-packages/airflow/example_dags/example_bash_operator.py took 0.046 seconds
[2021-11-17 01:15:53,454] {processor.py:163} INFO - Started process (PID=45144) to work on /Users/sravanisigadam/PycharmProjects/Airflow/venv/lib/python3.9/site-packages/airflow/example_dags/example_bash_operator.py
[2021-11-17 01:15:53,455] {processor.py:625} INFO - Processing file /Users/sravanisigadam/PycharmProjects/Airflow/venv/lib/python3.9/site-packages/airflow/example_dags/example_bash_operator.py for tasks to queue
[2021-11-17 01:15:53,455] {logging_mixin.py:109} INFO - [2021-11-17 01:15:53,455] {dagbag.py:500} INFO - Filling up the DagBag from /Users/sravanisigadam/PycharmProjects/Airflow/venv/lib/python3.9/site-packages/airflow/example_dags/example_bash_operator.py
[2021-11-17 01:15:53,480] {processor.py:637} INFO - DAG(s) dict_keys(['example_bash_operator']) retrieved from /Users/sravanisigadam/PycharmProjects/Airflow/venv/lib/python3.9/site-packages/airflow/example_dags/example_bash_operator.py
[2021-11-17 01:15:53,491] {logging_mixin.py:109} INFO - [2021-11-17 01:15:53,491] {dag.py:2396} INFO - Sync 1 DAGs
[2021-11-17 01:15:53,497] {logging_mixin.py:109} INFO - [2021-11-17 01:15:53,497] {dag.py:2928} INFO - Setting next_dagrun for example_bash_operator to 2021-11-16 00:00:00+00:00
[2021-11-17 01:15:53,501] {processor.py:171} INFO - Processing /Users/sravanisigadam/PycharmProjects/Airflow/venv/lib/python3.9/site-packages/airflow/example_dags/example_bash_operator.py took 0.047 seconds
[2021-11-17 05:11:11,944] {processor.py:163} INFO - Started process (PID=45318) to work on /Users/sravanisigadam/PycharmProjects/Airflow/venv/lib/python3.9/site-packages/airflow/example_dags/example_bash_operator.py
[2021-11-17 05:11:11,944] {processor.py:625} INFO - Processing file /Users/sravanisigadam/PycharmProjects/Airflow/venv/lib/python3.9/site-packages/airflow/example_dags/example_bash_operator.py for tasks to queue
[2021-11-17 05:11:11,945] {logging_mixin.py:109} INFO - [2021-11-17 05:11:11,945] {dagbag.py:500} INFO - Filling up the DagBag from /Users/sravanisigadam/PycharmProjects/Airflow/venv/lib/python3.9/site-packages/airflow/example_dags/example_bash_operator.py
[2021-11-17 05:11:11,968] {processor.py:637} INFO - DAG(s) dict_keys(['example_bash_operator']) retrieved from /Users/sravanisigadam/PycharmProjects/Airflow/venv/lib/python3.9/site-packages/airflow/example_dags/example_bash_operator.py
[2021-11-17 05:11:11,978] {logging_mixin.py:109} INFO - [2021-11-17 05:11:11,978] {dag.py:2396} INFO - Sync 1 DAGs
[2021-11-17 05:11:11,984] {logging_mixin.py:109} INFO - [2021-11-17 05:11:11,984] {dag.py:2928} INFO - Setting next_dagrun for example_bash_operator to 2021-11-16 00:00:00+00:00
[2021-11-17 05:11:11,988] {processor.py:171} INFO - Processing /Users/sravanisigadam/PycharmProjects/Airflow/venv/lib/python3.9/site-packages/airflow/example_dags/example_bash_operator.py took 0.044 seconds
[2021-11-17 14:56:59,137] {processor.py:163} INFO - Started process (PID=45522) to work on /Users/sravanisigadam/PycharmProjects/Airflow/venv/lib/python3.9/site-packages/airflow/example_dags/example_bash_operator.py
[2021-11-17 14:56:59,138] {processor.py:625} INFO - Processing file /Users/sravanisigadam/PycharmProjects/Airflow/venv/lib/python3.9/site-packages/airflow/example_dags/example_bash_operator.py for tasks to queue
[2021-11-17 14:56:59,138] {logging_mixin.py:109} INFO - [2021-11-17 14:56:59,138] {dagbag.py:500} INFO - Filling up the DagBag from /Users/sravanisigadam/PycharmProjects/Airflow/venv/lib/python3.9/site-packages/airflow/example_dags/example_bash_operator.py
[2021-11-17 14:56:59,164] {processor.py:637} INFO - DAG(s) dict_keys(['example_bash_operator']) retrieved from /Users/sravanisigadam/PycharmProjects/Airflow/venv/lib/python3.9/site-packages/airflow/example_dags/example_bash_operator.py
[2021-11-17 14:56:59,174] {logging_mixin.py:109} INFO - [2021-11-17 14:56:59,174] {dag.py:2396} INFO - Sync 1 DAGs
[2021-11-17 14:56:59,180] {logging_mixin.py:109} INFO - [2021-11-17 14:56:59,180] {dag.py:2928} INFO - Setting next_dagrun for example_bash_operator to 2021-11-16 00:00:00+00:00
[2021-11-17 14:56:59,185] {processor.py:171} INFO - Processing /Users/sravanisigadam/PycharmProjects/Airflow/venv/lib/python3.9/site-packages/airflow/example_dags/example_bash_operator.py took 0.049 seconds
