[2021-11-17 01:06:38,866] {processor.py:163} INFO - Started process (PID=44829) to work on /Users/sravanisigadam/PycharmProjects/Airflow/venv/lib/python3.9/site-packages/airflow/example_dags/example_nested_branch_dag.py
[2021-11-17 01:06:38,866] {processor.py:625} INFO - Processing file /Users/sravanisigadam/PycharmProjects/Airflow/venv/lib/python3.9/site-packages/airflow/example_dags/example_nested_branch_dag.py for tasks to queue
[2021-11-17 01:06:38,866] {logging_mixin.py:109} INFO - [2021-11-17 01:06:38,866] {dagbag.py:500} INFO - Filling up the DagBag from /Users/sravanisigadam/PycharmProjects/Airflow/venv/lib/python3.9/site-packages/airflow/example_dags/example_nested_branch_dag.py
[2021-11-17 01:06:38,899] {processor.py:637} INFO - DAG(s) dict_keys(['example_nested_branch_dag']) retrieved from /Users/sravanisigadam/PycharmProjects/Airflow/venv/lib/python3.9/site-packages/airflow/example_dags/example_nested_branch_dag.py
[2021-11-17 01:06:38,910] {logging_mixin.py:109} INFO - [2021-11-17 01:06:38,910] {dag.py:2396} INFO - Sync 1 DAGs
[2021-11-17 01:06:38,916] {logging_mixin.py:109} INFO - [2021-11-17 01:06:38,916] {dag.py:2928} INFO - Setting next_dagrun for example_nested_branch_dag to 2021-11-16 00:00:00+00:00
[2021-11-17 01:06:38,921] {processor.py:171} INFO - Processing /Users/sravanisigadam/PycharmProjects/Airflow/venv/lib/python3.9/site-packages/airflow/example_dags/example_nested_branch_dag.py took 0.056 seconds
[2021-11-17 01:07:52,755] {processor.py:163} INFO - Started process (PID=44873) to work on /Users/sravanisigadam/PycharmProjects/Airflow/venv/lib/python3.9/site-packages/airflow/example_dags/example_nested_branch_dag.py
[2021-11-17 01:07:52,756] {processor.py:625} INFO - Processing file /Users/sravanisigadam/PycharmProjects/Airflow/venv/lib/python3.9/site-packages/airflow/example_dags/example_nested_branch_dag.py for tasks to queue
[2021-11-17 01:07:52,756] {logging_mixin.py:109} INFO - [2021-11-17 01:07:52,756] {dagbag.py:500} INFO - Filling up the DagBag from /Users/sravanisigadam/PycharmProjects/Airflow/venv/lib/python3.9/site-packages/airflow/example_dags/example_nested_branch_dag.py
[2021-11-17 01:07:52,790] {processor.py:637} INFO - DAG(s) dict_keys(['example_nested_branch_dag']) retrieved from /Users/sravanisigadam/PycharmProjects/Airflow/venv/lib/python3.9/site-packages/airflow/example_dags/example_nested_branch_dag.py
[2021-11-17 01:07:52,801] {logging_mixin.py:109} INFO - [2021-11-17 01:07:52,801] {dag.py:2396} INFO - Sync 1 DAGs
[2021-11-17 01:07:52,807] {logging_mixin.py:109} INFO - [2021-11-17 01:07:52,807] {dag.py:2928} INFO - Setting next_dagrun for example_nested_branch_dag to 2021-11-16 00:00:00+00:00
[2021-11-17 01:07:52,811] {processor.py:171} INFO - Processing /Users/sravanisigadam/PycharmProjects/Airflow/venv/lib/python3.9/site-packages/airflow/example_dags/example_nested_branch_dag.py took 0.057 seconds
[2021-11-17 01:09:06,766] {processor.py:163} INFO - Started process (PID=44916) to work on /Users/sravanisigadam/PycharmProjects/Airflow/venv/lib/python3.9/site-packages/airflow/example_dags/example_nested_branch_dag.py
[2021-11-17 01:09:06,767] {processor.py:625} INFO - Processing file /Users/sravanisigadam/PycharmProjects/Airflow/venv/lib/python3.9/site-packages/airflow/example_dags/example_nested_branch_dag.py for tasks to queue
[2021-11-17 01:09:06,767] {logging_mixin.py:109} INFO - [2021-11-17 01:09:06,767] {dagbag.py:500} INFO - Filling up the DagBag from /Users/sravanisigadam/PycharmProjects/Airflow/venv/lib/python3.9/site-packages/airflow/example_dags/example_nested_branch_dag.py
[2021-11-17 01:09:06,804] {processor.py:637} INFO - DAG(s) dict_keys(['example_nested_branch_dag']) retrieved from /Users/sravanisigadam/PycharmProjects/Airflow/venv/lib/python3.9/site-packages/airflow/example_dags/example_nested_branch_dag.py
[2021-11-17 01:09:06,817] {logging_mixin.py:109} INFO - [2021-11-17 01:09:06,817] {dag.py:2396} INFO - Sync 1 DAGs
[2021-11-17 01:09:06,824] {logging_mixin.py:109} INFO - [2021-11-17 01:09:06,823] {dag.py:2928} INFO - Setting next_dagrun for example_nested_branch_dag to 2021-11-16 00:00:00+00:00
[2021-11-17 01:09:06,828] {processor.py:171} INFO - Processing /Users/sravanisigadam/PycharmProjects/Airflow/venv/lib/python3.9/site-packages/airflow/example_dags/example_nested_branch_dag.py took 0.063 seconds
[2021-11-17 01:10:20,373] {processor.py:163} INFO - Started process (PID=44979) to work on /Users/sravanisigadam/PycharmProjects/Airflow/venv/lib/python3.9/site-packages/airflow/example_dags/example_nested_branch_dag.py
[2021-11-17 01:10:20,374] {processor.py:625} INFO - Processing file /Users/sravanisigadam/PycharmProjects/Airflow/venv/lib/python3.9/site-packages/airflow/example_dags/example_nested_branch_dag.py for tasks to queue
[2021-11-17 01:10:20,375] {logging_mixin.py:109} INFO - [2021-11-17 01:10:20,375] {dagbag.py:500} INFO - Filling up the DagBag from /Users/sravanisigadam/PycharmProjects/Airflow/venv/lib/python3.9/site-packages/airflow/example_dags/example_nested_branch_dag.py
[2021-11-17 01:10:20,406] {processor.py:637} INFO - DAG(s) dict_keys(['example_nested_branch_dag']) retrieved from /Users/sravanisigadam/PycharmProjects/Airflow/venv/lib/python3.9/site-packages/airflow/example_dags/example_nested_branch_dag.py
[2021-11-17 01:10:20,416] {logging_mixin.py:109} INFO - [2021-11-17 01:10:20,416] {dag.py:2396} INFO - Sync 1 DAGs
[2021-11-17 01:10:20,423] {logging_mixin.py:109} INFO - [2021-11-17 01:10:20,423] {dag.py:2928} INFO - Setting next_dagrun for example_nested_branch_dag to 2021-11-16 00:00:00+00:00
[2021-11-17 01:10:20,428] {processor.py:171} INFO - Processing /Users/sravanisigadam/PycharmProjects/Airflow/venv/lib/python3.9/site-packages/airflow/example_dags/example_nested_branch_dag.py took 0.055 seconds
[2021-11-17 01:11:33,978] {processor.py:163} INFO - Started process (PID=45019) to work on /Users/sravanisigadam/PycharmProjects/Airflow/venv/lib/python3.9/site-packages/airflow/example_dags/example_nested_branch_dag.py
[2021-11-17 01:11:33,978] {processor.py:625} INFO - Processing file /Users/sravanisigadam/PycharmProjects/Airflow/venv/lib/python3.9/site-packages/airflow/example_dags/example_nested_branch_dag.py for tasks to queue
[2021-11-17 01:11:33,978] {logging_mixin.py:109} INFO - [2021-11-17 01:11:33,978] {dagbag.py:500} INFO - Filling up the DagBag from /Users/sravanisigadam/PycharmProjects/Airflow/venv/lib/python3.9/site-packages/airflow/example_dags/example_nested_branch_dag.py
[2021-11-17 01:11:34,011] {processor.py:637} INFO - DAG(s) dict_keys(['example_nested_branch_dag']) retrieved from /Users/sravanisigadam/PycharmProjects/Airflow/venv/lib/python3.9/site-packages/airflow/example_dags/example_nested_branch_dag.py
[2021-11-17 01:11:34,022] {logging_mixin.py:109} INFO - [2021-11-17 01:11:34,022] {dag.py:2396} INFO - Sync 1 DAGs
[2021-11-17 01:11:34,028] {logging_mixin.py:109} INFO - [2021-11-17 01:11:34,028] {dag.py:2928} INFO - Setting next_dagrun for example_nested_branch_dag to 2021-11-16 00:00:00+00:00
[2021-11-17 01:11:34,034] {processor.py:171} INFO - Processing /Users/sravanisigadam/PycharmProjects/Airflow/venv/lib/python3.9/site-packages/airflow/example_dags/example_nested_branch_dag.py took 0.056 seconds
[2021-11-17 01:12:47,487] {processor.py:163} INFO - Started process (PID=45057) to work on /Users/sravanisigadam/PycharmProjects/Airflow/venv/lib/python3.9/site-packages/airflow/example_dags/example_nested_branch_dag.py
[2021-11-17 01:12:47,488] {processor.py:625} INFO - Processing file /Users/sravanisigadam/PycharmProjects/Airflow/venv/lib/python3.9/site-packages/airflow/example_dags/example_nested_branch_dag.py for tasks to queue
[2021-11-17 01:12:47,488] {logging_mixin.py:109} INFO - [2021-11-17 01:12:47,488] {dagbag.py:500} INFO - Filling up the DagBag from /Users/sravanisigadam/PycharmProjects/Airflow/venv/lib/python3.9/site-packages/airflow/example_dags/example_nested_branch_dag.py
[2021-11-17 01:12:47,522] {processor.py:637} INFO - DAG(s) dict_keys(['example_nested_branch_dag']) retrieved from /Users/sravanisigadam/PycharmProjects/Airflow/venv/lib/python3.9/site-packages/airflow/example_dags/example_nested_branch_dag.py
[2021-11-17 01:12:47,533] {logging_mixin.py:109} INFO - [2021-11-17 01:12:47,532] {dag.py:2396} INFO - Sync 1 DAGs
[2021-11-17 01:12:47,539] {logging_mixin.py:109} INFO - [2021-11-17 01:12:47,539] {dag.py:2928} INFO - Setting next_dagrun for example_nested_branch_dag to 2021-11-16 00:00:00+00:00
[2021-11-17 01:12:47,544] {processor.py:171} INFO - Processing /Users/sravanisigadam/PycharmProjects/Airflow/venv/lib/python3.9/site-packages/airflow/example_dags/example_nested_branch_dag.py took 0.057 seconds
[2021-11-17 01:14:01,261] {processor.py:163} INFO - Started process (PID=45093) to work on /Users/sravanisigadam/PycharmProjects/Airflow/venv/lib/python3.9/site-packages/airflow/example_dags/example_nested_branch_dag.py
[2021-11-17 01:14:01,262] {processor.py:625} INFO - Processing file /Users/sravanisigadam/PycharmProjects/Airflow/venv/lib/python3.9/site-packages/airflow/example_dags/example_nested_branch_dag.py for tasks to queue
[2021-11-17 01:14:01,262] {logging_mixin.py:109} INFO - [2021-11-17 01:14:01,262] {dagbag.py:500} INFO - Filling up the DagBag from /Users/sravanisigadam/PycharmProjects/Airflow/venv/lib/python3.9/site-packages/airflow/example_dags/example_nested_branch_dag.py
[2021-11-17 01:14:01,295] {processor.py:637} INFO - DAG(s) dict_keys(['example_nested_branch_dag']) retrieved from /Users/sravanisigadam/PycharmProjects/Airflow/venv/lib/python3.9/site-packages/airflow/example_dags/example_nested_branch_dag.py
[2021-11-17 01:14:01,306] {logging_mixin.py:109} INFO - [2021-11-17 01:14:01,306] {dag.py:2396} INFO - Sync 1 DAGs
[2021-11-17 01:14:01,313] {logging_mixin.py:109} INFO - [2021-11-17 01:14:01,312] {dag.py:2928} INFO - Setting next_dagrun for example_nested_branch_dag to 2021-11-16 00:00:00+00:00
[2021-11-17 01:14:01,317] {processor.py:171} INFO - Processing /Users/sravanisigadam/PycharmProjects/Airflow/venv/lib/python3.9/site-packages/airflow/example_dags/example_nested_branch_dag.py took 0.056 seconds
[2021-11-17 01:15:15,070] {processor.py:163} INFO - Started process (PID=45129) to work on /Users/sravanisigadam/PycharmProjects/Airflow/venv/lib/python3.9/site-packages/airflow/example_dags/example_nested_branch_dag.py
[2021-11-17 01:15:15,070] {processor.py:625} INFO - Processing file /Users/sravanisigadam/PycharmProjects/Airflow/venv/lib/python3.9/site-packages/airflow/example_dags/example_nested_branch_dag.py for tasks to queue
[2021-11-17 01:15:15,071] {logging_mixin.py:109} INFO - [2021-11-17 01:15:15,071] {dagbag.py:500} INFO - Filling up the DagBag from /Users/sravanisigadam/PycharmProjects/Airflow/venv/lib/python3.9/site-packages/airflow/example_dags/example_nested_branch_dag.py
[2021-11-17 01:15:15,105] {processor.py:637} INFO - DAG(s) dict_keys(['example_nested_branch_dag']) retrieved from /Users/sravanisigadam/PycharmProjects/Airflow/venv/lib/python3.9/site-packages/airflow/example_dags/example_nested_branch_dag.py
[2021-11-17 01:15:15,116] {logging_mixin.py:109} INFO - [2021-11-17 01:15:15,116] {dag.py:2396} INFO - Sync 1 DAGs
[2021-11-17 01:15:15,123] {logging_mixin.py:109} INFO - [2021-11-17 01:15:15,122] {dag.py:2928} INFO - Setting next_dagrun for example_nested_branch_dag to 2021-11-16 00:00:00+00:00
[2021-11-17 01:15:15,128] {processor.py:171} INFO - Processing /Users/sravanisigadam/PycharmProjects/Airflow/venv/lib/python3.9/site-packages/airflow/example_dags/example_nested_branch_dag.py took 0.058 seconds
[2021-11-17 01:20:34,237] {processor.py:163} INFO - Started process (PID=45205) to work on /Users/sravanisigadam/PycharmProjects/Airflow/venv/lib/python3.9/site-packages/airflow/example_dags/example_nested_branch_dag.py
[2021-11-17 01:20:34,239] {processor.py:625} INFO - Processing file /Users/sravanisigadam/PycharmProjects/Airflow/venv/lib/python3.9/site-packages/airflow/example_dags/example_nested_branch_dag.py for tasks to queue
[2021-11-17 01:20:34,240] {logging_mixin.py:109} INFO - [2021-11-17 01:20:34,240] {dagbag.py:500} INFO - Filling up the DagBag from /Users/sravanisigadam/PycharmProjects/Airflow/venv/lib/python3.9/site-packages/airflow/example_dags/example_nested_branch_dag.py
[2021-11-17 01:20:34,276] {processor.py:637} INFO - DAG(s) dict_keys(['example_nested_branch_dag']) retrieved from /Users/sravanisigadam/PycharmProjects/Airflow/venv/lib/python3.9/site-packages/airflow/example_dags/example_nested_branch_dag.py
[2021-11-17 01:20:34,287] {logging_mixin.py:109} INFO - [2021-11-17 01:20:34,287] {dag.py:2396} INFO - Sync 1 DAGs
[2021-11-17 01:20:34,294] {logging_mixin.py:109} INFO - [2021-11-17 01:20:34,294] {dag.py:2928} INFO - Setting next_dagrun for example_nested_branch_dag to 2021-11-16 00:00:00+00:00
[2021-11-17 01:20:34,299] {processor.py:171} INFO - Processing /Users/sravanisigadam/PycharmProjects/Airflow/venv/lib/python3.9/site-packages/airflow/example_dags/example_nested_branch_dag.py took 0.062 seconds
[2021-11-17 08:50:41,757] {processor.py:163} INFO - Started process (PID=45398) to work on /Users/sravanisigadam/PycharmProjects/Airflow/venv/lib/python3.9/site-packages/airflow/example_dags/example_nested_branch_dag.py
[2021-11-17 08:50:41,757] {processor.py:625} INFO - Processing file /Users/sravanisigadam/PycharmProjects/Airflow/venv/lib/python3.9/site-packages/airflow/example_dags/example_nested_branch_dag.py for tasks to queue
[2021-11-17 08:50:41,757] {logging_mixin.py:109} INFO - [2021-11-17 08:50:41,757] {dagbag.py:500} INFO - Filling up the DagBag from /Users/sravanisigadam/PycharmProjects/Airflow/venv/lib/python3.9/site-packages/airflow/example_dags/example_nested_branch_dag.py
[2021-11-17 08:50:41,787] {processor.py:637} INFO - DAG(s) dict_keys(['example_nested_branch_dag']) retrieved from /Users/sravanisigadam/PycharmProjects/Airflow/venv/lib/python3.9/site-packages/airflow/example_dags/example_nested_branch_dag.py
[2021-11-17 08:50:41,798] {logging_mixin.py:109} INFO - [2021-11-17 08:50:41,798] {dag.py:2396} INFO - Sync 1 DAGs
[2021-11-17 08:50:41,805] {logging_mixin.py:109} INFO - [2021-11-17 08:50:41,805] {dag.py:2928} INFO - Setting next_dagrun for example_nested_branch_dag to 2021-11-16 00:00:00+00:00
[2021-11-17 08:50:41,809] {processor.py:171} INFO - Processing /Users/sravanisigadam/PycharmProjects/Airflow/venv/lib/python3.9/site-packages/airflow/example_dags/example_nested_branch_dag.py took 0.053 seconds
[2021-11-17 14:12:51,093] {processor.py:163} INFO - Started process (PID=45496) to work on /Users/sravanisigadam/PycharmProjects/Airflow/venv/lib/python3.9/site-packages/airflow/example_dags/example_nested_branch_dag.py
[2021-11-17 14:12:51,094] {processor.py:625} INFO - Processing file /Users/sravanisigadam/PycharmProjects/Airflow/venv/lib/python3.9/site-packages/airflow/example_dags/example_nested_branch_dag.py for tasks to queue
[2021-11-17 14:12:51,094] {logging_mixin.py:109} INFO - [2021-11-17 14:12:51,094] {dagbag.py:500} INFO - Filling up the DagBag from /Users/sravanisigadam/PycharmProjects/Airflow/venv/lib/python3.9/site-packages/airflow/example_dags/example_nested_branch_dag.py
[2021-11-17 14:12:51,128] {processor.py:637} INFO - DAG(s) dict_keys(['example_nested_branch_dag']) retrieved from /Users/sravanisigadam/PycharmProjects/Airflow/venv/lib/python3.9/site-packages/airflow/example_dags/example_nested_branch_dag.py
[2021-11-17 14:12:51,139] {logging_mixin.py:109} INFO - [2021-11-17 14:12:51,139] {dag.py:2396} INFO - Sync 1 DAGs
[2021-11-17 14:12:51,146] {logging_mixin.py:109} INFO - [2021-11-17 14:12:51,146] {dag.py:2928} INFO - Setting next_dagrun for example_nested_branch_dag to 2021-11-16 00:00:00+00:00
[2021-11-17 14:12:51,151] {processor.py:171} INFO - Processing /Users/sravanisigadam/PycharmProjects/Airflow/venv/lib/python3.9/site-packages/airflow/example_dags/example_nested_branch_dag.py took 0.059 seconds
