[2021-11-17 01:06:57,002] {processor.py:163} INFO - Started process (PID=44840) to work on /Users/sravanisigadam/PycharmProjects/Airflow/venv/lib/python3.9/site-packages/airflow/example_dags/example_branch_operator.py
[2021-11-17 01:06:57,003] {processor.py:625} INFO - Processing file /Users/sravanisigadam/PycharmProjects/Airflow/venv/lib/python3.9/site-packages/airflow/example_dags/example_branch_operator.py for tasks to queue
[2021-11-17 01:06:57,003] {logging_mixin.py:109} INFO - [2021-11-17 01:06:57,003] {dagbag.py:500} INFO - Filling up the DagBag from /Users/sravanisigadam/PycharmProjects/Airflow/venv/lib/python3.9/site-packages/airflow/example_dags/example_branch_operator.py
[2021-11-17 01:06:57,037] {processor.py:637} INFO - DAG(s) dict_keys(['example_branch_operator']) retrieved from /Users/sravanisigadam/PycharmProjects/Airflow/venv/lib/python3.9/site-packages/airflow/example_dags/example_branch_operator.py
[2021-11-17 01:06:57,048] {logging_mixin.py:109} INFO - [2021-11-17 01:06:57,048] {dag.py:2396} INFO - Sync 1 DAGs
[2021-11-17 01:06:57,054] {logging_mixin.py:109} INFO - [2021-11-17 01:06:57,054] {dag.py:2928} INFO - Setting next_dagrun for example_branch_operator to 2021-11-16 00:00:00+00:00
[2021-11-17 01:06:57,059] {processor.py:171} INFO - Processing /Users/sravanisigadam/PycharmProjects/Airflow/venv/lib/python3.9/site-packages/airflow/example_dags/example_branch_operator.py took 0.057 seconds
[2021-11-17 01:08:11,169] {processor.py:163} INFO - Started process (PID=44885) to work on /Users/sravanisigadam/PycharmProjects/Airflow/venv/lib/python3.9/site-packages/airflow/example_dags/example_branch_operator.py
[2021-11-17 01:08:11,170] {processor.py:625} INFO - Processing file /Users/sravanisigadam/PycharmProjects/Airflow/venv/lib/python3.9/site-packages/airflow/example_dags/example_branch_operator.py for tasks to queue
[2021-11-17 01:08:11,170] {logging_mixin.py:109} INFO - [2021-11-17 01:08:11,170] {dagbag.py:500} INFO - Filling up the DagBag from /Users/sravanisigadam/PycharmProjects/Airflow/venv/lib/python3.9/site-packages/airflow/example_dags/example_branch_operator.py
[2021-11-17 01:08:11,203] {processor.py:637} INFO - DAG(s) dict_keys(['example_branch_operator']) retrieved from /Users/sravanisigadam/PycharmProjects/Airflow/venv/lib/python3.9/site-packages/airflow/example_dags/example_branch_operator.py
[2021-11-17 01:08:11,215] {logging_mixin.py:109} INFO - [2021-11-17 01:08:11,215] {dag.py:2396} INFO - Sync 1 DAGs
[2021-11-17 01:08:11,222] {logging_mixin.py:109} INFO - [2021-11-17 01:08:11,222] {dag.py:2928} INFO - Setting next_dagrun for example_branch_operator to 2021-11-16 00:00:00+00:00
[2021-11-17 01:08:11,227] {processor.py:171} INFO - Processing /Users/sravanisigadam/PycharmProjects/Airflow/venv/lib/python3.9/site-packages/airflow/example_dags/example_branch_operator.py took 0.058 seconds
[2021-11-17 01:09:25,270] {processor.py:163} INFO - Started process (PID=44937) to work on /Users/sravanisigadam/PycharmProjects/Airflow/venv/lib/python3.9/site-packages/airflow/example_dags/example_branch_operator.py
[2021-11-17 01:09:25,270] {processor.py:625} INFO - Processing file /Users/sravanisigadam/PycharmProjects/Airflow/venv/lib/python3.9/site-packages/airflow/example_dags/example_branch_operator.py for tasks to queue
[2021-11-17 01:09:25,270] {logging_mixin.py:109} INFO - [2021-11-17 01:09:25,270] {dagbag.py:500} INFO - Filling up the DagBag from /Users/sravanisigadam/PycharmProjects/Airflow/venv/lib/python3.9/site-packages/airflow/example_dags/example_branch_operator.py
[2021-11-17 01:09:25,305] {processor.py:637} INFO - DAG(s) dict_keys(['example_branch_operator']) retrieved from /Users/sravanisigadam/PycharmProjects/Airflow/venv/lib/python3.9/site-packages/airflow/example_dags/example_branch_operator.py
[2021-11-17 01:09:25,317] {logging_mixin.py:109} INFO - [2021-11-17 01:09:25,317] {dag.py:2396} INFO - Sync 1 DAGs
[2021-11-17 01:09:25,324] {logging_mixin.py:109} INFO - [2021-11-17 01:09:25,324] {dag.py:2928} INFO - Setting next_dagrun for example_branch_operator to 2021-11-16 00:00:00+00:00
[2021-11-17 01:09:25,329] {processor.py:171} INFO - Processing /Users/sravanisigadam/PycharmProjects/Airflow/venv/lib/python3.9/site-packages/airflow/example_dags/example_branch_operator.py took 0.059 seconds
[2021-11-17 01:10:39,051] {processor.py:163} INFO - Started process (PID=44988) to work on /Users/sravanisigadam/PycharmProjects/Airflow/venv/lib/python3.9/site-packages/airflow/example_dags/example_branch_operator.py
[2021-11-17 01:10:39,052] {processor.py:625} INFO - Processing file /Users/sravanisigadam/PycharmProjects/Airflow/venv/lib/python3.9/site-packages/airflow/example_dags/example_branch_operator.py for tasks to queue
[2021-11-17 01:10:39,052] {logging_mixin.py:109} INFO - [2021-11-17 01:10:39,052] {dagbag.py:500} INFO - Filling up the DagBag from /Users/sravanisigadam/PycharmProjects/Airflow/venv/lib/python3.9/site-packages/airflow/example_dags/example_branch_operator.py
[2021-11-17 01:10:39,084] {processor.py:637} INFO - DAG(s) dict_keys(['example_branch_operator']) retrieved from /Users/sravanisigadam/PycharmProjects/Airflow/venv/lib/python3.9/site-packages/airflow/example_dags/example_branch_operator.py
[2021-11-17 01:10:39,095] {logging_mixin.py:109} INFO - [2021-11-17 01:10:39,095] {dag.py:2396} INFO - Sync 1 DAGs
[2021-11-17 01:10:39,102] {logging_mixin.py:109} INFO - [2021-11-17 01:10:39,101] {dag.py:2928} INFO - Setting next_dagrun for example_branch_operator to 2021-11-16 00:00:00+00:00
[2021-11-17 01:10:39,107] {processor.py:171} INFO - Processing /Users/sravanisigadam/PycharmProjects/Airflow/venv/lib/python3.9/site-packages/airflow/example_dags/example_branch_operator.py took 0.056 seconds
[2021-11-17 01:11:52,399] {processor.py:163} INFO - Started process (PID=45028) to work on /Users/sravanisigadam/PycharmProjects/Airflow/venv/lib/python3.9/site-packages/airflow/example_dags/example_branch_operator.py
[2021-11-17 01:11:52,399] {processor.py:625} INFO - Processing file /Users/sravanisigadam/PycharmProjects/Airflow/venv/lib/python3.9/site-packages/airflow/example_dags/example_branch_operator.py for tasks to queue
[2021-11-17 01:11:52,399] {logging_mixin.py:109} INFO - [2021-11-17 01:11:52,399] {dagbag.py:500} INFO - Filling up the DagBag from /Users/sravanisigadam/PycharmProjects/Airflow/venv/lib/python3.9/site-packages/airflow/example_dags/example_branch_operator.py
[2021-11-17 01:11:52,433] {processor.py:637} INFO - DAG(s) dict_keys(['example_branch_operator']) retrieved from /Users/sravanisigadam/PycharmProjects/Airflow/venv/lib/python3.9/site-packages/airflow/example_dags/example_branch_operator.py
[2021-11-17 01:11:52,444] {logging_mixin.py:109} INFO - [2021-11-17 01:11:52,444] {dag.py:2396} INFO - Sync 1 DAGs
[2021-11-17 01:11:52,450] {logging_mixin.py:109} INFO - [2021-11-17 01:11:52,450] {dag.py:2928} INFO - Setting next_dagrun for example_branch_operator to 2021-11-16 00:00:00+00:00
[2021-11-17 01:11:52,455] {processor.py:171} INFO - Processing /Users/sravanisigadam/PycharmProjects/Airflow/venv/lib/python3.9/site-packages/airflow/example_dags/example_branch_operator.py took 0.057 seconds
[2021-11-17 01:13:05,547] {processor.py:163} INFO - Started process (PID=45066) to work on /Users/sravanisigadam/PycharmProjects/Airflow/venv/lib/python3.9/site-packages/airflow/example_dags/example_branch_operator.py
[2021-11-17 01:13:05,547] {processor.py:625} INFO - Processing file /Users/sravanisigadam/PycharmProjects/Airflow/venv/lib/python3.9/site-packages/airflow/example_dags/example_branch_operator.py for tasks to queue
[2021-11-17 01:13:05,547] {logging_mixin.py:109} INFO - [2021-11-17 01:13:05,547] {dagbag.py:500} INFO - Filling up the DagBag from /Users/sravanisigadam/PycharmProjects/Airflow/venv/lib/python3.9/site-packages/airflow/example_dags/example_branch_operator.py
[2021-11-17 01:13:05,581] {processor.py:637} INFO - DAG(s) dict_keys(['example_branch_operator']) retrieved from /Users/sravanisigadam/PycharmProjects/Airflow/venv/lib/python3.9/site-packages/airflow/example_dags/example_branch_operator.py
[2021-11-17 01:13:05,592] {logging_mixin.py:109} INFO - [2021-11-17 01:13:05,592] {dag.py:2396} INFO - Sync 1 DAGs
[2021-11-17 01:13:05,598] {logging_mixin.py:109} INFO - [2021-11-17 01:13:05,598] {dag.py:2928} INFO - Setting next_dagrun for example_branch_operator to 2021-11-16 00:00:00+00:00
[2021-11-17 01:13:05,603] {processor.py:171} INFO - Processing /Users/sravanisigadam/PycharmProjects/Airflow/venv/lib/python3.9/site-packages/airflow/example_dags/example_branch_operator.py took 0.057 seconds
[2021-11-17 01:14:19,715] {processor.py:163} INFO - Started process (PID=45102) to work on /Users/sravanisigadam/PycharmProjects/Airflow/venv/lib/python3.9/site-packages/airflow/example_dags/example_branch_operator.py
[2021-11-17 01:14:19,715] {processor.py:625} INFO - Processing file /Users/sravanisigadam/PycharmProjects/Airflow/venv/lib/python3.9/site-packages/airflow/example_dags/example_branch_operator.py for tasks to queue
[2021-11-17 01:14:19,715] {logging_mixin.py:109} INFO - [2021-11-17 01:14:19,715] {dagbag.py:500} INFO - Filling up the DagBag from /Users/sravanisigadam/PycharmProjects/Airflow/venv/lib/python3.9/site-packages/airflow/example_dags/example_branch_operator.py
[2021-11-17 01:14:19,748] {processor.py:637} INFO - DAG(s) dict_keys(['example_branch_operator']) retrieved from /Users/sravanisigadam/PycharmProjects/Airflow/venv/lib/python3.9/site-packages/airflow/example_dags/example_branch_operator.py
[2021-11-17 01:14:19,759] {logging_mixin.py:109} INFO - [2021-11-17 01:14:19,759] {dag.py:2396} INFO - Sync 1 DAGs
[2021-11-17 01:14:19,765] {logging_mixin.py:109} INFO - [2021-11-17 01:14:19,765] {dag.py:2928} INFO - Setting next_dagrun for example_branch_operator to 2021-11-16 00:00:00+00:00
[2021-11-17 01:14:19,771] {processor.py:171} INFO - Processing /Users/sravanisigadam/PycharmProjects/Airflow/venv/lib/python3.9/site-packages/airflow/example_dags/example_branch_operator.py took 0.056 seconds
[2021-11-17 01:15:33,679] {processor.py:163} INFO - Started process (PID=45138) to work on /Users/sravanisigadam/PycharmProjects/Airflow/venv/lib/python3.9/site-packages/airflow/example_dags/example_branch_operator.py
[2021-11-17 01:15:33,679] {processor.py:625} INFO - Processing file /Users/sravanisigadam/PycharmProjects/Airflow/venv/lib/python3.9/site-packages/airflow/example_dags/example_branch_operator.py for tasks to queue
[2021-11-17 01:15:33,679] {logging_mixin.py:109} INFO - [2021-11-17 01:15:33,679] {dagbag.py:500} INFO - Filling up the DagBag from /Users/sravanisigadam/PycharmProjects/Airflow/venv/lib/python3.9/site-packages/airflow/example_dags/example_branch_operator.py
[2021-11-17 01:15:33,714] {processor.py:637} INFO - DAG(s) dict_keys(['example_branch_operator']) retrieved from /Users/sravanisigadam/PycharmProjects/Airflow/venv/lib/python3.9/site-packages/airflow/example_dags/example_branch_operator.py
[2021-11-17 01:15:33,725] {logging_mixin.py:109} INFO - [2021-11-17 01:15:33,725] {dag.py:2396} INFO - Sync 1 DAGs
[2021-11-17 01:15:33,731] {logging_mixin.py:109} INFO - [2021-11-17 01:15:33,731] {dag.py:2928} INFO - Setting next_dagrun for example_branch_operator to 2021-11-16 00:00:00+00:00
[2021-11-17 01:15:33,736] {processor.py:171} INFO - Processing /Users/sravanisigadam/PycharmProjects/Airflow/venv/lib/python3.9/site-packages/airflow/example_dags/example_branch_operator.py took 0.057 seconds
[2021-11-17 03:54:53,566] {processor.py:163} INFO - Started process (PID=45296) to work on /Users/sravanisigadam/PycharmProjects/Airflow/venv/lib/python3.9/site-packages/airflow/example_dags/example_branch_operator.py
[2021-11-17 03:54:53,566] {processor.py:625} INFO - Processing file /Users/sravanisigadam/PycharmProjects/Airflow/venv/lib/python3.9/site-packages/airflow/example_dags/example_branch_operator.py for tasks to queue
[2021-11-17 03:54:53,566] {logging_mixin.py:109} INFO - [2021-11-17 03:54:53,566] {dagbag.py:500} INFO - Filling up the DagBag from /Users/sravanisigadam/PycharmProjects/Airflow/venv/lib/python3.9/site-packages/airflow/example_dags/example_branch_operator.py
[2021-11-17 03:54:53,598] {processor.py:637} INFO - DAG(s) dict_keys(['example_branch_operator']) retrieved from /Users/sravanisigadam/PycharmProjects/Airflow/venv/lib/python3.9/site-packages/airflow/example_dags/example_branch_operator.py
[2021-11-17 03:54:53,609] {logging_mixin.py:109} INFO - [2021-11-17 03:54:53,609] {dag.py:2396} INFO - Sync 1 DAGs
[2021-11-17 03:54:53,615] {logging_mixin.py:109} INFO - [2021-11-17 03:54:53,615] {dag.py:2928} INFO - Setting next_dagrun for example_branch_operator to 2021-11-16 00:00:00+00:00
[2021-11-17 03:54:53,619] {processor.py:171} INFO - Processing /Users/sravanisigadam/PycharmProjects/Airflow/venv/lib/python3.9/site-packages/airflow/example_dags/example_branch_operator.py took 0.054 seconds
[2021-11-17 10:08:18,098] {processor.py:163} INFO - Started process (PID=45422) to work on /Users/sravanisigadam/PycharmProjects/Airflow/venv/lib/python3.9/site-packages/airflow/example_dags/example_branch_operator.py
[2021-11-17 10:08:18,098] {processor.py:625} INFO - Processing file /Users/sravanisigadam/PycharmProjects/Airflow/venv/lib/python3.9/site-packages/airflow/example_dags/example_branch_operator.py for tasks to queue
[2021-11-17 10:08:18,098] {logging_mixin.py:109} INFO - [2021-11-17 10:08:18,098] {dagbag.py:500} INFO - Filling up the DagBag from /Users/sravanisigadam/PycharmProjects/Airflow/venv/lib/python3.9/site-packages/airflow/example_dags/example_branch_operator.py
[2021-11-17 10:08:18,130] {processor.py:637} INFO - DAG(s) dict_keys(['example_branch_operator']) retrieved from /Users/sravanisigadam/PycharmProjects/Airflow/venv/lib/python3.9/site-packages/airflow/example_dags/example_branch_operator.py
[2021-11-17 10:08:18,141] {logging_mixin.py:109} INFO - [2021-11-17 10:08:18,141] {dag.py:2396} INFO - Sync 1 DAGs
[2021-11-17 10:08:18,147] {logging_mixin.py:109} INFO - [2021-11-17 10:08:18,147] {dag.py:2928} INFO - Setting next_dagrun for example_branch_operator to 2021-11-16 00:00:00+00:00
[2021-11-17 10:08:18,152] {processor.py:171} INFO - Processing /Users/sravanisigadam/PycharmProjects/Airflow/venv/lib/python3.9/site-packages/airflow/example_dags/example_branch_operator.py took 0.055 seconds
[2021-11-17 14:55:25,346] {processor.py:163} INFO - Started process (PID=45516) to work on /Users/sravanisigadam/PycharmProjects/Airflow/venv/lib/python3.9/site-packages/airflow/example_dags/example_branch_operator.py
[2021-11-17 14:55:25,346] {processor.py:625} INFO - Processing file /Users/sravanisigadam/PycharmProjects/Airflow/venv/lib/python3.9/site-packages/airflow/example_dags/example_branch_operator.py for tasks to queue
[2021-11-17 14:55:25,346] {logging_mixin.py:109} INFO - [2021-11-17 14:55:25,346] {dagbag.py:500} INFO - Filling up the DagBag from /Users/sravanisigadam/PycharmProjects/Airflow/venv/lib/python3.9/site-packages/airflow/example_dags/example_branch_operator.py
[2021-11-17 14:55:25,379] {processor.py:637} INFO - DAG(s) dict_keys(['example_branch_operator']) retrieved from /Users/sravanisigadam/PycharmProjects/Airflow/venv/lib/python3.9/site-packages/airflow/example_dags/example_branch_operator.py
[2021-11-17 14:55:25,391] {logging_mixin.py:109} INFO - [2021-11-17 14:55:25,391] {dag.py:2396} INFO - Sync 1 DAGs
[2021-11-17 14:55:25,397] {logging_mixin.py:109} INFO - [2021-11-17 14:55:25,397] {dag.py:2928} INFO - Setting next_dagrun for example_branch_operator to 2021-11-16 00:00:00+00:00
[2021-11-17 14:55:25,402] {processor.py:171} INFO - Processing /Users/sravanisigadam/PycharmProjects/Airflow/venv/lib/python3.9/site-packages/airflow/example_dags/example_branch_operator.py took 0.057 seconds
