[2021-11-17 01:06:24,223] {processor.py:163} INFO - Started process (PID=44819) to work on /Users/sravanisigadam/PycharmProjects/Airflow/venv/lib/python3.9/site-packages/airflow/example_dags/example_task_group_decorator.py
[2021-11-17 01:06:24,223] {processor.py:625} INFO - Processing file /Users/sravanisigadam/PycharmProjects/Airflow/venv/lib/python3.9/site-packages/airflow/example_dags/example_task_group_decorator.py for tasks to queue
[2021-11-17 01:06:24,223] {logging_mixin.py:109} INFO - [2021-11-17 01:06:24,223] {dagbag.py:500} INFO - Filling up the DagBag from /Users/sravanisigadam/PycharmProjects/Airflow/venv/lib/python3.9/site-packages/airflow/example_dags/example_task_group_decorator.py
[2021-11-17 01:06:24,261] {processor.py:637} INFO - DAG(s) dict_keys(['example_task_group_decorator']) retrieved from /Users/sravanisigadam/PycharmProjects/Airflow/venv/lib/python3.9/site-packages/airflow/example_dags/example_task_group_decorator.py
[2021-11-17 01:06:24,414] {logging_mixin.py:109} INFO - [2021-11-17 01:06:24,414] {dag.py:2396} INFO - Sync 1 DAGs
[2021-11-17 01:06:24,419] {logging_mixin.py:109} INFO - [2021-11-17 01:06:24,419] {dag.py:2928} INFO - Setting next_dagrun for example_task_group_decorator to 2021-11-16T09:06:24.419687+00:00
[2021-11-17 01:06:24,426] {processor.py:171} INFO - Processing /Users/sravanisigadam/PycharmProjects/Airflow/venv/lib/python3.9/site-packages/airflow/example_dags/example_task_group_decorator.py took 0.203 seconds
[2021-11-17 01:07:32,010] {processor.py:163} INFO - Started process (PID=44861) to work on /Users/sravanisigadam/PycharmProjects/Airflow/venv/lib/python3.9/site-packages/airflow/example_dags/example_task_group_decorator.py
[2021-11-17 01:07:32,010] {processor.py:625} INFO - Processing file /Users/sravanisigadam/PycharmProjects/Airflow/venv/lib/python3.9/site-packages/airflow/example_dags/example_task_group_decorator.py for tasks to queue
[2021-11-17 01:07:32,011] {logging_mixin.py:109} INFO - [2021-11-17 01:07:32,011] {dagbag.py:500} INFO - Filling up the DagBag from /Users/sravanisigadam/PycharmProjects/Airflow/venv/lib/python3.9/site-packages/airflow/example_dags/example_task_group_decorator.py
[2021-11-17 01:07:32,048] {processor.py:637} INFO - DAG(s) dict_keys(['example_task_group_decorator']) retrieved from /Users/sravanisigadam/PycharmProjects/Airflow/venv/lib/python3.9/site-packages/airflow/example_dags/example_task_group_decorator.py
[2021-11-17 01:07:32,199] {logging_mixin.py:109} INFO - [2021-11-17 01:07:32,199] {dag.py:2396} INFO - Sync 1 DAGs
[2021-11-17 01:07:32,204] {logging_mixin.py:109} INFO - [2021-11-17 01:07:32,204] {dag.py:2928} INFO - Setting next_dagrun for example_task_group_decorator to 2021-11-16T09:07:32.204399+00:00
[2021-11-17 01:07:32,211] {processor.py:171} INFO - Processing /Users/sravanisigadam/PycharmProjects/Airflow/venv/lib/python3.9/site-packages/airflow/example_dags/example_task_group_decorator.py took 0.202 seconds
[2021-11-17 01:08:45,861] {processor.py:163} INFO - Started process (PID=44902) to work on /Users/sravanisigadam/PycharmProjects/Airflow/venv/lib/python3.9/site-packages/airflow/example_dags/example_task_group_decorator.py
[2021-11-17 01:08:45,862] {processor.py:625} INFO - Processing file /Users/sravanisigadam/PycharmProjects/Airflow/venv/lib/python3.9/site-packages/airflow/example_dags/example_task_group_decorator.py for tasks to queue
[2021-11-17 01:08:45,862] {logging_mixin.py:109} INFO - [2021-11-17 01:08:45,862] {dagbag.py:500} INFO - Filling up the DagBag from /Users/sravanisigadam/PycharmProjects/Airflow/venv/lib/python3.9/site-packages/airflow/example_dags/example_task_group_decorator.py
[2021-11-17 01:08:45,906] {processor.py:637} INFO - DAG(s) dict_keys(['example_task_group_decorator']) retrieved from /Users/sravanisigadam/PycharmProjects/Airflow/venv/lib/python3.9/site-packages/airflow/example_dags/example_task_group_decorator.py
[2021-11-17 01:08:46,096] {logging_mixin.py:109} INFO - [2021-11-17 01:08:46,096] {dag.py:2396} INFO - Sync 1 DAGs
[2021-11-17 01:08:46,104] {logging_mixin.py:109} INFO - [2021-11-17 01:08:46,104] {dag.py:2928} INFO - Setting next_dagrun for example_task_group_decorator to 2021-11-16T09:08:46.103881+00:00
[2021-11-17 01:08:46,112] {processor.py:171} INFO - Processing /Users/sravanisigadam/PycharmProjects/Airflow/venv/lib/python3.9/site-packages/airflow/example_dags/example_task_group_decorator.py took 0.251 seconds
[2021-11-17 01:09:58,897] {processor.py:163} INFO - Started process (PID=44968) to work on /Users/sravanisigadam/PycharmProjects/Airflow/venv/lib/python3.9/site-packages/airflow/example_dags/example_task_group_decorator.py
[2021-11-17 01:09:58,898] {processor.py:625} INFO - Processing file /Users/sravanisigadam/PycharmProjects/Airflow/venv/lib/python3.9/site-packages/airflow/example_dags/example_task_group_decorator.py for tasks to queue
[2021-11-17 01:09:58,898] {logging_mixin.py:109} INFO - [2021-11-17 01:09:58,898] {dagbag.py:500} INFO - Filling up the DagBag from /Users/sravanisigadam/PycharmProjects/Airflow/venv/lib/python3.9/site-packages/airflow/example_dags/example_task_group_decorator.py
[2021-11-17 01:09:58,935] {processor.py:637} INFO - DAG(s) dict_keys(['example_task_group_decorator']) retrieved from /Users/sravanisigadam/PycharmProjects/Airflow/venv/lib/python3.9/site-packages/airflow/example_dags/example_task_group_decorator.py
[2021-11-17 01:09:59,081] {logging_mixin.py:109} INFO - [2021-11-17 01:09:59,081] {dag.py:2396} INFO - Sync 1 DAGs
[2021-11-17 01:09:59,086] {logging_mixin.py:109} INFO - [2021-11-17 01:09:59,086] {dag.py:2928} INFO - Setting next_dagrun for example_task_group_decorator to 2021-11-16T09:09:59.086464+00:00
[2021-11-17 01:09:59,093] {processor.py:171} INFO - Processing /Users/sravanisigadam/PycharmProjects/Airflow/venv/lib/python3.9/site-packages/airflow/example_dags/example_task_group_decorator.py took 0.196 seconds
[2021-11-17 01:11:13,576] {processor.py:163} INFO - Started process (PID=45009) to work on /Users/sravanisigadam/PycharmProjects/Airflow/venv/lib/python3.9/site-packages/airflow/example_dags/example_task_group_decorator.py
[2021-11-17 01:11:13,577] {processor.py:625} INFO - Processing file /Users/sravanisigadam/PycharmProjects/Airflow/venv/lib/python3.9/site-packages/airflow/example_dags/example_task_group_decorator.py for tasks to queue
[2021-11-17 01:11:13,577] {logging_mixin.py:109} INFO - [2021-11-17 01:11:13,577] {dagbag.py:500} INFO - Filling up the DagBag from /Users/sravanisigadam/PycharmProjects/Airflow/venv/lib/python3.9/site-packages/airflow/example_dags/example_task_group_decorator.py
[2021-11-17 01:11:13,618] {processor.py:637} INFO - DAG(s) dict_keys(['example_task_group_decorator']) retrieved from /Users/sravanisigadam/PycharmProjects/Airflow/venv/lib/python3.9/site-packages/airflow/example_dags/example_task_group_decorator.py
[2021-11-17 01:11:13,767] {logging_mixin.py:109} INFO - [2021-11-17 01:11:13,767] {dag.py:2396} INFO - Sync 1 DAGs
[2021-11-17 01:11:13,772] {logging_mixin.py:109} INFO - [2021-11-17 01:11:13,772] {dag.py:2928} INFO - Setting next_dagrun for example_task_group_decorator to 2021-11-16T09:11:13.772558+00:00
[2021-11-17 01:11:13,779] {processor.py:171} INFO - Processing /Users/sravanisigadam/PycharmProjects/Airflow/venv/lib/python3.9/site-packages/airflow/example_dags/example_task_group_decorator.py took 0.203 seconds
[2021-11-17 01:12:26,960] {processor.py:163} INFO - Started process (PID=45046) to work on /Users/sravanisigadam/PycharmProjects/Airflow/venv/lib/python3.9/site-packages/airflow/example_dags/example_task_group_decorator.py
[2021-11-17 01:12:26,960] {processor.py:625} INFO - Processing file /Users/sravanisigadam/PycharmProjects/Airflow/venv/lib/python3.9/site-packages/airflow/example_dags/example_task_group_decorator.py for tasks to queue
[2021-11-17 01:12:26,961] {logging_mixin.py:109} INFO - [2021-11-17 01:12:26,961] {dagbag.py:500} INFO - Filling up the DagBag from /Users/sravanisigadam/PycharmProjects/Airflow/venv/lib/python3.9/site-packages/airflow/example_dags/example_task_group_decorator.py
[2021-11-17 01:12:26,999] {processor.py:637} INFO - DAG(s) dict_keys(['example_task_group_decorator']) retrieved from /Users/sravanisigadam/PycharmProjects/Airflow/venv/lib/python3.9/site-packages/airflow/example_dags/example_task_group_decorator.py
[2021-11-17 01:12:27,147] {logging_mixin.py:109} INFO - [2021-11-17 01:12:27,147] {dag.py:2396} INFO - Sync 1 DAGs
[2021-11-17 01:12:27,153] {logging_mixin.py:109} INFO - [2021-11-17 01:12:27,153] {dag.py:2928} INFO - Setting next_dagrun for example_task_group_decorator to 2021-11-16T09:12:27.152941+00:00
[2021-11-17 01:12:27,159] {processor.py:171} INFO - Processing /Users/sravanisigadam/PycharmProjects/Airflow/venv/lib/python3.9/site-packages/airflow/example_dags/example_task_group_decorator.py took 0.199 seconds
[2021-11-17 01:13:40,532] {processor.py:163} INFO - Started process (PID=45083) to work on /Users/sravanisigadam/PycharmProjects/Airflow/venv/lib/python3.9/site-packages/airflow/example_dags/example_task_group_decorator.py
[2021-11-17 01:13:40,533] {processor.py:625} INFO - Processing file /Users/sravanisigadam/PycharmProjects/Airflow/venv/lib/python3.9/site-packages/airflow/example_dags/example_task_group_decorator.py for tasks to queue
[2021-11-17 01:13:40,533] {logging_mixin.py:109} INFO - [2021-11-17 01:13:40,533] {dagbag.py:500} INFO - Filling up the DagBag from /Users/sravanisigadam/PycharmProjects/Airflow/venv/lib/python3.9/site-packages/airflow/example_dags/example_task_group_decorator.py
[2021-11-17 01:13:40,571] {processor.py:637} INFO - DAG(s) dict_keys(['example_task_group_decorator']) retrieved from /Users/sravanisigadam/PycharmProjects/Airflow/venv/lib/python3.9/site-packages/airflow/example_dags/example_task_group_decorator.py
[2021-11-17 01:13:40,717] {logging_mixin.py:109} INFO - [2021-11-17 01:13:40,716] {dag.py:2396} INFO - Sync 1 DAGs
[2021-11-17 01:13:40,722] {logging_mixin.py:109} INFO - [2021-11-17 01:13:40,722] {dag.py:2928} INFO - Setting next_dagrun for example_task_group_decorator to 2021-11-16T09:13:40.722031+00:00
[2021-11-17 01:13:40,728] {processor.py:171} INFO - Processing /Users/sravanisigadam/PycharmProjects/Airflow/venv/lib/python3.9/site-packages/airflow/example_dags/example_task_group_decorator.py took 0.196 seconds
[2021-11-17 01:14:54,292] {processor.py:163} INFO - Started process (PID=45119) to work on /Users/sravanisigadam/PycharmProjects/Airflow/venv/lib/python3.9/site-packages/airflow/example_dags/example_task_group_decorator.py
[2021-11-17 01:14:54,292] {processor.py:625} INFO - Processing file /Users/sravanisigadam/PycharmProjects/Airflow/venv/lib/python3.9/site-packages/airflow/example_dags/example_task_group_decorator.py for tasks to queue
[2021-11-17 01:14:54,292] {logging_mixin.py:109} INFO - [2021-11-17 01:14:54,292] {dagbag.py:500} INFO - Filling up the DagBag from /Users/sravanisigadam/PycharmProjects/Airflow/venv/lib/python3.9/site-packages/airflow/example_dags/example_task_group_decorator.py
[2021-11-17 01:14:54,331] {processor.py:637} INFO - DAG(s) dict_keys(['example_task_group_decorator']) retrieved from /Users/sravanisigadam/PycharmProjects/Airflow/venv/lib/python3.9/site-packages/airflow/example_dags/example_task_group_decorator.py
[2021-11-17 01:14:54,475] {logging_mixin.py:109} INFO - [2021-11-17 01:14:54,475] {dag.py:2396} INFO - Sync 1 DAGs
[2021-11-17 01:14:54,480] {logging_mixin.py:109} INFO - [2021-11-17 01:14:54,480] {dag.py:2928} INFO - Setting next_dagrun for example_task_group_decorator to 2021-11-16T09:14:54.480497+00:00
[2021-11-17 01:14:54,487] {processor.py:171} INFO - Processing /Users/sravanisigadam/PycharmProjects/Airflow/venv/lib/python3.9/site-packages/airflow/example_dags/example_task_group_decorator.py took 0.195 seconds
[2021-11-17 01:20:20,241] {processor.py:163} INFO - Started process (PID=45196) to work on /Users/sravanisigadam/PycharmProjects/Airflow/venv/lib/python3.9/site-packages/airflow/example_dags/example_task_group_decorator.py
[2021-11-17 01:20:20,242] {processor.py:625} INFO - Processing file /Users/sravanisigadam/PycharmProjects/Airflow/venv/lib/python3.9/site-packages/airflow/example_dags/example_task_group_decorator.py for tasks to queue
[2021-11-17 01:20:20,242] {logging_mixin.py:109} INFO - [2021-11-17 01:20:20,242] {dagbag.py:500} INFO - Filling up the DagBag from /Users/sravanisigadam/PycharmProjects/Airflow/venv/lib/python3.9/site-packages/airflow/example_dags/example_task_group_decorator.py
[2021-11-17 01:20:20,282] {processor.py:637} INFO - DAG(s) dict_keys(['example_task_group_decorator']) retrieved from /Users/sravanisigadam/PycharmProjects/Airflow/venv/lib/python3.9/site-packages/airflow/example_dags/example_task_group_decorator.py
[2021-11-17 01:20:20,432] {logging_mixin.py:109} INFO - [2021-11-17 01:20:20,432] {dag.py:2396} INFO - Sync 1 DAGs
[2021-11-17 01:20:20,437] {logging_mixin.py:109} INFO - [2021-11-17 01:20:20,437] {dag.py:2928} INFO - Setting next_dagrun for example_task_group_decorator to 2021-11-16T09:20:20.437370+00:00
[2021-11-17 01:20:20,443] {processor.py:171} INFO - Processing /Users/sravanisigadam/PycharmProjects/Airflow/venv/lib/python3.9/site-packages/airflow/example_dags/example_task_group_decorator.py took 0.203 seconds
[2021-11-17 07:37:16,032] {processor.py:163} INFO - Started process (PID=45377) to work on /Users/sravanisigadam/PycharmProjects/Airflow/venv/lib/python3.9/site-packages/airflow/example_dags/example_task_group_decorator.py
[2021-11-17 07:37:16,032] {processor.py:625} INFO - Processing file /Users/sravanisigadam/PycharmProjects/Airflow/venv/lib/python3.9/site-packages/airflow/example_dags/example_task_group_decorator.py for tasks to queue
[2021-11-17 07:37:16,032] {logging_mixin.py:109} INFO - [2021-11-17 07:37:16,032] {dagbag.py:500} INFO - Filling up the DagBag from /Users/sravanisigadam/PycharmProjects/Airflow/venv/lib/python3.9/site-packages/airflow/example_dags/example_task_group_decorator.py
[2021-11-17 07:37:16,070] {processor.py:637} INFO - DAG(s) dict_keys(['example_task_group_decorator']) retrieved from /Users/sravanisigadam/PycharmProjects/Airflow/venv/lib/python3.9/site-packages/airflow/example_dags/example_task_group_decorator.py
[2021-11-17 07:37:16,259] {logging_mixin.py:109} INFO - [2021-11-17 07:37:16,259] {dag.py:2396} INFO - Sync 1 DAGs
[2021-11-17 07:37:16,265] {logging_mixin.py:109} INFO - [2021-11-17 07:37:16,265] {dag.py:2928} INFO - Setting next_dagrun for example_task_group_decorator to 2021-11-16T15:37:16.265067+00:00
[2021-11-17 07:52:52,870] {processor.py:171} INFO - Processing /Users/sravanisigadam/PycharmProjects/Airflow/venv/lib/python3.9/site-packages/airflow/example_dags/example_task_group_decorator.py took 0.513 seconds
[2021-11-17 13:09:32,284] {processor.py:163} INFO - Started process (PID=45475) to work on /Users/sravanisigadam/PycharmProjects/Airflow/venv/lib/python3.9/site-packages/airflow/example_dags/example_task_group_decorator.py
[2021-11-17 13:09:32,284] {processor.py:625} INFO - Processing file /Users/sravanisigadam/PycharmProjects/Airflow/venv/lib/python3.9/site-packages/airflow/example_dags/example_task_group_decorator.py for tasks to queue
[2021-11-17 13:09:32,285] {logging_mixin.py:109} INFO - [2021-11-17 13:09:32,285] {dagbag.py:500} INFO - Filling up the DagBag from /Users/sravanisigadam/PycharmProjects/Airflow/venv/lib/python3.9/site-packages/airflow/example_dags/example_task_group_decorator.py
[2021-11-17 13:09:32,320] {processor.py:637} INFO - DAG(s) dict_keys(['example_task_group_decorator']) retrieved from /Users/sravanisigadam/PycharmProjects/Airflow/venv/lib/python3.9/site-packages/airflow/example_dags/example_task_group_decorator.py
[2021-11-17 13:09:32,470] {logging_mixin.py:109} INFO - [2021-11-17 13:09:32,470] {dag.py:2396} INFO - Sync 1 DAGs
[2021-11-17 13:09:32,475] {logging_mixin.py:109} INFO - [2021-11-17 13:09:32,475] {dag.py:2928} INFO - Setting next_dagrun for example_task_group_decorator to 2021-11-16T21:09:32.475459+00:00
[2021-11-17 13:09:32,482] {processor.py:171} INFO - Processing /Users/sravanisigadam/PycharmProjects/Airflow/venv/lib/python3.9/site-packages/airflow/example_dags/example_task_group_decorator.py took 0.198 seconds
