[2021-11-17 01:06:58,772] {processor.py:163} INFO - Started process (PID=44841) to work on /Users/sravanisigadam/PycharmProjects/Airflow/venv/lib/python3.9/site-packages/airflow/example_dags/example_branch_labels.py
[2021-11-17 01:06:58,772] {processor.py:625} INFO - Processing file /Users/sravanisigadam/PycharmProjects/Airflow/venv/lib/python3.9/site-packages/airflow/example_dags/example_branch_labels.py for tasks to queue
[2021-11-17 01:06:58,772] {logging_mixin.py:109} INFO - [2021-11-17 01:06:58,772] {dagbag.py:500} INFO - Filling up the DagBag from /Users/sravanisigadam/PycharmProjects/Airflow/venv/lib/python3.9/site-packages/airflow/example_dags/example_branch_labels.py
[2021-11-17 01:06:58,796] {processor.py:637} INFO - DAG(s) dict_keys(['example_branch_labels']) retrieved from /Users/sravanisigadam/PycharmProjects/Airflow/venv/lib/python3.9/site-packages/airflow/example_dags/example_branch_labels.py
[2021-11-17 01:06:58,806] {logging_mixin.py:109} INFO - [2021-11-17 01:06:58,806] {dag.py:2396} INFO - Sync 1 DAGs
[2021-11-17 01:06:58,812] {logging_mixin.py:109} INFO - [2021-11-17 01:06:58,812] {dag.py:2928} INFO - Setting next_dagrun for example_branch_labels to 2021-11-16 00:00:00+00:00
[2021-11-17 01:06:58,816] {processor.py:171} INFO - Processing /Users/sravanisigadam/PycharmProjects/Airflow/venv/lib/python3.9/site-packages/airflow/example_dags/example_branch_labels.py took 0.045 seconds
[2021-11-17 01:08:13,040] {processor.py:163} INFO - Started process (PID=44886) to work on /Users/sravanisigadam/PycharmProjects/Airflow/venv/lib/python3.9/site-packages/airflow/example_dags/example_branch_labels.py
[2021-11-17 01:08:13,041] {processor.py:625} INFO - Processing file /Users/sravanisigadam/PycharmProjects/Airflow/venv/lib/python3.9/site-packages/airflow/example_dags/example_branch_labels.py for tasks to queue
[2021-11-17 01:08:13,041] {logging_mixin.py:109} INFO - [2021-11-17 01:08:13,041] {dagbag.py:500} INFO - Filling up the DagBag from /Users/sravanisigadam/PycharmProjects/Airflow/venv/lib/python3.9/site-packages/airflow/example_dags/example_branch_labels.py
[2021-11-17 01:08:13,064] {processor.py:637} INFO - DAG(s) dict_keys(['example_branch_labels']) retrieved from /Users/sravanisigadam/PycharmProjects/Airflow/venv/lib/python3.9/site-packages/airflow/example_dags/example_branch_labels.py
[2021-11-17 01:08:13,075] {logging_mixin.py:109} INFO - [2021-11-17 01:08:13,074] {dag.py:2396} INFO - Sync 1 DAGs
[2021-11-17 01:08:13,080] {logging_mixin.py:109} INFO - [2021-11-17 01:08:13,080] {dag.py:2928} INFO - Setting next_dagrun for example_branch_labels to 2021-11-16 00:00:00+00:00
[2021-11-17 01:08:13,085] {processor.py:171} INFO - Processing /Users/sravanisigadam/PycharmProjects/Airflow/venv/lib/python3.9/site-packages/airflow/example_dags/example_branch_labels.py took 0.046 seconds
[2021-11-17 01:09:26,572] {processor.py:163} INFO - Started process (PID=44938) to work on /Users/sravanisigadam/PycharmProjects/Airflow/venv/lib/python3.9/site-packages/airflow/example_dags/example_branch_labels.py
[2021-11-17 01:09:26,572] {processor.py:625} INFO - Processing file /Users/sravanisigadam/PycharmProjects/Airflow/venv/lib/python3.9/site-packages/airflow/example_dags/example_branch_labels.py for tasks to queue
[2021-11-17 01:09:26,572] {logging_mixin.py:109} INFO - [2021-11-17 01:09:26,572] {dagbag.py:500} INFO - Filling up the DagBag from /Users/sravanisigadam/PycharmProjects/Airflow/venv/lib/python3.9/site-packages/airflow/example_dags/example_branch_labels.py
[2021-11-17 01:09:26,596] {processor.py:637} INFO - DAG(s) dict_keys(['example_branch_labels']) retrieved from /Users/sravanisigadam/PycharmProjects/Airflow/venv/lib/python3.9/site-packages/airflow/example_dags/example_branch_labels.py
[2021-11-17 01:09:26,607] {logging_mixin.py:109} INFO - [2021-11-17 01:09:26,606] {dag.py:2396} INFO - Sync 1 DAGs
[2021-11-17 01:09:26,612] {logging_mixin.py:109} INFO - [2021-11-17 01:09:26,612] {dag.py:2928} INFO - Setting next_dagrun for example_branch_labels to 2021-11-16 00:00:00+00:00
[2021-11-17 01:09:26,618] {processor.py:171} INFO - Processing /Users/sravanisigadam/PycharmProjects/Airflow/venv/lib/python3.9/site-packages/airflow/example_dags/example_branch_labels.py took 0.046 seconds
[2021-11-17 01:10:40,838] {processor.py:163} INFO - Started process (PID=44989) to work on /Users/sravanisigadam/PycharmProjects/Airflow/venv/lib/python3.9/site-packages/airflow/example_dags/example_branch_labels.py
[2021-11-17 01:10:40,839] {processor.py:625} INFO - Processing file /Users/sravanisigadam/PycharmProjects/Airflow/venv/lib/python3.9/site-packages/airflow/example_dags/example_branch_labels.py for tasks to queue
[2021-11-17 01:10:40,839] {logging_mixin.py:109} INFO - [2021-11-17 01:10:40,839] {dagbag.py:500} INFO - Filling up the DagBag from /Users/sravanisigadam/PycharmProjects/Airflow/venv/lib/python3.9/site-packages/airflow/example_dags/example_branch_labels.py
[2021-11-17 01:10:40,862] {processor.py:637} INFO - DAG(s) dict_keys(['example_branch_labels']) retrieved from /Users/sravanisigadam/PycharmProjects/Airflow/venv/lib/python3.9/site-packages/airflow/example_dags/example_branch_labels.py
[2021-11-17 01:10:40,873] {logging_mixin.py:109} INFO - [2021-11-17 01:10:40,873] {dag.py:2396} INFO - Sync 1 DAGs
[2021-11-17 01:10:40,878] {logging_mixin.py:109} INFO - [2021-11-17 01:10:40,878] {dag.py:2928} INFO - Setting next_dagrun for example_branch_labels to 2021-11-16 00:00:00+00:00
[2021-11-17 01:10:40,883] {processor.py:171} INFO - Processing /Users/sravanisigadam/PycharmProjects/Airflow/venv/lib/python3.9/site-packages/airflow/example_dags/example_branch_labels.py took 0.045 seconds
[2021-11-17 01:11:54,377] {processor.py:163} INFO - Started process (PID=45029) to work on /Users/sravanisigadam/PycharmProjects/Airflow/venv/lib/python3.9/site-packages/airflow/example_dags/example_branch_labels.py
[2021-11-17 01:11:54,377] {processor.py:625} INFO - Processing file /Users/sravanisigadam/PycharmProjects/Airflow/venv/lib/python3.9/site-packages/airflow/example_dags/example_branch_labels.py for tasks to queue
[2021-11-17 01:11:54,378] {logging_mixin.py:109} INFO - [2021-11-17 01:11:54,378] {dagbag.py:500} INFO - Filling up the DagBag from /Users/sravanisigadam/PycharmProjects/Airflow/venv/lib/python3.9/site-packages/airflow/example_dags/example_branch_labels.py
[2021-11-17 01:11:54,401] {processor.py:637} INFO - DAG(s) dict_keys(['example_branch_labels']) retrieved from /Users/sravanisigadam/PycharmProjects/Airflow/venv/lib/python3.9/site-packages/airflow/example_dags/example_branch_labels.py
[2021-11-17 01:11:54,412] {logging_mixin.py:109} INFO - [2021-11-17 01:11:54,412] {dag.py:2396} INFO - Sync 1 DAGs
[2021-11-17 01:11:54,418] {logging_mixin.py:109} INFO - [2021-11-17 01:11:54,418] {dag.py:2928} INFO - Setting next_dagrun for example_branch_labels to 2021-11-16 00:00:00+00:00
[2021-11-17 01:11:54,423] {processor.py:171} INFO - Processing /Users/sravanisigadam/PycharmProjects/Airflow/venv/lib/python3.9/site-packages/airflow/example_dags/example_branch_labels.py took 0.046 seconds
[2021-11-17 01:13:07,333] {processor.py:163} INFO - Started process (PID=45067) to work on /Users/sravanisigadam/PycharmProjects/Airflow/venv/lib/python3.9/site-packages/airflow/example_dags/example_branch_labels.py
[2021-11-17 01:13:07,333] {processor.py:625} INFO - Processing file /Users/sravanisigadam/PycharmProjects/Airflow/venv/lib/python3.9/site-packages/airflow/example_dags/example_branch_labels.py for tasks to queue
[2021-11-17 01:13:07,333] {logging_mixin.py:109} INFO - [2021-11-17 01:13:07,333] {dagbag.py:500} INFO - Filling up the DagBag from /Users/sravanisigadam/PycharmProjects/Airflow/venv/lib/python3.9/site-packages/airflow/example_dags/example_branch_labels.py
[2021-11-17 01:13:07,355] {processor.py:637} INFO - DAG(s) dict_keys(['example_branch_labels']) retrieved from /Users/sravanisigadam/PycharmProjects/Airflow/venv/lib/python3.9/site-packages/airflow/example_dags/example_branch_labels.py
[2021-11-17 01:13:07,366] {logging_mixin.py:109} INFO - [2021-11-17 01:13:07,366] {dag.py:2396} INFO - Sync 1 DAGs
[2021-11-17 01:13:07,372] {logging_mixin.py:109} INFO - [2021-11-17 01:13:07,372] {dag.py:2928} INFO - Setting next_dagrun for example_branch_labels to 2021-11-16 00:00:00+00:00
[2021-11-17 01:13:07,377] {processor.py:171} INFO - Processing /Users/sravanisigadam/PycharmProjects/Airflow/venv/lib/python3.9/site-packages/airflow/example_dags/example_branch_labels.py took 0.044 seconds
[2021-11-17 01:14:21,480] {processor.py:163} INFO - Started process (PID=45103) to work on /Users/sravanisigadam/PycharmProjects/Airflow/venv/lib/python3.9/site-packages/airflow/example_dags/example_branch_labels.py
[2021-11-17 01:14:21,480] {processor.py:625} INFO - Processing file /Users/sravanisigadam/PycharmProjects/Airflow/venv/lib/python3.9/site-packages/airflow/example_dags/example_branch_labels.py for tasks to queue
[2021-11-17 01:14:21,480] {logging_mixin.py:109} INFO - [2021-11-17 01:14:21,480] {dagbag.py:500} INFO - Filling up the DagBag from /Users/sravanisigadam/PycharmProjects/Airflow/venv/lib/python3.9/site-packages/airflow/example_dags/example_branch_labels.py
[2021-11-17 01:14:21,503] {processor.py:637} INFO - DAG(s) dict_keys(['example_branch_labels']) retrieved from /Users/sravanisigadam/PycharmProjects/Airflow/venv/lib/python3.9/site-packages/airflow/example_dags/example_branch_labels.py
[2021-11-17 01:14:21,514] {logging_mixin.py:109} INFO - [2021-11-17 01:14:21,514] {dag.py:2396} INFO - Sync 1 DAGs
[2021-11-17 01:14:21,520] {logging_mixin.py:109} INFO - [2021-11-17 01:14:21,520] {dag.py:2928} INFO - Setting next_dagrun for example_branch_labels to 2021-11-16 00:00:00+00:00
[2021-11-17 01:14:21,525] {processor.py:171} INFO - Processing /Users/sravanisigadam/PycharmProjects/Airflow/venv/lib/python3.9/site-packages/airflow/example_dags/example_branch_labels.py took 0.046 seconds
[2021-11-17 01:15:35,270] {processor.py:163} INFO - Started process (PID=45139) to work on /Users/sravanisigadam/PycharmProjects/Airflow/venv/lib/python3.9/site-packages/airflow/example_dags/example_branch_labels.py
[2021-11-17 01:15:35,271] {processor.py:625} INFO - Processing file /Users/sravanisigadam/PycharmProjects/Airflow/venv/lib/python3.9/site-packages/airflow/example_dags/example_branch_labels.py for tasks to queue
[2021-11-17 01:15:35,271] {logging_mixin.py:109} INFO - [2021-11-17 01:15:35,271] {dagbag.py:500} INFO - Filling up the DagBag from /Users/sravanisigadam/PycharmProjects/Airflow/venv/lib/python3.9/site-packages/airflow/example_dags/example_branch_labels.py
[2021-11-17 01:15:35,294] {processor.py:637} INFO - DAG(s) dict_keys(['example_branch_labels']) retrieved from /Users/sravanisigadam/PycharmProjects/Airflow/venv/lib/python3.9/site-packages/airflow/example_dags/example_branch_labels.py
[2021-11-17 01:15:35,304] {logging_mixin.py:109} INFO - [2021-11-17 01:15:35,304] {dag.py:2396} INFO - Sync 1 DAGs
[2021-11-17 01:15:35,310] {logging_mixin.py:109} INFO - [2021-11-17 01:15:35,310] {dag.py:2928} INFO - Setting next_dagrun for example_branch_labels to 2021-11-16 00:00:00+00:00
[2021-11-17 01:15:35,314] {processor.py:171} INFO - Processing /Users/sravanisigadam/PycharmProjects/Airflow/venv/lib/python3.9/site-packages/airflow/example_dags/example_branch_labels.py took 0.044 seconds
[2021-11-17 04:36:05,167] {processor.py:163} INFO - Started process (PID=45300) to work on /Users/sravanisigadam/PycharmProjects/Airflow/venv/lib/python3.9/site-packages/airflow/example_dags/example_branch_labels.py
[2021-11-17 04:36:05,168] {processor.py:625} INFO - Processing file /Users/sravanisigadam/PycharmProjects/Airflow/venv/lib/python3.9/site-packages/airflow/example_dags/example_branch_labels.py for tasks to queue
[2021-11-17 04:36:05,168] {logging_mixin.py:109} INFO - [2021-11-17 04:36:05,168] {dagbag.py:500} INFO - Filling up the DagBag from /Users/sravanisigadam/PycharmProjects/Airflow/venv/lib/python3.9/site-packages/airflow/example_dags/example_branch_labels.py
[2021-11-17 04:36:05,207] {processor.py:637} INFO - DAG(s) dict_keys(['example_branch_labels']) retrieved from /Users/sravanisigadam/PycharmProjects/Airflow/venv/lib/python3.9/site-packages/airflow/example_dags/example_branch_labels.py
[2021-11-17 04:36:05,223] {logging_mixin.py:109} INFO - [2021-11-17 04:36:05,223] {dag.py:2396} INFO - Sync 1 DAGs
[2021-11-17 04:36:05,234] {logging_mixin.py:109} INFO - [2021-11-17 04:36:05,234] {dag.py:2928} INFO - Setting next_dagrun for example_branch_labels to 2021-11-16 00:00:00+00:00
[2021-11-17 04:36:05,242] {processor.py:171} INFO - Processing /Users/sravanisigadam/PycharmProjects/Airflow/venv/lib/python3.9/site-packages/airflow/example_dags/example_branch_labels.py took 0.075 seconds
[2021-11-17 10:08:20,361] {processor.py:163} INFO - Started process (PID=45425) to work on /Users/sravanisigadam/PycharmProjects/Airflow/venv/lib/python3.9/site-packages/airflow/example_dags/example_branch_labels.py
[2021-11-17 10:08:20,362] {processor.py:625} INFO - Processing file /Users/sravanisigadam/PycharmProjects/Airflow/venv/lib/python3.9/site-packages/airflow/example_dags/example_branch_labels.py for tasks to queue
[2021-11-17 10:08:20,362] {logging_mixin.py:109} INFO - [2021-11-17 10:08:20,362] {dagbag.py:500} INFO - Filling up the DagBag from /Users/sravanisigadam/PycharmProjects/Airflow/venv/lib/python3.9/site-packages/airflow/example_dags/example_branch_labels.py
[2021-11-17 10:08:20,386] {processor.py:637} INFO - DAG(s) dict_keys(['example_branch_labels']) retrieved from /Users/sravanisigadam/PycharmProjects/Airflow/venv/lib/python3.9/site-packages/airflow/example_dags/example_branch_labels.py
[2021-11-17 10:08:20,398] {logging_mixin.py:109} INFO - [2021-11-17 10:08:20,397] {dag.py:2396} INFO - Sync 1 DAGs
[2021-11-17 10:08:20,404] {logging_mixin.py:109} INFO - [2021-11-17 10:08:20,404] {dag.py:2928} INFO - Setting next_dagrun for example_branch_labels to 2021-11-16 00:00:00+00:00
[2021-11-17 10:08:20,408] {processor.py:171} INFO - Processing /Users/sravanisigadam/PycharmProjects/Airflow/venv/lib/python3.9/site-packages/airflow/example_dags/example_branch_labels.py took 0.047 seconds
[2021-11-17 14:56:55,166] {processor.py:163} INFO - Started process (PID=45517) to work on /Users/sravanisigadam/PycharmProjects/Airflow/venv/lib/python3.9/site-packages/airflow/example_dags/example_branch_labels.py
[2021-11-17 14:56:55,166] {processor.py:625} INFO - Processing file /Users/sravanisigadam/PycharmProjects/Airflow/venv/lib/python3.9/site-packages/airflow/example_dags/example_branch_labels.py for tasks to queue
[2021-11-17 14:56:55,166] {logging_mixin.py:109} INFO - [2021-11-17 14:56:55,166] {dagbag.py:500} INFO - Filling up the DagBag from /Users/sravanisigadam/PycharmProjects/Airflow/venv/lib/python3.9/site-packages/airflow/example_dags/example_branch_labels.py
[2021-11-17 14:56:55,190] {processor.py:637} INFO - DAG(s) dict_keys(['example_branch_labels']) retrieved from /Users/sravanisigadam/PycharmProjects/Airflow/venv/lib/python3.9/site-packages/airflow/example_dags/example_branch_labels.py
[2021-11-17 14:56:55,202] {logging_mixin.py:109} INFO - [2021-11-17 14:56:55,202] {dag.py:2396} INFO - Sync 1 DAGs
[2021-11-17 14:56:55,208] {logging_mixin.py:109} INFO - [2021-11-17 14:56:55,208] {dag.py:2928} INFO - Setting next_dagrun for example_branch_labels to 2021-11-16 00:00:00+00:00
[2021-11-17 14:56:55,212] {processor.py:171} INFO - Processing /Users/sravanisigadam/PycharmProjects/Airflow/venv/lib/python3.9/site-packages/airflow/example_dags/example_branch_labels.py took 0.047 seconds
