[2021-11-17 01:06:05,541] {processor.py:163} INFO - Started process (PID=44800) to work on /Users/sravanisigadam/PycharmProjects/Airflow/venv/lib/python3.9/site-packages/airflow/example_dags/tutorial_taskflow_api_etl.py
[2021-11-17 01:06:05,541] {processor.py:625} INFO - Processing file /Users/sravanisigadam/PycharmProjects/Airflow/venv/lib/python3.9/site-packages/airflow/example_dags/tutorial_taskflow_api_etl.py for tasks to queue
[2021-11-17 01:06:05,541] {logging_mixin.py:109} INFO - [2021-11-17 01:06:05,541] {dagbag.py:500} INFO - Filling up the DagBag from /Users/sravanisigadam/PycharmProjects/Airflow/venv/lib/python3.9/site-packages/airflow/example_dags/tutorial_taskflow_api_etl.py
[2021-11-17 01:06:05,577] {processor.py:637} INFO - DAG(s) dict_keys(['tutorial_taskflow_api_etl']) retrieved from /Users/sravanisigadam/PycharmProjects/Airflow/venv/lib/python3.9/site-packages/airflow/example_dags/tutorial_taskflow_api_etl.py
[2021-11-17 01:06:05,750] {logging_mixin.py:109} INFO - [2021-11-17 01:06:05,750] {dag.py:2396} INFO - Sync 1 DAGs
[2021-11-17 01:06:05,756] {logging_mixin.py:109} INFO - [2021-11-17 01:06:05,756] {dag.py:2928} INFO - Setting next_dagrun for tutorial_taskflow_api_etl to None
[2021-11-17 01:06:05,762] {processor.py:171} INFO - Processing /Users/sravanisigadam/PycharmProjects/Airflow/venv/lib/python3.9/site-packages/airflow/example_dags/tutorial_taskflow_api_etl.py took 0.222 seconds
[2021-11-17 01:07:13,075] {processor.py:163} INFO - Started process (PID=44849) to work on /Users/sravanisigadam/PycharmProjects/Airflow/venv/lib/python3.9/site-packages/airflow/example_dags/tutorial_taskflow_api_etl.py
[2021-11-17 01:07:13,076] {processor.py:625} INFO - Processing file /Users/sravanisigadam/PycharmProjects/Airflow/venv/lib/python3.9/site-packages/airflow/example_dags/tutorial_taskflow_api_etl.py for tasks to queue
[2021-11-17 01:07:13,076] {logging_mixin.py:109} INFO - [2021-11-17 01:07:13,076] {dagbag.py:500} INFO - Filling up the DagBag from /Users/sravanisigadam/PycharmProjects/Airflow/venv/lib/python3.9/site-packages/airflow/example_dags/tutorial_taskflow_api_etl.py
[2021-11-17 01:07:13,109] {processor.py:637} INFO - DAG(s) dict_keys(['tutorial_taskflow_api_etl']) retrieved from /Users/sravanisigadam/PycharmProjects/Airflow/venv/lib/python3.9/site-packages/airflow/example_dags/tutorial_taskflow_api_etl.py
[2021-11-17 01:07:13,266] {logging_mixin.py:109} INFO - [2021-11-17 01:07:13,266] {dag.py:2396} INFO - Sync 1 DAGs
[2021-11-17 01:07:13,272] {logging_mixin.py:109} INFO - [2021-11-17 01:07:13,272] {dag.py:2928} INFO - Setting next_dagrun for tutorial_taskflow_api_etl to None
[2021-11-17 01:07:13,278] {processor.py:171} INFO - Processing /Users/sravanisigadam/PycharmProjects/Airflow/venv/lib/python3.9/site-packages/airflow/example_dags/tutorial_taskflow_api_etl.py took 0.204 seconds
[2021-11-17 01:08:27,396] {processor.py:163} INFO - Started process (PID=44893) to work on /Users/sravanisigadam/PycharmProjects/Airflow/venv/lib/python3.9/site-packages/airflow/example_dags/tutorial_taskflow_api_etl.py
[2021-11-17 01:08:27,397] {processor.py:625} INFO - Processing file /Users/sravanisigadam/PycharmProjects/Airflow/venv/lib/python3.9/site-packages/airflow/example_dags/tutorial_taskflow_api_etl.py for tasks to queue
[2021-11-17 01:08:27,397] {logging_mixin.py:109} INFO - [2021-11-17 01:08:27,397] {dagbag.py:500} INFO - Filling up the DagBag from /Users/sravanisigadam/PycharmProjects/Airflow/venv/lib/python3.9/site-packages/airflow/example_dags/tutorial_taskflow_api_etl.py
[2021-11-17 01:08:27,432] {processor.py:637} INFO - DAG(s) dict_keys(['tutorial_taskflow_api_etl']) retrieved from /Users/sravanisigadam/PycharmProjects/Airflow/venv/lib/python3.9/site-packages/airflow/example_dags/tutorial_taskflow_api_etl.py
[2021-11-17 01:08:27,614] {logging_mixin.py:109} INFO - [2021-11-17 01:08:27,614] {dag.py:2396} INFO - Sync 1 DAGs
[2021-11-17 01:08:27,620] {logging_mixin.py:109} INFO - [2021-11-17 01:08:27,620] {dag.py:2928} INFO - Setting next_dagrun for tutorial_taskflow_api_etl to None
[2021-11-17 01:08:27,625] {processor.py:171} INFO - Processing /Users/sravanisigadam/PycharmProjects/Airflow/venv/lib/python3.9/site-packages/airflow/example_dags/tutorial_taskflow_api_etl.py took 0.230 seconds
[2021-11-17 01:09:41,266] {processor.py:163} INFO - Started process (PID=44954) to work on /Users/sravanisigadam/PycharmProjects/Airflow/venv/lib/python3.9/site-packages/airflow/example_dags/tutorial_taskflow_api_etl.py
[2021-11-17 01:09:41,267] {processor.py:625} INFO - Processing file /Users/sravanisigadam/PycharmProjects/Airflow/venv/lib/python3.9/site-packages/airflow/example_dags/tutorial_taskflow_api_etl.py for tasks to queue
[2021-11-17 01:09:41,267] {logging_mixin.py:109} INFO - [2021-11-17 01:09:41,267] {dagbag.py:500} INFO - Filling up the DagBag from /Users/sravanisigadam/PycharmProjects/Airflow/venv/lib/python3.9/site-packages/airflow/example_dags/tutorial_taskflow_api_etl.py
[2021-11-17 01:09:41,302] {processor.py:637} INFO - DAG(s) dict_keys(['tutorial_taskflow_api_etl']) retrieved from /Users/sravanisigadam/PycharmProjects/Airflow/venv/lib/python3.9/site-packages/airflow/example_dags/tutorial_taskflow_api_etl.py
[2021-11-17 01:09:41,452] {logging_mixin.py:109} INFO - [2021-11-17 01:09:41,452] {dag.py:2396} INFO - Sync 1 DAGs
[2021-11-17 01:09:41,458] {logging_mixin.py:109} INFO - [2021-11-17 01:09:41,458] {dag.py:2928} INFO - Setting next_dagrun for tutorial_taskflow_api_etl to None
[2021-11-17 01:09:41,465] {processor.py:171} INFO - Processing /Users/sravanisigadam/PycharmProjects/Airflow/venv/lib/python3.9/site-packages/airflow/example_dags/tutorial_taskflow_api_etl.py took 0.199 seconds
[2021-11-17 01:10:54,830] {processor.py:163} INFO - Started process (PID=45000) to work on /Users/sravanisigadam/PycharmProjects/Airflow/venv/lib/python3.9/site-packages/airflow/example_dags/tutorial_taskflow_api_etl.py
[2021-11-17 01:10:54,831] {processor.py:625} INFO - Processing file /Users/sravanisigadam/PycharmProjects/Airflow/venv/lib/python3.9/site-packages/airflow/example_dags/tutorial_taskflow_api_etl.py for tasks to queue
[2021-11-17 01:10:54,832] {logging_mixin.py:109} INFO - [2021-11-17 01:10:54,832] {dagbag.py:500} INFO - Filling up the DagBag from /Users/sravanisigadam/PycharmProjects/Airflow/venv/lib/python3.9/site-packages/airflow/example_dags/tutorial_taskflow_api_etl.py
[2021-11-17 01:10:54,866] {processor.py:637} INFO - DAG(s) dict_keys(['tutorial_taskflow_api_etl']) retrieved from /Users/sravanisigadam/PycharmProjects/Airflow/venv/lib/python3.9/site-packages/airflow/example_dags/tutorial_taskflow_api_etl.py
[2021-11-17 01:10:55,014] {logging_mixin.py:109} INFO - [2021-11-17 01:10:55,014] {dag.py:2396} INFO - Sync 1 DAGs
[2021-11-17 01:10:55,020] {logging_mixin.py:109} INFO - [2021-11-17 01:10:55,020] {dag.py:2928} INFO - Setting next_dagrun for tutorial_taskflow_api_etl to None
[2021-11-17 01:10:55,025] {processor.py:171} INFO - Processing /Users/sravanisigadam/PycharmProjects/Airflow/venv/lib/python3.9/site-packages/airflow/example_dags/tutorial_taskflow_api_etl.py took 0.195 seconds
[2021-11-17 01:12:08,628] {processor.py:163} INFO - Started process (PID=45037) to work on /Users/sravanisigadam/PycharmProjects/Airflow/venv/lib/python3.9/site-packages/airflow/example_dags/tutorial_taskflow_api_etl.py
[2021-11-17 01:12:08,629] {processor.py:625} INFO - Processing file /Users/sravanisigadam/PycharmProjects/Airflow/venv/lib/python3.9/site-packages/airflow/example_dags/tutorial_taskflow_api_etl.py for tasks to queue
[2021-11-17 01:12:08,629] {logging_mixin.py:109} INFO - [2021-11-17 01:12:08,629] {dagbag.py:500} INFO - Filling up the DagBag from /Users/sravanisigadam/PycharmProjects/Airflow/venv/lib/python3.9/site-packages/airflow/example_dags/tutorial_taskflow_api_etl.py
[2021-11-17 01:12:08,662] {processor.py:637} INFO - DAG(s) dict_keys(['tutorial_taskflow_api_etl']) retrieved from /Users/sravanisigadam/PycharmProjects/Airflow/venv/lib/python3.9/site-packages/airflow/example_dags/tutorial_taskflow_api_etl.py
[2021-11-17 01:12:08,806] {logging_mixin.py:109} INFO - [2021-11-17 01:12:08,806] {dag.py:2396} INFO - Sync 1 DAGs
[2021-11-17 01:12:08,812] {logging_mixin.py:109} INFO - [2021-11-17 01:12:08,812] {dag.py:2928} INFO - Setting next_dagrun for tutorial_taskflow_api_etl to None
[2021-11-17 01:12:08,818] {processor.py:171} INFO - Processing /Users/sravanisigadam/PycharmProjects/Airflow/venv/lib/python3.9/site-packages/airflow/example_dags/tutorial_taskflow_api_etl.py took 0.190 seconds
[2021-11-17 01:13:21,702] {processor.py:163} INFO - Started process (PID=45074) to work on /Users/sravanisigadam/PycharmProjects/Airflow/venv/lib/python3.9/site-packages/airflow/example_dags/tutorial_taskflow_api_etl.py
[2021-11-17 01:13:21,703] {processor.py:625} INFO - Processing file /Users/sravanisigadam/PycharmProjects/Airflow/venv/lib/python3.9/site-packages/airflow/example_dags/tutorial_taskflow_api_etl.py for tasks to queue
[2021-11-17 01:13:21,703] {logging_mixin.py:109} INFO - [2021-11-17 01:13:21,703] {dagbag.py:500} INFO - Filling up the DagBag from /Users/sravanisigadam/PycharmProjects/Airflow/venv/lib/python3.9/site-packages/airflow/example_dags/tutorial_taskflow_api_etl.py
[2021-11-17 01:13:21,737] {processor.py:637} INFO - DAG(s) dict_keys(['tutorial_taskflow_api_etl']) retrieved from /Users/sravanisigadam/PycharmProjects/Airflow/venv/lib/python3.9/site-packages/airflow/example_dags/tutorial_taskflow_api_etl.py
[2021-11-17 01:13:21,884] {logging_mixin.py:109} INFO - [2021-11-17 01:13:21,884] {dag.py:2396} INFO - Sync 1 DAGs
[2021-11-17 01:13:21,889] {logging_mixin.py:109} INFO - [2021-11-17 01:13:21,889] {dag.py:2928} INFO - Setting next_dagrun for tutorial_taskflow_api_etl to None
[2021-11-17 01:13:21,896] {processor.py:171} INFO - Processing /Users/sravanisigadam/PycharmProjects/Airflow/venv/lib/python3.9/site-packages/airflow/example_dags/tutorial_taskflow_api_etl.py took 0.194 seconds
[2021-11-17 01:14:35,862] {processor.py:163} INFO - Started process (PID=45110) to work on /Users/sravanisigadam/PycharmProjects/Airflow/venv/lib/python3.9/site-packages/airflow/example_dags/tutorial_taskflow_api_etl.py
[2021-11-17 01:14:35,862] {processor.py:625} INFO - Processing file /Users/sravanisigadam/PycharmProjects/Airflow/venv/lib/python3.9/site-packages/airflow/example_dags/tutorial_taskflow_api_etl.py for tasks to queue
[2021-11-17 01:14:35,862] {logging_mixin.py:109} INFO - [2021-11-17 01:14:35,862] {dagbag.py:500} INFO - Filling up the DagBag from /Users/sravanisigadam/PycharmProjects/Airflow/venv/lib/python3.9/site-packages/airflow/example_dags/tutorial_taskflow_api_etl.py
[2021-11-17 01:14:35,898] {processor.py:637} INFO - DAG(s) dict_keys(['tutorial_taskflow_api_etl']) retrieved from /Users/sravanisigadam/PycharmProjects/Airflow/venv/lib/python3.9/site-packages/airflow/example_dags/tutorial_taskflow_api_etl.py
[2021-11-17 01:14:36,045] {logging_mixin.py:109} INFO - [2021-11-17 01:14:36,045] {dag.py:2396} INFO - Sync 1 DAGs
[2021-11-17 01:14:36,051] {logging_mixin.py:109} INFO - [2021-11-17 01:14:36,051] {dag.py:2928} INFO - Setting next_dagrun for tutorial_taskflow_api_etl to None
[2021-11-17 01:14:36,057] {processor.py:171} INFO - Processing /Users/sravanisigadam/PycharmProjects/Airflow/venv/lib/python3.9/site-packages/airflow/example_dags/tutorial_taskflow_api_etl.py took 0.196 seconds
[2021-11-17 01:16:01,723] {processor.py:163} INFO - Started process (PID=45159) to work on /Users/sravanisigadam/PycharmProjects/Airflow/venv/lib/python3.9/site-packages/airflow/example_dags/tutorial_taskflow_api_etl.py
[2021-11-17 01:16:01,724] {processor.py:625} INFO - Processing file /Users/sravanisigadam/PycharmProjects/Airflow/venv/lib/python3.9/site-packages/airflow/example_dags/tutorial_taskflow_api_etl.py for tasks to queue
[2021-11-17 01:16:01,724] {logging_mixin.py:109} INFO - [2021-11-17 01:16:01,724] {dagbag.py:500} INFO - Filling up the DagBag from /Users/sravanisigadam/PycharmProjects/Airflow/venv/lib/python3.9/site-packages/airflow/example_dags/tutorial_taskflow_api_etl.py
[2021-11-17 01:16:01,757] {processor.py:637} INFO - DAG(s) dict_keys(['tutorial_taskflow_api_etl']) retrieved from /Users/sravanisigadam/PycharmProjects/Airflow/venv/lib/python3.9/site-packages/airflow/example_dags/tutorial_taskflow_api_etl.py
[2021-11-17 01:16:01,940] {logging_mixin.py:109} INFO - [2021-11-17 01:16:01,939] {dag.py:2396} INFO - Sync 1 DAGs
[2021-11-17 01:16:01,945] {logging_mixin.py:109} INFO - [2021-11-17 01:16:01,945] {dag.py:2928} INFO - Setting next_dagrun for tutorial_taskflow_api_etl to None
[2021-11-17 01:16:01,951] {processor.py:171} INFO - Processing /Users/sravanisigadam/PycharmProjects/Airflow/venv/lib/python3.9/site-packages/airflow/example_dags/tutorial_taskflow_api_etl.py took 0.228 seconds
[2021-11-17 01:20:50,469] {processor.py:163} INFO - Started process (PID=45231) to work on /Users/sravanisigadam/PycharmProjects/Airflow/venv/lib/python3.9/site-packages/airflow/example_dags/tutorial_taskflow_api_etl.py
[2021-11-17 01:20:50,470] {processor.py:625} INFO - Processing file /Users/sravanisigadam/PycharmProjects/Airflow/venv/lib/python3.9/site-packages/airflow/example_dags/tutorial_taskflow_api_etl.py for tasks to queue
[2021-11-17 01:20:50,470] {logging_mixin.py:109} INFO - [2021-11-17 01:20:50,470] {dagbag.py:500} INFO - Filling up the DagBag from /Users/sravanisigadam/PycharmProjects/Airflow/venv/lib/python3.9/site-packages/airflow/example_dags/tutorial_taskflow_api_etl.py
[2021-11-17 01:20:50,503] {processor.py:637} INFO - DAG(s) dict_keys(['tutorial_taskflow_api_etl']) retrieved from /Users/sravanisigadam/PycharmProjects/Airflow/venv/lib/python3.9/site-packages/airflow/example_dags/tutorial_taskflow_api_etl.py
[2021-11-17 01:20:50,693] {logging_mixin.py:109} INFO - [2021-11-17 01:20:50,693] {dag.py:2396} INFO - Sync 1 DAGs
[2021-11-17 01:20:50,699] {logging_mixin.py:109} INFO - [2021-11-17 01:20:50,699] {dag.py:2928} INFO - Setting next_dagrun for tutorial_taskflow_api_etl to None
[2021-11-17 01:20:50,705] {processor.py:171} INFO - Processing /Users/sravanisigadam/PycharmProjects/Airflow/venv/lib/python3.9/site-packages/airflow/example_dags/tutorial_taskflow_api_etl.py took 0.236 seconds
[2021-11-17 06:35:24,013] {processor.py:163} INFO - Started process (PID=45337) to work on /Users/sravanisigadam/PycharmProjects/Airflow/venv/lib/python3.9/site-packages/airflow/example_dags/tutorial_taskflow_api_etl.py
[2021-11-17 06:35:24,013] {processor.py:625} INFO - Processing file /Users/sravanisigadam/PycharmProjects/Airflow/venv/lib/python3.9/site-packages/airflow/example_dags/tutorial_taskflow_api_etl.py for tasks to queue
[2021-11-17 06:35:24,014] {logging_mixin.py:109} INFO - [2021-11-17 06:35:24,014] {dagbag.py:500} INFO - Filling up the DagBag from /Users/sravanisigadam/PycharmProjects/Airflow/venv/lib/python3.9/site-packages/airflow/example_dags/tutorial_taskflow_api_etl.py
[2021-11-17 06:35:24,055] {processor.py:637} INFO - DAG(s) dict_keys(['tutorial_taskflow_api_etl']) retrieved from /Users/sravanisigadam/PycharmProjects/Airflow/venv/lib/python3.9/site-packages/airflow/example_dags/tutorial_taskflow_api_etl.py
[2021-11-17 06:35:24,346] {logging_mixin.py:109} INFO - [2021-11-17 06:35:24,346] {dag.py:2396} INFO - Sync 1 DAGs
[2021-11-17 06:35:24,352] {logging_mixin.py:109} INFO - [2021-11-17 06:35:24,352] {dag.py:2928} INFO - Setting next_dagrun for tutorial_taskflow_api_etl to None
[2021-11-17 06:35:24,359] {processor.py:171} INFO - Processing /Users/sravanisigadam/PycharmProjects/Airflow/venv/lib/python3.9/site-packages/airflow/example_dags/tutorial_taskflow_api_etl.py took 0.347 seconds
[2021-11-17 11:14:35,209] {processor.py:163} INFO - Started process (PID=45441) to work on /Users/sravanisigadam/PycharmProjects/Airflow/venv/lib/python3.9/site-packages/airflow/example_dags/tutorial_taskflow_api_etl.py
[2021-11-17 11:14:35,209] {processor.py:625} INFO - Processing file /Users/sravanisigadam/PycharmProjects/Airflow/venv/lib/python3.9/site-packages/airflow/example_dags/tutorial_taskflow_api_etl.py for tasks to queue
[2021-11-17 11:14:35,210] {logging_mixin.py:109} INFO - [2021-11-17 11:14:35,210] {dagbag.py:500} INFO - Filling up the DagBag from /Users/sravanisigadam/PycharmProjects/Airflow/venv/lib/python3.9/site-packages/airflow/example_dags/tutorial_taskflow_api_etl.py
[2021-11-17 11:14:35,245] {processor.py:637} INFO - DAG(s) dict_keys(['tutorial_taskflow_api_etl']) retrieved from /Users/sravanisigadam/PycharmProjects/Airflow/venv/lib/python3.9/site-packages/airflow/example_dags/tutorial_taskflow_api_etl.py
[2021-11-17 11:14:35,434] {logging_mixin.py:109} INFO - [2021-11-17 11:14:35,434] {dag.py:2396} INFO - Sync 1 DAGs
[2021-11-17 11:14:35,441] {logging_mixin.py:109} INFO - [2021-11-17 11:14:35,441] {dag.py:2928} INFO - Setting next_dagrun for tutorial_taskflow_api_etl to None
[2021-11-17 11:14:35,447] {processor.py:171} INFO - Processing /Users/sravanisigadam/PycharmProjects/Airflow/venv/lib/python3.9/site-packages/airflow/example_dags/tutorial_taskflow_api_etl.py took 0.238 seconds
[2021-11-17 15:25:17,530] {processor.py:163} INFO - Started process (PID=45537) to work on /Users/sravanisigadam/PycharmProjects/Airflow/venv/lib/python3.9/site-packages/airflow/example_dags/tutorial_taskflow_api_etl.py
[2021-11-17 15:25:17,530] {processor.py:625} INFO - Processing file /Users/sravanisigadam/PycharmProjects/Airflow/venv/lib/python3.9/site-packages/airflow/example_dags/tutorial_taskflow_api_etl.py for tasks to queue
[2021-11-17 15:25:17,530] {logging_mixin.py:109} INFO - [2021-11-17 15:25:17,530] {dagbag.py:500} INFO - Filling up the DagBag from /Users/sravanisigadam/PycharmProjects/Airflow/venv/lib/python3.9/site-packages/airflow/example_dags/tutorial_taskflow_api_etl.py
[2021-11-17 15:25:17,562] {processor.py:637} INFO - DAG(s) dict_keys(['tutorial_taskflow_api_etl']) retrieved from /Users/sravanisigadam/PycharmProjects/Airflow/venv/lib/python3.9/site-packages/airflow/example_dags/tutorial_taskflow_api_etl.py
[2021-11-17 15:25:17,716] {logging_mixin.py:109} INFO - [2021-11-17 15:25:17,716] {dag.py:2396} INFO - Sync 1 DAGs
[2021-11-17 15:25:17,722] {logging_mixin.py:109} INFO - [2021-11-17 15:25:17,722] {dag.py:2928} INFO - Setting next_dagrun for tutorial_taskflow_api_etl to None
[2021-11-17 15:25:17,728] {processor.py:171} INFO - Processing /Users/sravanisigadam/PycharmProjects/Airflow/venv/lib/python3.9/site-packages/airflow/example_dags/tutorial_taskflow_api_etl.py took 0.198 seconds
