[2021-11-17 01:06:07,909] {processor.py:163} INFO - Started process (PID=44801) to work on /Users/sravanisigadam/PycharmProjects/Airflow/venv/lib/python3.9/site-packages/airflow/example_dags/tutorial_etl_dag.py
[2021-11-17 01:06:07,909] {processor.py:625} INFO - Processing file /Users/sravanisigadam/PycharmProjects/Airflow/venv/lib/python3.9/site-packages/airflow/example_dags/tutorial_etl_dag.py for tasks to queue
[2021-11-17 01:06:07,909] {logging_mixin.py:109} INFO - [2021-11-17 01:06:07,909] {dagbag.py:500} INFO - Filling up the DagBag from /Users/sravanisigadam/PycharmProjects/Airflow/venv/lib/python3.9/site-packages/airflow/example_dags/tutorial_etl_dag.py
[2021-11-17 01:06:07,943] {processor.py:637} INFO - DAG(s) dict_keys(['tutorial_etl_dag']) retrieved from /Users/sravanisigadam/PycharmProjects/Airflow/venv/lib/python3.9/site-packages/airflow/example_dags/tutorial_etl_dag.py
[2021-11-17 01:06:07,954] {logging_mixin.py:109} INFO - [2021-11-17 01:06:07,954] {dag.py:2396} INFO - Sync 1 DAGs
[2021-11-17 01:06:07,960] {logging_mixin.py:109} INFO - [2021-11-17 01:06:07,959] {dag.py:2928} INFO - Setting next_dagrun for tutorial_etl_dag to None
[2021-11-17 01:06:07,965] {processor.py:171} INFO - Processing /Users/sravanisigadam/PycharmProjects/Airflow/venv/lib/python3.9/site-packages/airflow/example_dags/tutorial_etl_dag.py took 0.056 seconds
[2021-11-17 01:07:15,411] {processor.py:163} INFO - Started process (PID=44850) to work on /Users/sravanisigadam/PycharmProjects/Airflow/venv/lib/python3.9/site-packages/airflow/example_dags/tutorial_etl_dag.py
[2021-11-17 01:07:15,412] {processor.py:625} INFO - Processing file /Users/sravanisigadam/PycharmProjects/Airflow/venv/lib/python3.9/site-packages/airflow/example_dags/tutorial_etl_dag.py for tasks to queue
[2021-11-17 01:07:15,412] {logging_mixin.py:109} INFO - [2021-11-17 01:07:15,412] {dagbag.py:500} INFO - Filling up the DagBag from /Users/sravanisigadam/PycharmProjects/Airflow/venv/lib/python3.9/site-packages/airflow/example_dags/tutorial_etl_dag.py
[2021-11-17 01:07:15,445] {processor.py:637} INFO - DAG(s) dict_keys(['tutorial_etl_dag']) retrieved from /Users/sravanisigadam/PycharmProjects/Airflow/venv/lib/python3.9/site-packages/airflow/example_dags/tutorial_etl_dag.py
[2021-11-17 01:07:15,455] {logging_mixin.py:109} INFO - [2021-11-17 01:07:15,455] {dag.py:2396} INFO - Sync 1 DAGs
[2021-11-17 01:07:15,461] {logging_mixin.py:109} INFO - [2021-11-17 01:07:15,461] {dag.py:2928} INFO - Setting next_dagrun for tutorial_etl_dag to None
[2021-11-17 01:07:15,465] {processor.py:171} INFO - Processing /Users/sravanisigadam/PycharmProjects/Airflow/venv/lib/python3.9/site-packages/airflow/example_dags/tutorial_etl_dag.py took 0.054 seconds
[2021-11-17 01:08:29,784] {processor.py:163} INFO - Started process (PID=44894) to work on /Users/sravanisigadam/PycharmProjects/Airflow/venv/lib/python3.9/site-packages/airflow/example_dags/tutorial_etl_dag.py
[2021-11-17 01:08:29,785] {processor.py:625} INFO - Processing file /Users/sravanisigadam/PycharmProjects/Airflow/venv/lib/python3.9/site-packages/airflow/example_dags/tutorial_etl_dag.py for tasks to queue
[2021-11-17 01:08:29,785] {logging_mixin.py:109} INFO - [2021-11-17 01:08:29,785] {dagbag.py:500} INFO - Filling up the DagBag from /Users/sravanisigadam/PycharmProjects/Airflow/venv/lib/python3.9/site-packages/airflow/example_dags/tutorial_etl_dag.py
[2021-11-17 01:08:29,818] {processor.py:637} INFO - DAG(s) dict_keys(['tutorial_etl_dag']) retrieved from /Users/sravanisigadam/PycharmProjects/Airflow/venv/lib/python3.9/site-packages/airflow/example_dags/tutorial_etl_dag.py
[2021-11-17 01:08:29,828] {logging_mixin.py:109} INFO - [2021-11-17 01:08:29,828] {dag.py:2396} INFO - Sync 1 DAGs
[2021-11-17 01:08:29,834] {logging_mixin.py:109} INFO - [2021-11-17 01:08:29,834] {dag.py:2928} INFO - Setting next_dagrun for tutorial_etl_dag to None
[2021-11-17 01:08:29,839] {processor.py:171} INFO - Processing /Users/sravanisigadam/PycharmProjects/Airflow/venv/lib/python3.9/site-packages/airflow/example_dags/tutorial_etl_dag.py took 0.055 seconds
[2021-11-17 01:09:42,733] {processor.py:163} INFO - Started process (PID=44955) to work on /Users/sravanisigadam/PycharmProjects/Airflow/venv/lib/python3.9/site-packages/airflow/example_dags/tutorial_etl_dag.py
[2021-11-17 01:09:42,734] {processor.py:625} INFO - Processing file /Users/sravanisigadam/PycharmProjects/Airflow/venv/lib/python3.9/site-packages/airflow/example_dags/tutorial_etl_dag.py for tasks to queue
[2021-11-17 01:09:42,734] {logging_mixin.py:109} INFO - [2021-11-17 01:09:42,734] {dagbag.py:500} INFO - Filling up the DagBag from /Users/sravanisigadam/PycharmProjects/Airflow/venv/lib/python3.9/site-packages/airflow/example_dags/tutorial_etl_dag.py
[2021-11-17 01:09:42,766] {processor.py:637} INFO - DAG(s) dict_keys(['tutorial_etl_dag']) retrieved from /Users/sravanisigadam/PycharmProjects/Airflow/venv/lib/python3.9/site-packages/airflow/example_dags/tutorial_etl_dag.py
[2021-11-17 01:09:42,776] {logging_mixin.py:109} INFO - [2021-11-17 01:09:42,776] {dag.py:2396} INFO - Sync 1 DAGs
[2021-11-17 01:09:42,782] {logging_mixin.py:109} INFO - [2021-11-17 01:09:42,782] {dag.py:2928} INFO - Setting next_dagrun for tutorial_etl_dag to None
[2021-11-17 01:09:42,786] {processor.py:171} INFO - Processing /Users/sravanisigadam/PycharmProjects/Airflow/venv/lib/python3.9/site-packages/airflow/example_dags/tutorial_etl_dag.py took 0.054 seconds
[2021-11-17 01:10:57,176] {processor.py:163} INFO - Started process (PID=45001) to work on /Users/sravanisigadam/PycharmProjects/Airflow/venv/lib/python3.9/site-packages/airflow/example_dags/tutorial_etl_dag.py
[2021-11-17 01:10:57,177] {processor.py:625} INFO - Processing file /Users/sravanisigadam/PycharmProjects/Airflow/venv/lib/python3.9/site-packages/airflow/example_dags/tutorial_etl_dag.py for tasks to queue
[2021-11-17 01:10:57,177] {logging_mixin.py:109} INFO - [2021-11-17 01:10:57,177] {dagbag.py:500} INFO - Filling up the DagBag from /Users/sravanisigadam/PycharmProjects/Airflow/venv/lib/python3.9/site-packages/airflow/example_dags/tutorial_etl_dag.py
[2021-11-17 01:10:57,210] {processor.py:637} INFO - DAG(s) dict_keys(['tutorial_etl_dag']) retrieved from /Users/sravanisigadam/PycharmProjects/Airflow/venv/lib/python3.9/site-packages/airflow/example_dags/tutorial_etl_dag.py
[2021-11-17 01:10:57,220] {logging_mixin.py:109} INFO - [2021-11-17 01:10:57,220] {dag.py:2396} INFO - Sync 1 DAGs
[2021-11-17 01:10:57,226] {logging_mixin.py:109} INFO - [2021-11-17 01:10:57,226] {dag.py:2928} INFO - Setting next_dagrun for tutorial_etl_dag to None
[2021-11-17 01:10:57,230] {processor.py:171} INFO - Processing /Users/sravanisigadam/PycharmProjects/Airflow/venv/lib/python3.9/site-packages/airflow/example_dags/tutorial_etl_dag.py took 0.055 seconds
[2021-11-17 01:12:10,972] {processor.py:163} INFO - Started process (PID=45038) to work on /Users/sravanisigadam/PycharmProjects/Airflow/venv/lib/python3.9/site-packages/airflow/example_dags/tutorial_etl_dag.py
[2021-11-17 01:12:10,973] {processor.py:625} INFO - Processing file /Users/sravanisigadam/PycharmProjects/Airflow/venv/lib/python3.9/site-packages/airflow/example_dags/tutorial_etl_dag.py for tasks to queue
[2021-11-17 01:12:10,973] {logging_mixin.py:109} INFO - [2021-11-17 01:12:10,973] {dagbag.py:500} INFO - Filling up the DagBag from /Users/sravanisigadam/PycharmProjects/Airflow/venv/lib/python3.9/site-packages/airflow/example_dags/tutorial_etl_dag.py
[2021-11-17 01:12:11,005] {processor.py:637} INFO - DAG(s) dict_keys(['tutorial_etl_dag']) retrieved from /Users/sravanisigadam/PycharmProjects/Airflow/venv/lib/python3.9/site-packages/airflow/example_dags/tutorial_etl_dag.py
[2021-11-17 01:12:11,016] {logging_mixin.py:109} INFO - [2021-11-17 01:12:11,016] {dag.py:2396} INFO - Sync 1 DAGs
[2021-11-17 01:12:11,021] {logging_mixin.py:109} INFO - [2021-11-17 01:12:11,021] {dag.py:2928} INFO - Setting next_dagrun for tutorial_etl_dag to None
[2021-11-17 01:12:11,026] {processor.py:171} INFO - Processing /Users/sravanisigadam/PycharmProjects/Airflow/venv/lib/python3.9/site-packages/airflow/example_dags/tutorial_etl_dag.py took 0.054 seconds
[2021-11-17 01:13:24,039] {processor.py:163} INFO - Started process (PID=45075) to work on /Users/sravanisigadam/PycharmProjects/Airflow/venv/lib/python3.9/site-packages/airflow/example_dags/tutorial_etl_dag.py
[2021-11-17 01:13:24,040] {processor.py:625} INFO - Processing file /Users/sravanisigadam/PycharmProjects/Airflow/venv/lib/python3.9/site-packages/airflow/example_dags/tutorial_etl_dag.py for tasks to queue
[2021-11-17 01:13:24,040] {logging_mixin.py:109} INFO - [2021-11-17 01:13:24,040] {dagbag.py:500} INFO - Filling up the DagBag from /Users/sravanisigadam/PycharmProjects/Airflow/venv/lib/python3.9/site-packages/airflow/example_dags/tutorial_etl_dag.py
[2021-11-17 01:13:24,073] {processor.py:637} INFO - DAG(s) dict_keys(['tutorial_etl_dag']) retrieved from /Users/sravanisigadam/PycharmProjects/Airflow/venv/lib/python3.9/site-packages/airflow/example_dags/tutorial_etl_dag.py
[2021-11-17 01:13:24,083] {logging_mixin.py:109} INFO - [2021-11-17 01:13:24,083] {dag.py:2396} INFO - Sync 1 DAGs
[2021-11-17 01:13:24,088] {logging_mixin.py:109} INFO - [2021-11-17 01:13:24,088] {dag.py:2928} INFO - Setting next_dagrun for tutorial_etl_dag to None
[2021-11-17 01:13:24,093] {processor.py:171} INFO - Processing /Users/sravanisigadam/PycharmProjects/Airflow/venv/lib/python3.9/site-packages/airflow/example_dags/tutorial_etl_dag.py took 0.054 seconds
[2021-11-17 01:14:38,212] {processor.py:163} INFO - Started process (PID=45111) to work on /Users/sravanisigadam/PycharmProjects/Airflow/venv/lib/python3.9/site-packages/airflow/example_dags/tutorial_etl_dag.py
[2021-11-17 01:14:38,212] {processor.py:625} INFO - Processing file /Users/sravanisigadam/PycharmProjects/Airflow/venv/lib/python3.9/site-packages/airflow/example_dags/tutorial_etl_dag.py for tasks to queue
[2021-11-17 01:14:38,212] {logging_mixin.py:109} INFO - [2021-11-17 01:14:38,212] {dagbag.py:500} INFO - Filling up the DagBag from /Users/sravanisigadam/PycharmProjects/Airflow/venv/lib/python3.9/site-packages/airflow/example_dags/tutorial_etl_dag.py
[2021-11-17 01:14:38,245] {processor.py:637} INFO - DAG(s) dict_keys(['tutorial_etl_dag']) retrieved from /Users/sravanisigadam/PycharmProjects/Airflow/venv/lib/python3.9/site-packages/airflow/example_dags/tutorial_etl_dag.py
[2021-11-17 01:14:38,256] {logging_mixin.py:109} INFO - [2021-11-17 01:14:38,256] {dag.py:2396} INFO - Sync 1 DAGs
[2021-11-17 01:14:38,261] {logging_mixin.py:109} INFO - [2021-11-17 01:14:38,261] {dag.py:2928} INFO - Setting next_dagrun for tutorial_etl_dag to None
[2021-11-17 01:14:38,267] {processor.py:171} INFO - Processing /Users/sravanisigadam/PycharmProjects/Airflow/venv/lib/python3.9/site-packages/airflow/example_dags/tutorial_etl_dag.py took 0.055 seconds
[2021-11-17 01:16:03,218] {processor.py:163} INFO - Started process (PID=45160) to work on /Users/sravanisigadam/PycharmProjects/Airflow/venv/lib/python3.9/site-packages/airflow/example_dags/tutorial_etl_dag.py
[2021-11-17 01:16:03,219] {processor.py:625} INFO - Processing file /Users/sravanisigadam/PycharmProjects/Airflow/venv/lib/python3.9/site-packages/airflow/example_dags/tutorial_etl_dag.py for tasks to queue
[2021-11-17 01:16:03,219] {logging_mixin.py:109} INFO - [2021-11-17 01:16:03,219] {dagbag.py:500} INFO - Filling up the DagBag from /Users/sravanisigadam/PycharmProjects/Airflow/venv/lib/python3.9/site-packages/airflow/example_dags/tutorial_etl_dag.py
[2021-11-17 01:16:03,249] {processor.py:637} INFO - DAG(s) dict_keys(['tutorial_etl_dag']) retrieved from /Users/sravanisigadam/PycharmProjects/Airflow/venv/lib/python3.9/site-packages/airflow/example_dags/tutorial_etl_dag.py
[2021-11-17 01:16:03,260] {logging_mixin.py:109} INFO - [2021-11-17 01:16:03,260] {dag.py:2396} INFO - Sync 1 DAGs
[2021-11-17 01:16:03,266] {logging_mixin.py:109} INFO - [2021-11-17 01:16:03,266] {dag.py:2928} INFO - Setting next_dagrun for tutorial_etl_dag to None
[2021-11-17 01:16:03,270] {processor.py:171} INFO - Processing /Users/sravanisigadam/PycharmProjects/Airflow/venv/lib/python3.9/site-packages/airflow/example_dags/tutorial_etl_dag.py took 0.052 seconds
[2021-11-17 01:36:42,442] {processor.py:163} INFO - Started process (PID=45232) to work on /Users/sravanisigadam/PycharmProjects/Airflow/venv/lib/python3.9/site-packages/airflow/example_dags/tutorial_etl_dag.py
[2021-11-17 01:36:42,443] {processor.py:625} INFO - Processing file /Users/sravanisigadam/PycharmProjects/Airflow/venv/lib/python3.9/site-packages/airflow/example_dags/tutorial_etl_dag.py for tasks to queue
[2021-11-17 01:36:42,443] {logging_mixin.py:109} INFO - [2021-11-17 01:36:42,443] {dagbag.py:500} INFO - Filling up the DagBag from /Users/sravanisigadam/PycharmProjects/Airflow/venv/lib/python3.9/site-packages/airflow/example_dags/tutorial_etl_dag.py
[2021-11-17 01:36:42,480] {processor.py:637} INFO - DAG(s) dict_keys(['tutorial_etl_dag']) retrieved from /Users/sravanisigadam/PycharmProjects/Airflow/venv/lib/python3.9/site-packages/airflow/example_dags/tutorial_etl_dag.py
[2021-11-17 01:36:42,493] {logging_mixin.py:109} INFO - [2021-11-17 01:36:42,493] {dag.py:2396} INFO - Sync 1 DAGs
[2021-11-17 01:36:42,502] {logging_mixin.py:109} INFO - [2021-11-17 01:36:42,501] {dag.py:2928} INFO - Setting next_dagrun for tutorial_etl_dag to None
[2021-11-17 01:36:42,511] {processor.py:171} INFO - Processing /Users/sravanisigadam/PycharmProjects/Airflow/venv/lib/python3.9/site-packages/airflow/example_dags/tutorial_etl_dag.py took 0.069 seconds
[2021-11-17 06:35:26,603] {processor.py:163} INFO - Started process (PID=45346) to work on /Users/sravanisigadam/PycharmProjects/Airflow/venv/lib/python3.9/site-packages/airflow/example_dags/tutorial_etl_dag.py
[2021-11-17 06:35:26,604] {processor.py:625} INFO - Processing file /Users/sravanisigadam/PycharmProjects/Airflow/venv/lib/python3.9/site-packages/airflow/example_dags/tutorial_etl_dag.py for tasks to queue
[2021-11-17 06:35:26,604] {logging_mixin.py:109} INFO - [2021-11-17 06:35:26,604] {dagbag.py:500} INFO - Filling up the DagBag from /Users/sravanisigadam/PycharmProjects/Airflow/venv/lib/python3.9/site-packages/airflow/example_dags/tutorial_etl_dag.py
[2021-11-17 06:35:26,634] {processor.py:637} INFO - DAG(s) dict_keys(['tutorial_etl_dag']) retrieved from /Users/sravanisigadam/PycharmProjects/Airflow/venv/lib/python3.9/site-packages/airflow/example_dags/tutorial_etl_dag.py
[2021-11-17 06:35:26,644] {logging_mixin.py:109} INFO - [2021-11-17 06:35:26,644] {dag.py:2396} INFO - Sync 1 DAGs
[2021-11-17 06:35:26,649] {logging_mixin.py:109} INFO - [2021-11-17 06:35:26,649] {dag.py:2928} INFO - Setting next_dagrun for tutorial_etl_dag to None
[2021-11-17 06:35:26,654] {processor.py:171} INFO - Processing /Users/sravanisigadam/PycharmProjects/Airflow/venv/lib/python3.9/site-packages/airflow/example_dags/tutorial_etl_dag.py took 0.051 seconds
[2021-11-17 11:14:37,577] {processor.py:163} INFO - Started process (PID=45444) to work on /Users/sravanisigadam/PycharmProjects/Airflow/venv/lib/python3.9/site-packages/airflow/example_dags/tutorial_etl_dag.py
[2021-11-17 11:14:37,577] {processor.py:625} INFO - Processing file /Users/sravanisigadam/PycharmProjects/Airflow/venv/lib/python3.9/site-packages/airflow/example_dags/tutorial_etl_dag.py for tasks to queue
[2021-11-17 11:14:37,578] {logging_mixin.py:109} INFO - [2021-11-17 11:14:37,578] {dagbag.py:500} INFO - Filling up the DagBag from /Users/sravanisigadam/PycharmProjects/Airflow/venv/lib/python3.9/site-packages/airflow/example_dags/tutorial_etl_dag.py
[2021-11-17 11:14:37,607] {processor.py:637} INFO - DAG(s) dict_keys(['tutorial_etl_dag']) retrieved from /Users/sravanisigadam/PycharmProjects/Airflow/venv/lib/python3.9/site-packages/airflow/example_dags/tutorial_etl_dag.py
[2021-11-17 11:14:37,618] {logging_mixin.py:109} INFO - [2021-11-17 11:14:37,618] {dag.py:2396} INFO - Sync 1 DAGs
[2021-11-17 11:14:37,623] {logging_mixin.py:109} INFO - [2021-11-17 11:14:37,623] {dag.py:2928} INFO - Setting next_dagrun for tutorial_etl_dag to None
[2021-11-17 11:14:37,628] {processor.py:171} INFO - Processing /Users/sravanisigadam/PycharmProjects/Airflow/venv/lib/python3.9/site-packages/airflow/example_dags/tutorial_etl_dag.py took 0.051 seconds
[2021-11-17 15:25:19,094] {processor.py:163} INFO - Started process (PID=45541) to work on /Users/sravanisigadam/PycharmProjects/Airflow/venv/lib/python3.9/site-packages/airflow/example_dags/tutorial_etl_dag.py
[2021-11-17 15:25:19,095] {processor.py:625} INFO - Processing file /Users/sravanisigadam/PycharmProjects/Airflow/venv/lib/python3.9/site-packages/airflow/example_dags/tutorial_etl_dag.py for tasks to queue
[2021-11-17 15:25:19,095] {logging_mixin.py:109} INFO - [2021-11-17 15:25:19,095] {dagbag.py:500} INFO - Filling up the DagBag from /Users/sravanisigadam/PycharmProjects/Airflow/venv/lib/python3.9/site-packages/airflow/example_dags/tutorial_etl_dag.py
[2021-11-17 15:25:19,128] {processor.py:637} INFO - DAG(s) dict_keys(['tutorial_etl_dag']) retrieved from /Users/sravanisigadam/PycharmProjects/Airflow/venv/lib/python3.9/site-packages/airflow/example_dags/tutorial_etl_dag.py
[2021-11-17 15:25:19,138] {logging_mixin.py:109} INFO - [2021-11-17 15:25:19,138] {dag.py:2396} INFO - Sync 1 DAGs
[2021-11-17 15:25:19,144] {logging_mixin.py:109} INFO - [2021-11-17 15:25:19,144] {dag.py:2928} INFO - Setting next_dagrun for tutorial_etl_dag to None
[2021-11-17 15:25:19,149] {processor.py:171} INFO - Processing /Users/sravanisigadam/PycharmProjects/Airflow/venv/lib/python3.9/site-packages/airflow/example_dags/tutorial_etl_dag.py took 0.055 seconds
