[2021-11-17 01:05:59,548] {processor.py:163} INFO - Started process (PID=44792) to work on /Users/sravanisigadam/PycharmProjects/Airflow/venv/lib/python3.9/site-packages/airflow/example_dags/subdags/subdag.py
[2021-11-17 01:05:59,549] {processor.py:625} INFO - Processing file /Users/sravanisigadam/PycharmProjects/Airflow/venv/lib/python3.9/site-packages/airflow/example_dags/subdags/subdag.py for tasks to queue
[2021-11-17 01:05:59,549] {logging_mixin.py:109} INFO - [2021-11-17 01:05:59,549] {dagbag.py:500} INFO - Filling up the DagBag from /Users/sravanisigadam/PycharmProjects/Airflow/venv/lib/python3.9/site-packages/airflow/example_dags/subdags/subdag.py
[2021-11-17 01:05:59,568] {processor.py:639} WARNING - No viable dags retrieved from /Users/sravanisigadam/PycharmProjects/Airflow/venv/lib/python3.9/site-packages/airflow/example_dags/subdags/subdag.py
[2021-11-17 01:05:59,569] {processor.py:171} INFO - Processing /Users/sravanisigadam/PycharmProjects/Airflow/venv/lib/python3.9/site-packages/airflow/example_dags/subdags/subdag.py took 0.021 seconds
[2021-11-17 01:07:06,869] {processor.py:163} INFO - Started process (PID=44846) to work on /Users/sravanisigadam/PycharmProjects/Airflow/venv/lib/python3.9/site-packages/airflow/example_dags/subdags/subdag.py
[2021-11-17 01:07:06,870] {processor.py:625} INFO - Processing file /Users/sravanisigadam/PycharmProjects/Airflow/venv/lib/python3.9/site-packages/airflow/example_dags/subdags/subdag.py for tasks to queue
[2021-11-17 01:07:06,870] {logging_mixin.py:109} INFO - [2021-11-17 01:07:06,870] {dagbag.py:500} INFO - Filling up the DagBag from /Users/sravanisigadam/PycharmProjects/Airflow/venv/lib/python3.9/site-packages/airflow/example_dags/subdags/subdag.py
[2021-11-17 01:07:06,888] {processor.py:639} WARNING - No viable dags retrieved from /Users/sravanisigadam/PycharmProjects/Airflow/venv/lib/python3.9/site-packages/airflow/example_dags/subdags/subdag.py
[2021-11-17 01:07:06,890] {processor.py:171} INFO - Processing /Users/sravanisigadam/PycharmProjects/Airflow/venv/lib/python3.9/site-packages/airflow/example_dags/subdags/subdag.py took 0.021 seconds
[2021-11-17 01:07:44,357] {processor.py:163} INFO - Started process (PID=44868) to work on /Users/sravanisigadam/PycharmProjects/Airflow/venv/lib/python3.9/site-packages/airflow/example_dags/subdags/subdag.py
[2021-11-17 01:07:44,358] {processor.py:625} INFO - Processing file /Users/sravanisigadam/PycharmProjects/Airflow/venv/lib/python3.9/site-packages/airflow/example_dags/subdags/subdag.py for tasks to queue
[2021-11-17 01:07:44,359] {logging_mixin.py:109} INFO - [2021-11-17 01:07:44,359] {dagbag.py:500} INFO - Filling up the DagBag from /Users/sravanisigadam/PycharmProjects/Airflow/venv/lib/python3.9/site-packages/airflow/example_dags/subdags/subdag.py
[2021-11-17 01:07:44,380] {processor.py:639} WARNING - No viable dags retrieved from /Users/sravanisigadam/PycharmProjects/Airflow/venv/lib/python3.9/site-packages/airflow/example_dags/subdags/subdag.py
[2021-11-17 01:07:44,381] {processor.py:171} INFO - Processing /Users/sravanisigadam/PycharmProjects/Airflow/venv/lib/python3.9/site-packages/airflow/example_dags/subdags/subdag.py took 0.025 seconds
[2021-11-17 01:08:21,454] {processor.py:163} INFO - Started process (PID=44890) to work on /Users/sravanisigadam/PycharmProjects/Airflow/venv/lib/python3.9/site-packages/airflow/example_dags/subdags/subdag.py
[2021-11-17 01:08:21,455] {processor.py:625} INFO - Processing file /Users/sravanisigadam/PycharmProjects/Airflow/venv/lib/python3.9/site-packages/airflow/example_dags/subdags/subdag.py for tasks to queue
[2021-11-17 01:08:21,456] {logging_mixin.py:109} INFO - [2021-11-17 01:08:21,456] {dagbag.py:500} INFO - Filling up the DagBag from /Users/sravanisigadam/PycharmProjects/Airflow/venv/lib/python3.9/site-packages/airflow/example_dags/subdags/subdag.py
[2021-11-17 01:08:21,474] {processor.py:639} WARNING - No viable dags retrieved from /Users/sravanisigadam/PycharmProjects/Airflow/venv/lib/python3.9/site-packages/airflow/example_dags/subdags/subdag.py
[2021-11-17 01:08:21,475] {processor.py:171} INFO - Processing /Users/sravanisigadam/PycharmProjects/Airflow/venv/lib/python3.9/site-packages/airflow/example_dags/subdags/subdag.py took 0.021 seconds
[2021-11-17 01:08:58,213] {processor.py:163} INFO - Started process (PID=44910) to work on /Users/sravanisigadam/PycharmProjects/Airflow/venv/lib/python3.9/site-packages/airflow/example_dags/subdags/subdag.py
[2021-11-17 01:08:58,213] {processor.py:625} INFO - Processing file /Users/sravanisigadam/PycharmProjects/Airflow/venv/lib/python3.9/site-packages/airflow/example_dags/subdags/subdag.py for tasks to queue
[2021-11-17 01:08:58,213] {logging_mixin.py:109} INFO - [2021-11-17 01:08:58,213] {dagbag.py:500} INFO - Filling up the DagBag from /Users/sravanisigadam/PycharmProjects/Airflow/venv/lib/python3.9/site-packages/airflow/example_dags/subdags/subdag.py
[2021-11-17 01:08:58,231] {processor.py:639} WARNING - No viable dags retrieved from /Users/sravanisigadam/PycharmProjects/Airflow/venv/lib/python3.9/site-packages/airflow/example_dags/subdags/subdag.py
[2021-11-17 01:08:58,232] {processor.py:171} INFO - Processing /Users/sravanisigadam/PycharmProjects/Airflow/venv/lib/python3.9/site-packages/airflow/example_dags/subdags/subdag.py took 0.019 seconds
[2021-11-17 01:09:34,931] {processor.py:163} INFO - Started process (PID=44942) to work on /Users/sravanisigadam/PycharmProjects/Airflow/venv/lib/python3.9/site-packages/airflow/example_dags/subdags/subdag.py
[2021-11-17 01:09:34,931] {processor.py:625} INFO - Processing file /Users/sravanisigadam/PycharmProjects/Airflow/venv/lib/python3.9/site-packages/airflow/example_dags/subdags/subdag.py for tasks to queue
[2021-11-17 01:09:34,931] {logging_mixin.py:109} INFO - [2021-11-17 01:09:34,931] {dagbag.py:500} INFO - Filling up the DagBag from /Users/sravanisigadam/PycharmProjects/Airflow/venv/lib/python3.9/site-packages/airflow/example_dags/subdags/subdag.py
[2021-11-17 01:09:34,948] {processor.py:639} WARNING - No viable dags retrieved from /Users/sravanisigadam/PycharmProjects/Airflow/venv/lib/python3.9/site-packages/airflow/example_dags/subdags/subdag.py
[2021-11-17 01:09:34,949] {processor.py:171} INFO - Processing /Users/sravanisigadam/PycharmProjects/Airflow/venv/lib/python3.9/site-packages/airflow/example_dags/subdags/subdag.py took 0.019 seconds
[2021-11-17 01:10:11,943] {processor.py:163} INFO - Started process (PID=44975) to work on /Users/sravanisigadam/PycharmProjects/Airflow/venv/lib/python3.9/site-packages/airflow/example_dags/subdags/subdag.py
[2021-11-17 01:10:11,944] {processor.py:625} INFO - Processing file /Users/sravanisigadam/PycharmProjects/Airflow/venv/lib/python3.9/site-packages/airflow/example_dags/subdags/subdag.py for tasks to queue
[2021-11-17 01:10:11,944] {logging_mixin.py:109} INFO - [2021-11-17 01:10:11,944] {dagbag.py:500} INFO - Filling up the DagBag from /Users/sravanisigadam/PycharmProjects/Airflow/venv/lib/python3.9/site-packages/airflow/example_dags/subdags/subdag.py
[2021-11-17 01:10:11,962] {processor.py:639} WARNING - No viable dags retrieved from /Users/sravanisigadam/PycharmProjects/Airflow/venv/lib/python3.9/site-packages/airflow/example_dags/subdags/subdag.py
[2021-11-17 01:10:11,963] {processor.py:171} INFO - Processing /Users/sravanisigadam/PycharmProjects/Airflow/venv/lib/python3.9/site-packages/airflow/example_dags/subdags/subdag.py took 0.020 seconds
[2021-11-17 01:10:48,637] {processor.py:163} INFO - Started process (PID=44997) to work on /Users/sravanisigadam/PycharmProjects/Airflow/venv/lib/python3.9/site-packages/airflow/example_dags/subdags/subdag.py
[2021-11-17 01:10:48,637] {processor.py:625} INFO - Processing file /Users/sravanisigadam/PycharmProjects/Airflow/venv/lib/python3.9/site-packages/airflow/example_dags/subdags/subdag.py for tasks to queue
[2021-11-17 01:10:48,637] {logging_mixin.py:109} INFO - [2021-11-17 01:10:48,637] {dagbag.py:500} INFO - Filling up the DagBag from /Users/sravanisigadam/PycharmProjects/Airflow/venv/lib/python3.9/site-packages/airflow/example_dags/subdags/subdag.py
[2021-11-17 01:10:48,655] {processor.py:639} WARNING - No viable dags retrieved from /Users/sravanisigadam/PycharmProjects/Airflow/venv/lib/python3.9/site-packages/airflow/example_dags/subdags/subdag.py
[2021-11-17 01:10:48,656] {processor.py:171} INFO - Processing /Users/sravanisigadam/PycharmProjects/Airflow/venv/lib/python3.9/site-packages/airflow/example_dags/subdags/subdag.py took 0.020 seconds
[2021-11-17 01:11:25,531] {processor.py:163} INFO - Started process (PID=45015) to work on /Users/sravanisigadam/PycharmProjects/Airflow/venv/lib/python3.9/site-packages/airflow/example_dags/subdags/subdag.py
[2021-11-17 01:11:25,531] {processor.py:625} INFO - Processing file /Users/sravanisigadam/PycharmProjects/Airflow/venv/lib/python3.9/site-packages/airflow/example_dags/subdags/subdag.py for tasks to queue
[2021-11-17 01:11:25,531] {logging_mixin.py:109} INFO - [2021-11-17 01:11:25,531] {dagbag.py:500} INFO - Filling up the DagBag from /Users/sravanisigadam/PycharmProjects/Airflow/venv/lib/python3.9/site-packages/airflow/example_dags/subdags/subdag.py
[2021-11-17 01:11:25,548] {processor.py:639} WARNING - No viable dags retrieved from /Users/sravanisigadam/PycharmProjects/Airflow/venv/lib/python3.9/site-packages/airflow/example_dags/subdags/subdag.py
[2021-11-17 01:11:25,550] {processor.py:171} INFO - Processing /Users/sravanisigadam/PycharmProjects/Airflow/venv/lib/python3.9/site-packages/airflow/example_dags/subdags/subdag.py took 0.019 seconds
[2021-11-17 01:12:02,724] {processor.py:163} INFO - Started process (PID=45033) to work on /Users/sravanisigadam/PycharmProjects/Airflow/venv/lib/python3.9/site-packages/airflow/example_dags/subdags/subdag.py
[2021-11-17 01:12:02,724] {processor.py:625} INFO - Processing file /Users/sravanisigadam/PycharmProjects/Airflow/venv/lib/python3.9/site-packages/airflow/example_dags/subdags/subdag.py for tasks to queue
[2021-11-17 01:12:02,724] {logging_mixin.py:109} INFO - [2021-11-17 01:12:02,724] {dagbag.py:500} INFO - Filling up the DagBag from /Users/sravanisigadam/PycharmProjects/Airflow/venv/lib/python3.9/site-packages/airflow/example_dags/subdags/subdag.py
[2021-11-17 01:12:02,742] {processor.py:639} WARNING - No viable dags retrieved from /Users/sravanisigadam/PycharmProjects/Airflow/venv/lib/python3.9/site-packages/airflow/example_dags/subdags/subdag.py
[2021-11-17 01:12:02,743] {processor.py:171} INFO - Processing /Users/sravanisigadam/PycharmProjects/Airflow/venv/lib/python3.9/site-packages/airflow/example_dags/subdags/subdag.py took 0.020 seconds
[2021-11-17 01:12:38,792] {processor.py:163} INFO - Started process (PID=45053) to work on /Users/sravanisigadam/PycharmProjects/Airflow/venv/lib/python3.9/site-packages/airflow/example_dags/subdags/subdag.py
[2021-11-17 01:12:38,792] {processor.py:625} INFO - Processing file /Users/sravanisigadam/PycharmProjects/Airflow/venv/lib/python3.9/site-packages/airflow/example_dags/subdags/subdag.py for tasks to queue
[2021-11-17 01:12:38,792] {logging_mixin.py:109} INFO - [2021-11-17 01:12:38,792] {dagbag.py:500} INFO - Filling up the DagBag from /Users/sravanisigadam/PycharmProjects/Airflow/venv/lib/python3.9/site-packages/airflow/example_dags/subdags/subdag.py
[2021-11-17 01:12:38,810] {processor.py:639} WARNING - No viable dags retrieved from /Users/sravanisigadam/PycharmProjects/Airflow/venv/lib/python3.9/site-packages/airflow/example_dags/subdags/subdag.py
[2021-11-17 01:12:38,811] {processor.py:171} INFO - Processing /Users/sravanisigadam/PycharmProjects/Airflow/venv/lib/python3.9/site-packages/airflow/example_dags/subdags/subdag.py took 0.019 seconds
[2021-11-17 01:13:15,533] {processor.py:163} INFO - Started process (PID=45071) to work on /Users/sravanisigadam/PycharmProjects/Airflow/venv/lib/python3.9/site-packages/airflow/example_dags/subdags/subdag.py
[2021-11-17 01:13:15,533] {processor.py:625} INFO - Processing file /Users/sravanisigadam/PycharmProjects/Airflow/venv/lib/python3.9/site-packages/airflow/example_dags/subdags/subdag.py for tasks to queue
[2021-11-17 01:13:15,533] {logging_mixin.py:109} INFO - [2021-11-17 01:13:15,533] {dagbag.py:500} INFO - Filling up the DagBag from /Users/sravanisigadam/PycharmProjects/Airflow/venv/lib/python3.9/site-packages/airflow/example_dags/subdags/subdag.py
[2021-11-17 01:13:15,551] {processor.py:639} WARNING - No viable dags retrieved from /Users/sravanisigadam/PycharmProjects/Airflow/venv/lib/python3.9/site-packages/airflow/example_dags/subdags/subdag.py
[2021-11-17 01:13:15,552] {processor.py:171} INFO - Processing /Users/sravanisigadam/PycharmProjects/Airflow/venv/lib/python3.9/site-packages/airflow/example_dags/subdags/subdag.py took 0.020 seconds
[2021-11-17 01:13:52,846] {processor.py:163} INFO - Started process (PID=45089) to work on /Users/sravanisigadam/PycharmProjects/Airflow/venv/lib/python3.9/site-packages/airflow/example_dags/subdags/subdag.py
[2021-11-17 01:13:52,847] {processor.py:625} INFO - Processing file /Users/sravanisigadam/PycharmProjects/Airflow/venv/lib/python3.9/site-packages/airflow/example_dags/subdags/subdag.py for tasks to queue
[2021-11-17 01:13:52,847] {logging_mixin.py:109} INFO - [2021-11-17 01:13:52,847] {dagbag.py:500} INFO - Filling up the DagBag from /Users/sravanisigadam/PycharmProjects/Airflow/venv/lib/python3.9/site-packages/airflow/example_dags/subdags/subdag.py
[2021-11-17 01:13:52,864] {processor.py:639} WARNING - No viable dags retrieved from /Users/sravanisigadam/PycharmProjects/Airflow/venv/lib/python3.9/site-packages/airflow/example_dags/subdags/subdag.py
[2021-11-17 01:13:52,866] {processor.py:171} INFO - Processing /Users/sravanisigadam/PycharmProjects/Airflow/venv/lib/python3.9/site-packages/airflow/example_dags/subdags/subdag.py took 0.020 seconds
[2021-11-17 01:14:29,878] {processor.py:163} INFO - Started process (PID=45107) to work on /Users/sravanisigadam/PycharmProjects/Airflow/venv/lib/python3.9/site-packages/airflow/example_dags/subdags/subdag.py
[2021-11-17 01:14:29,878] {processor.py:625} INFO - Processing file /Users/sravanisigadam/PycharmProjects/Airflow/venv/lib/python3.9/site-packages/airflow/example_dags/subdags/subdag.py for tasks to queue
[2021-11-17 01:14:29,878] {logging_mixin.py:109} INFO - [2021-11-17 01:14:29,878] {dagbag.py:500} INFO - Filling up the DagBag from /Users/sravanisigadam/PycharmProjects/Airflow/venv/lib/python3.9/site-packages/airflow/example_dags/subdags/subdag.py
[2021-11-17 01:14:29,895] {processor.py:639} WARNING - No viable dags retrieved from /Users/sravanisigadam/PycharmProjects/Airflow/venv/lib/python3.9/site-packages/airflow/example_dags/subdags/subdag.py
[2021-11-17 01:14:29,897] {processor.py:171} INFO - Processing /Users/sravanisigadam/PycharmProjects/Airflow/venv/lib/python3.9/site-packages/airflow/example_dags/subdags/subdag.py took 0.019 seconds
[2021-11-17 01:15:06,715] {processor.py:163} INFO - Started process (PID=45125) to work on /Users/sravanisigadam/PycharmProjects/Airflow/venv/lib/python3.9/site-packages/airflow/example_dags/subdags/subdag.py
[2021-11-17 01:15:06,715] {processor.py:625} INFO - Processing file /Users/sravanisigadam/PycharmProjects/Airflow/venv/lib/python3.9/site-packages/airflow/example_dags/subdags/subdag.py for tasks to queue
[2021-11-17 01:15:06,715] {logging_mixin.py:109} INFO - [2021-11-17 01:15:06,715] {dagbag.py:500} INFO - Filling up the DagBag from /Users/sravanisigadam/PycharmProjects/Airflow/venv/lib/python3.9/site-packages/airflow/example_dags/subdags/subdag.py
[2021-11-17 01:15:06,732] {processor.py:639} WARNING - No viable dags retrieved from /Users/sravanisigadam/PycharmProjects/Airflow/venv/lib/python3.9/site-packages/airflow/example_dags/subdags/subdag.py
[2021-11-17 01:15:06,733] {processor.py:171} INFO - Processing /Users/sravanisigadam/PycharmProjects/Airflow/venv/lib/python3.9/site-packages/airflow/example_dags/subdags/subdag.py took 0.019 seconds
[2021-11-17 01:15:55,665] {processor.py:163} INFO - Started process (PID=45151) to work on /Users/sravanisigadam/PycharmProjects/Airflow/venv/lib/python3.9/site-packages/airflow/example_dags/subdags/subdag.py
[2021-11-17 01:15:55,665] {processor.py:625} INFO - Processing file /Users/sravanisigadam/PycharmProjects/Airflow/venv/lib/python3.9/site-packages/airflow/example_dags/subdags/subdag.py for tasks to queue
[2021-11-17 01:15:55,666] {logging_mixin.py:109} INFO - [2021-11-17 01:15:55,666] {dagbag.py:500} INFO - Filling up the DagBag from /Users/sravanisigadam/PycharmProjects/Airflow/venv/lib/python3.9/site-packages/airflow/example_dags/subdags/subdag.py
[2021-11-17 01:15:55,684] {processor.py:639} WARNING - No viable dags retrieved from /Users/sravanisigadam/PycharmProjects/Airflow/venv/lib/python3.9/site-packages/airflow/example_dags/subdags/subdag.py
[2021-11-17 01:15:55,685] {processor.py:171} INFO - Processing /Users/sravanisigadam/PycharmProjects/Airflow/venv/lib/python3.9/site-packages/airflow/example_dags/subdags/subdag.py took 0.020 seconds
[2021-11-17 01:20:44,892] {processor.py:163} INFO - Started process (PID=45228) to work on /Users/sravanisigadam/PycharmProjects/Airflow/venv/lib/python3.9/site-packages/airflow/example_dags/subdags/subdag.py
[2021-11-17 01:20:44,893] {processor.py:625} INFO - Processing file /Users/sravanisigadam/PycharmProjects/Airflow/venv/lib/python3.9/site-packages/airflow/example_dags/subdags/subdag.py for tasks to queue
[2021-11-17 01:20:44,893] {logging_mixin.py:109} INFO - [2021-11-17 01:20:44,893] {dagbag.py:500} INFO - Filling up the DagBag from /Users/sravanisigadam/PycharmProjects/Airflow/venv/lib/python3.9/site-packages/airflow/example_dags/subdags/subdag.py
[2021-11-17 01:20:44,911] {processor.py:639} WARNING - No viable dags retrieved from /Users/sravanisigadam/PycharmProjects/Airflow/venv/lib/python3.9/site-packages/airflow/example_dags/subdags/subdag.py
[2021-11-17 01:20:44,912] {processor.py:171} INFO - Processing /Users/sravanisigadam/PycharmProjects/Airflow/venv/lib/python3.9/site-packages/airflow/example_dags/subdags/subdag.py took 0.020 seconds
[2021-11-17 05:11:13,094] {processor.py:163} INFO - Started process (PID=45319) to work on /Users/sravanisigadam/PycharmProjects/Airflow/venv/lib/python3.9/site-packages/airflow/example_dags/subdags/subdag.py
[2021-11-17 05:11:13,096] {processor.py:625} INFO - Processing file /Users/sravanisigadam/PycharmProjects/Airflow/venv/lib/python3.9/site-packages/airflow/example_dags/subdags/subdag.py for tasks to queue
[2021-11-17 05:11:13,096] {logging_mixin.py:109} INFO - [2021-11-17 05:11:13,096] {dagbag.py:500} INFO - Filling up the DagBag from /Users/sravanisigadam/PycharmProjects/Airflow/venv/lib/python3.9/site-packages/airflow/example_dags/subdags/subdag.py
[2021-11-17 05:11:13,115] {processor.py:639} WARNING - No viable dags retrieved from /Users/sravanisigadam/PycharmProjects/Airflow/venv/lib/python3.9/site-packages/airflow/example_dags/subdags/subdag.py
[2021-11-17 05:11:13,123] {processor.py:171} INFO - Processing /Users/sravanisigadam/PycharmProjects/Airflow/venv/lib/python3.9/site-packages/airflow/example_dags/subdags/subdag.py took 0.029 seconds
[2021-11-17 10:57:57,161] {processor.py:163} INFO - Started process (PID=45428) to work on /Users/sravanisigadam/PycharmProjects/Airflow/venv/lib/python3.9/site-packages/airflow/example_dags/subdags/subdag.py
[2021-11-17 10:57:57,161] {processor.py:625} INFO - Processing file /Users/sravanisigadam/PycharmProjects/Airflow/venv/lib/python3.9/site-packages/airflow/example_dags/subdags/subdag.py for tasks to queue
[2021-11-17 10:57:57,161] {logging_mixin.py:109} INFO - [2021-11-17 10:57:57,161] {dagbag.py:500} INFO - Filling up the DagBag from /Users/sravanisigadam/PycharmProjects/Airflow/venv/lib/python3.9/site-packages/airflow/example_dags/subdags/subdag.py
[2021-11-17 10:57:57,179] {processor.py:639} WARNING - No viable dags retrieved from /Users/sravanisigadam/PycharmProjects/Airflow/venv/lib/python3.9/site-packages/airflow/example_dags/subdags/subdag.py
[2021-11-17 10:57:57,181] {processor.py:171} INFO - Processing /Users/sravanisigadam/PycharmProjects/Airflow/venv/lib/python3.9/site-packages/airflow/example_dags/subdags/subdag.py took 0.020 seconds
[2021-11-17 15:09:16,694] {processor.py:163} INFO - Started process (PID=45523) to work on /Users/sravanisigadam/PycharmProjects/Airflow/venv/lib/python3.9/site-packages/airflow/example_dags/subdags/subdag.py
[2021-11-17 15:09:16,695] {processor.py:625} INFO - Processing file /Users/sravanisigadam/PycharmProjects/Airflow/venv/lib/python3.9/site-packages/airflow/example_dags/subdags/subdag.py for tasks to queue
[2021-11-17 15:09:16,695] {logging_mixin.py:109} INFO - [2021-11-17 15:09:16,695] {dagbag.py:500} INFO - Filling up the DagBag from /Users/sravanisigadam/PycharmProjects/Airflow/venv/lib/python3.9/site-packages/airflow/example_dags/subdags/subdag.py
[2021-11-17 15:09:16,713] {processor.py:639} WARNING - No viable dags retrieved from /Users/sravanisigadam/PycharmProjects/Airflow/venv/lib/python3.9/site-packages/airflow/example_dags/subdags/subdag.py
[2021-11-17 15:09:16,714] {processor.py:171} INFO - Processing /Users/sravanisigadam/PycharmProjects/Airflow/venv/lib/python3.9/site-packages/airflow/example_dags/subdags/subdag.py took 0.020 seconds
