[2021-11-17 23:47:28,562] {processor.py:163} INFO - Started process (PID=53862) to work on /Users/sravanisigadam/PycharmProjects/Airflow/dags/SampleDag.py
[2021-11-17 23:47:28,563] {processor.py:625} INFO - Processing file /Users/sravanisigadam/PycharmProjects/Airflow/dags/SampleDag.py for tasks to queue
[2021-11-17 23:47:28,563] {logging_mixin.py:109} INFO - [2021-11-17 23:47:28,563] {dagbag.py:500} INFO - Filling up the DagBag from /Users/sravanisigadam/PycharmProjects/Airflow/dags/SampleDag.py
[2021-11-17 23:47:28,566] {logging_mixin.py:109} INFO - [2021-11-17 23:47:28,564] {dagbag.py:334} ERROR - Failed to import: /Users/sravanisigadam/PycharmProjects/Airflow/dags/SampleDag.py
Traceback (most recent call last):
  File "/Users/sravanisigadam/PycharmProjects/Airflow/venv/lib/python3.9/site-packages/airflow/models/dagbag.py", line 331, in _load_modules_from_file
    loader.exec_module(new_module)
  File "<frozen importlib._bootstrap_external>", line 846, in exec_module
  File "<frozen importlib._bootstrap_external>", line 983, in get_code
  File "<frozen importlib._bootstrap_external>", line 913, in source_to_code
  File "<frozen importlib._bootstrap>", line 228, in _call_with_frames_removed
  File "/Users/sravanisigadam/PycharmProjects/Airflow/dags/SampleDag.py", line 15
    ) as dag:
             ^
IndentationError: expected an indented block
[2021-11-17 23:47:28,583] {processor.py:639} WARNING - No viable dags retrieved from /Users/sravanisigadam/PycharmProjects/Airflow/dags/SampleDag.py
[2021-11-17 23:47:28,587] {processor.py:171} INFO - Processing /Users/sravanisigadam/PycharmProjects/Airflow/dags/SampleDag.py took 0.025 seconds
[2021-11-17 23:48:08,439] {processor.py:163} INFO - Started process (PID=53889) to work on /Users/sravanisigadam/PycharmProjects/Airflow/dags/SampleDag.py
[2021-11-17 23:48:08,440] {processor.py:625} INFO - Processing file /Users/sravanisigadam/PycharmProjects/Airflow/dags/SampleDag.py for tasks to queue
[2021-11-17 23:48:08,440] {logging_mixin.py:109} INFO - [2021-11-17 23:48:08,440] {dagbag.py:500} INFO - Filling up the DagBag from /Users/sravanisigadam/PycharmProjects/Airflow/dags/SampleDag.py
[2021-11-17 23:48:08,468] {processor.py:637} INFO - DAG(s) dict_keys(['example_ML_pipeline_DAG']) retrieved from /Users/sravanisigadam/PycharmProjects/Airflow/dags/SampleDag.py
[2021-11-17 23:48:09,037] {logging_mixin.py:109} INFO - [2021-11-17 23:48:09,037] {manager.py:496} INFO - Created Permission View: can edit on DAG:example_ML_pipeline_DAG
[2021-11-17 23:48:09,040] {logging_mixin.py:109} INFO - [2021-11-17 23:48:09,040] {manager.py:496} INFO - Created Permission View: can read on DAG:example_ML_pipeline_DAG
[2021-11-17 23:48:09,040] {logging_mixin.py:109} INFO - [2021-11-17 23:48:09,040] {dag.py:2396} INFO - Sync 1 DAGs
[2021-11-17 23:48:09,043] {logging_mixin.py:109} INFO - [2021-11-17 23:48:09,043] {dag.py:2415} INFO - Creating ORM DAG for example_ML_pipeline_DAG
[2021-11-17 23:48:09,047] {logging_mixin.py:109} INFO - [2021-11-17 23:48:09,047] {dag.py:2928} INFO - Setting next_dagrun for example_ML_pipeline_DAG to None
[2021-11-17 23:48:09,053] {processor.py:171} INFO - Processing /Users/sravanisigadam/PycharmProjects/Airflow/dags/SampleDag.py took 0.614 seconds
[2021-11-17 23:48:50,130] {processor.py:163} INFO - Started process (PID=53916) to work on /Users/sravanisigadam/PycharmProjects/Airflow/dags/SampleDag.py
[2021-11-17 23:48:50,130] {processor.py:625} INFO - Processing file /Users/sravanisigadam/PycharmProjects/Airflow/dags/SampleDag.py for tasks to queue
[2021-11-17 23:48:50,131] {logging_mixin.py:109} INFO - [2021-11-17 23:48:50,131] {dagbag.py:500} INFO - Filling up the DagBag from /Users/sravanisigadam/PycharmProjects/Airflow/dags/SampleDag.py
[2021-11-17 23:48:50,158] {processor.py:637} INFO - DAG(s) dict_keys(['example_ML_pipeline_DAG']) retrieved from /Users/sravanisigadam/PycharmProjects/Airflow/dags/SampleDag.py
[2021-11-17 23:48:50,323] {logging_mixin.py:109} INFO - [2021-11-17 23:48:50,322] {dag.py:2396} INFO - Sync 1 DAGs
[2021-11-17 23:48:50,328] {logging_mixin.py:109} INFO - [2021-11-17 23:48:50,328] {dag.py:2928} INFO - Setting next_dagrun for example_ML_pipeline_DAG to None
[2021-11-17 23:48:50,336] {processor.py:171} INFO - Processing /Users/sravanisigadam/PycharmProjects/Airflow/dags/SampleDag.py took 0.206 seconds
[2021-11-17 23:49:30,190] {processor.py:163} INFO - Started process (PID=53943) to work on /Users/sravanisigadam/PycharmProjects/Airflow/dags/SampleDag.py
[2021-11-17 23:49:30,190] {processor.py:625} INFO - Processing file /Users/sravanisigadam/PycharmProjects/Airflow/dags/SampleDag.py for tasks to queue
[2021-11-17 23:49:30,190] {logging_mixin.py:109} INFO - [2021-11-17 23:49:30,190] {dagbag.py:500} INFO - Filling up the DagBag from /Users/sravanisigadam/PycharmProjects/Airflow/dags/SampleDag.py
[2021-11-17 23:49:30,193] {logging_mixin.py:109} INFO - [2021-11-17 23:49:30,192] {dagbag.py:334} ERROR - Failed to import: /Users/sravanisigadam/PycharmProjects/Airflow/dags/SampleDag.py
Traceback (most recent call last):
  File "/Users/sravanisigadam/PycharmProjects/Airflow/venv/lib/python3.9/site-packages/airflow/models/dagbag.py", line 331, in _load_modules_from_file
    loader.exec_module(new_module)
  File "<frozen importlib._bootstrap_external>", line 846, in exec_module
  File "<frozen importlib._bootstrap_external>", line 983, in get_code
  File "<frozen importlib._bootstrap_external>", line 913, in source_to_code
  File "<frozen importlib._bootstrap>", line 228, in _call_with_frames_removed
  File "/Users/sravanisigadam/PycharmProjects/Airflow/dags/SampleDag.py", line 23
    training_task >
                   ^
SyntaxError: invalid syntax
[2021-11-17 23:49:30,211] {processor.py:673} INFO - Deactivated 1 DAGs which are no longer present in /Users/sravanisigadam/PycharmProjects/Airflow/dags/SampleDag.py
[2021-11-17 23:49:30,211] {processor.py:639} WARNING - No viable dags retrieved from /Users/sravanisigadam/PycharmProjects/Airflow/dags/SampleDag.py
[2021-11-17 23:49:30,213] {processor.py:171} INFO - Processing /Users/sravanisigadam/PycharmProjects/Airflow/dags/SampleDag.py took 0.023 seconds
[2021-11-17 23:50:10,497] {processor.py:163} INFO - Started process (PID=53970) to work on /Users/sravanisigadam/PycharmProjects/Airflow/dags/SampleDag.py
[2021-11-17 23:50:10,497] {processor.py:625} INFO - Processing file /Users/sravanisigadam/PycharmProjects/Airflow/dags/SampleDag.py for tasks to queue
[2021-11-17 23:50:10,498] {logging_mixin.py:109} INFO - [2021-11-17 23:50:10,498] {dagbag.py:500} INFO - Filling up the DagBag from /Users/sravanisigadam/PycharmProjects/Airflow/dags/SampleDag.py
[2021-11-17 23:50:10,503] {logging_mixin.py:109} INFO - [2021-11-17 23:50:10,503] {dagbag.py:334} ERROR - Failed to import: /Users/sravanisigadam/PycharmProjects/Airflow/dags/SampleDag.py
Traceback (most recent call last):
  File "/Users/sravanisigadam/PycharmProjects/Airflow/venv/lib/python3.9/site-packages/airflow/models/dagbag.py", line 331, in _load_modules_from_file
    loader.exec_module(new_module)
  File "<frozen importlib._bootstrap_external>", line 850, in exec_module
  File "<frozen importlib._bootstrap>", line 228, in _call_with_frames_removed
  File "/Users/sravanisigadam/PycharmProjects/Airflow/dags/SampleDag.py", line 23, in <module>
    training_task.doc_md = dedent(
NameError: name 'dedent' is not defined
[2021-11-17 23:50:10,520] {processor.py:639} WARNING - No viable dags retrieved from /Users/sravanisigadam/PycharmProjects/Airflow/dags/SampleDag.py
[2021-11-17 23:50:10,523] {processor.py:171} INFO - Processing /Users/sravanisigadam/PycharmProjects/Airflow/dags/SampleDag.py took 0.026 seconds
[2021-11-17 23:50:50,296] {processor.py:163} INFO - Started process (PID=54000) to work on /Users/sravanisigadam/PycharmProjects/Airflow/dags/SampleDag.py
[2021-11-17 23:50:50,296] {processor.py:625} INFO - Processing file /Users/sravanisigadam/PycharmProjects/Airflow/dags/SampleDag.py for tasks to queue
[2021-11-17 23:50:50,297] {logging_mixin.py:109} INFO - [2021-11-17 23:50:50,296] {dagbag.py:500} INFO - Filling up the DagBag from /Users/sravanisigadam/PycharmProjects/Airflow/dags/SampleDag.py
[2021-11-17 23:50:50,321] {processor.py:637} INFO - DAG(s) dict_keys(['example_ML_pipeline_DAG']) retrieved from /Users/sravanisigadam/PycharmProjects/Airflow/dags/SampleDag.py
[2021-11-17 23:50:50,469] {logging_mixin.py:109} INFO - [2021-11-17 23:50:50,468] {dag.py:2396} INFO - Sync 1 DAGs
[2021-11-17 23:50:50,474] {logging_mixin.py:109} INFO - [2021-11-17 23:50:50,474] {dag.py:2928} INFO - Setting next_dagrun for example_ML_pipeline_DAG to None
[2021-11-17 23:50:50,481] {processor.py:171} INFO - Processing /Users/sravanisigadam/PycharmProjects/Airflow/dags/SampleDag.py took 0.185 seconds
[2021-11-17 23:51:32,552] {processor.py:163} INFO - Started process (PID=54024) to work on /Users/sravanisigadam/PycharmProjects/Airflow/dags/SampleDag.py
[2021-11-17 23:51:32,553] {processor.py:625} INFO - Processing file /Users/sravanisigadam/PycharmProjects/Airflow/dags/SampleDag.py for tasks to queue
[2021-11-17 23:51:32,553] {logging_mixin.py:109} INFO - [2021-11-17 23:51:32,553] {dagbag.py:500} INFO - Filling up the DagBag from /Users/sravanisigadam/PycharmProjects/Airflow/dags/SampleDag.py
[2021-11-17 23:51:32,576] {processor.py:637} INFO - DAG(s) dict_keys(['example_ML_pipeline_DAG']) retrieved from /Users/sravanisigadam/PycharmProjects/Airflow/dags/SampleDag.py
[2021-11-17 23:51:32,586] {logging_mixin.py:109} INFO - [2021-11-17 23:51:32,586] {dag.py:2396} INFO - Sync 1 DAGs
[2021-11-17 23:51:32,591] {logging_mixin.py:109} INFO - [2021-11-17 23:51:32,591] {dag.py:2928} INFO - Setting next_dagrun for example_ML_pipeline_DAG to None
[2021-11-17 23:51:32,596] {processor.py:171} INFO - Processing /Users/sravanisigadam/PycharmProjects/Airflow/dags/SampleDag.py took 0.044 seconds
[2021-11-17 23:52:13,699] {processor.py:163} INFO - Started process (PID=54048) to work on /Users/sravanisigadam/PycharmProjects/Airflow/dags/SampleDag.py
[2021-11-17 23:52:13,700] {processor.py:625} INFO - Processing file /Users/sravanisigadam/PycharmProjects/Airflow/dags/SampleDag.py for tasks to queue
[2021-11-17 23:52:13,700] {logging_mixin.py:109} INFO - [2021-11-17 23:52:13,700] {dagbag.py:500} INFO - Filling up the DagBag from /Users/sravanisigadam/PycharmProjects/Airflow/dags/SampleDag.py
[2021-11-17 23:52:13,723] {processor.py:637} INFO - DAG(s) dict_keys(['example_ML_pipeline_DAG']) retrieved from /Users/sravanisigadam/PycharmProjects/Airflow/dags/SampleDag.py
[2021-11-17 23:52:13,733] {logging_mixin.py:109} INFO - [2021-11-17 23:52:13,733] {dag.py:2396} INFO - Sync 1 DAGs
[2021-11-17 23:52:13,738] {logging_mixin.py:109} INFO - [2021-11-17 23:52:13,738] {dag.py:2928} INFO - Setting next_dagrun for example_ML_pipeline_DAG to None
[2021-11-17 23:52:13,743] {processor.py:171} INFO - Processing /Users/sravanisigadam/PycharmProjects/Airflow/dags/SampleDag.py took 0.045 seconds
[2021-11-17 23:52:56,641] {processor.py:163} INFO - Started process (PID=54075) to work on /Users/sravanisigadam/PycharmProjects/Airflow/dags/SampleDag.py
[2021-11-17 23:52:56,641] {processor.py:625} INFO - Processing file /Users/sravanisigadam/PycharmProjects/Airflow/dags/SampleDag.py for tasks to queue
[2021-11-17 23:52:56,642] {logging_mixin.py:109} INFO - [2021-11-17 23:52:56,642] {dagbag.py:500} INFO - Filling up the DagBag from /Users/sravanisigadam/PycharmProjects/Airflow/dags/SampleDag.py
[2021-11-17 23:52:56,667] {processor.py:637} INFO - DAG(s) dict_keys(['example_ML_pipeline_DAG']) retrieved from /Users/sravanisigadam/PycharmProjects/Airflow/dags/SampleDag.py
[2021-11-17 23:52:56,821] {logging_mixin.py:109} INFO - [2021-11-17 23:52:56,821] {dag.py:2396} INFO - Sync 1 DAGs
[2021-11-17 23:52:56,826] {logging_mixin.py:109} INFO - [2021-11-17 23:52:56,826] {dag.py:2928} INFO - Setting next_dagrun for example_ML_pipeline_DAG to None
[2021-11-17 23:52:56,832] {processor.py:171} INFO - Processing /Users/sravanisigadam/PycharmProjects/Airflow/dags/SampleDag.py took 0.191 seconds
[2021-11-17 23:53:38,908] {processor.py:163} INFO - Started process (PID=54105) to work on /Users/sravanisigadam/PycharmProjects/Airflow/dags/SampleDag.py
[2021-11-17 23:53:38,910] {processor.py:625} INFO - Processing file /Users/sravanisigadam/PycharmProjects/Airflow/dags/SampleDag.py for tasks to queue
[2021-11-17 23:53:38,910] {logging_mixin.py:109} INFO - [2021-11-17 23:53:38,910] {dagbag.py:500} INFO - Filling up the DagBag from /Users/sravanisigadam/PycharmProjects/Airflow/dags/SampleDag.py
[2021-11-17 23:53:38,933] {processor.py:637} INFO - DAG(s) dict_keys(['example_ML_pipeline_DAG']) retrieved from /Users/sravanisigadam/PycharmProjects/Airflow/dags/SampleDag.py
[2021-11-17 23:53:39,080] {logging_mixin.py:109} INFO - [2021-11-17 23:53:39,080] {dag.py:2396} INFO - Sync 1 DAGs
[2021-11-17 23:53:39,085] {logging_mixin.py:109} INFO - [2021-11-17 23:53:39,085] {dag.py:2928} INFO - Setting next_dagrun for example_ML_pipeline_DAG to None
[2021-11-17 23:53:39,092] {processor.py:171} INFO - Processing /Users/sravanisigadam/PycharmProjects/Airflow/dags/SampleDag.py took 0.184 seconds
[2021-11-17 23:54:22,062] {processor.py:163} INFO - Started process (PID=54136) to work on /Users/sravanisigadam/PycharmProjects/Airflow/dags/SampleDag.py
[2021-11-17 23:54:22,062] {processor.py:625} INFO - Processing file /Users/sravanisigadam/PycharmProjects/Airflow/dags/SampleDag.py for tasks to queue
[2021-11-17 23:54:22,063] {logging_mixin.py:109} INFO - [2021-11-17 23:54:22,063] {dagbag.py:500} INFO - Filling up the DagBag from /Users/sravanisigadam/PycharmProjects/Airflow/dags/SampleDag.py
[2021-11-17 23:54:22,088] {processor.py:637} INFO - DAG(s) dict_keys(['example_ML_pipeline_DAG']) retrieved from /Users/sravanisigadam/PycharmProjects/Airflow/dags/SampleDag.py
[2021-11-17 23:54:22,247] {logging_mixin.py:109} INFO - [2021-11-17 23:54:22,247] {dag.py:2396} INFO - Sync 1 DAGs
[2021-11-17 23:54:22,252] {logging_mixin.py:109} INFO - [2021-11-17 23:54:22,252] {dag.py:2928} INFO - Setting next_dagrun for example_ML_pipeline_DAG to None
[2021-11-17 23:54:22,259] {processor.py:171} INFO - Processing /Users/sravanisigadam/PycharmProjects/Airflow/dags/SampleDag.py took 0.197 seconds
[2021-11-17 23:55:04,946] {processor.py:163} INFO - Started process (PID=54166) to work on /Users/sravanisigadam/PycharmProjects/Airflow/dags/SampleDag.py
[2021-11-17 23:55:04,947] {processor.py:625} INFO - Processing file /Users/sravanisigadam/PycharmProjects/Airflow/dags/SampleDag.py for tasks to queue
[2021-11-17 23:55:04,947] {logging_mixin.py:109} INFO - [2021-11-17 23:55:04,947] {dagbag.py:500} INFO - Filling up the DagBag from /Users/sravanisigadam/PycharmProjects/Airflow/dags/SampleDag.py
[2021-11-17 23:55:04,971] {processor.py:637} INFO - DAG(s) dict_keys(['example_ML_pipeline_DAG']) retrieved from /Users/sravanisigadam/PycharmProjects/Airflow/dags/SampleDag.py
[2021-11-17 23:55:04,982] {logging_mixin.py:109} INFO - [2021-11-17 23:55:04,982] {dag.py:2396} INFO - Sync 1 DAGs
[2021-11-17 23:55:04,987] {logging_mixin.py:109} INFO - [2021-11-17 23:55:04,987] {dag.py:2928} INFO - Setting next_dagrun for example_ML_pipeline_DAG to None
[2021-11-17 23:55:04,992] {processor.py:171} INFO - Processing /Users/sravanisigadam/PycharmProjects/Airflow/dags/SampleDag.py took 0.047 seconds
[2021-11-17 23:55:51,000] {processor.py:163} INFO - Started process (PID=54204) to work on /Users/sravanisigadam/PycharmProjects/Airflow/dags/SampleDag.py
[2021-11-17 23:55:51,000] {processor.py:625} INFO - Processing file /Users/sravanisigadam/PycharmProjects/Airflow/dags/SampleDag.py for tasks to queue
[2021-11-17 23:55:51,000] {logging_mixin.py:109} INFO - [2021-11-17 23:55:51,000] {dagbag.py:500} INFO - Filling up the DagBag from /Users/sravanisigadam/PycharmProjects/Airflow/dags/SampleDag.py
[2021-11-17 23:55:51,024] {processor.py:637} INFO - DAG(s) dict_keys(['example_ML_pipeline_DAG']) retrieved from /Users/sravanisigadam/PycharmProjects/Airflow/dags/SampleDag.py
[2021-11-17 23:55:51,178] {logging_mixin.py:109} INFO - [2021-11-17 23:55:51,177] {dag.py:2396} INFO - Sync 1 DAGs
[2021-11-17 23:55:51,183] {logging_mixin.py:109} INFO - [2021-11-17 23:55:51,183] {dag.py:2928} INFO - Setting next_dagrun for example_ML_pipeline_DAG to None
[2021-11-17 23:55:51,190] {processor.py:171} INFO - Processing /Users/sravanisigadam/PycharmProjects/Airflow/dags/SampleDag.py took 0.190 seconds
[2021-11-17 23:56:34,284] {processor.py:163} INFO - Started process (PID=54237) to work on /Users/sravanisigadam/PycharmProjects/Airflow/dags/SampleDag.py
[2021-11-17 23:56:34,284] {processor.py:625} INFO - Processing file /Users/sravanisigadam/PycharmProjects/Airflow/dags/SampleDag.py for tasks to queue
[2021-11-17 23:56:34,284] {logging_mixin.py:109} INFO - [2021-11-17 23:56:34,284] {dagbag.py:500} INFO - Filling up the DagBag from /Users/sravanisigadam/PycharmProjects/Airflow/dags/SampleDag.py
[2021-11-17 23:56:34,308] {processor.py:637} INFO - DAG(s) dict_keys(['example_ML_pipeline_DAG']) retrieved from /Users/sravanisigadam/PycharmProjects/Airflow/dags/SampleDag.py
[2021-11-17 23:56:34,318] {logging_mixin.py:109} INFO - [2021-11-17 23:56:34,318] {dag.py:2396} INFO - Sync 1 DAGs
[2021-11-17 23:56:34,324] {logging_mixin.py:109} INFO - [2021-11-17 23:56:34,324] {dag.py:2928} INFO - Setting next_dagrun for example_ML_pipeline_DAG to None
[2021-11-17 23:56:34,329] {processor.py:171} INFO - Processing /Users/sravanisigadam/PycharmProjects/Airflow/dags/SampleDag.py took 0.045 seconds
[2021-11-17 23:57:19,007] {processor.py:163} INFO - Started process (PID=54268) to work on /Users/sravanisigadam/PycharmProjects/Airflow/dags/SampleDag.py
[2021-11-17 23:57:19,008] {processor.py:625} INFO - Processing file /Users/sravanisigadam/PycharmProjects/Airflow/dags/SampleDag.py for tasks to queue
[2021-11-17 23:57:19,009] {logging_mixin.py:109} INFO - [2021-11-17 23:57:19,009] {dagbag.py:500} INFO - Filling up the DagBag from /Users/sravanisigadam/PycharmProjects/Airflow/dags/SampleDag.py
[2021-11-17 23:57:19,031] {processor.py:637} INFO - DAG(s) dict_keys(['example_ML_pipeline_DAG']) retrieved from /Users/sravanisigadam/PycharmProjects/Airflow/dags/SampleDag.py
[2021-11-17 23:57:19,042] {logging_mixin.py:109} INFO - [2021-11-17 23:57:19,042] {dag.py:2396} INFO - Sync 1 DAGs
[2021-11-17 23:57:19,047] {logging_mixin.py:109} INFO - [2021-11-17 23:57:19,047] {dag.py:2928} INFO - Setting next_dagrun for example_ML_pipeline_DAG to None
[2021-11-17 23:57:19,051] {processor.py:171} INFO - Processing /Users/sravanisigadam/PycharmProjects/Airflow/dags/SampleDag.py took 0.044 seconds
[2021-11-17 23:58:03,170] {processor.py:163} INFO - Started process (PID=54295) to work on /Users/sravanisigadam/PycharmProjects/Airflow/dags/SampleDag.py
[2021-11-17 23:58:03,170] {processor.py:625} INFO - Processing file /Users/sravanisigadam/PycharmProjects/Airflow/dags/SampleDag.py for tasks to queue
[2021-11-17 23:58:03,170] {logging_mixin.py:109} INFO - [2021-11-17 23:58:03,170] {dagbag.py:500} INFO - Filling up the DagBag from /Users/sravanisigadam/PycharmProjects/Airflow/dags/SampleDag.py
[2021-11-17 23:58:03,196] {processor.py:637} INFO - DAG(s) dict_keys(['example_ML_pipeline_DAG']) retrieved from /Users/sravanisigadam/PycharmProjects/Airflow/dags/SampleDag.py
[2021-11-17 23:58:03,206] {logging_mixin.py:109} INFO - [2021-11-17 23:58:03,206] {dag.py:2396} INFO - Sync 1 DAGs
[2021-11-17 23:58:03,211] {logging_mixin.py:109} INFO - [2021-11-17 23:58:03,211] {dag.py:2928} INFO - Setting next_dagrun for example_ML_pipeline_DAG to None
[2021-11-17 23:58:03,216] {processor.py:171} INFO - Processing /Users/sravanisigadam/PycharmProjects/Airflow/dags/SampleDag.py took 0.046 seconds
[2021-11-17 23:58:44,846] {processor.py:163} INFO - Started process (PID=54323) to work on /Users/sravanisigadam/PycharmProjects/Airflow/dags/SampleDag.py
[2021-11-17 23:58:44,846] {processor.py:625} INFO - Processing file /Users/sravanisigadam/PycharmProjects/Airflow/dags/SampleDag.py for tasks to queue
[2021-11-17 23:58:44,846] {logging_mixin.py:109} INFO - [2021-11-17 23:58:44,846] {dagbag.py:500} INFO - Filling up the DagBag from /Users/sravanisigadam/PycharmProjects/Airflow/dags/SampleDag.py
[2021-11-17 23:58:44,870] {processor.py:637} INFO - DAG(s) dict_keys(['example_ML_pipeline_DAG']) retrieved from /Users/sravanisigadam/PycharmProjects/Airflow/dags/SampleDag.py
[2021-11-17 23:58:44,881] {logging_mixin.py:109} INFO - [2021-11-17 23:58:44,881] {dag.py:2396} INFO - Sync 1 DAGs
[2021-11-17 23:58:44,886] {logging_mixin.py:109} INFO - [2021-11-17 23:58:44,886] {dag.py:2928} INFO - Setting next_dagrun for example_ML_pipeline_DAG to None
[2021-11-17 23:58:44,891] {processor.py:171} INFO - Processing /Users/sravanisigadam/PycharmProjects/Airflow/dags/SampleDag.py took 0.045 seconds
[2021-11-17 23:59:24,354] {processor.py:163} INFO - Started process (PID=54346) to work on /Users/sravanisigadam/PycharmProjects/Airflow/dags/SampleDag.py
[2021-11-17 23:59:24,354] {processor.py:625} INFO - Processing file /Users/sravanisigadam/PycharmProjects/Airflow/dags/SampleDag.py for tasks to queue
[2021-11-17 23:59:24,354] {logging_mixin.py:109} INFO - [2021-11-17 23:59:24,354] {dagbag.py:500} INFO - Filling up the DagBag from /Users/sravanisigadam/PycharmProjects/Airflow/dags/SampleDag.py
[2021-11-17 23:59:24,378] {processor.py:637} INFO - DAG(s) dict_keys(['example_ML_pipeline_DAG']) retrieved from /Users/sravanisigadam/PycharmProjects/Airflow/dags/SampleDag.py
[2021-11-17 23:59:24,389] {logging_mixin.py:109} INFO - [2021-11-17 23:59:24,389] {dag.py:2396} INFO - Sync 1 DAGs
[2021-11-17 23:59:24,394] {logging_mixin.py:109} INFO - [2021-11-17 23:59:24,394] {dag.py:2928} INFO - Setting next_dagrun for example_ML_pipeline_DAG to None
[2021-11-17 23:59:24,399] {processor.py:171} INFO - Processing /Users/sravanisigadam/PycharmProjects/Airflow/dags/SampleDag.py took 0.045 seconds
[2021-11-18 00:00:02,910] {processor.py:163} INFO - Started process (PID=54367) to work on /Users/sravanisigadam/PycharmProjects/Airflow/dags/SampleDag.py
[2021-11-18 00:00:02,911] {processor.py:625} INFO - Processing file /Users/sravanisigadam/PycharmProjects/Airflow/dags/SampleDag.py for tasks to queue
[2021-11-18 00:00:02,911] {logging_mixin.py:109} INFO - [2021-11-18 00:00:02,911] {dagbag.py:500} INFO - Filling up the DagBag from /Users/sravanisigadam/PycharmProjects/Airflow/dags/SampleDag.py
[2021-11-18 00:00:02,937] {processor.py:637} INFO - DAG(s) dict_keys(['example_ML_pipeline_DAG']) retrieved from /Users/sravanisigadam/PycharmProjects/Airflow/dags/SampleDag.py
[2021-11-18 00:00:02,947] {logging_mixin.py:109} INFO - [2021-11-18 00:00:02,947] {dag.py:2396} INFO - Sync 1 DAGs
[2021-11-18 00:00:02,952] {logging_mixin.py:109} INFO - [2021-11-18 00:00:02,952] {dag.py:2928} INFO - Setting next_dagrun for example_ML_pipeline_DAG to None
[2021-11-18 00:00:02,957] {processor.py:171} INFO - Processing /Users/sravanisigadam/PycharmProjects/Airflow/dags/SampleDag.py took 0.048 seconds
[2021-11-18 00:00:42,704] {processor.py:163} INFO - Started process (PID=54388) to work on /Users/sravanisigadam/PycharmProjects/Airflow/dags/SampleDag.py
[2021-11-18 00:00:42,704] {processor.py:625} INFO - Processing file /Users/sravanisigadam/PycharmProjects/Airflow/dags/SampleDag.py for tasks to queue
[2021-11-18 00:00:42,705] {logging_mixin.py:109} INFO - [2021-11-18 00:00:42,705] {dagbag.py:500} INFO - Filling up the DagBag from /Users/sravanisigadam/PycharmProjects/Airflow/dags/SampleDag.py
[2021-11-18 00:00:42,728] {processor.py:637} INFO - DAG(s) dict_keys(['example_ML_pipeline_DAG']) retrieved from /Users/sravanisigadam/PycharmProjects/Airflow/dags/SampleDag.py
[2021-11-18 00:00:42,738] {logging_mixin.py:109} INFO - [2021-11-18 00:00:42,738] {dag.py:2396} INFO - Sync 1 DAGs
[2021-11-18 00:00:42,743] {logging_mixin.py:109} INFO - [2021-11-18 00:00:42,743] {dag.py:2928} INFO - Setting next_dagrun for example_ML_pipeline_DAG to None
[2021-11-18 00:00:42,749] {processor.py:171} INFO - Processing /Users/sravanisigadam/PycharmProjects/Airflow/dags/SampleDag.py took 0.045 seconds
[2021-11-18 00:49:21,370] {processor.py:163} INFO - Started process (PID=54466) to work on /Users/sravanisigadam/PycharmProjects/Airflow/dags/SampleDag.py
[2021-11-18 00:49:21,370] {processor.py:625} INFO - Processing file /Users/sravanisigadam/PycharmProjects/Airflow/dags/SampleDag.py for tasks to queue
[2021-11-18 00:49:21,370] {logging_mixin.py:109} INFO - [2021-11-18 00:49:21,370] {dagbag.py:500} INFO - Filling up the DagBag from /Users/sravanisigadam/PycharmProjects/Airflow/dags/SampleDag.py
[2021-11-18 00:49:21,395] {processor.py:637} INFO - DAG(s) dict_keys(['example_ML_pipeline_DAG']) retrieved from /Users/sravanisigadam/PycharmProjects/Airflow/dags/SampleDag.py
[2021-11-18 00:49:21,407] {logging_mixin.py:109} INFO - [2021-11-18 00:49:21,407] {dag.py:2396} INFO - Sync 1 DAGs
[2021-11-18 00:49:21,413] {logging_mixin.py:109} INFO - [2021-11-18 00:49:21,413] {dag.py:2928} INFO - Setting next_dagrun for example_ML_pipeline_DAG to None
[2021-11-18 00:49:21,417] {processor.py:171} INFO - Processing /Users/sravanisigadam/PycharmProjects/Airflow/dags/SampleDag.py took 0.048 seconds
[2021-11-18 00:50:29,202] {processor.py:163} INFO - Started process (PID=54520) to work on /Users/sravanisigadam/PycharmProjects/Airflow/dags/SampleDag.py
[2021-11-18 00:50:29,203] {processor.py:625} INFO - Processing file /Users/sravanisigadam/PycharmProjects/Airflow/dags/SampleDag.py for tasks to queue
[2021-11-18 00:50:29,203] {logging_mixin.py:109} INFO - [2021-11-18 00:50:29,203] {dagbag.py:500} INFO - Filling up the DagBag from /Users/sravanisigadam/PycharmProjects/Airflow/dags/SampleDag.py
[2021-11-18 00:50:29,227] {processor.py:637} INFO - DAG(s) dict_keys(['example_ML_pipeline_DAG']) retrieved from /Users/sravanisigadam/PycharmProjects/Airflow/dags/SampleDag.py
[2021-11-18 00:50:29,237] {logging_mixin.py:109} INFO - [2021-11-18 00:50:29,237] {dag.py:2396} INFO - Sync 1 DAGs
[2021-11-18 00:50:29,242] {logging_mixin.py:109} INFO - [2021-11-18 00:50:29,242] {dag.py:2928} INFO - Setting next_dagrun for example_ML_pipeline_DAG to None
[2021-11-18 00:50:29,246] {processor.py:171} INFO - Processing /Users/sravanisigadam/PycharmProjects/Airflow/dags/SampleDag.py took 0.044 seconds
[2021-11-18 00:51:07,741] {processor.py:163} INFO - Started process (PID=54539) to work on /Users/sravanisigadam/PycharmProjects/Airflow/dags/SampleDag.py
[2021-11-18 00:51:07,741] {processor.py:625} INFO - Processing file /Users/sravanisigadam/PycharmProjects/Airflow/dags/SampleDag.py for tasks to queue
[2021-11-18 00:51:07,741] {logging_mixin.py:109} INFO - [2021-11-18 00:51:07,741] {dagbag.py:500} INFO - Filling up the DagBag from /Users/sravanisigadam/PycharmProjects/Airflow/dags/SampleDag.py
[2021-11-18 00:51:07,764] {processor.py:637} INFO - DAG(s) dict_keys(['example_ML_pipeline_DAG']) retrieved from /Users/sravanisigadam/PycharmProjects/Airflow/dags/SampleDag.py
[2021-11-18 00:51:07,774] {logging_mixin.py:109} INFO - [2021-11-18 00:51:07,774] {dag.py:2396} INFO - Sync 1 DAGs
[2021-11-18 00:51:07,779] {logging_mixin.py:109} INFO - [2021-11-18 00:51:07,779] {dag.py:2928} INFO - Setting next_dagrun for example_ML_pipeline_DAG to None
[2021-11-18 00:51:07,784] {processor.py:171} INFO - Processing /Users/sravanisigadam/PycharmProjects/Airflow/dags/SampleDag.py took 0.044 seconds
[2021-11-18 00:51:46,275] {processor.py:163} INFO - Started process (PID=54564) to work on /Users/sravanisigadam/PycharmProjects/Airflow/dags/SampleDag.py
[2021-11-18 00:51:46,276] {processor.py:625} INFO - Processing file /Users/sravanisigadam/PycharmProjects/Airflow/dags/SampleDag.py for tasks to queue
[2021-11-18 00:51:46,276] {logging_mixin.py:109} INFO - [2021-11-18 00:51:46,276] {dagbag.py:500} INFO - Filling up the DagBag from /Users/sravanisigadam/PycharmProjects/Airflow/dags/SampleDag.py
[2021-11-18 00:51:46,298] {processor.py:637} INFO - DAG(s) dict_keys(['example_ML_pipeline_DAG']) retrieved from /Users/sravanisigadam/PycharmProjects/Airflow/dags/SampleDag.py
[2021-11-18 00:51:46,309] {logging_mixin.py:109} INFO - [2021-11-18 00:51:46,309] {dag.py:2396} INFO - Sync 1 DAGs
[2021-11-18 00:51:46,314] {logging_mixin.py:109} INFO - [2021-11-18 00:51:46,314] {dag.py:2928} INFO - Setting next_dagrun for example_ML_pipeline_DAG to None
[2021-11-18 00:51:46,319] {processor.py:171} INFO - Processing /Users/sravanisigadam/PycharmProjects/Airflow/dags/SampleDag.py took 0.044 seconds
[2021-11-18 00:52:25,468] {processor.py:163} INFO - Started process (PID=54597) to work on /Users/sravanisigadam/PycharmProjects/Airflow/dags/SampleDag.py
[2021-11-18 00:52:25,468] {processor.py:625} INFO - Processing file /Users/sravanisigadam/PycharmProjects/Airflow/dags/SampleDag.py for tasks to queue
[2021-11-18 00:52:25,468] {logging_mixin.py:109} INFO - [2021-11-18 00:52:25,468] {dagbag.py:500} INFO - Filling up the DagBag from /Users/sravanisigadam/PycharmProjects/Airflow/dags/SampleDag.py
[2021-11-18 00:52:25,491] {processor.py:637} INFO - DAG(s) dict_keys(['example_ML_pipeline_DAG']) retrieved from /Users/sravanisigadam/PycharmProjects/Airflow/dags/SampleDag.py
[2021-11-18 00:52:25,501] {logging_mixin.py:109} INFO - [2021-11-18 00:52:25,501] {dag.py:2396} INFO - Sync 1 DAGs
[2021-11-18 00:52:25,506] {logging_mixin.py:109} INFO - [2021-11-18 00:52:25,506] {dag.py:2928} INFO - Setting next_dagrun for example_ML_pipeline_DAG to None
[2021-11-18 00:52:25,510] {processor.py:171} INFO - Processing /Users/sravanisigadam/PycharmProjects/Airflow/dags/SampleDag.py took 0.043 seconds
[2021-11-18 00:53:03,349] {processor.py:163} INFO - Started process (PID=54619) to work on /Users/sravanisigadam/PycharmProjects/Airflow/dags/SampleDag.py
[2021-11-18 00:53:03,349] {processor.py:625} INFO - Processing file /Users/sravanisigadam/PycharmProjects/Airflow/dags/SampleDag.py for tasks to queue
[2021-11-18 00:53:03,350] {logging_mixin.py:109} INFO - [2021-11-18 00:53:03,350] {dagbag.py:500} INFO - Filling up the DagBag from /Users/sravanisigadam/PycharmProjects/Airflow/dags/SampleDag.py
[2021-11-18 00:53:03,373] {processor.py:637} INFO - DAG(s) dict_keys(['example_ML_pipeline_DAG']) retrieved from /Users/sravanisigadam/PycharmProjects/Airflow/dags/SampleDag.py
[2021-11-18 00:53:03,383] {logging_mixin.py:109} INFO - [2021-11-18 00:53:03,383] {dag.py:2396} INFO - Sync 1 DAGs
[2021-11-18 00:53:03,388] {logging_mixin.py:109} INFO - [2021-11-18 00:53:03,388] {dag.py:2928} INFO - Setting next_dagrun for example_ML_pipeline_DAG to None
[2021-11-18 00:53:03,393] {processor.py:171} INFO - Processing /Users/sravanisigadam/PycharmProjects/Airflow/dags/SampleDag.py took 0.044 seconds
[2021-11-18 00:53:43,056] {processor.py:163} INFO - Started process (PID=54642) to work on /Users/sravanisigadam/PycharmProjects/Airflow/dags/SampleDag.py
[2021-11-18 00:53:43,056] {processor.py:625} INFO - Processing file /Users/sravanisigadam/PycharmProjects/Airflow/dags/SampleDag.py for tasks to queue
[2021-11-18 00:53:43,056] {logging_mixin.py:109} INFO - [2021-11-18 00:53:43,056] {dagbag.py:500} INFO - Filling up the DagBag from /Users/sravanisigadam/PycharmProjects/Airflow/dags/SampleDag.py
[2021-11-18 00:53:43,080] {processor.py:637} INFO - DAG(s) dict_keys(['example_ML_pipeline_DAG']) retrieved from /Users/sravanisigadam/PycharmProjects/Airflow/dags/SampleDag.py
[2021-11-18 00:53:43,090] {logging_mixin.py:109} INFO - [2021-11-18 00:53:43,090] {dag.py:2396} INFO - Sync 1 DAGs
[2021-11-18 00:53:43,095] {logging_mixin.py:109} INFO - [2021-11-18 00:53:43,095] {dag.py:2928} INFO - Setting next_dagrun for example_ML_pipeline_DAG to None
[2021-11-18 00:53:43,100] {processor.py:171} INFO - Processing /Users/sravanisigadam/PycharmProjects/Airflow/dags/SampleDag.py took 0.045 seconds
[2021-11-18 00:54:21,210] {processor.py:163} INFO - Started process (PID=54661) to work on /Users/sravanisigadam/PycharmProjects/Airflow/dags/SampleDag.py
[2021-11-18 00:54:21,210] {processor.py:625} INFO - Processing file /Users/sravanisigadam/PycharmProjects/Airflow/dags/SampleDag.py for tasks to queue
[2021-11-18 00:54:21,210] {logging_mixin.py:109} INFO - [2021-11-18 00:54:21,210] {dagbag.py:500} INFO - Filling up the DagBag from /Users/sravanisigadam/PycharmProjects/Airflow/dags/SampleDag.py
[2021-11-18 00:54:21,233] {processor.py:637} INFO - DAG(s) dict_keys(['example_ML_pipeline_DAG']) retrieved from /Users/sravanisigadam/PycharmProjects/Airflow/dags/SampleDag.py
[2021-11-18 00:54:21,243] {logging_mixin.py:109} INFO - [2021-11-18 00:54:21,243] {dag.py:2396} INFO - Sync 1 DAGs
[2021-11-18 00:54:21,248] {logging_mixin.py:109} INFO - [2021-11-18 00:54:21,248] {dag.py:2928} INFO - Setting next_dagrun for example_ML_pipeline_DAG to None
[2021-11-18 00:54:21,252] {processor.py:171} INFO - Processing /Users/sravanisigadam/PycharmProjects/Airflow/dags/SampleDag.py took 0.043 seconds
[2021-11-18 00:55:00,332] {processor.py:163} INFO - Started process (PID=54682) to work on /Users/sravanisigadam/PycharmProjects/Airflow/dags/SampleDag.py
[2021-11-18 00:55:00,333] {processor.py:625} INFO - Processing file /Users/sravanisigadam/PycharmProjects/Airflow/dags/SampleDag.py for tasks to queue
[2021-11-18 00:55:00,333] {logging_mixin.py:109} INFO - [2021-11-18 00:55:00,333] {dagbag.py:500} INFO - Filling up the DagBag from /Users/sravanisigadam/PycharmProjects/Airflow/dags/SampleDag.py
[2021-11-18 00:55:00,356] {processor.py:637} INFO - DAG(s) dict_keys(['example_ML_pipeline_DAG']) retrieved from /Users/sravanisigadam/PycharmProjects/Airflow/dags/SampleDag.py
[2021-11-18 00:55:00,366] {logging_mixin.py:109} INFO - [2021-11-18 00:55:00,366] {dag.py:2396} INFO - Sync 1 DAGs
[2021-11-18 00:55:00,371] {logging_mixin.py:109} INFO - [2021-11-18 00:55:00,371] {dag.py:2928} INFO - Setting next_dagrun for example_ML_pipeline_DAG to None
[2021-11-18 00:55:00,376] {processor.py:171} INFO - Processing /Users/sravanisigadam/PycharmProjects/Airflow/dags/SampleDag.py took 0.044 seconds
[2021-11-18 00:55:39,178] {processor.py:163} INFO - Started process (PID=54703) to work on /Users/sravanisigadam/PycharmProjects/Airflow/dags/SampleDag.py
[2021-11-18 00:55:39,178] {processor.py:625} INFO - Processing file /Users/sravanisigadam/PycharmProjects/Airflow/dags/SampleDag.py for tasks to queue
[2021-11-18 00:55:39,178] {logging_mixin.py:109} INFO - [2021-11-18 00:55:39,178] {dagbag.py:500} INFO - Filling up the DagBag from /Users/sravanisigadam/PycharmProjects/Airflow/dags/SampleDag.py
[2021-11-18 00:55:39,203] {processor.py:637} INFO - DAG(s) dict_keys(['example_ML_pipeline_DAG']) retrieved from /Users/sravanisigadam/PycharmProjects/Airflow/dags/SampleDag.py
[2021-11-18 00:55:39,213] {logging_mixin.py:109} INFO - [2021-11-18 00:55:39,213] {dag.py:2396} INFO - Sync 1 DAGs
[2021-11-18 00:55:39,218] {logging_mixin.py:109} INFO - [2021-11-18 00:55:39,218] {dag.py:2928} INFO - Setting next_dagrun for example_ML_pipeline_DAG to None
[2021-11-18 00:55:39,222] {processor.py:171} INFO - Processing /Users/sravanisigadam/PycharmProjects/Airflow/dags/SampleDag.py took 0.045 seconds
[2021-11-18 00:56:18,879] {processor.py:163} INFO - Started process (PID=54722) to work on /Users/sravanisigadam/PycharmProjects/Airflow/dags/SampleDag.py
[2021-11-18 00:56:18,879] {processor.py:625} INFO - Processing file /Users/sravanisigadam/PycharmProjects/Airflow/dags/SampleDag.py for tasks to queue
[2021-11-18 00:56:18,879] {logging_mixin.py:109} INFO - [2021-11-18 00:56:18,879] {dagbag.py:500} INFO - Filling up the DagBag from /Users/sravanisigadam/PycharmProjects/Airflow/dags/SampleDag.py
[2021-11-18 00:56:18,902] {processor.py:637} INFO - DAG(s) dict_keys(['example_ML_pipeline_DAG']) retrieved from /Users/sravanisigadam/PycharmProjects/Airflow/dags/SampleDag.py
[2021-11-18 00:56:18,912] {logging_mixin.py:109} INFO - [2021-11-18 00:56:18,912] {dag.py:2396} INFO - Sync 1 DAGs
[2021-11-18 00:56:18,917] {logging_mixin.py:109} INFO - [2021-11-18 00:56:18,917] {dag.py:2928} INFO - Setting next_dagrun for example_ML_pipeline_DAG to None
[2021-11-18 00:56:18,921] {processor.py:171} INFO - Processing /Users/sravanisigadam/PycharmProjects/Airflow/dags/SampleDag.py took 0.043 seconds
[2021-11-18 00:56:57,604] {processor.py:163} INFO - Started process (PID=54742) to work on /Users/sravanisigadam/PycharmProjects/Airflow/dags/SampleDag.py
[2021-11-18 00:56:57,604] {processor.py:625} INFO - Processing file /Users/sravanisigadam/PycharmProjects/Airflow/dags/SampleDag.py for tasks to queue
[2021-11-18 00:56:57,604] {logging_mixin.py:109} INFO - [2021-11-18 00:56:57,604] {dagbag.py:500} INFO - Filling up the DagBag from /Users/sravanisigadam/PycharmProjects/Airflow/dags/SampleDag.py
[2021-11-18 00:56:57,627] {processor.py:637} INFO - DAG(s) dict_keys(['example_ML_pipeline_DAG']) retrieved from /Users/sravanisigadam/PycharmProjects/Airflow/dags/SampleDag.py
[2021-11-18 00:56:57,637] {logging_mixin.py:109} INFO - [2021-11-18 00:56:57,637] {dag.py:2396} INFO - Sync 1 DAGs
[2021-11-18 00:56:57,642] {logging_mixin.py:109} INFO - [2021-11-18 00:56:57,642] {dag.py:2928} INFO - Setting next_dagrun for example_ML_pipeline_DAG to None
[2021-11-18 00:56:57,647] {processor.py:171} INFO - Processing /Users/sravanisigadam/PycharmProjects/Airflow/dags/SampleDag.py took 0.044 seconds
[2021-11-18 00:57:36,850] {processor.py:163} INFO - Started process (PID=54763) to work on /Users/sravanisigadam/PycharmProjects/Airflow/dags/SampleDag.py
[2021-11-18 00:57:36,851] {processor.py:625} INFO - Processing file /Users/sravanisigadam/PycharmProjects/Airflow/dags/SampleDag.py for tasks to queue
[2021-11-18 00:57:36,851] {logging_mixin.py:109} INFO - [2021-11-18 00:57:36,851] {dagbag.py:500} INFO - Filling up the DagBag from /Users/sravanisigadam/PycharmProjects/Airflow/dags/SampleDag.py
[2021-11-18 00:57:36,873] {processor.py:637} INFO - DAG(s) dict_keys(['example_ML_pipeline_DAG']) retrieved from /Users/sravanisigadam/PycharmProjects/Airflow/dags/SampleDag.py
[2021-11-18 00:57:36,884] {logging_mixin.py:109} INFO - [2021-11-18 00:57:36,884] {dag.py:2396} INFO - Sync 1 DAGs
[2021-11-18 00:57:36,889] {logging_mixin.py:109} INFO - [2021-11-18 00:57:36,889] {dag.py:2928} INFO - Setting next_dagrun for example_ML_pipeline_DAG to None
[2021-11-18 00:57:36,894] {processor.py:171} INFO - Processing /Users/sravanisigadam/PycharmProjects/Airflow/dags/SampleDag.py took 0.044 seconds
[2021-11-18 00:58:15,815] {processor.py:163} INFO - Started process (PID=54783) to work on /Users/sravanisigadam/PycharmProjects/Airflow/dags/SampleDag.py
[2021-11-18 00:58:15,815] {processor.py:625} INFO - Processing file /Users/sravanisigadam/PycharmProjects/Airflow/dags/SampleDag.py for tasks to queue
[2021-11-18 00:58:15,815] {logging_mixin.py:109} INFO - [2021-11-18 00:58:15,815] {dagbag.py:500} INFO - Filling up the DagBag from /Users/sravanisigadam/PycharmProjects/Airflow/dags/SampleDag.py
[2021-11-18 00:58:15,838] {processor.py:637} INFO - DAG(s) dict_keys(['example_ML_pipeline_DAG']) retrieved from /Users/sravanisigadam/PycharmProjects/Airflow/dags/SampleDag.py
[2021-11-18 00:58:15,849] {logging_mixin.py:109} INFO - [2021-11-18 00:58:15,849] {dag.py:2396} INFO - Sync 1 DAGs
[2021-11-18 00:58:15,854] {logging_mixin.py:109} INFO - [2021-11-18 00:58:15,854] {dag.py:2928} INFO - Setting next_dagrun for example_ML_pipeline_DAG to None
[2021-11-18 00:58:15,859] {processor.py:171} INFO - Processing /Users/sravanisigadam/PycharmProjects/Airflow/dags/SampleDag.py took 0.044 seconds
[2021-11-18 00:58:55,105] {processor.py:163} INFO - Started process (PID=54802) to work on /Users/sravanisigadam/PycharmProjects/Airflow/dags/SampleDag.py
[2021-11-18 00:58:55,106] {processor.py:625} INFO - Processing file /Users/sravanisigadam/PycharmProjects/Airflow/dags/SampleDag.py for tasks to queue
[2021-11-18 00:58:55,106] {logging_mixin.py:109} INFO - [2021-11-18 00:58:55,106] {dagbag.py:500} INFO - Filling up the DagBag from /Users/sravanisigadam/PycharmProjects/Airflow/dags/SampleDag.py
[2021-11-18 00:58:55,129] {processor.py:637} INFO - DAG(s) dict_keys(['example_ML_pipeline_DAG']) retrieved from /Users/sravanisigadam/PycharmProjects/Airflow/dags/SampleDag.py
[2021-11-18 00:58:55,139] {logging_mixin.py:109} INFO - [2021-11-18 00:58:55,139] {dag.py:2396} INFO - Sync 1 DAGs
[2021-11-18 00:58:55,144] {logging_mixin.py:109} INFO - [2021-11-18 00:58:55,144] {dag.py:2928} INFO - Setting next_dagrun for example_ML_pipeline_DAG to None
[2021-11-18 00:58:55,149] {processor.py:171} INFO - Processing /Users/sravanisigadam/PycharmProjects/Airflow/dags/SampleDag.py took 0.044 seconds
[2021-11-18 00:59:33,695] {processor.py:163} INFO - Started process (PID=54822) to work on /Users/sravanisigadam/PycharmProjects/Airflow/dags/SampleDag.py
[2021-11-18 00:59:33,695] {processor.py:625} INFO - Processing file /Users/sravanisigadam/PycharmProjects/Airflow/dags/SampleDag.py for tasks to queue
[2021-11-18 00:59:33,695] {logging_mixin.py:109} INFO - [2021-11-18 00:59:33,695] {dagbag.py:500} INFO - Filling up the DagBag from /Users/sravanisigadam/PycharmProjects/Airflow/dags/SampleDag.py
[2021-11-18 00:59:33,718] {processor.py:637} INFO - DAG(s) dict_keys(['example_ML_pipeline_DAG']) retrieved from /Users/sravanisigadam/PycharmProjects/Airflow/dags/SampleDag.py
[2021-11-18 00:59:33,729] {logging_mixin.py:109} INFO - [2021-11-18 00:59:33,729] {dag.py:2396} INFO - Sync 1 DAGs
[2021-11-18 00:59:33,734] {logging_mixin.py:109} INFO - [2021-11-18 00:59:33,734] {dag.py:2928} INFO - Setting next_dagrun for example_ML_pipeline_DAG to None
[2021-11-18 00:59:33,739] {processor.py:171} INFO - Processing /Users/sravanisigadam/PycharmProjects/Airflow/dags/SampleDag.py took 0.045 seconds
[2021-11-18 01:00:12,996] {processor.py:163} INFO - Started process (PID=54845) to work on /Users/sravanisigadam/PycharmProjects/Airflow/dags/SampleDag.py
[2021-11-18 01:00:12,996] {processor.py:625} INFO - Processing file /Users/sravanisigadam/PycharmProjects/Airflow/dags/SampleDag.py for tasks to queue
[2021-11-18 01:00:12,996] {logging_mixin.py:109} INFO - [2021-11-18 01:00:12,996] {dagbag.py:500} INFO - Filling up the DagBag from /Users/sravanisigadam/PycharmProjects/Airflow/dags/SampleDag.py
[2021-11-18 01:00:13,019] {processor.py:637} INFO - DAG(s) dict_keys(['example_ML_pipeline_DAG']) retrieved from /Users/sravanisigadam/PycharmProjects/Airflow/dags/SampleDag.py
[2021-11-18 01:00:13,029] {logging_mixin.py:109} INFO - [2021-11-18 01:00:13,029] {dag.py:2396} INFO - Sync 1 DAGs
[2021-11-18 01:00:13,034] {logging_mixin.py:109} INFO - [2021-11-18 01:00:13,034] {dag.py:2928} INFO - Setting next_dagrun for example_ML_pipeline_DAG to None
[2021-11-18 01:00:13,039] {processor.py:171} INFO - Processing /Users/sravanisigadam/PycharmProjects/Airflow/dags/SampleDag.py took 0.044 seconds
[2021-11-18 01:00:53,690] {processor.py:163} INFO - Started process (PID=54866) to work on /Users/sravanisigadam/PycharmProjects/Airflow/dags/SampleDag.py
[2021-11-18 01:00:53,691] {processor.py:625} INFO - Processing file /Users/sravanisigadam/PycharmProjects/Airflow/dags/SampleDag.py for tasks to queue
[2021-11-18 01:00:53,691] {logging_mixin.py:109} INFO - [2021-11-18 01:00:53,691] {dagbag.py:500} INFO - Filling up the DagBag from /Users/sravanisigadam/PycharmProjects/Airflow/dags/SampleDag.py
[2021-11-18 01:00:53,714] {processor.py:637} INFO - DAG(s) dict_keys(['example_ML_pipeline_DAG']) retrieved from /Users/sravanisigadam/PycharmProjects/Airflow/dags/SampleDag.py
[2021-11-18 01:00:53,724] {logging_mixin.py:109} INFO - [2021-11-18 01:00:53,724] {dag.py:2396} INFO - Sync 1 DAGs
[2021-11-18 01:00:53,729] {logging_mixin.py:109} INFO - [2021-11-18 01:00:53,729] {dag.py:2928} INFO - Setting next_dagrun for example_ML_pipeline_DAG to None
[2021-11-18 01:00:53,733] {processor.py:171} INFO - Processing /Users/sravanisigadam/PycharmProjects/Airflow/dags/SampleDag.py took 0.043 seconds
[2021-11-18 01:01:33,126] {processor.py:163} INFO - Started process (PID=54885) to work on /Users/sravanisigadam/PycharmProjects/Airflow/dags/SampleDag.py
[2021-11-18 01:01:33,126] {processor.py:625} INFO - Processing file /Users/sravanisigadam/PycharmProjects/Airflow/dags/SampleDag.py for tasks to queue
[2021-11-18 01:01:33,126] {logging_mixin.py:109} INFO - [2021-11-18 01:01:33,126] {dagbag.py:500} INFO - Filling up the DagBag from /Users/sravanisigadam/PycharmProjects/Airflow/dags/SampleDag.py
[2021-11-18 01:01:33,149] {processor.py:637} INFO - DAG(s) dict_keys(['example_ML_pipeline_DAG']) retrieved from /Users/sravanisigadam/PycharmProjects/Airflow/dags/SampleDag.py
[2021-11-18 01:01:33,160] {logging_mixin.py:109} INFO - [2021-11-18 01:01:33,159] {dag.py:2396} INFO - Sync 1 DAGs
[2021-11-18 01:01:33,164] {logging_mixin.py:109} INFO - [2021-11-18 01:01:33,164] {dag.py:2928} INFO - Setting next_dagrun for example_ML_pipeline_DAG to None
[2021-11-18 01:01:33,170] {processor.py:171} INFO - Processing /Users/sravanisigadam/PycharmProjects/Airflow/dags/SampleDag.py took 0.045 seconds
[2021-11-18 01:02:13,938] {processor.py:163} INFO - Started process (PID=54905) to work on /Users/sravanisigadam/PycharmProjects/Airflow/dags/SampleDag.py
[2021-11-18 01:02:13,938] {processor.py:625} INFO - Processing file /Users/sravanisigadam/PycharmProjects/Airflow/dags/SampleDag.py for tasks to queue
[2021-11-18 01:02:13,938] {logging_mixin.py:109} INFO - [2021-11-18 01:02:13,938] {dagbag.py:500} INFO - Filling up the DagBag from /Users/sravanisigadam/PycharmProjects/Airflow/dags/SampleDag.py
[2021-11-18 01:02:13,961] {processor.py:637} INFO - DAG(s) dict_keys(['example_ML_pipeline_DAG']) retrieved from /Users/sravanisigadam/PycharmProjects/Airflow/dags/SampleDag.py
[2021-11-18 01:02:13,971] {logging_mixin.py:109} INFO - [2021-11-18 01:02:13,971] {dag.py:2396} INFO - Sync 1 DAGs
[2021-11-18 01:02:13,976] {logging_mixin.py:109} INFO - [2021-11-18 01:02:13,976] {dag.py:2928} INFO - Setting next_dagrun for example_ML_pipeline_DAG to None
[2021-11-18 01:02:13,981] {processor.py:171} INFO - Processing /Users/sravanisigadam/PycharmProjects/Airflow/dags/SampleDag.py took 0.044 seconds
[2021-11-18 01:02:53,206] {processor.py:163} INFO - Started process (PID=54924) to work on /Users/sravanisigadam/PycharmProjects/Airflow/dags/SampleDag.py
[2021-11-18 01:02:53,207] {processor.py:625} INFO - Processing file /Users/sravanisigadam/PycharmProjects/Airflow/dags/SampleDag.py for tasks to queue
[2021-11-18 01:02:53,207] {logging_mixin.py:109} INFO - [2021-11-18 01:02:53,207] {dagbag.py:500} INFO - Filling up the DagBag from /Users/sravanisigadam/PycharmProjects/Airflow/dags/SampleDag.py
[2021-11-18 01:02:53,231] {processor.py:637} INFO - DAG(s) dict_keys(['example_ML_pipeline_DAG']) retrieved from /Users/sravanisigadam/PycharmProjects/Airflow/dags/SampleDag.py
[2021-11-18 01:02:53,241] {logging_mixin.py:109} INFO - [2021-11-18 01:02:53,241] {dag.py:2396} INFO - Sync 1 DAGs
[2021-11-18 01:02:53,246] {logging_mixin.py:109} INFO - [2021-11-18 01:02:53,246] {dag.py:2928} INFO - Setting next_dagrun for example_ML_pipeline_DAG to None
[2021-11-18 01:02:53,251] {processor.py:171} INFO - Processing /Users/sravanisigadam/PycharmProjects/Airflow/dags/SampleDag.py took 0.045 seconds
[2021-11-18 01:03:34,018] {processor.py:163} INFO - Started process (PID=54947) to work on /Users/sravanisigadam/PycharmProjects/Airflow/dags/SampleDag.py
[2021-11-18 01:03:34,018] {processor.py:625} INFO - Processing file /Users/sravanisigadam/PycharmProjects/Airflow/dags/SampleDag.py for tasks to queue
[2021-11-18 01:03:34,018] {logging_mixin.py:109} INFO - [2021-11-18 01:03:34,018] {dagbag.py:500} INFO - Filling up the DagBag from /Users/sravanisigadam/PycharmProjects/Airflow/dags/SampleDag.py
[2021-11-18 01:03:34,041] {processor.py:637} INFO - DAG(s) dict_keys(['example_ML_pipeline_DAG']) retrieved from /Users/sravanisigadam/PycharmProjects/Airflow/dags/SampleDag.py
[2021-11-18 01:03:34,051] {logging_mixin.py:109} INFO - [2021-11-18 01:03:34,051] {dag.py:2396} INFO - Sync 1 DAGs
[2021-11-18 01:03:34,056] {logging_mixin.py:109} INFO - [2021-11-18 01:03:34,056] {dag.py:2928} INFO - Setting next_dagrun for example_ML_pipeline_DAG to None
[2021-11-18 01:03:34,060] {processor.py:171} INFO - Processing /Users/sravanisigadam/PycharmProjects/Airflow/dags/SampleDag.py took 0.043 seconds
[2021-11-18 01:04:13,258] {processor.py:163} INFO - Started process (PID=54966) to work on /Users/sravanisigadam/PycharmProjects/Airflow/dags/SampleDag.py
[2021-11-18 01:04:13,258] {processor.py:625} INFO - Processing file /Users/sravanisigadam/PycharmProjects/Airflow/dags/SampleDag.py for tasks to queue
[2021-11-18 01:04:13,258] {logging_mixin.py:109} INFO - [2021-11-18 01:04:13,258] {dagbag.py:500} INFO - Filling up the DagBag from /Users/sravanisigadam/PycharmProjects/Airflow/dags/SampleDag.py
[2021-11-18 01:04:13,282] {processor.py:637} INFO - DAG(s) dict_keys(['example_ML_pipeline_DAG']) retrieved from /Users/sravanisigadam/PycharmProjects/Airflow/dags/SampleDag.py
[2021-11-18 01:04:13,292] {logging_mixin.py:109} INFO - [2021-11-18 01:04:13,292] {dag.py:2396} INFO - Sync 1 DAGs
[2021-11-18 01:04:13,297] {logging_mixin.py:109} INFO - [2021-11-18 01:04:13,297] {dag.py:2928} INFO - Setting next_dagrun for example_ML_pipeline_DAG to None
[2021-11-18 01:04:13,302] {processor.py:171} INFO - Processing /Users/sravanisigadam/PycharmProjects/Airflow/dags/SampleDag.py took 0.045 seconds
[2021-11-18 01:04:53,962] {processor.py:163} INFO - Started process (PID=54986) to work on /Users/sravanisigadam/PycharmProjects/Airflow/dags/SampleDag.py
[2021-11-18 01:04:53,962] {processor.py:625} INFO - Processing file /Users/sravanisigadam/PycharmProjects/Airflow/dags/SampleDag.py for tasks to queue
[2021-11-18 01:04:53,962] {logging_mixin.py:109} INFO - [2021-11-18 01:04:53,962] {dagbag.py:500} INFO - Filling up the DagBag from /Users/sravanisigadam/PycharmProjects/Airflow/dags/SampleDag.py
[2021-11-18 01:04:53,985] {processor.py:637} INFO - DAG(s) dict_keys(['example_ML_pipeline_DAG']) retrieved from /Users/sravanisigadam/PycharmProjects/Airflow/dags/SampleDag.py
[2021-11-18 01:04:53,995] {logging_mixin.py:109} INFO - [2021-11-18 01:04:53,995] {dag.py:2396} INFO - Sync 1 DAGs
[2021-11-18 01:04:54,000] {logging_mixin.py:109} INFO - [2021-11-18 01:04:54,000] {dag.py:2928} INFO - Setting next_dagrun for example_ML_pipeline_DAG to None
[2021-11-18 01:04:54,005] {processor.py:171} INFO - Processing /Users/sravanisigadam/PycharmProjects/Airflow/dags/SampleDag.py took 0.043 seconds
[2021-11-18 01:05:33,358] {processor.py:163} INFO - Started process (PID=55005) to work on /Users/sravanisigadam/PycharmProjects/Airflow/dags/SampleDag.py
[2021-11-18 01:05:33,358] {processor.py:625} INFO - Processing file /Users/sravanisigadam/PycharmProjects/Airflow/dags/SampleDag.py for tasks to queue
[2021-11-18 01:05:33,358] {logging_mixin.py:109} INFO - [2021-11-18 01:05:33,358] {dagbag.py:500} INFO - Filling up the DagBag from /Users/sravanisigadam/PycharmProjects/Airflow/dags/SampleDag.py
[2021-11-18 01:05:33,381] {processor.py:637} INFO - DAG(s) dict_keys(['example_ML_pipeline_DAG']) retrieved from /Users/sravanisigadam/PycharmProjects/Airflow/dags/SampleDag.py
[2021-11-18 01:05:33,391] {logging_mixin.py:109} INFO - [2021-11-18 01:05:33,391] {dag.py:2396} INFO - Sync 1 DAGs
[2021-11-18 01:05:33,396] {logging_mixin.py:109} INFO - [2021-11-18 01:05:33,396] {dag.py:2928} INFO - Setting next_dagrun for example_ML_pipeline_DAG to None
[2021-11-18 01:05:33,401] {processor.py:171} INFO - Processing /Users/sravanisigadam/PycharmProjects/Airflow/dags/SampleDag.py took 0.044 seconds
[2021-11-18 01:06:14,156] {processor.py:163} INFO - Started process (PID=55025) to work on /Users/sravanisigadam/PycharmProjects/Airflow/dags/SampleDag.py
[2021-11-18 01:06:14,156] {processor.py:625} INFO - Processing file /Users/sravanisigadam/PycharmProjects/Airflow/dags/SampleDag.py for tasks to queue
[2021-11-18 01:06:14,156] {logging_mixin.py:109} INFO - [2021-11-18 01:06:14,156] {dagbag.py:500} INFO - Filling up the DagBag from /Users/sravanisigadam/PycharmProjects/Airflow/dags/SampleDag.py
[2021-11-18 01:06:14,179] {processor.py:637} INFO - DAG(s) dict_keys(['example_ML_pipeline_DAG']) retrieved from /Users/sravanisigadam/PycharmProjects/Airflow/dags/SampleDag.py
[2021-11-18 01:06:14,189] {logging_mixin.py:109} INFO - [2021-11-18 01:06:14,189] {dag.py:2396} INFO - Sync 1 DAGs
[2021-11-18 01:06:14,194] {logging_mixin.py:109} INFO - [2021-11-18 01:06:14,194] {dag.py:2928} INFO - Setting next_dagrun for example_ML_pipeline_DAG to None
[2021-11-18 01:06:14,199] {processor.py:171} INFO - Processing /Users/sravanisigadam/PycharmProjects/Airflow/dags/SampleDag.py took 0.044 seconds
[2021-11-18 01:06:53,414] {processor.py:163} INFO - Started process (PID=55044) to work on /Users/sravanisigadam/PycharmProjects/Airflow/dags/SampleDag.py
[2021-11-18 01:06:53,414] {processor.py:625} INFO - Processing file /Users/sravanisigadam/PycharmProjects/Airflow/dags/SampleDag.py for tasks to queue
[2021-11-18 01:06:53,414] {logging_mixin.py:109} INFO - [2021-11-18 01:06:53,414] {dagbag.py:500} INFO - Filling up the DagBag from /Users/sravanisigadam/PycharmProjects/Airflow/dags/SampleDag.py
[2021-11-18 01:06:53,436] {processor.py:637} INFO - DAG(s) dict_keys(['example_ML_pipeline_DAG']) retrieved from /Users/sravanisigadam/PycharmProjects/Airflow/dags/SampleDag.py
[2021-11-18 01:06:53,446] {logging_mixin.py:109} INFO - [2021-11-18 01:06:53,446] {dag.py:2396} INFO - Sync 1 DAGs
[2021-11-18 01:06:53,451] {logging_mixin.py:109} INFO - [2021-11-18 01:06:53,451] {dag.py:2928} INFO - Setting next_dagrun for example_ML_pipeline_DAG to None
[2021-11-18 01:06:53,456] {processor.py:171} INFO - Processing /Users/sravanisigadam/PycharmProjects/Airflow/dags/SampleDag.py took 0.043 seconds
[2021-11-18 01:07:34,080] {processor.py:163} INFO - Started process (PID=55090) to work on /Users/sravanisigadam/PycharmProjects/Airflow/dags/SampleDag.py
[2021-11-18 01:07:34,081] {processor.py:625} INFO - Processing file /Users/sravanisigadam/PycharmProjects/Airflow/dags/SampleDag.py for tasks to queue
[2021-11-18 01:07:34,081] {logging_mixin.py:109} INFO - [2021-11-18 01:07:34,081] {dagbag.py:500} INFO - Filling up the DagBag from /Users/sravanisigadam/PycharmProjects/Airflow/dags/SampleDag.py
[2021-11-18 01:07:34,107] {processor.py:637} INFO - DAG(s) dict_keys(['example_ML_pipeline_DAG']) retrieved from /Users/sravanisigadam/PycharmProjects/Airflow/dags/SampleDag.py
[2021-11-18 01:07:34,117] {logging_mixin.py:109} INFO - [2021-11-18 01:07:34,117] {dag.py:2396} INFO - Sync 1 DAGs
[2021-11-18 01:07:34,122] {logging_mixin.py:109} INFO - [2021-11-18 01:07:34,122] {dag.py:2928} INFO - Setting next_dagrun for example_ML_pipeline_DAG to None
[2021-11-18 01:07:34,127] {processor.py:171} INFO - Processing /Users/sravanisigadam/PycharmProjects/Airflow/dags/SampleDag.py took 0.047 seconds
[2021-11-18 01:08:13,759] {processor.py:163} INFO - Started process (PID=55112) to work on /Users/sravanisigadam/PycharmProjects/Airflow/dags/SampleDag.py
[2021-11-18 01:08:13,760] {processor.py:625} INFO - Processing file /Users/sravanisigadam/PycharmProjects/Airflow/dags/SampleDag.py for tasks to queue
[2021-11-18 01:08:13,760] {logging_mixin.py:109} INFO - [2021-11-18 01:08:13,760] {dagbag.py:500} INFO - Filling up the DagBag from /Users/sravanisigadam/PycharmProjects/Airflow/dags/SampleDag.py
[2021-11-18 01:08:13,783] {processor.py:637} INFO - DAG(s) dict_keys(['example_ML_pipeline_DAG']) retrieved from /Users/sravanisigadam/PycharmProjects/Airflow/dags/SampleDag.py
[2021-11-18 01:08:13,793] {logging_mixin.py:109} INFO - [2021-11-18 01:08:13,792] {dag.py:2396} INFO - Sync 1 DAGs
[2021-11-18 01:08:13,797] {logging_mixin.py:109} INFO - [2021-11-18 01:08:13,797] {dag.py:2928} INFO - Setting next_dagrun for example_ML_pipeline_DAG to None
[2021-11-18 01:08:13,802] {processor.py:171} INFO - Processing /Users/sravanisigadam/PycharmProjects/Airflow/dags/SampleDag.py took 0.043 seconds
[2021-11-18 01:11:13,082] {processor.py:163} INFO - Started process (PID=55168) to work on /Users/sravanisigadam/PycharmProjects/Airflow/dags/SampleDag.py
[2021-11-18 01:11:13,083] {processor.py:625} INFO - Processing file /Users/sravanisigadam/PycharmProjects/Airflow/dags/SampleDag.py for tasks to queue
[2021-11-18 01:11:13,083] {logging_mixin.py:109} INFO - [2021-11-18 01:11:13,083] {dagbag.py:500} INFO - Filling up the DagBag from /Users/sravanisigadam/PycharmProjects/Airflow/dags/SampleDag.py
[2021-11-18 01:11:13,105] {processor.py:637} INFO - DAG(s) dict_keys(['example_ML_pipeline_DAG']) retrieved from /Users/sravanisigadam/PycharmProjects/Airflow/dags/SampleDag.py
[2021-11-18 01:11:13,115] {logging_mixin.py:109} INFO - [2021-11-18 01:11:13,115] {dag.py:2396} INFO - Sync 1 DAGs
[2021-11-18 01:11:13,120] {logging_mixin.py:109} INFO - [2021-11-18 01:11:13,120] {dag.py:2928} INFO - Setting next_dagrun for example_ML_pipeline_DAG to None
[2021-11-18 01:11:13,125] {processor.py:171} INFO - Processing /Users/sravanisigadam/PycharmProjects/Airflow/dags/SampleDag.py took 0.043 seconds
[2021-11-18 01:12:07,966] {processor.py:163} INFO - Started process (PID=55198) to work on /Users/sravanisigadam/PycharmProjects/Airflow/dags/SampleDag.py
[2021-11-18 01:12:07,967] {processor.py:625} INFO - Processing file /Users/sravanisigadam/PycharmProjects/Airflow/dags/SampleDag.py for tasks to queue
[2021-11-18 01:12:07,967] {logging_mixin.py:109} INFO - [2021-11-18 01:12:07,967] {dagbag.py:500} INFO - Filling up the DagBag from /Users/sravanisigadam/PycharmProjects/Airflow/dags/SampleDag.py
[2021-11-18 01:12:07,993] {processor.py:637} INFO - DAG(s) dict_keys(['example_ML_pipeline_DAG']) retrieved from /Users/sravanisigadam/PycharmProjects/Airflow/dags/SampleDag.py
[2021-11-18 01:12:08,003] {logging_mixin.py:109} INFO - [2021-11-18 01:12:08,003] {dag.py:2396} INFO - Sync 1 DAGs
[2021-11-18 01:12:08,008] {logging_mixin.py:109} INFO - [2021-11-18 01:12:08,008] {dag.py:2928} INFO - Setting next_dagrun for example_ML_pipeline_DAG to None
[2021-11-18 01:12:08,012] {processor.py:171} INFO - Processing /Users/sravanisigadam/PycharmProjects/Airflow/dags/SampleDag.py took 0.047 seconds
[2021-11-18 01:12:47,051] {processor.py:163} INFO - Started process (PID=55217) to work on /Users/sravanisigadam/PycharmProjects/Airflow/dags/SampleDag.py
[2021-11-18 01:12:47,051] {processor.py:625} INFO - Processing file /Users/sravanisigadam/PycharmProjects/Airflow/dags/SampleDag.py for tasks to queue
[2021-11-18 01:12:47,051] {logging_mixin.py:109} INFO - [2021-11-18 01:12:47,051] {dagbag.py:500} INFO - Filling up the DagBag from /Users/sravanisigadam/PycharmProjects/Airflow/dags/SampleDag.py
[2021-11-18 01:12:47,074] {processor.py:637} INFO - DAG(s) dict_keys(['example_ML_pipeline_DAG']) retrieved from /Users/sravanisigadam/PycharmProjects/Airflow/dags/SampleDag.py
[2021-11-18 01:12:47,085] {logging_mixin.py:109} INFO - [2021-11-18 01:12:47,085] {dag.py:2396} INFO - Sync 1 DAGs
[2021-11-18 01:12:47,090] {logging_mixin.py:109} INFO - [2021-11-18 01:12:47,090] {dag.py:2928} INFO - Setting next_dagrun for example_ML_pipeline_DAG to None
[2021-11-18 01:12:47,095] {processor.py:171} INFO - Processing /Users/sravanisigadam/PycharmProjects/Airflow/dags/SampleDag.py took 0.044 seconds
[2021-11-18 03:14:12,720] {processor.py:163} INFO - Started process (PID=55301) to work on /Users/sravanisigadam/PycharmProjects/Airflow/dags/SampleDag.py
[2021-11-18 03:14:12,720] {processor.py:625} INFO - Processing file /Users/sravanisigadam/PycharmProjects/Airflow/dags/SampleDag.py for tasks to queue
[2021-11-18 03:14:12,721] {logging_mixin.py:109} INFO - [2021-11-18 03:14:12,721] {dagbag.py:500} INFO - Filling up the DagBag from /Users/sravanisigadam/PycharmProjects/Airflow/dags/SampleDag.py
[2021-11-18 03:14:12,742] {processor.py:637} INFO - DAG(s) dict_keys(['example_ML_pipeline_DAG']) retrieved from /Users/sravanisigadam/PycharmProjects/Airflow/dags/SampleDag.py
[2021-11-18 03:14:12,752] {logging_mixin.py:109} INFO - [2021-11-18 03:14:12,752] {dag.py:2396} INFO - Sync 1 DAGs
[2021-11-18 03:14:12,757] {logging_mixin.py:109} INFO - [2021-11-18 03:14:12,757] {dag.py:2928} INFO - Setting next_dagrun for example_ML_pipeline_DAG to None
[2021-11-18 03:14:12,761] {processor.py:171} INFO - Processing /Users/sravanisigadam/PycharmProjects/Airflow/dags/SampleDag.py took 0.041 seconds
[2021-11-18 09:34:27,636] {processor.py:163} INFO - Started process (PID=55429) to work on /Users/sravanisigadam/PycharmProjects/Airflow/dags/SampleDag.py
[2021-11-18 09:34:27,637] {processor.py:625} INFO - Processing file /Users/sravanisigadam/PycharmProjects/Airflow/dags/SampleDag.py for tasks to queue
[2021-11-18 09:34:27,638] {logging_mixin.py:109} INFO - [2021-11-18 09:34:27,638] {dagbag.py:500} INFO - Filling up the DagBag from /Users/sravanisigadam/PycharmProjects/Airflow/dags/SampleDag.py
[2021-11-18 09:34:27,669] {processor.py:637} INFO - DAG(s) dict_keys(['example_ML_pipeline_DAG']) retrieved from /Users/sravanisigadam/PycharmProjects/Airflow/dags/SampleDag.py
[2021-11-18 09:34:27,679] {logging_mixin.py:109} INFO - [2021-11-18 09:34:27,679] {dag.py:2396} INFO - Sync 1 DAGs
[2021-11-18 09:34:27,684] {logging_mixin.py:109} INFO - [2021-11-18 09:34:27,684] {dag.py:2928} INFO - Setting next_dagrun for example_ML_pipeline_DAG to None
[2021-11-18 09:34:27,688] {processor.py:171} INFO - Processing /Users/sravanisigadam/PycharmProjects/Airflow/dags/SampleDag.py took 0.052 seconds
[2021-11-18 15:34:57,566] {processor.py:163} INFO - Started process (PID=55525) to work on /Users/sravanisigadam/PycharmProjects/Airflow/dags/SampleDag.py
[2021-11-18 15:34:57,567] {processor.py:625} INFO - Processing file /Users/sravanisigadam/PycharmProjects/Airflow/dags/SampleDag.py for tasks to queue
[2021-11-18 15:34:57,567] {logging_mixin.py:109} INFO - [2021-11-18 15:34:57,567] {dagbag.py:500} INFO - Filling up the DagBag from /Users/sravanisigadam/PycharmProjects/Airflow/dags/SampleDag.py
[2021-11-18 15:34:57,590] {processor.py:637} INFO - DAG(s) dict_keys(['example_ML_pipeline_DAG']) retrieved from /Users/sravanisigadam/PycharmProjects/Airflow/dags/SampleDag.py
[2021-11-18 15:34:57,601] {logging_mixin.py:109} INFO - [2021-11-18 15:34:57,601] {dag.py:2396} INFO - Sync 1 DAGs
[2021-11-18 15:34:57,606] {logging_mixin.py:109} INFO - [2021-11-18 15:34:57,606] {dag.py:2928} INFO - Setting next_dagrun for example_ML_pipeline_DAG to None
[2021-11-18 15:34:57,611] {processor.py:171} INFO - Processing /Users/sravanisigadam/PycharmProjects/Airflow/dags/SampleDag.py took 0.045 seconds
