[2021-11-18 18:24:53,352] {processor.py:163} INFO - Started process (PID=55622) to work on /Users/sravanisigadam/PycharmProjects/Airflow/dags/SampleDag.py
[2021-11-18 18:24:53,352] {processor.py:625} INFO - Processing file /Users/sravanisigadam/PycharmProjects/Airflow/dags/SampleDag.py for tasks to queue
[2021-11-18 18:24:53,352] {logging_mixin.py:109} INFO - [2021-11-18 18:24:53,352] {dagbag.py:500} INFO - Filling up the DagBag from /Users/sravanisigadam/PycharmProjects/Airflow/dags/SampleDag.py
[2021-11-18 18:24:53,376] {processor.py:637} INFO - DAG(s) dict_keys(['example_ML_pipeline_DAG']) retrieved from /Users/sravanisigadam/PycharmProjects/Airflow/dags/SampleDag.py
[2021-11-18 18:24:53,388] {logging_mixin.py:109} INFO - [2021-11-18 18:24:53,387] {dag.py:2396} INFO - Sync 1 DAGs
[2021-11-18 18:24:53,399] {logging_mixin.py:109} INFO - [2021-11-18 18:24:53,399] {dag.py:2928} INFO - Setting next_dagrun for example_ML_pipeline_DAG to None
[2021-11-18 18:24:53,412] {processor.py:171} INFO - Processing /Users/sravanisigadam/PycharmProjects/Airflow/dags/SampleDag.py took 0.060 seconds
[2021-11-18 18:25:33,362] {processor.py:163} INFO - Started process (PID=55667) to work on /Users/sravanisigadam/PycharmProjects/Airflow/dags/SampleDag.py
[2021-11-18 18:25:33,363] {processor.py:625} INFO - Processing file /Users/sravanisigadam/PycharmProjects/Airflow/dags/SampleDag.py for tasks to queue
[2021-11-18 18:25:33,363] {logging_mixin.py:109} INFO - [2021-11-18 18:25:33,363] {dagbag.py:500} INFO - Filling up the DagBag from /Users/sravanisigadam/PycharmProjects/Airflow/dags/SampleDag.py
[2021-11-18 18:25:33,387] {processor.py:637} INFO - DAG(s) dict_keys(['example_ML_pipeline_DAG']) retrieved from /Users/sravanisigadam/PycharmProjects/Airflow/dags/SampleDag.py
[2021-11-18 18:25:33,398] {logging_mixin.py:109} INFO - [2021-11-18 18:25:33,398] {dag.py:2396} INFO - Sync 1 DAGs
[2021-11-18 18:25:33,403] {logging_mixin.py:109} INFO - [2021-11-18 18:25:33,403] {dag.py:2928} INFO - Setting next_dagrun for example_ML_pipeline_DAG to None
[2021-11-18 18:25:33,408] {processor.py:171} INFO - Processing /Users/sravanisigadam/PycharmProjects/Airflow/dags/SampleDag.py took 0.046 seconds
[2021-11-18 18:26:11,875] {processor.py:163} INFO - Started process (PID=55779) to work on /Users/sravanisigadam/PycharmProjects/Airflow/dags/SampleDag.py
[2021-11-18 18:26:11,876] {processor.py:625} INFO - Processing file /Users/sravanisigadam/PycharmProjects/Airflow/dags/SampleDag.py for tasks to queue
[2021-11-18 18:26:11,876] {logging_mixin.py:109} INFO - [2021-11-18 18:26:11,876] {dagbag.py:500} INFO - Filling up the DagBag from /Users/sravanisigadam/PycharmProjects/Airflow/dags/SampleDag.py
[2021-11-18 18:26:11,901] {processor.py:637} INFO - DAG(s) dict_keys(['example_ML_pipeline_DAG']) retrieved from /Users/sravanisigadam/PycharmProjects/Airflow/dags/SampleDag.py
[2021-11-18 18:26:11,912] {logging_mixin.py:109} INFO - [2021-11-18 18:26:11,912] {dag.py:2396} INFO - Sync 1 DAGs
[2021-11-18 18:26:11,918] {logging_mixin.py:109} INFO - [2021-11-18 18:26:11,918] {dag.py:2928} INFO - Setting next_dagrun for example_ML_pipeline_DAG to None
[2021-11-18 18:26:11,923] {processor.py:171} INFO - Processing /Users/sravanisigadam/PycharmProjects/Airflow/dags/SampleDag.py took 0.049 seconds
[2021-11-18 18:26:51,778] {processor.py:163} INFO - Started process (PID=55808) to work on /Users/sravanisigadam/PycharmProjects/Airflow/dags/SampleDag.py
[2021-11-18 18:26:51,779] {processor.py:625} INFO - Processing file /Users/sravanisigadam/PycharmProjects/Airflow/dags/SampleDag.py for tasks to queue
[2021-11-18 18:26:51,779] {logging_mixin.py:109} INFO - [2021-11-18 18:26:51,779] {dagbag.py:500} INFO - Filling up the DagBag from /Users/sravanisigadam/PycharmProjects/Airflow/dags/SampleDag.py
[2021-11-18 18:26:51,805] {processor.py:637} INFO - DAG(s) dict_keys(['example_ML_pipeline_DAG']) retrieved from /Users/sravanisigadam/PycharmProjects/Airflow/dags/SampleDag.py
[2021-11-18 18:26:51,817] {logging_mixin.py:109} INFO - [2021-11-18 18:26:51,816] {dag.py:2396} INFO - Sync 1 DAGs
[2021-11-18 18:26:51,822] {logging_mixin.py:109} INFO - [2021-11-18 18:26:51,822] {dag.py:2928} INFO - Setting next_dagrun for example_ML_pipeline_DAG to None
[2021-11-18 18:26:51,827] {processor.py:171} INFO - Processing /Users/sravanisigadam/PycharmProjects/Airflow/dags/SampleDag.py took 0.049 seconds
[2021-11-18 18:27:32,153] {processor.py:163} INFO - Started process (PID=55836) to work on /Users/sravanisigadam/PycharmProjects/Airflow/dags/SampleDag.py
[2021-11-18 18:27:32,154] {processor.py:625} INFO - Processing file /Users/sravanisigadam/PycharmProjects/Airflow/dags/SampleDag.py for tasks to queue
[2021-11-18 18:27:32,154] {logging_mixin.py:109} INFO - [2021-11-18 18:27:32,154] {dagbag.py:500} INFO - Filling up the DagBag from /Users/sravanisigadam/PycharmProjects/Airflow/dags/SampleDag.py
[2021-11-18 18:27:32,179] {processor.py:637} INFO - DAG(s) dict_keys(['example_ML_pipeline_DAG']) retrieved from /Users/sravanisigadam/PycharmProjects/Airflow/dags/SampleDag.py
[2021-11-18 18:27:32,190] {logging_mixin.py:109} INFO - [2021-11-18 18:27:32,190] {dag.py:2396} INFO - Sync 1 DAGs
[2021-11-18 18:27:32,195] {logging_mixin.py:109} INFO - [2021-11-18 18:27:32,195] {dag.py:2928} INFO - Setting next_dagrun for example_ML_pipeline_DAG to None
[2021-11-18 18:27:32,200] {processor.py:171} INFO - Processing /Users/sravanisigadam/PycharmProjects/Airflow/dags/SampleDag.py took 0.047 seconds
[2021-11-18 18:28:11,974] {processor.py:163} INFO - Started process (PID=55882) to work on /Users/sravanisigadam/PycharmProjects/Airflow/dags/SampleDag.py
[2021-11-18 18:28:11,975] {processor.py:625} INFO - Processing file /Users/sravanisigadam/PycharmProjects/Airflow/dags/SampleDag.py for tasks to queue
[2021-11-18 18:28:11,975] {logging_mixin.py:109} INFO - [2021-11-18 18:28:11,975] {dagbag.py:500} INFO - Filling up the DagBag from /Users/sravanisigadam/PycharmProjects/Airflow/dags/SampleDag.py
[2021-11-18 18:28:11,998] {processor.py:637} INFO - DAG(s) dict_keys(['example_ML_pipeline_DAG']) retrieved from /Users/sravanisigadam/PycharmProjects/Airflow/dags/SampleDag.py
[2021-11-18 18:28:12,008] {logging_mixin.py:109} INFO - [2021-11-18 18:28:12,008] {dag.py:2396} INFO - Sync 1 DAGs
[2021-11-18 18:28:12,013] {logging_mixin.py:109} INFO - [2021-11-18 18:28:12,013] {dag.py:2928} INFO - Setting next_dagrun for example_ML_pipeline_DAG to None
[2021-11-18 18:28:12,017] {processor.py:171} INFO - Processing /Users/sravanisigadam/PycharmProjects/Airflow/dags/SampleDag.py took 0.043 seconds
[2021-11-18 18:28:52,403] {processor.py:163} INFO - Started process (PID=55902) to work on /Users/sravanisigadam/PycharmProjects/Airflow/dags/SampleDag.py
[2021-11-18 18:28:52,403] {processor.py:625} INFO - Processing file /Users/sravanisigadam/PycharmProjects/Airflow/dags/SampleDag.py for tasks to queue
[2021-11-18 18:28:52,403] {logging_mixin.py:109} INFO - [2021-11-18 18:28:52,403] {dagbag.py:500} INFO - Filling up the DagBag from /Users/sravanisigadam/PycharmProjects/Airflow/dags/SampleDag.py
[2021-11-18 18:28:52,427] {processor.py:637} INFO - DAG(s) dict_keys(['example_ML_pipeline_DAG']) retrieved from /Users/sravanisigadam/PycharmProjects/Airflow/dags/SampleDag.py
[2021-11-18 18:28:52,436] {logging_mixin.py:109} INFO - [2021-11-18 18:28:52,436] {dag.py:2396} INFO - Sync 1 DAGs
[2021-11-18 18:28:52,441] {logging_mixin.py:109} INFO - [2021-11-18 18:28:52,441] {dag.py:2928} INFO - Setting next_dagrun for example_ML_pipeline_DAG to None
[2021-11-18 18:28:52,446] {processor.py:171} INFO - Processing /Users/sravanisigadam/PycharmProjects/Airflow/dags/SampleDag.py took 0.044 seconds
[2021-11-18 18:29:32,074] {processor.py:163} INFO - Started process (PID=55921) to work on /Users/sravanisigadam/PycharmProjects/Airflow/dags/SampleDag.py
[2021-11-18 18:29:32,074] {processor.py:625} INFO - Processing file /Users/sravanisigadam/PycharmProjects/Airflow/dags/SampleDag.py for tasks to queue
[2021-11-18 18:29:32,074] {logging_mixin.py:109} INFO - [2021-11-18 18:29:32,074] {dagbag.py:500} INFO - Filling up the DagBag from /Users/sravanisigadam/PycharmProjects/Airflow/dags/SampleDag.py
[2021-11-18 18:29:32,096] {processor.py:637} INFO - DAG(s) dict_keys(['example_ML_pipeline_DAG']) retrieved from /Users/sravanisigadam/PycharmProjects/Airflow/dags/SampleDag.py
[2021-11-18 18:29:32,106] {logging_mixin.py:109} INFO - [2021-11-18 18:29:32,106] {dag.py:2396} INFO - Sync 1 DAGs
[2021-11-18 18:29:32,111] {logging_mixin.py:109} INFO - [2021-11-18 18:29:32,111] {dag.py:2928} INFO - Setting next_dagrun for example_ML_pipeline_DAG to None
[2021-11-18 18:29:32,116] {processor.py:171} INFO - Processing /Users/sravanisigadam/PycharmProjects/Airflow/dags/SampleDag.py took 0.043 seconds
[2021-11-18 18:30:12,439] {processor.py:163} INFO - Started process (PID=55942) to work on /Users/sravanisigadam/PycharmProjects/Airflow/dags/SampleDag.py
[2021-11-18 18:30:12,439] {processor.py:625} INFO - Processing file /Users/sravanisigadam/PycharmProjects/Airflow/dags/SampleDag.py for tasks to queue
[2021-11-18 18:30:12,439] {logging_mixin.py:109} INFO - [2021-11-18 18:30:12,439] {dagbag.py:500} INFO - Filling up the DagBag from /Users/sravanisigadam/PycharmProjects/Airflow/dags/SampleDag.py
[2021-11-18 18:30:12,462] {processor.py:637} INFO - DAG(s) dict_keys(['example_ML_pipeline_DAG']) retrieved from /Users/sravanisigadam/PycharmProjects/Airflow/dags/SampleDag.py
[2021-11-18 18:30:12,472] {logging_mixin.py:109} INFO - [2021-11-18 18:30:12,472] {dag.py:2396} INFO - Sync 1 DAGs
[2021-11-18 18:30:12,477] {logging_mixin.py:109} INFO - [2021-11-18 18:30:12,477] {dag.py:2928} INFO - Setting next_dagrun for example_ML_pipeline_DAG to None
[2021-11-18 18:30:12,483] {processor.py:171} INFO - Processing /Users/sravanisigadam/PycharmProjects/Airflow/dags/SampleDag.py took 0.044 seconds
[2021-11-18 18:30:52,123] {processor.py:163} INFO - Started process (PID=55962) to work on /Users/sravanisigadam/PycharmProjects/Airflow/dags/SampleDag.py
[2021-11-18 18:30:52,124] {processor.py:625} INFO - Processing file /Users/sravanisigadam/PycharmProjects/Airflow/dags/SampleDag.py for tasks to queue
[2021-11-18 18:30:52,124] {logging_mixin.py:109} INFO - [2021-11-18 18:30:52,124] {dagbag.py:500} INFO - Filling up the DagBag from /Users/sravanisigadam/PycharmProjects/Airflow/dags/SampleDag.py
[2021-11-18 18:30:52,147] {processor.py:637} INFO - DAG(s) dict_keys(['example_ML_pipeline_DAG']) retrieved from /Users/sravanisigadam/PycharmProjects/Airflow/dags/SampleDag.py
[2021-11-18 18:30:52,157] {logging_mixin.py:109} INFO - [2021-11-18 18:30:52,157] {dag.py:2396} INFO - Sync 1 DAGs
[2021-11-18 18:30:52,162] {logging_mixin.py:109} INFO - [2021-11-18 18:30:52,162] {dag.py:2928} INFO - Setting next_dagrun for example_ML_pipeline_DAG to None
[2021-11-18 18:30:52,166] {processor.py:171} INFO - Processing /Users/sravanisigadam/PycharmProjects/Airflow/dags/SampleDag.py took 0.043 seconds
[2021-11-18 18:31:32,572] {processor.py:163} INFO - Started process (PID=55982) to work on /Users/sravanisigadam/PycharmProjects/Airflow/dags/SampleDag.py
[2021-11-18 18:31:32,572] {processor.py:625} INFO - Processing file /Users/sravanisigadam/PycharmProjects/Airflow/dags/SampleDag.py for tasks to queue
[2021-11-18 18:31:32,573] {logging_mixin.py:109} INFO - [2021-11-18 18:31:32,573] {dagbag.py:500} INFO - Filling up the DagBag from /Users/sravanisigadam/PycharmProjects/Airflow/dags/SampleDag.py
[2021-11-18 18:31:32,596] {processor.py:637} INFO - DAG(s) dict_keys(['example_ML_pipeline_DAG']) retrieved from /Users/sravanisigadam/PycharmProjects/Airflow/dags/SampleDag.py
[2021-11-18 18:31:32,606] {logging_mixin.py:109} INFO - [2021-11-18 18:31:32,606] {dag.py:2396} INFO - Sync 1 DAGs
[2021-11-18 18:31:32,611] {logging_mixin.py:109} INFO - [2021-11-18 18:31:32,611] {dag.py:2928} INFO - Setting next_dagrun for example_ML_pipeline_DAG to None
[2021-11-18 18:31:32,617] {processor.py:171} INFO - Processing /Users/sravanisigadam/PycharmProjects/Airflow/dags/SampleDag.py took 0.045 seconds
[2021-11-18 18:32:12,301] {processor.py:163} INFO - Started process (PID=56009) to work on /Users/sravanisigadam/PycharmProjects/Airflow/dags/SampleDag.py
[2021-11-18 18:32:12,301] {processor.py:625} INFO - Processing file /Users/sravanisigadam/PycharmProjects/Airflow/dags/SampleDag.py for tasks to queue
[2021-11-18 18:32:12,301] {logging_mixin.py:109} INFO - [2021-11-18 18:32:12,301] {dagbag.py:500} INFO - Filling up the DagBag from /Users/sravanisigadam/PycharmProjects/Airflow/dags/SampleDag.py
[2021-11-18 18:32:12,324] {processor.py:637} INFO - DAG(s) dict_keys(['example_ML_pipeline_DAG']) retrieved from /Users/sravanisigadam/PycharmProjects/Airflow/dags/SampleDag.py
[2021-11-18 18:32:12,335] {logging_mixin.py:109} INFO - [2021-11-18 18:32:12,335] {dag.py:2396} INFO - Sync 1 DAGs
[2021-11-18 18:32:12,340] {logging_mixin.py:109} INFO - [2021-11-18 18:32:12,340] {dag.py:2928} INFO - Setting next_dagrun for example_ML_pipeline_DAG to None
[2021-11-18 18:32:12,344] {processor.py:171} INFO - Processing /Users/sravanisigadam/PycharmProjects/Airflow/dags/SampleDag.py took 0.044 seconds
[2021-11-18 18:32:52,628] {processor.py:163} INFO - Started process (PID=56030) to work on /Users/sravanisigadam/PycharmProjects/Airflow/dags/SampleDag.py
[2021-11-18 18:32:52,629] {processor.py:625} INFO - Processing file /Users/sravanisigadam/PycharmProjects/Airflow/dags/SampleDag.py for tasks to queue
[2021-11-18 18:32:52,629] {logging_mixin.py:109} INFO - [2021-11-18 18:32:52,629] {dagbag.py:500} INFO - Filling up the DagBag from /Users/sravanisigadam/PycharmProjects/Airflow/dags/SampleDag.py
[2021-11-18 18:32:52,652] {processor.py:637} INFO - DAG(s) dict_keys(['example_ML_pipeline_DAG']) retrieved from /Users/sravanisigadam/PycharmProjects/Airflow/dags/SampleDag.py
[2021-11-18 18:32:52,662] {logging_mixin.py:109} INFO - [2021-11-18 18:32:52,662] {dag.py:2396} INFO - Sync 1 DAGs
[2021-11-18 18:32:52,667] {logging_mixin.py:109} INFO - [2021-11-18 18:32:52,667] {dag.py:2928} INFO - Setting next_dagrun for example_ML_pipeline_DAG to None
[2021-11-18 18:32:52,671] {processor.py:171} INFO - Processing /Users/sravanisigadam/PycharmProjects/Airflow/dags/SampleDag.py took 0.043 seconds
[2021-11-18 18:33:32,285] {processor.py:163} INFO - Started process (PID=56049) to work on /Users/sravanisigadam/PycharmProjects/Airflow/dags/SampleDag.py
[2021-11-18 18:33:32,286] {processor.py:625} INFO - Processing file /Users/sravanisigadam/PycharmProjects/Airflow/dags/SampleDag.py for tasks to queue
[2021-11-18 18:33:32,286] {logging_mixin.py:109} INFO - [2021-11-18 18:33:32,286] {dagbag.py:500} INFO - Filling up the DagBag from /Users/sravanisigadam/PycharmProjects/Airflow/dags/SampleDag.py
[2021-11-18 18:33:32,310] {processor.py:637} INFO - DAG(s) dict_keys(['example_ML_pipeline_DAG']) retrieved from /Users/sravanisigadam/PycharmProjects/Airflow/dags/SampleDag.py
[2021-11-18 18:33:32,320] {logging_mixin.py:109} INFO - [2021-11-18 18:33:32,320] {dag.py:2396} INFO - Sync 1 DAGs
[2021-11-18 18:33:32,325] {logging_mixin.py:109} INFO - [2021-11-18 18:33:32,325] {dag.py:2928} INFO - Setting next_dagrun for example_ML_pipeline_DAG to None
[2021-11-18 18:33:32,330] {processor.py:171} INFO - Processing /Users/sravanisigadam/PycharmProjects/Airflow/dags/SampleDag.py took 0.045 seconds
[2021-11-18 18:45:58,976] {processor.py:163} INFO - Started process (PID=56090) to work on /Users/sravanisigadam/PycharmProjects/Airflow/dags/SampleDag.py
[2021-11-18 18:45:58,977] {processor.py:625} INFO - Processing file /Users/sravanisigadam/PycharmProjects/Airflow/dags/SampleDag.py for tasks to queue
[2021-11-18 18:45:58,977] {logging_mixin.py:109} INFO - [2021-11-18 18:45:58,977] {dagbag.py:500} INFO - Filling up the DagBag from /Users/sravanisigadam/PycharmProjects/Airflow/dags/SampleDag.py
[2021-11-18 18:45:59,001] {processor.py:637} INFO - DAG(s) dict_keys(['example_ML_pipeline_DAG']) retrieved from /Users/sravanisigadam/PycharmProjects/Airflow/dags/SampleDag.py
[2021-11-18 18:45:59,010] {logging_mixin.py:109} INFO - [2021-11-18 18:45:59,010] {dag.py:2396} INFO - Sync 1 DAGs
[2021-11-18 18:45:59,015] {logging_mixin.py:109} INFO - [2021-11-18 18:45:59,015] {dag.py:2928} INFO - Setting next_dagrun for example_ML_pipeline_DAG to None
[2021-11-18 18:45:59,019] {processor.py:171} INFO - Processing /Users/sravanisigadam/PycharmProjects/Airflow/dags/SampleDag.py took 0.044 seconds
[2021-11-18 18:46:49,895] {processor.py:163} INFO - Started process (PID=56118) to work on /Users/sravanisigadam/PycharmProjects/Airflow/dags/SampleDag.py
[2021-11-18 18:46:49,895] {processor.py:625} INFO - Processing file /Users/sravanisigadam/PycharmProjects/Airflow/dags/SampleDag.py for tasks to queue
[2021-11-18 18:46:49,896] {logging_mixin.py:109} INFO - [2021-11-18 18:46:49,896] {dagbag.py:500} INFO - Filling up the DagBag from /Users/sravanisigadam/PycharmProjects/Airflow/dags/SampleDag.py
[2021-11-18 18:46:49,921] {processor.py:637} INFO - DAG(s) dict_keys(['example_ML_pipeline_DAG']) retrieved from /Users/sravanisigadam/PycharmProjects/Airflow/dags/SampleDag.py
[2021-11-18 18:46:49,932] {logging_mixin.py:109} INFO - [2021-11-18 18:46:49,932] {dag.py:2396} INFO - Sync 1 DAGs
[2021-11-18 18:46:49,938] {logging_mixin.py:109} INFO - [2021-11-18 18:46:49,938] {dag.py:2928} INFO - Setting next_dagrun for example_ML_pipeline_DAG to None
[2021-11-18 18:46:49,943] {processor.py:171} INFO - Processing /Users/sravanisigadam/PycharmProjects/Airflow/dags/SampleDag.py took 0.048 seconds
[2021-11-18 18:47:29,384] {processor.py:163} INFO - Started process (PID=56151) to work on /Users/sravanisigadam/PycharmProjects/Airflow/dags/SampleDag.py
[2021-11-18 18:47:29,386] {processor.py:625} INFO - Processing file /Users/sravanisigadam/PycharmProjects/Airflow/dags/SampleDag.py for tasks to queue
[2021-11-18 18:47:29,386] {logging_mixin.py:109} INFO - [2021-11-18 18:47:29,386] {dagbag.py:500} INFO - Filling up the DagBag from /Users/sravanisigadam/PycharmProjects/Airflow/dags/SampleDag.py
[2021-11-18 18:47:29,409] {processor.py:637} INFO - DAG(s) dict_keys(['example_ML_pipeline_DAG']) retrieved from /Users/sravanisigadam/PycharmProjects/Airflow/dags/SampleDag.py
[2021-11-18 18:47:29,419] {logging_mixin.py:109} INFO - [2021-11-18 18:47:29,419] {dag.py:2396} INFO - Sync 1 DAGs
[2021-11-18 18:47:29,424] {logging_mixin.py:109} INFO - [2021-11-18 18:47:29,424] {dag.py:2928} INFO - Setting next_dagrun for example_ML_pipeline_DAG to None
[2021-11-18 18:47:29,428] {processor.py:171} INFO - Processing /Users/sravanisigadam/PycharmProjects/Airflow/dags/SampleDag.py took 0.044 seconds
[2021-11-18 18:48:07,704] {processor.py:163} INFO - Started process (PID=56174) to work on /Users/sravanisigadam/PycharmProjects/Airflow/dags/SampleDag.py
[2021-11-18 18:48:07,704] {processor.py:625} INFO - Processing file /Users/sravanisigadam/PycharmProjects/Airflow/dags/SampleDag.py for tasks to queue
[2021-11-18 18:48:07,704] {logging_mixin.py:109} INFO - [2021-11-18 18:48:07,704] {dagbag.py:500} INFO - Filling up the DagBag from /Users/sravanisigadam/PycharmProjects/Airflow/dags/SampleDag.py
[2021-11-18 18:48:07,728] {processor.py:637} INFO - DAG(s) dict_keys(['example_ML_pipeline_DAG']) retrieved from /Users/sravanisigadam/PycharmProjects/Airflow/dags/SampleDag.py
[2021-11-18 18:48:07,739] {logging_mixin.py:109} INFO - [2021-11-18 18:48:07,739] {dag.py:2396} INFO - Sync 1 DAGs
[2021-11-18 18:48:07,744] {logging_mixin.py:109} INFO - [2021-11-18 18:48:07,744] {dag.py:2928} INFO - Setting next_dagrun for example_ML_pipeline_DAG to None
[2021-11-18 18:48:07,749] {processor.py:171} INFO - Processing /Users/sravanisigadam/PycharmProjects/Airflow/dags/SampleDag.py took 0.046 seconds
[2021-11-18 18:48:48,014] {processor.py:163} INFO - Started process (PID=56207) to work on /Users/sravanisigadam/PycharmProjects/Airflow/dags/SampleDag.py
[2021-11-18 18:48:48,015] {processor.py:625} INFO - Processing file /Users/sravanisigadam/PycharmProjects/Airflow/dags/SampleDag.py for tasks to queue
[2021-11-18 18:48:48,015] {logging_mixin.py:109} INFO - [2021-11-18 18:48:48,015] {dagbag.py:500} INFO - Filling up the DagBag from /Users/sravanisigadam/PycharmProjects/Airflow/dags/SampleDag.py
[2021-11-18 18:48:48,040] {processor.py:637} INFO - DAG(s) dict_keys(['example_ML_pipeline_DAG']) retrieved from /Users/sravanisigadam/PycharmProjects/Airflow/dags/SampleDag.py
[2021-11-18 18:48:48,054] {logging_mixin.py:109} INFO - [2021-11-18 18:48:48,054] {dag.py:2396} INFO - Sync 1 DAGs
[2021-11-18 18:48:48,060] {logging_mixin.py:109} INFO - [2021-11-18 18:48:48,060] {dag.py:2928} INFO - Setting next_dagrun for example_ML_pipeline_DAG to None
[2021-11-18 18:48:48,065] {processor.py:171} INFO - Processing /Users/sravanisigadam/PycharmProjects/Airflow/dags/SampleDag.py took 0.051 seconds
[2021-11-18 18:49:29,573] {processor.py:163} INFO - Started process (PID=56232) to work on /Users/sravanisigadam/PycharmProjects/Airflow/dags/SampleDag.py
[2021-11-18 18:49:29,573] {processor.py:625} INFO - Processing file /Users/sravanisigadam/PycharmProjects/Airflow/dags/SampleDag.py for tasks to queue
[2021-11-18 18:49:29,573] {logging_mixin.py:109} INFO - [2021-11-18 18:49:29,573] {dagbag.py:500} INFO - Filling up the DagBag from /Users/sravanisigadam/PycharmProjects/Airflow/dags/SampleDag.py
[2021-11-18 18:49:29,598] {processor.py:637} INFO - DAG(s) dict_keys(['example_ML_pipeline_DAG']) retrieved from /Users/sravanisigadam/PycharmProjects/Airflow/dags/SampleDag.py
[2021-11-18 18:49:29,608] {logging_mixin.py:109} INFO - [2021-11-18 18:49:29,608] {dag.py:2396} INFO - Sync 1 DAGs
[2021-11-18 18:49:29,613] {logging_mixin.py:109} INFO - [2021-11-18 18:49:29,613] {dag.py:2928} INFO - Setting next_dagrun for example_ML_pipeline_DAG to None
[2021-11-18 18:49:29,618] {processor.py:171} INFO - Processing /Users/sravanisigadam/PycharmProjects/Airflow/dags/SampleDag.py took 0.045 seconds
[2021-11-18 18:50:11,226] {processor.py:163} INFO - Started process (PID=56255) to work on /Users/sravanisigadam/PycharmProjects/Airflow/dags/SampleDag.py
[2021-11-18 18:50:11,226] {processor.py:625} INFO - Processing file /Users/sravanisigadam/PycharmProjects/Airflow/dags/SampleDag.py for tasks to queue
[2021-11-18 18:50:11,226] {logging_mixin.py:109} INFO - [2021-11-18 18:50:11,226] {dagbag.py:500} INFO - Filling up the DagBag from /Users/sravanisigadam/PycharmProjects/Airflow/dags/SampleDag.py
[2021-11-18 18:50:11,250] {processor.py:637} INFO - DAG(s) dict_keys(['example_ML_pipeline_DAG']) retrieved from /Users/sravanisigadam/PycharmProjects/Airflow/dags/SampleDag.py
[2021-11-18 18:50:11,260] {logging_mixin.py:109} INFO - [2021-11-18 18:50:11,260] {dag.py:2396} INFO - Sync 1 DAGs
[2021-11-18 18:50:11,265] {logging_mixin.py:109} INFO - [2021-11-18 18:50:11,265] {dag.py:2928} INFO - Setting next_dagrun for example_ML_pipeline_DAG to None
[2021-11-18 18:50:11,270] {processor.py:171} INFO - Processing /Users/sravanisigadam/PycharmProjects/Airflow/dags/SampleDag.py took 0.045 seconds
[2021-11-18 18:50:49,384] {processor.py:163} INFO - Started process (PID=56274) to work on /Users/sravanisigadam/PycharmProjects/Airflow/dags/SampleDag.py
[2021-11-18 18:50:49,384] {processor.py:625} INFO - Processing file /Users/sravanisigadam/PycharmProjects/Airflow/dags/SampleDag.py for tasks to queue
[2021-11-18 18:50:49,384] {logging_mixin.py:109} INFO - [2021-11-18 18:50:49,384] {dagbag.py:500} INFO - Filling up the DagBag from /Users/sravanisigadam/PycharmProjects/Airflow/dags/SampleDag.py
[2021-11-18 18:50:49,407] {processor.py:637} INFO - DAG(s) dict_keys(['example_ML_pipeline_DAG']) retrieved from /Users/sravanisigadam/PycharmProjects/Airflow/dags/SampleDag.py
[2021-11-18 18:50:49,419] {logging_mixin.py:109} INFO - [2021-11-18 18:50:49,419] {dag.py:2396} INFO - Sync 1 DAGs
[2021-11-18 18:50:49,424] {logging_mixin.py:109} INFO - [2021-11-18 18:50:49,424] {dag.py:2928} INFO - Setting next_dagrun for example_ML_pipeline_DAG to None
[2021-11-18 18:50:49,429] {processor.py:171} INFO - Processing /Users/sravanisigadam/PycharmProjects/Airflow/dags/SampleDag.py took 0.045 seconds
[2021-11-18 18:51:27,335] {processor.py:163} INFO - Started process (PID=56294) to work on /Users/sravanisigadam/PycharmProjects/Airflow/dags/SampleDag.py
[2021-11-18 18:51:27,335] {processor.py:625} INFO - Processing file /Users/sravanisigadam/PycharmProjects/Airflow/dags/SampleDag.py for tasks to queue
[2021-11-18 18:51:27,336] {logging_mixin.py:109} INFO - [2021-11-18 18:51:27,336] {dagbag.py:500} INFO - Filling up the DagBag from /Users/sravanisigadam/PycharmProjects/Airflow/dags/SampleDag.py
[2021-11-18 18:51:27,359] {processor.py:637} INFO - DAG(s) dict_keys(['example_ML_pipeline_DAG']) retrieved from /Users/sravanisigadam/PycharmProjects/Airflow/dags/SampleDag.py
[2021-11-18 18:51:27,369] {logging_mixin.py:109} INFO - [2021-11-18 18:51:27,369] {dag.py:2396} INFO - Sync 1 DAGs
[2021-11-18 18:51:27,374] {logging_mixin.py:109} INFO - [2021-11-18 18:51:27,374] {dag.py:2928} INFO - Setting next_dagrun for example_ML_pipeline_DAG to None
[2021-11-18 18:51:27,379] {processor.py:171} INFO - Processing /Users/sravanisigadam/PycharmProjects/Airflow/dags/SampleDag.py took 0.045 seconds
[2021-11-18 18:52:06,015] {processor.py:163} INFO - Started process (PID=56318) to work on /Users/sravanisigadam/PycharmProjects/Airflow/dags/SampleDag.py
[2021-11-18 18:52:06,016] {processor.py:625} INFO - Processing file /Users/sravanisigadam/PycharmProjects/Airflow/dags/SampleDag.py for tasks to queue
[2021-11-18 18:52:06,016] {logging_mixin.py:109} INFO - [2021-11-18 18:52:06,016] {dagbag.py:500} INFO - Filling up the DagBag from /Users/sravanisigadam/PycharmProjects/Airflow/dags/SampleDag.py
[2021-11-18 18:52:06,039] {processor.py:637} INFO - DAG(s) dict_keys(['example_ML_pipeline_DAG']) retrieved from /Users/sravanisigadam/PycharmProjects/Airflow/dags/SampleDag.py
[2021-11-18 18:52:06,048] {logging_mixin.py:109} INFO - [2021-11-18 18:52:06,048] {dag.py:2396} INFO - Sync 1 DAGs
[2021-11-18 18:52:06,053] {logging_mixin.py:109} INFO - [2021-11-18 18:52:06,053] {dag.py:2928} INFO - Setting next_dagrun for example_ML_pipeline_DAG to None
[2021-11-18 18:52:06,058] {processor.py:171} INFO - Processing /Users/sravanisigadam/PycharmProjects/Airflow/dags/SampleDag.py took 0.043 seconds
[2021-11-18 18:52:45,099] {processor.py:163} INFO - Started process (PID=56337) to work on /Users/sravanisigadam/PycharmProjects/Airflow/dags/SampleDag.py
[2021-11-18 18:52:45,099] {processor.py:625} INFO - Processing file /Users/sravanisigadam/PycharmProjects/Airflow/dags/SampleDag.py for tasks to queue
[2021-11-18 18:52:45,099] {logging_mixin.py:109} INFO - [2021-11-18 18:52:45,099] {dagbag.py:500} INFO - Filling up the DagBag from /Users/sravanisigadam/PycharmProjects/Airflow/dags/SampleDag.py
[2021-11-18 18:52:45,121] {processor.py:637} INFO - DAG(s) dict_keys(['example_ML_pipeline_DAG']) retrieved from /Users/sravanisigadam/PycharmProjects/Airflow/dags/SampleDag.py
[2021-11-18 18:52:45,132] {logging_mixin.py:109} INFO - [2021-11-18 18:52:45,131] {dag.py:2396} INFO - Sync 1 DAGs
[2021-11-18 18:52:45,137] {logging_mixin.py:109} INFO - [2021-11-18 18:52:45,137] {dag.py:2928} INFO - Setting next_dagrun for example_ML_pipeline_DAG to None
[2021-11-18 18:52:45,142] {processor.py:171} INFO - Processing /Users/sravanisigadam/PycharmProjects/Airflow/dags/SampleDag.py took 0.043 seconds
[2021-11-18 18:53:24,454] {processor.py:163} INFO - Started process (PID=56357) to work on /Users/sravanisigadam/PycharmProjects/Airflow/dags/SampleDag.py
[2021-11-18 18:53:24,454] {processor.py:625} INFO - Processing file /Users/sravanisigadam/PycharmProjects/Airflow/dags/SampleDag.py for tasks to queue
[2021-11-18 18:53:24,455] {logging_mixin.py:109} INFO - [2021-11-18 18:53:24,455] {dagbag.py:500} INFO - Filling up the DagBag from /Users/sravanisigadam/PycharmProjects/Airflow/dags/SampleDag.py
[2021-11-18 18:53:24,477] {processor.py:637} INFO - DAG(s) dict_keys(['example_ML_pipeline_DAG']) retrieved from /Users/sravanisigadam/PycharmProjects/Airflow/dags/SampleDag.py
[2021-11-18 18:53:24,487] {logging_mixin.py:109} INFO - [2021-11-18 18:53:24,487] {dag.py:2396} INFO - Sync 1 DAGs
[2021-11-18 18:53:24,492] {logging_mixin.py:109} INFO - [2021-11-18 18:53:24,492] {dag.py:2928} INFO - Setting next_dagrun for example_ML_pipeline_DAG to None
[2021-11-18 18:53:24,497] {processor.py:171} INFO - Processing /Users/sravanisigadam/PycharmProjects/Airflow/dags/SampleDag.py took 0.043 seconds
[2021-11-18 18:54:02,703] {processor.py:163} INFO - Started process (PID=56377) to work on /Users/sravanisigadam/PycharmProjects/Airflow/dags/SampleDag.py
[2021-11-18 18:54:02,703] {processor.py:625} INFO - Processing file /Users/sravanisigadam/PycharmProjects/Airflow/dags/SampleDag.py for tasks to queue
[2021-11-18 18:54:02,703] {logging_mixin.py:109} INFO - [2021-11-18 18:54:02,703] {dagbag.py:500} INFO - Filling up the DagBag from /Users/sravanisigadam/PycharmProjects/Airflow/dags/SampleDag.py
[2021-11-18 18:54:02,726] {processor.py:637} INFO - DAG(s) dict_keys(['example_ML_pipeline_DAG']) retrieved from /Users/sravanisigadam/PycharmProjects/Airflow/dags/SampleDag.py
[2021-11-18 18:54:02,737] {logging_mixin.py:109} INFO - [2021-11-18 18:54:02,737] {dag.py:2396} INFO - Sync 1 DAGs
[2021-11-18 18:54:02,742] {logging_mixin.py:109} INFO - [2021-11-18 18:54:02,742] {dag.py:2928} INFO - Setting next_dagrun for example_ML_pipeline_DAG to None
[2021-11-18 18:54:02,747] {processor.py:171} INFO - Processing /Users/sravanisigadam/PycharmProjects/Airflow/dags/SampleDag.py took 0.044 seconds
[2021-11-18 18:54:42,157] {processor.py:163} INFO - Started process (PID=56397) to work on /Users/sravanisigadam/PycharmProjects/Airflow/dags/SampleDag.py
[2021-11-18 18:54:42,158] {processor.py:625} INFO - Processing file /Users/sravanisigadam/PycharmProjects/Airflow/dags/SampleDag.py for tasks to queue
[2021-11-18 18:54:42,158] {logging_mixin.py:109} INFO - [2021-11-18 18:54:42,158] {dagbag.py:500} INFO - Filling up the DagBag from /Users/sravanisigadam/PycharmProjects/Airflow/dags/SampleDag.py
[2021-11-18 18:54:42,182] {processor.py:637} INFO - DAG(s) dict_keys(['example_ML_pipeline_DAG']) retrieved from /Users/sravanisigadam/PycharmProjects/Airflow/dags/SampleDag.py
[2021-11-18 18:54:42,192] {logging_mixin.py:109} INFO - [2021-11-18 18:54:42,192] {dag.py:2396} INFO - Sync 1 DAGs
[2021-11-18 18:54:42,197] {logging_mixin.py:109} INFO - [2021-11-18 18:54:42,197] {dag.py:2928} INFO - Setting next_dagrun for example_ML_pipeline_DAG to None
[2021-11-18 18:54:42,202] {processor.py:171} INFO - Processing /Users/sravanisigadam/PycharmProjects/Airflow/dags/SampleDag.py took 0.045 seconds
[2021-11-18 18:55:20,572] {processor.py:163} INFO - Started process (PID=56417) to work on /Users/sravanisigadam/PycharmProjects/Airflow/dags/SampleDag.py
[2021-11-18 18:55:20,573] {processor.py:625} INFO - Processing file /Users/sravanisigadam/PycharmProjects/Airflow/dags/SampleDag.py for tasks to queue
[2021-11-18 18:55:20,573] {logging_mixin.py:109} INFO - [2021-11-18 18:55:20,573] {dagbag.py:500} INFO - Filling up the DagBag from /Users/sravanisigadam/PycharmProjects/Airflow/dags/SampleDag.py
[2021-11-18 18:55:20,598] {processor.py:637} INFO - DAG(s) dict_keys(['example_ML_pipeline_DAG']) retrieved from /Users/sravanisigadam/PycharmProjects/Airflow/dags/SampleDag.py
[2021-11-18 18:55:20,609] {logging_mixin.py:109} INFO - [2021-11-18 18:55:20,608] {dag.py:2396} INFO - Sync 1 DAGs
[2021-11-18 18:55:20,614] {logging_mixin.py:109} INFO - [2021-11-18 18:55:20,614] {dag.py:2928} INFO - Setting next_dagrun for example_ML_pipeline_DAG to None
[2021-11-18 18:55:20,618] {processor.py:171} INFO - Processing /Users/sravanisigadam/PycharmProjects/Airflow/dags/SampleDag.py took 0.047 seconds
[2021-11-18 18:56:00,103] {processor.py:163} INFO - Started process (PID=56439) to work on /Users/sravanisigadam/PycharmProjects/Airflow/dags/SampleDag.py
[2021-11-18 18:56:00,104] {processor.py:625} INFO - Processing file /Users/sravanisigadam/PycharmProjects/Airflow/dags/SampleDag.py for tasks to queue
[2021-11-18 18:56:00,105] {logging_mixin.py:109} INFO - [2021-11-18 18:56:00,105] {dagbag.py:500} INFO - Filling up the DagBag from /Users/sravanisigadam/PycharmProjects/Airflow/dags/SampleDag.py
[2021-11-18 18:56:00,129] {processor.py:637} INFO - DAG(s) dict_keys(['example_ML_pipeline_DAG']) retrieved from /Users/sravanisigadam/PycharmProjects/Airflow/dags/SampleDag.py
[2021-11-18 18:56:00,139] {logging_mixin.py:109} INFO - [2021-11-18 18:56:00,139] {dag.py:2396} INFO - Sync 1 DAGs
[2021-11-18 18:56:00,144] {logging_mixin.py:109} INFO - [2021-11-18 18:56:00,144] {dag.py:2928} INFO - Setting next_dagrun for example_ML_pipeline_DAG to None
[2021-11-18 18:56:00,149] {processor.py:171} INFO - Processing /Users/sravanisigadam/PycharmProjects/Airflow/dags/SampleDag.py took 0.046 seconds
[2021-11-18 18:56:38,753] {processor.py:163} INFO - Started process (PID=56462) to work on /Users/sravanisigadam/PycharmProjects/Airflow/dags/SampleDag.py
[2021-11-18 18:56:38,754] {processor.py:625} INFO - Processing file /Users/sravanisigadam/PycharmProjects/Airflow/dags/SampleDag.py for tasks to queue
[2021-11-18 18:56:38,755] {logging_mixin.py:109} INFO - [2021-11-18 18:56:38,754] {dagbag.py:500} INFO - Filling up the DagBag from /Users/sravanisigadam/PycharmProjects/Airflow/dags/SampleDag.py
[2021-11-18 18:56:38,780] {processor.py:637} INFO - DAG(s) dict_keys(['example_ML_pipeline_DAG']) retrieved from /Users/sravanisigadam/PycharmProjects/Airflow/dags/SampleDag.py
[2021-11-18 18:56:38,791] {logging_mixin.py:109} INFO - [2021-11-18 18:56:38,790] {dag.py:2396} INFO - Sync 1 DAGs
[2021-11-18 18:56:38,796] {logging_mixin.py:109} INFO - [2021-11-18 18:56:38,796] {dag.py:2928} INFO - Setting next_dagrun for example_ML_pipeline_DAG to None
[2021-11-18 18:56:38,801] {processor.py:171} INFO - Processing /Users/sravanisigadam/PycharmProjects/Airflow/dags/SampleDag.py took 0.048 seconds
[2021-11-18 18:57:18,419] {processor.py:163} INFO - Started process (PID=56481) to work on /Users/sravanisigadam/PycharmProjects/Airflow/dags/SampleDag.py
[2021-11-18 18:57:18,419] {processor.py:625} INFO - Processing file /Users/sravanisigadam/PycharmProjects/Airflow/dags/SampleDag.py for tasks to queue
[2021-11-18 18:57:18,419] {logging_mixin.py:109} INFO - [2021-11-18 18:57:18,419] {dagbag.py:500} INFO - Filling up the DagBag from /Users/sravanisigadam/PycharmProjects/Airflow/dags/SampleDag.py
[2021-11-18 18:57:18,442] {processor.py:637} INFO - DAG(s) dict_keys(['example_ML_pipeline_DAG']) retrieved from /Users/sravanisigadam/PycharmProjects/Airflow/dags/SampleDag.py
[2021-11-18 18:57:18,452] {logging_mixin.py:109} INFO - [2021-11-18 18:57:18,451] {dag.py:2396} INFO - Sync 1 DAGs
[2021-11-18 18:57:18,456] {logging_mixin.py:109} INFO - [2021-11-18 18:57:18,456] {dag.py:2928} INFO - Setting next_dagrun for example_ML_pipeline_DAG to None
[2021-11-18 18:57:18,461] {processor.py:171} INFO - Processing /Users/sravanisigadam/PycharmProjects/Airflow/dags/SampleDag.py took 0.043 seconds
[2021-11-18 18:57:57,028] {processor.py:163} INFO - Started process (PID=56501) to work on /Users/sravanisigadam/PycharmProjects/Airflow/dags/SampleDag.py
[2021-11-18 18:57:57,029] {processor.py:625} INFO - Processing file /Users/sravanisigadam/PycharmProjects/Airflow/dags/SampleDag.py for tasks to queue
[2021-11-18 18:57:57,029] {logging_mixin.py:109} INFO - [2021-11-18 18:57:57,029] {dagbag.py:500} INFO - Filling up the DagBag from /Users/sravanisigadam/PycharmProjects/Airflow/dags/SampleDag.py
[2021-11-18 18:57:57,053] {processor.py:637} INFO - DAG(s) dict_keys(['example_ML_pipeline_DAG']) retrieved from /Users/sravanisigadam/PycharmProjects/Airflow/dags/SampleDag.py
[2021-11-18 18:57:57,063] {logging_mixin.py:109} INFO - [2021-11-18 18:57:57,063] {dag.py:2396} INFO - Sync 1 DAGs
[2021-11-18 18:57:57,068] {logging_mixin.py:109} INFO - [2021-11-18 18:57:57,068] {dag.py:2928} INFO - Setting next_dagrun for example_ML_pipeline_DAG to None
[2021-11-18 18:57:57,073] {processor.py:171} INFO - Processing /Users/sravanisigadam/PycharmProjects/Airflow/dags/SampleDag.py took 0.045 seconds
[2021-11-18 18:58:36,289] {processor.py:163} INFO - Started process (PID=56530) to work on /Users/sravanisigadam/PycharmProjects/Airflow/dags/SampleDag.py
[2021-11-18 18:58:36,290] {processor.py:625} INFO - Processing file /Users/sravanisigadam/PycharmProjects/Airflow/dags/SampleDag.py for tasks to queue
[2021-11-18 18:58:36,290] {logging_mixin.py:109} INFO - [2021-11-18 18:58:36,290] {dagbag.py:500} INFO - Filling up the DagBag from /Users/sravanisigadam/PycharmProjects/Airflow/dags/SampleDag.py
[2021-11-18 18:58:36,314] {processor.py:637} INFO - DAG(s) dict_keys(['example_ML_pipeline_DAG']) retrieved from /Users/sravanisigadam/PycharmProjects/Airflow/dags/SampleDag.py
[2021-11-18 18:58:36,324] {logging_mixin.py:109} INFO - [2021-11-18 18:58:36,324] {dag.py:2396} INFO - Sync 1 DAGs
[2021-11-18 18:58:36,329] {logging_mixin.py:109} INFO - [2021-11-18 18:58:36,329] {dag.py:2928} INFO - Setting next_dagrun for example_ML_pipeline_DAG to None
[2021-11-18 18:58:36,334] {processor.py:171} INFO - Processing /Users/sravanisigadam/PycharmProjects/Airflow/dags/SampleDag.py took 0.046 seconds
[2021-11-18 18:59:15,252] {processor.py:163} INFO - Started process (PID=56549) to work on /Users/sravanisigadam/PycharmProjects/Airflow/dags/SampleDag.py
[2021-11-18 18:59:15,252] {processor.py:625} INFO - Processing file /Users/sravanisigadam/PycharmProjects/Airflow/dags/SampleDag.py for tasks to queue
[2021-11-18 18:59:15,252] {logging_mixin.py:109} INFO - [2021-11-18 18:59:15,252] {dagbag.py:500} INFO - Filling up the DagBag from /Users/sravanisigadam/PycharmProjects/Airflow/dags/SampleDag.py
[2021-11-18 18:59:15,277] {processor.py:637} INFO - DAG(s) dict_keys(['example_ML_pipeline_DAG']) retrieved from /Users/sravanisigadam/PycharmProjects/Airflow/dags/SampleDag.py
[2021-11-18 18:59:15,288] {logging_mixin.py:109} INFO - [2021-11-18 18:59:15,288] {dag.py:2396} INFO - Sync 1 DAGs
[2021-11-18 18:59:15,293] {logging_mixin.py:109} INFO - [2021-11-18 18:59:15,293] {dag.py:2928} INFO - Setting next_dagrun for example_ML_pipeline_DAG to None
[2021-11-18 18:59:15,298] {processor.py:171} INFO - Processing /Users/sravanisigadam/PycharmProjects/Airflow/dags/SampleDag.py took 0.046 seconds
[2021-11-18 18:59:54,574] {processor.py:163} INFO - Started process (PID=56569) to work on /Users/sravanisigadam/PycharmProjects/Airflow/dags/SampleDag.py
[2021-11-18 18:59:54,575] {processor.py:625} INFO - Processing file /Users/sravanisigadam/PycharmProjects/Airflow/dags/SampleDag.py for tasks to queue
[2021-11-18 18:59:54,575] {logging_mixin.py:109} INFO - [2021-11-18 18:59:54,575] {dagbag.py:500} INFO - Filling up the DagBag from /Users/sravanisigadam/PycharmProjects/Airflow/dags/SampleDag.py
[2021-11-18 18:59:54,598] {processor.py:637} INFO - DAG(s) dict_keys(['example_ML_pipeline_DAG']) retrieved from /Users/sravanisigadam/PycharmProjects/Airflow/dags/SampleDag.py
[2021-11-18 18:59:54,609] {logging_mixin.py:109} INFO - [2021-11-18 18:59:54,609] {dag.py:2396} INFO - Sync 1 DAGs
[2021-11-18 18:59:54,614] {logging_mixin.py:109} INFO - [2021-11-18 18:59:54,614] {dag.py:2928} INFO - Setting next_dagrun for example_ML_pipeline_DAG to None
[2021-11-18 18:59:54,618] {processor.py:171} INFO - Processing /Users/sravanisigadam/PycharmProjects/Airflow/dags/SampleDag.py took 0.044 seconds
[2021-11-18 19:00:36,593] {processor.py:163} INFO - Started process (PID=56596) to work on /Users/sravanisigadam/PycharmProjects/Airflow/dags/SampleDag.py
[2021-11-18 19:00:36,595] {processor.py:625} INFO - Processing file /Users/sravanisigadam/PycharmProjects/Airflow/dags/SampleDag.py for tasks to queue
[2021-11-18 19:00:36,595] {logging_mixin.py:109} INFO - [2021-11-18 19:00:36,595] {dagbag.py:500} INFO - Filling up the DagBag from /Users/sravanisigadam/PycharmProjects/Airflow/dags/SampleDag.py
[2021-11-18 19:00:36,619] {processor.py:637} INFO - DAG(s) dict_keys(['example_ML_pipeline_DAG']) retrieved from /Users/sravanisigadam/PycharmProjects/Airflow/dags/SampleDag.py
[2021-11-18 19:00:36,629] {logging_mixin.py:109} INFO - [2021-11-18 19:00:36,629] {dag.py:2396} INFO - Sync 1 DAGs
[2021-11-18 19:00:36,634] {logging_mixin.py:109} INFO - [2021-11-18 19:00:36,634] {dag.py:2928} INFO - Setting next_dagrun for example_ML_pipeline_DAG to None
[2021-11-18 19:00:36,638] {processor.py:171} INFO - Processing /Users/sravanisigadam/PycharmProjects/Airflow/dags/SampleDag.py took 0.045 seconds
[2021-11-18 19:01:15,161] {processor.py:163} INFO - Started process (PID=56620) to work on /Users/sravanisigadam/PycharmProjects/Airflow/dags/SampleDag.py
[2021-11-18 19:01:15,163] {processor.py:625} INFO - Processing file /Users/sravanisigadam/PycharmProjects/Airflow/dags/SampleDag.py for tasks to queue
[2021-11-18 19:01:15,163] {logging_mixin.py:109} INFO - [2021-11-18 19:01:15,163] {dagbag.py:500} INFO - Filling up the DagBag from /Users/sravanisigadam/PycharmProjects/Airflow/dags/SampleDag.py
[2021-11-18 19:01:15,187] {processor.py:637} INFO - DAG(s) dict_keys(['example_ML_pipeline_DAG']) retrieved from /Users/sravanisigadam/PycharmProjects/Airflow/dags/SampleDag.py
[2021-11-18 19:01:15,197] {logging_mixin.py:109} INFO - [2021-11-18 19:01:15,197] {dag.py:2396} INFO - Sync 1 DAGs
[2021-11-18 19:01:15,202] {logging_mixin.py:109} INFO - [2021-11-18 19:01:15,202] {dag.py:2928} INFO - Setting next_dagrun for example_ML_pipeline_DAG to None
[2021-11-18 19:01:15,207] {processor.py:171} INFO - Processing /Users/sravanisigadam/PycharmProjects/Airflow/dags/SampleDag.py took 0.046 seconds
[2021-11-18 19:01:54,160] {processor.py:163} INFO - Started process (PID=56640) to work on /Users/sravanisigadam/PycharmProjects/Airflow/dags/SampleDag.py
[2021-11-18 19:01:54,160] {processor.py:625} INFO - Processing file /Users/sravanisigadam/PycharmProjects/Airflow/dags/SampleDag.py for tasks to queue
[2021-11-18 19:01:54,160] {logging_mixin.py:109} INFO - [2021-11-18 19:01:54,160] {dagbag.py:500} INFO - Filling up the DagBag from /Users/sravanisigadam/PycharmProjects/Airflow/dags/SampleDag.py
[2021-11-18 19:01:54,185] {processor.py:637} INFO - DAG(s) dict_keys(['example_ML_pipeline_DAG']) retrieved from /Users/sravanisigadam/PycharmProjects/Airflow/dags/SampleDag.py
[2021-11-18 19:01:54,195] {logging_mixin.py:109} INFO - [2021-11-18 19:01:54,195] {dag.py:2396} INFO - Sync 1 DAGs
[2021-11-18 19:01:54,200] {logging_mixin.py:109} INFO - [2021-11-18 19:01:54,200] {dag.py:2928} INFO - Setting next_dagrun for example_ML_pipeline_DAG to None
[2021-11-18 19:01:54,206] {processor.py:171} INFO - Processing /Users/sravanisigadam/PycharmProjects/Airflow/dags/SampleDag.py took 0.046 seconds
[2021-11-18 19:02:32,154] {processor.py:163} INFO - Started process (PID=56660) to work on /Users/sravanisigadam/PycharmProjects/Airflow/dags/SampleDag.py
[2021-11-18 19:02:32,154] {processor.py:625} INFO - Processing file /Users/sravanisigadam/PycharmProjects/Airflow/dags/SampleDag.py for tasks to queue
[2021-11-18 19:02:32,154] {logging_mixin.py:109} INFO - [2021-11-18 19:02:32,154] {dagbag.py:500} INFO - Filling up the DagBag from /Users/sravanisigadam/PycharmProjects/Airflow/dags/SampleDag.py
[2021-11-18 19:02:32,179] {processor.py:637} INFO - DAG(s) dict_keys(['example_ML_pipeline_DAG']) retrieved from /Users/sravanisigadam/PycharmProjects/Airflow/dags/SampleDag.py
[2021-11-18 19:02:32,189] {logging_mixin.py:109} INFO - [2021-11-18 19:02:32,189] {dag.py:2396} INFO - Sync 1 DAGs
[2021-11-18 19:02:32,194] {logging_mixin.py:109} INFO - [2021-11-18 19:02:32,194] {dag.py:2928} INFO - Setting next_dagrun for example_ML_pipeline_DAG to None
[2021-11-18 19:02:32,199] {processor.py:171} INFO - Processing /Users/sravanisigadam/PycharmProjects/Airflow/dags/SampleDag.py took 0.045 seconds
[2021-11-18 19:03:11,847] {processor.py:163} INFO - Started process (PID=56684) to work on /Users/sravanisigadam/PycharmProjects/Airflow/dags/SampleDag.py
[2021-11-18 19:03:11,848] {processor.py:625} INFO - Processing file /Users/sravanisigadam/PycharmProjects/Airflow/dags/SampleDag.py for tasks to queue
[2021-11-18 19:03:11,848] {logging_mixin.py:109} INFO - [2021-11-18 19:03:11,848] {dagbag.py:500} INFO - Filling up the DagBag from /Users/sravanisigadam/PycharmProjects/Airflow/dags/SampleDag.py
[2021-11-18 19:03:11,870] {processor.py:637} INFO - DAG(s) dict_keys(['example_ML_pipeline_DAG']) retrieved from /Users/sravanisigadam/PycharmProjects/Airflow/dags/SampleDag.py
[2021-11-18 19:03:11,882] {logging_mixin.py:109} INFO - [2021-11-18 19:03:11,882] {dag.py:2396} INFO - Sync 1 DAGs
[2021-11-18 19:03:11,887] {logging_mixin.py:109} INFO - [2021-11-18 19:03:11,887] {dag.py:2928} INFO - Setting next_dagrun for example_ML_pipeline_DAG to None
[2021-11-18 19:03:11,891] {processor.py:171} INFO - Processing /Users/sravanisigadam/PycharmProjects/Airflow/dags/SampleDag.py took 0.045 seconds
[2021-11-18 19:03:50,070] {processor.py:163} INFO - Started process (PID=56704) to work on /Users/sravanisigadam/PycharmProjects/Airflow/dags/SampleDag.py
[2021-11-18 19:03:50,070] {processor.py:625} INFO - Processing file /Users/sravanisigadam/PycharmProjects/Airflow/dags/SampleDag.py for tasks to queue
[2021-11-18 19:03:50,071] {logging_mixin.py:109} INFO - [2021-11-18 19:03:50,071] {dagbag.py:500} INFO - Filling up the DagBag from /Users/sravanisigadam/PycharmProjects/Airflow/dags/SampleDag.py
[2021-11-18 19:03:50,097] {processor.py:637} INFO - DAG(s) dict_keys(['example_ML_pipeline_DAG']) retrieved from /Users/sravanisigadam/PycharmProjects/Airflow/dags/SampleDag.py
[2021-11-18 19:03:50,108] {logging_mixin.py:109} INFO - [2021-11-18 19:03:50,108] {dag.py:2396} INFO - Sync 1 DAGs
[2021-11-18 19:03:50,114] {logging_mixin.py:109} INFO - [2021-11-18 19:03:50,114] {dag.py:2928} INFO - Setting next_dagrun for example_ML_pipeline_DAG to None
[2021-11-18 19:03:50,119] {processor.py:171} INFO - Processing /Users/sravanisigadam/PycharmProjects/Airflow/dags/SampleDag.py took 0.049 seconds
[2021-11-18 19:04:30,372] {processor.py:163} INFO - Started process (PID=56729) to work on /Users/sravanisigadam/PycharmProjects/Airflow/dags/SampleDag.py
[2021-11-18 19:04:30,373] {processor.py:625} INFO - Processing file /Users/sravanisigadam/PycharmProjects/Airflow/dags/SampleDag.py for tasks to queue
[2021-11-18 19:04:30,373] {logging_mixin.py:109} INFO - [2021-11-18 19:04:30,373] {dagbag.py:500} INFO - Filling up the DagBag from /Users/sravanisigadam/PycharmProjects/Airflow/dags/SampleDag.py
[2021-11-18 19:04:30,398] {processor.py:637} INFO - DAG(s) dict_keys(['example_ML_pipeline_DAG']) retrieved from /Users/sravanisigadam/PycharmProjects/Airflow/dags/SampleDag.py
[2021-11-18 19:04:30,409] {logging_mixin.py:109} INFO - [2021-11-18 19:04:30,409] {dag.py:2396} INFO - Sync 1 DAGs
[2021-11-18 19:04:30,414] {logging_mixin.py:109} INFO - [2021-11-18 19:04:30,414] {dag.py:2928} INFO - Setting next_dagrun for example_ML_pipeline_DAG to None
[2021-11-18 19:04:30,419] {processor.py:171} INFO - Processing /Users/sravanisigadam/PycharmProjects/Airflow/dags/SampleDag.py took 0.047 seconds
[2021-11-18 19:05:09,008] {processor.py:163} INFO - Started process (PID=56758) to work on /Users/sravanisigadam/PycharmProjects/Airflow/dags/SampleDag.py
[2021-11-18 19:05:09,010] {processor.py:625} INFO - Processing file /Users/sravanisigadam/PycharmProjects/Airflow/dags/SampleDag.py for tasks to queue
[2021-11-18 19:05:09,010] {logging_mixin.py:109} INFO - [2021-11-18 19:05:09,010] {dagbag.py:500} INFO - Filling up the DagBag from /Users/sravanisigadam/PycharmProjects/Airflow/dags/SampleDag.py
[2021-11-18 19:05:09,035] {processor.py:637} INFO - DAG(s) dict_keys(['example_ML_pipeline_DAG']) retrieved from /Users/sravanisigadam/PycharmProjects/Airflow/dags/SampleDag.py
[2021-11-18 19:05:09,046] {logging_mixin.py:109} INFO - [2021-11-18 19:05:09,045] {dag.py:2396} INFO - Sync 1 DAGs
[2021-11-18 19:05:09,051] {logging_mixin.py:109} INFO - [2021-11-18 19:05:09,051] {dag.py:2928} INFO - Setting next_dagrun for example_ML_pipeline_DAG to None
[2021-11-18 19:05:09,055] {processor.py:171} INFO - Processing /Users/sravanisigadam/PycharmProjects/Airflow/dags/SampleDag.py took 0.047 seconds
[2021-11-18 19:05:48,644] {processor.py:163} INFO - Started process (PID=56795) to work on /Users/sravanisigadam/PycharmProjects/Airflow/dags/SampleDag.py
[2021-11-18 19:05:48,644] {processor.py:625} INFO - Processing file /Users/sravanisigadam/PycharmProjects/Airflow/dags/SampleDag.py for tasks to queue
[2021-11-18 19:05:48,644] {logging_mixin.py:109} INFO - [2021-11-18 19:05:48,644] {dagbag.py:500} INFO - Filling up the DagBag from /Users/sravanisigadam/PycharmProjects/Airflow/dags/SampleDag.py
[2021-11-18 19:05:48,669] {processor.py:637} INFO - DAG(s) dict_keys(['example_ML_pipeline_DAG']) retrieved from /Users/sravanisigadam/PycharmProjects/Airflow/dags/SampleDag.py
[2021-11-18 19:05:48,681] {logging_mixin.py:109} INFO - [2021-11-18 19:05:48,681] {dag.py:2396} INFO - Sync 1 DAGs
[2021-11-18 19:05:48,687] {logging_mixin.py:109} INFO - [2021-11-18 19:05:48,687] {dag.py:2928} INFO - Setting next_dagrun for example_ML_pipeline_DAG to None
[2021-11-18 19:05:48,692] {processor.py:171} INFO - Processing /Users/sravanisigadam/PycharmProjects/Airflow/dags/SampleDag.py took 0.049 seconds
[2021-11-18 19:06:27,819] {processor.py:163} INFO - Started process (PID=56828) to work on /Users/sravanisigadam/PycharmProjects/Airflow/dags/SampleDag.py
[2021-11-18 19:06:27,820] {processor.py:625} INFO - Processing file /Users/sravanisigadam/PycharmProjects/Airflow/dags/SampleDag.py for tasks to queue
[2021-11-18 19:06:27,820] {logging_mixin.py:109} INFO - [2021-11-18 19:06:27,820] {dagbag.py:500} INFO - Filling up the DagBag from /Users/sravanisigadam/PycharmProjects/Airflow/dags/SampleDag.py
[2021-11-18 19:06:27,845] {processor.py:637} INFO - DAG(s) dict_keys(['example_ML_pipeline_DAG']) retrieved from /Users/sravanisigadam/PycharmProjects/Airflow/dags/SampleDag.py
[2021-11-18 19:06:27,856] {logging_mixin.py:109} INFO - [2021-11-18 19:06:27,855] {dag.py:2396} INFO - Sync 1 DAGs
[2021-11-18 19:06:27,861] {logging_mixin.py:109} INFO - [2021-11-18 19:06:27,861] {dag.py:2928} INFO - Setting next_dagrun for example_ML_pipeline_DAG to None
[2021-11-18 19:06:27,865] {processor.py:171} INFO - Processing /Users/sravanisigadam/PycharmProjects/Airflow/dags/SampleDag.py took 0.047 seconds
[2021-11-18 19:07:07,988] {processor.py:163} INFO - Started process (PID=56853) to work on /Users/sravanisigadam/PycharmProjects/Airflow/dags/SampleDag.py
[2021-11-18 19:07:07,988] {processor.py:625} INFO - Processing file /Users/sravanisigadam/PycharmProjects/Airflow/dags/SampleDag.py for tasks to queue
[2021-11-18 19:07:07,988] {logging_mixin.py:109} INFO - [2021-11-18 19:07:07,988] {dagbag.py:500} INFO - Filling up the DagBag from /Users/sravanisigadam/PycharmProjects/Airflow/dags/SampleDag.py
[2021-11-18 19:07:08,013] {processor.py:637} INFO - DAG(s) dict_keys(['example_ML_pipeline_DAG']) retrieved from /Users/sravanisigadam/PycharmProjects/Airflow/dags/SampleDag.py
[2021-11-18 19:07:08,024] {logging_mixin.py:109} INFO - [2021-11-18 19:07:08,023] {dag.py:2396} INFO - Sync 1 DAGs
[2021-11-18 19:07:08,029] {logging_mixin.py:109} INFO - [2021-11-18 19:07:08,029] {dag.py:2928} INFO - Setting next_dagrun for example_ML_pipeline_DAG to None
[2021-11-18 19:07:08,034] {processor.py:171} INFO - Processing /Users/sravanisigadam/PycharmProjects/Airflow/dags/SampleDag.py took 0.046 seconds
[2021-11-18 19:07:47,485] {processor.py:163} INFO - Started process (PID=56893) to work on /Users/sravanisigadam/PycharmProjects/Airflow/dags/SampleDag.py
[2021-11-18 19:07:47,485] {processor.py:625} INFO - Processing file /Users/sravanisigadam/PycharmProjects/Airflow/dags/SampleDag.py for tasks to queue
[2021-11-18 19:07:47,485] {logging_mixin.py:109} INFO - [2021-11-18 19:07:47,485] {dagbag.py:500} INFO - Filling up the DagBag from /Users/sravanisigadam/PycharmProjects/Airflow/dags/SampleDag.py
[2021-11-18 19:07:47,511] {processor.py:637} INFO - DAG(s) dict_keys(['example_ML_pipeline_DAG']) retrieved from /Users/sravanisigadam/PycharmProjects/Airflow/dags/SampleDag.py
[2021-11-18 19:07:47,522] {logging_mixin.py:109} INFO - [2021-11-18 19:07:47,522] {dag.py:2396} INFO - Sync 1 DAGs
[2021-11-18 19:07:47,527] {logging_mixin.py:109} INFO - [2021-11-18 19:07:47,527] {dag.py:2928} INFO - Setting next_dagrun for example_ML_pipeline_DAG to None
[2021-11-18 19:07:47,532] {processor.py:171} INFO - Processing /Users/sravanisigadam/PycharmProjects/Airflow/dags/SampleDag.py took 0.047 seconds
[2021-11-18 19:08:25,959] {processor.py:163} INFO - Started process (PID=56926) to work on /Users/sravanisigadam/PycharmProjects/Airflow/dags/SampleDag.py
[2021-11-18 19:08:25,959] {processor.py:625} INFO - Processing file /Users/sravanisigadam/PycharmProjects/Airflow/dags/SampleDag.py for tasks to queue
[2021-11-18 19:08:25,959] {logging_mixin.py:109} INFO - [2021-11-18 19:08:25,959] {dagbag.py:500} INFO - Filling up the DagBag from /Users/sravanisigadam/PycharmProjects/Airflow/dags/SampleDag.py
[2021-11-18 19:08:25,983] {processor.py:637} INFO - DAG(s) dict_keys(['example_ML_pipeline_DAG']) retrieved from /Users/sravanisigadam/PycharmProjects/Airflow/dags/SampleDag.py
[2021-11-18 19:08:25,994] {logging_mixin.py:109} INFO - [2021-11-18 19:08:25,994] {dag.py:2396} INFO - Sync 1 DAGs
[2021-11-18 19:08:25,999] {logging_mixin.py:109} INFO - [2021-11-18 19:08:25,999] {dag.py:2928} INFO - Setting next_dagrun for example_ML_pipeline_DAG to None
[2021-11-18 19:08:26,004] {processor.py:171} INFO - Processing /Users/sravanisigadam/PycharmProjects/Airflow/dags/SampleDag.py took 0.046 seconds
[2021-11-18 19:09:05,635] {processor.py:163} INFO - Started process (PID=56949) to work on /Users/sravanisigadam/PycharmProjects/Airflow/dags/SampleDag.py
[2021-11-18 19:09:05,635] {processor.py:625} INFO - Processing file /Users/sravanisigadam/PycharmProjects/Airflow/dags/SampleDag.py for tasks to queue
[2021-11-18 19:09:05,635] {logging_mixin.py:109} INFO - [2021-11-18 19:09:05,635] {dagbag.py:500} INFO - Filling up the DagBag from /Users/sravanisigadam/PycharmProjects/Airflow/dags/SampleDag.py
[2021-11-18 19:09:05,659] {processor.py:637} INFO - DAG(s) dict_keys(['example_ML_pipeline_DAG']) retrieved from /Users/sravanisigadam/PycharmProjects/Airflow/dags/SampleDag.py
[2021-11-18 19:09:05,670] {logging_mixin.py:109} INFO - [2021-11-18 19:09:05,670] {dag.py:2396} INFO - Sync 1 DAGs
[2021-11-18 19:09:05,675] {logging_mixin.py:109} INFO - [2021-11-18 19:09:05,675] {dag.py:2928} INFO - Setting next_dagrun for example_ML_pipeline_DAG to None
[2021-11-18 19:09:05,680] {processor.py:171} INFO - Processing /Users/sravanisigadam/PycharmProjects/Airflow/dags/SampleDag.py took 0.045 seconds
[2021-11-18 19:09:44,008] {processor.py:163} INFO - Started process (PID=56972) to work on /Users/sravanisigadam/PycharmProjects/Airflow/dags/SampleDag.py
[2021-11-18 19:09:44,009] {processor.py:625} INFO - Processing file /Users/sravanisigadam/PycharmProjects/Airflow/dags/SampleDag.py for tasks to queue
[2021-11-18 19:09:44,009] {logging_mixin.py:109} INFO - [2021-11-18 19:09:44,009] {dagbag.py:500} INFO - Filling up the DagBag from /Users/sravanisigadam/PycharmProjects/Airflow/dags/SampleDag.py
[2021-11-18 19:09:44,035] {processor.py:637} INFO - DAG(s) dict_keys(['example_ML_pipeline_DAG']) retrieved from /Users/sravanisigadam/PycharmProjects/Airflow/dags/SampleDag.py
[2021-11-18 19:09:44,048] {logging_mixin.py:109} INFO - [2021-11-18 19:09:44,048] {dag.py:2396} INFO - Sync 1 DAGs
[2021-11-18 19:09:44,054] {logging_mixin.py:109} INFO - [2021-11-18 19:09:44,054] {dag.py:2928} INFO - Setting next_dagrun for example_ML_pipeline_DAG to None
[2021-11-18 19:09:44,060] {processor.py:171} INFO - Processing /Users/sravanisigadam/PycharmProjects/Airflow/dags/SampleDag.py took 0.052 seconds
[2021-11-18 19:10:23,730] {processor.py:163} INFO - Started process (PID=56993) to work on /Users/sravanisigadam/PycharmProjects/Airflow/dags/SampleDag.py
[2021-11-18 19:10:23,731] {processor.py:625} INFO - Processing file /Users/sravanisigadam/PycharmProjects/Airflow/dags/SampleDag.py for tasks to queue
[2021-11-18 19:10:23,731] {logging_mixin.py:109} INFO - [2021-11-18 19:10:23,731] {dagbag.py:500} INFO - Filling up the DagBag from /Users/sravanisigadam/PycharmProjects/Airflow/dags/SampleDag.py
[2021-11-18 19:10:23,754] {processor.py:637} INFO - DAG(s) dict_keys(['example_ML_pipeline_DAG']) retrieved from /Users/sravanisigadam/PycharmProjects/Airflow/dags/SampleDag.py
[2021-11-18 19:10:23,764] {logging_mixin.py:109} INFO - [2021-11-18 19:10:23,764] {dag.py:2396} INFO - Sync 1 DAGs
[2021-11-18 19:10:23,770] {logging_mixin.py:109} INFO - [2021-11-18 19:10:23,770] {dag.py:2928} INFO - Setting next_dagrun for example_ML_pipeline_DAG to None
[2021-11-18 19:10:23,775] {processor.py:171} INFO - Processing /Users/sravanisigadam/PycharmProjects/Airflow/dags/SampleDag.py took 0.045 seconds
[2021-11-18 19:11:04,119] {processor.py:163} INFO - Started process (PID=57019) to work on /Users/sravanisigadam/PycharmProjects/Airflow/dags/SampleDag.py
[2021-11-18 19:11:04,120] {processor.py:625} INFO - Processing file /Users/sravanisigadam/PycharmProjects/Airflow/dags/SampleDag.py for tasks to queue
[2021-11-18 19:11:04,120] {logging_mixin.py:109} INFO - [2021-11-18 19:11:04,120] {dagbag.py:500} INFO - Filling up the DagBag from /Users/sravanisigadam/PycharmProjects/Airflow/dags/SampleDag.py
[2021-11-18 19:11:04,144] {processor.py:637} INFO - DAG(s) dict_keys(['example_ML_pipeline_DAG']) retrieved from /Users/sravanisigadam/PycharmProjects/Airflow/dags/SampleDag.py
[2021-11-18 19:11:04,155] {logging_mixin.py:109} INFO - [2021-11-18 19:11:04,155] {dag.py:2396} INFO - Sync 1 DAGs
[2021-11-18 19:11:04,160] {logging_mixin.py:109} INFO - [2021-11-18 19:11:04,160] {dag.py:2928} INFO - Setting next_dagrun for example_ML_pipeline_DAG to None
[2021-11-18 19:11:04,164] {processor.py:171} INFO - Processing /Users/sravanisigadam/PycharmProjects/Airflow/dags/SampleDag.py took 0.046 seconds
[2021-11-18 19:11:44,039] {processor.py:163} INFO - Started process (PID=57040) to work on /Users/sravanisigadam/PycharmProjects/Airflow/dags/SampleDag.py
[2021-11-18 19:11:44,040] {processor.py:625} INFO - Processing file /Users/sravanisigadam/PycharmProjects/Airflow/dags/SampleDag.py for tasks to queue
[2021-11-18 19:11:44,040] {logging_mixin.py:109} INFO - [2021-11-18 19:11:44,040] {dagbag.py:500} INFO - Filling up the DagBag from /Users/sravanisigadam/PycharmProjects/Airflow/dags/SampleDag.py
[2021-11-18 19:11:44,063] {processor.py:637} INFO - DAG(s) dict_keys(['example_ML_pipeline_DAG']) retrieved from /Users/sravanisigadam/PycharmProjects/Airflow/dags/SampleDag.py
[2021-11-18 19:11:44,073] {logging_mixin.py:109} INFO - [2021-11-18 19:11:44,073] {dag.py:2396} INFO - Sync 1 DAGs
[2021-11-18 19:11:44,078] {logging_mixin.py:109} INFO - [2021-11-18 19:11:44,078] {dag.py:2928} INFO - Setting next_dagrun for example_ML_pipeline_DAG to None
[2021-11-18 19:11:44,083] {processor.py:171} INFO - Processing /Users/sravanisigadam/PycharmProjects/Airflow/dags/SampleDag.py took 0.044 seconds
[2021-11-18 19:12:25,998] {processor.py:163} INFO - Started process (PID=57064) to work on /Users/sravanisigadam/PycharmProjects/Airflow/dags/SampleDag.py
[2021-11-18 19:12:25,999] {processor.py:625} INFO - Processing file /Users/sravanisigadam/PycharmProjects/Airflow/dags/SampleDag.py for tasks to queue
[2021-11-18 19:12:25,999] {logging_mixin.py:109} INFO - [2021-11-18 19:12:25,999] {dagbag.py:500} INFO - Filling up the DagBag from /Users/sravanisigadam/PycharmProjects/Airflow/dags/SampleDag.py
[2021-11-18 19:12:26,024] {processor.py:637} INFO - DAG(s) dict_keys(['example_ML_pipeline_DAG']) retrieved from /Users/sravanisigadam/PycharmProjects/Airflow/dags/SampleDag.py
[2021-11-18 19:12:26,035] {logging_mixin.py:109} INFO - [2021-11-18 19:12:26,035] {dag.py:2396} INFO - Sync 1 DAGs
[2021-11-18 19:12:26,040] {logging_mixin.py:109} INFO - [2021-11-18 19:12:26,040] {dag.py:2928} INFO - Setting next_dagrun for example_ML_pipeline_DAG to None
[2021-11-18 19:12:26,046] {processor.py:171} INFO - Processing /Users/sravanisigadam/PycharmProjects/Airflow/dags/SampleDag.py took 0.048 seconds
[2021-11-18 19:13:05,394] {processor.py:163} INFO - Started process (PID=57089) to work on /Users/sravanisigadam/PycharmProjects/Airflow/dags/SampleDag.py
[2021-11-18 19:13:05,394] {processor.py:625} INFO - Processing file /Users/sravanisigadam/PycharmProjects/Airflow/dags/SampleDag.py for tasks to queue
[2021-11-18 19:13:05,395] {logging_mixin.py:109} INFO - [2021-11-18 19:13:05,395] {dagbag.py:500} INFO - Filling up the DagBag from /Users/sravanisigadam/PycharmProjects/Airflow/dags/SampleDag.py
[2021-11-18 19:13:05,417] {processor.py:637} INFO - DAG(s) dict_keys(['example_ML_pipeline_DAG']) retrieved from /Users/sravanisigadam/PycharmProjects/Airflow/dags/SampleDag.py
[2021-11-18 19:13:05,427] {logging_mixin.py:109} INFO - [2021-11-18 19:13:05,427] {dag.py:2396} INFO - Sync 1 DAGs
[2021-11-18 19:13:05,432] {logging_mixin.py:109} INFO - [2021-11-18 19:13:05,432] {dag.py:2928} INFO - Setting next_dagrun for example_ML_pipeline_DAG to None
[2021-11-18 19:13:05,436] {processor.py:171} INFO - Processing /Users/sravanisigadam/PycharmProjects/Airflow/dags/SampleDag.py took 0.043 seconds
[2021-11-18 19:13:47,811] {processor.py:163} INFO - Started process (PID=57134) to work on /Users/sravanisigadam/PycharmProjects/Airflow/dags/SampleDag.py
[2021-11-18 19:13:47,811] {processor.py:625} INFO - Processing file /Users/sravanisigadam/PycharmProjects/Airflow/dags/SampleDag.py for tasks to queue
[2021-11-18 19:13:47,812] {logging_mixin.py:109} INFO - [2021-11-18 19:13:47,812] {dagbag.py:500} INFO - Filling up the DagBag from /Users/sravanisigadam/PycharmProjects/Airflow/dags/SampleDag.py
[2021-11-18 19:13:47,836] {processor.py:637} INFO - DAG(s) dict_keys(['example_ML_pipeline_DAG']) retrieved from /Users/sravanisigadam/PycharmProjects/Airflow/dags/SampleDag.py
[2021-11-18 19:13:47,847] {logging_mixin.py:109} INFO - [2021-11-18 19:13:47,847] {dag.py:2396} INFO - Sync 1 DAGs
[2021-11-18 19:13:47,852] {logging_mixin.py:109} INFO - [2021-11-18 19:13:47,852] {dag.py:2928} INFO - Setting next_dagrun for example_ML_pipeline_DAG to None
[2021-11-18 19:13:47,856] {processor.py:171} INFO - Processing /Users/sravanisigadam/PycharmProjects/Airflow/dags/SampleDag.py took 0.045 seconds
[2021-11-18 19:14:28,921] {processor.py:163} INFO - Started process (PID=57165) to work on /Users/sravanisigadam/PycharmProjects/Airflow/dags/SampleDag.py
[2021-11-18 19:14:28,921] {processor.py:625} INFO - Processing file /Users/sravanisigadam/PycharmProjects/Airflow/dags/SampleDag.py for tasks to queue
[2021-11-18 19:14:28,922] {logging_mixin.py:109} INFO - [2021-11-18 19:14:28,922] {dagbag.py:500} INFO - Filling up the DagBag from /Users/sravanisigadam/PycharmProjects/Airflow/dags/SampleDag.py
[2021-11-18 19:14:28,952] {processor.py:637} INFO - DAG(s) dict_keys(['example_ML_pipeline_DAG']) retrieved from /Users/sravanisigadam/PycharmProjects/Airflow/dags/SampleDag.py
[2021-11-18 19:14:28,964] {logging_mixin.py:109} INFO - [2021-11-18 19:14:28,964] {dag.py:2396} INFO - Sync 1 DAGs
[2021-11-18 19:14:28,970] {logging_mixin.py:109} INFO - [2021-11-18 19:14:28,970] {dag.py:2928} INFO - Setting next_dagrun for example_ML_pipeline_DAG to None
[2021-11-18 19:14:28,974] {processor.py:171} INFO - Processing /Users/sravanisigadam/PycharmProjects/Airflow/dags/SampleDag.py took 0.054 seconds
[2021-11-18 19:15:08,795] {processor.py:163} INFO - Started process (PID=57199) to work on /Users/sravanisigadam/PycharmProjects/Airflow/dags/SampleDag.py
[2021-11-18 19:15:08,795] {processor.py:625} INFO - Processing file /Users/sravanisigadam/PycharmProjects/Airflow/dags/SampleDag.py for tasks to queue
[2021-11-18 19:15:08,795] {logging_mixin.py:109} INFO - [2021-11-18 19:15:08,795] {dagbag.py:500} INFO - Filling up the DagBag from /Users/sravanisigadam/PycharmProjects/Airflow/dags/SampleDag.py
[2021-11-18 19:15:08,819] {processor.py:637} INFO - DAG(s) dict_keys(['example_ML_pipeline_DAG']) retrieved from /Users/sravanisigadam/PycharmProjects/Airflow/dags/SampleDag.py
[2021-11-18 19:15:08,831] {logging_mixin.py:109} INFO - [2021-11-18 19:15:08,831] {dag.py:2396} INFO - Sync 1 DAGs
[2021-11-18 19:15:08,836] {logging_mixin.py:109} INFO - [2021-11-18 19:15:08,836] {dag.py:2928} INFO - Setting next_dagrun for example_ML_pipeline_DAG to None
[2021-11-18 19:15:08,841] {processor.py:171} INFO - Processing /Users/sravanisigadam/PycharmProjects/Airflow/dags/SampleDag.py took 0.047 seconds
