[2021-11-17 23:55:32,566] {taskinstance.py:1035} INFO - Dependencies all met for <TaskInstance: example_ML_pipeline_DAG.training_task manual__2021-11-18T07:55:29.421326+00:00 [queued]>
[2021-11-17 23:55:32,569] {taskinstance.py:1035} INFO - Dependencies all met for <TaskInstance: example_ML_pipeline_DAG.training_task manual__2021-11-18T07:55:29.421326+00:00 [queued]>
[2021-11-17 23:55:32,569] {taskinstance.py:1241} INFO - 
--------------------------------------------------------------------------------
[2021-11-17 23:55:32,569] {taskinstance.py:1242} INFO - Starting attempt 1 of 1
[2021-11-17 23:55:32,569] {taskinstance.py:1243} INFO - 
--------------------------------------------------------------------------------
[2021-11-17 23:55:32,574] {taskinstance.py:1262} INFO - Executing <Task(BashOperator): training_task> on 2021-11-18 07:55:29.421326+00:00
[2021-11-17 23:55:32,578] {standard_task_runner.py:52} INFO - Started process 54192 to run task
[2021-11-17 23:55:32,582] {standard_task_runner.py:76} INFO - Running: ['airflow', 'tasks', 'run', 'example_ML_pipeline_DAG', 'training_task', 'manual__2021-11-18T07:55:29.421326+00:00', '--job-id', '7', '--raw', '--subdir', 'DAGS_FOLDER/SampleDag.py', '--cfg-path', '/var/folders/ts/0394s80n0mq8hyr7msfqdwnh0000gn/T/tmp9kwpvp86', '--error-file', '/var/folders/ts/0394s80n0mq8hyr7msfqdwnh0000gn/T/tmpwt8juozt']
[2021-11-17 23:55:32,584] {standard_task_runner.py:77} INFO - Job 7: Subtask training_task
[2021-11-17 23:55:32,606] {logging_mixin.py:109} INFO - Running <TaskInstance: example_ML_pipeline_DAG.training_task manual__2021-11-18T07:55:29.421326+00:00 [running]> on host 1.0.0.0.0.0.0.0.0.0.0.0.0.0.0.0.0.0.0.0.0.0.0.0.0.0.0.0.0.0.0.0.ip6.arpa
[2021-11-17 23:55:32,628] {taskinstance.py:1427} INFO - Exporting the following env vars:
AIRFLOW_CTX_DAG_OWNER=airflow
AIRFLOW_CTX_DAG_ID=example_ML_pipeline_DAG
AIRFLOW_CTX_TASK_ID=training_task
AIRFLOW_CTX_EXECUTION_DATE=2021-11-18T07:55:29.421326+00:00
AIRFLOW_CTX_DAG_RUN_ID=manual__2021-11-18T07:55:29.421326+00:00
[2021-11-17 23:55:32,629] {subprocess.py:62} INFO - Tmp dir root location: 
 /var/folders/ts/0394s80n0mq8hyr7msfqdwnh0000gn/T
[2021-11-17 23:55:32,630] {subprocess.py:74} INFO - Running command: ['bash', '-c', 'python ~/PycharmProjects/Airflow/ModelScript.py']
[2021-11-17 23:55:32,639] {subprocess.py:85} INFO - Output:
[2021-11-17 23:55:33,917] {subprocess.py:93} INFO - Command exited with return code 0
[2021-11-17 23:55:33,931] {taskinstance.py:1270} INFO - Marking task as SUCCESS. dag_id=example_ML_pipeline_DAG, task_id=training_task, execution_date=20211118T075529, start_date=20211118T075532, end_date=20211118T075533
[2021-11-17 23:55:33,964] {local_task_job.py:154} INFO - Task exited with return code 0
[2021-11-17 23:55:33,978] {local_task_job.py:264} INFO - 1 downstream tasks scheduled from follow-on schedule check
