[2021-11-17 23:56:59,124] {taskinstance.py:1035} INFO - Dependencies all met for <TaskInstance: example_ML_pipeline_DAG.scoring_task manual__2021-11-18T07:56:51.973317+00:00 [queued]>
[2021-11-17 23:56:59,128] {taskinstance.py:1035} INFO - Dependencies all met for <TaskInstance: example_ML_pipeline_DAG.scoring_task manual__2021-11-18T07:56:51.973317+00:00 [queued]>
[2021-11-17 23:56:59,128] {taskinstance.py:1241} INFO - 
--------------------------------------------------------------------------------
[2021-11-17 23:56:59,128] {taskinstance.py:1242} INFO - Starting attempt 1 of 1
[2021-11-17 23:56:59,128] {taskinstance.py:1243} INFO - 
--------------------------------------------------------------------------------
[2021-11-17 23:56:59,132] {taskinstance.py:1262} INFO - Executing <Task(BashOperator): scoring_task> on 2021-11-18 07:56:51.973317+00:00
[2021-11-17 23:56:59,136] {standard_task_runner.py:52} INFO - Started process 54253 to run task
[2021-11-17 23:56:59,140] {standard_task_runner.py:76} INFO - Running: ['airflow', 'tasks', 'run', 'example_ML_pipeline_DAG', 'scoring_task', 'manual__2021-11-18T07:56:51.973317+00:00', '--job-id', '10', '--raw', '--subdir', 'DAGS_FOLDER/SampleDag.py', '--cfg-path', '/var/folders/ts/0394s80n0mq8hyr7msfqdwnh0000gn/T/tmpf6a26swp', '--error-file', '/var/folders/ts/0394s80n0mq8hyr7msfqdwnh0000gn/T/tmp3sks4te5']
[2021-11-17 23:56:59,142] {standard_task_runner.py:77} INFO - Job 10: Subtask scoring_task
[2021-11-17 23:56:59,162] {logging_mixin.py:109} INFO - Running <TaskInstance: example_ML_pipeline_DAG.scoring_task manual__2021-11-18T07:56:51.973317+00:00 [running]> on host 1.0.0.0.0.0.0.0.0.0.0.0.0.0.0.0.0.0.0.0.0.0.0.0.0.0.0.0.0.0.0.0.ip6.arpa
[2021-11-17 23:56:59,181] {taskinstance.py:1427} INFO - Exporting the following env vars:
AIRFLOW_CTX_DAG_OWNER=airflow
AIRFLOW_CTX_DAG_ID=example_ML_pipeline_DAG
AIRFLOW_CTX_TASK_ID=scoring_task
AIRFLOW_CTX_EXECUTION_DATE=2021-11-18T07:56:51.973317+00:00
AIRFLOW_CTX_DAG_RUN_ID=manual__2021-11-18T07:56:51.973317+00:00
[2021-11-17 23:56:59,182] {subprocess.py:62} INFO - Tmp dir root location: 
 /var/folders/ts/0394s80n0mq8hyr7msfqdwnh0000gn/T
[2021-11-17 23:56:59,183] {subprocess.py:74} INFO - Running command: ['bash', '-c', 'python ~/PycharmProjects/Airflow/SampleScript.py']
[2021-11-17 23:56:59,190] {subprocess.py:85} INFO - Output:
[2021-11-17 23:56:59,908] {subprocess.py:89} INFO - 1000
[2021-11-17 23:56:59,974] {subprocess.py:93} INFO - Command exited with return code 0
[2021-11-17 23:56:59,985] {taskinstance.py:1270} INFO - Marking task as SUCCESS. dag_id=example_ML_pipeline_DAG, task_id=scoring_task, execution_date=20211118T075651, start_date=20211118T075659, end_date=20211118T075659
[2021-11-17 23:56:59,999] {local_task_job.py:154} INFO - Task exited with return code 0
[2021-11-17 23:57:00,008] {local_task_job.py:264} INFO - 0 downstream tasks scheduled from follow-on schedule check
