[2021-11-18 18:24:43,049] {processor.py:163} INFO - Started process (PID=55613) to work on /Users/sravanisigadam/PycharmProjects/Airflow/venv/lib/python3.9/site-packages/airflow/example_dags/example_branch_operator.py
[2021-11-18 18:24:43,049] {processor.py:625} INFO - Processing file /Users/sravanisigadam/PycharmProjects/Airflow/venv/lib/python3.9/site-packages/airflow/example_dags/example_branch_operator.py for tasks to queue
[2021-11-18 18:24:43,050] {logging_mixin.py:109} INFO - [2021-11-18 18:24:43,049] {dagbag.py:500} INFO - Filling up the DagBag from /Users/sravanisigadam/PycharmProjects/Airflow/venv/lib/python3.9/site-packages/airflow/example_dags/example_branch_operator.py
[2021-11-18 18:24:43,081] {processor.py:637} INFO - DAG(s) dict_keys(['example_branch_operator']) retrieved from /Users/sravanisigadam/PycharmProjects/Airflow/venv/lib/python3.9/site-packages/airflow/example_dags/example_branch_operator.py
[2021-11-18 18:24:43,093] {logging_mixin.py:109} INFO - [2021-11-18 18:24:43,093] {dag.py:2396} INFO - Sync 1 DAGs
[2021-11-18 18:24:43,099] {logging_mixin.py:109} INFO - [2021-11-18 18:24:43,099] {dag.py:2928} INFO - Setting next_dagrun for example_branch_operator to 2021-11-18 00:00:00+00:00
[2021-11-18 18:24:43,104] {processor.py:171} INFO - Processing /Users/sravanisigadam/PycharmProjects/Airflow/venv/lib/python3.9/site-packages/airflow/example_dags/example_branch_operator.py took 0.056 seconds
[2021-11-18 18:26:02,137] {processor.py:163} INFO - Started process (PID=55759) to work on /Users/sravanisigadam/PycharmProjects/Airflow/venv/lib/python3.9/site-packages/airflow/example_dags/example_branch_operator.py
[2021-11-18 18:26:02,138] {processor.py:625} INFO - Processing file /Users/sravanisigadam/PycharmProjects/Airflow/venv/lib/python3.9/site-packages/airflow/example_dags/example_branch_operator.py for tasks to queue
[2021-11-18 18:26:02,138] {logging_mixin.py:109} INFO - [2021-11-18 18:26:02,138] {dagbag.py:500} INFO - Filling up the DagBag from /Users/sravanisigadam/PycharmProjects/Airflow/venv/lib/python3.9/site-packages/airflow/example_dags/example_branch_operator.py
[2021-11-18 18:26:02,173] {processor.py:637} INFO - DAG(s) dict_keys(['example_branch_operator']) retrieved from /Users/sravanisigadam/PycharmProjects/Airflow/venv/lib/python3.9/site-packages/airflow/example_dags/example_branch_operator.py
[2021-11-18 18:26:02,186] {logging_mixin.py:109} INFO - [2021-11-18 18:26:02,185] {dag.py:2396} INFO - Sync 1 DAGs
[2021-11-18 18:26:02,193] {logging_mixin.py:109} INFO - [2021-11-18 18:26:02,193] {dag.py:2928} INFO - Setting next_dagrun for example_branch_operator to 2021-11-18 00:00:00+00:00
[2021-11-18 18:26:02,199] {processor.py:171} INFO - Processing /Users/sravanisigadam/PycharmProjects/Airflow/venv/lib/python3.9/site-packages/airflow/example_dags/example_branch_operator.py took 0.062 seconds
[2021-11-18 18:27:22,383] {processor.py:163} INFO - Started process (PID=55831) to work on /Users/sravanisigadam/PycharmProjects/Airflow/venv/lib/python3.9/site-packages/airflow/example_dags/example_branch_operator.py
[2021-11-18 18:27:22,384] {processor.py:625} INFO - Processing file /Users/sravanisigadam/PycharmProjects/Airflow/venv/lib/python3.9/site-packages/airflow/example_dags/example_branch_operator.py for tasks to queue
[2021-11-18 18:27:22,384] {logging_mixin.py:109} INFO - [2021-11-18 18:27:22,384] {dagbag.py:500} INFO - Filling up the DagBag from /Users/sravanisigadam/PycharmProjects/Airflow/venv/lib/python3.9/site-packages/airflow/example_dags/example_branch_operator.py
[2021-11-18 18:27:22,418] {processor.py:637} INFO - DAG(s) dict_keys(['example_branch_operator']) retrieved from /Users/sravanisigadam/PycharmProjects/Airflow/venv/lib/python3.9/site-packages/airflow/example_dags/example_branch_operator.py
[2021-11-18 18:27:22,429] {logging_mixin.py:109} INFO - [2021-11-18 18:27:22,429] {dag.py:2396} INFO - Sync 1 DAGs
[2021-11-18 18:27:22,436] {logging_mixin.py:109} INFO - [2021-11-18 18:27:22,436] {dag.py:2928} INFO - Setting next_dagrun for example_branch_operator to 2021-11-18 00:00:00+00:00
[2021-11-18 18:27:22,441] {processor.py:171} INFO - Processing /Users/sravanisigadam/PycharmProjects/Airflow/venv/lib/python3.9/site-packages/airflow/example_dags/example_branch_operator.py took 0.058 seconds
[2021-11-18 18:28:42,558] {processor.py:163} INFO - Started process (PID=55897) to work on /Users/sravanisigadam/PycharmProjects/Airflow/venv/lib/python3.9/site-packages/airflow/example_dags/example_branch_operator.py
[2021-11-18 18:28:42,559] {processor.py:625} INFO - Processing file /Users/sravanisigadam/PycharmProjects/Airflow/venv/lib/python3.9/site-packages/airflow/example_dags/example_branch_operator.py for tasks to queue
[2021-11-18 18:28:42,559] {logging_mixin.py:109} INFO - [2021-11-18 18:28:42,559] {dagbag.py:500} INFO - Filling up the DagBag from /Users/sravanisigadam/PycharmProjects/Airflow/venv/lib/python3.9/site-packages/airflow/example_dags/example_branch_operator.py
[2021-11-18 18:28:42,592] {processor.py:637} INFO - DAG(s) dict_keys(['example_branch_operator']) retrieved from /Users/sravanisigadam/PycharmProjects/Airflow/venv/lib/python3.9/site-packages/airflow/example_dags/example_branch_operator.py
[2021-11-18 18:28:42,603] {logging_mixin.py:109} INFO - [2021-11-18 18:28:42,603] {dag.py:2396} INFO - Sync 1 DAGs
[2021-11-18 18:28:42,609] {logging_mixin.py:109} INFO - [2021-11-18 18:28:42,609] {dag.py:2928} INFO - Setting next_dagrun for example_branch_operator to 2021-11-18 00:00:00+00:00
[2021-11-18 18:28:42,614] {processor.py:171} INFO - Processing /Users/sravanisigadam/PycharmProjects/Airflow/venv/lib/python3.9/site-packages/airflow/example_dags/example_branch_operator.py took 0.057 seconds
[2021-11-18 18:30:02,595] {processor.py:163} INFO - Started process (PID=55936) to work on /Users/sravanisigadam/PycharmProjects/Airflow/venv/lib/python3.9/site-packages/airflow/example_dags/example_branch_operator.py
[2021-11-18 18:30:02,596] {processor.py:625} INFO - Processing file /Users/sravanisigadam/PycharmProjects/Airflow/venv/lib/python3.9/site-packages/airflow/example_dags/example_branch_operator.py for tasks to queue
[2021-11-18 18:30:02,596] {logging_mixin.py:109} INFO - [2021-11-18 18:30:02,596] {dagbag.py:500} INFO - Filling up the DagBag from /Users/sravanisigadam/PycharmProjects/Airflow/venv/lib/python3.9/site-packages/airflow/example_dags/example_branch_operator.py
[2021-11-18 18:30:02,630] {processor.py:637} INFO - DAG(s) dict_keys(['example_branch_operator']) retrieved from /Users/sravanisigadam/PycharmProjects/Airflow/venv/lib/python3.9/site-packages/airflow/example_dags/example_branch_operator.py
[2021-11-18 18:30:02,640] {logging_mixin.py:109} INFO - [2021-11-18 18:30:02,640] {dag.py:2396} INFO - Sync 1 DAGs
[2021-11-18 18:30:02,646] {logging_mixin.py:109} INFO - [2021-11-18 18:30:02,646] {dag.py:2928} INFO - Setting next_dagrun for example_branch_operator to 2021-11-18 00:00:00+00:00
[2021-11-18 18:30:02,651] {processor.py:171} INFO - Processing /Users/sravanisigadam/PycharmProjects/Airflow/venv/lib/python3.9/site-packages/airflow/example_dags/example_branch_operator.py took 0.056 seconds
[2021-11-18 18:31:22,730] {processor.py:163} INFO - Started process (PID=55977) to work on /Users/sravanisigadam/PycharmProjects/Airflow/venv/lib/python3.9/site-packages/airflow/example_dags/example_branch_operator.py
[2021-11-18 18:31:22,731] {processor.py:625} INFO - Processing file /Users/sravanisigadam/PycharmProjects/Airflow/venv/lib/python3.9/site-packages/airflow/example_dags/example_branch_operator.py for tasks to queue
[2021-11-18 18:31:22,731] {logging_mixin.py:109} INFO - [2021-11-18 18:31:22,731] {dagbag.py:500} INFO - Filling up the DagBag from /Users/sravanisigadam/PycharmProjects/Airflow/venv/lib/python3.9/site-packages/airflow/example_dags/example_branch_operator.py
[2021-11-18 18:31:22,764] {processor.py:637} INFO - DAG(s) dict_keys(['example_branch_operator']) retrieved from /Users/sravanisigadam/PycharmProjects/Airflow/venv/lib/python3.9/site-packages/airflow/example_dags/example_branch_operator.py
[2021-11-18 18:31:22,775] {logging_mixin.py:109} INFO - [2021-11-18 18:31:22,775] {dag.py:2396} INFO - Sync 1 DAGs
[2021-11-18 18:31:22,782] {logging_mixin.py:109} INFO - [2021-11-18 18:31:22,782] {dag.py:2928} INFO - Setting next_dagrun for example_branch_operator to 2021-11-18 00:00:00+00:00
[2021-11-18 18:31:22,787] {processor.py:171} INFO - Processing /Users/sravanisigadam/PycharmProjects/Airflow/venv/lib/python3.9/site-packages/airflow/example_dags/example_branch_operator.py took 0.057 seconds
[2021-11-18 18:32:42,856] {processor.py:163} INFO - Started process (PID=56024) to work on /Users/sravanisigadam/PycharmProjects/Airflow/venv/lib/python3.9/site-packages/airflow/example_dags/example_branch_operator.py
[2021-11-18 18:32:42,856] {processor.py:625} INFO - Processing file /Users/sravanisigadam/PycharmProjects/Airflow/venv/lib/python3.9/site-packages/airflow/example_dags/example_branch_operator.py for tasks to queue
[2021-11-18 18:32:42,856] {logging_mixin.py:109} INFO - [2021-11-18 18:32:42,856] {dagbag.py:500} INFO - Filling up the DagBag from /Users/sravanisigadam/PycharmProjects/Airflow/venv/lib/python3.9/site-packages/airflow/example_dags/example_branch_operator.py
[2021-11-18 18:32:42,888] {processor.py:637} INFO - DAG(s) dict_keys(['example_branch_operator']) retrieved from /Users/sravanisigadam/PycharmProjects/Airflow/venv/lib/python3.9/site-packages/airflow/example_dags/example_branch_operator.py
[2021-11-18 18:32:42,899] {logging_mixin.py:109} INFO - [2021-11-18 18:32:42,899] {dag.py:2396} INFO - Sync 1 DAGs
[2021-11-18 18:32:42,906] {logging_mixin.py:109} INFO - [2021-11-18 18:32:42,906] {dag.py:2928} INFO - Setting next_dagrun for example_branch_operator to 2021-11-18 00:00:00+00:00
[2021-11-18 18:32:42,911] {processor.py:171} INFO - Processing /Users/sravanisigadam/PycharmProjects/Airflow/venv/lib/python3.9/site-packages/airflow/example_dags/example_branch_operator.py took 0.056 seconds
[2021-11-18 18:45:49,405] {processor.py:163} INFO - Started process (PID=56084) to work on /Users/sravanisigadam/PycharmProjects/Airflow/venv/lib/python3.9/site-packages/airflow/example_dags/example_branch_operator.py
[2021-11-18 18:45:49,406] {processor.py:625} INFO - Processing file /Users/sravanisigadam/PycharmProjects/Airflow/venv/lib/python3.9/site-packages/airflow/example_dags/example_branch_operator.py for tasks to queue
[2021-11-18 18:45:49,406] {logging_mixin.py:109} INFO - [2021-11-18 18:45:49,406] {dagbag.py:500} INFO - Filling up the DagBag from /Users/sravanisigadam/PycharmProjects/Airflow/venv/lib/python3.9/site-packages/airflow/example_dags/example_branch_operator.py
[2021-11-18 18:45:49,438] {processor.py:637} INFO - DAG(s) dict_keys(['example_branch_operator']) retrieved from /Users/sravanisigadam/PycharmProjects/Airflow/venv/lib/python3.9/site-packages/airflow/example_dags/example_branch_operator.py
[2021-11-18 18:45:49,449] {logging_mixin.py:109} INFO - [2021-11-18 18:45:49,449] {dag.py:2396} INFO - Sync 1 DAGs
[2021-11-18 18:45:49,456] {logging_mixin.py:109} INFO - [2021-11-18 18:45:49,456] {dag.py:2928} INFO - Setting next_dagrun for example_branch_operator to 2021-11-18 00:00:00+00:00
[2021-11-18 18:45:49,460] {processor.py:171} INFO - Processing /Users/sravanisigadam/PycharmProjects/Airflow/venv/lib/python3.9/site-packages/airflow/example_dags/example_branch_operator.py took 0.056 seconds
[2021-11-18 18:47:18,944] {processor.py:163} INFO - Started process (PID=56144) to work on /Users/sravanisigadam/PycharmProjects/Airflow/venv/lib/python3.9/site-packages/airflow/example_dags/example_branch_operator.py
[2021-11-18 18:47:18,944] {processor.py:625} INFO - Processing file /Users/sravanisigadam/PycharmProjects/Airflow/venv/lib/python3.9/site-packages/airflow/example_dags/example_branch_operator.py for tasks to queue
[2021-11-18 18:47:18,944] {logging_mixin.py:109} INFO - [2021-11-18 18:47:18,944] {dagbag.py:500} INFO - Filling up the DagBag from /Users/sravanisigadam/PycharmProjects/Airflow/venv/lib/python3.9/site-packages/airflow/example_dags/example_branch_operator.py
[2021-11-18 18:47:18,977] {processor.py:637} INFO - DAG(s) dict_keys(['example_branch_operator']) retrieved from /Users/sravanisigadam/PycharmProjects/Airflow/venv/lib/python3.9/site-packages/airflow/example_dags/example_branch_operator.py
[2021-11-18 18:47:18,988] {logging_mixin.py:109} INFO - [2021-11-18 18:47:18,988] {dag.py:2396} INFO - Sync 1 DAGs
[2021-11-18 18:47:18,995] {logging_mixin.py:109} INFO - [2021-11-18 18:47:18,994] {dag.py:2928} INFO - Setting next_dagrun for example_branch_operator to 2021-11-18 00:00:00+00:00
[2021-11-18 18:47:19,000] {processor.py:171} INFO - Processing /Users/sravanisigadam/PycharmProjects/Airflow/venv/lib/python3.9/site-packages/airflow/example_dags/example_branch_operator.py took 0.056 seconds
[2021-11-18 18:48:38,026] {processor.py:163} INFO - Started process (PID=56199) to work on /Users/sravanisigadam/PycharmProjects/Airflow/venv/lib/python3.9/site-packages/airflow/example_dags/example_branch_operator.py
[2021-11-18 18:48:38,027] {processor.py:625} INFO - Processing file /Users/sravanisigadam/PycharmProjects/Airflow/venv/lib/python3.9/site-packages/airflow/example_dags/example_branch_operator.py for tasks to queue
[2021-11-18 18:48:38,027] {logging_mixin.py:109} INFO - [2021-11-18 18:48:38,027] {dagbag.py:500} INFO - Filling up the DagBag from /Users/sravanisigadam/PycharmProjects/Airflow/venv/lib/python3.9/site-packages/airflow/example_dags/example_branch_operator.py
[2021-11-18 18:48:38,059] {processor.py:637} INFO - DAG(s) dict_keys(['example_branch_operator']) retrieved from /Users/sravanisigadam/PycharmProjects/Airflow/venv/lib/python3.9/site-packages/airflow/example_dags/example_branch_operator.py
[2021-11-18 18:48:38,070] {logging_mixin.py:109} INFO - [2021-11-18 18:48:38,070] {dag.py:2396} INFO - Sync 1 DAGs
[2021-11-18 18:48:38,076] {logging_mixin.py:109} INFO - [2021-11-18 18:48:38,076] {dag.py:2928} INFO - Setting next_dagrun for example_branch_operator to 2021-11-18 00:00:00+00:00
[2021-11-18 18:48:38,081] {processor.py:171} INFO - Processing /Users/sravanisigadam/PycharmProjects/Airflow/venv/lib/python3.9/site-packages/airflow/example_dags/example_branch_operator.py took 0.056 seconds
[2021-11-18 18:50:00,821] {processor.py:163} INFO - Started process (PID=56250) to work on /Users/sravanisigadam/PycharmProjects/Airflow/venv/lib/python3.9/site-packages/airflow/example_dags/example_branch_operator.py
[2021-11-18 18:50:00,821] {processor.py:625} INFO - Processing file /Users/sravanisigadam/PycharmProjects/Airflow/venv/lib/python3.9/site-packages/airflow/example_dags/example_branch_operator.py for tasks to queue
[2021-11-18 18:50:00,821] {logging_mixin.py:109} INFO - [2021-11-18 18:50:00,821] {dagbag.py:500} INFO - Filling up the DagBag from /Users/sravanisigadam/PycharmProjects/Airflow/venv/lib/python3.9/site-packages/airflow/example_dags/example_branch_operator.py
[2021-11-18 18:50:00,853] {processor.py:637} INFO - DAG(s) dict_keys(['example_branch_operator']) retrieved from /Users/sravanisigadam/PycharmProjects/Airflow/venv/lib/python3.9/site-packages/airflow/example_dags/example_branch_operator.py
[2021-11-18 18:50:00,865] {logging_mixin.py:109} INFO - [2021-11-18 18:50:00,865] {dag.py:2396} INFO - Sync 1 DAGs
[2021-11-18 18:50:00,871] {logging_mixin.py:109} INFO - [2021-11-18 18:50:00,871] {dag.py:2928} INFO - Setting next_dagrun for example_branch_operator to 2021-11-18 00:00:00+00:00
[2021-11-18 18:50:00,876] {processor.py:171} INFO - Processing /Users/sravanisigadam/PycharmProjects/Airflow/venv/lib/python3.9/site-packages/airflow/example_dags/example_branch_operator.py took 0.056 seconds
[2021-11-18 18:51:16,783] {processor.py:163} INFO - Started process (PID=56289) to work on /Users/sravanisigadam/PycharmProjects/Airflow/venv/lib/python3.9/site-packages/airflow/example_dags/example_branch_operator.py
[2021-11-18 18:51:16,783] {processor.py:625} INFO - Processing file /Users/sravanisigadam/PycharmProjects/Airflow/venv/lib/python3.9/site-packages/airflow/example_dags/example_branch_operator.py for tasks to queue
[2021-11-18 18:51:16,783] {logging_mixin.py:109} INFO - [2021-11-18 18:51:16,783] {dagbag.py:500} INFO - Filling up the DagBag from /Users/sravanisigadam/PycharmProjects/Airflow/venv/lib/python3.9/site-packages/airflow/example_dags/example_branch_operator.py
[2021-11-18 18:51:16,817] {processor.py:637} INFO - DAG(s) dict_keys(['example_branch_operator']) retrieved from /Users/sravanisigadam/PycharmProjects/Airflow/venv/lib/python3.9/site-packages/airflow/example_dags/example_branch_operator.py
[2021-11-18 18:51:16,827] {logging_mixin.py:109} INFO - [2021-11-18 18:51:16,827] {dag.py:2396} INFO - Sync 1 DAGs
[2021-11-18 18:51:16,834] {logging_mixin.py:109} INFO - [2021-11-18 18:51:16,834] {dag.py:2928} INFO - Setting next_dagrun for example_branch_operator to 2021-11-18 00:00:00+00:00
[2021-11-18 18:51:16,839] {processor.py:171} INFO - Processing /Users/sravanisigadam/PycharmProjects/Airflow/venv/lib/python3.9/site-packages/airflow/example_dags/example_branch_operator.py took 0.057 seconds
[2021-11-18 18:52:35,157] {processor.py:163} INFO - Started process (PID=56332) to work on /Users/sravanisigadam/PycharmProjects/Airflow/venv/lib/python3.9/site-packages/airflow/example_dags/example_branch_operator.py
[2021-11-18 18:52:35,158] {processor.py:625} INFO - Processing file /Users/sravanisigadam/PycharmProjects/Airflow/venv/lib/python3.9/site-packages/airflow/example_dags/example_branch_operator.py for tasks to queue
[2021-11-18 18:52:35,159] {logging_mixin.py:109} INFO - [2021-11-18 18:52:35,159] {dagbag.py:500} INFO - Filling up the DagBag from /Users/sravanisigadam/PycharmProjects/Airflow/venv/lib/python3.9/site-packages/airflow/example_dags/example_branch_operator.py
[2021-11-18 18:52:35,192] {processor.py:637} INFO - DAG(s) dict_keys(['example_branch_operator']) retrieved from /Users/sravanisigadam/PycharmProjects/Airflow/venv/lib/python3.9/site-packages/airflow/example_dags/example_branch_operator.py
[2021-11-18 18:52:35,203] {logging_mixin.py:109} INFO - [2021-11-18 18:52:35,203] {dag.py:2396} INFO - Sync 1 DAGs
[2021-11-18 18:52:35,210] {logging_mixin.py:109} INFO - [2021-11-18 18:52:35,210] {dag.py:2928} INFO - Setting next_dagrun for example_branch_operator to 2021-11-18 00:00:00+00:00
[2021-11-18 18:52:35,214] {processor.py:171} INFO - Processing /Users/sravanisigadam/PycharmProjects/Airflow/venv/lib/python3.9/site-packages/airflow/example_dags/example_branch_operator.py took 0.057 seconds
[2021-11-18 18:53:52,754] {processor.py:163} INFO - Started process (PID=56372) to work on /Users/sravanisigadam/PycharmProjects/Airflow/venv/lib/python3.9/site-packages/airflow/example_dags/example_branch_operator.py
[2021-11-18 18:53:52,754] {processor.py:625} INFO - Processing file /Users/sravanisigadam/PycharmProjects/Airflow/venv/lib/python3.9/site-packages/airflow/example_dags/example_branch_operator.py for tasks to queue
[2021-11-18 18:53:52,754] {logging_mixin.py:109} INFO - [2021-11-18 18:53:52,754] {dagbag.py:500} INFO - Filling up the DagBag from /Users/sravanisigadam/PycharmProjects/Airflow/venv/lib/python3.9/site-packages/airflow/example_dags/example_branch_operator.py
[2021-11-18 18:53:52,788] {processor.py:637} INFO - DAG(s) dict_keys(['example_branch_operator']) retrieved from /Users/sravanisigadam/PycharmProjects/Airflow/venv/lib/python3.9/site-packages/airflow/example_dags/example_branch_operator.py
[2021-11-18 18:53:52,799] {logging_mixin.py:109} INFO - [2021-11-18 18:53:52,799] {dag.py:2396} INFO - Sync 1 DAGs
[2021-11-18 18:53:52,806] {logging_mixin.py:109} INFO - [2021-11-18 18:53:52,805] {dag.py:2928} INFO - Setting next_dagrun for example_branch_operator to 2021-11-18 00:00:00+00:00
[2021-11-18 18:53:52,810] {processor.py:171} INFO - Processing /Users/sravanisigadam/PycharmProjects/Airflow/venv/lib/python3.9/site-packages/airflow/example_dags/example_branch_operator.py took 0.056 seconds
[2021-11-18 18:55:10,746] {processor.py:163} INFO - Started process (PID=56412) to work on /Users/sravanisigadam/PycharmProjects/Airflow/venv/lib/python3.9/site-packages/airflow/example_dags/example_branch_operator.py
[2021-11-18 18:55:10,747] {processor.py:625} INFO - Processing file /Users/sravanisigadam/PycharmProjects/Airflow/venv/lib/python3.9/site-packages/airflow/example_dags/example_branch_operator.py for tasks to queue
[2021-11-18 18:55:10,748] {logging_mixin.py:109} INFO - [2021-11-18 18:55:10,748] {dagbag.py:500} INFO - Filling up the DagBag from /Users/sravanisigadam/PycharmProjects/Airflow/venv/lib/python3.9/site-packages/airflow/example_dags/example_branch_operator.py
[2021-11-18 18:55:10,781] {processor.py:637} INFO - DAG(s) dict_keys(['example_branch_operator']) retrieved from /Users/sravanisigadam/PycharmProjects/Airflow/venv/lib/python3.9/site-packages/airflow/example_dags/example_branch_operator.py
[2021-11-18 18:55:10,793] {logging_mixin.py:109} INFO - [2021-11-18 18:55:10,792] {dag.py:2396} INFO - Sync 1 DAGs
[2021-11-18 18:55:10,799] {logging_mixin.py:109} INFO - [2021-11-18 18:55:10,799] {dag.py:2928} INFO - Setting next_dagrun for example_branch_operator to 2021-11-18 00:00:00+00:00
[2021-11-18 18:55:10,804] {processor.py:171} INFO - Processing /Users/sravanisigadam/PycharmProjects/Airflow/venv/lib/python3.9/site-packages/airflow/example_dags/example_branch_operator.py took 0.058 seconds
[2021-11-18 18:56:29,240] {processor.py:163} INFO - Started process (PID=56457) to work on /Users/sravanisigadam/PycharmProjects/Airflow/venv/lib/python3.9/site-packages/airflow/example_dags/example_branch_operator.py
[2021-11-18 18:56:29,241] {processor.py:625} INFO - Processing file /Users/sravanisigadam/PycharmProjects/Airflow/venv/lib/python3.9/site-packages/airflow/example_dags/example_branch_operator.py for tasks to queue
[2021-11-18 18:56:29,241] {logging_mixin.py:109} INFO - [2021-11-18 18:56:29,241] {dagbag.py:500} INFO - Filling up the DagBag from /Users/sravanisigadam/PycharmProjects/Airflow/venv/lib/python3.9/site-packages/airflow/example_dags/example_branch_operator.py
[2021-11-18 18:56:29,275] {processor.py:637} INFO - DAG(s) dict_keys(['example_branch_operator']) retrieved from /Users/sravanisigadam/PycharmProjects/Airflow/venv/lib/python3.9/site-packages/airflow/example_dags/example_branch_operator.py
[2021-11-18 18:56:29,286] {logging_mixin.py:109} INFO - [2021-11-18 18:56:29,286] {dag.py:2396} INFO - Sync 1 DAGs
[2021-11-18 18:56:29,292] {logging_mixin.py:109} INFO - [2021-11-18 18:56:29,292] {dag.py:2928} INFO - Setting next_dagrun for example_branch_operator to 2021-11-18 00:00:00+00:00
[2021-11-18 18:56:29,297] {processor.py:171} INFO - Processing /Users/sravanisigadam/PycharmProjects/Airflow/venv/lib/python3.9/site-packages/airflow/example_dags/example_branch_operator.py took 0.058 seconds
[2021-11-18 18:57:46,835] {processor.py:163} INFO - Started process (PID=56496) to work on /Users/sravanisigadam/PycharmProjects/Airflow/venv/lib/python3.9/site-packages/airflow/example_dags/example_branch_operator.py
[2021-11-18 18:57:46,836] {processor.py:625} INFO - Processing file /Users/sravanisigadam/PycharmProjects/Airflow/venv/lib/python3.9/site-packages/airflow/example_dags/example_branch_operator.py for tasks to queue
[2021-11-18 18:57:46,836] {logging_mixin.py:109} INFO - [2021-11-18 18:57:46,836] {dagbag.py:500} INFO - Filling up the DagBag from /Users/sravanisigadam/PycharmProjects/Airflow/venv/lib/python3.9/site-packages/airflow/example_dags/example_branch_operator.py
[2021-11-18 18:57:46,870] {processor.py:637} INFO - DAG(s) dict_keys(['example_branch_operator']) retrieved from /Users/sravanisigadam/PycharmProjects/Airflow/venv/lib/python3.9/site-packages/airflow/example_dags/example_branch_operator.py
[2021-11-18 18:57:46,882] {logging_mixin.py:109} INFO - [2021-11-18 18:57:46,881] {dag.py:2396} INFO - Sync 1 DAGs
[2021-11-18 18:57:46,888] {logging_mixin.py:109} INFO - [2021-11-18 18:57:46,888] {dag.py:2928} INFO - Setting next_dagrun for example_branch_operator to 2021-11-18 00:00:00+00:00
[2021-11-18 18:57:46,893] {processor.py:171} INFO - Processing /Users/sravanisigadam/PycharmProjects/Airflow/venv/lib/python3.9/site-packages/airflow/example_dags/example_branch_operator.py took 0.058 seconds
[2021-11-18 18:59:04,673] {processor.py:163} INFO - Started process (PID=56544) to work on /Users/sravanisigadam/PycharmProjects/Airflow/venv/lib/python3.9/site-packages/airflow/example_dags/example_branch_operator.py
[2021-11-18 18:59:04,674] {processor.py:625} INFO - Processing file /Users/sravanisigadam/PycharmProjects/Airflow/venv/lib/python3.9/site-packages/airflow/example_dags/example_branch_operator.py for tasks to queue
[2021-11-18 18:59:04,674] {logging_mixin.py:109} INFO - [2021-11-18 18:59:04,674] {dagbag.py:500} INFO - Filling up the DagBag from /Users/sravanisigadam/PycharmProjects/Airflow/venv/lib/python3.9/site-packages/airflow/example_dags/example_branch_operator.py
[2021-11-18 18:59:04,709] {processor.py:637} INFO - DAG(s) dict_keys(['example_branch_operator']) retrieved from /Users/sravanisigadam/PycharmProjects/Airflow/venv/lib/python3.9/site-packages/airflow/example_dags/example_branch_operator.py
[2021-11-18 18:59:04,720] {logging_mixin.py:109} INFO - [2021-11-18 18:59:04,720] {dag.py:2396} INFO - Sync 1 DAGs
[2021-11-18 18:59:04,726] {logging_mixin.py:109} INFO - [2021-11-18 18:59:04,726] {dag.py:2928} INFO - Setting next_dagrun for example_branch_operator to 2021-11-18 00:00:00+00:00
[2021-11-18 18:59:04,731] {processor.py:171} INFO - Processing /Users/sravanisigadam/PycharmProjects/Airflow/venv/lib/python3.9/site-packages/airflow/example_dags/example_branch_operator.py took 0.059 seconds
[2021-11-18 19:00:26,011] {processor.py:163} INFO - Started process (PID=56588) to work on /Users/sravanisigadam/PycharmProjects/Airflow/venv/lib/python3.9/site-packages/airflow/example_dags/example_branch_operator.py
[2021-11-18 19:00:26,013] {processor.py:625} INFO - Processing file /Users/sravanisigadam/PycharmProjects/Airflow/venv/lib/python3.9/site-packages/airflow/example_dags/example_branch_operator.py for tasks to queue
[2021-11-18 19:00:26,013] {logging_mixin.py:109} INFO - [2021-11-18 19:00:26,013] {dagbag.py:500} INFO - Filling up the DagBag from /Users/sravanisigadam/PycharmProjects/Airflow/venv/lib/python3.9/site-packages/airflow/example_dags/example_branch_operator.py
[2021-11-18 19:00:26,045] {processor.py:637} INFO - DAG(s) dict_keys(['example_branch_operator']) retrieved from /Users/sravanisigadam/PycharmProjects/Airflow/venv/lib/python3.9/site-packages/airflow/example_dags/example_branch_operator.py
[2021-11-18 19:00:26,056] {logging_mixin.py:109} INFO - [2021-11-18 19:00:26,056] {dag.py:2396} INFO - Sync 1 DAGs
[2021-11-18 19:00:26,063] {logging_mixin.py:109} INFO - [2021-11-18 19:00:26,063] {dag.py:2928} INFO - Setting next_dagrun for example_branch_operator to 2021-11-18 00:00:00+00:00
[2021-11-18 19:00:26,067] {processor.py:171} INFO - Processing /Users/sravanisigadam/PycharmProjects/Airflow/venv/lib/python3.9/site-packages/airflow/example_dags/example_branch_operator.py took 0.056 seconds
[2021-11-18 19:01:43,589] {processor.py:163} INFO - Started process (PID=56635) to work on /Users/sravanisigadam/PycharmProjects/Airflow/venv/lib/python3.9/site-packages/airflow/example_dags/example_branch_operator.py
[2021-11-18 19:01:43,590] {processor.py:625} INFO - Processing file /Users/sravanisigadam/PycharmProjects/Airflow/venv/lib/python3.9/site-packages/airflow/example_dags/example_branch_operator.py for tasks to queue
[2021-11-18 19:01:43,590] {logging_mixin.py:109} INFO - [2021-11-18 19:01:43,590] {dagbag.py:500} INFO - Filling up the DagBag from /Users/sravanisigadam/PycharmProjects/Airflow/venv/lib/python3.9/site-packages/airflow/example_dags/example_branch_operator.py
[2021-11-18 19:01:43,621] {processor.py:637} INFO - DAG(s) dict_keys(['example_branch_operator']) retrieved from /Users/sravanisigadam/PycharmProjects/Airflow/venv/lib/python3.9/site-packages/airflow/example_dags/example_branch_operator.py
[2021-11-18 19:01:43,632] {logging_mixin.py:109} INFO - [2021-11-18 19:01:43,632] {dag.py:2396} INFO - Sync 1 DAGs
[2021-11-18 19:01:43,639] {logging_mixin.py:109} INFO - [2021-11-18 19:01:43,639] {dag.py:2928} INFO - Setting next_dagrun for example_branch_operator to 2021-11-18 00:00:00+00:00
[2021-11-18 19:01:43,644] {processor.py:171} INFO - Processing /Users/sravanisigadam/PycharmProjects/Airflow/venv/lib/python3.9/site-packages/airflow/example_dags/example_branch_operator.py took 0.056 seconds
[2021-11-18 19:03:01,221] {processor.py:163} INFO - Started process (PID=56676) to work on /Users/sravanisigadam/PycharmProjects/Airflow/venv/lib/python3.9/site-packages/airflow/example_dags/example_branch_operator.py
[2021-11-18 19:03:01,222] {processor.py:625} INFO - Processing file /Users/sravanisigadam/PycharmProjects/Airflow/venv/lib/python3.9/site-packages/airflow/example_dags/example_branch_operator.py for tasks to queue
[2021-11-18 19:03:01,222] {logging_mixin.py:109} INFO - [2021-11-18 19:03:01,222] {dagbag.py:500} INFO - Filling up the DagBag from /Users/sravanisigadam/PycharmProjects/Airflow/venv/lib/python3.9/site-packages/airflow/example_dags/example_branch_operator.py
[2021-11-18 19:03:01,254] {processor.py:637} INFO - DAG(s) dict_keys(['example_branch_operator']) retrieved from /Users/sravanisigadam/PycharmProjects/Airflow/venv/lib/python3.9/site-packages/airflow/example_dags/example_branch_operator.py
[2021-11-18 19:03:01,265] {logging_mixin.py:109} INFO - [2021-11-18 19:03:01,265] {dag.py:2396} INFO - Sync 1 DAGs
[2021-11-18 19:03:01,272] {logging_mixin.py:109} INFO - [2021-11-18 19:03:01,272] {dag.py:2928} INFO - Setting next_dagrun for example_branch_operator to 2021-11-18 00:00:00+00:00
[2021-11-18 19:03:01,276] {processor.py:171} INFO - Processing /Users/sravanisigadam/PycharmProjects/Airflow/venv/lib/python3.9/site-packages/airflow/example_dags/example_branch_operator.py took 0.055 seconds
[2021-11-18 19:04:19,628] {processor.py:163} INFO - Started process (PID=56724) to work on /Users/sravanisigadam/PycharmProjects/Airflow/venv/lib/python3.9/site-packages/airflow/example_dags/example_branch_operator.py
[2021-11-18 19:04:19,628] {processor.py:625} INFO - Processing file /Users/sravanisigadam/PycharmProjects/Airflow/venv/lib/python3.9/site-packages/airflow/example_dags/example_branch_operator.py for tasks to queue
[2021-11-18 19:04:19,628] {logging_mixin.py:109} INFO - [2021-11-18 19:04:19,628] {dagbag.py:500} INFO - Filling up the DagBag from /Users/sravanisigadam/PycharmProjects/Airflow/venv/lib/python3.9/site-packages/airflow/example_dags/example_branch_operator.py
[2021-11-18 19:04:19,661] {processor.py:637} INFO - DAG(s) dict_keys(['example_branch_operator']) retrieved from /Users/sravanisigadam/PycharmProjects/Airflow/venv/lib/python3.9/site-packages/airflow/example_dags/example_branch_operator.py
[2021-11-18 19:04:19,672] {logging_mixin.py:109} INFO - [2021-11-18 19:04:19,672] {dag.py:2396} INFO - Sync 1 DAGs
[2021-11-18 19:04:19,679] {logging_mixin.py:109} INFO - [2021-11-18 19:04:19,678] {dag.py:2928} INFO - Setting next_dagrun for example_branch_operator to 2021-11-18 00:00:00+00:00
[2021-11-18 19:04:19,683] {processor.py:171} INFO - Processing /Users/sravanisigadam/PycharmProjects/Airflow/venv/lib/python3.9/site-packages/airflow/example_dags/example_branch_operator.py took 0.055 seconds
[2021-11-18 19:05:38,583] {processor.py:163} INFO - Started process (PID=56776) to work on /Users/sravanisigadam/PycharmProjects/Airflow/venv/lib/python3.9/site-packages/airflow/example_dags/example_branch_operator.py
[2021-11-18 19:05:38,585] {processor.py:625} INFO - Processing file /Users/sravanisigadam/PycharmProjects/Airflow/venv/lib/python3.9/site-packages/airflow/example_dags/example_branch_operator.py for tasks to queue
[2021-11-18 19:05:38,585] {logging_mixin.py:109} INFO - [2021-11-18 19:05:38,585] {dagbag.py:500} INFO - Filling up the DagBag from /Users/sravanisigadam/PycharmProjects/Airflow/venv/lib/python3.9/site-packages/airflow/example_dags/example_branch_operator.py
[2021-11-18 19:05:38,618] {processor.py:637} INFO - DAG(s) dict_keys(['example_branch_operator']) retrieved from /Users/sravanisigadam/PycharmProjects/Airflow/venv/lib/python3.9/site-packages/airflow/example_dags/example_branch_operator.py
[2021-11-18 19:05:38,629] {logging_mixin.py:109} INFO - [2021-11-18 19:05:38,629] {dag.py:2396} INFO - Sync 1 DAGs
[2021-11-18 19:05:38,636] {logging_mixin.py:109} INFO - [2021-11-18 19:05:38,636] {dag.py:2928} INFO - Setting next_dagrun for example_branch_operator to 2021-11-18 00:00:00+00:00
[2021-11-18 19:05:38,641] {processor.py:171} INFO - Processing /Users/sravanisigadam/PycharmProjects/Airflow/venv/lib/python3.9/site-packages/airflow/example_dags/example_branch_operator.py took 0.058 seconds
[2021-11-18 19:06:58,118] {processor.py:163} INFO - Started process (PID=56844) to work on /Users/sravanisigadam/PycharmProjects/Airflow/venv/lib/python3.9/site-packages/airflow/example_dags/example_branch_operator.py
[2021-11-18 19:06:58,119] {processor.py:625} INFO - Processing file /Users/sravanisigadam/PycharmProjects/Airflow/venv/lib/python3.9/site-packages/airflow/example_dags/example_branch_operator.py for tasks to queue
[2021-11-18 19:06:58,119] {logging_mixin.py:109} INFO - [2021-11-18 19:06:58,119] {dagbag.py:500} INFO - Filling up the DagBag from /Users/sravanisigadam/PycharmProjects/Airflow/venv/lib/python3.9/site-packages/airflow/example_dags/example_branch_operator.py
[2021-11-18 19:06:58,151] {processor.py:637} INFO - DAG(s) dict_keys(['example_branch_operator']) retrieved from /Users/sravanisigadam/PycharmProjects/Airflow/venv/lib/python3.9/site-packages/airflow/example_dags/example_branch_operator.py
[2021-11-18 19:06:58,162] {logging_mixin.py:109} INFO - [2021-11-18 19:06:58,162] {dag.py:2396} INFO - Sync 1 DAGs
[2021-11-18 19:06:58,169] {logging_mixin.py:109} INFO - [2021-11-18 19:06:58,168] {dag.py:2928} INFO - Setting next_dagrun for example_branch_operator to 2021-11-18 00:00:00+00:00
[2021-11-18 19:06:58,174] {processor.py:171} INFO - Processing /Users/sravanisigadam/PycharmProjects/Airflow/venv/lib/python3.9/site-packages/airflow/example_dags/example_branch_operator.py took 0.055 seconds
[2021-11-18 19:08:16,037] {processor.py:163} INFO - Started process (PID=56920) to work on /Users/sravanisigadam/PycharmProjects/Airflow/venv/lib/python3.9/site-packages/airflow/example_dags/example_branch_operator.py
[2021-11-18 19:08:16,038] {processor.py:625} INFO - Processing file /Users/sravanisigadam/PycharmProjects/Airflow/venv/lib/python3.9/site-packages/airflow/example_dags/example_branch_operator.py for tasks to queue
[2021-11-18 19:08:16,038] {logging_mixin.py:109} INFO - [2021-11-18 19:08:16,038] {dagbag.py:500} INFO - Filling up the DagBag from /Users/sravanisigadam/PycharmProjects/Airflow/venv/lib/python3.9/site-packages/airflow/example_dags/example_branch_operator.py
[2021-11-18 19:08:16,069] {processor.py:637} INFO - DAG(s) dict_keys(['example_branch_operator']) retrieved from /Users/sravanisigadam/PycharmProjects/Airflow/venv/lib/python3.9/site-packages/airflow/example_dags/example_branch_operator.py
[2021-11-18 19:08:16,081] {logging_mixin.py:109} INFO - [2021-11-18 19:08:16,081] {dag.py:2396} INFO - Sync 1 DAGs
[2021-11-18 19:08:16,087] {logging_mixin.py:109} INFO - [2021-11-18 19:08:16,087] {dag.py:2928} INFO - Setting next_dagrun for example_branch_operator to 2021-11-18 00:00:00+00:00
[2021-11-18 19:08:16,093] {processor.py:171} INFO - Processing /Users/sravanisigadam/PycharmProjects/Airflow/venv/lib/python3.9/site-packages/airflow/example_dags/example_branch_operator.py took 0.056 seconds
[2021-11-18 19:09:34,145] {processor.py:163} INFO - Started process (PID=56966) to work on /Users/sravanisigadam/PycharmProjects/Airflow/venv/lib/python3.9/site-packages/airflow/example_dags/example_branch_operator.py
[2021-11-18 19:09:34,145] {processor.py:625} INFO - Processing file /Users/sravanisigadam/PycharmProjects/Airflow/venv/lib/python3.9/site-packages/airflow/example_dags/example_branch_operator.py for tasks to queue
[2021-11-18 19:09:34,145] {logging_mixin.py:109} INFO - [2021-11-18 19:09:34,145] {dagbag.py:500} INFO - Filling up the DagBag from /Users/sravanisigadam/PycharmProjects/Airflow/venv/lib/python3.9/site-packages/airflow/example_dags/example_branch_operator.py
[2021-11-18 19:09:34,180] {processor.py:637} INFO - DAG(s) dict_keys(['example_branch_operator']) retrieved from /Users/sravanisigadam/PycharmProjects/Airflow/venv/lib/python3.9/site-packages/airflow/example_dags/example_branch_operator.py
[2021-11-18 19:09:34,192] {logging_mixin.py:109} INFO - [2021-11-18 19:09:34,191] {dag.py:2396} INFO - Sync 1 DAGs
[2021-11-18 19:09:34,198] {logging_mixin.py:109} INFO - [2021-11-18 19:09:34,198] {dag.py:2928} INFO - Setting next_dagrun for example_branch_operator to 2021-11-18 00:00:00+00:00
[2021-11-18 19:09:34,203] {processor.py:171} INFO - Processing /Users/sravanisigadam/PycharmProjects/Airflow/venv/lib/python3.9/site-packages/airflow/example_dags/example_branch_operator.py took 0.059 seconds
[2021-11-18 19:10:54,426] {processor.py:163} INFO - Started process (PID=57011) to work on /Users/sravanisigadam/PycharmProjects/Airflow/venv/lib/python3.9/site-packages/airflow/example_dags/example_branch_operator.py
[2021-11-18 19:10:54,426] {processor.py:625} INFO - Processing file /Users/sravanisigadam/PycharmProjects/Airflow/venv/lib/python3.9/site-packages/airflow/example_dags/example_branch_operator.py for tasks to queue
[2021-11-18 19:10:54,426] {logging_mixin.py:109} INFO - [2021-11-18 19:10:54,426] {dagbag.py:500} INFO - Filling up the DagBag from /Users/sravanisigadam/PycharmProjects/Airflow/venv/lib/python3.9/site-packages/airflow/example_dags/example_branch_operator.py
[2021-11-18 19:10:54,460] {processor.py:637} INFO - DAG(s) dict_keys(['example_branch_operator']) retrieved from /Users/sravanisigadam/PycharmProjects/Airflow/venv/lib/python3.9/site-packages/airflow/example_dags/example_branch_operator.py
[2021-11-18 19:10:54,473] {logging_mixin.py:109} INFO - [2021-11-18 19:10:54,472] {dag.py:2396} INFO - Sync 1 DAGs
[2021-11-18 19:10:54,479] {logging_mixin.py:109} INFO - [2021-11-18 19:10:54,479] {dag.py:2928} INFO - Setting next_dagrun for example_branch_operator to 2021-11-18 00:00:00+00:00
[2021-11-18 19:10:54,484] {processor.py:171} INFO - Processing /Users/sravanisigadam/PycharmProjects/Airflow/venv/lib/python3.9/site-packages/airflow/example_dags/example_branch_operator.py took 0.059 seconds
[2021-11-18 19:12:15,430] {processor.py:163} INFO - Started process (PID=57059) to work on /Users/sravanisigadam/PycharmProjects/Airflow/venv/lib/python3.9/site-packages/airflow/example_dags/example_branch_operator.py
[2021-11-18 19:12:15,430] {processor.py:625} INFO - Processing file /Users/sravanisigadam/PycharmProjects/Airflow/venv/lib/python3.9/site-packages/airflow/example_dags/example_branch_operator.py for tasks to queue
[2021-11-18 19:12:15,430] {logging_mixin.py:109} INFO - [2021-11-18 19:12:15,430] {dagbag.py:500} INFO - Filling up the DagBag from /Users/sravanisigadam/PycharmProjects/Airflow/venv/lib/python3.9/site-packages/airflow/example_dags/example_branch_operator.py
[2021-11-18 19:12:15,464] {processor.py:637} INFO - DAG(s) dict_keys(['example_branch_operator']) retrieved from /Users/sravanisigadam/PycharmProjects/Airflow/venv/lib/python3.9/site-packages/airflow/example_dags/example_branch_operator.py
[2021-11-18 19:12:15,476] {logging_mixin.py:109} INFO - [2021-11-18 19:12:15,476] {dag.py:2396} INFO - Sync 1 DAGs
[2021-11-18 19:12:15,483] {logging_mixin.py:109} INFO - [2021-11-18 19:12:15,482] {dag.py:2928} INFO - Setting next_dagrun for example_branch_operator to 2021-11-18 00:00:00+00:00
[2021-11-18 19:12:15,488] {processor.py:171} INFO - Processing /Users/sravanisigadam/PycharmProjects/Airflow/venv/lib/python3.9/site-packages/airflow/example_dags/example_branch_operator.py took 0.058 seconds
[2021-11-18 19:13:37,348] {processor.py:163} INFO - Started process (PID=57128) to work on /Users/sravanisigadam/PycharmProjects/Airflow/venv/lib/python3.9/site-packages/airflow/example_dags/example_branch_operator.py
[2021-11-18 19:13:37,349] {processor.py:625} INFO - Processing file /Users/sravanisigadam/PycharmProjects/Airflow/venv/lib/python3.9/site-packages/airflow/example_dags/example_branch_operator.py for tasks to queue
[2021-11-18 19:13:37,349] {logging_mixin.py:109} INFO - [2021-11-18 19:13:37,349] {dagbag.py:500} INFO - Filling up the DagBag from /Users/sravanisigadam/PycharmProjects/Airflow/venv/lib/python3.9/site-packages/airflow/example_dags/example_branch_operator.py
[2021-11-18 19:13:37,383] {processor.py:637} INFO - DAG(s) dict_keys(['example_branch_operator']) retrieved from /Users/sravanisigadam/PycharmProjects/Airflow/venv/lib/python3.9/site-packages/airflow/example_dags/example_branch_operator.py
[2021-11-18 19:13:37,394] {logging_mixin.py:109} INFO - [2021-11-18 19:13:37,394] {dag.py:2396} INFO - Sync 1 DAGs
[2021-11-18 19:13:37,400] {logging_mixin.py:109} INFO - [2021-11-18 19:13:37,400] {dag.py:2928} INFO - Setting next_dagrun for example_branch_operator to 2021-11-18 00:00:00+00:00
[2021-11-18 19:13:37,405] {processor.py:171} INFO - Processing /Users/sravanisigadam/PycharmProjects/Airflow/venv/lib/python3.9/site-packages/airflow/example_dags/example_branch_operator.py took 0.057 seconds
[2021-11-18 19:14:58,252] {processor.py:163} INFO - Started process (PID=57194) to work on /Users/sravanisigadam/PycharmProjects/Airflow/venv/lib/python3.9/site-packages/airflow/example_dags/example_branch_operator.py
[2021-11-18 19:14:58,252] {processor.py:625} INFO - Processing file /Users/sravanisigadam/PycharmProjects/Airflow/venv/lib/python3.9/site-packages/airflow/example_dags/example_branch_operator.py for tasks to queue
[2021-11-18 19:14:58,252] {logging_mixin.py:109} INFO - [2021-11-18 19:14:58,252] {dagbag.py:500} INFO - Filling up the DagBag from /Users/sravanisigadam/PycharmProjects/Airflow/venv/lib/python3.9/site-packages/airflow/example_dags/example_branch_operator.py
[2021-11-18 19:14:58,286] {processor.py:637} INFO - DAG(s) dict_keys(['example_branch_operator']) retrieved from /Users/sravanisigadam/PycharmProjects/Airflow/venv/lib/python3.9/site-packages/airflow/example_dags/example_branch_operator.py
[2021-11-18 19:14:58,298] {logging_mixin.py:109} INFO - [2021-11-18 19:14:58,298] {dag.py:2396} INFO - Sync 1 DAGs
[2021-11-18 19:14:58,305] {logging_mixin.py:109} INFO - [2021-11-18 19:14:58,305] {dag.py:2928} INFO - Setting next_dagrun for example_branch_operator to 2021-11-18 00:00:00+00:00
[2021-11-18 19:14:58,309] {processor.py:171} INFO - Processing /Users/sravanisigadam/PycharmProjects/Airflow/venv/lib/python3.9/site-packages/airflow/example_dags/example_branch_operator.py took 0.058 seconds
