[2021-11-18 18:24:36,867] {processor.py:163} INFO - Started process (PID=55610) to work on /Users/sravanisigadam/PycharmProjects/Airflow/venv/lib/python3.9/site-packages/airflow/example_dags/example_dag_decorator.py
[2021-11-18 18:24:36,867] {processor.py:625} INFO - Processing file /Users/sravanisigadam/PycharmProjects/Airflow/venv/lib/python3.9/site-packages/airflow/example_dags/example_dag_decorator.py for tasks to queue
[2021-11-18 18:24:36,867] {logging_mixin.py:109} INFO - [2021-11-18 18:24:36,867] {dagbag.py:500} INFO - Filling up the DagBag from /Users/sravanisigadam/PycharmProjects/Airflow/venv/lib/python3.9/site-packages/airflow/example_dags/example_dag_decorator.py
[2021-11-18 18:24:36,905] {processor.py:637} INFO - DAG(s) dict_keys(['example_dag_decorator']) retrieved from /Users/sravanisigadam/PycharmProjects/Airflow/venv/lib/python3.9/site-packages/airflow/example_dags/example_dag_decorator.py
[2021-11-18 18:24:37,059] {logging_mixin.py:109} INFO - [2021-11-18 18:24:37,058] {dag.py:2396} INFO - Sync 1 DAGs
[2021-11-18 18:24:37,064] {logging_mixin.py:109} INFO - [2021-11-18 18:24:37,064] {dag.py:2928} INFO - Setting next_dagrun for example_dag_decorator to None
[2021-11-18 18:24:37,070] {processor.py:171} INFO - Processing /Users/sravanisigadam/PycharmProjects/Airflow/venv/lib/python3.9/site-packages/airflow/example_dags/example_dag_decorator.py took 0.203 seconds
[2021-11-18 18:25:55,655] {processor.py:163} INFO - Started process (PID=55755) to work on /Users/sravanisigadam/PycharmProjects/Airflow/venv/lib/python3.9/site-packages/airflow/example_dags/example_dag_decorator.py
[2021-11-18 18:25:55,655] {processor.py:625} INFO - Processing file /Users/sravanisigadam/PycharmProjects/Airflow/venv/lib/python3.9/site-packages/airflow/example_dags/example_dag_decorator.py for tasks to queue
[2021-11-18 18:25:55,655] {logging_mixin.py:109} INFO - [2021-11-18 18:25:55,655] {dagbag.py:500} INFO - Filling up the DagBag from /Users/sravanisigadam/PycharmProjects/Airflow/venv/lib/python3.9/site-packages/airflow/example_dags/example_dag_decorator.py
[2021-11-18 18:25:55,696] {processor.py:637} INFO - DAG(s) dict_keys(['example_dag_decorator']) retrieved from /Users/sravanisigadam/PycharmProjects/Airflow/venv/lib/python3.9/site-packages/airflow/example_dags/example_dag_decorator.py
[2021-11-18 18:25:55,921] {logging_mixin.py:109} INFO - [2021-11-18 18:25:55,921] {dag.py:2396} INFO - Sync 1 DAGs
[2021-11-18 18:25:55,928] {logging_mixin.py:109} INFO - [2021-11-18 18:25:55,928] {dag.py:2928} INFO - Setting next_dagrun for example_dag_decorator to None
[2021-11-18 18:25:55,934] {processor.py:171} INFO - Processing /Users/sravanisigadam/PycharmProjects/Airflow/venv/lib/python3.9/site-packages/airflow/example_dags/example_dag_decorator.py took 0.280 seconds
[2021-11-18 18:27:15,961] {processor.py:163} INFO - Started process (PID=55826) to work on /Users/sravanisigadam/PycharmProjects/Airflow/venv/lib/python3.9/site-packages/airflow/example_dags/example_dag_decorator.py
[2021-11-18 18:27:15,962] {processor.py:625} INFO - Processing file /Users/sravanisigadam/PycharmProjects/Airflow/venv/lib/python3.9/site-packages/airflow/example_dags/example_dag_decorator.py for tasks to queue
[2021-11-18 18:27:15,962] {logging_mixin.py:109} INFO - [2021-11-18 18:27:15,962] {dagbag.py:500} INFO - Filling up the DagBag from /Users/sravanisigadam/PycharmProjects/Airflow/venv/lib/python3.9/site-packages/airflow/example_dags/example_dag_decorator.py
[2021-11-18 18:27:15,999] {processor.py:637} INFO - DAG(s) dict_keys(['example_dag_decorator']) retrieved from /Users/sravanisigadam/PycharmProjects/Airflow/venv/lib/python3.9/site-packages/airflow/example_dags/example_dag_decorator.py
[2021-11-18 18:27:16,200] {logging_mixin.py:109} INFO - [2021-11-18 18:27:16,200] {dag.py:2396} INFO - Sync 1 DAGs
[2021-11-18 18:27:16,206] {logging_mixin.py:109} INFO - [2021-11-18 18:27:16,206] {dag.py:2928} INFO - Setting next_dagrun for example_dag_decorator to None
[2021-11-18 18:27:16,212] {processor.py:171} INFO - Processing /Users/sravanisigadam/PycharmProjects/Airflow/venv/lib/python3.9/site-packages/airflow/example_dags/example_dag_decorator.py took 0.252 seconds
[2021-11-18 18:28:36,194] {processor.py:163} INFO - Started process (PID=55894) to work on /Users/sravanisigadam/PycharmProjects/Airflow/venv/lib/python3.9/site-packages/airflow/example_dags/example_dag_decorator.py
[2021-11-18 18:28:36,195] {processor.py:625} INFO - Processing file /Users/sravanisigadam/PycharmProjects/Airflow/venv/lib/python3.9/site-packages/airflow/example_dags/example_dag_decorator.py for tasks to queue
[2021-11-18 18:28:36,195] {logging_mixin.py:109} INFO - [2021-11-18 18:28:36,195] {dagbag.py:500} INFO - Filling up the DagBag from /Users/sravanisigadam/PycharmProjects/Airflow/venv/lib/python3.9/site-packages/airflow/example_dags/example_dag_decorator.py
[2021-11-18 18:28:36,230] {processor.py:637} INFO - DAG(s) dict_keys(['example_dag_decorator']) retrieved from /Users/sravanisigadam/PycharmProjects/Airflow/venv/lib/python3.9/site-packages/airflow/example_dags/example_dag_decorator.py
[2021-11-18 18:28:36,380] {logging_mixin.py:109} INFO - [2021-11-18 18:28:36,380] {dag.py:2396} INFO - Sync 1 DAGs
[2021-11-18 18:28:36,386] {logging_mixin.py:109} INFO - [2021-11-18 18:28:36,386] {dag.py:2928} INFO - Setting next_dagrun for example_dag_decorator to None
[2021-11-18 18:28:36,391] {processor.py:171} INFO - Processing /Users/sravanisigadam/PycharmProjects/Airflow/venv/lib/python3.9/site-packages/airflow/example_dags/example_dag_decorator.py took 0.198 seconds
[2021-11-18 18:29:56,248] {processor.py:163} INFO - Started process (PID=55933) to work on /Users/sravanisigadam/PycharmProjects/Airflow/venv/lib/python3.9/site-packages/airflow/example_dags/example_dag_decorator.py
[2021-11-18 18:29:56,248] {processor.py:625} INFO - Processing file /Users/sravanisigadam/PycharmProjects/Airflow/venv/lib/python3.9/site-packages/airflow/example_dags/example_dag_decorator.py for tasks to queue
[2021-11-18 18:29:56,248] {logging_mixin.py:109} INFO - [2021-11-18 18:29:56,248] {dagbag.py:500} INFO - Filling up the DagBag from /Users/sravanisigadam/PycharmProjects/Airflow/venv/lib/python3.9/site-packages/airflow/example_dags/example_dag_decorator.py
[2021-11-18 18:29:56,284] {processor.py:637} INFO - DAG(s) dict_keys(['example_dag_decorator']) retrieved from /Users/sravanisigadam/PycharmProjects/Airflow/venv/lib/python3.9/site-packages/airflow/example_dags/example_dag_decorator.py
[2021-11-18 18:29:56,428] {logging_mixin.py:109} INFO - [2021-11-18 18:29:56,428] {dag.py:2396} INFO - Sync 1 DAGs
[2021-11-18 18:29:56,433] {logging_mixin.py:109} INFO - [2021-11-18 18:29:56,433] {dag.py:2928} INFO - Setting next_dagrun for example_dag_decorator to None
[2021-11-18 18:29:56,439] {processor.py:171} INFO - Processing /Users/sravanisigadam/PycharmProjects/Airflow/venv/lib/python3.9/site-packages/airflow/example_dags/example_dag_decorator.py took 0.192 seconds
[2021-11-18 18:31:16,375] {processor.py:163} INFO - Started process (PID=55974) to work on /Users/sravanisigadam/PycharmProjects/Airflow/venv/lib/python3.9/site-packages/airflow/example_dags/example_dag_decorator.py
[2021-11-18 18:31:16,375] {processor.py:625} INFO - Processing file /Users/sravanisigadam/PycharmProjects/Airflow/venv/lib/python3.9/site-packages/airflow/example_dags/example_dag_decorator.py for tasks to queue
[2021-11-18 18:31:16,375] {logging_mixin.py:109} INFO - [2021-11-18 18:31:16,375] {dagbag.py:500} INFO - Filling up the DagBag from /Users/sravanisigadam/PycharmProjects/Airflow/venv/lib/python3.9/site-packages/airflow/example_dags/example_dag_decorator.py
[2021-11-18 18:31:16,410] {processor.py:637} INFO - DAG(s) dict_keys(['example_dag_decorator']) retrieved from /Users/sravanisigadam/PycharmProjects/Airflow/venv/lib/python3.9/site-packages/airflow/example_dags/example_dag_decorator.py
[2021-11-18 18:31:16,555] {logging_mixin.py:109} INFO - [2021-11-18 18:31:16,555] {dag.py:2396} INFO - Sync 1 DAGs
[2021-11-18 18:31:16,561] {logging_mixin.py:109} INFO - [2021-11-18 18:31:16,561] {dag.py:2928} INFO - Setting next_dagrun for example_dag_decorator to None
[2021-11-18 18:31:16,568] {processor.py:171} INFO - Processing /Users/sravanisigadam/PycharmProjects/Airflow/venv/lib/python3.9/site-packages/airflow/example_dags/example_dag_decorator.py took 0.193 seconds
[2021-11-18 18:32:36,497] {processor.py:163} INFO - Started process (PID=56021) to work on /Users/sravanisigadam/PycharmProjects/Airflow/venv/lib/python3.9/site-packages/airflow/example_dags/example_dag_decorator.py
[2021-11-18 18:32:36,497] {processor.py:625} INFO - Processing file /Users/sravanisigadam/PycharmProjects/Airflow/venv/lib/python3.9/site-packages/airflow/example_dags/example_dag_decorator.py for tasks to queue
[2021-11-18 18:32:36,497] {logging_mixin.py:109} INFO - [2021-11-18 18:32:36,497] {dagbag.py:500} INFO - Filling up the DagBag from /Users/sravanisigadam/PycharmProjects/Airflow/venv/lib/python3.9/site-packages/airflow/example_dags/example_dag_decorator.py
[2021-11-18 18:32:36,532] {processor.py:637} INFO - DAG(s) dict_keys(['example_dag_decorator']) retrieved from /Users/sravanisigadam/PycharmProjects/Airflow/venv/lib/python3.9/site-packages/airflow/example_dags/example_dag_decorator.py
[2021-11-18 18:32:36,679] {logging_mixin.py:109} INFO - [2021-11-18 18:32:36,679] {dag.py:2396} INFO - Sync 1 DAGs
[2021-11-18 18:32:36,685] {logging_mixin.py:109} INFO - [2021-11-18 18:32:36,685] {dag.py:2928} INFO - Setting next_dagrun for example_dag_decorator to None
[2021-11-18 18:32:36,691] {processor.py:171} INFO - Processing /Users/sravanisigadam/PycharmProjects/Airflow/venv/lib/python3.9/site-packages/airflow/example_dags/example_dag_decorator.py took 0.194 seconds
[2021-11-18 18:45:42,575] {processor.py:163} INFO - Started process (PID=56081) to work on /Users/sravanisigadam/PycharmProjects/Airflow/venv/lib/python3.9/site-packages/airflow/example_dags/example_dag_decorator.py
[2021-11-18 18:45:42,576] {processor.py:625} INFO - Processing file /Users/sravanisigadam/PycharmProjects/Airflow/venv/lib/python3.9/site-packages/airflow/example_dags/example_dag_decorator.py for tasks to queue
[2021-11-18 18:45:42,576] {logging_mixin.py:109} INFO - [2021-11-18 18:45:42,576] {dagbag.py:500} INFO - Filling up the DagBag from /Users/sravanisigadam/PycharmProjects/Airflow/venv/lib/python3.9/site-packages/airflow/example_dags/example_dag_decorator.py
[2021-11-18 18:45:42,614] {processor.py:637} INFO - DAG(s) dict_keys(['example_dag_decorator']) retrieved from /Users/sravanisigadam/PycharmProjects/Airflow/venv/lib/python3.9/site-packages/airflow/example_dags/example_dag_decorator.py
[2021-11-18 18:45:42,817] {logging_mixin.py:109} INFO - [2021-11-18 18:45:42,816] {dag.py:2396} INFO - Sync 1 DAGs
[2021-11-18 18:45:42,822] {logging_mixin.py:109} INFO - [2021-11-18 18:45:42,822] {dag.py:2928} INFO - Setting next_dagrun for example_dag_decorator to None
[2021-11-18 18:45:42,828] {processor.py:171} INFO - Processing /Users/sravanisigadam/PycharmProjects/Airflow/venv/lib/python3.9/site-packages/airflow/example_dags/example_dag_decorator.py took 0.253 seconds
[2021-11-18 18:47:13,001] {processor.py:163} INFO - Started process (PID=56137) to work on /Users/sravanisigadam/PycharmProjects/Airflow/venv/lib/python3.9/site-packages/airflow/example_dags/example_dag_decorator.py
[2021-11-18 18:47:13,001] {processor.py:625} INFO - Processing file /Users/sravanisigadam/PycharmProjects/Airflow/venv/lib/python3.9/site-packages/airflow/example_dags/example_dag_decorator.py for tasks to queue
[2021-11-18 18:47:13,002] {logging_mixin.py:109} INFO - [2021-11-18 18:47:13,002] {dagbag.py:500} INFO - Filling up the DagBag from /Users/sravanisigadam/PycharmProjects/Airflow/venv/lib/python3.9/site-packages/airflow/example_dags/example_dag_decorator.py
[2021-11-18 18:47:13,040] {processor.py:637} INFO - DAG(s) dict_keys(['example_dag_decorator']) retrieved from /Users/sravanisigadam/PycharmProjects/Airflow/venv/lib/python3.9/site-packages/airflow/example_dags/example_dag_decorator.py
[2021-11-18 18:47:13,211] {logging_mixin.py:109} INFO - [2021-11-18 18:47:13,211] {dag.py:2396} INFO - Sync 1 DAGs
[2021-11-18 18:47:13,219] {logging_mixin.py:109} INFO - [2021-11-18 18:47:13,219] {dag.py:2928} INFO - Setting next_dagrun for example_dag_decorator to None
[2021-11-18 18:47:13,227] {processor.py:171} INFO - Processing /Users/sravanisigadam/PycharmProjects/Airflow/venv/lib/python3.9/site-packages/airflow/example_dags/example_dag_decorator.py took 0.226 seconds
[2021-11-18 18:48:31,807] {processor.py:163} INFO - Started process (PID=56196) to work on /Users/sravanisigadam/PycharmProjects/Airflow/venv/lib/python3.9/site-packages/airflow/example_dags/example_dag_decorator.py
[2021-11-18 18:48:31,808] {processor.py:625} INFO - Processing file /Users/sravanisigadam/PycharmProjects/Airflow/venv/lib/python3.9/site-packages/airflow/example_dags/example_dag_decorator.py for tasks to queue
[2021-11-18 18:48:31,809] {logging_mixin.py:109} INFO - [2021-11-18 18:48:31,808] {dagbag.py:500} INFO - Filling up the DagBag from /Users/sravanisigadam/PycharmProjects/Airflow/venv/lib/python3.9/site-packages/airflow/example_dags/example_dag_decorator.py
[2021-11-18 18:48:31,846] {processor.py:637} INFO - DAG(s) dict_keys(['example_dag_decorator']) retrieved from /Users/sravanisigadam/PycharmProjects/Airflow/venv/lib/python3.9/site-packages/airflow/example_dags/example_dag_decorator.py
[2021-11-18 18:48:31,995] {logging_mixin.py:109} INFO - [2021-11-18 18:48:31,995] {dag.py:2396} INFO - Sync 1 DAGs
[2021-11-18 18:48:32,001] {logging_mixin.py:109} INFO - [2021-11-18 18:48:32,001] {dag.py:2928} INFO - Setting next_dagrun for example_dag_decorator to None
[2021-11-18 18:48:32,007] {processor.py:171} INFO - Processing /Users/sravanisigadam/PycharmProjects/Airflow/venv/lib/python3.9/site-packages/airflow/example_dags/example_dag_decorator.py took 0.201 seconds
[2021-11-18 18:49:54,889] {processor.py:163} INFO - Started process (PID=56247) to work on /Users/sravanisigadam/PycharmProjects/Airflow/venv/lib/python3.9/site-packages/airflow/example_dags/example_dag_decorator.py
[2021-11-18 18:49:54,889] {processor.py:625} INFO - Processing file /Users/sravanisigadam/PycharmProjects/Airflow/venv/lib/python3.9/site-packages/airflow/example_dags/example_dag_decorator.py for tasks to queue
[2021-11-18 18:49:54,889] {logging_mixin.py:109} INFO - [2021-11-18 18:49:54,889] {dagbag.py:500} INFO - Filling up the DagBag from /Users/sravanisigadam/PycharmProjects/Airflow/venv/lib/python3.9/site-packages/airflow/example_dags/example_dag_decorator.py
[2021-11-18 18:49:54,925] {processor.py:637} INFO - DAG(s) dict_keys(['example_dag_decorator']) retrieved from /Users/sravanisigadam/PycharmProjects/Airflow/venv/lib/python3.9/site-packages/airflow/example_dags/example_dag_decorator.py
[2021-11-18 18:49:55,073] {logging_mixin.py:109} INFO - [2021-11-18 18:49:55,073] {dag.py:2396} INFO - Sync 1 DAGs
[2021-11-18 18:49:55,079] {logging_mixin.py:109} INFO - [2021-11-18 18:49:55,079] {dag.py:2928} INFO - Setting next_dagrun for example_dag_decorator to None
[2021-11-18 18:49:55,085] {processor.py:171} INFO - Processing /Users/sravanisigadam/PycharmProjects/Airflow/venv/lib/python3.9/site-packages/airflow/example_dags/example_dag_decorator.py took 0.197 seconds
[2021-11-18 18:51:10,412] {processor.py:163} INFO - Started process (PID=56286) to work on /Users/sravanisigadam/PycharmProjects/Airflow/venv/lib/python3.9/site-packages/airflow/example_dags/example_dag_decorator.py
[2021-11-18 18:51:10,412] {processor.py:625} INFO - Processing file /Users/sravanisigadam/PycharmProjects/Airflow/venv/lib/python3.9/site-packages/airflow/example_dags/example_dag_decorator.py for tasks to queue
[2021-11-18 18:51:10,413] {logging_mixin.py:109} INFO - [2021-11-18 18:51:10,413] {dagbag.py:500} INFO - Filling up the DagBag from /Users/sravanisigadam/PycharmProjects/Airflow/venv/lib/python3.9/site-packages/airflow/example_dags/example_dag_decorator.py
[2021-11-18 18:51:10,451] {processor.py:637} INFO - DAG(s) dict_keys(['example_dag_decorator']) retrieved from /Users/sravanisigadam/PycharmProjects/Airflow/venv/lib/python3.9/site-packages/airflow/example_dags/example_dag_decorator.py
[2021-11-18 18:51:10,595] {logging_mixin.py:109} INFO - [2021-11-18 18:51:10,595] {dag.py:2396} INFO - Sync 1 DAGs
[2021-11-18 18:51:10,601] {logging_mixin.py:109} INFO - [2021-11-18 18:51:10,601] {dag.py:2928} INFO - Setting next_dagrun for example_dag_decorator to None
[2021-11-18 18:51:10,607] {processor.py:171} INFO - Processing /Users/sravanisigadam/PycharmProjects/Airflow/venv/lib/python3.9/site-packages/airflow/example_dags/example_dag_decorator.py took 0.195 seconds
[2021-11-18 18:52:28,903] {processor.py:163} INFO - Started process (PID=56329) to work on /Users/sravanisigadam/PycharmProjects/Airflow/venv/lib/python3.9/site-packages/airflow/example_dags/example_dag_decorator.py
[2021-11-18 18:52:28,904] {processor.py:625} INFO - Processing file /Users/sravanisigadam/PycharmProjects/Airflow/venv/lib/python3.9/site-packages/airflow/example_dags/example_dag_decorator.py for tasks to queue
[2021-11-18 18:52:28,905] {logging_mixin.py:109} INFO - [2021-11-18 18:52:28,905] {dagbag.py:500} INFO - Filling up the DagBag from /Users/sravanisigadam/PycharmProjects/Airflow/venv/lib/python3.9/site-packages/airflow/example_dags/example_dag_decorator.py
[2021-11-18 18:52:28,939] {processor.py:637} INFO - DAG(s) dict_keys(['example_dag_decorator']) retrieved from /Users/sravanisigadam/PycharmProjects/Airflow/venv/lib/python3.9/site-packages/airflow/example_dags/example_dag_decorator.py
[2021-11-18 18:52:29,084] {logging_mixin.py:109} INFO - [2021-11-18 18:52:29,083] {dag.py:2396} INFO - Sync 1 DAGs
[2021-11-18 18:52:29,090] {logging_mixin.py:109} INFO - [2021-11-18 18:52:29,090] {dag.py:2928} INFO - Setting next_dagrun for example_dag_decorator to None
[2021-11-18 18:52:29,096] {processor.py:171} INFO - Processing /Users/sravanisigadam/PycharmProjects/Airflow/venv/lib/python3.9/site-packages/airflow/example_dags/example_dag_decorator.py took 0.193 seconds
[2021-11-18 18:53:46,551] {processor.py:163} INFO - Started process (PID=56368) to work on /Users/sravanisigadam/PycharmProjects/Airflow/venv/lib/python3.9/site-packages/airflow/example_dags/example_dag_decorator.py
[2021-11-18 18:53:46,552] {processor.py:625} INFO - Processing file /Users/sravanisigadam/PycharmProjects/Airflow/venv/lib/python3.9/site-packages/airflow/example_dags/example_dag_decorator.py for tasks to queue
[2021-11-18 18:53:46,552] {logging_mixin.py:109} INFO - [2021-11-18 18:53:46,552] {dagbag.py:500} INFO - Filling up the DagBag from /Users/sravanisigadam/PycharmProjects/Airflow/venv/lib/python3.9/site-packages/airflow/example_dags/example_dag_decorator.py
[2021-11-18 18:53:46,587] {processor.py:637} INFO - DAG(s) dict_keys(['example_dag_decorator']) retrieved from /Users/sravanisigadam/PycharmProjects/Airflow/venv/lib/python3.9/site-packages/airflow/example_dags/example_dag_decorator.py
[2021-11-18 18:53:46,733] {logging_mixin.py:109} INFO - [2021-11-18 18:53:46,733] {dag.py:2396} INFO - Sync 1 DAGs
[2021-11-18 18:53:46,740] {logging_mixin.py:109} INFO - [2021-11-18 18:53:46,739] {dag.py:2928} INFO - Setting next_dagrun for example_dag_decorator to None
[2021-11-18 18:53:46,746] {processor.py:171} INFO - Processing /Users/sravanisigadam/PycharmProjects/Airflow/venv/lib/python3.9/site-packages/airflow/example_dags/example_dag_decorator.py took 0.195 seconds
[2021-11-18 18:55:04,366] {processor.py:163} INFO - Started process (PID=56409) to work on /Users/sravanisigadam/PycharmProjects/Airflow/venv/lib/python3.9/site-packages/airflow/example_dags/example_dag_decorator.py
[2021-11-18 18:55:04,367] {processor.py:625} INFO - Processing file /Users/sravanisigadam/PycharmProjects/Airflow/venv/lib/python3.9/site-packages/airflow/example_dags/example_dag_decorator.py for tasks to queue
[2021-11-18 18:55:04,367] {logging_mixin.py:109} INFO - [2021-11-18 18:55:04,367] {dagbag.py:500} INFO - Filling up the DagBag from /Users/sravanisigadam/PycharmProjects/Airflow/venv/lib/python3.9/site-packages/airflow/example_dags/example_dag_decorator.py
[2021-11-18 18:55:04,408] {processor.py:637} INFO - DAG(s) dict_keys(['example_dag_decorator']) retrieved from /Users/sravanisigadam/PycharmProjects/Airflow/venv/lib/python3.9/site-packages/airflow/example_dags/example_dag_decorator.py
[2021-11-18 18:55:04,557] {logging_mixin.py:109} INFO - [2021-11-18 18:55:04,557] {dag.py:2396} INFO - Sync 1 DAGs
[2021-11-18 18:55:04,562] {logging_mixin.py:109} INFO - [2021-11-18 18:55:04,562] {dag.py:2928} INFO - Setting next_dagrun for example_dag_decorator to None
[2021-11-18 18:55:04,569] {processor.py:171} INFO - Processing /Users/sravanisigadam/PycharmProjects/Airflow/venv/lib/python3.9/site-packages/airflow/example_dags/example_dag_decorator.py took 0.203 seconds
[2021-11-18 18:56:22,394] {processor.py:163} INFO - Started process (PID=56452) to work on /Users/sravanisigadam/PycharmProjects/Airflow/venv/lib/python3.9/site-packages/airflow/example_dags/example_dag_decorator.py
[2021-11-18 18:56:22,394] {processor.py:625} INFO - Processing file /Users/sravanisigadam/PycharmProjects/Airflow/venv/lib/python3.9/site-packages/airflow/example_dags/example_dag_decorator.py for tasks to queue
[2021-11-18 18:56:22,394] {logging_mixin.py:109} INFO - [2021-11-18 18:56:22,394] {dagbag.py:500} INFO - Filling up the DagBag from /Users/sravanisigadam/PycharmProjects/Airflow/venv/lib/python3.9/site-packages/airflow/example_dags/example_dag_decorator.py
[2021-11-18 18:56:22,429] {processor.py:637} INFO - DAG(s) dict_keys(['example_dag_decorator']) retrieved from /Users/sravanisigadam/PycharmProjects/Airflow/venv/lib/python3.9/site-packages/airflow/example_dags/example_dag_decorator.py
[2021-11-18 18:56:22,580] {logging_mixin.py:109} INFO - [2021-11-18 18:56:22,580] {dag.py:2396} INFO - Sync 1 DAGs
[2021-11-18 18:56:22,586] {logging_mixin.py:109} INFO - [2021-11-18 18:56:22,586] {dag.py:2928} INFO - Setting next_dagrun for example_dag_decorator to None
[2021-11-18 18:56:22,592] {processor.py:171} INFO - Processing /Users/sravanisigadam/PycharmProjects/Airflow/venv/lib/python3.9/site-packages/airflow/example_dags/example_dag_decorator.py took 0.199 seconds
[2021-11-18 18:57:41,008] {processor.py:163} INFO - Started process (PID=56493) to work on /Users/sravanisigadam/PycharmProjects/Airflow/venv/lib/python3.9/site-packages/airflow/example_dags/example_dag_decorator.py
[2021-11-18 18:57:41,008] {processor.py:625} INFO - Processing file /Users/sravanisigadam/PycharmProjects/Airflow/venv/lib/python3.9/site-packages/airflow/example_dags/example_dag_decorator.py for tasks to queue
[2021-11-18 18:57:41,008] {logging_mixin.py:109} INFO - [2021-11-18 18:57:41,008] {dagbag.py:500} INFO - Filling up the DagBag from /Users/sravanisigadam/PycharmProjects/Airflow/venv/lib/python3.9/site-packages/airflow/example_dags/example_dag_decorator.py
[2021-11-18 18:57:41,046] {processor.py:637} INFO - DAG(s) dict_keys(['example_dag_decorator']) retrieved from /Users/sravanisigadam/PycharmProjects/Airflow/venv/lib/python3.9/site-packages/airflow/example_dags/example_dag_decorator.py
[2021-11-18 18:57:41,195] {logging_mixin.py:109} INFO - [2021-11-18 18:57:41,195] {dag.py:2396} INFO - Sync 1 DAGs
[2021-11-18 18:57:41,201] {logging_mixin.py:109} INFO - [2021-11-18 18:57:41,201] {dag.py:2928} INFO - Setting next_dagrun for example_dag_decorator to None
[2021-11-18 18:57:41,207] {processor.py:171} INFO - Processing /Users/sravanisigadam/PycharmProjects/Airflow/venv/lib/python3.9/site-packages/airflow/example_dags/example_dag_decorator.py took 0.200 seconds
[2021-11-18 18:58:58,819] {processor.py:163} INFO - Started process (PID=56541) to work on /Users/sravanisigadam/PycharmProjects/Airflow/venv/lib/python3.9/site-packages/airflow/example_dags/example_dag_decorator.py
[2021-11-18 18:58:58,821] {processor.py:625} INFO - Processing file /Users/sravanisigadam/PycharmProjects/Airflow/venv/lib/python3.9/site-packages/airflow/example_dags/example_dag_decorator.py for tasks to queue
[2021-11-18 18:58:58,821] {logging_mixin.py:109} INFO - [2021-11-18 18:58:58,821] {dagbag.py:500} INFO - Filling up the DagBag from /Users/sravanisigadam/PycharmProjects/Airflow/venv/lib/python3.9/site-packages/airflow/example_dags/example_dag_decorator.py
[2021-11-18 18:58:58,857] {processor.py:637} INFO - DAG(s) dict_keys(['example_dag_decorator']) retrieved from /Users/sravanisigadam/PycharmProjects/Airflow/venv/lib/python3.9/site-packages/airflow/example_dags/example_dag_decorator.py
[2021-11-18 18:58:59,004] {logging_mixin.py:109} INFO - [2021-11-18 18:58:59,003] {dag.py:2396} INFO - Sync 1 DAGs
[2021-11-18 18:58:59,009] {logging_mixin.py:109} INFO - [2021-11-18 18:58:59,009] {dag.py:2928} INFO - Setting next_dagrun for example_dag_decorator to None
[2021-11-18 18:58:59,015] {processor.py:171} INFO - Processing /Users/sravanisigadam/PycharmProjects/Airflow/venv/lib/python3.9/site-packages/airflow/example_dags/example_dag_decorator.py took 0.196 seconds
[2021-11-18 19:00:19,609] {processor.py:163} INFO - Started process (PID=56583) to work on /Users/sravanisigadam/PycharmProjects/Airflow/venv/lib/python3.9/site-packages/airflow/example_dags/example_dag_decorator.py
[2021-11-18 19:00:19,609] {processor.py:625} INFO - Processing file /Users/sravanisigadam/PycharmProjects/Airflow/venv/lib/python3.9/site-packages/airflow/example_dags/example_dag_decorator.py for tasks to queue
[2021-11-18 19:00:19,609] {logging_mixin.py:109} INFO - [2021-11-18 19:00:19,609] {dagbag.py:500} INFO - Filling up the DagBag from /Users/sravanisigadam/PycharmProjects/Airflow/venv/lib/python3.9/site-packages/airflow/example_dags/example_dag_decorator.py
[2021-11-18 19:00:19,645] {processor.py:637} INFO - DAG(s) dict_keys(['example_dag_decorator']) retrieved from /Users/sravanisigadam/PycharmProjects/Airflow/venv/lib/python3.9/site-packages/airflow/example_dags/example_dag_decorator.py
[2021-11-18 19:00:19,790] {logging_mixin.py:109} INFO - [2021-11-18 19:00:19,790] {dag.py:2396} INFO - Sync 1 DAGs
[2021-11-18 19:00:19,796] {logging_mixin.py:109} INFO - [2021-11-18 19:00:19,796] {dag.py:2928} INFO - Setting next_dagrun for example_dag_decorator to None
[2021-11-18 19:00:19,801] {processor.py:171} INFO - Processing /Users/sravanisigadam/PycharmProjects/Airflow/venv/lib/python3.9/site-packages/airflow/example_dags/example_dag_decorator.py took 0.193 seconds
[2021-11-18 19:01:37,898] {processor.py:163} INFO - Started process (PID=56632) to work on /Users/sravanisigadam/PycharmProjects/Airflow/venv/lib/python3.9/site-packages/airflow/example_dags/example_dag_decorator.py
[2021-11-18 19:01:37,899] {processor.py:625} INFO - Processing file /Users/sravanisigadam/PycharmProjects/Airflow/venv/lib/python3.9/site-packages/airflow/example_dags/example_dag_decorator.py for tasks to queue
[2021-11-18 19:01:37,900] {logging_mixin.py:109} INFO - [2021-11-18 19:01:37,900] {dagbag.py:500} INFO - Filling up the DagBag from /Users/sravanisigadam/PycharmProjects/Airflow/venv/lib/python3.9/site-packages/airflow/example_dags/example_dag_decorator.py
[2021-11-18 19:01:37,936] {processor.py:637} INFO - DAG(s) dict_keys(['example_dag_decorator']) retrieved from /Users/sravanisigadam/PycharmProjects/Airflow/venv/lib/python3.9/site-packages/airflow/example_dags/example_dag_decorator.py
[2021-11-18 19:01:38,081] {logging_mixin.py:109} INFO - [2021-11-18 19:01:38,080] {dag.py:2396} INFO - Sync 1 DAGs
[2021-11-18 19:01:38,086] {logging_mixin.py:109} INFO - [2021-11-18 19:01:38,086] {dag.py:2928} INFO - Setting next_dagrun for example_dag_decorator to None
[2021-11-18 19:01:38,092] {processor.py:171} INFO - Processing /Users/sravanisigadam/PycharmProjects/Airflow/venv/lib/python3.9/site-packages/airflow/example_dags/example_dag_decorator.py took 0.194 seconds
[2021-11-18 19:02:55,469] {processor.py:163} INFO - Started process (PID=56673) to work on /Users/sravanisigadam/PycharmProjects/Airflow/venv/lib/python3.9/site-packages/airflow/example_dags/example_dag_decorator.py
[2021-11-18 19:02:55,470] {processor.py:625} INFO - Processing file /Users/sravanisigadam/PycharmProjects/Airflow/venv/lib/python3.9/site-packages/airflow/example_dags/example_dag_decorator.py for tasks to queue
[2021-11-18 19:02:55,470] {logging_mixin.py:109} INFO - [2021-11-18 19:02:55,470] {dagbag.py:500} INFO - Filling up the DagBag from /Users/sravanisigadam/PycharmProjects/Airflow/venv/lib/python3.9/site-packages/airflow/example_dags/example_dag_decorator.py
[2021-11-18 19:02:55,512] {processor.py:637} INFO - DAG(s) dict_keys(['example_dag_decorator']) retrieved from /Users/sravanisigadam/PycharmProjects/Airflow/venv/lib/python3.9/site-packages/airflow/example_dags/example_dag_decorator.py
[2021-11-18 19:02:55,658] {logging_mixin.py:109} INFO - [2021-11-18 19:02:55,657] {dag.py:2396} INFO - Sync 1 DAGs
[2021-11-18 19:02:55,663] {logging_mixin.py:109} INFO - [2021-11-18 19:02:55,663] {dag.py:2928} INFO - Setting next_dagrun for example_dag_decorator to None
[2021-11-18 19:02:55,669] {processor.py:171} INFO - Processing /Users/sravanisigadam/PycharmProjects/Airflow/venv/lib/python3.9/site-packages/airflow/example_dags/example_dag_decorator.py took 0.201 seconds
[2021-11-18 19:04:13,269] {processor.py:163} INFO - Started process (PID=56721) to work on /Users/sravanisigadam/PycharmProjects/Airflow/venv/lib/python3.9/site-packages/airflow/example_dags/example_dag_decorator.py
[2021-11-18 19:04:13,270] {processor.py:625} INFO - Processing file /Users/sravanisigadam/PycharmProjects/Airflow/venv/lib/python3.9/site-packages/airflow/example_dags/example_dag_decorator.py for tasks to queue
[2021-11-18 19:04:13,270] {logging_mixin.py:109} INFO - [2021-11-18 19:04:13,270] {dagbag.py:500} INFO - Filling up the DagBag from /Users/sravanisigadam/PycharmProjects/Airflow/venv/lib/python3.9/site-packages/airflow/example_dags/example_dag_decorator.py
[2021-11-18 19:04:13,309] {processor.py:637} INFO - DAG(s) dict_keys(['example_dag_decorator']) retrieved from /Users/sravanisigadam/PycharmProjects/Airflow/venv/lib/python3.9/site-packages/airflow/example_dags/example_dag_decorator.py
[2021-11-18 19:04:13,457] {logging_mixin.py:109} INFO - [2021-11-18 19:04:13,457] {dag.py:2396} INFO - Sync 1 DAGs
[2021-11-18 19:04:13,463] {logging_mixin.py:109} INFO - [2021-11-18 19:04:13,463] {dag.py:2928} INFO - Setting next_dagrun for example_dag_decorator to None
[2021-11-18 19:04:13,469] {processor.py:171} INFO - Processing /Users/sravanisigadam/PycharmProjects/Airflow/venv/lib/python3.9/site-packages/airflow/example_dags/example_dag_decorator.py took 0.200 seconds
[2021-11-18 19:05:32,351] {processor.py:163} INFO - Started process (PID=56773) to work on /Users/sravanisigadam/PycharmProjects/Airflow/venv/lib/python3.9/site-packages/airflow/example_dags/example_dag_decorator.py
[2021-11-18 19:05:32,352] {processor.py:625} INFO - Processing file /Users/sravanisigadam/PycharmProjects/Airflow/venv/lib/python3.9/site-packages/airflow/example_dags/example_dag_decorator.py for tasks to queue
[2021-11-18 19:05:32,352] {logging_mixin.py:109} INFO - [2021-11-18 19:05:32,352] {dagbag.py:500} INFO - Filling up the DagBag from /Users/sravanisigadam/PycharmProjects/Airflow/venv/lib/python3.9/site-packages/airflow/example_dags/example_dag_decorator.py
[2021-11-18 19:05:32,387] {processor.py:637} INFO - DAG(s) dict_keys(['example_dag_decorator']) retrieved from /Users/sravanisigadam/PycharmProjects/Airflow/venv/lib/python3.9/site-packages/airflow/example_dags/example_dag_decorator.py
[2021-11-18 19:05:32,542] {logging_mixin.py:109} INFO - [2021-11-18 19:05:32,542] {dag.py:2396} INFO - Sync 1 DAGs
[2021-11-18 19:05:32,548] {logging_mixin.py:109} INFO - [2021-11-18 19:05:32,548] {dag.py:2928} INFO - Setting next_dagrun for example_dag_decorator to None
[2021-11-18 19:05:32,554] {processor.py:171} INFO - Processing /Users/sravanisigadam/PycharmProjects/Airflow/venv/lib/python3.9/site-packages/airflow/example_dags/example_dag_decorator.py took 0.203 seconds
[2021-11-18 19:06:51,884] {processor.py:163} INFO - Started process (PID=56841) to work on /Users/sravanisigadam/PycharmProjects/Airflow/venv/lib/python3.9/site-packages/airflow/example_dags/example_dag_decorator.py
[2021-11-18 19:06:51,885] {processor.py:625} INFO - Processing file /Users/sravanisigadam/PycharmProjects/Airflow/venv/lib/python3.9/site-packages/airflow/example_dags/example_dag_decorator.py for tasks to queue
[2021-11-18 19:06:51,885] {logging_mixin.py:109} INFO - [2021-11-18 19:06:51,885] {dagbag.py:500} INFO - Filling up the DagBag from /Users/sravanisigadam/PycharmProjects/Airflow/venv/lib/python3.9/site-packages/airflow/example_dags/example_dag_decorator.py
[2021-11-18 19:06:51,921] {processor.py:637} INFO - DAG(s) dict_keys(['example_dag_decorator']) retrieved from /Users/sravanisigadam/PycharmProjects/Airflow/venv/lib/python3.9/site-packages/airflow/example_dags/example_dag_decorator.py
[2021-11-18 19:06:52,065] {logging_mixin.py:109} INFO - [2021-11-18 19:06:52,065] {dag.py:2396} INFO - Sync 1 DAGs
[2021-11-18 19:06:52,071] {logging_mixin.py:109} INFO - [2021-11-18 19:06:52,071] {dag.py:2928} INFO - Setting next_dagrun for example_dag_decorator to None
[2021-11-18 19:06:52,077] {processor.py:171} INFO - Processing /Users/sravanisigadam/PycharmProjects/Airflow/venv/lib/python3.9/site-packages/airflow/example_dags/example_dag_decorator.py took 0.194 seconds
[2021-11-18 19:08:09,810] {processor.py:163} INFO - Started process (PID=56917) to work on /Users/sravanisigadam/PycharmProjects/Airflow/venv/lib/python3.9/site-packages/airflow/example_dags/example_dag_decorator.py
[2021-11-18 19:08:09,812] {processor.py:625} INFO - Processing file /Users/sravanisigadam/PycharmProjects/Airflow/venv/lib/python3.9/site-packages/airflow/example_dags/example_dag_decorator.py for tasks to queue
[2021-11-18 19:08:09,812] {logging_mixin.py:109} INFO - [2021-11-18 19:08:09,812] {dagbag.py:500} INFO - Filling up the DagBag from /Users/sravanisigadam/PycharmProjects/Airflow/venv/lib/python3.9/site-packages/airflow/example_dags/example_dag_decorator.py
[2021-11-18 19:08:09,850] {processor.py:637} INFO - DAG(s) dict_keys(['example_dag_decorator']) retrieved from /Users/sravanisigadam/PycharmProjects/Airflow/venv/lib/python3.9/site-packages/airflow/example_dags/example_dag_decorator.py
[2021-11-18 19:08:10,000] {logging_mixin.py:109} INFO - [2021-11-18 19:08:10,000] {dag.py:2396} INFO - Sync 1 DAGs
[2021-11-18 19:08:10,006] {logging_mixin.py:109} INFO - [2021-11-18 19:08:10,006] {dag.py:2928} INFO - Setting next_dagrun for example_dag_decorator to None
[2021-11-18 19:08:10,012] {processor.py:171} INFO - Processing /Users/sravanisigadam/PycharmProjects/Airflow/venv/lib/python3.9/site-packages/airflow/example_dags/example_dag_decorator.py took 0.202 seconds
[2021-11-18 19:09:27,749] {processor.py:163} INFO - Started process (PID=56961) to work on /Users/sravanisigadam/PycharmProjects/Airflow/venv/lib/python3.9/site-packages/airflow/example_dags/example_dag_decorator.py
[2021-11-18 19:09:27,749] {processor.py:625} INFO - Processing file /Users/sravanisigadam/PycharmProjects/Airflow/venv/lib/python3.9/site-packages/airflow/example_dags/example_dag_decorator.py for tasks to queue
[2021-11-18 19:09:27,749] {logging_mixin.py:109} INFO - [2021-11-18 19:09:27,749] {dagbag.py:500} INFO - Filling up the DagBag from /Users/sravanisigadam/PycharmProjects/Airflow/venv/lib/python3.9/site-packages/airflow/example_dags/example_dag_decorator.py
[2021-11-18 19:09:27,788] {processor.py:637} INFO - DAG(s) dict_keys(['example_dag_decorator']) retrieved from /Users/sravanisigadam/PycharmProjects/Airflow/venv/lib/python3.9/site-packages/airflow/example_dags/example_dag_decorator.py
[2021-11-18 19:09:27,960] {logging_mixin.py:109} INFO - [2021-11-18 19:09:27,960] {dag.py:2396} INFO - Sync 1 DAGs
[2021-11-18 19:09:27,968] {logging_mixin.py:109} INFO - [2021-11-18 19:09:27,968] {dag.py:2928} INFO - Setting next_dagrun for example_dag_decorator to None
[2021-11-18 19:09:27,976] {processor.py:171} INFO - Processing /Users/sravanisigadam/PycharmProjects/Airflow/venv/lib/python3.9/site-packages/airflow/example_dags/example_dag_decorator.py took 0.228 seconds
[2021-11-18 19:10:47,973] {processor.py:163} INFO - Started process (PID=57006) to work on /Users/sravanisigadam/PycharmProjects/Airflow/venv/lib/python3.9/site-packages/airflow/example_dags/example_dag_decorator.py
[2021-11-18 19:10:47,974] {processor.py:625} INFO - Processing file /Users/sravanisigadam/PycharmProjects/Airflow/venv/lib/python3.9/site-packages/airflow/example_dags/example_dag_decorator.py for tasks to queue
[2021-11-18 19:10:47,974] {logging_mixin.py:109} INFO - [2021-11-18 19:10:47,974] {dagbag.py:500} INFO - Filling up the DagBag from /Users/sravanisigadam/PycharmProjects/Airflow/venv/lib/python3.9/site-packages/airflow/example_dags/example_dag_decorator.py
[2021-11-18 19:10:48,015] {processor.py:637} INFO - DAG(s) dict_keys(['example_dag_decorator']) retrieved from /Users/sravanisigadam/PycharmProjects/Airflow/venv/lib/python3.9/site-packages/airflow/example_dags/example_dag_decorator.py
[2021-11-18 19:10:48,196] {logging_mixin.py:109} INFO - [2021-11-18 19:10:48,196] {dag.py:2396} INFO - Sync 1 DAGs
[2021-11-18 19:10:48,204] {logging_mixin.py:109} INFO - [2021-11-18 19:10:48,204] {dag.py:2928} INFO - Setting next_dagrun for example_dag_decorator to None
[2021-11-18 19:10:48,210] {processor.py:171} INFO - Processing /Users/sravanisigadam/PycharmProjects/Airflow/venv/lib/python3.9/site-packages/airflow/example_dags/example_dag_decorator.py took 0.237 seconds
[2021-11-18 19:12:09,070] {processor.py:163} INFO - Started process (PID=57056) to work on /Users/sravanisigadam/PycharmProjects/Airflow/venv/lib/python3.9/site-packages/airflow/example_dags/example_dag_decorator.py
[2021-11-18 19:12:09,070] {processor.py:625} INFO - Processing file /Users/sravanisigadam/PycharmProjects/Airflow/venv/lib/python3.9/site-packages/airflow/example_dags/example_dag_decorator.py for tasks to queue
[2021-11-18 19:12:09,070] {logging_mixin.py:109} INFO - [2021-11-18 19:12:09,070] {dagbag.py:500} INFO - Filling up the DagBag from /Users/sravanisigadam/PycharmProjects/Airflow/venv/lib/python3.9/site-packages/airflow/example_dags/example_dag_decorator.py
[2021-11-18 19:12:09,109] {processor.py:637} INFO - DAG(s) dict_keys(['example_dag_decorator']) retrieved from /Users/sravanisigadam/PycharmProjects/Airflow/venv/lib/python3.9/site-packages/airflow/example_dags/example_dag_decorator.py
[2021-11-18 19:12:09,256] {logging_mixin.py:109} INFO - [2021-11-18 19:12:09,256] {dag.py:2396} INFO - Sync 1 DAGs
[2021-11-18 19:12:09,262] {logging_mixin.py:109} INFO - [2021-11-18 19:12:09,262] {dag.py:2928} INFO - Setting next_dagrun for example_dag_decorator to None
[2021-11-18 19:12:09,268] {processor.py:171} INFO - Processing /Users/sravanisigadam/PycharmProjects/Airflow/venv/lib/python3.9/site-packages/airflow/example_dags/example_dag_decorator.py took 0.198 seconds
[2021-11-18 19:13:30,976] {processor.py:163} INFO - Started process (PID=57125) to work on /Users/sravanisigadam/PycharmProjects/Airflow/venv/lib/python3.9/site-packages/airflow/example_dags/example_dag_decorator.py
[2021-11-18 19:13:30,977] {processor.py:625} INFO - Processing file /Users/sravanisigadam/PycharmProjects/Airflow/venv/lib/python3.9/site-packages/airflow/example_dags/example_dag_decorator.py for tasks to queue
[2021-11-18 19:13:30,977] {logging_mixin.py:109} INFO - [2021-11-18 19:13:30,977] {dagbag.py:500} INFO - Filling up the DagBag from /Users/sravanisigadam/PycharmProjects/Airflow/venv/lib/python3.9/site-packages/airflow/example_dags/example_dag_decorator.py
[2021-11-18 19:13:31,013] {processor.py:637} INFO - DAG(s) dict_keys(['example_dag_decorator']) retrieved from /Users/sravanisigadam/PycharmProjects/Airflow/venv/lib/python3.9/site-packages/airflow/example_dags/example_dag_decorator.py
[2021-11-18 19:13:31,167] {logging_mixin.py:109} INFO - [2021-11-18 19:13:31,166] {dag.py:2396} INFO - Sync 1 DAGs
[2021-11-18 19:13:31,172] {logging_mixin.py:109} INFO - [2021-11-18 19:13:31,172] {dag.py:2928} INFO - Setting next_dagrun for example_dag_decorator to None
[2021-11-18 19:13:31,178] {processor.py:171} INFO - Processing /Users/sravanisigadam/PycharmProjects/Airflow/venv/lib/python3.9/site-packages/airflow/example_dags/example_dag_decorator.py took 0.203 seconds
[2021-11-18 19:14:51,819] {processor.py:163} INFO - Started process (PID=57181) to work on /Users/sravanisigadam/PycharmProjects/Airflow/venv/lib/python3.9/site-packages/airflow/example_dags/example_dag_decorator.py
[2021-11-18 19:14:51,820] {processor.py:625} INFO - Processing file /Users/sravanisigadam/PycharmProjects/Airflow/venv/lib/python3.9/site-packages/airflow/example_dags/example_dag_decorator.py for tasks to queue
[2021-11-18 19:14:51,820] {logging_mixin.py:109} INFO - [2021-11-18 19:14:51,820] {dagbag.py:500} INFO - Filling up the DagBag from /Users/sravanisigadam/PycharmProjects/Airflow/venv/lib/python3.9/site-packages/airflow/example_dags/example_dag_decorator.py
[2021-11-18 19:14:51,865] {processor.py:637} INFO - DAG(s) dict_keys(['example_dag_decorator']) retrieved from /Users/sravanisigadam/PycharmProjects/Airflow/venv/lib/python3.9/site-packages/airflow/example_dags/example_dag_decorator.py
[2021-11-18 19:14:52,030] {logging_mixin.py:109} INFO - [2021-11-18 19:14:52,030] {dag.py:2396} INFO - Sync 1 DAGs
[2021-11-18 19:14:52,036] {logging_mixin.py:109} INFO - [2021-11-18 19:14:52,036] {dag.py:2928} INFO - Setting next_dagrun for example_dag_decorator to None
[2021-11-18 19:14:52,043] {processor.py:171} INFO - Processing /Users/sravanisigadam/PycharmProjects/Airflow/venv/lib/python3.9/site-packages/airflow/example_dags/example_dag_decorator.py took 0.224 seconds
