[2021-11-18 18:05:14,326] {processor.py:163} INFO - Started process (PID=55564) to work on /Users/sravanisigadam/PycharmProjects/Airflow/venv/lib/python3.9/site-packages/airflow/example_dags/example_task_group.py
[2021-11-18 18:05:14,326] {processor.py:625} INFO - Processing file /Users/sravanisigadam/PycharmProjects/Airflow/venv/lib/python3.9/site-packages/airflow/example_dags/example_task_group.py for tasks to queue
[2021-11-18 18:05:14,326] {logging_mixin.py:109} INFO - [2021-11-18 18:05:14,326] {dagbag.py:500} INFO - Filling up the DagBag from /Users/sravanisigadam/PycharmProjects/Airflow/venv/lib/python3.9/site-packages/airflow/example_dags/example_task_group.py
[2021-11-18 18:05:14,350] {processor.py:637} INFO - DAG(s) dict_keys(['example_task_group']) retrieved from /Users/sravanisigadam/PycharmProjects/Airflow/venv/lib/python3.9/site-packages/airflow/example_dags/example_task_group.py
[2021-11-18 18:05:14,361] {logging_mixin.py:109} INFO - [2021-11-18 18:05:14,361] {dag.py:2396} INFO - Sync 1 DAGs
[2021-11-18 18:05:14,366] {logging_mixin.py:109} INFO - [2021-11-18 18:05:14,366] {dag.py:2928} INFO - Setting next_dagrun for example_task_group to 2021-11-18T02:05:14.366342+00:00
[2021-11-18 18:05:14,371] {processor.py:171} INFO - Processing /Users/sravanisigadam/PycharmProjects/Airflow/venv/lib/python3.9/site-packages/airflow/example_dags/example_task_group.py took 0.046 seconds
[2021-11-18 18:25:23,164] {processor.py:163} INFO - Started process (PID=55661) to work on /Users/sravanisigadam/PycharmProjects/Airflow/venv/lib/python3.9/site-packages/airflow/example_dags/example_task_group.py
[2021-11-18 18:25:23,165] {processor.py:625} INFO - Processing file /Users/sravanisigadam/PycharmProjects/Airflow/venv/lib/python3.9/site-packages/airflow/example_dags/example_task_group.py for tasks to queue
[2021-11-18 18:25:23,165] {logging_mixin.py:109} INFO - [2021-11-18 18:25:23,165] {dagbag.py:500} INFO - Filling up the DagBag from /Users/sravanisigadam/PycharmProjects/Airflow/venv/lib/python3.9/site-packages/airflow/example_dags/example_task_group.py
[2021-11-18 18:25:23,191] {processor.py:637} INFO - DAG(s) dict_keys(['example_task_group']) retrieved from /Users/sravanisigadam/PycharmProjects/Airflow/venv/lib/python3.9/site-packages/airflow/example_dags/example_task_group.py
[2021-11-18 18:25:23,203] {logging_mixin.py:109} INFO - [2021-11-18 18:25:23,202] {dag.py:2396} INFO - Sync 1 DAGs
[2021-11-18 18:25:23,208] {logging_mixin.py:109} INFO - [2021-11-18 18:25:23,208] {dag.py:2928} INFO - Setting next_dagrun for example_task_group to 2021-11-18T02:25:23.208427+00:00
[2021-11-18 18:25:23,213] {processor.py:171} INFO - Processing /Users/sravanisigadam/PycharmProjects/Airflow/venv/lib/python3.9/site-packages/airflow/example_dags/example_task_group.py took 0.049 seconds
[2021-11-18 18:26:41,152] {processor.py:163} INFO - Started process (PID=55803) to work on /Users/sravanisigadam/PycharmProjects/Airflow/venv/lib/python3.9/site-packages/airflow/example_dags/example_task_group.py
[2021-11-18 18:26:41,153] {processor.py:625} INFO - Processing file /Users/sravanisigadam/PycharmProjects/Airflow/venv/lib/python3.9/site-packages/airflow/example_dags/example_task_group.py for tasks to queue
[2021-11-18 18:26:41,153] {logging_mixin.py:109} INFO - [2021-11-18 18:26:41,153] {dagbag.py:500} INFO - Filling up the DagBag from /Users/sravanisigadam/PycharmProjects/Airflow/venv/lib/python3.9/site-packages/airflow/example_dags/example_task_group.py
[2021-11-18 18:26:41,179] {processor.py:637} INFO - DAG(s) dict_keys(['example_task_group']) retrieved from /Users/sravanisigadam/PycharmProjects/Airflow/venv/lib/python3.9/site-packages/airflow/example_dags/example_task_group.py
[2021-11-18 18:26:41,192] {logging_mixin.py:109} INFO - [2021-11-18 18:26:41,191] {dag.py:2396} INFO - Sync 1 DAGs
[2021-11-18 18:26:41,197] {logging_mixin.py:109} INFO - [2021-11-18 18:26:41,197] {dag.py:2928} INFO - Setting next_dagrun for example_task_group to 2021-11-18T02:26:41.197437+00:00
[2021-11-18 18:26:41,203] {processor.py:171} INFO - Processing /Users/sravanisigadam/PycharmProjects/Airflow/venv/lib/python3.9/site-packages/airflow/example_dags/example_task_group.py took 0.051 seconds
[2021-11-18 18:28:01,432] {processor.py:163} INFO - Started process (PID=55877) to work on /Users/sravanisigadam/PycharmProjects/Airflow/venv/lib/python3.9/site-packages/airflow/example_dags/example_task_group.py
[2021-11-18 18:28:01,434] {processor.py:625} INFO - Processing file /Users/sravanisigadam/PycharmProjects/Airflow/venv/lib/python3.9/site-packages/airflow/example_dags/example_task_group.py for tasks to queue
[2021-11-18 18:28:01,434] {logging_mixin.py:109} INFO - [2021-11-18 18:28:01,434] {dagbag.py:500} INFO - Filling up the DagBag from /Users/sravanisigadam/PycharmProjects/Airflow/venv/lib/python3.9/site-packages/airflow/example_dags/example_task_group.py
[2021-11-18 18:28:01,459] {processor.py:637} INFO - DAG(s) dict_keys(['example_task_group']) retrieved from /Users/sravanisigadam/PycharmProjects/Airflow/venv/lib/python3.9/site-packages/airflow/example_dags/example_task_group.py
[2021-11-18 18:28:01,470] {logging_mixin.py:109} INFO - [2021-11-18 18:28:01,470] {dag.py:2396} INFO - Sync 1 DAGs
[2021-11-18 18:28:01,475] {logging_mixin.py:109} INFO - [2021-11-18 18:28:01,475] {dag.py:2928} INFO - Setting next_dagrun for example_task_group to 2021-11-18T02:28:01.475621+00:00
[2021-11-18 18:28:01,480] {processor.py:171} INFO - Processing /Users/sravanisigadam/PycharmProjects/Airflow/venv/lib/python3.9/site-packages/airflow/example_dags/example_task_group.py took 0.048 seconds
[2021-11-18 18:29:21,515] {processor.py:163} INFO - Started process (PID=55916) to work on /Users/sravanisigadam/PycharmProjects/Airflow/venv/lib/python3.9/site-packages/airflow/example_dags/example_task_group.py
[2021-11-18 18:29:21,516] {processor.py:625} INFO - Processing file /Users/sravanisigadam/PycharmProjects/Airflow/venv/lib/python3.9/site-packages/airflow/example_dags/example_task_group.py for tasks to queue
[2021-11-18 18:29:21,516] {logging_mixin.py:109} INFO - [2021-11-18 18:29:21,516] {dagbag.py:500} INFO - Filling up the DagBag from /Users/sravanisigadam/PycharmProjects/Airflow/venv/lib/python3.9/site-packages/airflow/example_dags/example_task_group.py
[2021-11-18 18:29:21,541] {processor.py:637} INFO - DAG(s) dict_keys(['example_task_group']) retrieved from /Users/sravanisigadam/PycharmProjects/Airflow/venv/lib/python3.9/site-packages/airflow/example_dags/example_task_group.py
[2021-11-18 18:29:21,552] {logging_mixin.py:109} INFO - [2021-11-18 18:29:21,552] {dag.py:2396} INFO - Sync 1 DAGs
[2021-11-18 18:29:21,557] {logging_mixin.py:109} INFO - [2021-11-18 18:29:21,557] {dag.py:2928} INFO - Setting next_dagrun for example_task_group to 2021-11-18T02:29:21.556912+00:00
[2021-11-18 18:29:21,561] {processor.py:171} INFO - Processing /Users/sravanisigadam/PycharmProjects/Airflow/venv/lib/python3.9/site-packages/airflow/example_dags/example_task_group.py took 0.046 seconds
[2021-11-18 18:30:41,578] {processor.py:163} INFO - Started process (PID=55957) to work on /Users/sravanisigadam/PycharmProjects/Airflow/venv/lib/python3.9/site-packages/airflow/example_dags/example_task_group.py
[2021-11-18 18:30:41,578] {processor.py:625} INFO - Processing file /Users/sravanisigadam/PycharmProjects/Airflow/venv/lib/python3.9/site-packages/airflow/example_dags/example_task_group.py for tasks to queue
[2021-11-18 18:30:41,578] {logging_mixin.py:109} INFO - [2021-11-18 18:30:41,578] {dagbag.py:500} INFO - Filling up the DagBag from /Users/sravanisigadam/PycharmProjects/Airflow/venv/lib/python3.9/site-packages/airflow/example_dags/example_task_group.py
[2021-11-18 18:30:41,602] {processor.py:637} INFO - DAG(s) dict_keys(['example_task_group']) retrieved from /Users/sravanisigadam/PycharmProjects/Airflow/venv/lib/python3.9/site-packages/airflow/example_dags/example_task_group.py
[2021-11-18 18:30:41,612] {logging_mixin.py:109} INFO - [2021-11-18 18:30:41,612] {dag.py:2396} INFO - Sync 1 DAGs
[2021-11-18 18:30:41,617] {logging_mixin.py:109} INFO - [2021-11-18 18:30:41,617] {dag.py:2928} INFO - Setting next_dagrun for example_task_group to 2021-11-18T02:30:41.617732+00:00
[2021-11-18 18:30:41,622] {processor.py:171} INFO - Processing /Users/sravanisigadam/PycharmProjects/Airflow/venv/lib/python3.9/site-packages/airflow/example_dags/example_task_group.py took 0.045 seconds
[2021-11-18 18:32:01,745] {processor.py:163} INFO - Started process (PID=56004) to work on /Users/sravanisigadam/PycharmProjects/Airflow/venv/lib/python3.9/site-packages/airflow/example_dags/example_task_group.py
[2021-11-18 18:32:01,746] {processor.py:625} INFO - Processing file /Users/sravanisigadam/PycharmProjects/Airflow/venv/lib/python3.9/site-packages/airflow/example_dags/example_task_group.py for tasks to queue
[2021-11-18 18:32:01,746] {logging_mixin.py:109} INFO - [2021-11-18 18:32:01,746] {dagbag.py:500} INFO - Filling up the DagBag from /Users/sravanisigadam/PycharmProjects/Airflow/venv/lib/python3.9/site-packages/airflow/example_dags/example_task_group.py
[2021-11-18 18:32:01,769] {processor.py:637} INFO - DAG(s) dict_keys(['example_task_group']) retrieved from /Users/sravanisigadam/PycharmProjects/Airflow/venv/lib/python3.9/site-packages/airflow/example_dags/example_task_group.py
[2021-11-18 18:32:01,780] {logging_mixin.py:109} INFO - [2021-11-18 18:32:01,780] {dag.py:2396} INFO - Sync 1 DAGs
[2021-11-18 18:32:01,785] {logging_mixin.py:109} INFO - [2021-11-18 18:32:01,785] {dag.py:2928} INFO - Setting next_dagrun for example_task_group to 2021-11-18T02:32:01.785718+00:00
[2021-11-18 18:32:01,790] {processor.py:171} INFO - Processing /Users/sravanisigadam/PycharmProjects/Airflow/venv/lib/python3.9/site-packages/airflow/example_dags/example_task_group.py took 0.045 seconds
[2021-11-18 18:33:21,738] {processor.py:163} INFO - Started process (PID=56044) to work on /Users/sravanisigadam/PycharmProjects/Airflow/venv/lib/python3.9/site-packages/airflow/example_dags/example_task_group.py
[2021-11-18 18:33:21,738] {processor.py:625} INFO - Processing file /Users/sravanisigadam/PycharmProjects/Airflow/venv/lib/python3.9/site-packages/airflow/example_dags/example_task_group.py for tasks to queue
[2021-11-18 18:33:21,738] {logging_mixin.py:109} INFO - [2021-11-18 18:33:21,738] {dagbag.py:500} INFO - Filling up the DagBag from /Users/sravanisigadam/PycharmProjects/Airflow/venv/lib/python3.9/site-packages/airflow/example_dags/example_task_group.py
[2021-11-18 18:33:21,762] {processor.py:637} INFO - DAG(s) dict_keys(['example_task_group']) retrieved from /Users/sravanisigadam/PycharmProjects/Airflow/venv/lib/python3.9/site-packages/airflow/example_dags/example_task_group.py
[2021-11-18 18:33:21,773] {logging_mixin.py:109} INFO - [2021-11-18 18:33:21,773] {dag.py:2396} INFO - Sync 1 DAGs
[2021-11-18 18:33:21,778] {logging_mixin.py:109} INFO - [2021-11-18 18:33:21,778] {dag.py:2928} INFO - Setting next_dagrun for example_task_group to 2021-11-18T02:33:21.778723+00:00
[2021-11-18 18:33:21,784] {processor.py:171} INFO - Processing /Users/sravanisigadam/PycharmProjects/Airflow/venv/lib/python3.9/site-packages/airflow/example_dags/example_task_group.py took 0.046 seconds
[2021-11-18 18:46:27,672] {processor.py:163} INFO - Started process (PID=56105) to work on /Users/sravanisigadam/PycharmProjects/Airflow/venv/lib/python3.9/site-packages/airflow/example_dags/example_task_group.py
[2021-11-18 18:46:27,673] {processor.py:625} INFO - Processing file /Users/sravanisigadam/PycharmProjects/Airflow/venv/lib/python3.9/site-packages/airflow/example_dags/example_task_group.py for tasks to queue
[2021-11-18 18:46:27,673] {logging_mixin.py:109} INFO - [2021-11-18 18:46:27,673] {dagbag.py:500} INFO - Filling up the DagBag from /Users/sravanisigadam/PycharmProjects/Airflow/venv/lib/python3.9/site-packages/airflow/example_dags/example_task_group.py
[2021-11-18 18:46:27,697] {processor.py:637} INFO - DAG(s) dict_keys(['example_task_group']) retrieved from /Users/sravanisigadam/PycharmProjects/Airflow/venv/lib/python3.9/site-packages/airflow/example_dags/example_task_group.py
[2021-11-18 18:46:27,708] {logging_mixin.py:109} INFO - [2021-11-18 18:46:27,708] {dag.py:2396} INFO - Sync 1 DAGs
[2021-11-18 18:46:27,713] {logging_mixin.py:109} INFO - [2021-11-18 18:46:27,713] {dag.py:2928} INFO - Setting next_dagrun for example_task_group to 2021-11-18T02:46:27.713125+00:00
[2021-11-18 18:46:27,718] {processor.py:171} INFO - Processing /Users/sravanisigadam/PycharmProjects/Airflow/venv/lib/python3.9/site-packages/airflow/example_dags/example_task_group.py took 0.046 seconds
[2021-11-18 18:47:46,103] {processor.py:163} INFO - Started process (PID=56161) to work on /Users/sravanisigadam/PycharmProjects/Airflow/venv/lib/python3.9/site-packages/airflow/example_dags/example_task_group.py
[2021-11-18 18:47:46,103] {processor.py:625} INFO - Processing file /Users/sravanisigadam/PycharmProjects/Airflow/venv/lib/python3.9/site-packages/airflow/example_dags/example_task_group.py for tasks to queue
[2021-11-18 18:47:46,104] {logging_mixin.py:109} INFO - [2021-11-18 18:47:46,104] {dagbag.py:500} INFO - Filling up the DagBag from /Users/sravanisigadam/PycharmProjects/Airflow/venv/lib/python3.9/site-packages/airflow/example_dags/example_task_group.py
[2021-11-18 18:47:46,128] {processor.py:637} INFO - DAG(s) dict_keys(['example_task_group']) retrieved from /Users/sravanisigadam/PycharmProjects/Airflow/venv/lib/python3.9/site-packages/airflow/example_dags/example_task_group.py
[2021-11-18 18:47:46,139] {logging_mixin.py:109} INFO - [2021-11-18 18:47:46,139] {dag.py:2396} INFO - Sync 1 DAGs
[2021-11-18 18:47:46,144] {logging_mixin.py:109} INFO - [2021-11-18 18:47:46,144] {dag.py:2928} INFO - Setting next_dagrun for example_task_group to 2021-11-18T02:47:46.144336+00:00
[2021-11-18 18:47:46,149] {processor.py:171} INFO - Processing /Users/sravanisigadam/PycharmProjects/Airflow/venv/lib/python3.9/site-packages/airflow/example_dags/example_task_group.py took 0.046 seconds
[2021-11-18 18:49:06,708] {processor.py:163} INFO - Started process (PID=56220) to work on /Users/sravanisigadam/PycharmProjects/Airflow/venv/lib/python3.9/site-packages/airflow/example_dags/example_task_group.py
[2021-11-18 18:49:06,709] {processor.py:625} INFO - Processing file /Users/sravanisigadam/PycharmProjects/Airflow/venv/lib/python3.9/site-packages/airflow/example_dags/example_task_group.py for tasks to queue
[2021-11-18 18:49:06,709] {logging_mixin.py:109} INFO - [2021-11-18 18:49:06,709] {dagbag.py:500} INFO - Filling up the DagBag from /Users/sravanisigadam/PycharmProjects/Airflow/venv/lib/python3.9/site-packages/airflow/example_dags/example_task_group.py
[2021-11-18 18:49:06,734] {processor.py:637} INFO - DAG(s) dict_keys(['example_task_group']) retrieved from /Users/sravanisigadam/PycharmProjects/Airflow/venv/lib/python3.9/site-packages/airflow/example_dags/example_task_group.py
[2021-11-18 18:49:06,745] {logging_mixin.py:109} INFO - [2021-11-18 18:49:06,745] {dag.py:2396} INFO - Sync 1 DAGs
[2021-11-18 18:49:06,751] {logging_mixin.py:109} INFO - [2021-11-18 18:49:06,750] {dag.py:2928} INFO - Setting next_dagrun for example_task_group to 2021-11-18T02:49:06.750745+00:00
[2021-11-18 18:49:06,773] {processor.py:171} INFO - Processing /Users/sravanisigadam/PycharmProjects/Airflow/venv/lib/python3.9/site-packages/airflow/example_dags/example_task_group.py took 0.065 seconds
[2021-11-18 18:50:27,172] {processor.py:163} INFO - Started process (PID=56263) to work on /Users/sravanisigadam/PycharmProjects/Airflow/venv/lib/python3.9/site-packages/airflow/example_dags/example_task_group.py
[2021-11-18 18:50:27,172] {processor.py:625} INFO - Processing file /Users/sravanisigadam/PycharmProjects/Airflow/venv/lib/python3.9/site-packages/airflow/example_dags/example_task_group.py for tasks to queue
[2021-11-18 18:50:27,172] {logging_mixin.py:109} INFO - [2021-11-18 18:50:27,172] {dagbag.py:500} INFO - Filling up the DagBag from /Users/sravanisigadam/PycharmProjects/Airflow/venv/lib/python3.9/site-packages/airflow/example_dags/example_task_group.py
[2021-11-18 18:50:27,198] {processor.py:637} INFO - DAG(s) dict_keys(['example_task_group']) retrieved from /Users/sravanisigadam/PycharmProjects/Airflow/venv/lib/python3.9/site-packages/airflow/example_dags/example_task_group.py
[2021-11-18 18:50:27,209] {logging_mixin.py:109} INFO - [2021-11-18 18:50:27,209] {dag.py:2396} INFO - Sync 1 DAGs
[2021-11-18 18:50:27,214] {logging_mixin.py:109} INFO - [2021-11-18 18:50:27,214] {dag.py:2928} INFO - Setting next_dagrun for example_task_group to 2021-11-18T02:50:27.214368+00:00
[2021-11-18 18:50:27,219] {processor.py:171} INFO - Processing /Users/sravanisigadam/PycharmProjects/Airflow/venv/lib/python3.9/site-packages/airflow/example_dags/example_task_group.py took 0.048 seconds
[2021-11-18 18:51:44,010] {processor.py:163} INFO - Started process (PID=56302) to work on /Users/sravanisigadam/PycharmProjects/Airflow/venv/lib/python3.9/site-packages/airflow/example_dags/example_task_group.py
[2021-11-18 18:51:44,011] {processor.py:625} INFO - Processing file /Users/sravanisigadam/PycharmProjects/Airflow/venv/lib/python3.9/site-packages/airflow/example_dags/example_task_group.py for tasks to queue
[2021-11-18 18:51:44,011] {logging_mixin.py:109} INFO - [2021-11-18 18:51:44,011] {dagbag.py:500} INFO - Filling up the DagBag from /Users/sravanisigadam/PycharmProjects/Airflow/venv/lib/python3.9/site-packages/airflow/example_dags/example_task_group.py
[2021-11-18 18:51:44,037] {processor.py:637} INFO - DAG(s) dict_keys(['example_task_group']) retrieved from /Users/sravanisigadam/PycharmProjects/Airflow/venv/lib/python3.9/site-packages/airflow/example_dags/example_task_group.py
[2021-11-18 18:51:44,048] {logging_mixin.py:109} INFO - [2021-11-18 18:51:44,048] {dag.py:2396} INFO - Sync 1 DAGs
[2021-11-18 18:51:44,054] {logging_mixin.py:109} INFO - [2021-11-18 18:51:44,053] {dag.py:2928} INFO - Setting next_dagrun for example_task_group to 2021-11-18T02:51:44.053854+00:00
[2021-11-18 18:51:44,058] {processor.py:171} INFO - Processing /Users/sravanisigadam/PycharmProjects/Airflow/venv/lib/python3.9/site-packages/airflow/example_dags/example_task_group.py took 0.049 seconds
[2021-11-18 18:53:01,456] {processor.py:163} INFO - Started process (PID=56345) to work on /Users/sravanisigadam/PycharmProjects/Airflow/venv/lib/python3.9/site-packages/airflow/example_dags/example_task_group.py
[2021-11-18 18:53:01,457] {processor.py:625} INFO - Processing file /Users/sravanisigadam/PycharmProjects/Airflow/venv/lib/python3.9/site-packages/airflow/example_dags/example_task_group.py for tasks to queue
[2021-11-18 18:53:01,457] {logging_mixin.py:109} INFO - [2021-11-18 18:53:01,457] {dagbag.py:500} INFO - Filling up the DagBag from /Users/sravanisigadam/PycharmProjects/Airflow/venv/lib/python3.9/site-packages/airflow/example_dags/example_task_group.py
[2021-11-18 18:53:01,481] {processor.py:637} INFO - DAG(s) dict_keys(['example_task_group']) retrieved from /Users/sravanisigadam/PycharmProjects/Airflow/venv/lib/python3.9/site-packages/airflow/example_dags/example_task_group.py
[2021-11-18 18:53:01,491] {logging_mixin.py:109} INFO - [2021-11-18 18:53:01,491] {dag.py:2396} INFO - Sync 1 DAGs
[2021-11-18 18:53:01,496] {logging_mixin.py:109} INFO - [2021-11-18 18:53:01,496] {dag.py:2928} INFO - Setting next_dagrun for example_task_group to 2021-11-18T02:53:01.496719+00:00
[2021-11-18 18:53:01,501] {processor.py:171} INFO - Processing /Users/sravanisigadam/PycharmProjects/Airflow/venv/lib/python3.9/site-packages/airflow/example_dags/example_task_group.py took 0.046 seconds
[2021-11-18 18:54:19,807] {processor.py:163} INFO - Started process (PID=56386) to work on /Users/sravanisigadam/PycharmProjects/Airflow/venv/lib/python3.9/site-packages/airflow/example_dags/example_task_group.py
[2021-11-18 18:54:19,808] {processor.py:625} INFO - Processing file /Users/sravanisigadam/PycharmProjects/Airflow/venv/lib/python3.9/site-packages/airflow/example_dags/example_task_group.py for tasks to queue
[2021-11-18 18:54:19,808] {logging_mixin.py:109} INFO - [2021-11-18 18:54:19,808] {dagbag.py:500} INFO - Filling up the DagBag from /Users/sravanisigadam/PycharmProjects/Airflow/venv/lib/python3.9/site-packages/airflow/example_dags/example_task_group.py
[2021-11-18 18:54:19,834] {processor.py:637} INFO - DAG(s) dict_keys(['example_task_group']) retrieved from /Users/sravanisigadam/PycharmProjects/Airflow/venv/lib/python3.9/site-packages/airflow/example_dags/example_task_group.py
[2021-11-18 18:54:19,846] {logging_mixin.py:109} INFO - [2021-11-18 18:54:19,845] {dag.py:2396} INFO - Sync 1 DAGs
[2021-11-18 18:54:19,851] {logging_mixin.py:109} INFO - [2021-11-18 18:54:19,850] {dag.py:2928} INFO - Setting next_dagrun for example_task_group to 2021-11-18T02:54:19.850857+00:00
[2021-11-18 18:54:19,856] {processor.py:171} INFO - Processing /Users/sravanisigadam/PycharmProjects/Airflow/venv/lib/python3.9/site-packages/airflow/example_dags/example_task_group.py took 0.049 seconds
[2021-11-18 18:55:37,697] {processor.py:163} INFO - Started process (PID=56425) to work on /Users/sravanisigadam/PycharmProjects/Airflow/venv/lib/python3.9/site-packages/airflow/example_dags/example_task_group.py
[2021-11-18 18:55:37,698] {processor.py:625} INFO - Processing file /Users/sravanisigadam/PycharmProjects/Airflow/venv/lib/python3.9/site-packages/airflow/example_dags/example_task_group.py for tasks to queue
[2021-11-18 18:55:37,698] {logging_mixin.py:109} INFO - [2021-11-18 18:55:37,698] {dagbag.py:500} INFO - Filling up the DagBag from /Users/sravanisigadam/PycharmProjects/Airflow/venv/lib/python3.9/site-packages/airflow/example_dags/example_task_group.py
[2021-11-18 18:55:37,725] {processor.py:637} INFO - DAG(s) dict_keys(['example_task_group']) retrieved from /Users/sravanisigadam/PycharmProjects/Airflow/venv/lib/python3.9/site-packages/airflow/example_dags/example_task_group.py
[2021-11-18 18:55:37,736] {logging_mixin.py:109} INFO - [2021-11-18 18:55:37,736] {dag.py:2396} INFO - Sync 1 DAGs
[2021-11-18 18:55:37,741] {logging_mixin.py:109} INFO - [2021-11-18 18:55:37,741] {dag.py:2928} INFO - Setting next_dagrun for example_task_group to 2021-11-18T02:55:37.741619+00:00
[2021-11-18 18:55:37,747] {processor.py:171} INFO - Processing /Users/sravanisigadam/PycharmProjects/Airflow/venv/lib/python3.9/site-packages/airflow/example_dags/example_task_group.py took 0.050 seconds
[2021-11-18 18:56:55,455] {processor.py:163} INFO - Started process (PID=56470) to work on /Users/sravanisigadam/PycharmProjects/Airflow/venv/lib/python3.9/site-packages/airflow/example_dags/example_task_group.py
[2021-11-18 18:56:55,457] {processor.py:625} INFO - Processing file /Users/sravanisigadam/PycharmProjects/Airflow/venv/lib/python3.9/site-packages/airflow/example_dags/example_task_group.py for tasks to queue
[2021-11-18 18:56:55,457] {logging_mixin.py:109} INFO - [2021-11-18 18:56:55,457] {dagbag.py:500} INFO - Filling up the DagBag from /Users/sravanisigadam/PycharmProjects/Airflow/venv/lib/python3.9/site-packages/airflow/example_dags/example_task_group.py
[2021-11-18 18:56:55,481] {processor.py:637} INFO - DAG(s) dict_keys(['example_task_group']) retrieved from /Users/sravanisigadam/PycharmProjects/Airflow/venv/lib/python3.9/site-packages/airflow/example_dags/example_task_group.py
[2021-11-18 18:56:55,493] {logging_mixin.py:109} INFO - [2021-11-18 18:56:55,493] {dag.py:2396} INFO - Sync 1 DAGs
[2021-11-18 18:56:55,499] {logging_mixin.py:109} INFO - [2021-11-18 18:56:55,499] {dag.py:2928} INFO - Setting next_dagrun for example_task_group to 2021-11-18T02:56:55.499056+00:00
[2021-11-18 18:56:55,504] {processor.py:171} INFO - Processing /Users/sravanisigadam/PycharmProjects/Airflow/venv/lib/python3.9/site-packages/airflow/example_dags/example_task_group.py took 0.049 seconds
[2021-11-18 18:58:13,875] {processor.py:163} INFO - Started process (PID=56519) to work on /Users/sravanisigadam/PycharmProjects/Airflow/venv/lib/python3.9/site-packages/airflow/example_dags/example_task_group.py
[2021-11-18 18:58:13,876] {processor.py:625} INFO - Processing file /Users/sravanisigadam/PycharmProjects/Airflow/venv/lib/python3.9/site-packages/airflow/example_dags/example_task_group.py for tasks to queue
[2021-11-18 18:58:13,876] {logging_mixin.py:109} INFO - [2021-11-18 18:58:13,876] {dagbag.py:500} INFO - Filling up the DagBag from /Users/sravanisigadam/PycharmProjects/Airflow/venv/lib/python3.9/site-packages/airflow/example_dags/example_task_group.py
[2021-11-18 18:58:13,902] {processor.py:637} INFO - DAG(s) dict_keys(['example_task_group']) retrieved from /Users/sravanisigadam/PycharmProjects/Airflow/venv/lib/python3.9/site-packages/airflow/example_dags/example_task_group.py
[2021-11-18 18:58:13,914] {logging_mixin.py:109} INFO - [2021-11-18 18:58:13,913] {dag.py:2396} INFO - Sync 1 DAGs
[2021-11-18 18:58:13,919] {logging_mixin.py:109} INFO - [2021-11-18 18:58:13,919] {dag.py:2928} INFO - Setting next_dagrun for example_task_group to 2021-11-18T02:58:13.919564+00:00
[2021-11-18 18:58:13,925] {processor.py:171} INFO - Processing /Users/sravanisigadam/PycharmProjects/Airflow/venv/lib/python3.9/site-packages/airflow/example_dags/example_task_group.py took 0.050 seconds
[2021-11-18 18:59:31,958] {processor.py:163} INFO - Started process (PID=56557) to work on /Users/sravanisigadam/PycharmProjects/Airflow/venv/lib/python3.9/site-packages/airflow/example_dags/example_task_group.py
[2021-11-18 18:59:31,958] {processor.py:625} INFO - Processing file /Users/sravanisigadam/PycharmProjects/Airflow/venv/lib/python3.9/site-packages/airflow/example_dags/example_task_group.py for tasks to queue
[2021-11-18 18:59:31,958] {logging_mixin.py:109} INFO - [2021-11-18 18:59:31,958] {dagbag.py:500} INFO - Filling up the DagBag from /Users/sravanisigadam/PycharmProjects/Airflow/venv/lib/python3.9/site-packages/airflow/example_dags/example_task_group.py
[2021-11-18 18:59:31,983] {processor.py:637} INFO - DAG(s) dict_keys(['example_task_group']) retrieved from /Users/sravanisigadam/PycharmProjects/Airflow/venv/lib/python3.9/site-packages/airflow/example_dags/example_task_group.py
[2021-11-18 18:59:31,993] {logging_mixin.py:109} INFO - [2021-11-18 18:59:31,993] {dag.py:2396} INFO - Sync 1 DAGs
[2021-11-18 18:59:31,999] {logging_mixin.py:109} INFO - [2021-11-18 18:59:31,998] {dag.py:2928} INFO - Setting next_dagrun for example_task_group to 2021-11-18T02:59:31.998818+00:00
[2021-11-18 18:59:32,004] {processor.py:171} INFO - Processing /Users/sravanisigadam/PycharmProjects/Airflow/venv/lib/python3.9/site-packages/airflow/example_dags/example_task_group.py took 0.046 seconds
[2021-11-18 19:00:52,836] {processor.py:163} INFO - Started process (PID=56606) to work on /Users/sravanisigadam/PycharmProjects/Airflow/venv/lib/python3.9/site-packages/airflow/example_dags/example_task_group.py
[2021-11-18 19:00:52,836] {processor.py:625} INFO - Processing file /Users/sravanisigadam/PycharmProjects/Airflow/venv/lib/python3.9/site-packages/airflow/example_dags/example_task_group.py for tasks to queue
[2021-11-18 19:00:52,836] {logging_mixin.py:109} INFO - [2021-11-18 19:00:52,836] {dagbag.py:500} INFO - Filling up the DagBag from /Users/sravanisigadam/PycharmProjects/Airflow/venv/lib/python3.9/site-packages/airflow/example_dags/example_task_group.py
[2021-11-18 19:00:52,864] {processor.py:637} INFO - DAG(s) dict_keys(['example_task_group']) retrieved from /Users/sravanisigadam/PycharmProjects/Airflow/venv/lib/python3.9/site-packages/airflow/example_dags/example_task_group.py
[2021-11-18 19:00:52,876] {logging_mixin.py:109} INFO - [2021-11-18 19:00:52,875] {dag.py:2396} INFO - Sync 1 DAGs
[2021-11-18 19:00:52,881] {logging_mixin.py:109} INFO - [2021-11-18 19:00:52,881] {dag.py:2928} INFO - Setting next_dagrun for example_task_group to 2021-11-18T03:00:52.881221+00:00
[2021-11-18 19:00:52,886] {processor.py:171} INFO - Processing /Users/sravanisigadam/PycharmProjects/Airflow/venv/lib/python3.9/site-packages/airflow/example_dags/example_task_group.py took 0.051 seconds
[2021-11-18 19:02:09,925] {processor.py:163} INFO - Started process (PID=56649) to work on /Users/sravanisigadam/PycharmProjects/Airflow/venv/lib/python3.9/site-packages/airflow/example_dags/example_task_group.py
[2021-11-18 19:02:09,925] {processor.py:625} INFO - Processing file /Users/sravanisigadam/PycharmProjects/Airflow/venv/lib/python3.9/site-packages/airflow/example_dags/example_task_group.py for tasks to queue
[2021-11-18 19:02:09,925] {logging_mixin.py:109} INFO - [2021-11-18 19:02:09,925] {dagbag.py:500} INFO - Filling up the DagBag from /Users/sravanisigadam/PycharmProjects/Airflow/venv/lib/python3.9/site-packages/airflow/example_dags/example_task_group.py
[2021-11-18 19:02:09,948] {processor.py:637} INFO - DAG(s) dict_keys(['example_task_group']) retrieved from /Users/sravanisigadam/PycharmProjects/Airflow/venv/lib/python3.9/site-packages/airflow/example_dags/example_task_group.py
[2021-11-18 19:02:09,959] {logging_mixin.py:109} INFO - [2021-11-18 19:02:09,959] {dag.py:2396} INFO - Sync 1 DAGs
[2021-11-18 19:02:09,964] {logging_mixin.py:109} INFO - [2021-11-18 19:02:09,964] {dag.py:2928} INFO - Setting next_dagrun for example_task_group to 2021-11-18T03:02:09.964346+00:00
[2021-11-18 19:02:09,969] {processor.py:171} INFO - Processing /Users/sravanisigadam/PycharmProjects/Airflow/venv/lib/python3.9/site-packages/airflow/example_dags/example_task_group.py took 0.045 seconds
[2021-11-18 19:03:28,347] {processor.py:163} INFO - Started process (PID=56692) to work on /Users/sravanisigadam/PycharmProjects/Airflow/venv/lib/python3.9/site-packages/airflow/example_dags/example_task_group.py
[2021-11-18 19:03:28,348] {processor.py:625} INFO - Processing file /Users/sravanisigadam/PycharmProjects/Airflow/venv/lib/python3.9/site-packages/airflow/example_dags/example_task_group.py for tasks to queue
[2021-11-18 19:03:28,348] {logging_mixin.py:109} INFO - [2021-11-18 19:03:28,348] {dagbag.py:500} INFO - Filling up the DagBag from /Users/sravanisigadam/PycharmProjects/Airflow/venv/lib/python3.9/site-packages/airflow/example_dags/example_task_group.py
[2021-11-18 19:03:28,373] {processor.py:637} INFO - DAG(s) dict_keys(['example_task_group']) retrieved from /Users/sravanisigadam/PycharmProjects/Airflow/venv/lib/python3.9/site-packages/airflow/example_dags/example_task_group.py
[2021-11-18 19:03:28,384] {logging_mixin.py:109} INFO - [2021-11-18 19:03:28,384] {dag.py:2396} INFO - Sync 1 DAGs
[2021-11-18 19:03:28,389] {logging_mixin.py:109} INFO - [2021-11-18 19:03:28,389] {dag.py:2928} INFO - Setting next_dagrun for example_task_group to 2021-11-18T03:03:28.389382+00:00
[2021-11-18 19:03:28,394] {processor.py:171} INFO - Processing /Users/sravanisigadam/PycharmProjects/Airflow/venv/lib/python3.9/site-packages/airflow/example_dags/example_task_group.py took 0.048 seconds
[2021-11-18 19:04:46,967] {processor.py:163} INFO - Started process (PID=56741) to work on /Users/sravanisigadam/PycharmProjects/Airflow/venv/lib/python3.9/site-packages/airflow/example_dags/example_task_group.py
[2021-11-18 19:04:46,968] {processor.py:625} INFO - Processing file /Users/sravanisigadam/PycharmProjects/Airflow/venv/lib/python3.9/site-packages/airflow/example_dags/example_task_group.py for tasks to queue
[2021-11-18 19:04:46,969] {logging_mixin.py:109} INFO - [2021-11-18 19:04:46,969] {dagbag.py:500} INFO - Filling up the DagBag from /Users/sravanisigadam/PycharmProjects/Airflow/venv/lib/python3.9/site-packages/airflow/example_dags/example_task_group.py
[2021-11-18 19:04:46,993] {processor.py:637} INFO - DAG(s) dict_keys(['example_task_group']) retrieved from /Users/sravanisigadam/PycharmProjects/Airflow/venv/lib/python3.9/site-packages/airflow/example_dags/example_task_group.py
[2021-11-18 19:04:47,004] {logging_mixin.py:109} INFO - [2021-11-18 19:04:47,004] {dag.py:2396} INFO - Sync 1 DAGs
[2021-11-18 19:04:47,009] {logging_mixin.py:109} INFO - [2021-11-18 19:04:47,009] {dag.py:2928} INFO - Setting next_dagrun for example_task_group to 2021-11-18T03:04:47.009546+00:00
[2021-11-18 19:04:47,014] {processor.py:171} INFO - Processing /Users/sravanisigadam/PycharmProjects/Airflow/venv/lib/python3.9/site-packages/airflow/example_dags/example_task_group.py took 0.047 seconds
[2021-11-18 19:06:05,088] {processor.py:163} INFO - Started process (PID=56812) to work on /Users/sravanisigadam/PycharmProjects/Airflow/venv/lib/python3.9/site-packages/airflow/example_dags/example_task_group.py
[2021-11-18 19:06:05,089] {processor.py:625} INFO - Processing file /Users/sravanisigadam/PycharmProjects/Airflow/venv/lib/python3.9/site-packages/airflow/example_dags/example_task_group.py for tasks to queue
[2021-11-18 19:06:05,089] {logging_mixin.py:109} INFO - [2021-11-18 19:06:05,089] {dagbag.py:500} INFO - Filling up the DagBag from /Users/sravanisigadam/PycharmProjects/Airflow/venv/lib/python3.9/site-packages/airflow/example_dags/example_task_group.py
[2021-11-18 19:06:05,118] {processor.py:637} INFO - DAG(s) dict_keys(['example_task_group']) retrieved from /Users/sravanisigadam/PycharmProjects/Airflow/venv/lib/python3.9/site-packages/airflow/example_dags/example_task_group.py
[2021-11-18 19:06:05,134] {logging_mixin.py:109} INFO - [2021-11-18 19:06:05,134] {dag.py:2396} INFO - Sync 1 DAGs
[2021-11-18 19:06:05,141] {logging_mixin.py:109} INFO - [2021-11-18 19:06:05,141] {dag.py:2928} INFO - Setting next_dagrun for example_task_group to 2021-11-18T03:06:05.141043+00:00
[2021-11-18 19:06:05,147] {processor.py:171} INFO - Processing /Users/sravanisigadam/PycharmProjects/Airflow/venv/lib/python3.9/site-packages/airflow/example_dags/example_task_group.py took 0.059 seconds
[2021-11-18 19:07:24,339] {processor.py:163} INFO - Started process (PID=56868) to work on /Users/sravanisigadam/PycharmProjects/Airflow/venv/lib/python3.9/site-packages/airflow/example_dags/example_task_group.py
[2021-11-18 19:07:24,339] {processor.py:625} INFO - Processing file /Users/sravanisigadam/PycharmProjects/Airflow/venv/lib/python3.9/site-packages/airflow/example_dags/example_task_group.py for tasks to queue
[2021-11-18 19:07:24,340] {logging_mixin.py:109} INFO - [2021-11-18 19:07:24,340] {dagbag.py:500} INFO - Filling up the DagBag from /Users/sravanisigadam/PycharmProjects/Airflow/venv/lib/python3.9/site-packages/airflow/example_dags/example_task_group.py
[2021-11-18 19:07:24,364] {processor.py:637} INFO - DAG(s) dict_keys(['example_task_group']) retrieved from /Users/sravanisigadam/PycharmProjects/Airflow/venv/lib/python3.9/site-packages/airflow/example_dags/example_task_group.py
[2021-11-18 19:07:24,376] {logging_mixin.py:109} INFO - [2021-11-18 19:07:24,375] {dag.py:2396} INFO - Sync 1 DAGs
[2021-11-18 19:07:24,381] {logging_mixin.py:109} INFO - [2021-11-18 19:07:24,381] {dag.py:2928} INFO - Setting next_dagrun for example_task_group to 2021-11-18T03:07:24.381092+00:00
[2021-11-18 19:07:24,386] {processor.py:171} INFO - Processing /Users/sravanisigadam/PycharmProjects/Airflow/venv/lib/python3.9/site-packages/airflow/example_dags/example_task_group.py took 0.047 seconds
[2021-11-18 19:08:43,054] {processor.py:163} INFO - Started process (PID=56937) to work on /Users/sravanisigadam/PycharmProjects/Airflow/venv/lib/python3.9/site-packages/airflow/example_dags/example_task_group.py
[2021-11-18 19:08:43,054] {processor.py:625} INFO - Processing file /Users/sravanisigadam/PycharmProjects/Airflow/venv/lib/python3.9/site-packages/airflow/example_dags/example_task_group.py for tasks to queue
[2021-11-18 19:08:43,054] {logging_mixin.py:109} INFO - [2021-11-18 19:08:43,054] {dagbag.py:500} INFO - Filling up the DagBag from /Users/sravanisigadam/PycharmProjects/Airflow/venv/lib/python3.9/site-packages/airflow/example_dags/example_task_group.py
[2021-11-18 19:08:43,080] {processor.py:637} INFO - DAG(s) dict_keys(['example_task_group']) retrieved from /Users/sravanisigadam/PycharmProjects/Airflow/venv/lib/python3.9/site-packages/airflow/example_dags/example_task_group.py
[2021-11-18 19:08:43,092] {logging_mixin.py:109} INFO - [2021-11-18 19:08:43,092] {dag.py:2396} INFO - Sync 1 DAGs
[2021-11-18 19:08:43,097] {logging_mixin.py:109} INFO - [2021-11-18 19:08:43,097] {dag.py:2928} INFO - Setting next_dagrun for example_task_group to 2021-11-18T03:08:43.097494+00:00
[2021-11-18 19:08:43,103] {processor.py:171} INFO - Processing /Users/sravanisigadam/PycharmProjects/Airflow/venv/lib/python3.9/site-packages/airflow/example_dags/example_task_group.py took 0.049 seconds
[2021-11-18 19:10:01,169] {processor.py:163} INFO - Started process (PID=56982) to work on /Users/sravanisigadam/PycharmProjects/Airflow/venv/lib/python3.9/site-packages/airflow/example_dags/example_task_group.py
[2021-11-18 19:10:01,169] {processor.py:625} INFO - Processing file /Users/sravanisigadam/PycharmProjects/Airflow/venv/lib/python3.9/site-packages/airflow/example_dags/example_task_group.py for tasks to queue
[2021-11-18 19:10:01,169] {logging_mixin.py:109} INFO - [2021-11-18 19:10:01,169] {dagbag.py:500} INFO - Filling up the DagBag from /Users/sravanisigadam/PycharmProjects/Airflow/venv/lib/python3.9/site-packages/airflow/example_dags/example_task_group.py
[2021-11-18 19:10:01,195] {processor.py:637} INFO - DAG(s) dict_keys(['example_task_group']) retrieved from /Users/sravanisigadam/PycharmProjects/Airflow/venv/lib/python3.9/site-packages/airflow/example_dags/example_task_group.py
[2021-11-18 19:10:01,206] {logging_mixin.py:109} INFO - [2021-11-18 19:10:01,206] {dag.py:2396} INFO - Sync 1 DAGs
[2021-11-18 19:10:01,212] {logging_mixin.py:109} INFO - [2021-11-18 19:10:01,211] {dag.py:2928} INFO - Setting next_dagrun for example_task_group to 2021-11-18T03:10:01.211802+00:00
[2021-11-18 19:10:01,217] {processor.py:171} INFO - Processing /Users/sravanisigadam/PycharmProjects/Airflow/venv/lib/python3.9/site-packages/airflow/example_dags/example_task_group.py took 0.049 seconds
[2021-11-18 19:11:21,426] {processor.py:163} INFO - Started process (PID=57029) to work on /Users/sravanisigadam/PycharmProjects/Airflow/venv/lib/python3.9/site-packages/airflow/example_dags/example_task_group.py
[2021-11-18 19:11:21,427] {processor.py:625} INFO - Processing file /Users/sravanisigadam/PycharmProjects/Airflow/venv/lib/python3.9/site-packages/airflow/example_dags/example_task_group.py for tasks to queue
[2021-11-18 19:11:21,427] {logging_mixin.py:109} INFO - [2021-11-18 19:11:21,427] {dagbag.py:500} INFO - Filling up the DagBag from /Users/sravanisigadam/PycharmProjects/Airflow/venv/lib/python3.9/site-packages/airflow/example_dags/example_task_group.py
[2021-11-18 19:11:21,451] {processor.py:637} INFO - DAG(s) dict_keys(['example_task_group']) retrieved from /Users/sravanisigadam/PycharmProjects/Airflow/venv/lib/python3.9/site-packages/airflow/example_dags/example_task_group.py
[2021-11-18 19:11:21,462] {logging_mixin.py:109} INFO - [2021-11-18 19:11:21,462] {dag.py:2396} INFO - Sync 1 DAGs
[2021-11-18 19:11:21,468] {logging_mixin.py:109} INFO - [2021-11-18 19:11:21,467] {dag.py:2928} INFO - Setting next_dagrun for example_task_group to 2021-11-18T03:11:21.467780+00:00
[2021-11-18 19:11:21,473] {processor.py:171} INFO - Processing /Users/sravanisigadam/PycharmProjects/Airflow/venv/lib/python3.9/site-packages/airflow/example_dags/example_task_group.py took 0.047 seconds
[2021-11-18 19:12:42,769] {processor.py:163} INFO - Started process (PID=57072) to work on /Users/sravanisigadam/PycharmProjects/Airflow/venv/lib/python3.9/site-packages/airflow/example_dags/example_task_group.py
[2021-11-18 19:12:42,770] {processor.py:625} INFO - Processing file /Users/sravanisigadam/PycharmProjects/Airflow/venv/lib/python3.9/site-packages/airflow/example_dags/example_task_group.py for tasks to queue
[2021-11-18 19:12:42,770] {logging_mixin.py:109} INFO - [2021-11-18 19:12:42,770] {dagbag.py:500} INFO - Filling up the DagBag from /Users/sravanisigadam/PycharmProjects/Airflow/venv/lib/python3.9/site-packages/airflow/example_dags/example_task_group.py
[2021-11-18 19:12:42,795] {processor.py:637} INFO - DAG(s) dict_keys(['example_task_group']) retrieved from /Users/sravanisigadam/PycharmProjects/Airflow/venv/lib/python3.9/site-packages/airflow/example_dags/example_task_group.py
[2021-11-18 19:12:42,806] {logging_mixin.py:109} INFO - [2021-11-18 19:12:42,806] {dag.py:2396} INFO - Sync 1 DAGs
[2021-11-18 19:12:42,811] {logging_mixin.py:109} INFO - [2021-11-18 19:12:42,811] {dag.py:2928} INFO - Setting next_dagrun for example_task_group to 2021-11-18T03:12:42.811307+00:00
[2021-11-18 19:12:42,816] {processor.py:171} INFO - Processing /Users/sravanisigadam/PycharmProjects/Airflow/venv/lib/python3.9/site-packages/airflow/example_dags/example_task_group.py took 0.047 seconds
[2021-11-18 19:14:06,890] {processor.py:163} INFO - Started process (PID=57148) to work on /Users/sravanisigadam/PycharmProjects/Airflow/venv/lib/python3.9/site-packages/airflow/example_dags/example_task_group.py
[2021-11-18 19:14:06,890] {processor.py:625} INFO - Processing file /Users/sravanisigadam/PycharmProjects/Airflow/venv/lib/python3.9/site-packages/airflow/example_dags/example_task_group.py for tasks to queue
[2021-11-18 19:14:06,890] {logging_mixin.py:109} INFO - [2021-11-18 19:14:06,890] {dagbag.py:500} INFO - Filling up the DagBag from /Users/sravanisigadam/PycharmProjects/Airflow/venv/lib/python3.9/site-packages/airflow/example_dags/example_task_group.py
[2021-11-18 19:14:06,918] {processor.py:637} INFO - DAG(s) dict_keys(['example_task_group']) retrieved from /Users/sravanisigadam/PycharmProjects/Airflow/venv/lib/python3.9/site-packages/airflow/example_dags/example_task_group.py
[2021-11-18 19:14:06,929] {logging_mixin.py:109} INFO - [2021-11-18 19:14:06,929] {dag.py:2396} INFO - Sync 1 DAGs
[2021-11-18 19:14:06,935] {logging_mixin.py:109} INFO - [2021-11-18 19:14:06,935] {dag.py:2928} INFO - Setting next_dagrun for example_task_group to 2021-11-18T03:14:06.935100+00:00
[2021-11-18 19:14:06,940] {processor.py:171} INFO - Processing /Users/sravanisigadam/PycharmProjects/Airflow/venv/lib/python3.9/site-packages/airflow/example_dags/example_task_group.py took 0.050 seconds
[2021-11-18 19:15:25,329] {processor.py:163} INFO - Started process (PID=57207) to work on /Users/sravanisigadam/PycharmProjects/Airflow/venv/lib/python3.9/site-packages/airflow/example_dags/example_task_group.py
[2021-11-18 19:15:25,329] {processor.py:625} INFO - Processing file /Users/sravanisigadam/PycharmProjects/Airflow/venv/lib/python3.9/site-packages/airflow/example_dags/example_task_group.py for tasks to queue
[2021-11-18 19:15:25,329] {logging_mixin.py:109} INFO - [2021-11-18 19:15:25,329] {dagbag.py:500} INFO - Filling up the DagBag from /Users/sravanisigadam/PycharmProjects/Airflow/venv/lib/python3.9/site-packages/airflow/example_dags/example_task_group.py
[2021-11-18 19:15:25,355] {processor.py:637} INFO - DAG(s) dict_keys(['example_task_group']) retrieved from /Users/sravanisigadam/PycharmProjects/Airflow/venv/lib/python3.9/site-packages/airflow/example_dags/example_task_group.py
[2021-11-18 19:15:25,366] {logging_mixin.py:109} INFO - [2021-11-18 19:15:25,366] {dag.py:2396} INFO - Sync 1 DAGs
[2021-11-18 19:15:25,372] {logging_mixin.py:109} INFO - [2021-11-18 19:15:25,372] {dag.py:2928} INFO - Setting next_dagrun for example_task_group to 2021-11-18T03:15:25.371899+00:00
[2021-11-18 19:15:25,377] {processor.py:171} INFO - Processing /Users/sravanisigadam/PycharmProjects/Airflow/venv/lib/python3.9/site-packages/airflow/example_dags/example_task_group.py took 0.048 seconds
