[2021-11-18 17:36:05,067] {processor.py:163} INFO - Started process (PID=55553) to work on /Users/sravanisigadam/PycharmProjects/Airflow/venv/lib/python3.9/site-packages/airflow/example_dags/example_trigger_target_dag.py
[2021-11-18 17:36:05,067] {processor.py:625} INFO - Processing file /Users/sravanisigadam/PycharmProjects/Airflow/venv/lib/python3.9/site-packages/airflow/example_dags/example_trigger_target_dag.py for tasks to queue
[2021-11-18 17:36:05,067] {logging_mixin.py:109} INFO - [2021-11-18 17:36:05,067] {dagbag.py:500} INFO - Filling up the DagBag from /Users/sravanisigadam/PycharmProjects/Airflow/venv/lib/python3.9/site-packages/airflow/example_dags/example_trigger_target_dag.py
[2021-11-18 17:36:05,100] {processor.py:637} INFO - DAG(s) dict_keys(['example_trigger_target_dag']) retrieved from /Users/sravanisigadam/PycharmProjects/Airflow/venv/lib/python3.9/site-packages/airflow/example_dags/example_trigger_target_dag.py
[2021-11-18 17:36:05,115] {logging_mixin.py:109} INFO - [2021-11-18 17:36:05,115] {dag.py:2396} INFO - Sync 1 DAGs
[2021-11-18 17:36:05,121] {logging_mixin.py:109} INFO - [2021-11-18 17:36:05,121] {dag.py:2928} INFO - Setting next_dagrun for example_trigger_target_dag to None
[2021-11-18 17:36:05,126] {processor.py:171} INFO - Processing /Users/sravanisigadam/PycharmProjects/Airflow/venv/lib/python3.9/site-packages/airflow/example_dags/example_trigger_target_dag.py took 0.060 seconds
[2021-11-18 18:25:14,753] {processor.py:163} INFO - Started process (PID=55650) to work on /Users/sravanisigadam/PycharmProjects/Airflow/venv/lib/python3.9/site-packages/airflow/example_dags/example_trigger_target_dag.py
[2021-11-18 18:25:14,753] {processor.py:625} INFO - Processing file /Users/sravanisigadam/PycharmProjects/Airflow/venv/lib/python3.9/site-packages/airflow/example_dags/example_trigger_target_dag.py for tasks to queue
[2021-11-18 18:25:14,754] {logging_mixin.py:109} INFO - [2021-11-18 18:25:14,754] {dagbag.py:500} INFO - Filling up the DagBag from /Users/sravanisigadam/PycharmProjects/Airflow/venv/lib/python3.9/site-packages/airflow/example_dags/example_trigger_target_dag.py
[2021-11-18 18:25:14,792] {processor.py:637} INFO - DAG(s) dict_keys(['example_trigger_target_dag']) retrieved from /Users/sravanisigadam/PycharmProjects/Airflow/venv/lib/python3.9/site-packages/airflow/example_dags/example_trigger_target_dag.py
[2021-11-18 18:25:14,804] {logging_mixin.py:109} INFO - [2021-11-18 18:25:14,804] {dag.py:2396} INFO - Sync 1 DAGs
[2021-11-18 18:25:14,810] {logging_mixin.py:109} INFO - [2021-11-18 18:25:14,810] {dag.py:2928} INFO - Setting next_dagrun for example_trigger_target_dag to None
[2021-11-18 18:25:14,815] {processor.py:171} INFO - Processing /Users/sravanisigadam/PycharmProjects/Airflow/venv/lib/python3.9/site-packages/airflow/example_dags/example_trigger_target_dag.py took 0.062 seconds
[2021-11-18 18:26:33,106] {processor.py:163} INFO - Started process (PID=55796) to work on /Users/sravanisigadam/PycharmProjects/Airflow/venv/lib/python3.9/site-packages/airflow/example_dags/example_trigger_target_dag.py
[2021-11-18 18:26:33,106] {processor.py:625} INFO - Processing file /Users/sravanisigadam/PycharmProjects/Airflow/venv/lib/python3.9/site-packages/airflow/example_dags/example_trigger_target_dag.py for tasks to queue
[2021-11-18 18:26:33,106] {logging_mixin.py:109} INFO - [2021-11-18 18:26:33,106] {dagbag.py:500} INFO - Filling up the DagBag from /Users/sravanisigadam/PycharmProjects/Airflow/venv/lib/python3.9/site-packages/airflow/example_dags/example_trigger_target_dag.py
[2021-11-18 18:26:33,140] {processor.py:637} INFO - DAG(s) dict_keys(['example_trigger_target_dag']) retrieved from /Users/sravanisigadam/PycharmProjects/Airflow/venv/lib/python3.9/site-packages/airflow/example_dags/example_trigger_target_dag.py
[2021-11-18 18:26:33,152] {logging_mixin.py:109} INFO - [2021-11-18 18:26:33,151] {dag.py:2396} INFO - Sync 1 DAGs
[2021-11-18 18:26:33,158] {logging_mixin.py:109} INFO - [2021-11-18 18:26:33,158] {dag.py:2928} INFO - Setting next_dagrun for example_trigger_target_dag to None
[2021-11-18 18:26:33,163] {processor.py:171} INFO - Processing /Users/sravanisigadam/PycharmProjects/Airflow/venv/lib/python3.9/site-packages/airflow/example_dags/example_trigger_target_dag.py took 0.058 seconds
[2021-11-18 18:27:53,093] {processor.py:163} INFO - Started process (PID=55852) to work on /Users/sravanisigadam/PycharmProjects/Airflow/venv/lib/python3.9/site-packages/airflow/example_dags/example_trigger_target_dag.py
[2021-11-18 18:27:53,094] {processor.py:625} INFO - Processing file /Users/sravanisigadam/PycharmProjects/Airflow/venv/lib/python3.9/site-packages/airflow/example_dags/example_trigger_target_dag.py for tasks to queue
[2021-11-18 18:27:53,094] {logging_mixin.py:109} INFO - [2021-11-18 18:27:53,094] {dagbag.py:500} INFO - Filling up the DagBag from /Users/sravanisigadam/PycharmProjects/Airflow/venv/lib/python3.9/site-packages/airflow/example_dags/example_trigger_target_dag.py
[2021-11-18 18:27:53,127] {processor.py:637} INFO - DAG(s) dict_keys(['example_trigger_target_dag']) retrieved from /Users/sravanisigadam/PycharmProjects/Airflow/venv/lib/python3.9/site-packages/airflow/example_dags/example_trigger_target_dag.py
[2021-11-18 18:27:53,138] {logging_mixin.py:109} INFO - [2021-11-18 18:27:53,138] {dag.py:2396} INFO - Sync 1 DAGs
[2021-11-18 18:27:53,144] {logging_mixin.py:109} INFO - [2021-11-18 18:27:53,144] {dag.py:2928} INFO - Setting next_dagrun for example_trigger_target_dag to None
[2021-11-18 18:27:53,149] {processor.py:171} INFO - Processing /Users/sravanisigadam/PycharmProjects/Airflow/venv/lib/python3.9/site-packages/airflow/example_dags/example_trigger_target_dag.py took 0.056 seconds
[2021-11-18 18:29:13,300] {processor.py:163} INFO - Started process (PID=55912) to work on /Users/sravanisigadam/PycharmProjects/Airflow/venv/lib/python3.9/site-packages/airflow/example_dags/example_trigger_target_dag.py
[2021-11-18 18:29:13,301] {processor.py:625} INFO - Processing file /Users/sravanisigadam/PycharmProjects/Airflow/venv/lib/python3.9/site-packages/airflow/example_dags/example_trigger_target_dag.py for tasks to queue
[2021-11-18 18:29:13,301] {logging_mixin.py:109} INFO - [2021-11-18 18:29:13,301] {dagbag.py:500} INFO - Filling up the DagBag from /Users/sravanisigadam/PycharmProjects/Airflow/venv/lib/python3.9/site-packages/airflow/example_dags/example_trigger_target_dag.py
[2021-11-18 18:29:13,333] {processor.py:637} INFO - DAG(s) dict_keys(['example_trigger_target_dag']) retrieved from /Users/sravanisigadam/PycharmProjects/Airflow/venv/lib/python3.9/site-packages/airflow/example_dags/example_trigger_target_dag.py
[2021-11-18 18:29:13,344] {logging_mixin.py:109} INFO - [2021-11-18 18:29:13,343] {dag.py:2396} INFO - Sync 1 DAGs
[2021-11-18 18:29:13,349] {logging_mixin.py:109} INFO - [2021-11-18 18:29:13,349] {dag.py:2928} INFO - Setting next_dagrun for example_trigger_target_dag to None
[2021-11-18 18:29:13,354] {processor.py:171} INFO - Processing /Users/sravanisigadam/PycharmProjects/Airflow/venv/lib/python3.9/site-packages/airflow/example_dags/example_trigger_target_dag.py took 0.054 seconds
[2021-11-18 18:30:33,375] {processor.py:163} INFO - Started process (PID=55953) to work on /Users/sravanisigadam/PycharmProjects/Airflow/venv/lib/python3.9/site-packages/airflow/example_dags/example_trigger_target_dag.py
[2021-11-18 18:30:33,375] {processor.py:625} INFO - Processing file /Users/sravanisigadam/PycharmProjects/Airflow/venv/lib/python3.9/site-packages/airflow/example_dags/example_trigger_target_dag.py for tasks to queue
[2021-11-18 18:30:33,375] {logging_mixin.py:109} INFO - [2021-11-18 18:30:33,375] {dagbag.py:500} INFO - Filling up the DagBag from /Users/sravanisigadam/PycharmProjects/Airflow/venv/lib/python3.9/site-packages/airflow/example_dags/example_trigger_target_dag.py
[2021-11-18 18:30:33,409] {processor.py:637} INFO - DAG(s) dict_keys(['example_trigger_target_dag']) retrieved from /Users/sravanisigadam/PycharmProjects/Airflow/venv/lib/python3.9/site-packages/airflow/example_dags/example_trigger_target_dag.py
[2021-11-18 18:30:33,420] {logging_mixin.py:109} INFO - [2021-11-18 18:30:33,420] {dag.py:2396} INFO - Sync 1 DAGs
[2021-11-18 18:30:33,425] {logging_mixin.py:109} INFO - [2021-11-18 18:30:33,425] {dag.py:2928} INFO - Setting next_dagrun for example_trigger_target_dag to None
[2021-11-18 18:30:33,430] {processor.py:171} INFO - Processing /Users/sravanisigadam/PycharmProjects/Airflow/venv/lib/python3.9/site-packages/airflow/example_dags/example_trigger_target_dag.py took 0.056 seconds
[2021-11-18 18:31:53,509] {processor.py:163} INFO - Started process (PID=56000) to work on /Users/sravanisigadam/PycharmProjects/Airflow/venv/lib/python3.9/site-packages/airflow/example_dags/example_trigger_target_dag.py
[2021-11-18 18:31:53,509] {processor.py:625} INFO - Processing file /Users/sravanisigadam/PycharmProjects/Airflow/venv/lib/python3.9/site-packages/airflow/example_dags/example_trigger_target_dag.py for tasks to queue
[2021-11-18 18:31:53,509] {logging_mixin.py:109} INFO - [2021-11-18 18:31:53,509] {dagbag.py:500} INFO - Filling up the DagBag from /Users/sravanisigadam/PycharmProjects/Airflow/venv/lib/python3.9/site-packages/airflow/example_dags/example_trigger_target_dag.py
[2021-11-18 18:31:53,542] {processor.py:637} INFO - DAG(s) dict_keys(['example_trigger_target_dag']) retrieved from /Users/sravanisigadam/PycharmProjects/Airflow/venv/lib/python3.9/site-packages/airflow/example_dags/example_trigger_target_dag.py
[2021-11-18 18:31:53,553] {logging_mixin.py:109} INFO - [2021-11-18 18:31:53,553] {dag.py:2396} INFO - Sync 1 DAGs
[2021-11-18 18:31:53,558] {logging_mixin.py:109} INFO - [2021-11-18 18:31:53,558] {dag.py:2928} INFO - Setting next_dagrun for example_trigger_target_dag to None
[2021-11-18 18:31:53,563] {processor.py:171} INFO - Processing /Users/sravanisigadam/PycharmProjects/Airflow/venv/lib/python3.9/site-packages/airflow/example_dags/example_trigger_target_dag.py took 0.054 seconds
[2021-11-18 18:33:13,520] {processor.py:163} INFO - Started process (PID=56040) to work on /Users/sravanisigadam/PycharmProjects/Airflow/venv/lib/python3.9/site-packages/airflow/example_dags/example_trigger_target_dag.py
[2021-11-18 18:33:13,521] {processor.py:625} INFO - Processing file /Users/sravanisigadam/PycharmProjects/Airflow/venv/lib/python3.9/site-packages/airflow/example_dags/example_trigger_target_dag.py for tasks to queue
[2021-11-18 18:33:13,521] {logging_mixin.py:109} INFO - [2021-11-18 18:33:13,521] {dagbag.py:500} INFO - Filling up the DagBag from /Users/sravanisigadam/PycharmProjects/Airflow/venv/lib/python3.9/site-packages/airflow/example_dags/example_trigger_target_dag.py
[2021-11-18 18:33:13,554] {processor.py:637} INFO - DAG(s) dict_keys(['example_trigger_target_dag']) retrieved from /Users/sravanisigadam/PycharmProjects/Airflow/venv/lib/python3.9/site-packages/airflow/example_dags/example_trigger_target_dag.py
[2021-11-18 18:33:13,564] {logging_mixin.py:109} INFO - [2021-11-18 18:33:13,564] {dag.py:2396} INFO - Sync 1 DAGs
[2021-11-18 18:33:13,570] {logging_mixin.py:109} INFO - [2021-11-18 18:33:13,570] {dag.py:2928} INFO - Setting next_dagrun for example_trigger_target_dag to None
[2021-11-18 18:33:13,575] {processor.py:171} INFO - Processing /Users/sravanisigadam/PycharmProjects/Airflow/venv/lib/python3.9/site-packages/airflow/example_dags/example_trigger_target_dag.py took 0.055 seconds
[2021-11-18 18:46:19,799] {processor.py:163} INFO - Started process (PID=56101) to work on /Users/sravanisigadam/PycharmProjects/Airflow/venv/lib/python3.9/site-packages/airflow/example_dags/example_trigger_target_dag.py
[2021-11-18 18:46:19,800] {processor.py:625} INFO - Processing file /Users/sravanisigadam/PycharmProjects/Airflow/venv/lib/python3.9/site-packages/airflow/example_dags/example_trigger_target_dag.py for tasks to queue
[2021-11-18 18:46:19,800] {logging_mixin.py:109} INFO - [2021-11-18 18:46:19,800] {dagbag.py:500} INFO - Filling up the DagBag from /Users/sravanisigadam/PycharmProjects/Airflow/venv/lib/python3.9/site-packages/airflow/example_dags/example_trigger_target_dag.py
[2021-11-18 18:46:19,834] {processor.py:637} INFO - DAG(s) dict_keys(['example_trigger_target_dag']) retrieved from /Users/sravanisigadam/PycharmProjects/Airflow/venv/lib/python3.9/site-packages/airflow/example_dags/example_trigger_target_dag.py
[2021-11-18 18:46:19,845] {logging_mixin.py:109} INFO - [2021-11-18 18:46:19,844] {dag.py:2396} INFO - Sync 1 DAGs
[2021-11-18 18:46:19,850] {logging_mixin.py:109} INFO - [2021-11-18 18:46:19,850] {dag.py:2928} INFO - Setting next_dagrun for example_trigger_target_dag to None
[2021-11-18 18:46:19,855] {processor.py:171} INFO - Processing /Users/sravanisigadam/PycharmProjects/Airflow/venv/lib/python3.9/site-packages/airflow/example_dags/example_trigger_target_dag.py took 0.057 seconds
[2021-11-18 18:47:37,526] {processor.py:163} INFO - Started process (PID=56156) to work on /Users/sravanisigadam/PycharmProjects/Airflow/venv/lib/python3.9/site-packages/airflow/example_dags/example_trigger_target_dag.py
[2021-11-18 18:47:37,528] {processor.py:625} INFO - Processing file /Users/sravanisigadam/PycharmProjects/Airflow/venv/lib/python3.9/site-packages/airflow/example_dags/example_trigger_target_dag.py for tasks to queue
[2021-11-18 18:47:37,528] {logging_mixin.py:109} INFO - [2021-11-18 18:47:37,528] {dagbag.py:500} INFO - Filling up the DagBag from /Users/sravanisigadam/PycharmProjects/Airflow/venv/lib/python3.9/site-packages/airflow/example_dags/example_trigger_target_dag.py
[2021-11-18 18:47:37,562] {processor.py:637} INFO - DAG(s) dict_keys(['example_trigger_target_dag']) retrieved from /Users/sravanisigadam/PycharmProjects/Airflow/venv/lib/python3.9/site-packages/airflow/example_dags/example_trigger_target_dag.py
[2021-11-18 18:47:37,572] {logging_mixin.py:109} INFO - [2021-11-18 18:47:37,572] {dag.py:2396} INFO - Sync 1 DAGs
[2021-11-18 18:47:37,577] {logging_mixin.py:109} INFO - [2021-11-18 18:47:37,577] {dag.py:2928} INFO - Setting next_dagrun for example_trigger_target_dag to None
[2021-11-18 18:47:37,600] {processor.py:171} INFO - Processing /Users/sravanisigadam/PycharmProjects/Airflow/venv/lib/python3.9/site-packages/airflow/example_dags/example_trigger_target_dag.py took 0.074 seconds
[2021-11-18 18:48:58,251] {processor.py:163} INFO - Started process (PID=56216) to work on /Users/sravanisigadam/PycharmProjects/Airflow/venv/lib/python3.9/site-packages/airflow/example_dags/example_trigger_target_dag.py
[2021-11-18 18:48:58,252] {processor.py:625} INFO - Processing file /Users/sravanisigadam/PycharmProjects/Airflow/venv/lib/python3.9/site-packages/airflow/example_dags/example_trigger_target_dag.py for tasks to queue
[2021-11-18 18:48:58,252] {logging_mixin.py:109} INFO - [2021-11-18 18:48:58,252] {dagbag.py:500} INFO - Filling up the DagBag from /Users/sravanisigadam/PycharmProjects/Airflow/venv/lib/python3.9/site-packages/airflow/example_dags/example_trigger_target_dag.py
[2021-11-18 18:48:58,285] {processor.py:637} INFO - DAG(s) dict_keys(['example_trigger_target_dag']) retrieved from /Users/sravanisigadam/PycharmProjects/Airflow/venv/lib/python3.9/site-packages/airflow/example_dags/example_trigger_target_dag.py
[2021-11-18 18:48:58,295] {logging_mixin.py:109} INFO - [2021-11-18 18:48:58,295] {dag.py:2396} INFO - Sync 1 DAGs
[2021-11-18 18:48:58,301] {logging_mixin.py:109} INFO - [2021-11-18 18:48:58,301] {dag.py:2928} INFO - Setting next_dagrun for example_trigger_target_dag to None
[2021-11-18 18:48:58,305] {processor.py:171} INFO - Processing /Users/sravanisigadam/PycharmProjects/Airflow/venv/lib/python3.9/site-packages/airflow/example_dags/example_trigger_target_dag.py took 0.055 seconds
[2021-11-18 18:49:50,476] {processor.py:163} INFO - Started process (PID=56244) to work on /Users/sravanisigadam/PycharmProjects/Airflow/venv/lib/python3.9/site-packages/airflow/example_dags/example_trigger_target_dag.py
[2021-11-18 18:49:50,477] {processor.py:625} INFO - Processing file /Users/sravanisigadam/PycharmProjects/Airflow/venv/lib/python3.9/site-packages/airflow/example_dags/example_trigger_target_dag.py for tasks to queue
[2021-11-18 18:49:50,477] {logging_mixin.py:109} INFO - [2021-11-18 18:49:50,477] {dagbag.py:500} INFO - Filling up the DagBag from /Users/sravanisigadam/PycharmProjects/Airflow/venv/lib/python3.9/site-packages/airflow/example_dags/example_trigger_target_dag.py
[2021-11-18 18:49:50,509] {processor.py:637} INFO - DAG(s) dict_keys(['example_trigger_target_dag']) retrieved from /Users/sravanisigadam/PycharmProjects/Airflow/venv/lib/python3.9/site-packages/airflow/example_dags/example_trigger_target_dag.py
[2021-11-18 18:49:50,519] {logging_mixin.py:109} INFO - [2021-11-18 18:49:50,519] {dag.py:2396} INFO - Sync 1 DAGs
[2021-11-18 18:49:50,525] {logging_mixin.py:109} INFO - [2021-11-18 18:49:50,525] {dag.py:2928} INFO - Setting next_dagrun for example_trigger_target_dag to None
[2021-11-18 18:49:50,529] {processor.py:171} INFO - Processing /Users/sravanisigadam/PycharmProjects/Airflow/venv/lib/python3.9/site-packages/airflow/example_dags/example_trigger_target_dag.py took 0.053 seconds
[2021-11-18 18:51:06,421] {processor.py:163} INFO - Started process (PID=56284) to work on /Users/sravanisigadam/PycharmProjects/Airflow/venv/lib/python3.9/site-packages/airflow/example_dags/example_trigger_target_dag.py
[2021-11-18 18:51:06,421] {processor.py:625} INFO - Processing file /Users/sravanisigadam/PycharmProjects/Airflow/venv/lib/python3.9/site-packages/airflow/example_dags/example_trigger_target_dag.py for tasks to queue
[2021-11-18 18:51:06,421] {logging_mixin.py:109} INFO - [2021-11-18 18:51:06,421] {dagbag.py:500} INFO - Filling up the DagBag from /Users/sravanisigadam/PycharmProjects/Airflow/venv/lib/python3.9/site-packages/airflow/example_dags/example_trigger_target_dag.py
[2021-11-18 18:51:06,455] {processor.py:637} INFO - DAG(s) dict_keys(['example_trigger_target_dag']) retrieved from /Users/sravanisigadam/PycharmProjects/Airflow/venv/lib/python3.9/site-packages/airflow/example_dags/example_trigger_target_dag.py
[2021-11-18 18:51:06,467] {logging_mixin.py:109} INFO - [2021-11-18 18:51:06,466] {dag.py:2396} INFO - Sync 1 DAGs
[2021-11-18 18:51:06,472] {logging_mixin.py:109} INFO - [2021-11-18 18:51:06,472] {dag.py:2928} INFO - Setting next_dagrun for example_trigger_target_dag to None
[2021-11-18 18:51:06,477] {processor.py:171} INFO - Processing /Users/sravanisigadam/PycharmProjects/Airflow/venv/lib/python3.9/site-packages/airflow/example_dags/example_trigger_target_dag.py took 0.056 seconds
[2021-11-18 18:52:24,521] {processor.py:163} INFO - Started process (PID=56327) to work on /Users/sravanisigadam/PycharmProjects/Airflow/venv/lib/python3.9/site-packages/airflow/example_dags/example_trigger_target_dag.py
[2021-11-18 18:52:24,522] {processor.py:625} INFO - Processing file /Users/sravanisigadam/PycharmProjects/Airflow/venv/lib/python3.9/site-packages/airflow/example_dags/example_trigger_target_dag.py for tasks to queue
[2021-11-18 18:52:24,523] {logging_mixin.py:109} INFO - [2021-11-18 18:52:24,523] {dagbag.py:500} INFO - Filling up the DagBag from /Users/sravanisigadam/PycharmProjects/Airflow/venv/lib/python3.9/site-packages/airflow/example_dags/example_trigger_target_dag.py
[2021-11-18 18:52:24,557] {processor.py:637} INFO - DAG(s) dict_keys(['example_trigger_target_dag']) retrieved from /Users/sravanisigadam/PycharmProjects/Airflow/venv/lib/python3.9/site-packages/airflow/example_dags/example_trigger_target_dag.py
[2021-11-18 18:52:24,568] {logging_mixin.py:109} INFO - [2021-11-18 18:52:24,568] {dag.py:2396} INFO - Sync 1 DAGs
[2021-11-18 18:52:24,574] {logging_mixin.py:109} INFO - [2021-11-18 18:52:24,574] {dag.py:2928} INFO - Setting next_dagrun for example_trigger_target_dag to None
[2021-11-18 18:52:24,578] {processor.py:171} INFO - Processing /Users/sravanisigadam/PycharmProjects/Airflow/venv/lib/python3.9/site-packages/airflow/example_dags/example_trigger_target_dag.py took 0.058 seconds
[2021-11-18 18:53:42,142] {processor.py:163} INFO - Started process (PID=56366) to work on /Users/sravanisigadam/PycharmProjects/Airflow/venv/lib/python3.9/site-packages/airflow/example_dags/example_trigger_target_dag.py
[2021-11-18 18:53:42,143] {processor.py:625} INFO - Processing file /Users/sravanisigadam/PycharmProjects/Airflow/venv/lib/python3.9/site-packages/airflow/example_dags/example_trigger_target_dag.py for tasks to queue
[2021-11-18 18:53:42,143] {logging_mixin.py:109} INFO - [2021-11-18 18:53:42,143] {dagbag.py:500} INFO - Filling up the DagBag from /Users/sravanisigadam/PycharmProjects/Airflow/venv/lib/python3.9/site-packages/airflow/example_dags/example_trigger_target_dag.py
[2021-11-18 18:53:42,177] {processor.py:637} INFO - DAG(s) dict_keys(['example_trigger_target_dag']) retrieved from /Users/sravanisigadam/PycharmProjects/Airflow/venv/lib/python3.9/site-packages/airflow/example_dags/example_trigger_target_dag.py
[2021-11-18 18:53:42,188] {logging_mixin.py:109} INFO - [2021-11-18 18:53:42,188] {dag.py:2396} INFO - Sync 1 DAGs
[2021-11-18 18:53:42,193] {logging_mixin.py:109} INFO - [2021-11-18 18:53:42,193] {dag.py:2928} INFO - Setting next_dagrun for example_trigger_target_dag to None
[2021-11-18 18:53:42,198] {processor.py:171} INFO - Processing /Users/sravanisigadam/PycharmProjects/Airflow/venv/lib/python3.9/site-packages/airflow/example_dags/example_trigger_target_dag.py took 0.056 seconds
[2021-11-18 18:55:00,714] {processor.py:163} INFO - Started process (PID=56407) to work on /Users/sravanisigadam/PycharmProjects/Airflow/venv/lib/python3.9/site-packages/airflow/example_dags/example_trigger_target_dag.py
[2021-11-18 18:55:00,715] {processor.py:625} INFO - Processing file /Users/sravanisigadam/PycharmProjects/Airflow/venv/lib/python3.9/site-packages/airflow/example_dags/example_trigger_target_dag.py for tasks to queue
[2021-11-18 18:55:00,715] {logging_mixin.py:109} INFO - [2021-11-18 18:55:00,715] {dagbag.py:500} INFO - Filling up the DagBag from /Users/sravanisigadam/PycharmProjects/Airflow/venv/lib/python3.9/site-packages/airflow/example_dags/example_trigger_target_dag.py
[2021-11-18 18:55:00,750] {processor.py:637} INFO - DAG(s) dict_keys(['example_trigger_target_dag']) retrieved from /Users/sravanisigadam/PycharmProjects/Airflow/venv/lib/python3.9/site-packages/airflow/example_dags/example_trigger_target_dag.py
[2021-11-18 18:55:00,759] {logging_mixin.py:109} INFO - [2021-11-18 18:55:00,759] {dag.py:2396} INFO - Sync 1 DAGs
[2021-11-18 18:55:00,765] {logging_mixin.py:109} INFO - [2021-11-18 18:55:00,765] {dag.py:2928} INFO - Setting next_dagrun for example_trigger_target_dag to None
[2021-11-18 18:55:00,769] {processor.py:171} INFO - Processing /Users/sravanisigadam/PycharmProjects/Airflow/venv/lib/python3.9/site-packages/airflow/example_dags/example_trigger_target_dag.py took 0.056 seconds
[2021-11-18 18:56:18,603] {processor.py:163} INFO - Started process (PID=56449) to work on /Users/sravanisigadam/PycharmProjects/Airflow/venv/lib/python3.9/site-packages/airflow/example_dags/example_trigger_target_dag.py
[2021-11-18 18:56:18,604] {processor.py:625} INFO - Processing file /Users/sravanisigadam/PycharmProjects/Airflow/venv/lib/python3.9/site-packages/airflow/example_dags/example_trigger_target_dag.py for tasks to queue
[2021-11-18 18:56:18,604] {logging_mixin.py:109} INFO - [2021-11-18 18:56:18,604] {dagbag.py:500} INFO - Filling up the DagBag from /Users/sravanisigadam/PycharmProjects/Airflow/venv/lib/python3.9/site-packages/airflow/example_dags/example_trigger_target_dag.py
[2021-11-18 18:56:18,640] {processor.py:637} INFO - DAG(s) dict_keys(['example_trigger_target_dag']) retrieved from /Users/sravanisigadam/PycharmProjects/Airflow/venv/lib/python3.9/site-packages/airflow/example_dags/example_trigger_target_dag.py
[2021-11-18 18:56:18,651] {logging_mixin.py:109} INFO - [2021-11-18 18:56:18,651] {dag.py:2396} INFO - Sync 1 DAGs
[2021-11-18 18:56:18,657] {logging_mixin.py:109} INFO - [2021-11-18 18:56:18,657] {dag.py:2928} INFO - Setting next_dagrun for example_trigger_target_dag to None
[2021-11-18 18:56:18,662] {processor.py:171} INFO - Processing /Users/sravanisigadam/PycharmProjects/Airflow/venv/lib/python3.9/site-packages/airflow/example_dags/example_trigger_target_dag.py took 0.059 seconds
[2021-11-18 18:57:37,248] {processor.py:163} INFO - Started process (PID=56491) to work on /Users/sravanisigadam/PycharmProjects/Airflow/venv/lib/python3.9/site-packages/airflow/example_dags/example_trigger_target_dag.py
[2021-11-18 18:57:37,249] {processor.py:625} INFO - Processing file /Users/sravanisigadam/PycharmProjects/Airflow/venv/lib/python3.9/site-packages/airflow/example_dags/example_trigger_target_dag.py for tasks to queue
[2021-11-18 18:57:37,249] {logging_mixin.py:109} INFO - [2021-11-18 18:57:37,249] {dagbag.py:500} INFO - Filling up the DagBag from /Users/sravanisigadam/PycharmProjects/Airflow/venv/lib/python3.9/site-packages/airflow/example_dags/example_trigger_target_dag.py
[2021-11-18 18:57:37,284] {processor.py:637} INFO - DAG(s) dict_keys(['example_trigger_target_dag']) retrieved from /Users/sravanisigadam/PycharmProjects/Airflow/venv/lib/python3.9/site-packages/airflow/example_dags/example_trigger_target_dag.py
[2021-11-18 18:57:37,294] {logging_mixin.py:109} INFO - [2021-11-18 18:57:37,294] {dag.py:2396} INFO - Sync 1 DAGs
[2021-11-18 18:57:37,300] {logging_mixin.py:109} INFO - [2021-11-18 18:57:37,300] {dag.py:2928} INFO - Setting next_dagrun for example_trigger_target_dag to None
[2021-11-18 18:57:37,305] {processor.py:171} INFO - Processing /Users/sravanisigadam/PycharmProjects/Airflow/venv/lib/python3.9/site-packages/airflow/example_dags/example_trigger_target_dag.py took 0.057 seconds
[2021-11-18 18:58:54,853] {processor.py:163} INFO - Started process (PID=56539) to work on /Users/sravanisigadam/PycharmProjects/Airflow/venv/lib/python3.9/site-packages/airflow/example_dags/example_trigger_target_dag.py
[2021-11-18 18:58:54,854] {processor.py:625} INFO - Processing file /Users/sravanisigadam/PycharmProjects/Airflow/venv/lib/python3.9/site-packages/airflow/example_dags/example_trigger_target_dag.py for tasks to queue
[2021-11-18 18:58:54,854] {logging_mixin.py:109} INFO - [2021-11-18 18:58:54,854] {dagbag.py:500} INFO - Filling up the DagBag from /Users/sravanisigadam/PycharmProjects/Airflow/venv/lib/python3.9/site-packages/airflow/example_dags/example_trigger_target_dag.py
[2021-11-18 18:58:54,888] {processor.py:637} INFO - DAG(s) dict_keys(['example_trigger_target_dag']) retrieved from /Users/sravanisigadam/PycharmProjects/Airflow/venv/lib/python3.9/site-packages/airflow/example_dags/example_trigger_target_dag.py
[2021-11-18 18:58:54,899] {logging_mixin.py:109} INFO - [2021-11-18 18:58:54,899] {dag.py:2396} INFO - Sync 1 DAGs
[2021-11-18 18:58:54,904] {logging_mixin.py:109} INFO - [2021-11-18 18:58:54,904] {dag.py:2928} INFO - Setting next_dagrun for example_trigger_target_dag to None
[2021-11-18 18:58:54,909] {processor.py:171} INFO - Processing /Users/sravanisigadam/PycharmProjects/Airflow/venv/lib/python3.9/site-packages/airflow/example_dags/example_trigger_target_dag.py took 0.056 seconds
[2021-11-18 19:00:15,635] {processor.py:163} INFO - Started process (PID=56581) to work on /Users/sravanisigadam/PycharmProjects/Airflow/venv/lib/python3.9/site-packages/airflow/example_dags/example_trigger_target_dag.py
[2021-11-18 19:00:15,635] {processor.py:625} INFO - Processing file /Users/sravanisigadam/PycharmProjects/Airflow/venv/lib/python3.9/site-packages/airflow/example_dags/example_trigger_target_dag.py for tasks to queue
[2021-11-18 19:00:15,635] {logging_mixin.py:109} INFO - [2021-11-18 19:00:15,635] {dagbag.py:500} INFO - Filling up the DagBag from /Users/sravanisigadam/PycharmProjects/Airflow/venv/lib/python3.9/site-packages/airflow/example_dags/example_trigger_target_dag.py
[2021-11-18 19:00:15,668] {processor.py:637} INFO - DAG(s) dict_keys(['example_trigger_target_dag']) retrieved from /Users/sravanisigadam/PycharmProjects/Airflow/venv/lib/python3.9/site-packages/airflow/example_dags/example_trigger_target_dag.py
[2021-11-18 19:00:15,679] {logging_mixin.py:109} INFO - [2021-11-18 19:00:15,679] {dag.py:2396} INFO - Sync 1 DAGs
[2021-11-18 19:00:15,685] {logging_mixin.py:109} INFO - [2021-11-18 19:00:15,685] {dag.py:2928} INFO - Setting next_dagrun for example_trigger_target_dag to None
[2021-11-18 19:00:15,689] {processor.py:171} INFO - Processing /Users/sravanisigadam/PycharmProjects/Airflow/venv/lib/python3.9/site-packages/airflow/example_dags/example_trigger_target_dag.py took 0.055 seconds
[2021-11-18 19:01:33,518] {processor.py:163} INFO - Started process (PID=56629) to work on /Users/sravanisigadam/PycharmProjects/Airflow/venv/lib/python3.9/site-packages/airflow/example_dags/example_trigger_target_dag.py
[2021-11-18 19:01:33,520] {processor.py:625} INFO - Processing file /Users/sravanisigadam/PycharmProjects/Airflow/venv/lib/python3.9/site-packages/airflow/example_dags/example_trigger_target_dag.py for tasks to queue
[2021-11-18 19:01:33,520] {logging_mixin.py:109} INFO - [2021-11-18 19:01:33,520] {dagbag.py:500} INFO - Filling up the DagBag from /Users/sravanisigadam/PycharmProjects/Airflow/venv/lib/python3.9/site-packages/airflow/example_dags/example_trigger_target_dag.py
[2021-11-18 19:01:33,553] {processor.py:637} INFO - DAG(s) dict_keys(['example_trigger_target_dag']) retrieved from /Users/sravanisigadam/PycharmProjects/Airflow/venv/lib/python3.9/site-packages/airflow/example_dags/example_trigger_target_dag.py
[2021-11-18 19:01:33,563] {logging_mixin.py:109} INFO - [2021-11-18 19:01:33,562] {dag.py:2396} INFO - Sync 1 DAGs
[2021-11-18 19:01:33,568] {logging_mixin.py:109} INFO - [2021-11-18 19:01:33,568] {dag.py:2928} INFO - Setting next_dagrun for example_trigger_target_dag to None
[2021-11-18 19:01:33,573] {processor.py:171} INFO - Processing /Users/sravanisigadam/PycharmProjects/Airflow/venv/lib/python3.9/site-packages/airflow/example_dags/example_trigger_target_dag.py took 0.054 seconds
[2021-11-18 19:02:51,667] {processor.py:163} INFO - Started process (PID=56671) to work on /Users/sravanisigadam/PycharmProjects/Airflow/venv/lib/python3.9/site-packages/airflow/example_dags/example_trigger_target_dag.py
[2021-11-18 19:02:51,668] {processor.py:625} INFO - Processing file /Users/sravanisigadam/PycharmProjects/Airflow/venv/lib/python3.9/site-packages/airflow/example_dags/example_trigger_target_dag.py for tasks to queue
[2021-11-18 19:02:51,668] {logging_mixin.py:109} INFO - [2021-11-18 19:02:51,668] {dagbag.py:500} INFO - Filling up the DagBag from /Users/sravanisigadam/PycharmProjects/Airflow/venv/lib/python3.9/site-packages/airflow/example_dags/example_trigger_target_dag.py
[2021-11-18 19:02:51,702] {processor.py:637} INFO - DAG(s) dict_keys(['example_trigger_target_dag']) retrieved from /Users/sravanisigadam/PycharmProjects/Airflow/venv/lib/python3.9/site-packages/airflow/example_dags/example_trigger_target_dag.py
[2021-11-18 19:02:51,712] {logging_mixin.py:109} INFO - [2021-11-18 19:02:51,712] {dag.py:2396} INFO - Sync 1 DAGs
[2021-11-18 19:02:51,717] {logging_mixin.py:109} INFO - [2021-11-18 19:02:51,717] {dag.py:2928} INFO - Setting next_dagrun for example_trigger_target_dag to None
[2021-11-18 19:02:51,722] {processor.py:171} INFO - Processing /Users/sravanisigadam/PycharmProjects/Airflow/venv/lib/python3.9/site-packages/airflow/example_dags/example_trigger_target_dag.py took 0.055 seconds
[2021-11-18 19:04:09,280] {processor.py:163} INFO - Started process (PID=56719) to work on /Users/sravanisigadam/PycharmProjects/Airflow/venv/lib/python3.9/site-packages/airflow/example_dags/example_trigger_target_dag.py
[2021-11-18 19:04:09,281] {processor.py:625} INFO - Processing file /Users/sravanisigadam/PycharmProjects/Airflow/venv/lib/python3.9/site-packages/airflow/example_dags/example_trigger_target_dag.py for tasks to queue
[2021-11-18 19:04:09,281] {logging_mixin.py:109} INFO - [2021-11-18 19:04:09,281] {dagbag.py:500} INFO - Filling up the DagBag from /Users/sravanisigadam/PycharmProjects/Airflow/venv/lib/python3.9/site-packages/airflow/example_dags/example_trigger_target_dag.py
[2021-11-18 19:04:09,315] {processor.py:637} INFO - DAG(s) dict_keys(['example_trigger_target_dag']) retrieved from /Users/sravanisigadam/PycharmProjects/Airflow/venv/lib/python3.9/site-packages/airflow/example_dags/example_trigger_target_dag.py
[2021-11-18 19:04:09,324] {logging_mixin.py:109} INFO - [2021-11-18 19:04:09,324] {dag.py:2396} INFO - Sync 1 DAGs
[2021-11-18 19:04:09,330] {logging_mixin.py:109} INFO - [2021-11-18 19:04:09,330] {dag.py:2928} INFO - Setting next_dagrun for example_trigger_target_dag to None
[2021-11-18 19:04:09,335] {processor.py:171} INFO - Processing /Users/sravanisigadam/PycharmProjects/Airflow/venv/lib/python3.9/site-packages/airflow/example_dags/example_trigger_target_dag.py took 0.055 seconds
[2021-11-18 19:05:27,917] {processor.py:163} INFO - Started process (PID=56770) to work on /Users/sravanisigadam/PycharmProjects/Airflow/venv/lib/python3.9/site-packages/airflow/example_dags/example_trigger_target_dag.py
[2021-11-18 19:05:27,918] {processor.py:625} INFO - Processing file /Users/sravanisigadam/PycharmProjects/Airflow/venv/lib/python3.9/site-packages/airflow/example_dags/example_trigger_target_dag.py for tasks to queue
[2021-11-18 19:05:27,918] {logging_mixin.py:109} INFO - [2021-11-18 19:05:27,918] {dagbag.py:500} INFO - Filling up the DagBag from /Users/sravanisigadam/PycharmProjects/Airflow/venv/lib/python3.9/site-packages/airflow/example_dags/example_trigger_target_dag.py
[2021-11-18 19:05:27,958] {processor.py:637} INFO - DAG(s) dict_keys(['example_trigger_target_dag']) retrieved from /Users/sravanisigadam/PycharmProjects/Airflow/venv/lib/python3.9/site-packages/airflow/example_dags/example_trigger_target_dag.py
[2021-11-18 19:05:27,970] {logging_mixin.py:109} INFO - [2021-11-18 19:05:27,970] {dag.py:2396} INFO - Sync 1 DAGs
[2021-11-18 19:05:27,976] {logging_mixin.py:109} INFO - [2021-11-18 19:05:27,976] {dag.py:2928} INFO - Setting next_dagrun for example_trigger_target_dag to None
[2021-11-18 19:05:27,981] {processor.py:171} INFO - Processing /Users/sravanisigadam/PycharmProjects/Airflow/venv/lib/python3.9/site-packages/airflow/example_dags/example_trigger_target_dag.py took 0.064 seconds
[2021-11-18 19:06:47,473] {processor.py:163} INFO - Started process (PID=56839) to work on /Users/sravanisigadam/PycharmProjects/Airflow/venv/lib/python3.9/site-packages/airflow/example_dags/example_trigger_target_dag.py
[2021-11-18 19:06:47,474] {processor.py:625} INFO - Processing file /Users/sravanisigadam/PycharmProjects/Airflow/venv/lib/python3.9/site-packages/airflow/example_dags/example_trigger_target_dag.py for tasks to queue
[2021-11-18 19:06:47,474] {logging_mixin.py:109} INFO - [2021-11-18 19:06:47,474] {dagbag.py:500} INFO - Filling up the DagBag from /Users/sravanisigadam/PycharmProjects/Airflow/venv/lib/python3.9/site-packages/airflow/example_dags/example_trigger_target_dag.py
[2021-11-18 19:06:47,509] {processor.py:637} INFO - DAG(s) dict_keys(['example_trigger_target_dag']) retrieved from /Users/sravanisigadam/PycharmProjects/Airflow/venv/lib/python3.9/site-packages/airflow/example_dags/example_trigger_target_dag.py
[2021-11-18 19:06:47,519] {logging_mixin.py:109} INFO - [2021-11-18 19:06:47,519] {dag.py:2396} INFO - Sync 1 DAGs
[2021-11-18 19:06:47,525] {logging_mixin.py:109} INFO - [2021-11-18 19:06:47,524] {dag.py:2928} INFO - Setting next_dagrun for example_trigger_target_dag to None
[2021-11-18 19:06:47,529] {processor.py:171} INFO - Processing /Users/sravanisigadam/PycharmProjects/Airflow/venv/lib/python3.9/site-packages/airflow/example_dags/example_trigger_target_dag.py took 0.057 seconds
[2021-11-18 19:08:05,351] {processor.py:163} INFO - Started process (PID=56913) to work on /Users/sravanisigadam/PycharmProjects/Airflow/venv/lib/python3.9/site-packages/airflow/example_dags/example_trigger_target_dag.py
[2021-11-18 19:08:05,352] {processor.py:625} INFO - Processing file /Users/sravanisigadam/PycharmProjects/Airflow/venv/lib/python3.9/site-packages/airflow/example_dags/example_trigger_target_dag.py for tasks to queue
[2021-11-18 19:08:05,352] {logging_mixin.py:109} INFO - [2021-11-18 19:08:05,352] {dagbag.py:500} INFO - Filling up the DagBag from /Users/sravanisigadam/PycharmProjects/Airflow/venv/lib/python3.9/site-packages/airflow/example_dags/example_trigger_target_dag.py
[2021-11-18 19:08:05,387] {processor.py:637} INFO - DAG(s) dict_keys(['example_trigger_target_dag']) retrieved from /Users/sravanisigadam/PycharmProjects/Airflow/venv/lib/python3.9/site-packages/airflow/example_dags/example_trigger_target_dag.py
[2021-11-18 19:08:05,401] {logging_mixin.py:109} INFO - [2021-11-18 19:08:05,401] {dag.py:2396} INFO - Sync 1 DAGs
[2021-11-18 19:08:05,410] {logging_mixin.py:109} INFO - [2021-11-18 19:08:05,410] {dag.py:2928} INFO - Setting next_dagrun for example_trigger_target_dag to None
[2021-11-18 19:08:05,419] {processor.py:171} INFO - Processing /Users/sravanisigadam/PycharmProjects/Airflow/venv/lib/python3.9/site-packages/airflow/example_dags/example_trigger_target_dag.py took 0.068 seconds
[2021-11-18 19:09:24,060] {processor.py:163} INFO - Started process (PID=56958) to work on /Users/sravanisigadam/PycharmProjects/Airflow/venv/lib/python3.9/site-packages/airflow/example_dags/example_trigger_target_dag.py
[2021-11-18 19:09:24,060] {processor.py:625} INFO - Processing file /Users/sravanisigadam/PycharmProjects/Airflow/venv/lib/python3.9/site-packages/airflow/example_dags/example_trigger_target_dag.py for tasks to queue
[2021-11-18 19:09:24,060] {logging_mixin.py:109} INFO - [2021-11-18 19:09:24,060] {dagbag.py:500} INFO - Filling up the DagBag from /Users/sravanisigadam/PycharmProjects/Airflow/venv/lib/python3.9/site-packages/airflow/example_dags/example_trigger_target_dag.py
[2021-11-18 19:09:24,097] {processor.py:637} INFO - DAG(s) dict_keys(['example_trigger_target_dag']) retrieved from /Users/sravanisigadam/PycharmProjects/Airflow/venv/lib/python3.9/site-packages/airflow/example_dags/example_trigger_target_dag.py
[2021-11-18 19:09:24,107] {logging_mixin.py:109} INFO - [2021-11-18 19:09:24,107] {dag.py:2396} INFO - Sync 1 DAGs
[2021-11-18 19:09:24,113] {logging_mixin.py:109} INFO - [2021-11-18 19:09:24,113] {dag.py:2928} INFO - Setting next_dagrun for example_trigger_target_dag to None
[2021-11-18 19:09:24,118] {processor.py:171} INFO - Processing /Users/sravanisigadam/PycharmProjects/Airflow/venv/lib/python3.9/site-packages/airflow/example_dags/example_trigger_target_dag.py took 0.058 seconds
[2021-11-18 19:10:44,461] {processor.py:163} INFO - Started process (PID=57004) to work on /Users/sravanisigadam/PycharmProjects/Airflow/venv/lib/python3.9/site-packages/airflow/example_dags/example_trigger_target_dag.py
[2021-11-18 19:10:44,461] {processor.py:625} INFO - Processing file /Users/sravanisigadam/PycharmProjects/Airflow/venv/lib/python3.9/site-packages/airflow/example_dags/example_trigger_target_dag.py for tasks to queue
[2021-11-18 19:10:44,461] {logging_mixin.py:109} INFO - [2021-11-18 19:10:44,461] {dagbag.py:500} INFO - Filling up the DagBag from /Users/sravanisigadam/PycharmProjects/Airflow/venv/lib/python3.9/site-packages/airflow/example_dags/example_trigger_target_dag.py
[2021-11-18 19:10:44,495] {processor.py:637} INFO - DAG(s) dict_keys(['example_trigger_target_dag']) retrieved from /Users/sravanisigadam/PycharmProjects/Airflow/venv/lib/python3.9/site-packages/airflow/example_dags/example_trigger_target_dag.py
[2021-11-18 19:10:44,505] {logging_mixin.py:109} INFO - [2021-11-18 19:10:44,505] {dag.py:2396} INFO - Sync 1 DAGs
[2021-11-18 19:10:44,511] {logging_mixin.py:109} INFO - [2021-11-18 19:10:44,511] {dag.py:2928} INFO - Setting next_dagrun for example_trigger_target_dag to None
[2021-11-18 19:10:44,516] {processor.py:171} INFO - Processing /Users/sravanisigadam/PycharmProjects/Airflow/venv/lib/python3.9/site-packages/airflow/example_dags/example_trigger_target_dag.py took 0.056 seconds
[2021-11-18 19:12:04,653] {processor.py:163} INFO - Started process (PID=57054) to work on /Users/sravanisigadam/PycharmProjects/Airflow/venv/lib/python3.9/site-packages/airflow/example_dags/example_trigger_target_dag.py
[2021-11-18 19:12:04,654] {processor.py:625} INFO - Processing file /Users/sravanisigadam/PycharmProjects/Airflow/venv/lib/python3.9/site-packages/airflow/example_dags/example_trigger_target_dag.py for tasks to queue
[2021-11-18 19:12:04,655] {logging_mixin.py:109} INFO - [2021-11-18 19:12:04,655] {dagbag.py:500} INFO - Filling up the DagBag from /Users/sravanisigadam/PycharmProjects/Airflow/venv/lib/python3.9/site-packages/airflow/example_dags/example_trigger_target_dag.py
[2021-11-18 19:12:04,687] {processor.py:637} INFO - DAG(s) dict_keys(['example_trigger_target_dag']) retrieved from /Users/sravanisigadam/PycharmProjects/Airflow/venv/lib/python3.9/site-packages/airflow/example_dags/example_trigger_target_dag.py
[2021-11-18 19:12:04,697] {logging_mixin.py:109} INFO - [2021-11-18 19:12:04,697] {dag.py:2396} INFO - Sync 1 DAGs
[2021-11-18 19:12:04,703] {logging_mixin.py:109} INFO - [2021-11-18 19:12:04,703] {dag.py:2928} INFO - Setting next_dagrun for example_trigger_target_dag to None
[2021-11-18 19:12:04,707] {processor.py:171} INFO - Processing /Users/sravanisigadam/PycharmProjects/Airflow/venv/lib/python3.9/site-packages/airflow/example_dags/example_trigger_target_dag.py took 0.054 seconds
[2021-11-18 19:13:26,966] {processor.py:163} INFO - Started process (PID=57123) to work on /Users/sravanisigadam/PycharmProjects/Airflow/venv/lib/python3.9/site-packages/airflow/example_dags/example_trigger_target_dag.py
[2021-11-18 19:13:26,967] {processor.py:625} INFO - Processing file /Users/sravanisigadam/PycharmProjects/Airflow/venv/lib/python3.9/site-packages/airflow/example_dags/example_trigger_target_dag.py for tasks to queue
[2021-11-18 19:13:26,968] {logging_mixin.py:109} INFO - [2021-11-18 19:13:26,968] {dagbag.py:500} INFO - Filling up the DagBag from /Users/sravanisigadam/PycharmProjects/Airflow/venv/lib/python3.9/site-packages/airflow/example_dags/example_trigger_target_dag.py
[2021-11-18 19:13:27,002] {processor.py:637} INFO - DAG(s) dict_keys(['example_trigger_target_dag']) retrieved from /Users/sravanisigadam/PycharmProjects/Airflow/venv/lib/python3.9/site-packages/airflow/example_dags/example_trigger_target_dag.py
[2021-11-18 19:13:27,012] {logging_mixin.py:109} INFO - [2021-11-18 19:13:27,012] {dag.py:2396} INFO - Sync 1 DAGs
[2021-11-18 19:13:27,019] {logging_mixin.py:109} INFO - [2021-11-18 19:13:27,019] {dag.py:2928} INFO - Setting next_dagrun for example_trigger_target_dag to None
[2021-11-18 19:13:27,023] {processor.py:171} INFO - Processing /Users/sravanisigadam/PycharmProjects/Airflow/venv/lib/python3.9/site-packages/airflow/example_dags/example_trigger_target_dag.py took 0.057 seconds
[2021-11-18 19:14:47,772] {processor.py:163} INFO - Started process (PID=57178) to work on /Users/sravanisigadam/PycharmProjects/Airflow/venv/lib/python3.9/site-packages/airflow/example_dags/example_trigger_target_dag.py
[2021-11-18 19:14:47,773] {processor.py:625} INFO - Processing file /Users/sravanisigadam/PycharmProjects/Airflow/venv/lib/python3.9/site-packages/airflow/example_dags/example_trigger_target_dag.py for tasks to queue
[2021-11-18 19:14:47,773] {logging_mixin.py:109} INFO - [2021-11-18 19:14:47,773] {dagbag.py:500} INFO - Filling up the DagBag from /Users/sravanisigadam/PycharmProjects/Airflow/venv/lib/python3.9/site-packages/airflow/example_dags/example_trigger_target_dag.py
[2021-11-18 19:14:47,807] {processor.py:637} INFO - DAG(s) dict_keys(['example_trigger_target_dag']) retrieved from /Users/sravanisigadam/PycharmProjects/Airflow/venv/lib/python3.9/site-packages/airflow/example_dags/example_trigger_target_dag.py
[2021-11-18 19:14:47,817] {logging_mixin.py:109} INFO - [2021-11-18 19:14:47,817] {dag.py:2396} INFO - Sync 1 DAGs
[2021-11-18 19:14:47,823] {logging_mixin.py:109} INFO - [2021-11-18 19:14:47,823] {dag.py:2928} INFO - Setting next_dagrun for example_trigger_target_dag to None
[2021-11-18 19:14:47,828] {processor.py:171} INFO - Processing /Users/sravanisigadam/PycharmProjects/Airflow/venv/lib/python3.9/site-packages/airflow/example_dags/example_trigger_target_dag.py took 0.056 seconds
