[2021-11-18 18:24:47,052] {processor.py:163} INFO - Started process (PID=55615) to work on /Users/sravanisigadam/PycharmProjects/Airflow/venv/lib/python3.9/site-packages/airflow/example_dags/example_branch_day_of_week_operator.py
[2021-11-18 18:24:47,052] {processor.py:625} INFO - Processing file /Users/sravanisigadam/PycharmProjects/Airflow/venv/lib/python3.9/site-packages/airflow/example_dags/example_branch_day_of_week_operator.py for tasks to queue
[2021-11-18 18:24:47,053] {logging_mixin.py:109} INFO - [2021-11-18 18:24:47,053] {dagbag.py:500} INFO - Filling up the DagBag from /Users/sravanisigadam/PycharmProjects/Airflow/venv/lib/python3.9/site-packages/airflow/example_dags/example_branch_day_of_week_operator.py
[2021-11-18 18:24:47,076] {processor.py:637} INFO - DAG(s) dict_keys(['example_weekday_branch_operator']) retrieved from /Users/sravanisigadam/PycharmProjects/Airflow/venv/lib/python3.9/site-packages/airflow/example_dags/example_branch_day_of_week_operator.py
[2021-11-18 18:24:47,086] {logging_mixin.py:109} INFO - [2021-11-18 18:24:47,086] {dag.py:2396} INFO - Sync 1 DAGs
[2021-11-18 18:24:47,092] {logging_mixin.py:109} INFO - [2021-11-18 18:24:47,092] {dag.py:2928} INFO - Setting next_dagrun for example_weekday_branch_operator to 2021-11-18 00:00:00+00:00
[2021-11-18 18:24:47,096] {processor.py:171} INFO - Processing /Users/sravanisigadam/PycharmProjects/Airflow/venv/lib/python3.9/site-packages/airflow/example_dags/example_branch_day_of_week_operator.py took 0.045 seconds
[2021-11-18 18:26:06,620] {processor.py:163} INFO - Started process (PID=55761) to work on /Users/sravanisigadam/PycharmProjects/Airflow/venv/lib/python3.9/site-packages/airflow/example_dags/example_branch_day_of_week_operator.py
[2021-11-18 18:26:06,621] {processor.py:625} INFO - Processing file /Users/sravanisigadam/PycharmProjects/Airflow/venv/lib/python3.9/site-packages/airflow/example_dags/example_branch_day_of_week_operator.py for tasks to queue
[2021-11-18 18:26:06,621] {logging_mixin.py:109} INFO - [2021-11-18 18:26:06,621] {dagbag.py:500} INFO - Filling up the DagBag from /Users/sravanisigadam/PycharmProjects/Airflow/venv/lib/python3.9/site-packages/airflow/example_dags/example_branch_day_of_week_operator.py
[2021-11-18 18:26:06,648] {processor.py:637} INFO - DAG(s) dict_keys(['example_weekday_branch_operator']) retrieved from /Users/sravanisigadam/PycharmProjects/Airflow/venv/lib/python3.9/site-packages/airflow/example_dags/example_branch_day_of_week_operator.py
[2021-11-18 18:26:06,660] {logging_mixin.py:109} INFO - [2021-11-18 18:26:06,660] {dag.py:2396} INFO - Sync 1 DAGs
[2021-11-18 18:26:06,667] {logging_mixin.py:109} INFO - [2021-11-18 18:26:06,666] {dag.py:2928} INFO - Setting next_dagrun for example_weekday_branch_operator to 2021-11-18 00:00:00+00:00
[2021-11-18 18:26:06,672] {processor.py:171} INFO - Processing /Users/sravanisigadam/PycharmProjects/Airflow/venv/lib/python3.9/site-packages/airflow/example_dags/example_branch_day_of_week_operator.py took 0.052 seconds
[2021-11-18 18:27:26,795] {processor.py:163} INFO - Started process (PID=55833) to work on /Users/sravanisigadam/PycharmProjects/Airflow/venv/lib/python3.9/site-packages/airflow/example_dags/example_branch_day_of_week_operator.py
[2021-11-18 18:27:26,796] {processor.py:625} INFO - Processing file /Users/sravanisigadam/PycharmProjects/Airflow/venv/lib/python3.9/site-packages/airflow/example_dags/example_branch_day_of_week_operator.py for tasks to queue
[2021-11-18 18:27:26,796] {logging_mixin.py:109} INFO - [2021-11-18 18:27:26,796] {dagbag.py:500} INFO - Filling up the DagBag from /Users/sravanisigadam/PycharmProjects/Airflow/venv/lib/python3.9/site-packages/airflow/example_dags/example_branch_day_of_week_operator.py
[2021-11-18 18:27:26,824] {processor.py:637} INFO - DAG(s) dict_keys(['example_weekday_branch_operator']) retrieved from /Users/sravanisigadam/PycharmProjects/Airflow/venv/lib/python3.9/site-packages/airflow/example_dags/example_branch_day_of_week_operator.py
[2021-11-18 18:27:26,835] {logging_mixin.py:109} INFO - [2021-11-18 18:27:26,835] {dag.py:2396} INFO - Sync 1 DAGs
[2021-11-18 18:27:26,842] {logging_mixin.py:109} INFO - [2021-11-18 18:27:26,841] {dag.py:2928} INFO - Setting next_dagrun for example_weekday_branch_operator to 2021-11-18 00:00:00+00:00
[2021-11-18 18:27:26,846] {processor.py:171} INFO - Processing /Users/sravanisigadam/PycharmProjects/Airflow/venv/lib/python3.9/site-packages/airflow/example_dags/example_branch_day_of_week_operator.py took 0.051 seconds
[2021-11-18 18:28:46,952] {processor.py:163} INFO - Started process (PID=55899) to work on /Users/sravanisigadam/PycharmProjects/Airflow/venv/lib/python3.9/site-packages/airflow/example_dags/example_branch_day_of_week_operator.py
[2021-11-18 18:28:46,953] {processor.py:625} INFO - Processing file /Users/sravanisigadam/PycharmProjects/Airflow/venv/lib/python3.9/site-packages/airflow/example_dags/example_branch_day_of_week_operator.py for tasks to queue
[2021-11-18 18:28:46,953] {logging_mixin.py:109} INFO - [2021-11-18 18:28:46,953] {dagbag.py:500} INFO - Filling up the DagBag from /Users/sravanisigadam/PycharmProjects/Airflow/venv/lib/python3.9/site-packages/airflow/example_dags/example_branch_day_of_week_operator.py
[2021-11-18 18:28:46,977] {processor.py:637} INFO - DAG(s) dict_keys(['example_weekday_branch_operator']) retrieved from /Users/sravanisigadam/PycharmProjects/Airflow/venv/lib/python3.9/site-packages/airflow/example_dags/example_branch_day_of_week_operator.py
[2021-11-18 18:28:46,987] {logging_mixin.py:109} INFO - [2021-11-18 18:28:46,987] {dag.py:2396} INFO - Sync 1 DAGs
[2021-11-18 18:28:46,993] {logging_mixin.py:109} INFO - [2021-11-18 18:28:46,992] {dag.py:2928} INFO - Setting next_dagrun for example_weekday_branch_operator to 2021-11-18 00:00:00+00:00
[2021-11-18 18:28:46,997] {processor.py:171} INFO - Processing /Users/sravanisigadam/PycharmProjects/Airflow/venv/lib/python3.9/site-packages/airflow/example_dags/example_branch_day_of_week_operator.py took 0.045 seconds
[2021-11-18 18:30:06,993] {processor.py:163} INFO - Started process (PID=55939) to work on /Users/sravanisigadam/PycharmProjects/Airflow/venv/lib/python3.9/site-packages/airflow/example_dags/example_branch_day_of_week_operator.py
[2021-11-18 18:30:06,994] {processor.py:625} INFO - Processing file /Users/sravanisigadam/PycharmProjects/Airflow/venv/lib/python3.9/site-packages/airflow/example_dags/example_branch_day_of_week_operator.py for tasks to queue
[2021-11-18 18:30:06,994] {logging_mixin.py:109} INFO - [2021-11-18 18:30:06,994] {dagbag.py:500} INFO - Filling up the DagBag from /Users/sravanisigadam/PycharmProjects/Airflow/venv/lib/python3.9/site-packages/airflow/example_dags/example_branch_day_of_week_operator.py
[2021-11-18 18:30:07,018] {processor.py:637} INFO - DAG(s) dict_keys(['example_weekday_branch_operator']) retrieved from /Users/sravanisigadam/PycharmProjects/Airflow/venv/lib/python3.9/site-packages/airflow/example_dags/example_branch_day_of_week_operator.py
[2021-11-18 18:30:07,028] {logging_mixin.py:109} INFO - [2021-11-18 18:30:07,028] {dag.py:2396} INFO - Sync 1 DAGs
[2021-11-18 18:30:07,033] {logging_mixin.py:109} INFO - [2021-11-18 18:30:07,033] {dag.py:2928} INFO - Setting next_dagrun for example_weekday_branch_operator to 2021-11-18 00:00:00+00:00
[2021-11-18 18:30:07,039] {processor.py:171} INFO - Processing /Users/sravanisigadam/PycharmProjects/Airflow/venv/lib/python3.9/site-packages/airflow/example_dags/example_branch_day_of_week_operator.py took 0.046 seconds
[2021-11-18 18:31:27,110] {processor.py:163} INFO - Started process (PID=55979) to work on /Users/sravanisigadam/PycharmProjects/Airflow/venv/lib/python3.9/site-packages/airflow/example_dags/example_branch_day_of_week_operator.py
[2021-11-18 18:31:27,110] {processor.py:625} INFO - Processing file /Users/sravanisigadam/PycharmProjects/Airflow/venv/lib/python3.9/site-packages/airflow/example_dags/example_branch_day_of_week_operator.py for tasks to queue
[2021-11-18 18:31:27,110] {logging_mixin.py:109} INFO - [2021-11-18 18:31:27,110] {dagbag.py:500} INFO - Filling up the DagBag from /Users/sravanisigadam/PycharmProjects/Airflow/venv/lib/python3.9/site-packages/airflow/example_dags/example_branch_day_of_week_operator.py
[2021-11-18 18:31:27,134] {processor.py:637} INFO - DAG(s) dict_keys(['example_weekday_branch_operator']) retrieved from /Users/sravanisigadam/PycharmProjects/Airflow/venv/lib/python3.9/site-packages/airflow/example_dags/example_branch_day_of_week_operator.py
[2021-11-18 18:31:27,144] {logging_mixin.py:109} INFO - [2021-11-18 18:31:27,144] {dag.py:2396} INFO - Sync 1 DAGs
[2021-11-18 18:31:27,150] {logging_mixin.py:109} INFO - [2021-11-18 18:31:27,150] {dag.py:2928} INFO - Setting next_dagrun for example_weekday_branch_operator to 2021-11-18 00:00:00+00:00
[2021-11-18 18:31:27,155] {processor.py:171} INFO - Processing /Users/sravanisigadam/PycharmProjects/Airflow/venv/lib/python3.9/site-packages/airflow/example_dags/example_branch_day_of_week_operator.py took 0.045 seconds
[2021-11-18 18:32:47,255] {processor.py:163} INFO - Started process (PID=56026) to work on /Users/sravanisigadam/PycharmProjects/Airflow/venv/lib/python3.9/site-packages/airflow/example_dags/example_branch_day_of_week_operator.py
[2021-11-18 18:32:47,255] {processor.py:625} INFO - Processing file /Users/sravanisigadam/PycharmProjects/Airflow/venv/lib/python3.9/site-packages/airflow/example_dags/example_branch_day_of_week_operator.py for tasks to queue
[2021-11-18 18:32:47,255] {logging_mixin.py:109} INFO - [2021-11-18 18:32:47,255] {dagbag.py:500} INFO - Filling up the DagBag from /Users/sravanisigadam/PycharmProjects/Airflow/venv/lib/python3.9/site-packages/airflow/example_dags/example_branch_day_of_week_operator.py
[2021-11-18 18:32:47,278] {processor.py:637} INFO - DAG(s) dict_keys(['example_weekday_branch_operator']) retrieved from /Users/sravanisigadam/PycharmProjects/Airflow/venv/lib/python3.9/site-packages/airflow/example_dags/example_branch_day_of_week_operator.py
[2021-11-18 18:32:47,288] {logging_mixin.py:109} INFO - [2021-11-18 18:32:47,288] {dag.py:2396} INFO - Sync 1 DAGs
[2021-11-18 18:32:47,294] {logging_mixin.py:109} INFO - [2021-11-18 18:32:47,294] {dag.py:2928} INFO - Setting next_dagrun for example_weekday_branch_operator to 2021-11-18 00:00:00+00:00
[2021-11-18 18:32:47,299] {processor.py:171} INFO - Processing /Users/sravanisigadam/PycharmProjects/Airflow/venv/lib/python3.9/site-packages/airflow/example_dags/example_branch_day_of_week_operator.py took 0.044 seconds
[2021-11-18 18:45:53,299] {processor.py:163} INFO - Started process (PID=56086) to work on /Users/sravanisigadam/PycharmProjects/Airflow/venv/lib/python3.9/site-packages/airflow/example_dags/example_branch_day_of_week_operator.py
[2021-11-18 18:45:53,300] {processor.py:625} INFO - Processing file /Users/sravanisigadam/PycharmProjects/Airflow/venv/lib/python3.9/site-packages/airflow/example_dags/example_branch_day_of_week_operator.py for tasks to queue
[2021-11-18 18:45:53,300] {logging_mixin.py:109} INFO - [2021-11-18 18:45:53,300] {dagbag.py:500} INFO - Filling up the DagBag from /Users/sravanisigadam/PycharmProjects/Airflow/venv/lib/python3.9/site-packages/airflow/example_dags/example_branch_day_of_week_operator.py
[2021-11-18 18:45:53,323] {processor.py:637} INFO - DAG(s) dict_keys(['example_weekday_branch_operator']) retrieved from /Users/sravanisigadam/PycharmProjects/Airflow/venv/lib/python3.9/site-packages/airflow/example_dags/example_branch_day_of_week_operator.py
[2021-11-18 18:45:53,333] {logging_mixin.py:109} INFO - [2021-11-18 18:45:53,333] {dag.py:2396} INFO - Sync 1 DAGs
[2021-11-18 18:45:53,339] {logging_mixin.py:109} INFO - [2021-11-18 18:45:53,339] {dag.py:2928} INFO - Setting next_dagrun for example_weekday_branch_operator to 2021-11-18 00:00:00+00:00
[2021-11-18 18:45:53,343] {processor.py:171} INFO - Processing /Users/sravanisigadam/PycharmProjects/Airflow/venv/lib/python3.9/site-packages/airflow/example_dags/example_branch_day_of_week_operator.py took 0.045 seconds
[2021-11-18 18:47:23,221] {processor.py:163} INFO - Started process (PID=56146) to work on /Users/sravanisigadam/PycharmProjects/Airflow/venv/lib/python3.9/site-packages/airflow/example_dags/example_branch_day_of_week_operator.py
[2021-11-18 18:47:23,221] {processor.py:625} INFO - Processing file /Users/sravanisigadam/PycharmProjects/Airflow/venv/lib/python3.9/site-packages/airflow/example_dags/example_branch_day_of_week_operator.py for tasks to queue
[2021-11-18 18:47:23,221] {logging_mixin.py:109} INFO - [2021-11-18 18:47:23,221] {dagbag.py:500} INFO - Filling up the DagBag from /Users/sravanisigadam/PycharmProjects/Airflow/venv/lib/python3.9/site-packages/airflow/example_dags/example_branch_day_of_week_operator.py
[2021-11-18 18:47:23,245] {processor.py:637} INFO - DAG(s) dict_keys(['example_weekday_branch_operator']) retrieved from /Users/sravanisigadam/PycharmProjects/Airflow/venv/lib/python3.9/site-packages/airflow/example_dags/example_branch_day_of_week_operator.py
[2021-11-18 18:47:23,256] {logging_mixin.py:109} INFO - [2021-11-18 18:47:23,256] {dag.py:2396} INFO - Sync 1 DAGs
[2021-11-18 18:47:23,263] {logging_mixin.py:109} INFO - [2021-11-18 18:47:23,263] {dag.py:2928} INFO - Setting next_dagrun for example_weekday_branch_operator to 2021-11-18 00:00:00+00:00
[2021-11-18 18:47:23,268] {processor.py:171} INFO - Processing /Users/sravanisigadam/PycharmProjects/Airflow/venv/lib/python3.9/site-packages/airflow/example_dags/example_branch_day_of_week_operator.py took 0.048 seconds
[2021-11-18 18:48:41,834] {processor.py:163} INFO - Started process (PID=56204) to work on /Users/sravanisigadam/PycharmProjects/Airflow/venv/lib/python3.9/site-packages/airflow/example_dags/example_branch_day_of_week_operator.py
[2021-11-18 18:48:41,835] {processor.py:625} INFO - Processing file /Users/sravanisigadam/PycharmProjects/Airflow/venv/lib/python3.9/site-packages/airflow/example_dags/example_branch_day_of_week_operator.py for tasks to queue
[2021-11-18 18:48:41,836] {logging_mixin.py:109} INFO - [2021-11-18 18:48:41,836] {dagbag.py:500} INFO - Filling up the DagBag from /Users/sravanisigadam/PycharmProjects/Airflow/venv/lib/python3.9/site-packages/airflow/example_dags/example_branch_day_of_week_operator.py
[2021-11-18 18:48:41,860] {processor.py:637} INFO - DAG(s) dict_keys(['example_weekday_branch_operator']) retrieved from /Users/sravanisigadam/PycharmProjects/Airflow/venv/lib/python3.9/site-packages/airflow/example_dags/example_branch_day_of_week_operator.py
[2021-11-18 18:48:41,870] {logging_mixin.py:109} INFO - [2021-11-18 18:48:41,870] {dag.py:2396} INFO - Sync 1 DAGs
[2021-11-18 18:48:41,876] {logging_mixin.py:109} INFO - [2021-11-18 18:48:41,876] {dag.py:2928} INFO - Setting next_dagrun for example_weekday_branch_operator to 2021-11-18 00:00:00+00:00
[2021-11-18 18:48:41,880] {processor.py:171} INFO - Processing /Users/sravanisigadam/PycharmProjects/Airflow/venv/lib/python3.9/site-packages/airflow/example_dags/example_branch_day_of_week_operator.py took 0.047 seconds
[2021-11-18 18:50:05,052] {processor.py:163} INFO - Started process (PID=56252) to work on /Users/sravanisigadam/PycharmProjects/Airflow/venv/lib/python3.9/site-packages/airflow/example_dags/example_branch_day_of_week_operator.py
[2021-11-18 18:50:05,052] {processor.py:625} INFO - Processing file /Users/sravanisigadam/PycharmProjects/Airflow/venv/lib/python3.9/site-packages/airflow/example_dags/example_branch_day_of_week_operator.py for tasks to queue
[2021-11-18 18:50:05,052] {logging_mixin.py:109} INFO - [2021-11-18 18:50:05,052] {dagbag.py:500} INFO - Filling up the DagBag from /Users/sravanisigadam/PycharmProjects/Airflow/venv/lib/python3.9/site-packages/airflow/example_dags/example_branch_day_of_week_operator.py
[2021-11-18 18:50:05,077] {processor.py:637} INFO - DAG(s) dict_keys(['example_weekday_branch_operator']) retrieved from /Users/sravanisigadam/PycharmProjects/Airflow/venv/lib/python3.9/site-packages/airflow/example_dags/example_branch_day_of_week_operator.py
[2021-11-18 18:50:05,088] {logging_mixin.py:109} INFO - [2021-11-18 18:50:05,088] {dag.py:2396} INFO - Sync 1 DAGs
[2021-11-18 18:50:05,094] {logging_mixin.py:109} INFO - [2021-11-18 18:50:05,093] {dag.py:2928} INFO - Setting next_dagrun for example_weekday_branch_operator to 2021-11-18 00:00:00+00:00
[2021-11-18 18:50:05,099] {processor.py:171} INFO - Processing /Users/sravanisigadam/PycharmProjects/Airflow/venv/lib/python3.9/site-packages/airflow/example_dags/example_branch_day_of_week_operator.py took 0.047 seconds
[2021-11-18 18:51:20,737] {processor.py:163} INFO - Started process (PID=56291) to work on /Users/sravanisigadam/PycharmProjects/Airflow/venv/lib/python3.9/site-packages/airflow/example_dags/example_branch_day_of_week_operator.py
[2021-11-18 18:51:20,737] {processor.py:625} INFO - Processing file /Users/sravanisigadam/PycharmProjects/Airflow/venv/lib/python3.9/site-packages/airflow/example_dags/example_branch_day_of_week_operator.py for tasks to queue
[2021-11-18 18:51:20,738] {logging_mixin.py:109} INFO - [2021-11-18 18:51:20,738] {dagbag.py:500} INFO - Filling up the DagBag from /Users/sravanisigadam/PycharmProjects/Airflow/venv/lib/python3.9/site-packages/airflow/example_dags/example_branch_day_of_week_operator.py
[2021-11-18 18:51:20,761] {processor.py:637} INFO - DAG(s) dict_keys(['example_weekday_branch_operator']) retrieved from /Users/sravanisigadam/PycharmProjects/Airflow/venv/lib/python3.9/site-packages/airflow/example_dags/example_branch_day_of_week_operator.py
[2021-11-18 18:51:20,772] {logging_mixin.py:109} INFO - [2021-11-18 18:51:20,772] {dag.py:2396} INFO - Sync 1 DAGs
[2021-11-18 18:51:20,777] {logging_mixin.py:109} INFO - [2021-11-18 18:51:20,777] {dag.py:2928} INFO - Setting next_dagrun for example_weekday_branch_operator to 2021-11-18 00:00:00+00:00
[2021-11-18 18:51:20,783] {processor.py:171} INFO - Processing /Users/sravanisigadam/PycharmProjects/Airflow/venv/lib/python3.9/site-packages/airflow/example_dags/example_branch_day_of_week_operator.py took 0.046 seconds
[2021-11-18 18:52:38,519] {processor.py:163} INFO - Started process (PID=56334) to work on /Users/sravanisigadam/PycharmProjects/Airflow/venv/lib/python3.9/site-packages/airflow/example_dags/example_branch_day_of_week_operator.py
[2021-11-18 18:52:38,520] {processor.py:625} INFO - Processing file /Users/sravanisigadam/PycharmProjects/Airflow/venv/lib/python3.9/site-packages/airflow/example_dags/example_branch_day_of_week_operator.py for tasks to queue
[2021-11-18 18:52:38,520] {logging_mixin.py:109} INFO - [2021-11-18 18:52:38,520] {dagbag.py:500} INFO - Filling up the DagBag from /Users/sravanisigadam/PycharmProjects/Airflow/venv/lib/python3.9/site-packages/airflow/example_dags/example_branch_day_of_week_operator.py
[2021-11-18 18:52:38,545] {processor.py:637} INFO - DAG(s) dict_keys(['example_weekday_branch_operator']) retrieved from /Users/sravanisigadam/PycharmProjects/Airflow/venv/lib/python3.9/site-packages/airflow/example_dags/example_branch_day_of_week_operator.py
[2021-11-18 18:52:38,556] {logging_mixin.py:109} INFO - [2021-11-18 18:52:38,556] {dag.py:2396} INFO - Sync 1 DAGs
[2021-11-18 18:52:38,561] {logging_mixin.py:109} INFO - [2021-11-18 18:52:38,561] {dag.py:2928} INFO - Setting next_dagrun for example_weekday_branch_operator to 2021-11-18 00:00:00+00:00
[2021-11-18 18:52:38,566] {processor.py:171} INFO - Processing /Users/sravanisigadam/PycharmProjects/Airflow/venv/lib/python3.9/site-packages/airflow/example_dags/example_branch_day_of_week_operator.py took 0.047 seconds
[2021-11-18 18:53:56,750] {processor.py:163} INFO - Started process (PID=56374) to work on /Users/sravanisigadam/PycharmProjects/Airflow/venv/lib/python3.9/site-packages/airflow/example_dags/example_branch_day_of_week_operator.py
[2021-11-18 18:53:56,750] {processor.py:625} INFO - Processing file /Users/sravanisigadam/PycharmProjects/Airflow/venv/lib/python3.9/site-packages/airflow/example_dags/example_branch_day_of_week_operator.py for tasks to queue
[2021-11-18 18:53:56,750] {logging_mixin.py:109} INFO - [2021-11-18 18:53:56,750] {dagbag.py:500} INFO - Filling up the DagBag from /Users/sravanisigadam/PycharmProjects/Airflow/venv/lib/python3.9/site-packages/airflow/example_dags/example_branch_day_of_week_operator.py
[2021-11-18 18:53:56,774] {processor.py:637} INFO - DAG(s) dict_keys(['example_weekday_branch_operator']) retrieved from /Users/sravanisigadam/PycharmProjects/Airflow/venv/lib/python3.9/site-packages/airflow/example_dags/example_branch_day_of_week_operator.py
[2021-11-18 18:53:56,785] {logging_mixin.py:109} INFO - [2021-11-18 18:53:56,785] {dag.py:2396} INFO - Sync 1 DAGs
[2021-11-18 18:53:56,791] {logging_mixin.py:109} INFO - [2021-11-18 18:53:56,790] {dag.py:2928} INFO - Setting next_dagrun for example_weekday_branch_operator to 2021-11-18 00:00:00+00:00
[2021-11-18 18:53:56,795] {processor.py:171} INFO - Processing /Users/sravanisigadam/PycharmProjects/Airflow/venv/lib/python3.9/site-packages/airflow/example_dags/example_branch_day_of_week_operator.py took 0.046 seconds
[2021-11-18 18:55:15,160] {processor.py:163} INFO - Started process (PID=56414) to work on /Users/sravanisigadam/PycharmProjects/Airflow/venv/lib/python3.9/site-packages/airflow/example_dags/example_branch_day_of_week_operator.py
[2021-11-18 18:55:15,161] {processor.py:625} INFO - Processing file /Users/sravanisigadam/PycharmProjects/Airflow/venv/lib/python3.9/site-packages/airflow/example_dags/example_branch_day_of_week_operator.py for tasks to queue
[2021-11-18 18:55:15,161] {logging_mixin.py:109} INFO - [2021-11-18 18:55:15,161] {dagbag.py:500} INFO - Filling up the DagBag from /Users/sravanisigadam/PycharmProjects/Airflow/venv/lib/python3.9/site-packages/airflow/example_dags/example_branch_day_of_week_operator.py
[2021-11-18 18:55:15,185] {processor.py:637} INFO - DAG(s) dict_keys(['example_weekday_branch_operator']) retrieved from /Users/sravanisigadam/PycharmProjects/Airflow/venv/lib/python3.9/site-packages/airflow/example_dags/example_branch_day_of_week_operator.py
[2021-11-18 18:55:15,196] {logging_mixin.py:109} INFO - [2021-11-18 18:55:15,196] {dag.py:2396} INFO - Sync 1 DAGs
[2021-11-18 18:55:15,201] {logging_mixin.py:109} INFO - [2021-11-18 18:55:15,201] {dag.py:2928} INFO - Setting next_dagrun for example_weekday_branch_operator to 2021-11-18 00:00:00+00:00
[2021-11-18 18:55:15,206] {processor.py:171} INFO - Processing /Users/sravanisigadam/PycharmProjects/Airflow/venv/lib/python3.9/site-packages/airflow/example_dags/example_branch_day_of_week_operator.py took 0.046 seconds
[2021-11-18 18:56:33,221] {processor.py:163} INFO - Started process (PID=56459) to work on /Users/sravanisigadam/PycharmProjects/Airflow/venv/lib/python3.9/site-packages/airflow/example_dags/example_branch_day_of_week_operator.py
[2021-11-18 18:56:33,222] {processor.py:625} INFO - Processing file /Users/sravanisigadam/PycharmProjects/Airflow/venv/lib/python3.9/site-packages/airflow/example_dags/example_branch_day_of_week_operator.py for tasks to queue
[2021-11-18 18:56:33,222] {logging_mixin.py:109} INFO - [2021-11-18 18:56:33,222] {dagbag.py:500} INFO - Filling up the DagBag from /Users/sravanisigadam/PycharmProjects/Airflow/venv/lib/python3.9/site-packages/airflow/example_dags/example_branch_day_of_week_operator.py
[2021-11-18 18:56:33,248] {processor.py:637} INFO - DAG(s) dict_keys(['example_weekday_branch_operator']) retrieved from /Users/sravanisigadam/PycharmProjects/Airflow/venv/lib/python3.9/site-packages/airflow/example_dags/example_branch_day_of_week_operator.py
[2021-11-18 18:56:33,259] {logging_mixin.py:109} INFO - [2021-11-18 18:56:33,259] {dag.py:2396} INFO - Sync 1 DAGs
[2021-11-18 18:56:33,265] {logging_mixin.py:109} INFO - [2021-11-18 18:56:33,264] {dag.py:2928} INFO - Setting next_dagrun for example_weekday_branch_operator to 2021-11-18 00:00:00+00:00
[2021-11-18 18:56:33,269] {processor.py:171} INFO - Processing /Users/sravanisigadam/PycharmProjects/Airflow/venv/lib/python3.9/site-packages/airflow/example_dags/example_branch_day_of_week_operator.py took 0.049 seconds
[2021-11-18 18:57:50,817] {processor.py:163} INFO - Started process (PID=56498) to work on /Users/sravanisigadam/PycharmProjects/Airflow/venv/lib/python3.9/site-packages/airflow/example_dags/example_branch_day_of_week_operator.py
[2021-11-18 18:57:50,818] {processor.py:625} INFO - Processing file /Users/sravanisigadam/PycharmProjects/Airflow/venv/lib/python3.9/site-packages/airflow/example_dags/example_branch_day_of_week_operator.py for tasks to queue
[2021-11-18 18:57:50,818] {logging_mixin.py:109} INFO - [2021-11-18 18:57:50,818] {dagbag.py:500} INFO - Filling up the DagBag from /Users/sravanisigadam/PycharmProjects/Airflow/venv/lib/python3.9/site-packages/airflow/example_dags/example_branch_day_of_week_operator.py
[2021-11-18 18:57:50,844] {processor.py:637} INFO - DAG(s) dict_keys(['example_weekday_branch_operator']) retrieved from /Users/sravanisigadam/PycharmProjects/Airflow/venv/lib/python3.9/site-packages/airflow/example_dags/example_branch_day_of_week_operator.py
[2021-11-18 18:57:50,855] {logging_mixin.py:109} INFO - [2021-11-18 18:57:50,855] {dag.py:2396} INFO - Sync 1 DAGs
[2021-11-18 18:57:50,860] {logging_mixin.py:109} INFO - [2021-11-18 18:57:50,860] {dag.py:2928} INFO - Setting next_dagrun for example_weekday_branch_operator to 2021-11-18 00:00:00+00:00
[2021-11-18 18:57:50,865] {processor.py:171} INFO - Processing /Users/sravanisigadam/PycharmProjects/Airflow/venv/lib/python3.9/site-packages/airflow/example_dags/example_branch_day_of_week_operator.py took 0.049 seconds
[2021-11-18 18:59:09,060] {processor.py:163} INFO - Started process (PID=56546) to work on /Users/sravanisigadam/PycharmProjects/Airflow/venv/lib/python3.9/site-packages/airflow/example_dags/example_branch_day_of_week_operator.py
[2021-11-18 18:59:09,061] {processor.py:625} INFO - Processing file /Users/sravanisigadam/PycharmProjects/Airflow/venv/lib/python3.9/site-packages/airflow/example_dags/example_branch_day_of_week_operator.py for tasks to queue
[2021-11-18 18:59:09,061] {logging_mixin.py:109} INFO - [2021-11-18 18:59:09,061] {dagbag.py:500} INFO - Filling up the DagBag from /Users/sravanisigadam/PycharmProjects/Airflow/venv/lib/python3.9/site-packages/airflow/example_dags/example_branch_day_of_week_operator.py
[2021-11-18 18:59:09,087] {processor.py:637} INFO - DAG(s) dict_keys(['example_weekday_branch_operator']) retrieved from /Users/sravanisigadam/PycharmProjects/Airflow/venv/lib/python3.9/site-packages/airflow/example_dags/example_branch_day_of_week_operator.py
[2021-11-18 18:59:09,098] {logging_mixin.py:109} INFO - [2021-11-18 18:59:09,098] {dag.py:2396} INFO - Sync 1 DAGs
[2021-11-18 18:59:09,104] {logging_mixin.py:109} INFO - [2021-11-18 18:59:09,104] {dag.py:2928} INFO - Setting next_dagrun for example_weekday_branch_operator to 2021-11-18 00:00:00+00:00
[2021-11-18 18:59:09,108] {processor.py:171} INFO - Processing /Users/sravanisigadam/PycharmProjects/Airflow/venv/lib/python3.9/site-packages/airflow/example_dags/example_branch_day_of_week_operator.py took 0.048 seconds
[2021-11-18 19:00:30,423] {processor.py:163} INFO - Started process (PID=56590) to work on /Users/sravanisigadam/PycharmProjects/Airflow/venv/lib/python3.9/site-packages/airflow/example_dags/example_branch_day_of_week_operator.py
[2021-11-18 19:00:30,424] {processor.py:625} INFO - Processing file /Users/sravanisigadam/PycharmProjects/Airflow/venv/lib/python3.9/site-packages/airflow/example_dags/example_branch_day_of_week_operator.py for tasks to queue
[2021-11-18 19:00:30,424] {logging_mixin.py:109} INFO - [2021-11-18 19:00:30,424] {dagbag.py:500} INFO - Filling up the DagBag from /Users/sravanisigadam/PycharmProjects/Airflow/venv/lib/python3.9/site-packages/airflow/example_dags/example_branch_day_of_week_operator.py
[2021-11-18 19:00:30,448] {processor.py:637} INFO - DAG(s) dict_keys(['example_weekday_branch_operator']) retrieved from /Users/sravanisigadam/PycharmProjects/Airflow/venv/lib/python3.9/site-packages/airflow/example_dags/example_branch_day_of_week_operator.py
[2021-11-18 19:00:30,458] {logging_mixin.py:109} INFO - [2021-11-18 19:00:30,458] {dag.py:2396} INFO - Sync 1 DAGs
[2021-11-18 19:00:30,464] {logging_mixin.py:109} INFO - [2021-11-18 19:00:30,464] {dag.py:2928} INFO - Setting next_dagrun for example_weekday_branch_operator to 2021-11-18 00:00:00+00:00
[2021-11-18 19:00:30,469] {processor.py:171} INFO - Processing /Users/sravanisigadam/PycharmProjects/Airflow/venv/lib/python3.9/site-packages/airflow/example_dags/example_branch_day_of_week_operator.py took 0.046 seconds
[2021-11-18 19:01:47,964] {processor.py:163} INFO - Started process (PID=56637) to work on /Users/sravanisigadam/PycharmProjects/Airflow/venv/lib/python3.9/site-packages/airflow/example_dags/example_branch_day_of_week_operator.py
[2021-11-18 19:01:47,965] {processor.py:625} INFO - Processing file /Users/sravanisigadam/PycharmProjects/Airflow/venv/lib/python3.9/site-packages/airflow/example_dags/example_branch_day_of_week_operator.py for tasks to queue
[2021-11-18 19:01:47,965] {logging_mixin.py:109} INFO - [2021-11-18 19:01:47,965] {dagbag.py:500} INFO - Filling up the DagBag from /Users/sravanisigadam/PycharmProjects/Airflow/venv/lib/python3.9/site-packages/airflow/example_dags/example_branch_day_of_week_operator.py
[2021-11-18 19:01:47,989] {processor.py:637} INFO - DAG(s) dict_keys(['example_weekday_branch_operator']) retrieved from /Users/sravanisigadam/PycharmProjects/Airflow/venv/lib/python3.9/site-packages/airflow/example_dags/example_branch_day_of_week_operator.py
[2021-11-18 19:01:47,998] {logging_mixin.py:109} INFO - [2021-11-18 19:01:47,998] {dag.py:2396} INFO - Sync 1 DAGs
[2021-11-18 19:01:48,004] {logging_mixin.py:109} INFO - [2021-11-18 19:01:48,004] {dag.py:2928} INFO - Setting next_dagrun for example_weekday_branch_operator to 2021-11-18 00:00:00+00:00
[2021-11-18 19:01:48,009] {processor.py:171} INFO - Processing /Users/sravanisigadam/PycharmProjects/Airflow/venv/lib/python3.9/site-packages/airflow/example_dags/example_branch_day_of_week_operator.py took 0.046 seconds
[2021-11-18 19:03:05,628] {processor.py:163} INFO - Started process (PID=56680) to work on /Users/sravanisigadam/PycharmProjects/Airflow/venv/lib/python3.9/site-packages/airflow/example_dags/example_branch_day_of_week_operator.py
[2021-11-18 19:03:05,629] {processor.py:625} INFO - Processing file /Users/sravanisigadam/PycharmProjects/Airflow/venv/lib/python3.9/site-packages/airflow/example_dags/example_branch_day_of_week_operator.py for tasks to queue
[2021-11-18 19:03:05,629] {logging_mixin.py:109} INFO - [2021-11-18 19:03:05,629] {dagbag.py:500} INFO - Filling up the DagBag from /Users/sravanisigadam/PycharmProjects/Airflow/venv/lib/python3.9/site-packages/airflow/example_dags/example_branch_day_of_week_operator.py
[2021-11-18 19:03:05,653] {processor.py:637} INFO - DAG(s) dict_keys(['example_weekday_branch_operator']) retrieved from /Users/sravanisigadam/PycharmProjects/Airflow/venv/lib/python3.9/site-packages/airflow/example_dags/example_branch_day_of_week_operator.py
[2021-11-18 19:03:05,663] {logging_mixin.py:109} INFO - [2021-11-18 19:03:05,663] {dag.py:2396} INFO - Sync 1 DAGs
[2021-11-18 19:03:05,669] {logging_mixin.py:109} INFO - [2021-11-18 19:03:05,669] {dag.py:2928} INFO - Setting next_dagrun for example_weekday_branch_operator to 2021-11-18 00:00:00+00:00
[2021-11-18 19:03:05,673] {processor.py:171} INFO - Processing /Users/sravanisigadam/PycharmProjects/Airflow/venv/lib/python3.9/site-packages/airflow/example_dags/example_branch_day_of_week_operator.py took 0.045 seconds
[2021-11-18 19:04:23,748] {processor.py:163} INFO - Started process (PID=56726) to work on /Users/sravanisigadam/PycharmProjects/Airflow/venv/lib/python3.9/site-packages/airflow/example_dags/example_branch_day_of_week_operator.py
[2021-11-18 19:04:23,748] {processor.py:625} INFO - Processing file /Users/sravanisigadam/PycharmProjects/Airflow/venv/lib/python3.9/site-packages/airflow/example_dags/example_branch_day_of_week_operator.py for tasks to queue
[2021-11-18 19:04:23,749] {logging_mixin.py:109} INFO - [2021-11-18 19:04:23,749] {dagbag.py:500} INFO - Filling up the DagBag from /Users/sravanisigadam/PycharmProjects/Airflow/venv/lib/python3.9/site-packages/airflow/example_dags/example_branch_day_of_week_operator.py
[2021-11-18 19:04:23,772] {processor.py:637} INFO - DAG(s) dict_keys(['example_weekday_branch_operator']) retrieved from /Users/sravanisigadam/PycharmProjects/Airflow/venv/lib/python3.9/site-packages/airflow/example_dags/example_branch_day_of_week_operator.py
[2021-11-18 19:04:23,783] {logging_mixin.py:109} INFO - [2021-11-18 19:04:23,783] {dag.py:2396} INFO - Sync 1 DAGs
[2021-11-18 19:04:23,789] {logging_mixin.py:109} INFO - [2021-11-18 19:04:23,788] {dag.py:2928} INFO - Setting next_dagrun for example_weekday_branch_operator to 2021-11-18 00:00:00+00:00
[2021-11-18 19:04:23,793] {processor.py:171} INFO - Processing /Users/sravanisigadam/PycharmProjects/Airflow/venv/lib/python3.9/site-packages/airflow/example_dags/example_branch_day_of_week_operator.py took 0.045 seconds
[2021-11-18 19:05:42,460] {processor.py:163} INFO - Started process (PID=56788) to work on /Users/sravanisigadam/PycharmProjects/Airflow/venv/lib/python3.9/site-packages/airflow/example_dags/example_branch_day_of_week_operator.py
[2021-11-18 19:05:42,460] {processor.py:625} INFO - Processing file /Users/sravanisigadam/PycharmProjects/Airflow/venv/lib/python3.9/site-packages/airflow/example_dags/example_branch_day_of_week_operator.py for tasks to queue
[2021-11-18 19:05:42,461] {logging_mixin.py:109} INFO - [2021-11-18 19:05:42,461] {dagbag.py:500} INFO - Filling up the DagBag from /Users/sravanisigadam/PycharmProjects/Airflow/venv/lib/python3.9/site-packages/airflow/example_dags/example_branch_day_of_week_operator.py
[2021-11-18 19:05:42,487] {processor.py:637} INFO - DAG(s) dict_keys(['example_weekday_branch_operator']) retrieved from /Users/sravanisigadam/PycharmProjects/Airflow/venv/lib/python3.9/site-packages/airflow/example_dags/example_branch_day_of_week_operator.py
[2021-11-18 19:05:42,499] {logging_mixin.py:109} INFO - [2021-11-18 19:05:42,499] {dag.py:2396} INFO - Sync 1 DAGs
[2021-11-18 19:05:42,506] {logging_mixin.py:109} INFO - [2021-11-18 19:05:42,506] {dag.py:2928} INFO - Setting next_dagrun for example_weekday_branch_operator to 2021-11-18 00:00:00+00:00
[2021-11-18 19:05:42,511] {processor.py:171} INFO - Processing /Users/sravanisigadam/PycharmProjects/Airflow/venv/lib/python3.9/site-packages/airflow/example_dags/example_branch_day_of_week_operator.py took 0.051 seconds
[2021-11-18 19:07:01,454] {processor.py:163} INFO - Started process (PID=56846) to work on /Users/sravanisigadam/PycharmProjects/Airflow/venv/lib/python3.9/site-packages/airflow/example_dags/example_branch_day_of_week_operator.py
[2021-11-18 19:07:01,455] {processor.py:625} INFO - Processing file /Users/sravanisigadam/PycharmProjects/Airflow/venv/lib/python3.9/site-packages/airflow/example_dags/example_branch_day_of_week_operator.py for tasks to queue
[2021-11-18 19:07:01,455] {logging_mixin.py:109} INFO - [2021-11-18 19:07:01,455] {dagbag.py:500} INFO - Filling up the DagBag from /Users/sravanisigadam/PycharmProjects/Airflow/venv/lib/python3.9/site-packages/airflow/example_dags/example_branch_day_of_week_operator.py
[2021-11-18 19:07:01,479] {processor.py:637} INFO - DAG(s) dict_keys(['example_weekday_branch_operator']) retrieved from /Users/sravanisigadam/PycharmProjects/Airflow/venv/lib/python3.9/site-packages/airflow/example_dags/example_branch_day_of_week_operator.py
[2021-11-18 19:07:01,489] {logging_mixin.py:109} INFO - [2021-11-18 19:07:01,489] {dag.py:2396} INFO - Sync 1 DAGs
[2021-11-18 19:07:01,495] {logging_mixin.py:109} INFO - [2021-11-18 19:07:01,495] {dag.py:2928} INFO - Setting next_dagrun for example_weekday_branch_operator to 2021-11-18 00:00:00+00:00
[2021-11-18 19:07:01,500] {processor.py:171} INFO - Processing /Users/sravanisigadam/PycharmProjects/Airflow/venv/lib/python3.9/site-packages/airflow/example_dags/example_branch_day_of_week_operator.py took 0.046 seconds
[2021-11-18 19:08:20,052] {processor.py:163} INFO - Started process (PID=56922) to work on /Users/sravanisigadam/PycharmProjects/Airflow/venv/lib/python3.9/site-packages/airflow/example_dags/example_branch_day_of_week_operator.py
[2021-11-18 19:08:20,053] {processor.py:625} INFO - Processing file /Users/sravanisigadam/PycharmProjects/Airflow/venv/lib/python3.9/site-packages/airflow/example_dags/example_branch_day_of_week_operator.py for tasks to queue
[2021-11-18 19:08:20,053] {logging_mixin.py:109} INFO - [2021-11-18 19:08:20,053] {dagbag.py:500} INFO - Filling up the DagBag from /Users/sravanisigadam/PycharmProjects/Airflow/venv/lib/python3.9/site-packages/airflow/example_dags/example_branch_day_of_week_operator.py
[2021-11-18 19:08:20,078] {processor.py:637} INFO - DAG(s) dict_keys(['example_weekday_branch_operator']) retrieved from /Users/sravanisigadam/PycharmProjects/Airflow/venv/lib/python3.9/site-packages/airflow/example_dags/example_branch_day_of_week_operator.py
[2021-11-18 19:08:20,089] {logging_mixin.py:109} INFO - [2021-11-18 19:08:20,088] {dag.py:2396} INFO - Sync 1 DAGs
[2021-11-18 19:08:20,094] {logging_mixin.py:109} INFO - [2021-11-18 19:08:20,094] {dag.py:2928} INFO - Setting next_dagrun for example_weekday_branch_operator to 2021-11-18 00:00:00+00:00
[2021-11-18 19:08:20,099] {processor.py:171} INFO - Processing /Users/sravanisigadam/PycharmProjects/Airflow/venv/lib/python3.9/site-packages/airflow/example_dags/example_branch_day_of_week_operator.py took 0.048 seconds
[2021-11-18 19:09:38,517] {processor.py:163} INFO - Started process (PID=56968) to work on /Users/sravanisigadam/PycharmProjects/Airflow/venv/lib/python3.9/site-packages/airflow/example_dags/example_branch_day_of_week_operator.py
[2021-11-18 19:09:38,517] {processor.py:625} INFO - Processing file /Users/sravanisigadam/PycharmProjects/Airflow/venv/lib/python3.9/site-packages/airflow/example_dags/example_branch_day_of_week_operator.py for tasks to queue
[2021-11-18 19:09:38,517] {logging_mixin.py:109} INFO - [2021-11-18 19:09:38,517] {dagbag.py:500} INFO - Filling up the DagBag from /Users/sravanisigadam/PycharmProjects/Airflow/venv/lib/python3.9/site-packages/airflow/example_dags/example_branch_day_of_week_operator.py
[2021-11-18 19:09:38,543] {processor.py:637} INFO - DAG(s) dict_keys(['example_weekday_branch_operator']) retrieved from /Users/sravanisigadam/PycharmProjects/Airflow/venv/lib/python3.9/site-packages/airflow/example_dags/example_branch_day_of_week_operator.py
[2021-11-18 19:09:38,554] {logging_mixin.py:109} INFO - [2021-11-18 19:09:38,554] {dag.py:2396} INFO - Sync 1 DAGs
[2021-11-18 19:09:38,560] {logging_mixin.py:109} INFO - [2021-11-18 19:09:38,560] {dag.py:2928} INFO - Setting next_dagrun for example_weekday_branch_operator to 2021-11-18 00:00:00+00:00
[2021-11-18 19:09:38,565] {processor.py:171} INFO - Processing /Users/sravanisigadam/PycharmProjects/Airflow/venv/lib/python3.9/site-packages/airflow/example_dags/example_branch_day_of_week_operator.py took 0.049 seconds
[2021-11-18 19:10:58,828] {processor.py:163} INFO - Started process (PID=57015) to work on /Users/sravanisigadam/PycharmProjects/Airflow/venv/lib/python3.9/site-packages/airflow/example_dags/example_branch_day_of_week_operator.py
[2021-11-18 19:10:58,829] {processor.py:625} INFO - Processing file /Users/sravanisigadam/PycharmProjects/Airflow/venv/lib/python3.9/site-packages/airflow/example_dags/example_branch_day_of_week_operator.py for tasks to queue
[2021-11-18 19:10:58,829] {logging_mixin.py:109} INFO - [2021-11-18 19:10:58,829] {dagbag.py:500} INFO - Filling up the DagBag from /Users/sravanisigadam/PycharmProjects/Airflow/venv/lib/python3.9/site-packages/airflow/example_dags/example_branch_day_of_week_operator.py
[2021-11-18 19:10:58,853] {processor.py:637} INFO - DAG(s) dict_keys(['example_weekday_branch_operator']) retrieved from /Users/sravanisigadam/PycharmProjects/Airflow/venv/lib/python3.9/site-packages/airflow/example_dags/example_branch_day_of_week_operator.py
[2021-11-18 19:10:58,864] {logging_mixin.py:109} INFO - [2021-11-18 19:10:58,864] {dag.py:2396} INFO - Sync 1 DAGs
[2021-11-18 19:10:58,872] {logging_mixin.py:109} INFO - [2021-11-18 19:10:58,872] {dag.py:2928} INFO - Setting next_dagrun for example_weekday_branch_operator to 2021-11-18 00:00:00+00:00
[2021-11-18 19:10:58,876] {processor.py:171} INFO - Processing /Users/sravanisigadam/PycharmProjects/Airflow/venv/lib/python3.9/site-packages/airflow/example_dags/example_branch_day_of_week_operator.py took 0.048 seconds
[2021-11-18 19:12:19,804] {processor.py:163} INFO - Started process (PID=57061) to work on /Users/sravanisigadam/PycharmProjects/Airflow/venv/lib/python3.9/site-packages/airflow/example_dags/example_branch_day_of_week_operator.py
[2021-11-18 19:12:19,804] {processor.py:625} INFO - Processing file /Users/sravanisigadam/PycharmProjects/Airflow/venv/lib/python3.9/site-packages/airflow/example_dags/example_branch_day_of_week_operator.py for tasks to queue
[2021-11-18 19:12:19,805] {logging_mixin.py:109} INFO - [2021-11-18 19:12:19,805] {dagbag.py:500} INFO - Filling up the DagBag from /Users/sravanisigadam/PycharmProjects/Airflow/venv/lib/python3.9/site-packages/airflow/example_dags/example_branch_day_of_week_operator.py
[2021-11-18 19:12:19,829] {processor.py:637} INFO - DAG(s) dict_keys(['example_weekday_branch_operator']) retrieved from /Users/sravanisigadam/PycharmProjects/Airflow/venv/lib/python3.9/site-packages/airflow/example_dags/example_branch_day_of_week_operator.py
[2021-11-18 19:12:19,839] {logging_mixin.py:109} INFO - [2021-11-18 19:12:19,839] {dag.py:2396} INFO - Sync 1 DAGs
[2021-11-18 19:12:19,845] {logging_mixin.py:109} INFO - [2021-11-18 19:12:19,845] {dag.py:2928} INFO - Setting next_dagrun for example_weekday_branch_operator to 2021-11-18 00:00:00+00:00
[2021-11-18 19:12:19,850] {processor.py:171} INFO - Processing /Users/sravanisigadam/PycharmProjects/Airflow/venv/lib/python3.9/site-packages/airflow/example_dags/example_branch_day_of_week_operator.py took 0.046 seconds
[2021-11-18 19:13:41,090] {processor.py:163} INFO - Started process (PID=57130) to work on /Users/sravanisigadam/PycharmProjects/Airflow/venv/lib/python3.9/site-packages/airflow/example_dags/example_branch_day_of_week_operator.py
[2021-11-18 19:13:41,091] {processor.py:625} INFO - Processing file /Users/sravanisigadam/PycharmProjects/Airflow/venv/lib/python3.9/site-packages/airflow/example_dags/example_branch_day_of_week_operator.py for tasks to queue
[2021-11-18 19:13:41,092] {logging_mixin.py:109} INFO - [2021-11-18 19:13:41,092] {dagbag.py:500} INFO - Filling up the DagBag from /Users/sravanisigadam/PycharmProjects/Airflow/venv/lib/python3.9/site-packages/airflow/example_dags/example_branch_day_of_week_operator.py
[2021-11-18 19:13:41,116] {processor.py:637} INFO - DAG(s) dict_keys(['example_weekday_branch_operator']) retrieved from /Users/sravanisigadam/PycharmProjects/Airflow/venv/lib/python3.9/site-packages/airflow/example_dags/example_branch_day_of_week_operator.py
[2021-11-18 19:13:41,126] {logging_mixin.py:109} INFO - [2021-11-18 19:13:41,126] {dag.py:2396} INFO - Sync 1 DAGs
[2021-11-18 19:13:41,132] {logging_mixin.py:109} INFO - [2021-11-18 19:13:41,132] {dag.py:2928} INFO - Setting next_dagrun for example_weekday_branch_operator to 2021-11-18 00:00:00+00:00
[2021-11-18 19:13:41,137] {processor.py:171} INFO - Processing /Users/sravanisigadam/PycharmProjects/Airflow/venv/lib/python3.9/site-packages/airflow/example_dags/example_branch_day_of_week_operator.py took 0.047 seconds
[2021-11-18 19:15:02,670] {processor.py:163} INFO - Started process (PID=57196) to work on /Users/sravanisigadam/PycharmProjects/Airflow/venv/lib/python3.9/site-packages/airflow/example_dags/example_branch_day_of_week_operator.py
[2021-11-18 19:15:02,670] {processor.py:625} INFO - Processing file /Users/sravanisigadam/PycharmProjects/Airflow/venv/lib/python3.9/site-packages/airflow/example_dags/example_branch_day_of_week_operator.py for tasks to queue
[2021-11-18 19:15:02,670] {logging_mixin.py:109} INFO - [2021-11-18 19:15:02,670] {dagbag.py:500} INFO - Filling up the DagBag from /Users/sravanisigadam/PycharmProjects/Airflow/venv/lib/python3.9/site-packages/airflow/example_dags/example_branch_day_of_week_operator.py
[2021-11-18 19:15:02,695] {processor.py:637} INFO - DAG(s) dict_keys(['example_weekday_branch_operator']) retrieved from /Users/sravanisigadam/PycharmProjects/Airflow/venv/lib/python3.9/site-packages/airflow/example_dags/example_branch_day_of_week_operator.py
[2021-11-18 19:15:02,705] {logging_mixin.py:109} INFO - [2021-11-18 19:15:02,705] {dag.py:2396} INFO - Sync 1 DAGs
[2021-11-18 19:15:02,711] {logging_mixin.py:109} INFO - [2021-11-18 19:15:02,711] {dag.py:2928} INFO - Setting next_dagrun for example_weekday_branch_operator to 2021-11-18 00:00:00+00:00
[2021-11-18 19:15:02,716] {processor.py:171} INFO - Processing /Users/sravanisigadam/PycharmProjects/Airflow/venv/lib/python3.9/site-packages/airflow/example_dags/example_branch_day_of_week_operator.py took 0.046 seconds
