[2021-11-18 18:24:26,942] {processor.py:163} INFO - Started process (PID=55602) to work on /Users/sravanisigadam/PycharmProjects/Airflow/venv/lib/python3.9/site-packages/airflow/example_dags/example_latest_only_with_trigger.py
[2021-11-18 18:24:26,942] {processor.py:625} INFO - Processing file /Users/sravanisigadam/PycharmProjects/Airflow/venv/lib/python3.9/site-packages/airflow/example_dags/example_latest_only_with_trigger.py for tasks to queue
[2021-11-18 18:24:26,942] {logging_mixin.py:109} INFO - [2021-11-18 18:24:26,942] {dagbag.py:500} INFO - Filling up the DagBag from /Users/sravanisigadam/PycharmProjects/Airflow/venv/lib/python3.9/site-packages/airflow/example_dags/example_latest_only_with_trigger.py
[2021-11-18 18:24:26,966] {processor.py:637} INFO - DAG(s) dict_keys(['latest_only_with_trigger']) retrieved from /Users/sravanisigadam/PycharmProjects/Airflow/venv/lib/python3.9/site-packages/airflow/example_dags/example_latest_only_with_trigger.py
[2021-11-18 18:24:26,977] {logging_mixin.py:109} INFO - [2021-11-18 18:24:26,977] {dag.py:2396} INFO - Sync 1 DAGs
[2021-11-18 18:24:26,983] {logging_mixin.py:109} INFO - [2021-11-18 18:24:26,982] {dag.py:2928} INFO - Setting next_dagrun for latest_only_with_trigger to 2021-11-18T22:24:26.982776+00:00
[2021-11-18 18:24:26,987] {processor.py:171} INFO - Processing /Users/sravanisigadam/PycharmProjects/Airflow/venv/lib/python3.9/site-packages/airflow/example_dags/example_latest_only_with_trigger.py took 0.046 seconds
[2021-11-18 18:25:45,543] {processor.py:163} INFO - Started process (PID=55682) to work on /Users/sravanisigadam/PycharmProjects/Airflow/venv/lib/python3.9/site-packages/airflow/example_dags/example_latest_only_with_trigger.py
[2021-11-18 18:25:45,543] {processor.py:625} INFO - Processing file /Users/sravanisigadam/PycharmProjects/Airflow/venv/lib/python3.9/site-packages/airflow/example_dags/example_latest_only_with_trigger.py for tasks to queue
[2021-11-18 18:25:45,543] {logging_mixin.py:109} INFO - [2021-11-18 18:25:45,543] {dagbag.py:500} INFO - Filling up the DagBag from /Users/sravanisigadam/PycharmProjects/Airflow/venv/lib/python3.9/site-packages/airflow/example_dags/example_latest_only_with_trigger.py
[2021-11-18 18:25:45,570] {processor.py:637} INFO - DAG(s) dict_keys(['latest_only_with_trigger']) retrieved from /Users/sravanisigadam/PycharmProjects/Airflow/venv/lib/python3.9/site-packages/airflow/example_dags/example_latest_only_with_trigger.py
[2021-11-18 18:25:45,581] {logging_mixin.py:109} INFO - [2021-11-18 18:25:45,581] {dag.py:2396} INFO - Sync 1 DAGs
[2021-11-18 18:25:45,587] {logging_mixin.py:109} INFO - [2021-11-18 18:25:45,586] {dag.py:2928} INFO - Setting next_dagrun for latest_only_with_trigger to 2021-11-18T22:25:45.586656+00:00
[2021-11-18 18:25:45,592] {processor.py:171} INFO - Processing /Users/sravanisigadam/PycharmProjects/Airflow/venv/lib/python3.9/site-packages/airflow/example_dags/example_latest_only_with_trigger.py took 0.050 seconds
[2021-11-18 18:27:05,989] {processor.py:163} INFO - Started process (PID=55816) to work on /Users/sravanisigadam/PycharmProjects/Airflow/venv/lib/python3.9/site-packages/airflow/example_dags/example_latest_only_with_trigger.py
[2021-11-18 18:27:05,989] {processor.py:625} INFO - Processing file /Users/sravanisigadam/PycharmProjects/Airflow/venv/lib/python3.9/site-packages/airflow/example_dags/example_latest_only_with_trigger.py for tasks to queue
[2021-11-18 18:27:05,989] {logging_mixin.py:109} INFO - [2021-11-18 18:27:05,989] {dagbag.py:500} INFO - Filling up the DagBag from /Users/sravanisigadam/PycharmProjects/Airflow/venv/lib/python3.9/site-packages/airflow/example_dags/example_latest_only_with_trigger.py
[2021-11-18 18:27:06,014] {processor.py:637} INFO - DAG(s) dict_keys(['latest_only_with_trigger']) retrieved from /Users/sravanisigadam/PycharmProjects/Airflow/venv/lib/python3.9/site-packages/airflow/example_dags/example_latest_only_with_trigger.py
[2021-11-18 18:27:06,025] {logging_mixin.py:109} INFO - [2021-11-18 18:27:06,025] {dag.py:2396} INFO - Sync 1 DAGs
[2021-11-18 18:27:06,031] {logging_mixin.py:109} INFO - [2021-11-18 18:27:06,031] {dag.py:2928} INFO - Setting next_dagrun for latest_only_with_trigger to 2021-11-18T22:27:06.031013+00:00
[2021-11-18 18:27:06,036] {processor.py:171} INFO - Processing /Users/sravanisigadam/PycharmProjects/Airflow/venv/lib/python3.9/site-packages/airflow/example_dags/example_latest_only_with_trigger.py took 0.047 seconds
[2021-11-18 18:28:26,165] {processor.py:163} INFO - Started process (PID=55889) to work on /Users/sravanisigadam/PycharmProjects/Airflow/venv/lib/python3.9/site-packages/airflow/example_dags/example_latest_only_with_trigger.py
[2021-11-18 18:28:26,166] {processor.py:625} INFO - Processing file /Users/sravanisigadam/PycharmProjects/Airflow/venv/lib/python3.9/site-packages/airflow/example_dags/example_latest_only_with_trigger.py for tasks to queue
[2021-11-18 18:28:26,166] {logging_mixin.py:109} INFO - [2021-11-18 18:28:26,166] {dagbag.py:500} INFO - Filling up the DagBag from /Users/sravanisigadam/PycharmProjects/Airflow/venv/lib/python3.9/site-packages/airflow/example_dags/example_latest_only_with_trigger.py
[2021-11-18 18:28:26,190] {processor.py:637} INFO - DAG(s) dict_keys(['latest_only_with_trigger']) retrieved from /Users/sravanisigadam/PycharmProjects/Airflow/venv/lib/python3.9/site-packages/airflow/example_dags/example_latest_only_with_trigger.py
[2021-11-18 18:28:26,200] {logging_mixin.py:109} INFO - [2021-11-18 18:28:26,200] {dag.py:2396} INFO - Sync 1 DAGs
[2021-11-18 18:28:26,205] {logging_mixin.py:109} INFO - [2021-11-18 18:28:26,205] {dag.py:2928} INFO - Setting next_dagrun for latest_only_with_trigger to 2021-11-18T22:28:26.205359+00:00
[2021-11-18 18:28:26,210] {processor.py:171} INFO - Processing /Users/sravanisigadam/PycharmProjects/Airflow/venv/lib/python3.9/site-packages/airflow/example_dags/example_latest_only_with_trigger.py took 0.045 seconds
[2021-11-18 18:29:46,246] {processor.py:163} INFO - Started process (PID=55928) to work on /Users/sravanisigadam/PycharmProjects/Airflow/venv/lib/python3.9/site-packages/airflow/example_dags/example_latest_only_with_trigger.py
[2021-11-18 18:29:46,247] {processor.py:625} INFO - Processing file /Users/sravanisigadam/PycharmProjects/Airflow/venv/lib/python3.9/site-packages/airflow/example_dags/example_latest_only_with_trigger.py for tasks to queue
[2021-11-18 18:29:46,247] {logging_mixin.py:109} INFO - [2021-11-18 18:29:46,247] {dagbag.py:500} INFO - Filling up the DagBag from /Users/sravanisigadam/PycharmProjects/Airflow/venv/lib/python3.9/site-packages/airflow/example_dags/example_latest_only_with_trigger.py
[2021-11-18 18:29:46,269] {processor.py:637} INFO - DAG(s) dict_keys(['latest_only_with_trigger']) retrieved from /Users/sravanisigadam/PycharmProjects/Airflow/venv/lib/python3.9/site-packages/airflow/example_dags/example_latest_only_with_trigger.py
[2021-11-18 18:29:46,280] {logging_mixin.py:109} INFO - [2021-11-18 18:29:46,280] {dag.py:2396} INFO - Sync 1 DAGs
[2021-11-18 18:29:46,286] {logging_mixin.py:109} INFO - [2021-11-18 18:29:46,286] {dag.py:2928} INFO - Setting next_dagrun for latest_only_with_trigger to 2021-11-18T22:29:46.285916+00:00
[2021-11-18 18:29:46,291] {processor.py:171} INFO - Processing /Users/sravanisigadam/PycharmProjects/Airflow/venv/lib/python3.9/site-packages/airflow/example_dags/example_latest_only_with_trigger.py took 0.045 seconds
[2021-11-18 18:31:06,354] {processor.py:163} INFO - Started process (PID=55969) to work on /Users/sravanisigadam/PycharmProjects/Airflow/venv/lib/python3.9/site-packages/airflow/example_dags/example_latest_only_with_trigger.py
[2021-11-18 18:31:06,354] {processor.py:625} INFO - Processing file /Users/sravanisigadam/PycharmProjects/Airflow/venv/lib/python3.9/site-packages/airflow/example_dags/example_latest_only_with_trigger.py for tasks to queue
[2021-11-18 18:31:06,354] {logging_mixin.py:109} INFO - [2021-11-18 18:31:06,354] {dagbag.py:500} INFO - Filling up the DagBag from /Users/sravanisigadam/PycharmProjects/Airflow/venv/lib/python3.9/site-packages/airflow/example_dags/example_latest_only_with_trigger.py
[2021-11-18 18:31:06,377] {processor.py:637} INFO - DAG(s) dict_keys(['latest_only_with_trigger']) retrieved from /Users/sravanisigadam/PycharmProjects/Airflow/venv/lib/python3.9/site-packages/airflow/example_dags/example_latest_only_with_trigger.py
[2021-11-18 18:31:06,387] {logging_mixin.py:109} INFO - [2021-11-18 18:31:06,387] {dag.py:2396} INFO - Sync 1 DAGs
[2021-11-18 18:31:06,392] {logging_mixin.py:109} INFO - [2021-11-18 18:31:06,392] {dag.py:2928} INFO - Setting next_dagrun for latest_only_with_trigger to 2021-11-18T22:31:06.392386+00:00
[2021-11-18 18:31:06,398] {processor.py:171} INFO - Processing /Users/sravanisigadam/PycharmProjects/Airflow/venv/lib/python3.9/site-packages/airflow/example_dags/example_latest_only_with_trigger.py took 0.045 seconds
[2021-11-18 18:32:26,521] {processor.py:163} INFO - Started process (PID=56016) to work on /Users/sravanisigadam/PycharmProjects/Airflow/venv/lib/python3.9/site-packages/airflow/example_dags/example_latest_only_with_trigger.py
[2021-11-18 18:32:26,522] {processor.py:625} INFO - Processing file /Users/sravanisigadam/PycharmProjects/Airflow/venv/lib/python3.9/site-packages/airflow/example_dags/example_latest_only_with_trigger.py for tasks to queue
[2021-11-18 18:32:26,522] {logging_mixin.py:109} INFO - [2021-11-18 18:32:26,522] {dagbag.py:500} INFO - Filling up the DagBag from /Users/sravanisigadam/PycharmProjects/Airflow/venv/lib/python3.9/site-packages/airflow/example_dags/example_latest_only_with_trigger.py
[2021-11-18 18:32:26,545] {processor.py:637} INFO - DAG(s) dict_keys(['latest_only_with_trigger']) retrieved from /Users/sravanisigadam/PycharmProjects/Airflow/venv/lib/python3.9/site-packages/airflow/example_dags/example_latest_only_with_trigger.py
[2021-11-18 18:32:26,555] {logging_mixin.py:109} INFO - [2021-11-18 18:32:26,555] {dag.py:2396} INFO - Sync 1 DAGs
[2021-11-18 18:32:26,560] {logging_mixin.py:109} INFO - [2021-11-18 18:32:26,560] {dag.py:2928} INFO - Setting next_dagrun for latest_only_with_trigger to 2021-11-18T22:32:26.560093+00:00
[2021-11-18 18:32:26,565] {processor.py:171} INFO - Processing /Users/sravanisigadam/PycharmProjects/Airflow/venv/lib/python3.9/site-packages/airflow/example_dags/example_latest_only_with_trigger.py took 0.044 seconds
[2021-11-18 18:33:44,319] {processor.py:163} INFO - Started process (PID=56071) to work on /Users/sravanisigadam/PycharmProjects/Airflow/venv/lib/python3.9/site-packages/airflow/example_dags/example_latest_only_with_trigger.py
[2021-11-18 18:33:44,320] {processor.py:625} INFO - Processing file /Users/sravanisigadam/PycharmProjects/Airflow/venv/lib/python3.9/site-packages/airflow/example_dags/example_latest_only_with_trigger.py for tasks to queue
[2021-11-18 18:33:44,320] {logging_mixin.py:109} INFO - [2021-11-18 18:33:44,320] {dagbag.py:500} INFO - Filling up the DagBag from /Users/sravanisigadam/PycharmProjects/Airflow/venv/lib/python3.9/site-packages/airflow/example_dags/example_latest_only_with_trigger.py
[2021-11-18 18:33:44,345] {processor.py:637} INFO - DAG(s) dict_keys(['latest_only_with_trigger']) retrieved from /Users/sravanisigadam/PycharmProjects/Airflow/venv/lib/python3.9/site-packages/airflow/example_dags/example_latest_only_with_trigger.py
[2021-11-18 18:33:44,356] {logging_mixin.py:109} INFO - [2021-11-18 18:33:44,356] {dag.py:2396} INFO - Sync 1 DAGs
[2021-11-18 18:33:44,361] {logging_mixin.py:109} INFO - [2021-11-18 18:33:44,361] {dag.py:2928} INFO - Setting next_dagrun for latest_only_with_trigger to 2021-11-18T22:33:44.361479+00:00
[2021-11-18 18:33:44,366] {processor.py:171} INFO - Processing /Users/sravanisigadam/PycharmProjects/Airflow/venv/lib/python3.9/site-packages/airflow/example_dags/example_latest_only_with_trigger.py took 0.047 seconds
[2021-11-18 18:46:42,003] {processor.py:163} INFO - Started process (PID=56114) to work on /Users/sravanisigadam/PycharmProjects/Airflow/venv/lib/python3.9/site-packages/airflow/example_dags/example_latest_only_with_trigger.py
[2021-11-18 18:46:42,004] {processor.py:625} INFO - Processing file /Users/sravanisigadam/PycharmProjects/Airflow/venv/lib/python3.9/site-packages/airflow/example_dags/example_latest_only_with_trigger.py for tasks to queue
[2021-11-18 18:46:42,004] {logging_mixin.py:109} INFO - [2021-11-18 18:46:42,004] {dagbag.py:500} INFO - Filling up the DagBag from /Users/sravanisigadam/PycharmProjects/Airflow/venv/lib/python3.9/site-packages/airflow/example_dags/example_latest_only_with_trigger.py
[2021-11-18 18:46:42,026] {processor.py:637} INFO - DAG(s) dict_keys(['latest_only_with_trigger']) retrieved from /Users/sravanisigadam/PycharmProjects/Airflow/venv/lib/python3.9/site-packages/airflow/example_dags/example_latest_only_with_trigger.py
[2021-11-18 18:46:42,036] {logging_mixin.py:109} INFO - [2021-11-18 18:46:42,036] {dag.py:2396} INFO - Sync 1 DAGs
[2021-11-18 18:46:42,041] {logging_mixin.py:109} INFO - [2021-11-18 18:46:42,041] {dag.py:2928} INFO - Setting next_dagrun for latest_only_with_trigger to 2021-11-18T22:46:42.041169+00:00
[2021-11-18 18:46:42,045] {processor.py:171} INFO - Processing /Users/sravanisigadam/PycharmProjects/Airflow/venv/lib/python3.9/site-packages/airflow/example_dags/example_latest_only_with_trigger.py took 0.043 seconds
[2021-11-18 18:47:59,906] {processor.py:163} INFO - Started process (PID=56170) to work on /Users/sravanisigadam/PycharmProjects/Airflow/venv/lib/python3.9/site-packages/airflow/example_dags/example_latest_only_with_trigger.py
[2021-11-18 18:47:59,907] {processor.py:625} INFO - Processing file /Users/sravanisigadam/PycharmProjects/Airflow/venv/lib/python3.9/site-packages/airflow/example_dags/example_latest_only_with_trigger.py for tasks to queue
[2021-11-18 18:47:59,907] {logging_mixin.py:109} INFO - [2021-11-18 18:47:59,907] {dagbag.py:500} INFO - Filling up the DagBag from /Users/sravanisigadam/PycharmProjects/Airflow/venv/lib/python3.9/site-packages/airflow/example_dags/example_latest_only_with_trigger.py
[2021-11-18 18:47:59,932] {processor.py:637} INFO - DAG(s) dict_keys(['latest_only_with_trigger']) retrieved from /Users/sravanisigadam/PycharmProjects/Airflow/venv/lib/python3.9/site-packages/airflow/example_dags/example_latest_only_with_trigger.py
[2021-11-18 18:47:59,943] {logging_mixin.py:109} INFO - [2021-11-18 18:47:59,943] {dag.py:2396} INFO - Sync 1 DAGs
[2021-11-18 18:47:59,949] {logging_mixin.py:109} INFO - [2021-11-18 18:47:59,949] {dag.py:2928} INFO - Setting next_dagrun for latest_only_with_trigger to 2021-11-18T22:47:59.948899+00:00
[2021-11-18 18:47:59,954] {processor.py:171} INFO - Processing /Users/sravanisigadam/PycharmProjects/Airflow/venv/lib/python3.9/site-packages/airflow/example_dags/example_latest_only_with_trigger.py took 0.048 seconds
[2021-11-18 18:49:21,602] {processor.py:163} INFO - Started process (PID=56227) to work on /Users/sravanisigadam/PycharmProjects/Airflow/venv/lib/python3.9/site-packages/airflow/example_dags/example_latest_only_with_trigger.py
[2021-11-18 18:49:21,603] {processor.py:625} INFO - Processing file /Users/sravanisigadam/PycharmProjects/Airflow/venv/lib/python3.9/site-packages/airflow/example_dags/example_latest_only_with_trigger.py for tasks to queue
[2021-11-18 18:49:21,604] {logging_mixin.py:109} INFO - [2021-11-18 18:49:21,604] {dagbag.py:500} INFO - Filling up the DagBag from /Users/sravanisigadam/PycharmProjects/Airflow/venv/lib/python3.9/site-packages/airflow/example_dags/example_latest_only_with_trigger.py
[2021-11-18 18:49:21,631] {processor.py:637} INFO - DAG(s) dict_keys(['latest_only_with_trigger']) retrieved from /Users/sravanisigadam/PycharmProjects/Airflow/venv/lib/python3.9/site-packages/airflow/example_dags/example_latest_only_with_trigger.py
[2021-11-18 18:49:21,645] {logging_mixin.py:109} INFO - [2021-11-18 18:49:21,644] {dag.py:2396} INFO - Sync 1 DAGs
[2021-11-18 18:49:21,651] {logging_mixin.py:109} INFO - [2021-11-18 18:49:21,651] {dag.py:2928} INFO - Setting next_dagrun for latest_only_with_trigger to 2021-11-18T22:49:21.651342+00:00
[2021-11-18 18:49:21,658] {processor.py:171} INFO - Processing /Users/sravanisigadam/PycharmProjects/Airflow/venv/lib/python3.9/site-packages/airflow/example_dags/example_latest_only_with_trigger.py took 0.056 seconds
[2021-11-18 18:50:41,622] {processor.py:163} INFO - Started process (PID=56270) to work on /Users/sravanisigadam/PycharmProjects/Airflow/venv/lib/python3.9/site-packages/airflow/example_dags/example_latest_only_with_trigger.py
[2021-11-18 18:50:41,622] {processor.py:625} INFO - Processing file /Users/sravanisigadam/PycharmProjects/Airflow/venv/lib/python3.9/site-packages/airflow/example_dags/example_latest_only_with_trigger.py for tasks to queue
[2021-11-18 18:50:41,622] {logging_mixin.py:109} INFO - [2021-11-18 18:50:41,622] {dagbag.py:500} INFO - Filling up the DagBag from /Users/sravanisigadam/PycharmProjects/Airflow/venv/lib/python3.9/site-packages/airflow/example_dags/example_latest_only_with_trigger.py
[2021-11-18 18:50:41,645] {processor.py:637} INFO - DAG(s) dict_keys(['latest_only_with_trigger']) retrieved from /Users/sravanisigadam/PycharmProjects/Airflow/venv/lib/python3.9/site-packages/airflow/example_dags/example_latest_only_with_trigger.py
[2021-11-18 18:50:41,656] {logging_mixin.py:109} INFO - [2021-11-18 18:50:41,656] {dag.py:2396} INFO - Sync 1 DAGs
[2021-11-18 18:50:41,661] {logging_mixin.py:109} INFO - [2021-11-18 18:50:41,661] {dag.py:2928} INFO - Setting next_dagrun for latest_only_with_trigger to 2021-11-18T22:50:41.661083+00:00
[2021-11-18 18:50:41,666] {processor.py:171} INFO - Processing /Users/sravanisigadam/PycharmProjects/Airflow/venv/lib/python3.9/site-packages/airflow/example_dags/example_latest_only_with_trigger.py took 0.045 seconds
[2021-11-18 18:51:58,613] {processor.py:163} INFO - Started process (PID=56310) to work on /Users/sravanisigadam/PycharmProjects/Airflow/venv/lib/python3.9/site-packages/airflow/example_dags/example_latest_only_with_trigger.py
[2021-11-18 18:51:58,614] {processor.py:625} INFO - Processing file /Users/sravanisigadam/PycharmProjects/Airflow/venv/lib/python3.9/site-packages/airflow/example_dags/example_latest_only_with_trigger.py for tasks to queue
[2021-11-18 18:51:58,614] {logging_mixin.py:109} INFO - [2021-11-18 18:51:58,614] {dagbag.py:500} INFO - Filling up the DagBag from /Users/sravanisigadam/PycharmProjects/Airflow/venv/lib/python3.9/site-packages/airflow/example_dags/example_latest_only_with_trigger.py
[2021-11-18 18:51:58,637] {processor.py:637} INFO - DAG(s) dict_keys(['latest_only_with_trigger']) retrieved from /Users/sravanisigadam/PycharmProjects/Airflow/venv/lib/python3.9/site-packages/airflow/example_dags/example_latest_only_with_trigger.py
[2021-11-18 18:51:58,648] {logging_mixin.py:109} INFO - [2021-11-18 18:51:58,647] {dag.py:2396} INFO - Sync 1 DAGs
[2021-11-18 18:51:58,653] {logging_mixin.py:109} INFO - [2021-11-18 18:51:58,653] {dag.py:2928} INFO - Setting next_dagrun for latest_only_with_trigger to 2021-11-18T22:51:58.652966+00:00
[2021-11-18 18:51:58,658] {processor.py:171} INFO - Processing /Users/sravanisigadam/PycharmProjects/Airflow/venv/lib/python3.9/site-packages/airflow/example_dags/example_latest_only_with_trigger.py took 0.045 seconds
[2021-11-18 18:53:16,054] {processor.py:163} INFO - Started process (PID=56352) to work on /Users/sravanisigadam/PycharmProjects/Airflow/venv/lib/python3.9/site-packages/airflow/example_dags/example_latest_only_with_trigger.py
[2021-11-18 18:53:16,055] {processor.py:625} INFO - Processing file /Users/sravanisigadam/PycharmProjects/Airflow/venv/lib/python3.9/site-packages/airflow/example_dags/example_latest_only_with_trigger.py for tasks to queue
[2021-11-18 18:53:16,055] {logging_mixin.py:109} INFO - [2021-11-18 18:53:16,055] {dagbag.py:500} INFO - Filling up the DagBag from /Users/sravanisigadam/PycharmProjects/Airflow/venv/lib/python3.9/site-packages/airflow/example_dags/example_latest_only_with_trigger.py
[2021-11-18 18:53:16,078] {processor.py:637} INFO - DAG(s) dict_keys(['latest_only_with_trigger']) retrieved from /Users/sravanisigadam/PycharmProjects/Airflow/venv/lib/python3.9/site-packages/airflow/example_dags/example_latest_only_with_trigger.py
[2021-11-18 18:53:16,089] {logging_mixin.py:109} INFO - [2021-11-18 18:53:16,089] {dag.py:2396} INFO - Sync 1 DAGs
[2021-11-18 18:53:16,094] {logging_mixin.py:109} INFO - [2021-11-18 18:53:16,094] {dag.py:2928} INFO - Setting next_dagrun for latest_only_with_trigger to 2021-11-18T22:53:16.094239+00:00
[2021-11-18 18:53:16,099] {processor.py:171} INFO - Processing /Users/sravanisigadam/PycharmProjects/Airflow/venv/lib/python3.9/site-packages/airflow/example_dags/example_latest_only_with_trigger.py took 0.045 seconds
[2021-11-18 18:54:33,837] {processor.py:163} INFO - Started process (PID=56393) to work on /Users/sravanisigadam/PycharmProjects/Airflow/venv/lib/python3.9/site-packages/airflow/example_dags/example_latest_only_with_trigger.py
[2021-11-18 18:54:33,838] {processor.py:625} INFO - Processing file /Users/sravanisigadam/PycharmProjects/Airflow/venv/lib/python3.9/site-packages/airflow/example_dags/example_latest_only_with_trigger.py for tasks to queue
[2021-11-18 18:54:33,838] {logging_mixin.py:109} INFO - [2021-11-18 18:54:33,838] {dagbag.py:500} INFO - Filling up the DagBag from /Users/sravanisigadam/PycharmProjects/Airflow/venv/lib/python3.9/site-packages/airflow/example_dags/example_latest_only_with_trigger.py
[2021-11-18 18:54:33,863] {processor.py:637} INFO - DAG(s) dict_keys(['latest_only_with_trigger']) retrieved from /Users/sravanisigadam/PycharmProjects/Airflow/venv/lib/python3.9/site-packages/airflow/example_dags/example_latest_only_with_trigger.py
[2021-11-18 18:54:33,874] {logging_mixin.py:109} INFO - [2021-11-18 18:54:33,874] {dag.py:2396} INFO - Sync 1 DAGs
[2021-11-18 18:54:33,879] {logging_mixin.py:109} INFO - [2021-11-18 18:54:33,879] {dag.py:2928} INFO - Setting next_dagrun for latest_only_with_trigger to 2021-11-18T22:54:33.879041+00:00
[2021-11-18 18:54:33,883] {processor.py:171} INFO - Processing /Users/sravanisigadam/PycharmProjects/Airflow/venv/lib/python3.9/site-packages/airflow/example_dags/example_latest_only_with_trigger.py took 0.046 seconds
[2021-11-18 18:55:51,688] {processor.py:163} INFO - Started process (PID=56435) to work on /Users/sravanisigadam/PycharmProjects/Airflow/venv/lib/python3.9/site-packages/airflow/example_dags/example_latest_only_with_trigger.py
[2021-11-18 18:55:51,689] {processor.py:625} INFO - Processing file /Users/sravanisigadam/PycharmProjects/Airflow/venv/lib/python3.9/site-packages/airflow/example_dags/example_latest_only_with_trigger.py for tasks to queue
[2021-11-18 18:55:51,690] {logging_mixin.py:109} INFO - [2021-11-18 18:55:51,690] {dagbag.py:500} INFO - Filling up the DagBag from /Users/sravanisigadam/PycharmProjects/Airflow/venv/lib/python3.9/site-packages/airflow/example_dags/example_latest_only_with_trigger.py
[2021-11-18 18:55:51,714] {processor.py:637} INFO - DAG(s) dict_keys(['latest_only_with_trigger']) retrieved from /Users/sravanisigadam/PycharmProjects/Airflow/venv/lib/python3.9/site-packages/airflow/example_dags/example_latest_only_with_trigger.py
[2021-11-18 18:55:51,725] {logging_mixin.py:109} INFO - [2021-11-18 18:55:51,725] {dag.py:2396} INFO - Sync 1 DAGs
[2021-11-18 18:55:51,730] {logging_mixin.py:109} INFO - [2021-11-18 18:55:51,730] {dag.py:2928} INFO - Setting next_dagrun for latest_only_with_trigger to 2021-11-18T22:55:51.730423+00:00
[2021-11-18 18:55:51,735] {processor.py:171} INFO - Processing /Users/sravanisigadam/PycharmProjects/Airflow/venv/lib/python3.9/site-packages/airflow/example_dags/example_latest_only_with_trigger.py took 0.047 seconds
[2021-11-18 18:57:10,019] {processor.py:163} INFO - Started process (PID=56477) to work on /Users/sravanisigadam/PycharmProjects/Airflow/venv/lib/python3.9/site-packages/airflow/example_dags/example_latest_only_with_trigger.py
[2021-11-18 18:57:10,021] {processor.py:625} INFO - Processing file /Users/sravanisigadam/PycharmProjects/Airflow/venv/lib/python3.9/site-packages/airflow/example_dags/example_latest_only_with_trigger.py for tasks to queue
[2021-11-18 18:57:10,021] {logging_mixin.py:109} INFO - [2021-11-18 18:57:10,021] {dagbag.py:500} INFO - Filling up the DagBag from /Users/sravanisigadam/PycharmProjects/Airflow/venv/lib/python3.9/site-packages/airflow/example_dags/example_latest_only_with_trigger.py
[2021-11-18 18:57:10,045] {processor.py:637} INFO - DAG(s) dict_keys(['latest_only_with_trigger']) retrieved from /Users/sravanisigadam/PycharmProjects/Airflow/venv/lib/python3.9/site-packages/airflow/example_dags/example_latest_only_with_trigger.py
[2021-11-18 18:57:10,055] {logging_mixin.py:109} INFO - [2021-11-18 18:57:10,055] {dag.py:2396} INFO - Sync 1 DAGs
[2021-11-18 18:57:10,060] {logging_mixin.py:109} INFO - [2021-11-18 18:57:10,060] {dag.py:2928} INFO - Setting next_dagrun for latest_only_with_trigger to 2021-11-18T22:57:10.060714+00:00
[2021-11-18 18:57:10,066] {processor.py:171} INFO - Processing /Users/sravanisigadam/PycharmProjects/Airflow/venv/lib/python3.9/site-packages/airflow/example_dags/example_latest_only_with_trigger.py took 0.047 seconds
[2021-11-18 18:58:27,919] {processor.py:163} INFO - Started process (PID=56526) to work on /Users/sravanisigadam/PycharmProjects/Airflow/venv/lib/python3.9/site-packages/airflow/example_dags/example_latest_only_with_trigger.py
[2021-11-18 18:58:27,920] {processor.py:625} INFO - Processing file /Users/sravanisigadam/PycharmProjects/Airflow/venv/lib/python3.9/site-packages/airflow/example_dags/example_latest_only_with_trigger.py for tasks to queue
[2021-11-18 18:58:27,920] {logging_mixin.py:109} INFO - [2021-11-18 18:58:27,920] {dagbag.py:500} INFO - Filling up the DagBag from /Users/sravanisigadam/PycharmProjects/Airflow/venv/lib/python3.9/site-packages/airflow/example_dags/example_latest_only_with_trigger.py
[2021-11-18 18:58:27,943] {processor.py:637} INFO - DAG(s) dict_keys(['latest_only_with_trigger']) retrieved from /Users/sravanisigadam/PycharmProjects/Airflow/venv/lib/python3.9/site-packages/airflow/example_dags/example_latest_only_with_trigger.py
[2021-11-18 18:58:27,954] {logging_mixin.py:109} INFO - [2021-11-18 18:58:27,953] {dag.py:2396} INFO - Sync 1 DAGs
[2021-11-18 18:58:27,959] {logging_mixin.py:109} INFO - [2021-11-18 18:58:27,958] {dag.py:2928} INFO - Setting next_dagrun for latest_only_with_trigger to 2021-11-18T22:58:27.958851+00:00
[2021-11-18 18:58:27,963] {processor.py:171} INFO - Processing /Users/sravanisigadam/PycharmProjects/Airflow/venv/lib/python3.9/site-packages/airflow/example_dags/example_latest_only_with_trigger.py took 0.045 seconds
[2021-11-18 18:59:46,589] {processor.py:163} INFO - Started process (PID=56564) to work on /Users/sravanisigadam/PycharmProjects/Airflow/venv/lib/python3.9/site-packages/airflow/example_dags/example_latest_only_with_trigger.py
[2021-11-18 18:59:46,592] {processor.py:625} INFO - Processing file /Users/sravanisigadam/PycharmProjects/Airflow/venv/lib/python3.9/site-packages/airflow/example_dags/example_latest_only_with_trigger.py for tasks to queue
[2021-11-18 18:59:46,592] {logging_mixin.py:109} INFO - [2021-11-18 18:59:46,592] {dagbag.py:500} INFO - Filling up the DagBag from /Users/sravanisigadam/PycharmProjects/Airflow/venv/lib/python3.9/site-packages/airflow/example_dags/example_latest_only_with_trigger.py
[2021-11-18 18:59:46,616] {processor.py:637} INFO - DAG(s) dict_keys(['latest_only_with_trigger']) retrieved from /Users/sravanisigadam/PycharmProjects/Airflow/venv/lib/python3.9/site-packages/airflow/example_dags/example_latest_only_with_trigger.py
[2021-11-18 18:59:46,626] {logging_mixin.py:109} INFO - [2021-11-18 18:59:46,626] {dag.py:2396} INFO - Sync 1 DAGs
[2021-11-18 18:59:46,631] {logging_mixin.py:109} INFO - [2021-11-18 18:59:46,631] {dag.py:2928} INFO - Setting next_dagrun for latest_only_with_trigger to 2021-11-18T22:59:46.631462+00:00
[2021-11-18 18:59:46,636] {processor.py:171} INFO - Processing /Users/sravanisigadam/PycharmProjects/Airflow/venv/lib/python3.9/site-packages/airflow/example_dags/example_latest_only_with_trigger.py took 0.047 seconds
[2021-11-18 19:01:07,333] {processor.py:163} INFO - Started process (PID=56616) to work on /Users/sravanisigadam/PycharmProjects/Airflow/venv/lib/python3.9/site-packages/airflow/example_dags/example_latest_only_with_trigger.py
[2021-11-18 19:01:07,334] {processor.py:625} INFO - Processing file /Users/sravanisigadam/PycharmProjects/Airflow/venv/lib/python3.9/site-packages/airflow/example_dags/example_latest_only_with_trigger.py for tasks to queue
[2021-11-18 19:01:07,335] {logging_mixin.py:109} INFO - [2021-11-18 19:01:07,335] {dagbag.py:500} INFO - Filling up the DagBag from /Users/sravanisigadam/PycharmProjects/Airflow/venv/lib/python3.9/site-packages/airflow/example_dags/example_latest_only_with_trigger.py
[2021-11-18 19:01:07,358] {processor.py:637} INFO - DAG(s) dict_keys(['latest_only_with_trigger']) retrieved from /Users/sravanisigadam/PycharmProjects/Airflow/venv/lib/python3.9/site-packages/airflow/example_dags/example_latest_only_with_trigger.py
[2021-11-18 19:01:07,369] {logging_mixin.py:109} INFO - [2021-11-18 19:01:07,369] {dag.py:2396} INFO - Sync 1 DAGs
[2021-11-18 19:01:07,374] {logging_mixin.py:109} INFO - [2021-11-18 19:01:07,374] {dag.py:2928} INFO - Setting next_dagrun for latest_only_with_trigger to 2021-11-18T23:01:07.374485+00:00
[2021-11-18 19:01:07,379] {processor.py:171} INFO - Processing /Users/sravanisigadam/PycharmProjects/Airflow/venv/lib/python3.9/site-packages/airflow/example_dags/example_latest_only_with_trigger.py took 0.046 seconds
[2021-11-18 19:02:24,386] {processor.py:163} INFO - Started process (PID=56656) to work on /Users/sravanisigadam/PycharmProjects/Airflow/venv/lib/python3.9/site-packages/airflow/example_dags/example_latest_only_with_trigger.py
[2021-11-18 19:02:24,386] {processor.py:625} INFO - Processing file /Users/sravanisigadam/PycharmProjects/Airflow/venv/lib/python3.9/site-packages/airflow/example_dags/example_latest_only_with_trigger.py for tasks to queue
[2021-11-18 19:02:24,386] {logging_mixin.py:109} INFO - [2021-11-18 19:02:24,386] {dagbag.py:500} INFO - Filling up the DagBag from /Users/sravanisigadam/PycharmProjects/Airflow/venv/lib/python3.9/site-packages/airflow/example_dags/example_latest_only_with_trigger.py
[2021-11-18 19:02:24,410] {processor.py:637} INFO - DAG(s) dict_keys(['latest_only_with_trigger']) retrieved from /Users/sravanisigadam/PycharmProjects/Airflow/venv/lib/python3.9/site-packages/airflow/example_dags/example_latest_only_with_trigger.py
[2021-11-18 19:02:24,420] {logging_mixin.py:109} INFO - [2021-11-18 19:02:24,420] {dag.py:2396} INFO - Sync 1 DAGs
[2021-11-18 19:02:24,425] {logging_mixin.py:109} INFO - [2021-11-18 19:02:24,425] {dag.py:2928} INFO - Setting next_dagrun for latest_only_with_trigger to 2021-11-18T23:02:24.425678+00:00
[2021-11-18 19:02:24,430] {processor.py:171} INFO - Processing /Users/sravanisigadam/PycharmProjects/Airflow/venv/lib/python3.9/site-packages/airflow/example_dags/example_latest_only_with_trigger.py took 0.045 seconds
[2021-11-18 19:03:42,176] {processor.py:163} INFO - Started process (PID=56700) to work on /Users/sravanisigadam/PycharmProjects/Airflow/venv/lib/python3.9/site-packages/airflow/example_dags/example_latest_only_with_trigger.py
[2021-11-18 19:03:42,178] {processor.py:625} INFO - Processing file /Users/sravanisigadam/PycharmProjects/Airflow/venv/lib/python3.9/site-packages/airflow/example_dags/example_latest_only_with_trigger.py for tasks to queue
[2021-11-18 19:03:42,178] {logging_mixin.py:109} INFO - [2021-11-18 19:03:42,178] {dagbag.py:500} INFO - Filling up the DagBag from /Users/sravanisigadam/PycharmProjects/Airflow/venv/lib/python3.9/site-packages/airflow/example_dags/example_latest_only_with_trigger.py
[2021-11-18 19:03:42,199] {processor.py:637} INFO - DAG(s) dict_keys(['latest_only_with_trigger']) retrieved from /Users/sravanisigadam/PycharmProjects/Airflow/venv/lib/python3.9/site-packages/airflow/example_dags/example_latest_only_with_trigger.py
[2021-11-18 19:03:42,209] {logging_mixin.py:109} INFO - [2021-11-18 19:03:42,209] {dag.py:2396} INFO - Sync 1 DAGs
[2021-11-18 19:03:42,215] {logging_mixin.py:109} INFO - [2021-11-18 19:03:42,214] {dag.py:2928} INFO - Setting next_dagrun for latest_only_with_trigger to 2021-11-18T23:03:42.214793+00:00
[2021-11-18 19:03:42,219] {processor.py:171} INFO - Processing /Users/sravanisigadam/PycharmProjects/Airflow/venv/lib/python3.9/site-packages/airflow/example_dags/example_latest_only_with_trigger.py took 0.043 seconds
[2021-11-18 19:05:01,499] {processor.py:163} INFO - Started process (PID=56753) to work on /Users/sravanisigadam/PycharmProjects/Airflow/venv/lib/python3.9/site-packages/airflow/example_dags/example_latest_only_with_trigger.py
[2021-11-18 19:05:01,501] {processor.py:625} INFO - Processing file /Users/sravanisigadam/PycharmProjects/Airflow/venv/lib/python3.9/site-packages/airflow/example_dags/example_latest_only_with_trigger.py for tasks to queue
[2021-11-18 19:05:01,501] {logging_mixin.py:109} INFO - [2021-11-18 19:05:01,501] {dagbag.py:500} INFO - Filling up the DagBag from /Users/sravanisigadam/PycharmProjects/Airflow/venv/lib/python3.9/site-packages/airflow/example_dags/example_latest_only_with_trigger.py
[2021-11-18 19:05:01,524] {processor.py:637} INFO - DAG(s) dict_keys(['latest_only_with_trigger']) retrieved from /Users/sravanisigadam/PycharmProjects/Airflow/venv/lib/python3.9/site-packages/airflow/example_dags/example_latest_only_with_trigger.py
[2021-11-18 19:05:01,534] {logging_mixin.py:109} INFO - [2021-11-18 19:05:01,534] {dag.py:2396} INFO - Sync 1 DAGs
[2021-11-18 19:05:01,556] {logging_mixin.py:109} INFO - [2021-11-18 19:05:01,556] {dag.py:2928} INFO - Setting next_dagrun for latest_only_with_trigger to 2021-11-18T23:05:01.556395+00:00
[2021-11-18 19:05:01,561] {processor.py:171} INFO - Processing /Users/sravanisigadam/PycharmProjects/Airflow/venv/lib/python3.9/site-packages/airflow/example_dags/example_latest_only_with_trigger.py took 0.062 seconds
[2021-11-18 19:06:19,446] {processor.py:163} INFO - Started process (PID=56822) to work on /Users/sravanisigadam/PycharmProjects/Airflow/venv/lib/python3.9/site-packages/airflow/example_dags/example_latest_only_with_trigger.py
[2021-11-18 19:06:19,447] {processor.py:625} INFO - Processing file /Users/sravanisigadam/PycharmProjects/Airflow/venv/lib/python3.9/site-packages/airflow/example_dags/example_latest_only_with_trigger.py for tasks to queue
[2021-11-18 19:06:19,447] {logging_mixin.py:109} INFO - [2021-11-18 19:06:19,447] {dagbag.py:500} INFO - Filling up the DagBag from /Users/sravanisigadam/PycharmProjects/Airflow/venv/lib/python3.9/site-packages/airflow/example_dags/example_latest_only_with_trigger.py
[2021-11-18 19:06:19,471] {processor.py:637} INFO - DAG(s) dict_keys(['latest_only_with_trigger']) retrieved from /Users/sravanisigadam/PycharmProjects/Airflow/venv/lib/python3.9/site-packages/airflow/example_dags/example_latest_only_with_trigger.py
[2021-11-18 19:06:19,481] {logging_mixin.py:109} INFO - [2021-11-18 19:06:19,481] {dag.py:2396} INFO - Sync 1 DAGs
[2021-11-18 19:06:19,487] {logging_mixin.py:109} INFO - [2021-11-18 19:06:19,487] {dag.py:2928} INFO - Setting next_dagrun for latest_only_with_trigger to 2021-11-18T23:06:19.486878+00:00
[2021-11-18 19:06:19,492] {processor.py:171} INFO - Processing /Users/sravanisigadam/PycharmProjects/Airflow/venv/lib/python3.9/site-packages/airflow/example_dags/example_latest_only_with_trigger.py took 0.046 seconds
[2021-11-18 19:07:39,068] {processor.py:163} INFO - Started process (PID=56887) to work on /Users/sravanisigadam/PycharmProjects/Airflow/venv/lib/python3.9/site-packages/airflow/example_dags/example_latest_only_with_trigger.py
[2021-11-18 19:07:39,068] {processor.py:625} INFO - Processing file /Users/sravanisigadam/PycharmProjects/Airflow/venv/lib/python3.9/site-packages/airflow/example_dags/example_latest_only_with_trigger.py for tasks to queue
[2021-11-18 19:07:39,068] {logging_mixin.py:109} INFO - [2021-11-18 19:07:39,068] {dagbag.py:500} INFO - Filling up the DagBag from /Users/sravanisigadam/PycharmProjects/Airflow/venv/lib/python3.9/site-packages/airflow/example_dags/example_latest_only_with_trigger.py
[2021-11-18 19:07:39,092] {processor.py:637} INFO - DAG(s) dict_keys(['latest_only_with_trigger']) retrieved from /Users/sravanisigadam/PycharmProjects/Airflow/venv/lib/python3.9/site-packages/airflow/example_dags/example_latest_only_with_trigger.py
[2021-11-18 19:07:39,102] {logging_mixin.py:109} INFO - [2021-11-18 19:07:39,102] {dag.py:2396} INFO - Sync 1 DAGs
[2021-11-18 19:07:39,108] {logging_mixin.py:109} INFO - [2021-11-18 19:07:39,107] {dag.py:2928} INFO - Setting next_dagrun for latest_only_with_trigger to 2021-11-18T23:07:39.107826+00:00
[2021-11-18 19:07:39,113] {processor.py:171} INFO - Processing /Users/sravanisigadam/PycharmProjects/Airflow/venv/lib/python3.9/site-packages/airflow/example_dags/example_latest_only_with_trigger.py took 0.046 seconds
[2021-11-18 19:08:57,153] {processor.py:163} INFO - Started process (PID=56944) to work on /Users/sravanisigadam/PycharmProjects/Airflow/venv/lib/python3.9/site-packages/airflow/example_dags/example_latest_only_with_trigger.py
[2021-11-18 19:08:57,153] {processor.py:625} INFO - Processing file /Users/sravanisigadam/PycharmProjects/Airflow/venv/lib/python3.9/site-packages/airflow/example_dags/example_latest_only_with_trigger.py for tasks to queue
[2021-11-18 19:08:57,154] {logging_mixin.py:109} INFO - [2021-11-18 19:08:57,154] {dagbag.py:500} INFO - Filling up the DagBag from /Users/sravanisigadam/PycharmProjects/Airflow/venv/lib/python3.9/site-packages/airflow/example_dags/example_latest_only_with_trigger.py
[2021-11-18 19:08:57,182] {processor.py:637} INFO - DAG(s) dict_keys(['latest_only_with_trigger']) retrieved from /Users/sravanisigadam/PycharmProjects/Airflow/venv/lib/python3.9/site-packages/airflow/example_dags/example_latest_only_with_trigger.py
[2021-11-18 19:08:57,195] {logging_mixin.py:109} INFO - [2021-11-18 19:08:57,195] {dag.py:2396} INFO - Sync 1 DAGs
[2021-11-18 19:08:57,203] {logging_mixin.py:109} INFO - [2021-11-18 19:08:57,203] {dag.py:2928} INFO - Setting next_dagrun for latest_only_with_trigger to 2021-11-18T23:08:57.203496+00:00
[2021-11-18 19:08:57,211] {processor.py:171} INFO - Processing /Users/sravanisigadam/PycharmProjects/Airflow/venv/lib/python3.9/site-packages/airflow/example_dags/example_latest_only_with_trigger.py took 0.058 seconds
[2021-11-18 19:10:15,358] {processor.py:163} INFO - Started process (PID=56989) to work on /Users/sravanisigadam/PycharmProjects/Airflow/venv/lib/python3.9/site-packages/airflow/example_dags/example_latest_only_with_trigger.py
[2021-11-18 19:10:15,358] {processor.py:625} INFO - Processing file /Users/sravanisigadam/PycharmProjects/Airflow/venv/lib/python3.9/site-packages/airflow/example_dags/example_latest_only_with_trigger.py for tasks to queue
[2021-11-18 19:10:15,358] {logging_mixin.py:109} INFO - [2021-11-18 19:10:15,358] {dagbag.py:500} INFO - Filling up the DagBag from /Users/sravanisigadam/PycharmProjects/Airflow/venv/lib/python3.9/site-packages/airflow/example_dags/example_latest_only_with_trigger.py
[2021-11-18 19:10:15,382] {processor.py:637} INFO - DAG(s) dict_keys(['latest_only_with_trigger']) retrieved from /Users/sravanisigadam/PycharmProjects/Airflow/venv/lib/python3.9/site-packages/airflow/example_dags/example_latest_only_with_trigger.py
[2021-11-18 19:10:15,394] {logging_mixin.py:109} INFO - [2021-11-18 19:10:15,393] {dag.py:2396} INFO - Sync 1 DAGs
[2021-11-18 19:10:15,399] {logging_mixin.py:109} INFO - [2021-11-18 19:10:15,399] {dag.py:2928} INFO - Setting next_dagrun for latest_only_with_trigger to 2021-11-18T23:10:15.399080+00:00
[2021-11-18 19:10:15,404] {processor.py:171} INFO - Processing /Users/sravanisigadam/PycharmProjects/Airflow/venv/lib/python3.9/site-packages/airflow/example_dags/example_latest_only_with_trigger.py took 0.047 seconds
[2021-11-18 19:11:35,650] {processor.py:163} INFO - Started process (PID=57036) to work on /Users/sravanisigadam/PycharmProjects/Airflow/venv/lib/python3.9/site-packages/airflow/example_dags/example_latest_only_with_trigger.py
[2021-11-18 19:11:35,651] {processor.py:625} INFO - Processing file /Users/sravanisigadam/PycharmProjects/Airflow/venv/lib/python3.9/site-packages/airflow/example_dags/example_latest_only_with_trigger.py for tasks to queue
[2021-11-18 19:11:35,651] {logging_mixin.py:109} INFO - [2021-11-18 19:11:35,651] {dagbag.py:500} INFO - Filling up the DagBag from /Users/sravanisigadam/PycharmProjects/Airflow/venv/lib/python3.9/site-packages/airflow/example_dags/example_latest_only_with_trigger.py
[2021-11-18 19:11:35,677] {processor.py:637} INFO - DAG(s) dict_keys(['latest_only_with_trigger']) retrieved from /Users/sravanisigadam/PycharmProjects/Airflow/venv/lib/python3.9/site-packages/airflow/example_dags/example_latest_only_with_trigger.py
[2021-11-18 19:11:35,688] {logging_mixin.py:109} INFO - [2021-11-18 19:11:35,688] {dag.py:2396} INFO - Sync 1 DAGs
[2021-11-18 19:11:35,693] {logging_mixin.py:109} INFO - [2021-11-18 19:11:35,693] {dag.py:2928} INFO - Setting next_dagrun for latest_only_with_trigger to 2021-11-18T23:11:35.693430+00:00
[2021-11-18 19:11:35,699] {processor.py:171} INFO - Processing /Users/sravanisigadam/PycharmProjects/Airflow/venv/lib/python3.9/site-packages/airflow/example_dags/example_latest_only_with_trigger.py took 0.049 seconds
[2021-11-18 19:12:57,491] {processor.py:163} INFO - Started process (PID=57083) to work on /Users/sravanisigadam/PycharmProjects/Airflow/venv/lib/python3.9/site-packages/airflow/example_dags/example_latest_only_with_trigger.py
[2021-11-18 19:12:57,491] {processor.py:625} INFO - Processing file /Users/sravanisigadam/PycharmProjects/Airflow/venv/lib/python3.9/site-packages/airflow/example_dags/example_latest_only_with_trigger.py for tasks to queue
[2021-11-18 19:12:57,491] {logging_mixin.py:109} INFO - [2021-11-18 19:12:57,491] {dagbag.py:500} INFO - Filling up the DagBag from /Users/sravanisigadam/PycharmProjects/Airflow/venv/lib/python3.9/site-packages/airflow/example_dags/example_latest_only_with_trigger.py
[2021-11-18 19:12:57,518] {processor.py:637} INFO - DAG(s) dict_keys(['latest_only_with_trigger']) retrieved from /Users/sravanisigadam/PycharmProjects/Airflow/venv/lib/python3.9/site-packages/airflow/example_dags/example_latest_only_with_trigger.py
[2021-11-18 19:12:57,532] {logging_mixin.py:109} INFO - [2021-11-18 19:12:57,532] {dag.py:2396} INFO - Sync 1 DAGs
[2021-11-18 19:12:57,539] {logging_mixin.py:109} INFO - [2021-11-18 19:12:57,539] {dag.py:2928} INFO - Setting next_dagrun for latest_only_with_trigger to 2021-11-18T23:12:57.539227+00:00
[2021-11-18 19:12:57,544] {processor.py:171} INFO - Processing /Users/sravanisigadam/PycharmProjects/Airflow/venv/lib/python3.9/site-packages/airflow/example_dags/example_latest_only_with_trigger.py took 0.054 seconds
[2021-11-18 19:14:20,914] {processor.py:163} INFO - Started process (PID=57159) to work on /Users/sravanisigadam/PycharmProjects/Airflow/venv/lib/python3.9/site-packages/airflow/example_dags/example_latest_only_with_trigger.py
[2021-11-18 19:14:20,914] {processor.py:625} INFO - Processing file /Users/sravanisigadam/PycharmProjects/Airflow/venv/lib/python3.9/site-packages/airflow/example_dags/example_latest_only_with_trigger.py for tasks to queue
[2021-11-18 19:14:20,915] {logging_mixin.py:109} INFO - [2021-11-18 19:14:20,915] {dagbag.py:500} INFO - Filling up the DagBag from /Users/sravanisigadam/PycharmProjects/Airflow/venv/lib/python3.9/site-packages/airflow/example_dags/example_latest_only_with_trigger.py
[2021-11-18 19:14:20,939] {processor.py:637} INFO - DAG(s) dict_keys(['latest_only_with_trigger']) retrieved from /Users/sravanisigadam/PycharmProjects/Airflow/venv/lib/python3.9/site-packages/airflow/example_dags/example_latest_only_with_trigger.py
[2021-11-18 19:14:20,950] {logging_mixin.py:109} INFO - [2021-11-18 19:14:20,949] {dag.py:2396} INFO - Sync 1 DAGs
[2021-11-18 19:14:20,955] {logging_mixin.py:109} INFO - [2021-11-18 19:14:20,955] {dag.py:2928} INFO - Setting next_dagrun for latest_only_with_trigger to 2021-11-18T23:14:20.955114+00:00
[2021-11-18 19:14:20,960] {processor.py:171} INFO - Processing /Users/sravanisigadam/PycharmProjects/Airflow/venv/lib/python3.9/site-packages/airflow/example_dags/example_latest_only_with_trigger.py took 0.046 seconds
