[2021-11-18 18:05:11,977] {processor.py:163} INFO - Started process (PID=55562) to work on /Users/sravanisigadam/PycharmProjects/Airflow/venv/lib/python3.9/site-packages/airflow/example_dags/example_task_group_decorator.py
[2021-11-18 18:05:11,977] {processor.py:625} INFO - Processing file /Users/sravanisigadam/PycharmProjects/Airflow/venv/lib/python3.9/site-packages/airflow/example_dags/example_task_group_decorator.py for tasks to queue
[2021-11-18 18:05:11,978] {logging_mixin.py:109} INFO - [2021-11-18 18:05:11,978] {dagbag.py:500} INFO - Filling up the DagBag from /Users/sravanisigadam/PycharmProjects/Airflow/venv/lib/python3.9/site-packages/airflow/example_dags/example_task_group_decorator.py
[2021-11-18 18:05:12,015] {processor.py:637} INFO - DAG(s) dict_keys(['example_task_group_decorator']) retrieved from /Users/sravanisigadam/PycharmProjects/Airflow/venv/lib/python3.9/site-packages/airflow/example_dags/example_task_group_decorator.py
[2021-11-18 18:05:12,164] {logging_mixin.py:109} INFO - [2021-11-18 18:05:12,164] {dag.py:2396} INFO - Sync 1 DAGs
[2021-11-18 18:05:12,169] {logging_mixin.py:109} INFO - [2021-11-18 18:05:12,169] {dag.py:2928} INFO - Setting next_dagrun for example_task_group_decorator to 2021-11-18T02:05:12.169264+00:00
[2021-11-18 18:05:12,175] {processor.py:171} INFO - Processing /Users/sravanisigadam/PycharmProjects/Airflow/venv/lib/python3.9/site-packages/airflow/example_dags/example_task_group_decorator.py took 0.198 seconds
[2021-11-18 18:25:20,801] {processor.py:163} INFO - Started process (PID=55659) to work on /Users/sravanisigadam/PycharmProjects/Airflow/venv/lib/python3.9/site-packages/airflow/example_dags/example_task_group_decorator.py
[2021-11-18 18:25:20,802] {processor.py:625} INFO - Processing file /Users/sravanisigadam/PycharmProjects/Airflow/venv/lib/python3.9/site-packages/airflow/example_dags/example_task_group_decorator.py for tasks to queue
[2021-11-18 18:25:20,802] {logging_mixin.py:109} INFO - [2021-11-18 18:25:20,802] {dagbag.py:500} INFO - Filling up the DagBag from /Users/sravanisigadam/PycharmProjects/Airflow/venv/lib/python3.9/site-packages/airflow/example_dags/example_task_group_decorator.py
[2021-11-18 18:25:20,841] {processor.py:637} INFO - DAG(s) dict_keys(['example_task_group_decorator']) retrieved from /Users/sravanisigadam/PycharmProjects/Airflow/venv/lib/python3.9/site-packages/airflow/example_dags/example_task_group_decorator.py
[2021-11-18 18:25:20,999] {logging_mixin.py:109} INFO - [2021-11-18 18:25:20,999] {dag.py:2396} INFO - Sync 1 DAGs
[2021-11-18 18:25:21,004] {logging_mixin.py:109} INFO - [2021-11-18 18:25:21,004] {dag.py:2928} INFO - Setting next_dagrun for example_task_group_decorator to 2021-11-18T02:25:21.004635+00:00
[2021-11-18 18:25:21,011] {processor.py:171} INFO - Processing /Users/sravanisigadam/PycharmProjects/Airflow/venv/lib/python3.9/site-packages/airflow/example_dags/example_task_group_decorator.py took 0.210 seconds
[2021-11-18 18:26:39,361] {processor.py:163} INFO - Started process (PID=55801) to work on /Users/sravanisigadam/PycharmProjects/Airflow/venv/lib/python3.9/site-packages/airflow/example_dags/example_task_group_decorator.py
[2021-11-18 18:26:39,362] {processor.py:625} INFO - Processing file /Users/sravanisigadam/PycharmProjects/Airflow/venv/lib/python3.9/site-packages/airflow/example_dags/example_task_group_decorator.py for tasks to queue
[2021-11-18 18:26:39,362] {logging_mixin.py:109} INFO - [2021-11-18 18:26:39,362] {dagbag.py:500} INFO - Filling up the DagBag from /Users/sravanisigadam/PycharmProjects/Airflow/venv/lib/python3.9/site-packages/airflow/example_dags/example_task_group_decorator.py
[2021-11-18 18:26:39,407] {processor.py:637} INFO - DAG(s) dict_keys(['example_task_group_decorator']) retrieved from /Users/sravanisigadam/PycharmProjects/Airflow/venv/lib/python3.9/site-packages/airflow/example_dags/example_task_group_decorator.py
[2021-11-18 18:26:39,566] {logging_mixin.py:109} INFO - [2021-11-18 18:26:39,565] {dag.py:2396} INFO - Sync 1 DAGs
[2021-11-18 18:26:39,571] {logging_mixin.py:109} INFO - [2021-11-18 18:26:39,571] {dag.py:2928} INFO - Setting next_dagrun for example_task_group_decorator to 2021-11-18T02:26:39.571445+00:00
[2021-11-18 18:26:39,578] {processor.py:171} INFO - Processing /Users/sravanisigadam/PycharmProjects/Airflow/venv/lib/python3.9/site-packages/airflow/example_dags/example_task_group_decorator.py took 0.217 seconds
[2021-11-18 18:27:59,387] {processor.py:163} INFO - Started process (PID=55868) to work on /Users/sravanisigadam/PycharmProjects/Airflow/venv/lib/python3.9/site-packages/airflow/example_dags/example_task_group_decorator.py
[2021-11-18 18:27:59,387] {processor.py:625} INFO - Processing file /Users/sravanisigadam/PycharmProjects/Airflow/venv/lib/python3.9/site-packages/airflow/example_dags/example_task_group_decorator.py for tasks to queue
[2021-11-18 18:27:59,388] {logging_mixin.py:109} INFO - [2021-11-18 18:27:59,388] {dagbag.py:500} INFO - Filling up the DagBag from /Users/sravanisigadam/PycharmProjects/Airflow/venv/lib/python3.9/site-packages/airflow/example_dags/example_task_group_decorator.py
[2021-11-18 18:27:59,427] {processor.py:637} INFO - DAG(s) dict_keys(['example_task_group_decorator']) retrieved from /Users/sravanisigadam/PycharmProjects/Airflow/venv/lib/python3.9/site-packages/airflow/example_dags/example_task_group_decorator.py
[2021-11-18 18:27:59,582] {logging_mixin.py:109} INFO - [2021-11-18 18:27:59,581] {dag.py:2396} INFO - Sync 1 DAGs
[2021-11-18 18:27:59,587] {logging_mixin.py:109} INFO - [2021-11-18 18:27:59,587] {dag.py:2928} INFO - Setting next_dagrun for example_task_group_decorator to 2021-11-18T02:27:59.587150+00:00
[2021-11-18 18:27:59,594] {processor.py:171} INFO - Processing /Users/sravanisigadam/PycharmProjects/Airflow/venv/lib/python3.9/site-packages/airflow/example_dags/example_task_group_decorator.py took 0.207 seconds
[2021-11-18 18:29:19,511] {processor.py:163} INFO - Started process (PID=55915) to work on /Users/sravanisigadam/PycharmProjects/Airflow/venv/lib/python3.9/site-packages/airflow/example_dags/example_task_group_decorator.py
[2021-11-18 18:29:19,511] {processor.py:625} INFO - Processing file /Users/sravanisigadam/PycharmProjects/Airflow/venv/lib/python3.9/site-packages/airflow/example_dags/example_task_group_decorator.py for tasks to queue
[2021-11-18 18:29:19,511] {logging_mixin.py:109} INFO - [2021-11-18 18:29:19,511] {dagbag.py:500} INFO - Filling up the DagBag from /Users/sravanisigadam/PycharmProjects/Airflow/venv/lib/python3.9/site-packages/airflow/example_dags/example_task_group_decorator.py
[2021-11-18 18:29:19,550] {processor.py:637} INFO - DAG(s) dict_keys(['example_task_group_decorator']) retrieved from /Users/sravanisigadam/PycharmProjects/Airflow/venv/lib/python3.9/site-packages/airflow/example_dags/example_task_group_decorator.py
[2021-11-18 18:29:19,699] {logging_mixin.py:109} INFO - [2021-11-18 18:29:19,699] {dag.py:2396} INFO - Sync 1 DAGs
[2021-11-18 18:29:19,704] {logging_mixin.py:109} INFO - [2021-11-18 18:29:19,704] {dag.py:2928} INFO - Setting next_dagrun for example_task_group_decorator to 2021-11-18T02:29:19.704724+00:00
[2021-11-18 18:29:19,711] {processor.py:171} INFO - Processing /Users/sravanisigadam/PycharmProjects/Airflow/venv/lib/python3.9/site-packages/airflow/example_dags/example_task_group_decorator.py took 0.200 seconds
[2021-11-18 18:30:39,573] {processor.py:163} INFO - Started process (PID=55956) to work on /Users/sravanisigadam/PycharmProjects/Airflow/venv/lib/python3.9/site-packages/airflow/example_dags/example_task_group_decorator.py
[2021-11-18 18:30:39,573] {processor.py:625} INFO - Processing file /Users/sravanisigadam/PycharmProjects/Airflow/venv/lib/python3.9/site-packages/airflow/example_dags/example_task_group_decorator.py for tasks to queue
[2021-11-18 18:30:39,574] {logging_mixin.py:109} INFO - [2021-11-18 18:30:39,574] {dagbag.py:500} INFO - Filling up the DagBag from /Users/sravanisigadam/PycharmProjects/Airflow/venv/lib/python3.9/site-packages/airflow/example_dags/example_task_group_decorator.py
[2021-11-18 18:30:39,612] {processor.py:637} INFO - DAG(s) dict_keys(['example_task_group_decorator']) retrieved from /Users/sravanisigadam/PycharmProjects/Airflow/venv/lib/python3.9/site-packages/airflow/example_dags/example_task_group_decorator.py
[2021-11-18 18:30:39,759] {logging_mixin.py:109} INFO - [2021-11-18 18:30:39,759] {dag.py:2396} INFO - Sync 1 DAGs
[2021-11-18 18:30:39,765] {logging_mixin.py:109} INFO - [2021-11-18 18:30:39,765] {dag.py:2928} INFO - Setting next_dagrun for example_task_group_decorator to 2021-11-18T02:30:39.764926+00:00
[2021-11-18 18:30:39,771] {processor.py:171} INFO - Processing /Users/sravanisigadam/PycharmProjects/Airflow/venv/lib/python3.9/site-packages/airflow/example_dags/example_task_group_decorator.py took 0.198 seconds
[2021-11-18 18:31:59,712] {processor.py:163} INFO - Started process (PID=56003) to work on /Users/sravanisigadam/PycharmProjects/Airflow/venv/lib/python3.9/site-packages/airflow/example_dags/example_task_group_decorator.py
[2021-11-18 18:31:59,712] {processor.py:625} INFO - Processing file /Users/sravanisigadam/PycharmProjects/Airflow/venv/lib/python3.9/site-packages/airflow/example_dags/example_task_group_decorator.py for tasks to queue
[2021-11-18 18:31:59,712] {logging_mixin.py:109} INFO - [2021-11-18 18:31:59,712] {dagbag.py:500} INFO - Filling up the DagBag from /Users/sravanisigadam/PycharmProjects/Airflow/venv/lib/python3.9/site-packages/airflow/example_dags/example_task_group_decorator.py
[2021-11-18 18:31:59,750] {processor.py:637} INFO - DAG(s) dict_keys(['example_task_group_decorator']) retrieved from /Users/sravanisigadam/PycharmProjects/Airflow/venv/lib/python3.9/site-packages/airflow/example_dags/example_task_group_decorator.py
[2021-11-18 18:31:59,894] {logging_mixin.py:109} INFO - [2021-11-18 18:31:59,894] {dag.py:2396} INFO - Sync 1 DAGs
[2021-11-18 18:31:59,904] {logging_mixin.py:109} INFO - [2021-11-18 18:31:59,904] {dag.py:2928} INFO - Setting next_dagrun for example_task_group_decorator to 2021-11-18T02:31:59.904401+00:00
[2021-11-18 18:31:59,911] {processor.py:171} INFO - Processing /Users/sravanisigadam/PycharmProjects/Airflow/venv/lib/python3.9/site-packages/airflow/example_dags/example_task_group_decorator.py took 0.200 seconds
[2021-11-18 18:33:19,737] {processor.py:163} INFO - Started process (PID=56043) to work on /Users/sravanisigadam/PycharmProjects/Airflow/venv/lib/python3.9/site-packages/airflow/example_dags/example_task_group_decorator.py
[2021-11-18 18:33:19,737] {processor.py:625} INFO - Processing file /Users/sravanisigadam/PycharmProjects/Airflow/venv/lib/python3.9/site-packages/airflow/example_dags/example_task_group_decorator.py for tasks to queue
[2021-11-18 18:33:19,737] {logging_mixin.py:109} INFO - [2021-11-18 18:33:19,737] {dagbag.py:500} INFO - Filling up the DagBag from /Users/sravanisigadam/PycharmProjects/Airflow/venv/lib/python3.9/site-packages/airflow/example_dags/example_task_group_decorator.py
[2021-11-18 18:33:19,775] {processor.py:637} INFO - DAG(s) dict_keys(['example_task_group_decorator']) retrieved from /Users/sravanisigadam/PycharmProjects/Airflow/venv/lib/python3.9/site-packages/airflow/example_dags/example_task_group_decorator.py
[2021-11-18 18:33:19,921] {logging_mixin.py:109} INFO - [2021-11-18 18:33:19,920] {dag.py:2396} INFO - Sync 1 DAGs
[2021-11-18 18:33:19,926] {logging_mixin.py:109} INFO - [2021-11-18 18:33:19,926] {dag.py:2928} INFO - Setting next_dagrun for example_task_group_decorator to 2021-11-18T02:33:19.925929+00:00
[2021-11-18 18:33:19,932] {processor.py:171} INFO - Processing /Users/sravanisigadam/PycharmProjects/Airflow/venv/lib/python3.9/site-packages/airflow/example_dags/example_task_group_decorator.py took 0.196 seconds
[2021-11-18 18:46:25,862] {processor.py:163} INFO - Started process (PID=56104) to work on /Users/sravanisigadam/PycharmProjects/Airflow/venv/lib/python3.9/site-packages/airflow/example_dags/example_task_group_decorator.py
[2021-11-18 18:46:25,862] {processor.py:625} INFO - Processing file /Users/sravanisigadam/PycharmProjects/Airflow/venv/lib/python3.9/site-packages/airflow/example_dags/example_task_group_decorator.py for tasks to queue
[2021-11-18 18:46:25,862] {logging_mixin.py:109} INFO - [2021-11-18 18:46:25,862] {dagbag.py:500} INFO - Filling up the DagBag from /Users/sravanisigadam/PycharmProjects/Airflow/venv/lib/python3.9/site-packages/airflow/example_dags/example_task_group_decorator.py
[2021-11-18 18:46:25,901] {processor.py:637} INFO - DAG(s) dict_keys(['example_task_group_decorator']) retrieved from /Users/sravanisigadam/PycharmProjects/Airflow/venv/lib/python3.9/site-packages/airflow/example_dags/example_task_group_decorator.py
[2021-11-18 18:46:26,049] {logging_mixin.py:109} INFO - [2021-11-18 18:46:26,049] {dag.py:2396} INFO - Sync 1 DAGs
[2021-11-18 18:46:26,055] {logging_mixin.py:109} INFO - [2021-11-18 18:46:26,055] {dag.py:2928} INFO - Setting next_dagrun for example_task_group_decorator to 2021-11-18T02:46:26.054992+00:00
[2021-11-18 18:46:26,061] {processor.py:171} INFO - Processing /Users/sravanisigadam/PycharmProjects/Airflow/venv/lib/python3.9/site-packages/airflow/example_dags/example_task_group_decorator.py took 0.200 seconds
[2021-11-18 18:47:43,714] {processor.py:163} INFO - Started process (PID=56160) to work on /Users/sravanisigadam/PycharmProjects/Airflow/venv/lib/python3.9/site-packages/airflow/example_dags/example_task_group_decorator.py
[2021-11-18 18:47:43,715] {processor.py:625} INFO - Processing file /Users/sravanisigadam/PycharmProjects/Airflow/venv/lib/python3.9/site-packages/airflow/example_dags/example_task_group_decorator.py for tasks to queue
[2021-11-18 18:47:43,715] {logging_mixin.py:109} INFO - [2021-11-18 18:47:43,715] {dagbag.py:500} INFO - Filling up the DagBag from /Users/sravanisigadam/PycharmProjects/Airflow/venv/lib/python3.9/site-packages/airflow/example_dags/example_task_group_decorator.py
[2021-11-18 18:47:43,752] {processor.py:637} INFO - DAG(s) dict_keys(['example_task_group_decorator']) retrieved from /Users/sravanisigadam/PycharmProjects/Airflow/venv/lib/python3.9/site-packages/airflow/example_dags/example_task_group_decorator.py
[2021-11-18 18:47:43,903] {logging_mixin.py:109} INFO - [2021-11-18 18:47:43,903] {dag.py:2396} INFO - Sync 1 DAGs
[2021-11-18 18:47:43,909] {logging_mixin.py:109} INFO - [2021-11-18 18:47:43,908] {dag.py:2928} INFO - Setting next_dagrun for example_task_group_decorator to 2021-11-18T02:47:43.908765+00:00
[2021-11-18 18:47:43,915] {processor.py:171} INFO - Processing /Users/sravanisigadam/PycharmProjects/Airflow/venv/lib/python3.9/site-packages/airflow/example_dags/example_task_group_decorator.py took 0.202 seconds
[2021-11-18 18:49:04,915] {processor.py:163} INFO - Started process (PID=56219) to work on /Users/sravanisigadam/PycharmProjects/Airflow/venv/lib/python3.9/site-packages/airflow/example_dags/example_task_group_decorator.py
[2021-11-18 18:49:04,916] {processor.py:625} INFO - Processing file /Users/sravanisigadam/PycharmProjects/Airflow/venv/lib/python3.9/site-packages/airflow/example_dags/example_task_group_decorator.py for tasks to queue
[2021-11-18 18:49:04,917] {logging_mixin.py:109} INFO - [2021-11-18 18:49:04,916] {dagbag.py:500} INFO - Filling up the DagBag from /Users/sravanisigadam/PycharmProjects/Airflow/venv/lib/python3.9/site-packages/airflow/example_dags/example_task_group_decorator.py
[2021-11-18 18:49:04,957] {processor.py:637} INFO - DAG(s) dict_keys(['example_task_group_decorator']) retrieved from /Users/sravanisigadam/PycharmProjects/Airflow/venv/lib/python3.9/site-packages/airflow/example_dags/example_task_group_decorator.py
[2021-11-18 18:49:05,142] {logging_mixin.py:109} INFO - [2021-11-18 18:49:05,142] {dag.py:2396} INFO - Sync 1 DAGs
[2021-11-18 18:49:05,147] {logging_mixin.py:109} INFO - [2021-11-18 18:49:05,147] {dag.py:2928} INFO - Setting next_dagrun for example_task_group_decorator to 2021-11-18T02:49:05.147743+00:00
[2021-11-18 18:49:05,154] {processor.py:171} INFO - Processing /Users/sravanisigadam/PycharmProjects/Airflow/venv/lib/python3.9/site-packages/airflow/example_dags/example_task_group_decorator.py took 0.239 seconds
[2021-11-18 18:50:25,364] {processor.py:163} INFO - Started process (PID=56262) to work on /Users/sravanisigadam/PycharmProjects/Airflow/venv/lib/python3.9/site-packages/airflow/example_dags/example_task_group_decorator.py
[2021-11-18 18:50:25,364] {processor.py:625} INFO - Processing file /Users/sravanisigadam/PycharmProjects/Airflow/venv/lib/python3.9/site-packages/airflow/example_dags/example_task_group_decorator.py for tasks to queue
[2021-11-18 18:50:25,364] {logging_mixin.py:109} INFO - [2021-11-18 18:50:25,364] {dagbag.py:500} INFO - Filling up the DagBag from /Users/sravanisigadam/PycharmProjects/Airflow/venv/lib/python3.9/site-packages/airflow/example_dags/example_task_group_decorator.py
[2021-11-18 18:50:25,403] {processor.py:637} INFO - DAG(s) dict_keys(['example_task_group_decorator']) retrieved from /Users/sravanisigadam/PycharmProjects/Airflow/venv/lib/python3.9/site-packages/airflow/example_dags/example_task_group_decorator.py
[2021-11-18 18:50:25,550] {logging_mixin.py:109} INFO - [2021-11-18 18:50:25,550] {dag.py:2396} INFO - Sync 1 DAGs
[2021-11-18 18:50:25,556] {logging_mixin.py:109} INFO - [2021-11-18 18:50:25,555] {dag.py:2928} INFO - Setting next_dagrun for example_task_group_decorator to 2021-11-18T02:50:25.555842+00:00
[2021-11-18 18:50:25,562] {processor.py:171} INFO - Processing /Users/sravanisigadam/PycharmProjects/Airflow/venv/lib/python3.9/site-packages/airflow/example_dags/example_task_group_decorator.py took 0.199 seconds
[2021-11-18 18:51:41,652] {processor.py:163} INFO - Started process (PID=56301) to work on /Users/sravanisigadam/PycharmProjects/Airflow/venv/lib/python3.9/site-packages/airflow/example_dags/example_task_group_decorator.py
[2021-11-18 18:51:41,653] {processor.py:625} INFO - Processing file /Users/sravanisigadam/PycharmProjects/Airflow/venv/lib/python3.9/site-packages/airflow/example_dags/example_task_group_decorator.py for tasks to queue
[2021-11-18 18:51:41,653] {logging_mixin.py:109} INFO - [2021-11-18 18:51:41,653] {dagbag.py:500} INFO - Filling up the DagBag from /Users/sravanisigadam/PycharmProjects/Airflow/venv/lib/python3.9/site-packages/airflow/example_dags/example_task_group_decorator.py
[2021-11-18 18:51:41,690] {processor.py:637} INFO - DAG(s) dict_keys(['example_task_group_decorator']) retrieved from /Users/sravanisigadam/PycharmProjects/Airflow/venv/lib/python3.9/site-packages/airflow/example_dags/example_task_group_decorator.py
[2021-11-18 18:51:41,837] {logging_mixin.py:109} INFO - [2021-11-18 18:51:41,837] {dag.py:2396} INFO - Sync 1 DAGs
[2021-11-18 18:51:41,842] {logging_mixin.py:109} INFO - [2021-11-18 18:51:41,842] {dag.py:2928} INFO - Setting next_dagrun for example_task_group_decorator to 2021-11-18T02:51:41.842759+00:00
[2021-11-18 18:51:41,849] {processor.py:171} INFO - Processing /Users/sravanisigadam/PycharmProjects/Airflow/venv/lib/python3.9/site-packages/airflow/example_dags/example_task_group_decorator.py took 0.198 seconds
[2021-11-18 18:52:59,605] {processor.py:163} INFO - Started process (PID=56344) to work on /Users/sravanisigadam/PycharmProjects/Airflow/venv/lib/python3.9/site-packages/airflow/example_dags/example_task_group_decorator.py
[2021-11-18 18:52:59,606] {processor.py:625} INFO - Processing file /Users/sravanisigadam/PycharmProjects/Airflow/venv/lib/python3.9/site-packages/airflow/example_dags/example_task_group_decorator.py for tasks to queue
[2021-11-18 18:52:59,606] {logging_mixin.py:109} INFO - [2021-11-18 18:52:59,606] {dagbag.py:500} INFO - Filling up the DagBag from /Users/sravanisigadam/PycharmProjects/Airflow/venv/lib/python3.9/site-packages/airflow/example_dags/example_task_group_decorator.py
[2021-11-18 18:52:59,643] {processor.py:637} INFO - DAG(s) dict_keys(['example_task_group_decorator']) retrieved from /Users/sravanisigadam/PycharmProjects/Airflow/venv/lib/python3.9/site-packages/airflow/example_dags/example_task_group_decorator.py
[2021-11-18 18:52:59,794] {logging_mixin.py:109} INFO - [2021-11-18 18:52:59,794] {dag.py:2396} INFO - Sync 1 DAGs
[2021-11-18 18:52:59,799] {logging_mixin.py:109} INFO - [2021-11-18 18:52:59,799] {dag.py:2928} INFO - Setting next_dagrun for example_task_group_decorator to 2021-11-18T02:52:59.799385+00:00
[2021-11-18 18:52:59,806] {processor.py:171} INFO - Processing /Users/sravanisigadam/PycharmProjects/Airflow/venv/lib/python3.9/site-packages/airflow/example_dags/example_task_group_decorator.py took 0.201 seconds
[2021-11-18 18:54:17,444] {processor.py:163} INFO - Started process (PID=56385) to work on /Users/sravanisigadam/PycharmProjects/Airflow/venv/lib/python3.9/site-packages/airflow/example_dags/example_task_group_decorator.py
[2021-11-18 18:54:17,445] {processor.py:625} INFO - Processing file /Users/sravanisigadam/PycharmProjects/Airflow/venv/lib/python3.9/site-packages/airflow/example_dags/example_task_group_decorator.py for tasks to queue
[2021-11-18 18:54:17,445] {logging_mixin.py:109} INFO - [2021-11-18 18:54:17,445] {dagbag.py:500} INFO - Filling up the DagBag from /Users/sravanisigadam/PycharmProjects/Airflow/venv/lib/python3.9/site-packages/airflow/example_dags/example_task_group_decorator.py
[2021-11-18 18:54:17,481] {processor.py:637} INFO - DAG(s) dict_keys(['example_task_group_decorator']) retrieved from /Users/sravanisigadam/PycharmProjects/Airflow/venv/lib/python3.9/site-packages/airflow/example_dags/example_task_group_decorator.py
[2021-11-18 18:54:17,631] {logging_mixin.py:109} INFO - [2021-11-18 18:54:17,631] {dag.py:2396} INFO - Sync 1 DAGs
[2021-11-18 18:54:17,636] {logging_mixin.py:109} INFO - [2021-11-18 18:54:17,636] {dag.py:2928} INFO - Setting next_dagrun for example_task_group_decorator to 2021-11-18T02:54:17.636269+00:00
[2021-11-18 18:54:17,642] {processor.py:171} INFO - Processing /Users/sravanisigadam/PycharmProjects/Airflow/venv/lib/python3.9/site-packages/airflow/example_dags/example_task_group_decorator.py took 0.199 seconds
[2021-11-18 18:55:35,320] {processor.py:163} INFO - Started process (PID=56424) to work on /Users/sravanisigadam/PycharmProjects/Airflow/venv/lib/python3.9/site-packages/airflow/example_dags/example_task_group_decorator.py
[2021-11-18 18:55:35,321] {processor.py:625} INFO - Processing file /Users/sravanisigadam/PycharmProjects/Airflow/venv/lib/python3.9/site-packages/airflow/example_dags/example_task_group_decorator.py for tasks to queue
[2021-11-18 18:55:35,321] {logging_mixin.py:109} INFO - [2021-11-18 18:55:35,321] {dagbag.py:500} INFO - Filling up the DagBag from /Users/sravanisigadam/PycharmProjects/Airflow/venv/lib/python3.9/site-packages/airflow/example_dags/example_task_group_decorator.py
[2021-11-18 18:55:35,360] {processor.py:637} INFO - DAG(s) dict_keys(['example_task_group_decorator']) retrieved from /Users/sravanisigadam/PycharmProjects/Airflow/venv/lib/python3.9/site-packages/airflow/example_dags/example_task_group_decorator.py
[2021-11-18 18:55:35,511] {logging_mixin.py:109} INFO - [2021-11-18 18:55:35,511] {dag.py:2396} INFO - Sync 1 DAGs
[2021-11-18 18:55:35,517] {logging_mixin.py:109} INFO - [2021-11-18 18:55:35,517] {dag.py:2928} INFO - Setting next_dagrun for example_task_group_decorator to 2021-11-18T02:55:35.516926+00:00
[2021-11-18 18:55:35,523] {processor.py:171} INFO - Processing /Users/sravanisigadam/PycharmProjects/Airflow/venv/lib/python3.9/site-packages/airflow/example_dags/example_task_group_decorator.py took 0.203 seconds
[2021-11-18 18:56:53,662] {processor.py:163} INFO - Started process (PID=56469) to work on /Users/sravanisigadam/PycharmProjects/Airflow/venv/lib/python3.9/site-packages/airflow/example_dags/example_task_group_decorator.py
[2021-11-18 18:56:53,663] {processor.py:625} INFO - Processing file /Users/sravanisigadam/PycharmProjects/Airflow/venv/lib/python3.9/site-packages/airflow/example_dags/example_task_group_decorator.py for tasks to queue
[2021-11-18 18:56:53,663] {logging_mixin.py:109} INFO - [2021-11-18 18:56:53,663] {dagbag.py:500} INFO - Filling up the DagBag from /Users/sravanisigadam/PycharmProjects/Airflow/venv/lib/python3.9/site-packages/airflow/example_dags/example_task_group_decorator.py
[2021-11-18 18:56:53,700] {processor.py:637} INFO - DAG(s) dict_keys(['example_task_group_decorator']) retrieved from /Users/sravanisigadam/PycharmProjects/Airflow/venv/lib/python3.9/site-packages/airflow/example_dags/example_task_group_decorator.py
[2021-11-18 18:56:53,846] {logging_mixin.py:109} INFO - [2021-11-18 18:56:53,846] {dag.py:2396} INFO - Sync 1 DAGs
[2021-11-18 18:56:53,851] {logging_mixin.py:109} INFO - [2021-11-18 18:56:53,851] {dag.py:2928} INFO - Setting next_dagrun for example_task_group_decorator to 2021-11-18T02:56:53.851676+00:00
[2021-11-18 18:56:53,858] {processor.py:171} INFO - Processing /Users/sravanisigadam/PycharmProjects/Airflow/venv/lib/python3.9/site-packages/airflow/example_dags/example_task_group_decorator.py took 0.195 seconds
[2021-11-18 18:58:11,532] {processor.py:163} INFO - Started process (PID=56518) to work on /Users/sravanisigadam/PycharmProjects/Airflow/venv/lib/python3.9/site-packages/airflow/example_dags/example_task_group_decorator.py
[2021-11-18 18:58:11,533] {processor.py:625} INFO - Processing file /Users/sravanisigadam/PycharmProjects/Airflow/venv/lib/python3.9/site-packages/airflow/example_dags/example_task_group_decorator.py for tasks to queue
[2021-11-18 18:58:11,533] {logging_mixin.py:109} INFO - [2021-11-18 18:58:11,533] {dagbag.py:500} INFO - Filling up the DagBag from /Users/sravanisigadam/PycharmProjects/Airflow/venv/lib/python3.9/site-packages/airflow/example_dags/example_task_group_decorator.py
[2021-11-18 18:58:11,573] {processor.py:637} INFO - DAG(s) dict_keys(['example_task_group_decorator']) retrieved from /Users/sravanisigadam/PycharmProjects/Airflow/venv/lib/python3.9/site-packages/airflow/example_dags/example_task_group_decorator.py
[2021-11-18 18:58:11,738] {logging_mixin.py:109} INFO - [2021-11-18 18:58:11,737] {dag.py:2396} INFO - Sync 1 DAGs
[2021-11-18 18:58:11,743] {logging_mixin.py:109} INFO - [2021-11-18 18:58:11,743] {dag.py:2928} INFO - Setting next_dagrun for example_task_group_decorator to 2021-11-18T02:58:11.743415+00:00
[2021-11-18 18:58:11,749] {processor.py:171} INFO - Processing /Users/sravanisigadam/PycharmProjects/Airflow/venv/lib/python3.9/site-packages/airflow/example_dags/example_task_group_decorator.py took 0.217 seconds
[2021-11-18 18:59:29,590] {processor.py:163} INFO - Started process (PID=56556) to work on /Users/sravanisigadam/PycharmProjects/Airflow/venv/lib/python3.9/site-packages/airflow/example_dags/example_task_group_decorator.py
[2021-11-18 18:59:29,591] {processor.py:625} INFO - Processing file /Users/sravanisigadam/PycharmProjects/Airflow/venv/lib/python3.9/site-packages/airflow/example_dags/example_task_group_decorator.py for tasks to queue
[2021-11-18 18:59:29,591] {logging_mixin.py:109} INFO - [2021-11-18 18:59:29,591] {dagbag.py:500} INFO - Filling up the DagBag from /Users/sravanisigadam/PycharmProjects/Airflow/venv/lib/python3.9/site-packages/airflow/example_dags/example_task_group_decorator.py
[2021-11-18 18:59:29,629] {processor.py:637} INFO - DAG(s) dict_keys(['example_task_group_decorator']) retrieved from /Users/sravanisigadam/PycharmProjects/Airflow/venv/lib/python3.9/site-packages/airflow/example_dags/example_task_group_decorator.py
[2021-11-18 18:59:29,777] {logging_mixin.py:109} INFO - [2021-11-18 18:59:29,777] {dag.py:2396} INFO - Sync 1 DAGs
[2021-11-18 18:59:29,783] {logging_mixin.py:109} INFO - [2021-11-18 18:59:29,783] {dag.py:2928} INFO - Setting next_dagrun for example_task_group_decorator to 2021-11-18T02:59:29.783091+00:00
[2021-11-18 18:59:29,789] {processor.py:171} INFO - Processing /Users/sravanisigadam/PycharmProjects/Airflow/venv/lib/python3.9/site-packages/airflow/example_dags/example_task_group_decorator.py took 0.199 seconds
[2021-11-18 19:00:50,375] {processor.py:163} INFO - Started process (PID=56603) to work on /Users/sravanisigadam/PycharmProjects/Airflow/venv/lib/python3.9/site-packages/airflow/example_dags/example_task_group_decorator.py
[2021-11-18 19:00:50,376] {processor.py:625} INFO - Processing file /Users/sravanisigadam/PycharmProjects/Airflow/venv/lib/python3.9/site-packages/airflow/example_dags/example_task_group_decorator.py for tasks to queue
[2021-11-18 19:00:50,376] {logging_mixin.py:109} INFO - [2021-11-18 19:00:50,376] {dagbag.py:500} INFO - Filling up the DagBag from /Users/sravanisigadam/PycharmProjects/Airflow/venv/lib/python3.9/site-packages/airflow/example_dags/example_task_group_decorator.py
[2021-11-18 19:00:50,413] {processor.py:637} INFO - DAG(s) dict_keys(['example_task_group_decorator']) retrieved from /Users/sravanisigadam/PycharmProjects/Airflow/venv/lib/python3.9/site-packages/airflow/example_dags/example_task_group_decorator.py
[2021-11-18 19:00:50,588] {logging_mixin.py:109} INFO - [2021-11-18 19:00:50,588] {dag.py:2396} INFO - Sync 1 DAGs
[2021-11-18 19:00:50,594] {logging_mixin.py:109} INFO - [2021-11-18 19:00:50,594] {dag.py:2928} INFO - Setting next_dagrun for example_task_group_decorator to 2021-11-18T03:00:50.593939+00:00
[2021-11-18 19:00:50,600] {processor.py:171} INFO - Processing /Users/sravanisigadam/PycharmProjects/Airflow/venv/lib/python3.9/site-packages/airflow/example_dags/example_task_group_decorator.py took 0.226 seconds
[2021-11-18 19:02:08,123] {processor.py:163} INFO - Started process (PID=56648) to work on /Users/sravanisigadam/PycharmProjects/Airflow/venv/lib/python3.9/site-packages/airflow/example_dags/example_task_group_decorator.py
[2021-11-18 19:02:08,123] {processor.py:625} INFO - Processing file /Users/sravanisigadam/PycharmProjects/Airflow/venv/lib/python3.9/site-packages/airflow/example_dags/example_task_group_decorator.py for tasks to queue
[2021-11-18 19:02:08,124] {logging_mixin.py:109} INFO - [2021-11-18 19:02:08,124] {dagbag.py:500} INFO - Filling up the DagBag from /Users/sravanisigadam/PycharmProjects/Airflow/venv/lib/python3.9/site-packages/airflow/example_dags/example_task_group_decorator.py
[2021-11-18 19:02:08,162] {processor.py:637} INFO - DAG(s) dict_keys(['example_task_group_decorator']) retrieved from /Users/sravanisigadam/PycharmProjects/Airflow/venv/lib/python3.9/site-packages/airflow/example_dags/example_task_group_decorator.py
[2021-11-18 19:02:08,310] {logging_mixin.py:109} INFO - [2021-11-18 19:02:08,310] {dag.py:2396} INFO - Sync 1 DAGs
[2021-11-18 19:02:08,315] {logging_mixin.py:109} INFO - [2021-11-18 19:02:08,315] {dag.py:2928} INFO - Setting next_dagrun for example_task_group_decorator to 2021-11-18T03:02:08.315525+00:00
[2021-11-18 19:02:08,322] {processor.py:171} INFO - Processing /Users/sravanisigadam/PycharmProjects/Airflow/venv/lib/python3.9/site-packages/airflow/example_dags/example_task_group_decorator.py took 0.199 seconds
[2021-11-18 19:03:25,923] {processor.py:163} INFO - Started process (PID=56691) to work on /Users/sravanisigadam/PycharmProjects/Airflow/venv/lib/python3.9/site-packages/airflow/example_dags/example_task_group_decorator.py
[2021-11-18 19:03:25,924] {processor.py:625} INFO - Processing file /Users/sravanisigadam/PycharmProjects/Airflow/venv/lib/python3.9/site-packages/airflow/example_dags/example_task_group_decorator.py for tasks to queue
[2021-11-18 19:03:25,925] {logging_mixin.py:109} INFO - [2021-11-18 19:03:25,924] {dagbag.py:500} INFO - Filling up the DagBag from /Users/sravanisigadam/PycharmProjects/Airflow/venv/lib/python3.9/site-packages/airflow/example_dags/example_task_group_decorator.py
[2021-11-18 19:03:25,962] {processor.py:637} INFO - DAG(s) dict_keys(['example_task_group_decorator']) retrieved from /Users/sravanisigadam/PycharmProjects/Airflow/venv/lib/python3.9/site-packages/airflow/example_dags/example_task_group_decorator.py
[2021-11-18 19:03:26,111] {logging_mixin.py:109} INFO - [2021-11-18 19:03:26,111] {dag.py:2396} INFO - Sync 1 DAGs
[2021-11-18 19:03:26,116] {logging_mixin.py:109} INFO - [2021-11-18 19:03:26,116] {dag.py:2928} INFO - Setting next_dagrun for example_task_group_decorator to 2021-11-18T03:03:26.116737+00:00
[2021-11-18 19:03:26,123] {processor.py:171} INFO - Processing /Users/sravanisigadam/PycharmProjects/Airflow/venv/lib/python3.9/site-packages/airflow/example_dags/example_task_group_decorator.py took 0.200 seconds
[2021-11-18 19:04:44,603] {processor.py:163} INFO - Started process (PID=56739) to work on /Users/sravanisigadam/PycharmProjects/Airflow/venv/lib/python3.9/site-packages/airflow/example_dags/example_task_group_decorator.py
[2021-11-18 19:04:44,604] {processor.py:625} INFO - Processing file /Users/sravanisigadam/PycharmProjects/Airflow/venv/lib/python3.9/site-packages/airflow/example_dags/example_task_group_decorator.py for tasks to queue
[2021-11-18 19:04:44,604] {logging_mixin.py:109} INFO - [2021-11-18 19:04:44,604] {dagbag.py:500} INFO - Filling up the DagBag from /Users/sravanisigadam/PycharmProjects/Airflow/venv/lib/python3.9/site-packages/airflow/example_dags/example_task_group_decorator.py
[2021-11-18 19:04:44,642] {processor.py:637} INFO - DAG(s) dict_keys(['example_task_group_decorator']) retrieved from /Users/sravanisigadam/PycharmProjects/Airflow/venv/lib/python3.9/site-packages/airflow/example_dags/example_task_group_decorator.py
[2021-11-18 19:04:44,788] {logging_mixin.py:109} INFO - [2021-11-18 19:04:44,788] {dag.py:2396} INFO - Sync 1 DAGs
[2021-11-18 19:04:44,794] {logging_mixin.py:109} INFO - [2021-11-18 19:04:44,794] {dag.py:2928} INFO - Setting next_dagrun for example_task_group_decorator to 2021-11-18T03:04:44.794204+00:00
[2021-11-18 19:04:44,800] {processor.py:171} INFO - Processing /Users/sravanisigadam/PycharmProjects/Airflow/venv/lib/python3.9/site-packages/airflow/example_dags/example_task_group_decorator.py took 0.198 seconds
[2021-11-18 19:06:03,303] {processor.py:163} INFO - Started process (PID=56810) to work on /Users/sravanisigadam/PycharmProjects/Airflow/venv/lib/python3.9/site-packages/airflow/example_dags/example_task_group_decorator.py
[2021-11-18 19:06:03,303] {processor.py:625} INFO - Processing file /Users/sravanisigadam/PycharmProjects/Airflow/venv/lib/python3.9/site-packages/airflow/example_dags/example_task_group_decorator.py for tasks to queue
[2021-11-18 19:06:03,304] {logging_mixin.py:109} INFO - [2021-11-18 19:06:03,304] {dagbag.py:500} INFO - Filling up the DagBag from /Users/sravanisigadam/PycharmProjects/Airflow/venv/lib/python3.9/site-packages/airflow/example_dags/example_task_group_decorator.py
[2021-11-18 19:06:03,344] {processor.py:637} INFO - DAG(s) dict_keys(['example_task_group_decorator']) retrieved from /Users/sravanisigadam/PycharmProjects/Airflow/venv/lib/python3.9/site-packages/airflow/example_dags/example_task_group_decorator.py
[2021-11-18 19:06:03,504] {logging_mixin.py:109} INFO - [2021-11-18 19:06:03,504] {dag.py:2396} INFO - Sync 1 DAGs
[2021-11-18 19:06:03,509] {logging_mixin.py:109} INFO - [2021-11-18 19:06:03,509] {dag.py:2928} INFO - Setting next_dagrun for example_task_group_decorator to 2021-11-18T03:06:03.509494+00:00
[2021-11-18 19:06:03,515] {processor.py:171} INFO - Processing /Users/sravanisigadam/PycharmProjects/Airflow/venv/lib/python3.9/site-packages/airflow/example_dags/example_task_group_decorator.py took 0.213 seconds
[2021-11-18 19:07:22,572] {processor.py:163} INFO - Started process (PID=56867) to work on /Users/sravanisigadam/PycharmProjects/Airflow/venv/lib/python3.9/site-packages/airflow/example_dags/example_task_group_decorator.py
[2021-11-18 19:07:22,572] {processor.py:625} INFO - Processing file /Users/sravanisigadam/PycharmProjects/Airflow/venv/lib/python3.9/site-packages/airflow/example_dags/example_task_group_decorator.py for tasks to queue
[2021-11-18 19:07:22,572] {logging_mixin.py:109} INFO - [2021-11-18 19:07:22,572] {dagbag.py:500} INFO - Filling up the DagBag from /Users/sravanisigadam/PycharmProjects/Airflow/venv/lib/python3.9/site-packages/airflow/example_dags/example_task_group_decorator.py
[2021-11-18 19:07:22,610] {processor.py:637} INFO - DAG(s) dict_keys(['example_task_group_decorator']) retrieved from /Users/sravanisigadam/PycharmProjects/Airflow/venv/lib/python3.9/site-packages/airflow/example_dags/example_task_group_decorator.py
[2021-11-18 19:07:22,761] {logging_mixin.py:109} INFO - [2021-11-18 19:07:22,761] {dag.py:2396} INFO - Sync 1 DAGs
[2021-11-18 19:07:22,766] {logging_mixin.py:109} INFO - [2021-11-18 19:07:22,766] {dag.py:2928} INFO - Setting next_dagrun for example_task_group_decorator to 2021-11-18T03:07:22.766290+00:00
[2021-11-18 19:07:22,772] {processor.py:171} INFO - Processing /Users/sravanisigadam/PycharmProjects/Airflow/venv/lib/python3.9/site-packages/airflow/example_dags/example_task_group_decorator.py took 0.201 seconds
[2021-11-18 19:08:40,705] {processor.py:163} INFO - Started process (PID=56936) to work on /Users/sravanisigadam/PycharmProjects/Airflow/venv/lib/python3.9/site-packages/airflow/example_dags/example_task_group_decorator.py
[2021-11-18 19:08:40,706] {processor.py:625} INFO - Processing file /Users/sravanisigadam/PycharmProjects/Airflow/venv/lib/python3.9/site-packages/airflow/example_dags/example_task_group_decorator.py for tasks to queue
[2021-11-18 19:08:40,706] {logging_mixin.py:109} INFO - [2021-11-18 19:08:40,706] {dagbag.py:500} INFO - Filling up the DagBag from /Users/sravanisigadam/PycharmProjects/Airflow/venv/lib/python3.9/site-packages/airflow/example_dags/example_task_group_decorator.py
[2021-11-18 19:08:40,744] {processor.py:637} INFO - DAG(s) dict_keys(['example_task_group_decorator']) retrieved from /Users/sravanisigadam/PycharmProjects/Airflow/venv/lib/python3.9/site-packages/airflow/example_dags/example_task_group_decorator.py
[2021-11-18 19:08:40,896] {logging_mixin.py:109} INFO - [2021-11-18 19:08:40,895] {dag.py:2396} INFO - Sync 1 DAGs
[2021-11-18 19:08:40,901] {logging_mixin.py:109} INFO - [2021-11-18 19:08:40,901] {dag.py:2928} INFO - Setting next_dagrun for example_task_group_decorator to 2021-11-18T03:08:40.901298+00:00
[2021-11-18 19:08:40,908] {processor.py:171} INFO - Processing /Users/sravanisigadam/PycharmProjects/Airflow/venv/lib/python3.9/site-packages/airflow/example_dags/example_task_group_decorator.py took 0.203 seconds
[2021-11-18 19:09:58,742] {processor.py:163} INFO - Started process (PID=56981) to work on /Users/sravanisigadam/PycharmProjects/Airflow/venv/lib/python3.9/site-packages/airflow/example_dags/example_task_group_decorator.py
[2021-11-18 19:09:58,743] {processor.py:625} INFO - Processing file /Users/sravanisigadam/PycharmProjects/Airflow/venv/lib/python3.9/site-packages/airflow/example_dags/example_task_group_decorator.py for tasks to queue
[2021-11-18 19:09:58,743] {logging_mixin.py:109} INFO - [2021-11-18 19:09:58,743] {dagbag.py:500} INFO - Filling up the DagBag from /Users/sravanisigadam/PycharmProjects/Airflow/venv/lib/python3.9/site-packages/airflow/example_dags/example_task_group_decorator.py
[2021-11-18 19:09:58,781] {processor.py:637} INFO - DAG(s) dict_keys(['example_task_group_decorator']) retrieved from /Users/sravanisigadam/PycharmProjects/Airflow/venv/lib/python3.9/site-packages/airflow/example_dags/example_task_group_decorator.py
[2021-11-18 19:09:58,929] {logging_mixin.py:109} INFO - [2021-11-18 19:09:58,929] {dag.py:2396} INFO - Sync 1 DAGs
[2021-11-18 19:09:58,935] {logging_mixin.py:109} INFO - [2021-11-18 19:09:58,935] {dag.py:2928} INFO - Setting next_dagrun for example_task_group_decorator to 2021-11-18T03:09:58.935048+00:00
[2021-11-18 19:09:58,941] {processor.py:171} INFO - Processing /Users/sravanisigadam/PycharmProjects/Airflow/venv/lib/python3.9/site-packages/airflow/example_dags/example_task_group_decorator.py took 0.200 seconds
[2021-11-18 19:11:19,044] {processor.py:163} INFO - Started process (PID=57028) to work on /Users/sravanisigadam/PycharmProjects/Airflow/venv/lib/python3.9/site-packages/airflow/example_dags/example_task_group_decorator.py
[2021-11-18 19:11:19,045] {processor.py:625} INFO - Processing file /Users/sravanisigadam/PycharmProjects/Airflow/venv/lib/python3.9/site-packages/airflow/example_dags/example_task_group_decorator.py for tasks to queue
[2021-11-18 19:11:19,045] {logging_mixin.py:109} INFO - [2021-11-18 19:11:19,045] {dagbag.py:500} INFO - Filling up the DagBag from /Users/sravanisigadam/PycharmProjects/Airflow/venv/lib/python3.9/site-packages/airflow/example_dags/example_task_group_decorator.py
[2021-11-18 19:11:19,084] {processor.py:637} INFO - DAG(s) dict_keys(['example_task_group_decorator']) retrieved from /Users/sravanisigadam/PycharmProjects/Airflow/venv/lib/python3.9/site-packages/airflow/example_dags/example_task_group_decorator.py
[2021-11-18 19:11:19,232] {logging_mixin.py:109} INFO - [2021-11-18 19:11:19,232] {dag.py:2396} INFO - Sync 1 DAGs
[2021-11-18 19:11:19,237] {logging_mixin.py:109} INFO - [2021-11-18 19:11:19,237] {dag.py:2928} INFO - Setting next_dagrun for example_task_group_decorator to 2021-11-18T03:11:19.237321+00:00
[2021-11-18 19:11:19,244] {processor.py:171} INFO - Processing /Users/sravanisigadam/PycharmProjects/Airflow/venv/lib/python3.9/site-packages/airflow/example_dags/example_task_group_decorator.py took 0.200 seconds
[2021-11-18 19:12:40,384] {processor.py:163} INFO - Started process (PID=57071) to work on /Users/sravanisigadam/PycharmProjects/Airflow/venv/lib/python3.9/site-packages/airflow/example_dags/example_task_group_decorator.py
[2021-11-18 19:12:40,384] {processor.py:625} INFO - Processing file /Users/sravanisigadam/PycharmProjects/Airflow/venv/lib/python3.9/site-packages/airflow/example_dags/example_task_group_decorator.py for tasks to queue
[2021-11-18 19:12:40,385] {logging_mixin.py:109} INFO - [2021-11-18 19:12:40,385] {dagbag.py:500} INFO - Filling up the DagBag from /Users/sravanisigadam/PycharmProjects/Airflow/venv/lib/python3.9/site-packages/airflow/example_dags/example_task_group_decorator.py
[2021-11-18 19:12:40,423] {processor.py:637} INFO - DAG(s) dict_keys(['example_task_group_decorator']) retrieved from /Users/sravanisigadam/PycharmProjects/Airflow/venv/lib/python3.9/site-packages/airflow/example_dags/example_task_group_decorator.py
[2021-11-18 19:12:40,586] {logging_mixin.py:109} INFO - [2021-11-18 19:12:40,586] {dag.py:2396} INFO - Sync 1 DAGs
[2021-11-18 19:12:40,592] {logging_mixin.py:109} INFO - [2021-11-18 19:12:40,592] {dag.py:2928} INFO - Setting next_dagrun for example_task_group_decorator to 2021-11-18T03:12:40.591990+00:00
[2021-11-18 19:12:40,598] {processor.py:171} INFO - Processing /Users/sravanisigadam/PycharmProjects/Airflow/venv/lib/python3.9/site-packages/airflow/example_dags/example_task_group_decorator.py took 0.214 seconds
[2021-11-18 19:14:04,435] {processor.py:163} INFO - Started process (PID=57147) to work on /Users/sravanisigadam/PycharmProjects/Airflow/venv/lib/python3.9/site-packages/airflow/example_dags/example_task_group_decorator.py
[2021-11-18 19:14:04,436] {processor.py:625} INFO - Processing file /Users/sravanisigadam/PycharmProjects/Airflow/venv/lib/python3.9/site-packages/airflow/example_dags/example_task_group_decorator.py for tasks to queue
[2021-11-18 19:14:04,436] {logging_mixin.py:109} INFO - [2021-11-18 19:14:04,436] {dagbag.py:500} INFO - Filling up the DagBag from /Users/sravanisigadam/PycharmProjects/Airflow/venv/lib/python3.9/site-packages/airflow/example_dags/example_task_group_decorator.py
[2021-11-18 19:14:04,477] {processor.py:637} INFO - DAG(s) dict_keys(['example_task_group_decorator']) retrieved from /Users/sravanisigadam/PycharmProjects/Airflow/venv/lib/python3.9/site-packages/airflow/example_dags/example_task_group_decorator.py
[2021-11-18 19:14:04,631] {logging_mixin.py:109} INFO - [2021-11-18 19:14:04,631] {dag.py:2396} INFO - Sync 1 DAGs
[2021-11-18 19:14:04,637] {logging_mixin.py:109} INFO - [2021-11-18 19:14:04,637] {dag.py:2928} INFO - Setting next_dagrun for example_task_group_decorator to 2021-11-18T03:14:04.636924+00:00
[2021-11-18 19:14:04,643] {processor.py:171} INFO - Processing /Users/sravanisigadam/PycharmProjects/Airflow/venv/lib/python3.9/site-packages/airflow/example_dags/example_task_group_decorator.py took 0.208 seconds
[2021-11-18 19:15:22,964] {processor.py:163} INFO - Started process (PID=57206) to work on /Users/sravanisigadam/PycharmProjects/Airflow/venv/lib/python3.9/site-packages/airflow/example_dags/example_task_group_decorator.py
[2021-11-18 19:15:22,965] {processor.py:625} INFO - Processing file /Users/sravanisigadam/PycharmProjects/Airflow/venv/lib/python3.9/site-packages/airflow/example_dags/example_task_group_decorator.py for tasks to queue
[2021-11-18 19:15:22,965] {logging_mixin.py:109} INFO - [2021-11-18 19:15:22,965] {dagbag.py:500} INFO - Filling up the DagBag from /Users/sravanisigadam/PycharmProjects/Airflow/venv/lib/python3.9/site-packages/airflow/example_dags/example_task_group_decorator.py
[2021-11-18 19:15:23,003] {processor.py:637} INFO - DAG(s) dict_keys(['example_task_group_decorator']) retrieved from /Users/sravanisigadam/PycharmProjects/Airflow/venv/lib/python3.9/site-packages/airflow/example_dags/example_task_group_decorator.py
[2021-11-18 19:15:23,152] {logging_mixin.py:109} INFO - [2021-11-18 19:15:23,152] {dag.py:2396} INFO - Sync 1 DAGs
[2021-11-18 19:15:23,157] {logging_mixin.py:109} INFO - [2021-11-18 19:15:23,157] {dag.py:2928} INFO - Setting next_dagrun for example_task_group_decorator to 2021-11-18T03:15:23.157574+00:00
[2021-11-18 19:15:23,164] {processor.py:171} INFO - Processing /Users/sravanisigadam/PycharmProjects/Airflow/venv/lib/python3.9/site-packages/airflow/example_dags/example_task_group_decorator.py took 0.200 seconds
