[2021-11-18 18:24:48,724] {processor.py:163} INFO - Started process (PID=55616) to work on /Users/sravanisigadam/PycharmProjects/Airflow/venv/lib/python3.9/site-packages/airflow/example_dags/example_branch_datetime_operator.py
[2021-11-18 18:24:48,724] {processor.py:625} INFO - Processing file /Users/sravanisigadam/PycharmProjects/Airflow/venv/lib/python3.9/site-packages/airflow/example_dags/example_branch_datetime_operator.py for tasks to queue
[2021-11-18 18:24:48,725] {logging_mixin.py:109} INFO - [2021-11-18 18:24:48,725] {dagbag.py:500} INFO - Filling up the DagBag from /Users/sravanisigadam/PycharmProjects/Airflow/venv/lib/python3.9/site-packages/airflow/example_dags/example_branch_datetime_operator.py
[2021-11-18 18:24:48,751] {processor.py:637} INFO - DAG(s) dict_keys(['example_branch_datetime_operator_2']) retrieved from /Users/sravanisigadam/PycharmProjects/Airflow/venv/lib/python3.9/site-packages/airflow/example_dags/example_branch_datetime_operator.py
[2021-11-18 18:24:48,764] {logging_mixin.py:109} INFO - [2021-11-18 18:24:48,764] {dag.py:2396} INFO - Sync 1 DAGs
[2021-11-18 18:24:48,771] {logging_mixin.py:109} INFO - [2021-11-18 18:24:48,771] {dag.py:2928} INFO - Setting next_dagrun for example_branch_datetime_operator_2 to 2021-11-18 00:00:00+00:00
[2021-11-18 18:24:48,777] {processor.py:171} INFO - Processing /Users/sravanisigadam/PycharmProjects/Airflow/venv/lib/python3.9/site-packages/airflow/example_dags/example_branch_datetime_operator.py took 0.054 seconds
[2021-11-18 18:26:08,382] {processor.py:163} INFO - Started process (PID=55762) to work on /Users/sravanisigadam/PycharmProjects/Airflow/venv/lib/python3.9/site-packages/airflow/example_dags/example_branch_datetime_operator.py
[2021-11-18 18:26:08,383] {processor.py:625} INFO - Processing file /Users/sravanisigadam/PycharmProjects/Airflow/venv/lib/python3.9/site-packages/airflow/example_dags/example_branch_datetime_operator.py for tasks to queue
[2021-11-18 18:26:08,383] {logging_mixin.py:109} INFO - [2021-11-18 18:26:08,383] {dagbag.py:500} INFO - Filling up the DagBag from /Users/sravanisigadam/PycharmProjects/Airflow/venv/lib/python3.9/site-packages/airflow/example_dags/example_branch_datetime_operator.py
[2021-11-18 18:26:08,409] {processor.py:637} INFO - DAG(s) dict_keys(['example_branch_datetime_operator_2']) retrieved from /Users/sravanisigadam/PycharmProjects/Airflow/venv/lib/python3.9/site-packages/airflow/example_dags/example_branch_datetime_operator.py
[2021-11-18 18:26:08,420] {logging_mixin.py:109} INFO - [2021-11-18 18:26:08,420] {dag.py:2396} INFO - Sync 1 DAGs
[2021-11-18 18:26:08,427] {logging_mixin.py:109} INFO - [2021-11-18 18:26:08,427] {dag.py:2928} INFO - Setting next_dagrun for example_branch_datetime_operator_2 to 2021-11-18 00:00:00+00:00
[2021-11-18 18:26:08,432] {processor.py:171} INFO - Processing /Users/sravanisigadam/PycharmProjects/Airflow/venv/lib/python3.9/site-packages/airflow/example_dags/example_branch_datetime_operator.py took 0.050 seconds
[2021-11-18 18:27:28,603] {processor.py:163} INFO - Started process (PID=55834) to work on /Users/sravanisigadam/PycharmProjects/Airflow/venv/lib/python3.9/site-packages/airflow/example_dags/example_branch_datetime_operator.py
[2021-11-18 18:27:28,603] {processor.py:625} INFO - Processing file /Users/sravanisigadam/PycharmProjects/Airflow/venv/lib/python3.9/site-packages/airflow/example_dags/example_branch_datetime_operator.py for tasks to queue
[2021-11-18 18:27:28,603] {logging_mixin.py:109} INFO - [2021-11-18 18:27:28,603] {dagbag.py:500} INFO - Filling up the DagBag from /Users/sravanisigadam/PycharmProjects/Airflow/venv/lib/python3.9/site-packages/airflow/example_dags/example_branch_datetime_operator.py
[2021-11-18 18:27:28,629] {processor.py:637} INFO - DAG(s) dict_keys(['example_branch_datetime_operator_2']) retrieved from /Users/sravanisigadam/PycharmProjects/Airflow/venv/lib/python3.9/site-packages/airflow/example_dags/example_branch_datetime_operator.py
[2021-11-18 18:27:28,640] {logging_mixin.py:109} INFO - [2021-11-18 18:27:28,640] {dag.py:2396} INFO - Sync 1 DAGs
[2021-11-18 18:27:28,646] {logging_mixin.py:109} INFO - [2021-11-18 18:27:28,646] {dag.py:2928} INFO - Setting next_dagrun for example_branch_datetime_operator_2 to 2021-11-18 00:00:00+00:00
[2021-11-18 18:27:28,651] {processor.py:171} INFO - Processing /Users/sravanisigadam/PycharmProjects/Airflow/venv/lib/python3.9/site-packages/airflow/example_dags/example_branch_datetime_operator.py took 0.049 seconds
[2021-11-18 18:28:48,727] {processor.py:163} INFO - Started process (PID=55900) to work on /Users/sravanisigadam/PycharmProjects/Airflow/venv/lib/python3.9/site-packages/airflow/example_dags/example_branch_datetime_operator.py
[2021-11-18 18:28:48,728] {processor.py:625} INFO - Processing file /Users/sravanisigadam/PycharmProjects/Airflow/venv/lib/python3.9/site-packages/airflow/example_dags/example_branch_datetime_operator.py for tasks to queue
[2021-11-18 18:28:48,728] {logging_mixin.py:109} INFO - [2021-11-18 18:28:48,728] {dagbag.py:500} INFO - Filling up the DagBag from /Users/sravanisigadam/PycharmProjects/Airflow/venv/lib/python3.9/site-packages/airflow/example_dags/example_branch_datetime_operator.py
[2021-11-18 18:28:48,750] {processor.py:637} INFO - DAG(s) dict_keys(['example_branch_datetime_operator_2']) retrieved from /Users/sravanisigadam/PycharmProjects/Airflow/venv/lib/python3.9/site-packages/airflow/example_dags/example_branch_datetime_operator.py
[2021-11-18 18:28:48,760] {logging_mixin.py:109} INFO - [2021-11-18 18:28:48,760] {dag.py:2396} INFO - Sync 1 DAGs
[2021-11-18 18:28:48,766] {logging_mixin.py:109} INFO - [2021-11-18 18:28:48,766] {dag.py:2928} INFO - Setting next_dagrun for example_branch_datetime_operator_2 to 2021-11-18 00:00:00+00:00
[2021-11-18 18:28:48,770] {processor.py:171} INFO - Processing /Users/sravanisigadam/PycharmProjects/Airflow/venv/lib/python3.9/site-packages/airflow/example_dags/example_branch_datetime_operator.py took 0.043 seconds
[2021-11-18 18:30:08,802] {processor.py:163} INFO - Started process (PID=55940) to work on /Users/sravanisigadam/PycharmProjects/Airflow/venv/lib/python3.9/site-packages/airflow/example_dags/example_branch_datetime_operator.py
[2021-11-18 18:30:08,802] {processor.py:625} INFO - Processing file /Users/sravanisigadam/PycharmProjects/Airflow/venv/lib/python3.9/site-packages/airflow/example_dags/example_branch_datetime_operator.py for tasks to queue
[2021-11-18 18:30:08,802] {logging_mixin.py:109} INFO - [2021-11-18 18:30:08,802] {dagbag.py:500} INFO - Filling up the DagBag from /Users/sravanisigadam/PycharmProjects/Airflow/venv/lib/python3.9/site-packages/airflow/example_dags/example_branch_datetime_operator.py
[2021-11-18 18:30:08,825] {processor.py:637} INFO - DAG(s) dict_keys(['example_branch_datetime_operator_2']) retrieved from /Users/sravanisigadam/PycharmProjects/Airflow/venv/lib/python3.9/site-packages/airflow/example_dags/example_branch_datetime_operator.py
[2021-11-18 18:30:08,835] {logging_mixin.py:109} INFO - [2021-11-18 18:30:08,835] {dag.py:2396} INFO - Sync 1 DAGs
[2021-11-18 18:30:08,841] {logging_mixin.py:109} INFO - [2021-11-18 18:30:08,841] {dag.py:2928} INFO - Setting next_dagrun for example_branch_datetime_operator_2 to 2021-11-18 00:00:00+00:00
[2021-11-18 18:30:08,846] {processor.py:171} INFO - Processing /Users/sravanisigadam/PycharmProjects/Airflow/venv/lib/python3.9/site-packages/airflow/example_dags/example_branch_datetime_operator.py took 0.044 seconds
[2021-11-18 18:31:28,938] {processor.py:163} INFO - Started process (PID=55980) to work on /Users/sravanisigadam/PycharmProjects/Airflow/venv/lib/python3.9/site-packages/airflow/example_dags/example_branch_datetime_operator.py
[2021-11-18 18:31:28,938] {processor.py:625} INFO - Processing file /Users/sravanisigadam/PycharmProjects/Airflow/venv/lib/python3.9/site-packages/airflow/example_dags/example_branch_datetime_operator.py for tasks to queue
[2021-11-18 18:31:28,939] {logging_mixin.py:109} INFO - [2021-11-18 18:31:28,939] {dagbag.py:500} INFO - Filling up the DagBag from /Users/sravanisigadam/PycharmProjects/Airflow/venv/lib/python3.9/site-packages/airflow/example_dags/example_branch_datetime_operator.py
[2021-11-18 18:31:28,960] {processor.py:637} INFO - DAG(s) dict_keys(['example_branch_datetime_operator_2']) retrieved from /Users/sravanisigadam/PycharmProjects/Airflow/venv/lib/python3.9/site-packages/airflow/example_dags/example_branch_datetime_operator.py
[2021-11-18 18:31:28,970] {logging_mixin.py:109} INFO - [2021-11-18 18:31:28,970] {dag.py:2396} INFO - Sync 1 DAGs
[2021-11-18 18:31:28,976] {logging_mixin.py:109} INFO - [2021-11-18 18:31:28,976] {dag.py:2928} INFO - Setting next_dagrun for example_branch_datetime_operator_2 to 2021-11-18 00:00:00+00:00
[2021-11-18 18:31:28,981] {processor.py:171} INFO - Processing /Users/sravanisigadam/PycharmProjects/Airflow/venv/lib/python3.9/site-packages/airflow/example_dags/example_branch_datetime_operator.py took 0.043 seconds
[2021-11-18 18:32:49,067] {processor.py:163} INFO - Started process (PID=56027) to work on /Users/sravanisigadam/PycharmProjects/Airflow/venv/lib/python3.9/site-packages/airflow/example_dags/example_branch_datetime_operator.py
[2021-11-18 18:32:49,067] {processor.py:625} INFO - Processing file /Users/sravanisigadam/PycharmProjects/Airflow/venv/lib/python3.9/site-packages/airflow/example_dags/example_branch_datetime_operator.py for tasks to queue
[2021-11-18 18:32:49,067] {logging_mixin.py:109} INFO - [2021-11-18 18:32:49,067] {dagbag.py:500} INFO - Filling up the DagBag from /Users/sravanisigadam/PycharmProjects/Airflow/venv/lib/python3.9/site-packages/airflow/example_dags/example_branch_datetime_operator.py
[2021-11-18 18:32:49,091] {processor.py:637} INFO - DAG(s) dict_keys(['example_branch_datetime_operator_2']) retrieved from /Users/sravanisigadam/PycharmProjects/Airflow/venv/lib/python3.9/site-packages/airflow/example_dags/example_branch_datetime_operator.py
[2021-11-18 18:32:49,102] {logging_mixin.py:109} INFO - [2021-11-18 18:32:49,101] {dag.py:2396} INFO - Sync 1 DAGs
[2021-11-18 18:32:49,107] {logging_mixin.py:109} INFO - [2021-11-18 18:32:49,107] {dag.py:2928} INFO - Setting next_dagrun for example_branch_datetime_operator_2 to 2021-11-18 00:00:00+00:00
[2021-11-18 18:32:49,112] {processor.py:171} INFO - Processing /Users/sravanisigadam/PycharmProjects/Airflow/venv/lib/python3.9/site-packages/airflow/example_dags/example_branch_datetime_operator.py took 0.045 seconds
[2021-11-18 18:45:55,461] {processor.py:163} INFO - Started process (PID=56088) to work on /Users/sravanisigadam/PycharmProjects/Airflow/venv/lib/python3.9/site-packages/airflow/example_dags/example_branch_datetime_operator.py
[2021-11-18 18:45:55,462] {processor.py:625} INFO - Processing file /Users/sravanisigadam/PycharmProjects/Airflow/venv/lib/python3.9/site-packages/airflow/example_dags/example_branch_datetime_operator.py for tasks to queue
[2021-11-18 18:45:55,462] {logging_mixin.py:109} INFO - [2021-11-18 18:45:55,462] {dagbag.py:500} INFO - Filling up the DagBag from /Users/sravanisigadam/PycharmProjects/Airflow/venv/lib/python3.9/site-packages/airflow/example_dags/example_branch_datetime_operator.py
[2021-11-18 18:45:55,485] {processor.py:637} INFO - DAG(s) dict_keys(['example_branch_datetime_operator_2']) retrieved from /Users/sravanisigadam/PycharmProjects/Airflow/venv/lib/python3.9/site-packages/airflow/example_dags/example_branch_datetime_operator.py
[2021-11-18 18:45:55,495] {logging_mixin.py:109} INFO - [2021-11-18 18:45:55,495] {dag.py:2396} INFO - Sync 1 DAGs
[2021-11-18 18:45:55,501] {logging_mixin.py:109} INFO - [2021-11-18 18:45:55,501] {dag.py:2928} INFO - Setting next_dagrun for example_branch_datetime_operator_2 to 2021-11-18 00:00:00+00:00
[2021-11-18 18:45:55,505] {processor.py:171} INFO - Processing /Users/sravanisigadam/PycharmProjects/Airflow/venv/lib/python3.9/site-packages/airflow/example_dags/example_branch_datetime_operator.py took 0.044 seconds
[2021-11-18 18:47:25,403] {processor.py:163} INFO - Started process (PID=56147) to work on /Users/sravanisigadam/PycharmProjects/Airflow/venv/lib/python3.9/site-packages/airflow/example_dags/example_branch_datetime_operator.py
[2021-11-18 18:47:25,403] {processor.py:625} INFO - Processing file /Users/sravanisigadam/PycharmProjects/Airflow/venv/lib/python3.9/site-packages/airflow/example_dags/example_branch_datetime_operator.py for tasks to queue
[2021-11-18 18:47:25,403] {logging_mixin.py:109} INFO - [2021-11-18 18:47:25,403] {dagbag.py:500} INFO - Filling up the DagBag from /Users/sravanisigadam/PycharmProjects/Airflow/venv/lib/python3.9/site-packages/airflow/example_dags/example_branch_datetime_operator.py
[2021-11-18 18:47:25,430] {processor.py:637} INFO - DAG(s) dict_keys(['example_branch_datetime_operator_2']) retrieved from /Users/sravanisigadam/PycharmProjects/Airflow/venv/lib/python3.9/site-packages/airflow/example_dags/example_branch_datetime_operator.py
[2021-11-18 18:47:25,441] {logging_mixin.py:109} INFO - [2021-11-18 18:47:25,441] {dag.py:2396} INFO - Sync 1 DAGs
[2021-11-18 18:47:25,448] {logging_mixin.py:109} INFO - [2021-11-18 18:47:25,448] {dag.py:2928} INFO - Setting next_dagrun for example_branch_datetime_operator_2 to 2021-11-18 00:00:00+00:00
[2021-11-18 18:47:25,454] {processor.py:171} INFO - Processing /Users/sravanisigadam/PycharmProjects/Airflow/venv/lib/python3.9/site-packages/airflow/example_dags/example_branch_datetime_operator.py took 0.052 seconds
[2021-11-18 18:48:44,063] {processor.py:163} INFO - Started process (PID=56205) to work on /Users/sravanisigadam/PycharmProjects/Airflow/venv/lib/python3.9/site-packages/airflow/example_dags/example_branch_datetime_operator.py
[2021-11-18 18:48:44,064] {processor.py:625} INFO - Processing file /Users/sravanisigadam/PycharmProjects/Airflow/venv/lib/python3.9/site-packages/airflow/example_dags/example_branch_datetime_operator.py for tasks to queue
[2021-11-18 18:48:44,064] {logging_mixin.py:109} INFO - [2021-11-18 18:48:44,064] {dagbag.py:500} INFO - Filling up the DagBag from /Users/sravanisigadam/PycharmProjects/Airflow/venv/lib/python3.9/site-packages/airflow/example_dags/example_branch_datetime_operator.py
[2021-11-18 18:48:44,088] {processor.py:637} INFO - DAG(s) dict_keys(['example_branch_datetime_operator_2']) retrieved from /Users/sravanisigadam/PycharmProjects/Airflow/venv/lib/python3.9/site-packages/airflow/example_dags/example_branch_datetime_operator.py
[2021-11-18 18:48:44,099] {logging_mixin.py:109} INFO - [2021-11-18 18:48:44,099] {dag.py:2396} INFO - Sync 1 DAGs
[2021-11-18 18:48:44,109] {logging_mixin.py:109} INFO - [2021-11-18 18:48:44,109] {dag.py:2928} INFO - Setting next_dagrun for example_branch_datetime_operator_2 to 2021-11-18 00:00:00+00:00
[2021-11-18 18:48:44,115] {processor.py:171} INFO - Processing /Users/sravanisigadam/PycharmProjects/Airflow/venv/lib/python3.9/site-packages/airflow/example_dags/example_branch_datetime_operator.py took 0.052 seconds
[2021-11-18 18:50:07,266] {processor.py:163} INFO - Started process (PID=56253) to work on /Users/sravanisigadam/PycharmProjects/Airflow/venv/lib/python3.9/site-packages/airflow/example_dags/example_branch_datetime_operator.py
[2021-11-18 18:50:07,266] {processor.py:625} INFO - Processing file /Users/sravanisigadam/PycharmProjects/Airflow/venv/lib/python3.9/site-packages/airflow/example_dags/example_branch_datetime_operator.py for tasks to queue
[2021-11-18 18:50:07,267] {logging_mixin.py:109} INFO - [2021-11-18 18:50:07,266] {dagbag.py:500} INFO - Filling up the DagBag from /Users/sravanisigadam/PycharmProjects/Airflow/venv/lib/python3.9/site-packages/airflow/example_dags/example_branch_datetime_operator.py
[2021-11-18 18:50:07,291] {processor.py:637} INFO - DAG(s) dict_keys(['example_branch_datetime_operator_2']) retrieved from /Users/sravanisigadam/PycharmProjects/Airflow/venv/lib/python3.9/site-packages/airflow/example_dags/example_branch_datetime_operator.py
[2021-11-18 18:50:07,301] {logging_mixin.py:109} INFO - [2021-11-18 18:50:07,301] {dag.py:2396} INFO - Sync 1 DAGs
[2021-11-18 18:50:07,307] {logging_mixin.py:109} INFO - [2021-11-18 18:50:07,306] {dag.py:2928} INFO - Setting next_dagrun for example_branch_datetime_operator_2 to 2021-11-18 00:00:00+00:00
[2021-11-18 18:50:07,311] {processor.py:171} INFO - Processing /Users/sravanisigadam/PycharmProjects/Airflow/venv/lib/python3.9/site-packages/airflow/example_dags/example_branch_datetime_operator.py took 0.045 seconds
[2021-11-18 18:51:22,949] {processor.py:163} INFO - Started process (PID=56292) to work on /Users/sravanisigadam/PycharmProjects/Airflow/venv/lib/python3.9/site-packages/airflow/example_dags/example_branch_datetime_operator.py
[2021-11-18 18:51:22,949] {processor.py:625} INFO - Processing file /Users/sravanisigadam/PycharmProjects/Airflow/venv/lib/python3.9/site-packages/airflow/example_dags/example_branch_datetime_operator.py for tasks to queue
[2021-11-18 18:51:22,949] {logging_mixin.py:109} INFO - [2021-11-18 18:51:22,949] {dagbag.py:500} INFO - Filling up the DagBag from /Users/sravanisigadam/PycharmProjects/Airflow/venv/lib/python3.9/site-packages/airflow/example_dags/example_branch_datetime_operator.py
[2021-11-18 18:51:22,973] {processor.py:637} INFO - DAG(s) dict_keys(['example_branch_datetime_operator_2']) retrieved from /Users/sravanisigadam/PycharmProjects/Airflow/venv/lib/python3.9/site-packages/airflow/example_dags/example_branch_datetime_operator.py
[2021-11-18 18:51:22,984] {logging_mixin.py:109} INFO - [2021-11-18 18:51:22,984] {dag.py:2396} INFO - Sync 1 DAGs
[2021-11-18 18:51:22,990] {logging_mixin.py:109} INFO - [2021-11-18 18:51:22,990] {dag.py:2928} INFO - Setting next_dagrun for example_branch_datetime_operator_2 to 2021-11-18 00:00:00+00:00
[2021-11-18 18:51:22,994] {processor.py:171} INFO - Processing /Users/sravanisigadam/PycharmProjects/Airflow/venv/lib/python3.9/site-packages/airflow/example_dags/example_branch_datetime_operator.py took 0.046 seconds
[2021-11-18 18:52:40,706] {processor.py:163} INFO - Started process (PID=56335) to work on /Users/sravanisigadam/PycharmProjects/Airflow/venv/lib/python3.9/site-packages/airflow/example_dags/example_branch_datetime_operator.py
[2021-11-18 18:52:40,707] {processor.py:625} INFO - Processing file /Users/sravanisigadam/PycharmProjects/Airflow/venv/lib/python3.9/site-packages/airflow/example_dags/example_branch_datetime_operator.py for tasks to queue
[2021-11-18 18:52:40,707] {logging_mixin.py:109} INFO - [2021-11-18 18:52:40,707] {dagbag.py:500} INFO - Filling up the DagBag from /Users/sravanisigadam/PycharmProjects/Airflow/venv/lib/python3.9/site-packages/airflow/example_dags/example_branch_datetime_operator.py
[2021-11-18 18:52:40,730] {processor.py:637} INFO - DAG(s) dict_keys(['example_branch_datetime_operator_2']) retrieved from /Users/sravanisigadam/PycharmProjects/Airflow/venv/lib/python3.9/site-packages/airflow/example_dags/example_branch_datetime_operator.py
[2021-11-18 18:52:40,740] {logging_mixin.py:109} INFO - [2021-11-18 18:52:40,739] {dag.py:2396} INFO - Sync 1 DAGs
[2021-11-18 18:52:40,745] {logging_mixin.py:109} INFO - [2021-11-18 18:52:40,745] {dag.py:2928} INFO - Setting next_dagrun for example_branch_datetime_operator_2 to 2021-11-18 00:00:00+00:00
[2021-11-18 18:52:40,750] {processor.py:171} INFO - Processing /Users/sravanisigadam/PycharmProjects/Airflow/venv/lib/python3.9/site-packages/airflow/example_dags/example_branch_datetime_operator.py took 0.044 seconds
[2021-11-18 18:53:58,357] {processor.py:163} INFO - Started process (PID=56375) to work on /Users/sravanisigadam/PycharmProjects/Airflow/venv/lib/python3.9/site-packages/airflow/example_dags/example_branch_datetime_operator.py
[2021-11-18 18:53:58,358] {processor.py:625} INFO - Processing file /Users/sravanisigadam/PycharmProjects/Airflow/venv/lib/python3.9/site-packages/airflow/example_dags/example_branch_datetime_operator.py for tasks to queue
[2021-11-18 18:53:58,358] {logging_mixin.py:109} INFO - [2021-11-18 18:53:58,358] {dagbag.py:500} INFO - Filling up the DagBag from /Users/sravanisigadam/PycharmProjects/Airflow/venv/lib/python3.9/site-packages/airflow/example_dags/example_branch_datetime_operator.py
[2021-11-18 18:53:58,382] {processor.py:637} INFO - DAG(s) dict_keys(['example_branch_datetime_operator_2']) retrieved from /Users/sravanisigadam/PycharmProjects/Airflow/venv/lib/python3.9/site-packages/airflow/example_dags/example_branch_datetime_operator.py
[2021-11-18 18:53:58,393] {logging_mixin.py:109} INFO - [2021-11-18 18:53:58,393] {dag.py:2396} INFO - Sync 1 DAGs
[2021-11-18 18:53:58,399] {logging_mixin.py:109} INFO - [2021-11-18 18:53:58,399] {dag.py:2928} INFO - Setting next_dagrun for example_branch_datetime_operator_2 to 2021-11-18 00:00:00+00:00
[2021-11-18 18:53:58,404] {processor.py:171} INFO - Processing /Users/sravanisigadam/PycharmProjects/Airflow/venv/lib/python3.9/site-packages/airflow/example_dags/example_branch_datetime_operator.py took 0.047 seconds
[2021-11-18 18:55:16,982] {processor.py:163} INFO - Started process (PID=56415) to work on /Users/sravanisigadam/PycharmProjects/Airflow/venv/lib/python3.9/site-packages/airflow/example_dags/example_branch_datetime_operator.py
[2021-11-18 18:55:16,983] {processor.py:625} INFO - Processing file /Users/sravanisigadam/PycharmProjects/Airflow/venv/lib/python3.9/site-packages/airflow/example_dags/example_branch_datetime_operator.py for tasks to queue
[2021-11-18 18:55:16,983] {logging_mixin.py:109} INFO - [2021-11-18 18:55:16,983] {dagbag.py:500} INFO - Filling up the DagBag from /Users/sravanisigadam/PycharmProjects/Airflow/venv/lib/python3.9/site-packages/airflow/example_dags/example_branch_datetime_operator.py
[2021-11-18 18:55:17,007] {processor.py:637} INFO - DAG(s) dict_keys(['example_branch_datetime_operator_2']) retrieved from /Users/sravanisigadam/PycharmProjects/Airflow/venv/lib/python3.9/site-packages/airflow/example_dags/example_branch_datetime_operator.py
[2021-11-18 18:55:17,017] {logging_mixin.py:109} INFO - [2021-11-18 18:55:17,017] {dag.py:2396} INFO - Sync 1 DAGs
[2021-11-18 18:55:17,023] {logging_mixin.py:109} INFO - [2021-11-18 18:55:17,023] {dag.py:2928} INFO - Setting next_dagrun for example_branch_datetime_operator_2 to 2021-11-18 00:00:00+00:00
[2021-11-18 18:55:17,027] {processor.py:171} INFO - Processing /Users/sravanisigadam/PycharmProjects/Airflow/venv/lib/python3.9/site-packages/airflow/example_dags/example_branch_datetime_operator.py took 0.046 seconds
[2021-11-18 18:56:35,401] {processor.py:163} INFO - Started process (PID=56460) to work on /Users/sravanisigadam/PycharmProjects/Airflow/venv/lib/python3.9/site-packages/airflow/example_dags/example_branch_datetime_operator.py
[2021-11-18 18:56:35,402] {processor.py:625} INFO - Processing file /Users/sravanisigadam/PycharmProjects/Airflow/venv/lib/python3.9/site-packages/airflow/example_dags/example_branch_datetime_operator.py for tasks to queue
[2021-11-18 18:56:35,402] {logging_mixin.py:109} INFO - [2021-11-18 18:56:35,402] {dagbag.py:500} INFO - Filling up the DagBag from /Users/sravanisigadam/PycharmProjects/Airflow/venv/lib/python3.9/site-packages/airflow/example_dags/example_branch_datetime_operator.py
[2021-11-18 18:56:35,426] {processor.py:637} INFO - DAG(s) dict_keys(['example_branch_datetime_operator_2']) retrieved from /Users/sravanisigadam/PycharmProjects/Airflow/venv/lib/python3.9/site-packages/airflow/example_dags/example_branch_datetime_operator.py
[2021-11-18 18:56:35,436] {logging_mixin.py:109} INFO - [2021-11-18 18:56:35,436] {dag.py:2396} INFO - Sync 1 DAGs
[2021-11-18 18:56:35,442] {logging_mixin.py:109} INFO - [2021-11-18 18:56:35,442] {dag.py:2928} INFO - Setting next_dagrun for example_branch_datetime_operator_2 to 2021-11-18 00:00:00+00:00
[2021-11-18 18:56:35,447] {processor.py:171} INFO - Processing /Users/sravanisigadam/PycharmProjects/Airflow/venv/lib/python3.9/site-packages/airflow/example_dags/example_branch_datetime_operator.py took 0.046 seconds
[2021-11-18 18:57:53,016] {processor.py:163} INFO - Started process (PID=56499) to work on /Users/sravanisigadam/PycharmProjects/Airflow/venv/lib/python3.9/site-packages/airflow/example_dags/example_branch_datetime_operator.py
[2021-11-18 18:57:53,017] {processor.py:625} INFO - Processing file /Users/sravanisigadam/PycharmProjects/Airflow/venv/lib/python3.9/site-packages/airflow/example_dags/example_branch_datetime_operator.py for tasks to queue
[2021-11-18 18:57:53,017] {logging_mixin.py:109} INFO - [2021-11-18 18:57:53,017] {dagbag.py:500} INFO - Filling up the DagBag from /Users/sravanisigadam/PycharmProjects/Airflow/venv/lib/python3.9/site-packages/airflow/example_dags/example_branch_datetime_operator.py
[2021-11-18 18:57:53,041] {processor.py:637} INFO - DAG(s) dict_keys(['example_branch_datetime_operator_2']) retrieved from /Users/sravanisigadam/PycharmProjects/Airflow/venv/lib/python3.9/site-packages/airflow/example_dags/example_branch_datetime_operator.py
[2021-11-18 18:57:53,051] {logging_mixin.py:109} INFO - [2021-11-18 18:57:53,051] {dag.py:2396} INFO - Sync 1 DAGs
[2021-11-18 18:57:53,057] {logging_mixin.py:109} INFO - [2021-11-18 18:57:53,057] {dag.py:2928} INFO - Setting next_dagrun for example_branch_datetime_operator_2 to 2021-11-18 00:00:00+00:00
[2021-11-18 18:57:53,061] {processor.py:171} INFO - Processing /Users/sravanisigadam/PycharmProjects/Airflow/venv/lib/python3.9/site-packages/airflow/example_dags/example_branch_datetime_operator.py took 0.046 seconds
[2021-11-18 18:59:10,881] {processor.py:163} INFO - Started process (PID=56547) to work on /Users/sravanisigadam/PycharmProjects/Airflow/venv/lib/python3.9/site-packages/airflow/example_dags/example_branch_datetime_operator.py
[2021-11-18 18:59:10,882] {processor.py:625} INFO - Processing file /Users/sravanisigadam/PycharmProjects/Airflow/venv/lib/python3.9/site-packages/airflow/example_dags/example_branch_datetime_operator.py for tasks to queue
[2021-11-18 18:59:10,883] {logging_mixin.py:109} INFO - [2021-11-18 18:59:10,883] {dagbag.py:500} INFO - Filling up the DagBag from /Users/sravanisigadam/PycharmProjects/Airflow/venv/lib/python3.9/site-packages/airflow/example_dags/example_branch_datetime_operator.py
[2021-11-18 18:59:10,908] {processor.py:637} INFO - DAG(s) dict_keys(['example_branch_datetime_operator_2']) retrieved from /Users/sravanisigadam/PycharmProjects/Airflow/venv/lib/python3.9/site-packages/airflow/example_dags/example_branch_datetime_operator.py
[2021-11-18 18:59:10,920] {logging_mixin.py:109} INFO - [2021-11-18 18:59:10,920] {dag.py:2396} INFO - Sync 1 DAGs
[2021-11-18 18:59:10,926] {logging_mixin.py:109} INFO - [2021-11-18 18:59:10,925] {dag.py:2928} INFO - Setting next_dagrun for example_branch_datetime_operator_2 to 2021-11-18 00:00:00+00:00
[2021-11-18 18:59:10,930] {processor.py:171} INFO - Processing /Users/sravanisigadam/PycharmProjects/Airflow/venv/lib/python3.9/site-packages/airflow/example_dags/example_branch_datetime_operator.py took 0.049 seconds
[2021-11-18 19:00:32,204] {processor.py:163} INFO - Started process (PID=56591) to work on /Users/sravanisigadam/PycharmProjects/Airflow/venv/lib/python3.9/site-packages/airflow/example_dags/example_branch_datetime_operator.py
[2021-11-18 19:00:32,205] {processor.py:625} INFO - Processing file /Users/sravanisigadam/PycharmProjects/Airflow/venv/lib/python3.9/site-packages/airflow/example_dags/example_branch_datetime_operator.py for tasks to queue
[2021-11-18 19:00:32,205] {logging_mixin.py:109} INFO - [2021-11-18 19:00:32,205] {dagbag.py:500} INFO - Filling up the DagBag from /Users/sravanisigadam/PycharmProjects/Airflow/venv/lib/python3.9/site-packages/airflow/example_dags/example_branch_datetime_operator.py
[2021-11-18 19:00:32,229] {processor.py:637} INFO - DAG(s) dict_keys(['example_branch_datetime_operator_2']) retrieved from /Users/sravanisigadam/PycharmProjects/Airflow/venv/lib/python3.9/site-packages/airflow/example_dags/example_branch_datetime_operator.py
[2021-11-18 19:00:32,239] {logging_mixin.py:109} INFO - [2021-11-18 19:00:32,239] {dag.py:2396} INFO - Sync 1 DAGs
[2021-11-18 19:00:32,245] {logging_mixin.py:109} INFO - [2021-11-18 19:00:32,245] {dag.py:2928} INFO - Setting next_dagrun for example_branch_datetime_operator_2 to 2021-11-18 00:00:00+00:00
[2021-11-18 19:00:32,250] {processor.py:171} INFO - Processing /Users/sravanisigadam/PycharmProjects/Airflow/venv/lib/python3.9/site-packages/airflow/example_dags/example_branch_datetime_operator.py took 0.046 seconds
[2021-11-18 19:01:50,189] {processor.py:163} INFO - Started process (PID=56638) to work on /Users/sravanisigadam/PycharmProjects/Airflow/venv/lib/python3.9/site-packages/airflow/example_dags/example_branch_datetime_operator.py
[2021-11-18 19:01:50,190] {processor.py:625} INFO - Processing file /Users/sravanisigadam/PycharmProjects/Airflow/venv/lib/python3.9/site-packages/airflow/example_dags/example_branch_datetime_operator.py for tasks to queue
[2021-11-18 19:01:50,190] {logging_mixin.py:109} INFO - [2021-11-18 19:01:50,190] {dagbag.py:500} INFO - Filling up the DagBag from /Users/sravanisigadam/PycharmProjects/Airflow/venv/lib/python3.9/site-packages/airflow/example_dags/example_branch_datetime_operator.py
[2021-11-18 19:01:50,215] {processor.py:637} INFO - DAG(s) dict_keys(['example_branch_datetime_operator_2']) retrieved from /Users/sravanisigadam/PycharmProjects/Airflow/venv/lib/python3.9/site-packages/airflow/example_dags/example_branch_datetime_operator.py
[2021-11-18 19:01:50,226] {logging_mixin.py:109} INFO - [2021-11-18 19:01:50,226] {dag.py:2396} INFO - Sync 1 DAGs
[2021-11-18 19:01:50,232] {logging_mixin.py:109} INFO - [2021-11-18 19:01:50,232] {dag.py:2928} INFO - Setting next_dagrun for example_branch_datetime_operator_2 to 2021-11-18 00:00:00+00:00
[2021-11-18 19:01:50,237] {processor.py:171} INFO - Processing /Users/sravanisigadam/PycharmProjects/Airflow/venv/lib/python3.9/site-packages/airflow/example_dags/example_branch_datetime_operator.py took 0.048 seconds
[2021-11-18 19:03:07,822] {processor.py:163} INFO - Started process (PID=56681) to work on /Users/sravanisigadam/PycharmProjects/Airflow/venv/lib/python3.9/site-packages/airflow/example_dags/example_branch_datetime_operator.py
[2021-11-18 19:03:07,823] {processor.py:625} INFO - Processing file /Users/sravanisigadam/PycharmProjects/Airflow/venv/lib/python3.9/site-packages/airflow/example_dags/example_branch_datetime_operator.py for tasks to queue
[2021-11-18 19:03:07,823] {logging_mixin.py:109} INFO - [2021-11-18 19:03:07,823] {dagbag.py:500} INFO - Filling up the DagBag from /Users/sravanisigadam/PycharmProjects/Airflow/venv/lib/python3.9/site-packages/airflow/example_dags/example_branch_datetime_operator.py
[2021-11-18 19:03:07,846] {processor.py:637} INFO - DAG(s) dict_keys(['example_branch_datetime_operator_2']) retrieved from /Users/sravanisigadam/PycharmProjects/Airflow/venv/lib/python3.9/site-packages/airflow/example_dags/example_branch_datetime_operator.py
[2021-11-18 19:03:07,857] {logging_mixin.py:109} INFO - [2021-11-18 19:03:07,857] {dag.py:2396} INFO - Sync 1 DAGs
[2021-11-18 19:03:07,863] {logging_mixin.py:109} INFO - [2021-11-18 19:03:07,863] {dag.py:2928} INFO - Setting next_dagrun for example_branch_datetime_operator_2 to 2021-11-18 00:00:00+00:00
[2021-11-18 19:03:07,867] {processor.py:171} INFO - Processing /Users/sravanisigadam/PycharmProjects/Airflow/venv/lib/python3.9/site-packages/airflow/example_dags/example_branch_datetime_operator.py took 0.045 seconds
[2021-11-18 19:04:25,847] {processor.py:163} INFO - Started process (PID=56727) to work on /Users/sravanisigadam/PycharmProjects/Airflow/venv/lib/python3.9/site-packages/airflow/example_dags/example_branch_datetime_operator.py
[2021-11-18 19:04:25,847] {processor.py:625} INFO - Processing file /Users/sravanisigadam/PycharmProjects/Airflow/venv/lib/python3.9/site-packages/airflow/example_dags/example_branch_datetime_operator.py for tasks to queue
[2021-11-18 19:04:25,847] {logging_mixin.py:109} INFO - [2021-11-18 19:04:25,847] {dagbag.py:500} INFO - Filling up the DagBag from /Users/sravanisigadam/PycharmProjects/Airflow/venv/lib/python3.9/site-packages/airflow/example_dags/example_branch_datetime_operator.py
[2021-11-18 19:04:25,871] {processor.py:637} INFO - DAG(s) dict_keys(['example_branch_datetime_operator_2']) retrieved from /Users/sravanisigadam/PycharmProjects/Airflow/venv/lib/python3.9/site-packages/airflow/example_dags/example_branch_datetime_operator.py
[2021-11-18 19:04:25,882] {logging_mixin.py:109} INFO - [2021-11-18 19:04:25,882] {dag.py:2396} INFO - Sync 1 DAGs
[2021-11-18 19:04:25,888] {logging_mixin.py:109} INFO - [2021-11-18 19:04:25,887] {dag.py:2928} INFO - Setting next_dagrun for example_branch_datetime_operator_2 to 2021-11-18 00:00:00+00:00
[2021-11-18 19:04:25,892] {processor.py:171} INFO - Processing /Users/sravanisigadam/PycharmProjects/Airflow/venv/lib/python3.9/site-packages/airflow/example_dags/example_branch_datetime_operator.py took 0.046 seconds
[2021-11-18 19:05:44,678] {processor.py:163} INFO - Started process (PID=56793) to work on /Users/sravanisigadam/PycharmProjects/Airflow/venv/lib/python3.9/site-packages/airflow/example_dags/example_branch_datetime_operator.py
[2021-11-18 19:05:44,678] {processor.py:625} INFO - Processing file /Users/sravanisigadam/PycharmProjects/Airflow/venv/lib/python3.9/site-packages/airflow/example_dags/example_branch_datetime_operator.py for tasks to queue
[2021-11-18 19:05:44,678] {logging_mixin.py:109} INFO - [2021-11-18 19:05:44,678] {dagbag.py:500} INFO - Filling up the DagBag from /Users/sravanisigadam/PycharmProjects/Airflow/venv/lib/python3.9/site-packages/airflow/example_dags/example_branch_datetime_operator.py
[2021-11-18 19:05:44,704] {processor.py:637} INFO - DAG(s) dict_keys(['example_branch_datetime_operator_2']) retrieved from /Users/sravanisigadam/PycharmProjects/Airflow/venv/lib/python3.9/site-packages/airflow/example_dags/example_branch_datetime_operator.py
[2021-11-18 19:05:44,716] {logging_mixin.py:109} INFO - [2021-11-18 19:05:44,716] {dag.py:2396} INFO - Sync 1 DAGs
[2021-11-18 19:05:44,723] {logging_mixin.py:109} INFO - [2021-11-18 19:05:44,723] {dag.py:2928} INFO - Setting next_dagrun for example_branch_datetime_operator_2 to 2021-11-18 00:00:00+00:00
[2021-11-18 19:05:44,727] {processor.py:171} INFO - Processing /Users/sravanisigadam/PycharmProjects/Airflow/venv/lib/python3.9/site-packages/airflow/example_dags/example_branch_datetime_operator.py took 0.050 seconds
[2021-11-18 19:07:03,636] {processor.py:163} INFO - Started process (PID=56847) to work on /Users/sravanisigadam/PycharmProjects/Airflow/venv/lib/python3.9/site-packages/airflow/example_dags/example_branch_datetime_operator.py
[2021-11-18 19:07:03,637] {processor.py:625} INFO - Processing file /Users/sravanisigadam/PycharmProjects/Airflow/venv/lib/python3.9/site-packages/airflow/example_dags/example_branch_datetime_operator.py for tasks to queue
[2021-11-18 19:07:03,637] {logging_mixin.py:109} INFO - [2021-11-18 19:07:03,637] {dagbag.py:500} INFO - Filling up the DagBag from /Users/sravanisigadam/PycharmProjects/Airflow/venv/lib/python3.9/site-packages/airflow/example_dags/example_branch_datetime_operator.py
[2021-11-18 19:07:03,662] {processor.py:637} INFO - DAG(s) dict_keys(['example_branch_datetime_operator_2']) retrieved from /Users/sravanisigadam/PycharmProjects/Airflow/venv/lib/python3.9/site-packages/airflow/example_dags/example_branch_datetime_operator.py
[2021-11-18 19:07:03,672] {logging_mixin.py:109} INFO - [2021-11-18 19:07:03,672] {dag.py:2396} INFO - Sync 1 DAGs
[2021-11-18 19:07:03,678] {logging_mixin.py:109} INFO - [2021-11-18 19:07:03,678] {dag.py:2928} INFO - Setting next_dagrun for example_branch_datetime_operator_2 to 2021-11-18 00:00:00+00:00
[2021-11-18 19:07:03,682] {processor.py:171} INFO - Processing /Users/sravanisigadam/PycharmProjects/Airflow/venv/lib/python3.9/site-packages/airflow/example_dags/example_branch_datetime_operator.py took 0.046 seconds
[2021-11-18 19:08:21,601] {processor.py:163} INFO - Started process (PID=56923) to work on /Users/sravanisigadam/PycharmProjects/Airflow/venv/lib/python3.9/site-packages/airflow/example_dags/example_branch_datetime_operator.py
[2021-11-18 19:08:21,602] {processor.py:625} INFO - Processing file /Users/sravanisigadam/PycharmProjects/Airflow/venv/lib/python3.9/site-packages/airflow/example_dags/example_branch_datetime_operator.py for tasks to queue
[2021-11-18 19:08:21,602] {logging_mixin.py:109} INFO - [2021-11-18 19:08:21,602] {dagbag.py:500} INFO - Filling up the DagBag from /Users/sravanisigadam/PycharmProjects/Airflow/venv/lib/python3.9/site-packages/airflow/example_dags/example_branch_datetime_operator.py
[2021-11-18 19:08:21,628] {processor.py:637} INFO - DAG(s) dict_keys(['example_branch_datetime_operator_2']) retrieved from /Users/sravanisigadam/PycharmProjects/Airflow/venv/lib/python3.9/site-packages/airflow/example_dags/example_branch_datetime_operator.py
[2021-11-18 19:08:21,639] {logging_mixin.py:109} INFO - [2021-11-18 19:08:21,639] {dag.py:2396} INFO - Sync 1 DAGs
[2021-11-18 19:08:21,645] {logging_mixin.py:109} INFO - [2021-11-18 19:08:21,645] {dag.py:2928} INFO - Setting next_dagrun for example_branch_datetime_operator_2 to 2021-11-18 00:00:00+00:00
[2021-11-18 19:08:21,650] {processor.py:171} INFO - Processing /Users/sravanisigadam/PycharmProjects/Airflow/venv/lib/python3.9/site-packages/airflow/example_dags/example_branch_datetime_operator.py took 0.050 seconds
[2021-11-18 19:09:40,407] {processor.py:163} INFO - Started process (PID=56969) to work on /Users/sravanisigadam/PycharmProjects/Airflow/venv/lib/python3.9/site-packages/airflow/example_dags/example_branch_datetime_operator.py
[2021-11-18 19:09:40,407] {processor.py:625} INFO - Processing file /Users/sravanisigadam/PycharmProjects/Airflow/venv/lib/python3.9/site-packages/airflow/example_dags/example_branch_datetime_operator.py for tasks to queue
[2021-11-18 19:09:40,408] {logging_mixin.py:109} INFO - [2021-11-18 19:09:40,408] {dagbag.py:500} INFO - Filling up the DagBag from /Users/sravanisigadam/PycharmProjects/Airflow/venv/lib/python3.9/site-packages/airflow/example_dags/example_branch_datetime_operator.py
[2021-11-18 19:09:40,434] {processor.py:637} INFO - DAG(s) dict_keys(['example_branch_datetime_operator_2']) retrieved from /Users/sravanisigadam/PycharmProjects/Airflow/venv/lib/python3.9/site-packages/airflow/example_dags/example_branch_datetime_operator.py
[2021-11-18 19:09:40,446] {logging_mixin.py:109} INFO - [2021-11-18 19:09:40,446] {dag.py:2396} INFO - Sync 1 DAGs
[2021-11-18 19:09:40,452] {logging_mixin.py:109} INFO - [2021-11-18 19:09:40,452] {dag.py:2928} INFO - Setting next_dagrun for example_branch_datetime_operator_2 to 2021-11-18 00:00:00+00:00
[2021-11-18 19:09:40,458] {processor.py:171} INFO - Processing /Users/sravanisigadam/PycharmProjects/Airflow/venv/lib/python3.9/site-packages/airflow/example_dags/example_branch_datetime_operator.py took 0.051 seconds
[2021-11-18 19:11:00,664] {processor.py:163} INFO - Started process (PID=57017) to work on /Users/sravanisigadam/PycharmProjects/Airflow/venv/lib/python3.9/site-packages/airflow/example_dags/example_branch_datetime_operator.py
[2021-11-18 19:11:00,665] {processor.py:625} INFO - Processing file /Users/sravanisigadam/PycharmProjects/Airflow/venv/lib/python3.9/site-packages/airflow/example_dags/example_branch_datetime_operator.py for tasks to queue
[2021-11-18 19:11:00,665] {logging_mixin.py:109} INFO - [2021-11-18 19:11:00,665] {dagbag.py:500} INFO - Filling up the DagBag from /Users/sravanisigadam/PycharmProjects/Airflow/venv/lib/python3.9/site-packages/airflow/example_dags/example_branch_datetime_operator.py
[2021-11-18 19:11:00,690] {processor.py:637} INFO - DAG(s) dict_keys(['example_branch_datetime_operator_2']) retrieved from /Users/sravanisigadam/PycharmProjects/Airflow/venv/lib/python3.9/site-packages/airflow/example_dags/example_branch_datetime_operator.py
[2021-11-18 19:11:00,713] {logging_mixin.py:109} INFO - [2021-11-18 19:11:00,712] {dag.py:2396} INFO - Sync 1 DAGs
[2021-11-18 19:11:00,723] {logging_mixin.py:109} INFO - [2021-11-18 19:11:00,723] {dag.py:2928} INFO - Setting next_dagrun for example_branch_datetime_operator_2 to 2021-11-18 00:00:00+00:00
[2021-11-18 19:11:00,728] {processor.py:171} INFO - Processing /Users/sravanisigadam/PycharmProjects/Airflow/venv/lib/python3.9/site-packages/airflow/example_dags/example_branch_datetime_operator.py took 0.064 seconds
[2021-11-18 19:12:21,614] {processor.py:163} INFO - Started process (PID=57062) to work on /Users/sravanisigadam/PycharmProjects/Airflow/venv/lib/python3.9/site-packages/airflow/example_dags/example_branch_datetime_operator.py
[2021-11-18 19:12:21,615] {processor.py:625} INFO - Processing file /Users/sravanisigadam/PycharmProjects/Airflow/venv/lib/python3.9/site-packages/airflow/example_dags/example_branch_datetime_operator.py for tasks to queue
[2021-11-18 19:12:21,615] {logging_mixin.py:109} INFO - [2021-11-18 19:12:21,615] {dagbag.py:500} INFO - Filling up the DagBag from /Users/sravanisigadam/PycharmProjects/Airflow/venv/lib/python3.9/site-packages/airflow/example_dags/example_branch_datetime_operator.py
[2021-11-18 19:12:21,639] {processor.py:637} INFO - DAG(s) dict_keys(['example_branch_datetime_operator_2']) retrieved from /Users/sravanisigadam/PycharmProjects/Airflow/venv/lib/python3.9/site-packages/airflow/example_dags/example_branch_datetime_operator.py
[2021-11-18 19:12:21,649] {logging_mixin.py:109} INFO - [2021-11-18 19:12:21,649] {dag.py:2396} INFO - Sync 1 DAGs
[2021-11-18 19:12:21,655] {logging_mixin.py:109} INFO - [2021-11-18 19:12:21,655] {dag.py:2928} INFO - Setting next_dagrun for example_branch_datetime_operator_2 to 2021-11-18 00:00:00+00:00
[2021-11-18 19:12:21,659] {processor.py:171} INFO - Processing /Users/sravanisigadam/PycharmProjects/Airflow/venv/lib/python3.9/site-packages/airflow/example_dags/example_branch_datetime_operator.py took 0.046 seconds
[2021-11-18 19:13:43,288] {processor.py:163} INFO - Started process (PID=57131) to work on /Users/sravanisigadam/PycharmProjects/Airflow/venv/lib/python3.9/site-packages/airflow/example_dags/example_branch_datetime_operator.py
[2021-11-18 19:13:43,289] {processor.py:625} INFO - Processing file /Users/sravanisigadam/PycharmProjects/Airflow/venv/lib/python3.9/site-packages/airflow/example_dags/example_branch_datetime_operator.py for tasks to queue
[2021-11-18 19:13:43,289] {logging_mixin.py:109} INFO - [2021-11-18 19:13:43,289] {dagbag.py:500} INFO - Filling up the DagBag from /Users/sravanisigadam/PycharmProjects/Airflow/venv/lib/python3.9/site-packages/airflow/example_dags/example_branch_datetime_operator.py
[2021-11-18 19:13:43,313] {processor.py:637} INFO - DAG(s) dict_keys(['example_branch_datetime_operator_2']) retrieved from /Users/sravanisigadam/PycharmProjects/Airflow/venv/lib/python3.9/site-packages/airflow/example_dags/example_branch_datetime_operator.py
[2021-11-18 19:13:43,324] {logging_mixin.py:109} INFO - [2021-11-18 19:13:43,324] {dag.py:2396} INFO - Sync 1 DAGs
[2021-11-18 19:13:43,329] {logging_mixin.py:109} INFO - [2021-11-18 19:13:43,329] {dag.py:2928} INFO - Setting next_dagrun for example_branch_datetime_operator_2 to 2021-11-18 00:00:00+00:00
[2021-11-18 19:13:43,334] {processor.py:171} INFO - Processing /Users/sravanisigadam/PycharmProjects/Airflow/venv/lib/python3.9/site-packages/airflow/example_dags/example_branch_datetime_operator.py took 0.045 seconds
[2021-11-18 19:15:04,446] {processor.py:163} INFO - Started process (PID=57197) to work on /Users/sravanisigadam/PycharmProjects/Airflow/venv/lib/python3.9/site-packages/airflow/example_dags/example_branch_datetime_operator.py
[2021-11-18 19:15:04,446] {processor.py:625} INFO - Processing file /Users/sravanisigadam/PycharmProjects/Airflow/venv/lib/python3.9/site-packages/airflow/example_dags/example_branch_datetime_operator.py for tasks to queue
[2021-11-18 19:15:04,446] {logging_mixin.py:109} INFO - [2021-11-18 19:15:04,446] {dagbag.py:500} INFO - Filling up the DagBag from /Users/sravanisigadam/PycharmProjects/Airflow/venv/lib/python3.9/site-packages/airflow/example_dags/example_branch_datetime_operator.py
[2021-11-18 19:15:04,470] {processor.py:637} INFO - DAG(s) dict_keys(['example_branch_datetime_operator_2']) retrieved from /Users/sravanisigadam/PycharmProjects/Airflow/venv/lib/python3.9/site-packages/airflow/example_dags/example_branch_datetime_operator.py
[2021-11-18 19:15:04,481] {logging_mixin.py:109} INFO - [2021-11-18 19:15:04,481] {dag.py:2396} INFO - Sync 1 DAGs
[2021-11-18 19:15:04,487] {logging_mixin.py:109} INFO - [2021-11-18 19:15:04,487] {dag.py:2928} INFO - Setting next_dagrun for example_branch_datetime_operator_2 to 2021-11-18 00:00:00+00:00
[2021-11-18 19:15:04,492] {processor.py:171} INFO - Processing /Users/sravanisigadam/PycharmProjects/Airflow/venv/lib/python3.9/site-packages/airflow/example_dags/example_branch_datetime_operator.py took 0.046 seconds
