[2021-11-18 18:24:16,136] {processor.py:163} INFO - Started process (PID=55576) to work on /Users/sravanisigadam/PycharmProjects/Airflow/venv/lib/python3.9/site-packages/airflow/example_dags/example_skip_dag.py
[2021-11-18 18:24:16,136] {processor.py:625} INFO - Processing file /Users/sravanisigadam/PycharmProjects/Airflow/venv/lib/python3.9/site-packages/airflow/example_dags/example_skip_dag.py for tasks to queue
[2021-11-18 18:24:16,136] {logging_mixin.py:109} INFO - [2021-11-18 18:24:16,136] {dagbag.py:500} INFO - Filling up the DagBag from /Users/sravanisigadam/PycharmProjects/Airflow/venv/lib/python3.9/site-packages/airflow/example_dags/example_skip_dag.py
[2021-11-18 18:24:16,159] {processor.py:637} INFO - DAG(s) dict_keys(['example_skip_dag']) retrieved from /Users/sravanisigadam/PycharmProjects/Airflow/venv/lib/python3.9/site-packages/airflow/example_dags/example_skip_dag.py
[2021-11-18 18:24:16,171] {logging_mixin.py:109} INFO - [2021-11-18 18:24:16,171] {dag.py:2396} INFO - Sync 1 DAGs
[2021-11-18 18:24:16,176] {logging_mixin.py:109} INFO - [2021-11-18 18:24:16,176] {dag.py:2928} INFO - Setting next_dagrun for example_skip_dag to 2021-11-18T02:24:16.176671+00:00
[2021-11-18 18:24:16,182] {processor.py:171} INFO - Processing /Users/sravanisigadam/PycharmProjects/Airflow/venv/lib/python3.9/site-packages/airflow/example_dags/example_skip_dag.py took 0.047 seconds
[2021-11-18 18:25:27,106] {processor.py:163} INFO - Started process (PID=55663) to work on /Users/sravanisigadam/PycharmProjects/Airflow/venv/lib/python3.9/site-packages/airflow/example_dags/example_skip_dag.py
[2021-11-18 18:25:27,106] {processor.py:625} INFO - Processing file /Users/sravanisigadam/PycharmProjects/Airflow/venv/lib/python3.9/site-packages/airflow/example_dags/example_skip_dag.py for tasks to queue
[2021-11-18 18:25:27,107] {logging_mixin.py:109} INFO - [2021-11-18 18:25:27,107] {dagbag.py:500} INFO - Filling up the DagBag from /Users/sravanisigadam/PycharmProjects/Airflow/venv/lib/python3.9/site-packages/airflow/example_dags/example_skip_dag.py
[2021-11-18 18:25:27,130] {processor.py:637} INFO - DAG(s) dict_keys(['example_skip_dag']) retrieved from /Users/sravanisigadam/PycharmProjects/Airflow/venv/lib/python3.9/site-packages/airflow/example_dags/example_skip_dag.py
[2021-11-18 18:25:27,142] {logging_mixin.py:109} INFO - [2021-11-18 18:25:27,142] {dag.py:2396} INFO - Sync 1 DAGs
[2021-11-18 18:25:27,148] {logging_mixin.py:109} INFO - [2021-11-18 18:25:27,148] {dag.py:2928} INFO - Setting next_dagrun for example_skip_dag to 2021-11-18T02:25:27.147990+00:00
[2021-11-18 18:25:27,152] {processor.py:171} INFO - Processing /Users/sravanisigadam/PycharmProjects/Airflow/venv/lib/python3.9/site-packages/airflow/example_dags/example_skip_dag.py took 0.047 seconds
[2021-11-18 18:26:45,581] {processor.py:163} INFO - Started process (PID=55805) to work on /Users/sravanisigadam/PycharmProjects/Airflow/venv/lib/python3.9/site-packages/airflow/example_dags/example_skip_dag.py
[2021-11-18 18:26:45,581] {processor.py:625} INFO - Processing file /Users/sravanisigadam/PycharmProjects/Airflow/venv/lib/python3.9/site-packages/airflow/example_dags/example_skip_dag.py for tasks to queue
[2021-11-18 18:26:45,582] {logging_mixin.py:109} INFO - [2021-11-18 18:26:45,582] {dagbag.py:500} INFO - Filling up the DagBag from /Users/sravanisigadam/PycharmProjects/Airflow/venv/lib/python3.9/site-packages/airflow/example_dags/example_skip_dag.py
[2021-11-18 18:26:45,605] {processor.py:637} INFO - DAG(s) dict_keys(['example_skip_dag']) retrieved from /Users/sravanisigadam/PycharmProjects/Airflow/venv/lib/python3.9/site-packages/airflow/example_dags/example_skip_dag.py
[2021-11-18 18:26:45,617] {logging_mixin.py:109} INFO - [2021-11-18 18:26:45,617] {dag.py:2396} INFO - Sync 1 DAGs
[2021-11-18 18:26:45,624] {logging_mixin.py:109} INFO - [2021-11-18 18:26:45,624] {dag.py:2928} INFO - Setting next_dagrun for example_skip_dag to 2021-11-18T02:26:45.624370+00:00
[2021-11-18 18:26:45,630] {processor.py:171} INFO - Processing /Users/sravanisigadam/PycharmProjects/Airflow/venv/lib/python3.9/site-packages/airflow/example_dags/example_skip_dag.py took 0.049 seconds
[2021-11-18 18:28:05,776] {processor.py:163} INFO - Started process (PID=55879) to work on /Users/sravanisigadam/PycharmProjects/Airflow/venv/lib/python3.9/site-packages/airflow/example_dags/example_skip_dag.py
[2021-11-18 18:28:05,777] {processor.py:625} INFO - Processing file /Users/sravanisigadam/PycharmProjects/Airflow/venv/lib/python3.9/site-packages/airflow/example_dags/example_skip_dag.py for tasks to queue
[2021-11-18 18:28:05,777] {logging_mixin.py:109} INFO - [2021-11-18 18:28:05,777] {dagbag.py:500} INFO - Filling up the DagBag from /Users/sravanisigadam/PycharmProjects/Airflow/venv/lib/python3.9/site-packages/airflow/example_dags/example_skip_dag.py
[2021-11-18 18:28:05,801] {processor.py:637} INFO - DAG(s) dict_keys(['example_skip_dag']) retrieved from /Users/sravanisigadam/PycharmProjects/Airflow/venv/lib/python3.9/site-packages/airflow/example_dags/example_skip_dag.py
[2021-11-18 18:28:05,812] {logging_mixin.py:109} INFO - [2021-11-18 18:28:05,812] {dag.py:2396} INFO - Sync 1 DAGs
[2021-11-18 18:28:05,817] {logging_mixin.py:109} INFO - [2021-11-18 18:28:05,817] {dag.py:2928} INFO - Setting next_dagrun for example_skip_dag to 2021-11-18T02:28:05.817266+00:00
[2021-11-18 18:28:05,822] {processor.py:171} INFO - Processing /Users/sravanisigadam/PycharmProjects/Airflow/venv/lib/python3.9/site-packages/airflow/example_dags/example_skip_dag.py took 0.047 seconds
[2021-11-18 18:29:25,878] {processor.py:163} INFO - Started process (PID=55918) to work on /Users/sravanisigadam/PycharmProjects/Airflow/venv/lib/python3.9/site-packages/airflow/example_dags/example_skip_dag.py
[2021-11-18 18:29:25,878] {processor.py:625} INFO - Processing file /Users/sravanisigadam/PycharmProjects/Airflow/venv/lib/python3.9/site-packages/airflow/example_dags/example_skip_dag.py for tasks to queue
[2021-11-18 18:29:25,878] {logging_mixin.py:109} INFO - [2021-11-18 18:29:25,878] {dagbag.py:500} INFO - Filling up the DagBag from /Users/sravanisigadam/PycharmProjects/Airflow/venv/lib/python3.9/site-packages/airflow/example_dags/example_skip_dag.py
[2021-11-18 18:29:25,901] {processor.py:637} INFO - DAG(s) dict_keys(['example_skip_dag']) retrieved from /Users/sravanisigadam/PycharmProjects/Airflow/venv/lib/python3.9/site-packages/airflow/example_dags/example_skip_dag.py
[2021-11-18 18:29:25,912] {logging_mixin.py:109} INFO - [2021-11-18 18:29:25,912] {dag.py:2396} INFO - Sync 1 DAGs
[2021-11-18 18:29:25,917] {logging_mixin.py:109} INFO - [2021-11-18 18:29:25,917] {dag.py:2928} INFO - Setting next_dagrun for example_skip_dag to 2021-11-18T02:29:25.917320+00:00
[2021-11-18 18:29:25,923] {processor.py:171} INFO - Processing /Users/sravanisigadam/PycharmProjects/Airflow/venv/lib/python3.9/site-packages/airflow/example_dags/example_skip_dag.py took 0.045 seconds
[2021-11-18 18:30:45,947] {processor.py:163} INFO - Started process (PID=55959) to work on /Users/sravanisigadam/PycharmProjects/Airflow/venv/lib/python3.9/site-packages/airflow/example_dags/example_skip_dag.py
[2021-11-18 18:30:45,948] {processor.py:625} INFO - Processing file /Users/sravanisigadam/PycharmProjects/Airflow/venv/lib/python3.9/site-packages/airflow/example_dags/example_skip_dag.py for tasks to queue
[2021-11-18 18:30:45,948] {logging_mixin.py:109} INFO - [2021-11-18 18:30:45,948] {dagbag.py:500} INFO - Filling up the DagBag from /Users/sravanisigadam/PycharmProjects/Airflow/venv/lib/python3.9/site-packages/airflow/example_dags/example_skip_dag.py
[2021-11-18 18:30:45,970] {processor.py:637} INFO - DAG(s) dict_keys(['example_skip_dag']) retrieved from /Users/sravanisigadam/PycharmProjects/Airflow/venv/lib/python3.9/site-packages/airflow/example_dags/example_skip_dag.py
[2021-11-18 18:30:45,981] {logging_mixin.py:109} INFO - [2021-11-18 18:30:45,981] {dag.py:2396} INFO - Sync 1 DAGs
[2021-11-18 18:30:45,986] {logging_mixin.py:109} INFO - [2021-11-18 18:30:45,986] {dag.py:2928} INFO - Setting next_dagrun for example_skip_dag to 2021-11-18T02:30:45.985920+00:00
[2021-11-18 18:30:45,991] {processor.py:171} INFO - Processing /Users/sravanisigadam/PycharmProjects/Airflow/venv/lib/python3.9/site-packages/airflow/example_dags/example_skip_dag.py took 0.044 seconds
[2021-11-18 18:32:06,096] {processor.py:163} INFO - Started process (PID=56006) to work on /Users/sravanisigadam/PycharmProjects/Airflow/venv/lib/python3.9/site-packages/airflow/example_dags/example_skip_dag.py
[2021-11-18 18:32:06,096] {processor.py:625} INFO - Processing file /Users/sravanisigadam/PycharmProjects/Airflow/venv/lib/python3.9/site-packages/airflow/example_dags/example_skip_dag.py for tasks to queue
[2021-11-18 18:32:06,096] {logging_mixin.py:109} INFO - [2021-11-18 18:32:06,096] {dagbag.py:500} INFO - Filling up the DagBag from /Users/sravanisigadam/PycharmProjects/Airflow/venv/lib/python3.9/site-packages/airflow/example_dags/example_skip_dag.py
[2021-11-18 18:32:06,120] {processor.py:637} INFO - DAG(s) dict_keys(['example_skip_dag']) retrieved from /Users/sravanisigadam/PycharmProjects/Airflow/venv/lib/python3.9/site-packages/airflow/example_dags/example_skip_dag.py
[2021-11-18 18:32:06,131] {logging_mixin.py:109} INFO - [2021-11-18 18:32:06,131] {dag.py:2396} INFO - Sync 1 DAGs
[2021-11-18 18:32:06,136] {logging_mixin.py:109} INFO - [2021-11-18 18:32:06,136] {dag.py:2928} INFO - Setting next_dagrun for example_skip_dag to 2021-11-18T02:32:06.136430+00:00
[2021-11-18 18:32:06,141] {processor.py:171} INFO - Processing /Users/sravanisigadam/PycharmProjects/Airflow/venv/lib/python3.9/site-packages/airflow/example_dags/example_skip_dag.py took 0.046 seconds
[2021-11-18 18:33:26,104] {processor.py:163} INFO - Started process (PID=56046) to work on /Users/sravanisigadam/PycharmProjects/Airflow/venv/lib/python3.9/site-packages/airflow/example_dags/example_skip_dag.py
[2021-11-18 18:33:26,104] {processor.py:625} INFO - Processing file /Users/sravanisigadam/PycharmProjects/Airflow/venv/lib/python3.9/site-packages/airflow/example_dags/example_skip_dag.py for tasks to queue
[2021-11-18 18:33:26,104] {logging_mixin.py:109} INFO - [2021-11-18 18:33:26,104] {dagbag.py:500} INFO - Filling up the DagBag from /Users/sravanisigadam/PycharmProjects/Airflow/venv/lib/python3.9/site-packages/airflow/example_dags/example_skip_dag.py
[2021-11-18 18:33:26,127] {processor.py:637} INFO - DAG(s) dict_keys(['example_skip_dag']) retrieved from /Users/sravanisigadam/PycharmProjects/Airflow/venv/lib/python3.9/site-packages/airflow/example_dags/example_skip_dag.py
[2021-11-18 18:33:26,139] {logging_mixin.py:109} INFO - [2021-11-18 18:33:26,139] {dag.py:2396} INFO - Sync 1 DAGs
[2021-11-18 18:33:26,144] {logging_mixin.py:109} INFO - [2021-11-18 18:33:26,144] {dag.py:2928} INFO - Setting next_dagrun for example_skip_dag to 2021-11-18T02:33:26.144215+00:00
[2021-11-18 18:33:26,149] {processor.py:171} INFO - Processing /Users/sravanisigadam/PycharmProjects/Airflow/venv/lib/python3.9/site-packages/airflow/example_dags/example_skip_dag.py took 0.045 seconds
[2021-11-18 18:46:31,448] {processor.py:163} INFO - Started process (PID=56109) to work on /Users/sravanisigadam/PycharmProjects/Airflow/venv/lib/python3.9/site-packages/airflow/example_dags/example_skip_dag.py
[2021-11-18 18:46:31,449] {processor.py:625} INFO - Processing file /Users/sravanisigadam/PycharmProjects/Airflow/venv/lib/python3.9/site-packages/airflow/example_dags/example_skip_dag.py for tasks to queue
[2021-11-18 18:46:31,449] {logging_mixin.py:109} INFO - [2021-11-18 18:46:31,449] {dagbag.py:500} INFO - Filling up the DagBag from /Users/sravanisigadam/PycharmProjects/Airflow/venv/lib/python3.9/site-packages/airflow/example_dags/example_skip_dag.py
[2021-11-18 18:46:31,471] {processor.py:637} INFO - DAG(s) dict_keys(['example_skip_dag']) retrieved from /Users/sravanisigadam/PycharmProjects/Airflow/venv/lib/python3.9/site-packages/airflow/example_dags/example_skip_dag.py
[2021-11-18 18:46:31,482] {logging_mixin.py:109} INFO - [2021-11-18 18:46:31,482] {dag.py:2396} INFO - Sync 1 DAGs
[2021-11-18 18:46:31,487] {logging_mixin.py:109} INFO - [2021-11-18 18:46:31,487] {dag.py:2928} INFO - Setting next_dagrun for example_skip_dag to 2021-11-18T02:46:31.487446+00:00
[2021-11-18 18:46:31,492] {processor.py:171} INFO - Processing /Users/sravanisigadam/PycharmProjects/Airflow/venv/lib/python3.9/site-packages/airflow/example_dags/example_skip_dag.py took 0.044 seconds
[2021-11-18 18:47:49,910] {processor.py:163} INFO - Started process (PID=56164) to work on /Users/sravanisigadam/PycharmProjects/Airflow/venv/lib/python3.9/site-packages/airflow/example_dags/example_skip_dag.py
[2021-11-18 18:47:49,911] {processor.py:625} INFO - Processing file /Users/sravanisigadam/PycharmProjects/Airflow/venv/lib/python3.9/site-packages/airflow/example_dags/example_skip_dag.py for tasks to queue
[2021-11-18 18:47:49,911] {logging_mixin.py:109} INFO - [2021-11-18 18:47:49,911] {dagbag.py:500} INFO - Filling up the DagBag from /Users/sravanisigadam/PycharmProjects/Airflow/venv/lib/python3.9/site-packages/airflow/example_dags/example_skip_dag.py
[2021-11-18 18:47:49,933] {processor.py:637} INFO - DAG(s) dict_keys(['example_skip_dag']) retrieved from /Users/sravanisigadam/PycharmProjects/Airflow/venv/lib/python3.9/site-packages/airflow/example_dags/example_skip_dag.py
[2021-11-18 18:47:49,944] {logging_mixin.py:109} INFO - [2021-11-18 18:47:49,944] {dag.py:2396} INFO - Sync 1 DAGs
[2021-11-18 18:47:49,949] {logging_mixin.py:109} INFO - [2021-11-18 18:47:49,949] {dag.py:2928} INFO - Setting next_dagrun for example_skip_dag to 2021-11-18T02:47:49.949708+00:00
[2021-11-18 18:47:49,954] {processor.py:171} INFO - Processing /Users/sravanisigadam/PycharmProjects/Airflow/venv/lib/python3.9/site-packages/airflow/example_dags/example_skip_dag.py took 0.045 seconds
[2021-11-18 18:49:11,124] {processor.py:163} INFO - Started process (PID=56222) to work on /Users/sravanisigadam/PycharmProjects/Airflow/venv/lib/python3.9/site-packages/airflow/example_dags/example_skip_dag.py
[2021-11-18 18:49:11,125] {processor.py:625} INFO - Processing file /Users/sravanisigadam/PycharmProjects/Airflow/venv/lib/python3.9/site-packages/airflow/example_dags/example_skip_dag.py for tasks to queue
[2021-11-18 18:49:11,125] {logging_mixin.py:109} INFO - [2021-11-18 18:49:11,125] {dagbag.py:500} INFO - Filling up the DagBag from /Users/sravanisigadam/PycharmProjects/Airflow/venv/lib/python3.9/site-packages/airflow/example_dags/example_skip_dag.py
[2021-11-18 18:49:11,148] {processor.py:637} INFO - DAG(s) dict_keys(['example_skip_dag']) retrieved from /Users/sravanisigadam/PycharmProjects/Airflow/venv/lib/python3.9/site-packages/airflow/example_dags/example_skip_dag.py
[2021-11-18 18:49:11,165] {logging_mixin.py:109} INFO - [2021-11-18 18:49:11,165] {dag.py:2396} INFO - Sync 1 DAGs
[2021-11-18 18:49:11,170] {logging_mixin.py:109} INFO - [2021-11-18 18:49:11,170] {dag.py:2928} INFO - Setting next_dagrun for example_skip_dag to 2021-11-18T02:49:11.170703+00:00
[2021-11-18 18:49:11,175] {processor.py:171} INFO - Processing /Users/sravanisigadam/PycharmProjects/Airflow/venv/lib/python3.9/site-packages/airflow/example_dags/example_skip_dag.py took 0.052 seconds
[2021-11-18 18:50:30,968] {processor.py:163} INFO - Started process (PID=56265) to work on /Users/sravanisigadam/PycharmProjects/Airflow/venv/lib/python3.9/site-packages/airflow/example_dags/example_skip_dag.py
[2021-11-18 18:50:30,969] {processor.py:625} INFO - Processing file /Users/sravanisigadam/PycharmProjects/Airflow/venv/lib/python3.9/site-packages/airflow/example_dags/example_skip_dag.py for tasks to queue
[2021-11-18 18:50:30,969] {logging_mixin.py:109} INFO - [2021-11-18 18:50:30,969] {dagbag.py:500} INFO - Filling up the DagBag from /Users/sravanisigadam/PycharmProjects/Airflow/venv/lib/python3.9/site-packages/airflow/example_dags/example_skip_dag.py
[2021-11-18 18:50:30,992] {processor.py:637} INFO - DAG(s) dict_keys(['example_skip_dag']) retrieved from /Users/sravanisigadam/PycharmProjects/Airflow/venv/lib/python3.9/site-packages/airflow/example_dags/example_skip_dag.py
[2021-11-18 18:50:31,003] {logging_mixin.py:109} INFO - [2021-11-18 18:50:31,003] {dag.py:2396} INFO - Sync 1 DAGs
[2021-11-18 18:50:31,008] {logging_mixin.py:109} INFO - [2021-11-18 18:50:31,008] {dag.py:2928} INFO - Setting next_dagrun for example_skip_dag to 2021-11-18T02:50:31.008710+00:00
[2021-11-18 18:50:31,013] {processor.py:171} INFO - Processing /Users/sravanisigadam/PycharmProjects/Airflow/venv/lib/python3.9/site-packages/airflow/example_dags/example_skip_dag.py took 0.045 seconds
[2021-11-18 18:51:48,015] {processor.py:163} INFO - Started process (PID=56304) to work on /Users/sravanisigadam/PycharmProjects/Airflow/venv/lib/python3.9/site-packages/airflow/example_dags/example_skip_dag.py
[2021-11-18 18:51:48,016] {processor.py:625} INFO - Processing file /Users/sravanisigadam/PycharmProjects/Airflow/venv/lib/python3.9/site-packages/airflow/example_dags/example_skip_dag.py for tasks to queue
[2021-11-18 18:51:48,016] {logging_mixin.py:109} INFO - [2021-11-18 18:51:48,016] {dagbag.py:500} INFO - Filling up the DagBag from /Users/sravanisigadam/PycharmProjects/Airflow/venv/lib/python3.9/site-packages/airflow/example_dags/example_skip_dag.py
[2021-11-18 18:51:48,039] {processor.py:637} INFO - DAG(s) dict_keys(['example_skip_dag']) retrieved from /Users/sravanisigadam/PycharmProjects/Airflow/venv/lib/python3.9/site-packages/airflow/example_dags/example_skip_dag.py
[2021-11-18 18:51:48,050] {logging_mixin.py:109} INFO - [2021-11-18 18:51:48,050] {dag.py:2396} INFO - Sync 1 DAGs
[2021-11-18 18:51:48,055] {logging_mixin.py:109} INFO - [2021-11-18 18:51:48,055] {dag.py:2928} INFO - Setting next_dagrun for example_skip_dag to 2021-11-18T02:51:48.055109+00:00
[2021-11-18 18:51:48,060] {processor.py:171} INFO - Processing /Users/sravanisigadam/PycharmProjects/Airflow/venv/lib/python3.9/site-packages/airflow/example_dags/example_skip_dag.py took 0.045 seconds
[2021-11-18 18:53:05,855] {processor.py:163} INFO - Started process (PID=56347) to work on /Users/sravanisigadam/PycharmProjects/Airflow/venv/lib/python3.9/site-packages/airflow/example_dags/example_skip_dag.py
[2021-11-18 18:53:05,856] {processor.py:625} INFO - Processing file /Users/sravanisigadam/PycharmProjects/Airflow/venv/lib/python3.9/site-packages/airflow/example_dags/example_skip_dag.py for tasks to queue
[2021-11-18 18:53:05,856] {logging_mixin.py:109} INFO - [2021-11-18 18:53:05,856] {dagbag.py:500} INFO - Filling up the DagBag from /Users/sravanisigadam/PycharmProjects/Airflow/venv/lib/python3.9/site-packages/airflow/example_dags/example_skip_dag.py
[2021-11-18 18:53:05,879] {processor.py:637} INFO - DAG(s) dict_keys(['example_skip_dag']) retrieved from /Users/sravanisigadam/PycharmProjects/Airflow/venv/lib/python3.9/site-packages/airflow/example_dags/example_skip_dag.py
[2021-11-18 18:53:05,890] {logging_mixin.py:109} INFO - [2021-11-18 18:53:05,890] {dag.py:2396} INFO - Sync 1 DAGs
[2021-11-18 18:53:05,895] {logging_mixin.py:109} INFO - [2021-11-18 18:53:05,895] {dag.py:2928} INFO - Setting next_dagrun for example_skip_dag to 2021-11-18T02:53:05.895515+00:00
[2021-11-18 18:53:05,900] {processor.py:171} INFO - Processing /Users/sravanisigadam/PycharmProjects/Airflow/venv/lib/python3.9/site-packages/airflow/example_dags/example_skip_dag.py took 0.046 seconds
[2021-11-18 18:54:23,627] {processor.py:163} INFO - Started process (PID=56388) to work on /Users/sravanisigadam/PycharmProjects/Airflow/venv/lib/python3.9/site-packages/airflow/example_dags/example_skip_dag.py
[2021-11-18 18:54:23,628] {processor.py:625} INFO - Processing file /Users/sravanisigadam/PycharmProjects/Airflow/venv/lib/python3.9/site-packages/airflow/example_dags/example_skip_dag.py for tasks to queue
[2021-11-18 18:54:23,629] {logging_mixin.py:109} INFO - [2021-11-18 18:54:23,629] {dagbag.py:500} INFO - Filling up the DagBag from /Users/sravanisigadam/PycharmProjects/Airflow/venv/lib/python3.9/site-packages/airflow/example_dags/example_skip_dag.py
[2021-11-18 18:54:23,652] {processor.py:637} INFO - DAG(s) dict_keys(['example_skip_dag']) retrieved from /Users/sravanisigadam/PycharmProjects/Airflow/venv/lib/python3.9/site-packages/airflow/example_dags/example_skip_dag.py
[2021-11-18 18:54:23,664] {logging_mixin.py:109} INFO - [2021-11-18 18:54:23,664] {dag.py:2396} INFO - Sync 1 DAGs
[2021-11-18 18:54:23,669] {logging_mixin.py:109} INFO - [2021-11-18 18:54:23,669] {dag.py:2928} INFO - Setting next_dagrun for example_skip_dag to 2021-11-18T02:54:23.669505+00:00
[2021-11-18 18:54:23,674] {processor.py:171} INFO - Processing /Users/sravanisigadam/PycharmProjects/Airflow/venv/lib/python3.9/site-packages/airflow/example_dags/example_skip_dag.py took 0.047 seconds
[2021-11-18 18:55:41,704] {processor.py:163} INFO - Started process (PID=56428) to work on /Users/sravanisigadam/PycharmProjects/Airflow/venv/lib/python3.9/site-packages/airflow/example_dags/example_skip_dag.py
[2021-11-18 18:55:41,705] {processor.py:625} INFO - Processing file /Users/sravanisigadam/PycharmProjects/Airflow/venv/lib/python3.9/site-packages/airflow/example_dags/example_skip_dag.py for tasks to queue
[2021-11-18 18:55:41,706] {logging_mixin.py:109} INFO - [2021-11-18 18:55:41,706] {dagbag.py:500} INFO - Filling up the DagBag from /Users/sravanisigadam/PycharmProjects/Airflow/venv/lib/python3.9/site-packages/airflow/example_dags/example_skip_dag.py
[2021-11-18 18:55:41,728] {processor.py:637} INFO - DAG(s) dict_keys(['example_skip_dag']) retrieved from /Users/sravanisigadam/PycharmProjects/Airflow/venv/lib/python3.9/site-packages/airflow/example_dags/example_skip_dag.py
[2021-11-18 18:55:41,739] {logging_mixin.py:109} INFO - [2021-11-18 18:55:41,739] {dag.py:2396} INFO - Sync 1 DAGs
[2021-11-18 18:55:41,744] {logging_mixin.py:109} INFO - [2021-11-18 18:55:41,744] {dag.py:2928} INFO - Setting next_dagrun for example_skip_dag to 2021-11-18T02:55:41.744293+00:00
[2021-11-18 18:55:41,749] {processor.py:171} INFO - Processing /Users/sravanisigadam/PycharmProjects/Airflow/venv/lib/python3.9/site-packages/airflow/example_dags/example_skip_dag.py took 0.045 seconds
[2021-11-18 18:56:59,839] {processor.py:163} INFO - Started process (PID=56472) to work on /Users/sravanisigadam/PycharmProjects/Airflow/venv/lib/python3.9/site-packages/airflow/example_dags/example_skip_dag.py
[2021-11-18 18:56:59,841] {processor.py:625} INFO - Processing file /Users/sravanisigadam/PycharmProjects/Airflow/venv/lib/python3.9/site-packages/airflow/example_dags/example_skip_dag.py for tasks to queue
[2021-11-18 18:56:59,841] {logging_mixin.py:109} INFO - [2021-11-18 18:56:59,841] {dagbag.py:500} INFO - Filling up the DagBag from /Users/sravanisigadam/PycharmProjects/Airflow/venv/lib/python3.9/site-packages/airflow/example_dags/example_skip_dag.py
[2021-11-18 18:56:59,865] {processor.py:637} INFO - DAG(s) dict_keys(['example_skip_dag']) retrieved from /Users/sravanisigadam/PycharmProjects/Airflow/venv/lib/python3.9/site-packages/airflow/example_dags/example_skip_dag.py
[2021-11-18 18:56:59,875] {logging_mixin.py:109} INFO - [2021-11-18 18:56:59,875] {dag.py:2396} INFO - Sync 1 DAGs
[2021-11-18 18:56:59,880] {logging_mixin.py:109} INFO - [2021-11-18 18:56:59,880] {dag.py:2928} INFO - Setting next_dagrun for example_skip_dag to 2021-11-18T02:56:59.880128+00:00
[2021-11-18 18:56:59,884] {processor.py:171} INFO - Processing /Users/sravanisigadam/PycharmProjects/Airflow/venv/lib/python3.9/site-packages/airflow/example_dags/example_skip_dag.py took 0.045 seconds
[2021-11-18 18:58:17,730] {processor.py:163} INFO - Started process (PID=56521) to work on /Users/sravanisigadam/PycharmProjects/Airflow/venv/lib/python3.9/site-packages/airflow/example_dags/example_skip_dag.py
[2021-11-18 18:58:17,731] {processor.py:625} INFO - Processing file /Users/sravanisigadam/PycharmProjects/Airflow/venv/lib/python3.9/site-packages/airflow/example_dags/example_skip_dag.py for tasks to queue
[2021-11-18 18:58:17,731] {logging_mixin.py:109} INFO - [2021-11-18 18:58:17,731] {dagbag.py:500} INFO - Filling up the DagBag from /Users/sravanisigadam/PycharmProjects/Airflow/venv/lib/python3.9/site-packages/airflow/example_dags/example_skip_dag.py
[2021-11-18 18:58:17,753] {processor.py:637} INFO - DAG(s) dict_keys(['example_skip_dag']) retrieved from /Users/sravanisigadam/PycharmProjects/Airflow/venv/lib/python3.9/site-packages/airflow/example_dags/example_skip_dag.py
[2021-11-18 18:58:17,764] {logging_mixin.py:109} INFO - [2021-11-18 18:58:17,764] {dag.py:2396} INFO - Sync 1 DAGs
[2021-11-18 18:58:17,769] {logging_mixin.py:109} INFO - [2021-11-18 18:58:17,769] {dag.py:2928} INFO - Setting next_dagrun for example_skip_dag to 2021-11-18T02:58:17.768933+00:00
[2021-11-18 18:58:17,773] {processor.py:171} INFO - Processing /Users/sravanisigadam/PycharmProjects/Airflow/venv/lib/python3.9/site-packages/airflow/example_dags/example_skip_dag.py took 0.044 seconds
[2021-11-18 18:59:35,976] {processor.py:163} INFO - Started process (PID=56559) to work on /Users/sravanisigadam/PycharmProjects/Airflow/venv/lib/python3.9/site-packages/airflow/example_dags/example_skip_dag.py
[2021-11-18 18:59:35,976] {processor.py:625} INFO - Processing file /Users/sravanisigadam/PycharmProjects/Airflow/venv/lib/python3.9/site-packages/airflow/example_dags/example_skip_dag.py for tasks to queue
[2021-11-18 18:59:35,977] {logging_mixin.py:109} INFO - [2021-11-18 18:59:35,977] {dagbag.py:500} INFO - Filling up the DagBag from /Users/sravanisigadam/PycharmProjects/Airflow/venv/lib/python3.9/site-packages/airflow/example_dags/example_skip_dag.py
[2021-11-18 18:59:35,999] {processor.py:637} INFO - DAG(s) dict_keys(['example_skip_dag']) retrieved from /Users/sravanisigadam/PycharmProjects/Airflow/venv/lib/python3.9/site-packages/airflow/example_dags/example_skip_dag.py
[2021-11-18 18:59:36,010] {logging_mixin.py:109} INFO - [2021-11-18 18:59:36,010] {dag.py:2396} INFO - Sync 1 DAGs
[2021-11-18 18:59:36,015] {logging_mixin.py:109} INFO - [2021-11-18 18:59:36,015] {dag.py:2928} INFO - Setting next_dagrun for example_skip_dag to 2021-11-18T02:59:36.015101+00:00
[2021-11-18 18:59:36,020] {processor.py:171} INFO - Processing /Users/sravanisigadam/PycharmProjects/Airflow/venv/lib/python3.9/site-packages/airflow/example_dags/example_skip_dag.py took 0.044 seconds
[2021-11-18 19:00:56,777] {processor.py:163} INFO - Started process (PID=56611) to work on /Users/sravanisigadam/PycharmProjects/Airflow/venv/lib/python3.9/site-packages/airflow/example_dags/example_skip_dag.py
[2021-11-18 19:00:56,778] {processor.py:625} INFO - Processing file /Users/sravanisigadam/PycharmProjects/Airflow/venv/lib/python3.9/site-packages/airflow/example_dags/example_skip_dag.py for tasks to queue
[2021-11-18 19:00:56,778] {logging_mixin.py:109} INFO - [2021-11-18 19:00:56,778] {dagbag.py:500} INFO - Filling up the DagBag from /Users/sravanisigadam/PycharmProjects/Airflow/venv/lib/python3.9/site-packages/airflow/example_dags/example_skip_dag.py
[2021-11-18 19:00:56,803] {processor.py:637} INFO - DAG(s) dict_keys(['example_skip_dag']) retrieved from /Users/sravanisigadam/PycharmProjects/Airflow/venv/lib/python3.9/site-packages/airflow/example_dags/example_skip_dag.py
[2021-11-18 19:00:56,814] {logging_mixin.py:109} INFO - [2021-11-18 19:00:56,814] {dag.py:2396} INFO - Sync 1 DAGs
[2021-11-18 19:00:56,819] {logging_mixin.py:109} INFO - [2021-11-18 19:00:56,819] {dag.py:2928} INFO - Setting next_dagrun for example_skip_dag to 2021-11-18T03:00:56.819325+00:00
[2021-11-18 19:00:56,824] {processor.py:171} INFO - Processing /Users/sravanisigadam/PycharmProjects/Airflow/venv/lib/python3.9/site-packages/airflow/example_dags/example_skip_dag.py took 0.048 seconds
[2021-11-18 19:02:13,736] {processor.py:163} INFO - Started process (PID=56651) to work on /Users/sravanisigadam/PycharmProjects/Airflow/venv/lib/python3.9/site-packages/airflow/example_dags/example_skip_dag.py
[2021-11-18 19:02:13,736] {processor.py:625} INFO - Processing file /Users/sravanisigadam/PycharmProjects/Airflow/venv/lib/python3.9/site-packages/airflow/example_dags/example_skip_dag.py for tasks to queue
[2021-11-18 19:02:13,737] {logging_mixin.py:109} INFO - [2021-11-18 19:02:13,737] {dagbag.py:500} INFO - Filling up the DagBag from /Users/sravanisigadam/PycharmProjects/Airflow/venv/lib/python3.9/site-packages/airflow/example_dags/example_skip_dag.py
[2021-11-18 19:02:13,759] {processor.py:637} INFO - DAG(s) dict_keys(['example_skip_dag']) retrieved from /Users/sravanisigadam/PycharmProjects/Airflow/venv/lib/python3.9/site-packages/airflow/example_dags/example_skip_dag.py
[2021-11-18 19:02:13,770] {logging_mixin.py:109} INFO - [2021-11-18 19:02:13,770] {dag.py:2396} INFO - Sync 1 DAGs
[2021-11-18 19:02:13,776] {logging_mixin.py:109} INFO - [2021-11-18 19:02:13,776] {dag.py:2928} INFO - Setting next_dagrun for example_skip_dag to 2021-11-18T03:02:13.775907+00:00
[2021-11-18 19:02:13,782] {processor.py:171} INFO - Processing /Users/sravanisigadam/PycharmProjects/Airflow/venv/lib/python3.9/site-packages/airflow/example_dags/example_skip_dag.py took 0.046 seconds
[2021-11-18 19:03:32,145] {processor.py:163} INFO - Started process (PID=56695) to work on /Users/sravanisigadam/PycharmProjects/Airflow/venv/lib/python3.9/site-packages/airflow/example_dags/example_skip_dag.py
[2021-11-18 19:03:32,146] {processor.py:625} INFO - Processing file /Users/sravanisigadam/PycharmProjects/Airflow/venv/lib/python3.9/site-packages/airflow/example_dags/example_skip_dag.py for tasks to queue
[2021-11-18 19:03:32,146] {logging_mixin.py:109} INFO - [2021-11-18 19:03:32,146] {dagbag.py:500} INFO - Filling up the DagBag from /Users/sravanisigadam/PycharmProjects/Airflow/venv/lib/python3.9/site-packages/airflow/example_dags/example_skip_dag.py
[2021-11-18 19:03:32,169] {processor.py:637} INFO - DAG(s) dict_keys(['example_skip_dag']) retrieved from /Users/sravanisigadam/PycharmProjects/Airflow/venv/lib/python3.9/site-packages/airflow/example_dags/example_skip_dag.py
[2021-11-18 19:03:32,180] {logging_mixin.py:109} INFO - [2021-11-18 19:03:32,180] {dag.py:2396} INFO - Sync 1 DAGs
[2021-11-18 19:03:32,185] {logging_mixin.py:109} INFO - [2021-11-18 19:03:32,185] {dag.py:2928} INFO - Setting next_dagrun for example_skip_dag to 2021-11-18T03:03:32.185118+00:00
[2021-11-18 19:03:32,189] {processor.py:171} INFO - Processing /Users/sravanisigadam/PycharmProjects/Airflow/venv/lib/python3.9/site-packages/airflow/example_dags/example_skip_dag.py took 0.045 seconds
[2021-11-18 19:04:50,966] {processor.py:163} INFO - Started process (PID=56744) to work on /Users/sravanisigadam/PycharmProjects/Airflow/venv/lib/python3.9/site-packages/airflow/example_dags/example_skip_dag.py
[2021-11-18 19:04:50,968] {processor.py:625} INFO - Processing file /Users/sravanisigadam/PycharmProjects/Airflow/venv/lib/python3.9/site-packages/airflow/example_dags/example_skip_dag.py for tasks to queue
[2021-11-18 19:04:50,968] {logging_mixin.py:109} INFO - [2021-11-18 19:04:50,968] {dagbag.py:500} INFO - Filling up the DagBag from /Users/sravanisigadam/PycharmProjects/Airflow/venv/lib/python3.9/site-packages/airflow/example_dags/example_skip_dag.py
[2021-11-18 19:04:50,990] {processor.py:637} INFO - DAG(s) dict_keys(['example_skip_dag']) retrieved from /Users/sravanisigadam/PycharmProjects/Airflow/venv/lib/python3.9/site-packages/airflow/example_dags/example_skip_dag.py
[2021-11-18 19:04:51,001] {logging_mixin.py:109} INFO - [2021-11-18 19:04:51,001] {dag.py:2396} INFO - Sync 1 DAGs
[2021-11-18 19:04:51,006] {logging_mixin.py:109} INFO - [2021-11-18 19:04:51,006] {dag.py:2928} INFO - Setting next_dagrun for example_skip_dag to 2021-11-18T03:04:51.006298+00:00
[2021-11-18 19:04:51,011] {processor.py:171} INFO - Processing /Users/sravanisigadam/PycharmProjects/Airflow/venv/lib/python3.9/site-packages/airflow/example_dags/example_skip_dag.py took 0.045 seconds
[2021-11-18 19:06:09,573] {processor.py:163} INFO - Started process (PID=56815) to work on /Users/sravanisigadam/PycharmProjects/Airflow/venv/lib/python3.9/site-packages/airflow/example_dags/example_skip_dag.py
[2021-11-18 19:06:09,574] {processor.py:625} INFO - Processing file /Users/sravanisigadam/PycharmProjects/Airflow/venv/lib/python3.9/site-packages/airflow/example_dags/example_skip_dag.py for tasks to queue
[2021-11-18 19:06:09,574] {logging_mixin.py:109} INFO - [2021-11-18 19:06:09,574] {dagbag.py:500} INFO - Filling up the DagBag from /Users/sravanisigadam/PycharmProjects/Airflow/venv/lib/python3.9/site-packages/airflow/example_dags/example_skip_dag.py
[2021-11-18 19:06:09,597] {processor.py:637} INFO - DAG(s) dict_keys(['example_skip_dag']) retrieved from /Users/sravanisigadam/PycharmProjects/Airflow/venv/lib/python3.9/site-packages/airflow/example_dags/example_skip_dag.py
[2021-11-18 19:06:09,608] {logging_mixin.py:109} INFO - [2021-11-18 19:06:09,608] {dag.py:2396} INFO - Sync 1 DAGs
[2021-11-18 19:06:09,613] {logging_mixin.py:109} INFO - [2021-11-18 19:06:09,613] {dag.py:2928} INFO - Setting next_dagrun for example_skip_dag to 2021-11-18T03:06:09.613265+00:00
[2021-11-18 19:06:09,617] {processor.py:171} INFO - Processing /Users/sravanisigadam/PycharmProjects/Airflow/venv/lib/python3.9/site-packages/airflow/example_dags/example_skip_dag.py took 0.045 seconds
[2021-11-18 19:07:28,891] {processor.py:163} INFO - Started process (PID=56874) to work on /Users/sravanisigadam/PycharmProjects/Airflow/venv/lib/python3.9/site-packages/airflow/example_dags/example_skip_dag.py
[2021-11-18 19:07:28,892] {processor.py:625} INFO - Processing file /Users/sravanisigadam/PycharmProjects/Airflow/venv/lib/python3.9/site-packages/airflow/example_dags/example_skip_dag.py for tasks to queue
[2021-11-18 19:07:28,892] {logging_mixin.py:109} INFO - [2021-11-18 19:07:28,892] {dagbag.py:500} INFO - Filling up the DagBag from /Users/sravanisigadam/PycharmProjects/Airflow/venv/lib/python3.9/site-packages/airflow/example_dags/example_skip_dag.py
[2021-11-18 19:07:28,919] {processor.py:637} INFO - DAG(s) dict_keys(['example_skip_dag']) retrieved from /Users/sravanisigadam/PycharmProjects/Airflow/venv/lib/python3.9/site-packages/airflow/example_dags/example_skip_dag.py
[2021-11-18 19:07:28,931] {logging_mixin.py:109} INFO - [2021-11-18 19:07:28,931] {dag.py:2396} INFO - Sync 1 DAGs
[2021-11-18 19:07:28,937] {logging_mixin.py:109} INFO - [2021-11-18 19:07:28,937] {dag.py:2928} INFO - Setting next_dagrun for example_skip_dag to 2021-11-18T03:07:28.936892+00:00
[2021-11-18 19:07:28,942] {processor.py:171} INFO - Processing /Users/sravanisigadam/PycharmProjects/Airflow/venv/lib/python3.9/site-packages/airflow/example_dags/example_skip_dag.py took 0.051 seconds
[2021-11-18 19:08:46,913] {processor.py:163} INFO - Started process (PID=56939) to work on /Users/sravanisigadam/PycharmProjects/Airflow/venv/lib/python3.9/site-packages/airflow/example_dags/example_skip_dag.py
[2021-11-18 19:08:46,913] {processor.py:625} INFO - Processing file /Users/sravanisigadam/PycharmProjects/Airflow/venv/lib/python3.9/site-packages/airflow/example_dags/example_skip_dag.py for tasks to queue
[2021-11-18 19:08:46,913] {logging_mixin.py:109} INFO - [2021-11-18 19:08:46,913] {dagbag.py:500} INFO - Filling up the DagBag from /Users/sravanisigadam/PycharmProjects/Airflow/venv/lib/python3.9/site-packages/airflow/example_dags/example_skip_dag.py
[2021-11-18 19:08:46,936] {processor.py:637} INFO - DAG(s) dict_keys(['example_skip_dag']) retrieved from /Users/sravanisigadam/PycharmProjects/Airflow/venv/lib/python3.9/site-packages/airflow/example_dags/example_skip_dag.py
[2021-11-18 19:08:46,948] {logging_mixin.py:109} INFO - [2021-11-18 19:08:46,947] {dag.py:2396} INFO - Sync 1 DAGs
[2021-11-18 19:08:46,953] {logging_mixin.py:109} INFO - [2021-11-18 19:08:46,953] {dag.py:2928} INFO - Setting next_dagrun for example_skip_dag to 2021-11-18T03:08:46.953085+00:00
[2021-11-18 19:08:46,958] {processor.py:171} INFO - Processing /Users/sravanisigadam/PycharmProjects/Airflow/venv/lib/python3.9/site-packages/airflow/example_dags/example_skip_dag.py took 0.046 seconds
[2021-11-18 19:10:05,128] {processor.py:163} INFO - Started process (PID=56984) to work on /Users/sravanisigadam/PycharmProjects/Airflow/venv/lib/python3.9/site-packages/airflow/example_dags/example_skip_dag.py
[2021-11-18 19:10:05,128] {processor.py:625} INFO - Processing file /Users/sravanisigadam/PycharmProjects/Airflow/venv/lib/python3.9/site-packages/airflow/example_dags/example_skip_dag.py for tasks to queue
[2021-11-18 19:10:05,129] {logging_mixin.py:109} INFO - [2021-11-18 19:10:05,129] {dagbag.py:500} INFO - Filling up the DagBag from /Users/sravanisigadam/PycharmProjects/Airflow/venv/lib/python3.9/site-packages/airflow/example_dags/example_skip_dag.py
[2021-11-18 19:10:05,151] {processor.py:637} INFO - DAG(s) dict_keys(['example_skip_dag']) retrieved from /Users/sravanisigadam/PycharmProjects/Airflow/venv/lib/python3.9/site-packages/airflow/example_dags/example_skip_dag.py
[2021-11-18 19:10:05,163] {logging_mixin.py:109} INFO - [2021-11-18 19:10:05,163] {dag.py:2396} INFO - Sync 1 DAGs
[2021-11-18 19:10:05,168] {logging_mixin.py:109} INFO - [2021-11-18 19:10:05,168] {dag.py:2928} INFO - Setting next_dagrun for example_skip_dag to 2021-11-18T03:10:05.168522+00:00
[2021-11-18 19:10:05,173] {processor.py:171} INFO - Processing /Users/sravanisigadam/PycharmProjects/Airflow/venv/lib/python3.9/site-packages/airflow/example_dags/example_skip_dag.py took 0.046 seconds
[2021-11-18 19:11:25,414] {processor.py:163} INFO - Started process (PID=57031) to work on /Users/sravanisigadam/PycharmProjects/Airflow/venv/lib/python3.9/site-packages/airflow/example_dags/example_skip_dag.py
[2021-11-18 19:11:25,415] {processor.py:625} INFO - Processing file /Users/sravanisigadam/PycharmProjects/Airflow/venv/lib/python3.9/site-packages/airflow/example_dags/example_skip_dag.py for tasks to queue
[2021-11-18 19:11:25,415] {logging_mixin.py:109} INFO - [2021-11-18 19:11:25,415] {dagbag.py:500} INFO - Filling up the DagBag from /Users/sravanisigadam/PycharmProjects/Airflow/venv/lib/python3.9/site-packages/airflow/example_dags/example_skip_dag.py
[2021-11-18 19:11:25,438] {processor.py:637} INFO - DAG(s) dict_keys(['example_skip_dag']) retrieved from /Users/sravanisigadam/PycharmProjects/Airflow/venv/lib/python3.9/site-packages/airflow/example_dags/example_skip_dag.py
[2021-11-18 19:11:25,449] {logging_mixin.py:109} INFO - [2021-11-18 19:11:25,449] {dag.py:2396} INFO - Sync 1 DAGs
[2021-11-18 19:11:25,454] {logging_mixin.py:109} INFO - [2021-11-18 19:11:25,454] {dag.py:2928} INFO - Setting next_dagrun for example_skip_dag to 2021-11-18T03:11:25.454167+00:00
[2021-11-18 19:11:25,459] {processor.py:171} INFO - Processing /Users/sravanisigadam/PycharmProjects/Airflow/venv/lib/python3.9/site-packages/airflow/example_dags/example_skip_dag.py took 0.046 seconds
[2021-11-18 19:12:46,732] {processor.py:163} INFO - Started process (PID=57074) to work on /Users/sravanisigadam/PycharmProjects/Airflow/venv/lib/python3.9/site-packages/airflow/example_dags/example_skip_dag.py
[2021-11-18 19:12:46,734] {processor.py:625} INFO - Processing file /Users/sravanisigadam/PycharmProjects/Airflow/venv/lib/python3.9/site-packages/airflow/example_dags/example_skip_dag.py for tasks to queue
[2021-11-18 19:12:46,734] {logging_mixin.py:109} INFO - [2021-11-18 19:12:46,734] {dagbag.py:500} INFO - Filling up the DagBag from /Users/sravanisigadam/PycharmProjects/Airflow/venv/lib/python3.9/site-packages/airflow/example_dags/example_skip_dag.py
[2021-11-18 19:12:46,756] {processor.py:637} INFO - DAG(s) dict_keys(['example_skip_dag']) retrieved from /Users/sravanisigadam/PycharmProjects/Airflow/venv/lib/python3.9/site-packages/airflow/example_dags/example_skip_dag.py
[2021-11-18 19:12:46,767] {logging_mixin.py:109} INFO - [2021-11-18 19:12:46,767] {dag.py:2396} INFO - Sync 1 DAGs
[2021-11-18 19:12:46,772] {logging_mixin.py:109} INFO - [2021-11-18 19:12:46,772] {dag.py:2928} INFO - Setting next_dagrun for example_skip_dag to 2021-11-18T03:12:46.772607+00:00
[2021-11-18 19:12:46,777] {processor.py:171} INFO - Processing /Users/sravanisigadam/PycharmProjects/Airflow/venv/lib/python3.9/site-packages/airflow/example_dags/example_skip_dag.py took 0.045 seconds
[2021-11-18 19:14:10,493] {processor.py:163} INFO - Started process (PID=57152) to work on /Users/sravanisigadam/PycharmProjects/Airflow/venv/lib/python3.9/site-packages/airflow/example_dags/example_skip_dag.py
[2021-11-18 19:14:10,494] {processor.py:625} INFO - Processing file /Users/sravanisigadam/PycharmProjects/Airflow/venv/lib/python3.9/site-packages/airflow/example_dags/example_skip_dag.py for tasks to queue
[2021-11-18 19:14:10,494] {logging_mixin.py:109} INFO - [2021-11-18 19:14:10,494] {dagbag.py:500} INFO - Filling up the DagBag from /Users/sravanisigadam/PycharmProjects/Airflow/venv/lib/python3.9/site-packages/airflow/example_dags/example_skip_dag.py
[2021-11-18 19:14:10,525] {processor.py:637} INFO - DAG(s) dict_keys(['example_skip_dag']) retrieved from /Users/sravanisigadam/PycharmProjects/Airflow/venv/lib/python3.9/site-packages/airflow/example_dags/example_skip_dag.py
[2021-11-18 19:14:10,537] {logging_mixin.py:109} INFO - [2021-11-18 19:14:10,537] {dag.py:2396} INFO - Sync 1 DAGs
[2021-11-18 19:14:10,543] {logging_mixin.py:109} INFO - [2021-11-18 19:14:10,543] {dag.py:2928} INFO - Setting next_dagrun for example_skip_dag to 2021-11-18T03:14:10.542916+00:00
[2021-11-18 19:14:10,548] {processor.py:171} INFO - Processing /Users/sravanisigadam/PycharmProjects/Airflow/venv/lib/python3.9/site-packages/airflow/example_dags/example_skip_dag.py took 0.055 seconds
[2021-11-18 19:15:29,337] {processor.py:163} INFO - Started process (PID=57209) to work on /Users/sravanisigadam/PycharmProjects/Airflow/venv/lib/python3.9/site-packages/airflow/example_dags/example_skip_dag.py
[2021-11-18 19:15:29,338] {processor.py:625} INFO - Processing file /Users/sravanisigadam/PycharmProjects/Airflow/venv/lib/python3.9/site-packages/airflow/example_dags/example_skip_dag.py for tasks to queue
[2021-11-18 19:15:29,339] {logging_mixin.py:109} INFO - [2021-11-18 19:15:29,339] {dagbag.py:500} INFO - Filling up the DagBag from /Users/sravanisigadam/PycharmProjects/Airflow/venv/lib/python3.9/site-packages/airflow/example_dags/example_skip_dag.py
[2021-11-18 19:15:29,362] {processor.py:637} INFO - DAG(s) dict_keys(['example_skip_dag']) retrieved from /Users/sravanisigadam/PycharmProjects/Airflow/venv/lib/python3.9/site-packages/airflow/example_dags/example_skip_dag.py
[2021-11-18 19:15:29,374] {logging_mixin.py:109} INFO - [2021-11-18 19:15:29,373] {dag.py:2396} INFO - Sync 1 DAGs
[2021-11-18 19:15:29,379] {logging_mixin.py:109} INFO - [2021-11-18 19:15:29,379] {dag.py:2928} INFO - Setting next_dagrun for example_skip_dag to 2021-11-18T03:15:29.379413+00:00
[2021-11-18 19:15:29,385] {processor.py:171} INFO - Processing /Users/sravanisigadam/PycharmProjects/Airflow/venv/lib/python3.9/site-packages/airflow/example_dags/example_skip_dag.py took 0.048 seconds
