[2021-11-18 18:24:20,559] {processor.py:163} INFO - Started process (PID=55593) to work on /Users/sravanisigadam/PycharmProjects/Airflow/venv/lib/python3.9/site-packages/airflow/example_dags/example_python_operator.py
[2021-11-18 18:24:20,559] {processor.py:625} INFO - Processing file /Users/sravanisigadam/PycharmProjects/Airflow/venv/lib/python3.9/site-packages/airflow/example_dags/example_python_operator.py for tasks to queue
[2021-11-18 18:24:20,560] {logging_mixin.py:109} INFO - [2021-11-18 18:24:20,560] {dagbag.py:500} INFO - Filling up the DagBag from /Users/sravanisigadam/PycharmProjects/Airflow/venv/lib/python3.9/site-packages/airflow/example_dags/example_python_operator.py
[2021-11-18 18:24:20,589] {processor.py:637} INFO - DAG(s) dict_keys(['example_python_operator']) retrieved from /Users/sravanisigadam/PycharmProjects/Airflow/venv/lib/python3.9/site-packages/airflow/example_dags/example_python_operator.py
[2021-11-18 18:24:20,601] {logging_mixin.py:109} INFO - [2021-11-18 18:24:20,601] {dag.py:2396} INFO - Sync 1 DAGs
[2021-11-18 18:24:20,607] {logging_mixin.py:109} INFO - [2021-11-18 18:24:20,607] {dag.py:2928} INFO - Setting next_dagrun for example_python_operator to None
[2021-11-18 18:24:20,612] {processor.py:171} INFO - Processing /Users/sravanisigadam/PycharmProjects/Airflow/venv/lib/python3.9/site-packages/airflow/example_dags/example_python_operator.py took 0.054 seconds
[2021-11-18 18:25:31,172] {processor.py:163} INFO - Started process (PID=55665) to work on /Users/sravanisigadam/PycharmProjects/Airflow/venv/lib/python3.9/site-packages/airflow/example_dags/example_python_operator.py
[2021-11-18 18:25:31,172] {processor.py:625} INFO - Processing file /Users/sravanisigadam/PycharmProjects/Airflow/venv/lib/python3.9/site-packages/airflow/example_dags/example_python_operator.py for tasks to queue
[2021-11-18 18:25:31,172] {logging_mixin.py:109} INFO - [2021-11-18 18:25:31,172] {dagbag.py:500} INFO - Filling up the DagBag from /Users/sravanisigadam/PycharmProjects/Airflow/venv/lib/python3.9/site-packages/airflow/example_dags/example_python_operator.py
[2021-11-18 18:25:31,202] {processor.py:637} INFO - DAG(s) dict_keys(['example_python_operator']) retrieved from /Users/sravanisigadam/PycharmProjects/Airflow/venv/lib/python3.9/site-packages/airflow/example_dags/example_python_operator.py
[2021-11-18 18:25:31,214] {logging_mixin.py:109} INFO - [2021-11-18 18:25:31,214] {dag.py:2396} INFO - Sync 1 DAGs
[2021-11-18 18:25:31,220] {logging_mixin.py:109} INFO - [2021-11-18 18:25:31,220] {dag.py:2928} INFO - Setting next_dagrun for example_python_operator to None
[2021-11-18 18:25:31,225] {processor.py:171} INFO - Processing /Users/sravanisigadam/PycharmProjects/Airflow/venv/lib/python3.9/site-packages/airflow/example_dags/example_python_operator.py took 0.053 seconds
[2021-11-18 18:26:49,976] {processor.py:163} INFO - Started process (PID=55807) to work on /Users/sravanisigadam/PycharmProjects/Airflow/venv/lib/python3.9/site-packages/airflow/example_dags/example_python_operator.py
[2021-11-18 18:26:49,976] {processor.py:625} INFO - Processing file /Users/sravanisigadam/PycharmProjects/Airflow/venv/lib/python3.9/site-packages/airflow/example_dags/example_python_operator.py for tasks to queue
[2021-11-18 18:26:49,977] {logging_mixin.py:109} INFO - [2021-11-18 18:26:49,977] {dagbag.py:500} INFO - Filling up the DagBag from /Users/sravanisigadam/PycharmProjects/Airflow/venv/lib/python3.9/site-packages/airflow/example_dags/example_python_operator.py
[2021-11-18 18:26:50,012] {processor.py:637} INFO - DAG(s) dict_keys(['example_python_operator']) retrieved from /Users/sravanisigadam/PycharmProjects/Airflow/venv/lib/python3.9/site-packages/airflow/example_dags/example_python_operator.py
[2021-11-18 18:26:50,023] {logging_mixin.py:109} INFO - [2021-11-18 18:26:50,023] {dag.py:2396} INFO - Sync 1 DAGs
[2021-11-18 18:26:50,029] {logging_mixin.py:109} INFO - [2021-11-18 18:26:50,029] {dag.py:2928} INFO - Setting next_dagrun for example_python_operator to None
[2021-11-18 18:26:50,038] {processor.py:171} INFO - Processing /Users/sravanisigadam/PycharmProjects/Airflow/venv/lib/python3.9/site-packages/airflow/example_dags/example_python_operator.py took 0.063 seconds
[2021-11-18 18:28:10,168] {processor.py:163} INFO - Started process (PID=55881) to work on /Users/sravanisigadam/PycharmProjects/Airflow/venv/lib/python3.9/site-packages/airflow/example_dags/example_python_operator.py
[2021-11-18 18:28:10,169] {processor.py:625} INFO - Processing file /Users/sravanisigadam/PycharmProjects/Airflow/venv/lib/python3.9/site-packages/airflow/example_dags/example_python_operator.py for tasks to queue
[2021-11-18 18:28:10,169] {logging_mixin.py:109} INFO - [2021-11-18 18:28:10,169] {dagbag.py:500} INFO - Filling up the DagBag from /Users/sravanisigadam/PycharmProjects/Airflow/venv/lib/python3.9/site-packages/airflow/example_dags/example_python_operator.py
[2021-11-18 18:28:10,201] {processor.py:637} INFO - DAG(s) dict_keys(['example_python_operator']) retrieved from /Users/sravanisigadam/PycharmProjects/Airflow/venv/lib/python3.9/site-packages/airflow/example_dags/example_python_operator.py
[2021-11-18 18:28:10,212] {logging_mixin.py:109} INFO - [2021-11-18 18:28:10,211] {dag.py:2396} INFO - Sync 1 DAGs
[2021-11-18 18:28:10,217] {logging_mixin.py:109} INFO - [2021-11-18 18:28:10,217] {dag.py:2928} INFO - Setting next_dagrun for example_python_operator to None
[2021-11-18 18:28:10,221] {processor.py:171} INFO - Processing /Users/sravanisigadam/PycharmProjects/Airflow/venv/lib/python3.9/site-packages/airflow/example_dags/example_python_operator.py took 0.054 seconds
[2021-11-18 18:29:30,266] {processor.py:163} INFO - Started process (PID=55920) to work on /Users/sravanisigadam/PycharmProjects/Airflow/venv/lib/python3.9/site-packages/airflow/example_dags/example_python_operator.py
[2021-11-18 18:29:30,266] {processor.py:625} INFO - Processing file /Users/sravanisigadam/PycharmProjects/Airflow/venv/lib/python3.9/site-packages/airflow/example_dags/example_python_operator.py for tasks to queue
[2021-11-18 18:29:30,266] {logging_mixin.py:109} INFO - [2021-11-18 18:29:30,266] {dagbag.py:500} INFO - Filling up the DagBag from /Users/sravanisigadam/PycharmProjects/Airflow/venv/lib/python3.9/site-packages/airflow/example_dags/example_python_operator.py
[2021-11-18 18:29:30,299] {processor.py:637} INFO - DAG(s) dict_keys(['example_python_operator']) retrieved from /Users/sravanisigadam/PycharmProjects/Airflow/venv/lib/python3.9/site-packages/airflow/example_dags/example_python_operator.py
[2021-11-18 18:29:30,310] {logging_mixin.py:109} INFO - [2021-11-18 18:29:30,310] {dag.py:2396} INFO - Sync 1 DAGs
[2021-11-18 18:29:30,315] {logging_mixin.py:109} INFO - [2021-11-18 18:29:30,315] {dag.py:2928} INFO - Setting next_dagrun for example_python_operator to None
[2021-11-18 18:29:30,321] {processor.py:171} INFO - Processing /Users/sravanisigadam/PycharmProjects/Airflow/venv/lib/python3.9/site-packages/airflow/example_dags/example_python_operator.py took 0.055 seconds
[2021-11-18 18:30:50,294] {processor.py:163} INFO - Started process (PID=55961) to work on /Users/sravanisigadam/PycharmProjects/Airflow/venv/lib/python3.9/site-packages/airflow/example_dags/example_python_operator.py
[2021-11-18 18:30:50,294] {processor.py:625} INFO - Processing file /Users/sravanisigadam/PycharmProjects/Airflow/venv/lib/python3.9/site-packages/airflow/example_dags/example_python_operator.py for tasks to queue
[2021-11-18 18:30:50,295] {logging_mixin.py:109} INFO - [2021-11-18 18:30:50,295] {dagbag.py:500} INFO - Filling up the DagBag from /Users/sravanisigadam/PycharmProjects/Airflow/venv/lib/python3.9/site-packages/airflow/example_dags/example_python_operator.py
[2021-11-18 18:30:50,326] {processor.py:637} INFO - DAG(s) dict_keys(['example_python_operator']) retrieved from /Users/sravanisigadam/PycharmProjects/Airflow/venv/lib/python3.9/site-packages/airflow/example_dags/example_python_operator.py
[2021-11-18 18:30:50,337] {logging_mixin.py:109} INFO - [2021-11-18 18:30:50,337] {dag.py:2396} INFO - Sync 1 DAGs
[2021-11-18 18:30:50,342] {logging_mixin.py:109} INFO - [2021-11-18 18:30:50,342] {dag.py:2928} INFO - Setting next_dagrun for example_python_operator to None
[2021-11-18 18:30:50,347] {processor.py:171} INFO - Processing /Users/sravanisigadam/PycharmProjects/Airflow/venv/lib/python3.9/site-packages/airflow/example_dags/example_python_operator.py took 0.053 seconds
[2021-11-18 18:32:10,508] {processor.py:163} INFO - Started process (PID=56008) to work on /Users/sravanisigadam/PycharmProjects/Airflow/venv/lib/python3.9/site-packages/airflow/example_dags/example_python_operator.py
[2021-11-18 18:32:10,508] {processor.py:625} INFO - Processing file /Users/sravanisigadam/PycharmProjects/Airflow/venv/lib/python3.9/site-packages/airflow/example_dags/example_python_operator.py for tasks to queue
[2021-11-18 18:32:10,508] {logging_mixin.py:109} INFO - [2021-11-18 18:32:10,508] {dagbag.py:500} INFO - Filling up the DagBag from /Users/sravanisigadam/PycharmProjects/Airflow/venv/lib/python3.9/site-packages/airflow/example_dags/example_python_operator.py
[2021-11-18 18:32:10,542] {processor.py:637} INFO - DAG(s) dict_keys(['example_python_operator']) retrieved from /Users/sravanisigadam/PycharmProjects/Airflow/venv/lib/python3.9/site-packages/airflow/example_dags/example_python_operator.py
[2021-11-18 18:32:10,552] {logging_mixin.py:109} INFO - [2021-11-18 18:32:10,552] {dag.py:2396} INFO - Sync 1 DAGs
[2021-11-18 18:32:10,558] {logging_mixin.py:109} INFO - [2021-11-18 18:32:10,558] {dag.py:2928} INFO - Setting next_dagrun for example_python_operator to None
[2021-11-18 18:32:10,563] {processor.py:171} INFO - Processing /Users/sravanisigadam/PycharmProjects/Airflow/venv/lib/python3.9/site-packages/airflow/example_dags/example_python_operator.py took 0.055 seconds
[2021-11-18 18:33:30,506] {processor.py:163} INFO - Started process (PID=56048) to work on /Users/sravanisigadam/PycharmProjects/Airflow/venv/lib/python3.9/site-packages/airflow/example_dags/example_python_operator.py
[2021-11-18 18:33:30,506] {processor.py:625} INFO - Processing file /Users/sravanisigadam/PycharmProjects/Airflow/venv/lib/python3.9/site-packages/airflow/example_dags/example_python_operator.py for tasks to queue
[2021-11-18 18:33:30,506] {logging_mixin.py:109} INFO - [2021-11-18 18:33:30,506] {dagbag.py:500} INFO - Filling up the DagBag from /Users/sravanisigadam/PycharmProjects/Airflow/venv/lib/python3.9/site-packages/airflow/example_dags/example_python_operator.py
[2021-11-18 18:33:30,540] {processor.py:637} INFO - DAG(s) dict_keys(['example_python_operator']) retrieved from /Users/sravanisigadam/PycharmProjects/Airflow/venv/lib/python3.9/site-packages/airflow/example_dags/example_python_operator.py
[2021-11-18 18:33:30,550] {logging_mixin.py:109} INFO - [2021-11-18 18:33:30,550] {dag.py:2396} INFO - Sync 1 DAGs
[2021-11-18 18:33:30,555] {logging_mixin.py:109} INFO - [2021-11-18 18:33:30,555] {dag.py:2928} INFO - Setting next_dagrun for example_python_operator to None
[2021-11-18 18:33:30,560] {processor.py:171} INFO - Processing /Users/sravanisigadam/PycharmProjects/Airflow/venv/lib/python3.9/site-packages/airflow/example_dags/example_python_operator.py took 0.054 seconds
[2021-11-18 18:46:35,787] {processor.py:163} INFO - Started process (PID=56111) to work on /Users/sravanisigadam/PycharmProjects/Airflow/venv/lib/python3.9/site-packages/airflow/example_dags/example_python_operator.py
[2021-11-18 18:46:35,788] {processor.py:625} INFO - Processing file /Users/sravanisigadam/PycharmProjects/Airflow/venv/lib/python3.9/site-packages/airflow/example_dags/example_python_operator.py for tasks to queue
[2021-11-18 18:46:35,788] {logging_mixin.py:109} INFO - [2021-11-18 18:46:35,788] {dagbag.py:500} INFO - Filling up the DagBag from /Users/sravanisigadam/PycharmProjects/Airflow/venv/lib/python3.9/site-packages/airflow/example_dags/example_python_operator.py
[2021-11-18 18:46:35,819] {processor.py:637} INFO - DAG(s) dict_keys(['example_python_operator']) retrieved from /Users/sravanisigadam/PycharmProjects/Airflow/venv/lib/python3.9/site-packages/airflow/example_dags/example_python_operator.py
[2021-11-18 18:46:35,830] {logging_mixin.py:109} INFO - [2021-11-18 18:46:35,830] {dag.py:2396} INFO - Sync 1 DAGs
[2021-11-18 18:46:35,836] {logging_mixin.py:109} INFO - [2021-11-18 18:46:35,836] {dag.py:2928} INFO - Setting next_dagrun for example_python_operator to None
[2021-11-18 18:46:35,840] {processor.py:171} INFO - Processing /Users/sravanisigadam/PycharmProjects/Airflow/venv/lib/python3.9/site-packages/airflow/example_dags/example_python_operator.py took 0.053 seconds
[2021-11-18 18:47:53,704] {processor.py:163} INFO - Started process (PID=56166) to work on /Users/sravanisigadam/PycharmProjects/Airflow/venv/lib/python3.9/site-packages/airflow/example_dags/example_python_operator.py
[2021-11-18 18:47:53,705] {processor.py:625} INFO - Processing file /Users/sravanisigadam/PycharmProjects/Airflow/venv/lib/python3.9/site-packages/airflow/example_dags/example_python_operator.py for tasks to queue
[2021-11-18 18:47:53,705] {logging_mixin.py:109} INFO - [2021-11-18 18:47:53,705] {dagbag.py:500} INFO - Filling up the DagBag from /Users/sravanisigadam/PycharmProjects/Airflow/venv/lib/python3.9/site-packages/airflow/example_dags/example_python_operator.py
[2021-11-18 18:47:53,738] {processor.py:637} INFO - DAG(s) dict_keys(['example_python_operator']) retrieved from /Users/sravanisigadam/PycharmProjects/Airflow/venv/lib/python3.9/site-packages/airflow/example_dags/example_python_operator.py
[2021-11-18 18:47:53,749] {logging_mixin.py:109} INFO - [2021-11-18 18:47:53,748] {dag.py:2396} INFO - Sync 1 DAGs
[2021-11-18 18:47:53,754] {logging_mixin.py:109} INFO - [2021-11-18 18:47:53,754] {dag.py:2928} INFO - Setting next_dagrun for example_python_operator to None
[2021-11-18 18:47:53,759] {processor.py:171} INFO - Processing /Users/sravanisigadam/PycharmProjects/Airflow/venv/lib/python3.9/site-packages/airflow/example_dags/example_python_operator.py took 0.055 seconds
[2021-11-18 18:49:15,103] {processor.py:163} INFO - Started process (PID=56224) to work on /Users/sravanisigadam/PycharmProjects/Airflow/venv/lib/python3.9/site-packages/airflow/example_dags/example_python_operator.py
[2021-11-18 18:49:15,104] {processor.py:625} INFO - Processing file /Users/sravanisigadam/PycharmProjects/Airflow/venv/lib/python3.9/site-packages/airflow/example_dags/example_python_operator.py for tasks to queue
[2021-11-18 18:49:15,104] {logging_mixin.py:109} INFO - [2021-11-18 18:49:15,104] {dagbag.py:500} INFO - Filling up the DagBag from /Users/sravanisigadam/PycharmProjects/Airflow/venv/lib/python3.9/site-packages/airflow/example_dags/example_python_operator.py
[2021-11-18 18:49:15,135] {processor.py:637} INFO - DAG(s) dict_keys(['example_python_operator']) retrieved from /Users/sravanisigadam/PycharmProjects/Airflow/venv/lib/python3.9/site-packages/airflow/example_dags/example_python_operator.py
[2021-11-18 18:49:15,145] {logging_mixin.py:109} INFO - [2021-11-18 18:49:15,145] {dag.py:2396} INFO - Sync 1 DAGs
[2021-11-18 18:49:15,151] {logging_mixin.py:109} INFO - [2021-11-18 18:49:15,151] {dag.py:2928} INFO - Setting next_dagrun for example_python_operator to None
[2021-11-18 18:49:15,155] {processor.py:171} INFO - Processing /Users/sravanisigadam/PycharmProjects/Airflow/venv/lib/python3.9/site-packages/airflow/example_dags/example_python_operator.py took 0.052 seconds
[2021-11-18 18:50:35,378] {processor.py:163} INFO - Started process (PID=56267) to work on /Users/sravanisigadam/PycharmProjects/Airflow/venv/lib/python3.9/site-packages/airflow/example_dags/example_python_operator.py
[2021-11-18 18:50:35,379] {processor.py:625} INFO - Processing file /Users/sravanisigadam/PycharmProjects/Airflow/venv/lib/python3.9/site-packages/airflow/example_dags/example_python_operator.py for tasks to queue
[2021-11-18 18:50:35,379] {logging_mixin.py:109} INFO - [2021-11-18 18:50:35,379] {dagbag.py:500} INFO - Filling up the DagBag from /Users/sravanisigadam/PycharmProjects/Airflow/venv/lib/python3.9/site-packages/airflow/example_dags/example_python_operator.py
[2021-11-18 18:50:35,411] {processor.py:637} INFO - DAG(s) dict_keys(['example_python_operator']) retrieved from /Users/sravanisigadam/PycharmProjects/Airflow/venv/lib/python3.9/site-packages/airflow/example_dags/example_python_operator.py
[2021-11-18 18:50:35,422] {logging_mixin.py:109} INFO - [2021-11-18 18:50:35,422] {dag.py:2396} INFO - Sync 1 DAGs
[2021-11-18 18:50:35,428] {logging_mixin.py:109} INFO - [2021-11-18 18:50:35,428] {dag.py:2928} INFO - Setting next_dagrun for example_python_operator to None
[2021-11-18 18:50:35,433] {processor.py:171} INFO - Processing /Users/sravanisigadam/PycharmProjects/Airflow/venv/lib/python3.9/site-packages/airflow/example_dags/example_python_operator.py took 0.055 seconds
[2021-11-18 18:51:52,033] {processor.py:163} INFO - Started process (PID=56307) to work on /Users/sravanisigadam/PycharmProjects/Airflow/venv/lib/python3.9/site-packages/airflow/example_dags/example_python_operator.py
[2021-11-18 18:51:52,034] {processor.py:625} INFO - Processing file /Users/sravanisigadam/PycharmProjects/Airflow/venv/lib/python3.9/site-packages/airflow/example_dags/example_python_operator.py for tasks to queue
[2021-11-18 18:51:52,035] {logging_mixin.py:109} INFO - [2021-11-18 18:51:52,034] {dagbag.py:500} INFO - Filling up the DagBag from /Users/sravanisigadam/PycharmProjects/Airflow/venv/lib/python3.9/site-packages/airflow/example_dags/example_python_operator.py
[2021-11-18 18:51:52,067] {processor.py:637} INFO - DAG(s) dict_keys(['example_python_operator']) retrieved from /Users/sravanisigadam/PycharmProjects/Airflow/venv/lib/python3.9/site-packages/airflow/example_dags/example_python_operator.py
[2021-11-18 18:51:52,077] {logging_mixin.py:109} INFO - [2021-11-18 18:51:52,077] {dag.py:2396} INFO - Sync 1 DAGs
[2021-11-18 18:51:52,083] {logging_mixin.py:109} INFO - [2021-11-18 18:51:52,083] {dag.py:2928} INFO - Setting next_dagrun for example_python_operator to None
[2021-11-18 18:51:52,087] {processor.py:171} INFO - Processing /Users/sravanisigadam/PycharmProjects/Airflow/venv/lib/python3.9/site-packages/airflow/example_dags/example_python_operator.py took 0.054 seconds
[2021-11-18 18:53:09,823] {processor.py:163} INFO - Started process (PID=56349) to work on /Users/sravanisigadam/PycharmProjects/Airflow/venv/lib/python3.9/site-packages/airflow/example_dags/example_python_operator.py
[2021-11-18 18:53:09,825] {processor.py:625} INFO - Processing file /Users/sravanisigadam/PycharmProjects/Airflow/venv/lib/python3.9/site-packages/airflow/example_dags/example_python_operator.py for tasks to queue
[2021-11-18 18:53:09,825] {logging_mixin.py:109} INFO - [2021-11-18 18:53:09,825] {dagbag.py:500} INFO - Filling up the DagBag from /Users/sravanisigadam/PycharmProjects/Airflow/venv/lib/python3.9/site-packages/airflow/example_dags/example_python_operator.py
[2021-11-18 18:53:09,858] {processor.py:637} INFO - DAG(s) dict_keys(['example_python_operator']) retrieved from /Users/sravanisigadam/PycharmProjects/Airflow/venv/lib/python3.9/site-packages/airflow/example_dags/example_python_operator.py
[2021-11-18 18:53:09,868] {logging_mixin.py:109} INFO - [2021-11-18 18:53:09,868] {dag.py:2396} INFO - Sync 1 DAGs
[2021-11-18 18:53:09,874] {logging_mixin.py:109} INFO - [2021-11-18 18:53:09,874] {dag.py:2928} INFO - Setting next_dagrun for example_python_operator to None
[2021-11-18 18:53:09,879] {processor.py:171} INFO - Processing /Users/sravanisigadam/PycharmProjects/Airflow/venv/lib/python3.9/site-packages/airflow/example_dags/example_python_operator.py took 0.056 seconds
[2021-11-18 18:54:27,664] {processor.py:163} INFO - Started process (PID=56390) to work on /Users/sravanisigadam/PycharmProjects/Airflow/venv/lib/python3.9/site-packages/airflow/example_dags/example_python_operator.py
[2021-11-18 18:54:27,665] {processor.py:625} INFO - Processing file /Users/sravanisigadam/PycharmProjects/Airflow/venv/lib/python3.9/site-packages/airflow/example_dags/example_python_operator.py for tasks to queue
[2021-11-18 18:54:27,665] {logging_mixin.py:109} INFO - [2021-11-18 18:54:27,665] {dagbag.py:500} INFO - Filling up the DagBag from /Users/sravanisigadam/PycharmProjects/Airflow/venv/lib/python3.9/site-packages/airflow/example_dags/example_python_operator.py
[2021-11-18 18:54:27,700] {processor.py:637} INFO - DAG(s) dict_keys(['example_python_operator']) retrieved from /Users/sravanisigadam/PycharmProjects/Airflow/venv/lib/python3.9/site-packages/airflow/example_dags/example_python_operator.py
[2021-11-18 18:54:27,712] {logging_mixin.py:109} INFO - [2021-11-18 18:54:27,711] {dag.py:2396} INFO - Sync 1 DAGs
[2021-11-18 18:54:27,717] {logging_mixin.py:109} INFO - [2021-11-18 18:54:27,717] {dag.py:2928} INFO - Setting next_dagrun for example_python_operator to None
[2021-11-18 18:54:27,722] {processor.py:171} INFO - Processing /Users/sravanisigadam/PycharmProjects/Airflow/venv/lib/python3.9/site-packages/airflow/example_dags/example_python_operator.py took 0.059 seconds
[2021-11-18 18:55:46,098] {processor.py:163} INFO - Started process (PID=56430) to work on /Users/sravanisigadam/PycharmProjects/Airflow/venv/lib/python3.9/site-packages/airflow/example_dags/example_python_operator.py
[2021-11-18 18:55:46,099] {processor.py:625} INFO - Processing file /Users/sravanisigadam/PycharmProjects/Airflow/venv/lib/python3.9/site-packages/airflow/example_dags/example_python_operator.py for tasks to queue
[2021-11-18 18:55:46,099] {logging_mixin.py:109} INFO - [2021-11-18 18:55:46,099] {dagbag.py:500} INFO - Filling up the DagBag from /Users/sravanisigadam/PycharmProjects/Airflow/venv/lib/python3.9/site-packages/airflow/example_dags/example_python_operator.py
[2021-11-18 18:55:46,132] {processor.py:637} INFO - DAG(s) dict_keys(['example_python_operator']) retrieved from /Users/sravanisigadam/PycharmProjects/Airflow/venv/lib/python3.9/site-packages/airflow/example_dags/example_python_operator.py
[2021-11-18 18:55:46,143] {logging_mixin.py:109} INFO - [2021-11-18 18:55:46,143] {dag.py:2396} INFO - Sync 1 DAGs
[2021-11-18 18:55:46,148] {logging_mixin.py:109} INFO - [2021-11-18 18:55:46,148] {dag.py:2928} INFO - Setting next_dagrun for example_python_operator to None
[2021-11-18 18:55:46,153] {processor.py:171} INFO - Processing /Users/sravanisigadam/PycharmProjects/Airflow/venv/lib/python3.9/site-packages/airflow/example_dags/example_python_operator.py took 0.055 seconds
[2021-11-18 18:57:03,854] {processor.py:163} INFO - Started process (PID=56474) to work on /Users/sravanisigadam/PycharmProjects/Airflow/venv/lib/python3.9/site-packages/airflow/example_dags/example_python_operator.py
[2021-11-18 18:57:03,856] {processor.py:625} INFO - Processing file /Users/sravanisigadam/PycharmProjects/Airflow/venv/lib/python3.9/site-packages/airflow/example_dags/example_python_operator.py for tasks to queue
[2021-11-18 18:57:03,856] {logging_mixin.py:109} INFO - [2021-11-18 18:57:03,856] {dagbag.py:500} INFO - Filling up the DagBag from /Users/sravanisigadam/PycharmProjects/Airflow/venv/lib/python3.9/site-packages/airflow/example_dags/example_python_operator.py
[2021-11-18 18:57:03,887] {processor.py:637} INFO - DAG(s) dict_keys(['example_python_operator']) retrieved from /Users/sravanisigadam/PycharmProjects/Airflow/venv/lib/python3.9/site-packages/airflow/example_dags/example_python_operator.py
[2021-11-18 18:57:03,897] {logging_mixin.py:109} INFO - [2021-11-18 18:57:03,897] {dag.py:2396} INFO - Sync 1 DAGs
[2021-11-18 18:57:03,903] {logging_mixin.py:109} INFO - [2021-11-18 18:57:03,903] {dag.py:2928} INFO - Setting next_dagrun for example_python_operator to None
[2021-11-18 18:57:03,908] {processor.py:171} INFO - Processing /Users/sravanisigadam/PycharmProjects/Airflow/venv/lib/python3.9/site-packages/airflow/example_dags/example_python_operator.py took 0.054 seconds
[2021-11-18 18:58:21,735] {processor.py:163} INFO - Started process (PID=56523) to work on /Users/sravanisigadam/PycharmProjects/Airflow/venv/lib/python3.9/site-packages/airflow/example_dags/example_python_operator.py
[2021-11-18 18:58:21,736] {processor.py:625} INFO - Processing file /Users/sravanisigadam/PycharmProjects/Airflow/venv/lib/python3.9/site-packages/airflow/example_dags/example_python_operator.py for tasks to queue
[2021-11-18 18:58:21,737] {logging_mixin.py:109} INFO - [2021-11-18 18:58:21,737] {dagbag.py:500} INFO - Filling up the DagBag from /Users/sravanisigadam/PycharmProjects/Airflow/venv/lib/python3.9/site-packages/airflow/example_dags/example_python_operator.py
[2021-11-18 18:58:21,771] {processor.py:637} INFO - DAG(s) dict_keys(['example_python_operator']) retrieved from /Users/sravanisigadam/PycharmProjects/Airflow/venv/lib/python3.9/site-packages/airflow/example_dags/example_python_operator.py
[2021-11-18 18:58:21,783] {logging_mixin.py:109} INFO - [2021-11-18 18:58:21,783] {dag.py:2396} INFO - Sync 1 DAGs
[2021-11-18 18:58:21,789] {logging_mixin.py:109} INFO - [2021-11-18 18:58:21,789] {dag.py:2928} INFO - Setting next_dagrun for example_python_operator to None
[2021-11-18 18:58:21,795] {processor.py:171} INFO - Processing /Users/sravanisigadam/PycharmProjects/Airflow/venv/lib/python3.9/site-packages/airflow/example_dags/example_python_operator.py took 0.060 seconds
[2021-11-18 18:59:40,393] {processor.py:163} INFO - Started process (PID=56561) to work on /Users/sravanisigadam/PycharmProjects/Airflow/venv/lib/python3.9/site-packages/airflow/example_dags/example_python_operator.py
[2021-11-18 18:59:40,394] {processor.py:625} INFO - Processing file /Users/sravanisigadam/PycharmProjects/Airflow/venv/lib/python3.9/site-packages/airflow/example_dags/example_python_operator.py for tasks to queue
[2021-11-18 18:59:40,394] {logging_mixin.py:109} INFO - [2021-11-18 18:59:40,394] {dagbag.py:500} INFO - Filling up the DagBag from /Users/sravanisigadam/PycharmProjects/Airflow/venv/lib/python3.9/site-packages/airflow/example_dags/example_python_operator.py
[2021-11-18 18:59:40,428] {processor.py:637} INFO - DAG(s) dict_keys(['example_python_operator']) retrieved from /Users/sravanisigadam/PycharmProjects/Airflow/venv/lib/python3.9/site-packages/airflow/example_dags/example_python_operator.py
[2021-11-18 18:59:40,439] {logging_mixin.py:109} INFO - [2021-11-18 18:59:40,439] {dag.py:2396} INFO - Sync 1 DAGs
[2021-11-18 18:59:40,445] {logging_mixin.py:109} INFO - [2021-11-18 18:59:40,444] {dag.py:2928} INFO - Setting next_dagrun for example_python_operator to None
[2021-11-18 18:59:40,449] {processor.py:171} INFO - Processing /Users/sravanisigadam/PycharmProjects/Airflow/venv/lib/python3.9/site-packages/airflow/example_dags/example_python_operator.py took 0.057 seconds
[2021-11-18 19:01:01,159] {processor.py:163} INFO - Started process (PID=56613) to work on /Users/sravanisigadam/PycharmProjects/Airflow/venv/lib/python3.9/site-packages/airflow/example_dags/example_python_operator.py
[2021-11-18 19:01:01,160] {processor.py:625} INFO - Processing file /Users/sravanisigadam/PycharmProjects/Airflow/venv/lib/python3.9/site-packages/airflow/example_dags/example_python_operator.py for tasks to queue
[2021-11-18 19:01:01,160] {logging_mixin.py:109} INFO - [2021-11-18 19:01:01,160] {dagbag.py:500} INFO - Filling up the DagBag from /Users/sravanisigadam/PycharmProjects/Airflow/venv/lib/python3.9/site-packages/airflow/example_dags/example_python_operator.py
[2021-11-18 19:01:01,191] {processor.py:637} INFO - DAG(s) dict_keys(['example_python_operator']) retrieved from /Users/sravanisigadam/PycharmProjects/Airflow/venv/lib/python3.9/site-packages/airflow/example_dags/example_python_operator.py
[2021-11-18 19:01:01,201] {logging_mixin.py:109} INFO - [2021-11-18 19:01:01,201] {dag.py:2396} INFO - Sync 1 DAGs
[2021-11-18 19:01:01,207] {logging_mixin.py:109} INFO - [2021-11-18 19:01:01,207] {dag.py:2928} INFO - Setting next_dagrun for example_python_operator to None
[2021-11-18 19:01:01,211] {processor.py:171} INFO - Processing /Users/sravanisigadam/PycharmProjects/Airflow/venv/lib/python3.9/site-packages/airflow/example_dags/example_python_operator.py took 0.053 seconds
[2021-11-18 19:02:18,161] {processor.py:163} INFO - Started process (PID=56653) to work on /Users/sravanisigadam/PycharmProjects/Airflow/venv/lib/python3.9/site-packages/airflow/example_dags/example_python_operator.py
[2021-11-18 19:02:18,161] {processor.py:625} INFO - Processing file /Users/sravanisigadam/PycharmProjects/Airflow/venv/lib/python3.9/site-packages/airflow/example_dags/example_python_operator.py for tasks to queue
[2021-11-18 19:02:18,161] {logging_mixin.py:109} INFO - [2021-11-18 19:02:18,161] {dagbag.py:500} INFO - Filling up the DagBag from /Users/sravanisigadam/PycharmProjects/Airflow/venv/lib/python3.9/site-packages/airflow/example_dags/example_python_operator.py
[2021-11-18 19:02:18,194] {processor.py:637} INFO - DAG(s) dict_keys(['example_python_operator']) retrieved from /Users/sravanisigadam/PycharmProjects/Airflow/venv/lib/python3.9/site-packages/airflow/example_dags/example_python_operator.py
[2021-11-18 19:02:18,204] {logging_mixin.py:109} INFO - [2021-11-18 19:02:18,204] {dag.py:2396} INFO - Sync 1 DAGs
[2021-11-18 19:02:18,210] {logging_mixin.py:109} INFO - [2021-11-18 19:02:18,210] {dag.py:2928} INFO - Setting next_dagrun for example_python_operator to None
[2021-11-18 19:02:18,215] {processor.py:171} INFO - Processing /Users/sravanisigadam/PycharmProjects/Airflow/venv/lib/python3.9/site-packages/airflow/example_dags/example_python_operator.py took 0.055 seconds
[2021-11-18 19:03:35,959] {processor.py:163} INFO - Started process (PID=56697) to work on /Users/sravanisigadam/PycharmProjects/Airflow/venv/lib/python3.9/site-packages/airflow/example_dags/example_python_operator.py
[2021-11-18 19:03:35,960] {processor.py:625} INFO - Processing file /Users/sravanisigadam/PycharmProjects/Airflow/venv/lib/python3.9/site-packages/airflow/example_dags/example_python_operator.py for tasks to queue
[2021-11-18 19:03:35,960] {logging_mixin.py:109} INFO - [2021-11-18 19:03:35,960] {dagbag.py:500} INFO - Filling up the DagBag from /Users/sravanisigadam/PycharmProjects/Airflow/venv/lib/python3.9/site-packages/airflow/example_dags/example_python_operator.py
[2021-11-18 19:03:35,991] {processor.py:637} INFO - DAG(s) dict_keys(['example_python_operator']) retrieved from /Users/sravanisigadam/PycharmProjects/Airflow/venv/lib/python3.9/site-packages/airflow/example_dags/example_python_operator.py
[2021-11-18 19:03:36,001] {logging_mixin.py:109} INFO - [2021-11-18 19:03:36,001] {dag.py:2396} INFO - Sync 1 DAGs
[2021-11-18 19:03:36,007] {logging_mixin.py:109} INFO - [2021-11-18 19:03:36,007] {dag.py:2928} INFO - Setting next_dagrun for example_python_operator to None
[2021-11-18 19:03:36,012] {processor.py:171} INFO - Processing /Users/sravanisigadam/PycharmProjects/Airflow/venv/lib/python3.9/site-packages/airflow/example_dags/example_python_operator.py took 0.053 seconds
[2021-11-18 19:04:54,927] {processor.py:163} INFO - Started process (PID=56747) to work on /Users/sravanisigadam/PycharmProjects/Airflow/venv/lib/python3.9/site-packages/airflow/example_dags/example_python_operator.py
[2021-11-18 19:04:54,928] {processor.py:625} INFO - Processing file /Users/sravanisigadam/PycharmProjects/Airflow/venv/lib/python3.9/site-packages/airflow/example_dags/example_python_operator.py for tasks to queue
[2021-11-18 19:04:54,928] {logging_mixin.py:109} INFO - [2021-11-18 19:04:54,928] {dagbag.py:500} INFO - Filling up the DagBag from /Users/sravanisigadam/PycharmProjects/Airflow/venv/lib/python3.9/site-packages/airflow/example_dags/example_python_operator.py
[2021-11-18 19:04:54,960] {processor.py:637} INFO - DAG(s) dict_keys(['example_python_operator']) retrieved from /Users/sravanisigadam/PycharmProjects/Airflow/venv/lib/python3.9/site-packages/airflow/example_dags/example_python_operator.py
[2021-11-18 19:04:54,971] {logging_mixin.py:109} INFO - [2021-11-18 19:04:54,971] {dag.py:2396} INFO - Sync 1 DAGs
[2021-11-18 19:04:54,977] {logging_mixin.py:109} INFO - [2021-11-18 19:04:54,977] {dag.py:2928} INFO - Setting next_dagrun for example_python_operator to None
[2021-11-18 19:04:54,981] {processor.py:171} INFO - Processing /Users/sravanisigadam/PycharmProjects/Airflow/venv/lib/python3.9/site-packages/airflow/example_dags/example_python_operator.py took 0.055 seconds
[2021-11-18 19:06:12,824] {processor.py:163} INFO - Started process (PID=56817) to work on /Users/sravanisigadam/PycharmProjects/Airflow/venv/lib/python3.9/site-packages/airflow/example_dags/example_python_operator.py
[2021-11-18 19:06:12,826] {processor.py:625} INFO - Processing file /Users/sravanisigadam/PycharmProjects/Airflow/venv/lib/python3.9/site-packages/airflow/example_dags/example_python_operator.py for tasks to queue
[2021-11-18 19:06:12,826] {logging_mixin.py:109} INFO - [2021-11-18 19:06:12,826] {dagbag.py:500} INFO - Filling up the DagBag from /Users/sravanisigadam/PycharmProjects/Airflow/venv/lib/python3.9/site-packages/airflow/example_dags/example_python_operator.py
[2021-11-18 19:06:12,857] {processor.py:637} INFO - DAG(s) dict_keys(['example_python_operator']) retrieved from /Users/sravanisigadam/PycharmProjects/Airflow/venv/lib/python3.9/site-packages/airflow/example_dags/example_python_operator.py
[2021-11-18 19:06:12,868] {logging_mixin.py:109} INFO - [2021-11-18 19:06:12,868] {dag.py:2396} INFO - Sync 1 DAGs
[2021-11-18 19:06:12,874] {logging_mixin.py:109} INFO - [2021-11-18 19:06:12,874] {dag.py:2928} INFO - Setting next_dagrun for example_python_operator to None
[2021-11-18 19:06:12,879] {processor.py:171} INFO - Processing /Users/sravanisigadam/PycharmProjects/Airflow/venv/lib/python3.9/site-packages/airflow/example_dags/example_python_operator.py took 0.055 seconds
[2021-11-18 19:07:32,914] {processor.py:163} INFO - Started process (PID=56882) to work on /Users/sravanisigadam/PycharmProjects/Airflow/venv/lib/python3.9/site-packages/airflow/example_dags/example_python_operator.py
[2021-11-18 19:07:32,914] {processor.py:625} INFO - Processing file /Users/sravanisigadam/PycharmProjects/Airflow/venv/lib/python3.9/site-packages/airflow/example_dags/example_python_operator.py for tasks to queue
[2021-11-18 19:07:32,915] {logging_mixin.py:109} INFO - [2021-11-18 19:07:32,915] {dagbag.py:500} INFO - Filling up the DagBag from /Users/sravanisigadam/PycharmProjects/Airflow/venv/lib/python3.9/site-packages/airflow/example_dags/example_python_operator.py
[2021-11-18 19:07:32,947] {processor.py:637} INFO - DAG(s) dict_keys(['example_python_operator']) retrieved from /Users/sravanisigadam/PycharmProjects/Airflow/venv/lib/python3.9/site-packages/airflow/example_dags/example_python_operator.py
[2021-11-18 19:07:32,959] {logging_mixin.py:109} INFO - [2021-11-18 19:07:32,959] {dag.py:2396} INFO - Sync 1 DAGs
[2021-11-18 19:07:32,966] {logging_mixin.py:109} INFO - [2021-11-18 19:07:32,966] {dag.py:2928} INFO - Setting next_dagrun for example_python_operator to None
[2021-11-18 19:07:32,971] {processor.py:171} INFO - Processing /Users/sravanisigadam/PycharmProjects/Airflow/venv/lib/python3.9/site-packages/airflow/example_dags/example_python_operator.py took 0.058 seconds
[2021-11-18 19:08:50,915] {processor.py:163} INFO - Started process (PID=56941) to work on /Users/sravanisigadam/PycharmProjects/Airflow/venv/lib/python3.9/site-packages/airflow/example_dags/example_python_operator.py
[2021-11-18 19:08:50,915] {processor.py:625} INFO - Processing file /Users/sravanisigadam/PycharmProjects/Airflow/venv/lib/python3.9/site-packages/airflow/example_dags/example_python_operator.py for tasks to queue
[2021-11-18 19:08:50,915] {logging_mixin.py:109} INFO - [2021-11-18 19:08:50,915] {dagbag.py:500} INFO - Filling up the DagBag from /Users/sravanisigadam/PycharmProjects/Airflow/venv/lib/python3.9/site-packages/airflow/example_dags/example_python_operator.py
[2021-11-18 19:08:50,949] {processor.py:637} INFO - DAG(s) dict_keys(['example_python_operator']) retrieved from /Users/sravanisigadam/PycharmProjects/Airflow/venv/lib/python3.9/site-packages/airflow/example_dags/example_python_operator.py
[2021-11-18 19:08:50,960] {logging_mixin.py:109} INFO - [2021-11-18 19:08:50,959] {dag.py:2396} INFO - Sync 1 DAGs
[2021-11-18 19:08:50,965] {logging_mixin.py:109} INFO - [2021-11-18 19:08:50,965] {dag.py:2928} INFO - Setting next_dagrun for example_python_operator to None
[2021-11-18 19:08:50,970] {processor.py:171} INFO - Processing /Users/sravanisigadam/PycharmProjects/Airflow/venv/lib/python3.9/site-packages/airflow/example_dags/example_python_operator.py took 0.056 seconds
[2021-11-18 19:10:09,541] {processor.py:163} INFO - Started process (PID=56986) to work on /Users/sravanisigadam/PycharmProjects/Airflow/venv/lib/python3.9/site-packages/airflow/example_dags/example_python_operator.py
[2021-11-18 19:10:09,541] {processor.py:625} INFO - Processing file /Users/sravanisigadam/PycharmProjects/Airflow/venv/lib/python3.9/site-packages/airflow/example_dags/example_python_operator.py for tasks to queue
[2021-11-18 19:10:09,541] {logging_mixin.py:109} INFO - [2021-11-18 19:10:09,541] {dagbag.py:500} INFO - Filling up the DagBag from /Users/sravanisigadam/PycharmProjects/Airflow/venv/lib/python3.9/site-packages/airflow/example_dags/example_python_operator.py
[2021-11-18 19:10:09,574] {processor.py:637} INFO - DAG(s) dict_keys(['example_python_operator']) retrieved from /Users/sravanisigadam/PycharmProjects/Airflow/venv/lib/python3.9/site-packages/airflow/example_dags/example_python_operator.py
[2021-11-18 19:10:09,586] {logging_mixin.py:109} INFO - [2021-11-18 19:10:09,586] {dag.py:2396} INFO - Sync 1 DAGs
[2021-11-18 19:10:09,592] {logging_mixin.py:109} INFO - [2021-11-18 19:10:09,592] {dag.py:2928} INFO - Setting next_dagrun for example_python_operator to None
[2021-11-18 19:10:09,597] {processor.py:171} INFO - Processing /Users/sravanisigadam/PycharmProjects/Airflow/venv/lib/python3.9/site-packages/airflow/example_dags/example_python_operator.py took 0.057 seconds
[2021-11-18 19:11:29,807] {processor.py:163} INFO - Started process (PID=57033) to work on /Users/sravanisigadam/PycharmProjects/Airflow/venv/lib/python3.9/site-packages/airflow/example_dags/example_python_operator.py
[2021-11-18 19:11:29,808] {processor.py:625} INFO - Processing file /Users/sravanisigadam/PycharmProjects/Airflow/venv/lib/python3.9/site-packages/airflow/example_dags/example_python_operator.py for tasks to queue
[2021-11-18 19:11:29,808] {logging_mixin.py:109} INFO - [2021-11-18 19:11:29,808] {dagbag.py:500} INFO - Filling up the DagBag from /Users/sravanisigadam/PycharmProjects/Airflow/venv/lib/python3.9/site-packages/airflow/example_dags/example_python_operator.py
[2021-11-18 19:11:29,839] {processor.py:637} INFO - DAG(s) dict_keys(['example_python_operator']) retrieved from /Users/sravanisigadam/PycharmProjects/Airflow/venv/lib/python3.9/site-packages/airflow/example_dags/example_python_operator.py
[2021-11-18 19:11:29,850] {logging_mixin.py:109} INFO - [2021-11-18 19:11:29,849] {dag.py:2396} INFO - Sync 1 DAGs
[2021-11-18 19:11:29,855] {logging_mixin.py:109} INFO - [2021-11-18 19:11:29,855] {dag.py:2928} INFO - Setting next_dagrun for example_python_operator to None
[2021-11-18 19:11:29,860] {processor.py:171} INFO - Processing /Users/sravanisigadam/PycharmProjects/Airflow/venv/lib/python3.9/site-packages/airflow/example_dags/example_python_operator.py took 0.054 seconds
[2021-11-18 19:12:51,127] {processor.py:163} INFO - Started process (PID=57076) to work on /Users/sravanisigadam/PycharmProjects/Airflow/venv/lib/python3.9/site-packages/airflow/example_dags/example_python_operator.py
[2021-11-18 19:12:51,128] {processor.py:625} INFO - Processing file /Users/sravanisigadam/PycharmProjects/Airflow/venv/lib/python3.9/site-packages/airflow/example_dags/example_python_operator.py for tasks to queue
[2021-11-18 19:12:51,128] {logging_mixin.py:109} INFO - [2021-11-18 19:12:51,128] {dagbag.py:500} INFO - Filling up the DagBag from /Users/sravanisigadam/PycharmProjects/Airflow/venv/lib/python3.9/site-packages/airflow/example_dags/example_python_operator.py
[2021-11-18 19:12:51,163] {processor.py:637} INFO - DAG(s) dict_keys(['example_python_operator']) retrieved from /Users/sravanisigadam/PycharmProjects/Airflow/venv/lib/python3.9/site-packages/airflow/example_dags/example_python_operator.py
[2021-11-18 19:12:51,174] {logging_mixin.py:109} INFO - [2021-11-18 19:12:51,174] {dag.py:2396} INFO - Sync 1 DAGs
[2021-11-18 19:12:51,179] {logging_mixin.py:109} INFO - [2021-11-18 19:12:51,179] {dag.py:2928} INFO - Setting next_dagrun for example_python_operator to None
[2021-11-18 19:12:51,184] {processor.py:171} INFO - Processing /Users/sravanisigadam/PycharmProjects/Airflow/venv/lib/python3.9/site-packages/airflow/example_dags/example_python_operator.py took 0.058 seconds
[2021-11-18 19:14:14,681] {processor.py:163} INFO - Started process (PID=57154) to work on /Users/sravanisigadam/PycharmProjects/Airflow/venv/lib/python3.9/site-packages/airflow/example_dags/example_python_operator.py
[2021-11-18 19:14:14,681] {processor.py:625} INFO - Processing file /Users/sravanisigadam/PycharmProjects/Airflow/venv/lib/python3.9/site-packages/airflow/example_dags/example_python_operator.py for tasks to queue
[2021-11-18 19:14:14,682] {logging_mixin.py:109} INFO - [2021-11-18 19:14:14,682] {dagbag.py:500} INFO - Filling up the DagBag from /Users/sravanisigadam/PycharmProjects/Airflow/venv/lib/python3.9/site-packages/airflow/example_dags/example_python_operator.py
[2021-11-18 19:14:14,715] {processor.py:637} INFO - DAG(s) dict_keys(['example_python_operator']) retrieved from /Users/sravanisigadam/PycharmProjects/Airflow/venv/lib/python3.9/site-packages/airflow/example_dags/example_python_operator.py
[2021-11-18 19:14:14,726] {logging_mixin.py:109} INFO - [2021-11-18 19:14:14,725] {dag.py:2396} INFO - Sync 1 DAGs
[2021-11-18 19:14:14,731] {logging_mixin.py:109} INFO - [2021-11-18 19:14:14,731] {dag.py:2928} INFO - Setting next_dagrun for example_python_operator to None
[2021-11-18 19:14:14,736] {processor.py:171} INFO - Processing /Users/sravanisigadam/PycharmProjects/Airflow/venv/lib/python3.9/site-packages/airflow/example_dags/example_python_operator.py took 0.055 seconds
[2021-11-18 19:15:33,129] {processor.py:163} INFO - Started process (PID=57211) to work on /Users/sravanisigadam/PycharmProjects/Airflow/venv/lib/python3.9/site-packages/airflow/example_dags/example_python_operator.py
[2021-11-18 19:15:33,129] {processor.py:625} INFO - Processing file /Users/sravanisigadam/PycharmProjects/Airflow/venv/lib/python3.9/site-packages/airflow/example_dags/example_python_operator.py for tasks to queue
[2021-11-18 19:15:33,130] {logging_mixin.py:109} INFO - [2021-11-18 19:15:33,129] {dagbag.py:500} INFO - Filling up the DagBag from /Users/sravanisigadam/PycharmProjects/Airflow/venv/lib/python3.9/site-packages/airflow/example_dags/example_python_operator.py
[2021-11-18 19:15:33,165] {processor.py:637} INFO - DAG(s) dict_keys(['example_python_operator']) retrieved from /Users/sravanisigadam/PycharmProjects/Airflow/venv/lib/python3.9/site-packages/airflow/example_dags/example_python_operator.py
[2021-11-18 19:15:33,178] {logging_mixin.py:109} INFO - [2021-11-18 19:15:33,178] {dag.py:2396} INFO - Sync 1 DAGs
[2021-11-18 19:15:33,187] {logging_mixin.py:109} INFO - [2021-11-18 19:15:33,187] {dag.py:2928} INFO - Setting next_dagrun for example_python_operator to None
[2021-11-18 19:15:33,193] {processor.py:171} INFO - Processing /Users/sravanisigadam/PycharmProjects/Airflow/venv/lib/python3.9/site-packages/airflow/example_dags/example_python_operator.py took 0.065 seconds
