[2021-11-18 18:24:28,690] {processor.py:163} INFO - Started process (PID=55603) to work on /Users/sravanisigadam/PycharmProjects/Airflow/venv/lib/python3.9/site-packages/airflow/example_dags/example_latest_only.py
[2021-11-18 18:24:28,690] {processor.py:625} INFO - Processing file /Users/sravanisigadam/PycharmProjects/Airflow/venv/lib/python3.9/site-packages/airflow/example_dags/example_latest_only.py for tasks to queue
[2021-11-18 18:24:28,690] {logging_mixin.py:109} INFO - [2021-11-18 18:24:28,690] {dagbag.py:500} INFO - Filling up the DagBag from /Users/sravanisigadam/PycharmProjects/Airflow/venv/lib/python3.9/site-packages/airflow/example_dags/example_latest_only.py
[2021-11-18 18:24:28,713] {processor.py:637} INFO - DAG(s) dict_keys(['latest_only']) retrieved from /Users/sravanisigadam/PycharmProjects/Airflow/venv/lib/python3.9/site-packages/airflow/example_dags/example_latest_only.py
[2021-11-18 18:24:28,723] {logging_mixin.py:109} INFO - [2021-11-18 18:24:28,723] {dag.py:2396} INFO - Sync 1 DAGs
[2021-11-18 18:24:28,729] {logging_mixin.py:109} INFO - [2021-11-18 18:24:28,728] {dag.py:2928} INFO - Setting next_dagrun for latest_only to 2021-11-18T22:24:28.728828+00:00
[2021-11-18 18:24:28,733] {processor.py:171} INFO - Processing /Users/sravanisigadam/PycharmProjects/Airflow/venv/lib/python3.9/site-packages/airflow/example_dags/example_latest_only.py took 0.044 seconds
[2021-11-18 18:25:47,727] {processor.py:163} INFO - Started process (PID=55683) to work on /Users/sravanisigadam/PycharmProjects/Airflow/venv/lib/python3.9/site-packages/airflow/example_dags/example_latest_only.py
[2021-11-18 18:25:47,727] {processor.py:625} INFO - Processing file /Users/sravanisigadam/PycharmProjects/Airflow/venv/lib/python3.9/site-packages/airflow/example_dags/example_latest_only.py for tasks to queue
[2021-11-18 18:25:47,727] {logging_mixin.py:109} INFO - [2021-11-18 18:25:47,727] {dagbag.py:500} INFO - Filling up the DagBag from /Users/sravanisigadam/PycharmProjects/Airflow/venv/lib/python3.9/site-packages/airflow/example_dags/example_latest_only.py
[2021-11-18 18:25:47,753] {processor.py:637} INFO - DAG(s) dict_keys(['latest_only']) retrieved from /Users/sravanisigadam/PycharmProjects/Airflow/venv/lib/python3.9/site-packages/airflow/example_dags/example_latest_only.py
[2021-11-18 18:25:47,764] {logging_mixin.py:109} INFO - [2021-11-18 18:25:47,764] {dag.py:2396} INFO - Sync 1 DAGs
[2021-11-18 18:25:47,770] {logging_mixin.py:109} INFO - [2021-11-18 18:25:47,770] {dag.py:2928} INFO - Setting next_dagrun for latest_only to 2021-11-18T22:25:47.770338+00:00
[2021-11-18 18:25:47,775] {processor.py:171} INFO - Processing /Users/sravanisigadam/PycharmProjects/Airflow/venv/lib/python3.9/site-packages/airflow/example_dags/example_latest_only.py took 0.049 seconds
[2021-11-18 18:27:08,183] {processor.py:163} INFO - Started process (PID=55818) to work on /Users/sravanisigadam/PycharmProjects/Airflow/venv/lib/python3.9/site-packages/airflow/example_dags/example_latest_only.py
[2021-11-18 18:27:08,183] {processor.py:625} INFO - Processing file /Users/sravanisigadam/PycharmProjects/Airflow/venv/lib/python3.9/site-packages/airflow/example_dags/example_latest_only.py for tasks to queue
[2021-11-18 18:27:08,183] {logging_mixin.py:109} INFO - [2021-11-18 18:27:08,183] {dagbag.py:500} INFO - Filling up the DagBag from /Users/sravanisigadam/PycharmProjects/Airflow/venv/lib/python3.9/site-packages/airflow/example_dags/example_latest_only.py
[2021-11-18 18:27:08,207] {processor.py:637} INFO - DAG(s) dict_keys(['latest_only']) retrieved from /Users/sravanisigadam/PycharmProjects/Airflow/venv/lib/python3.9/site-packages/airflow/example_dags/example_latest_only.py
[2021-11-18 18:27:08,219] {logging_mixin.py:109} INFO - [2021-11-18 18:27:08,219] {dag.py:2396} INFO - Sync 1 DAGs
[2021-11-18 18:27:08,224] {logging_mixin.py:109} INFO - [2021-11-18 18:27:08,224] {dag.py:2928} INFO - Setting next_dagrun for latest_only to 2021-11-18T22:27:08.224445+00:00
[2021-11-18 18:27:08,229] {processor.py:171} INFO - Processing /Users/sravanisigadam/PycharmProjects/Airflow/venv/lib/python3.9/site-packages/airflow/example_dags/example_latest_only.py took 0.047 seconds
[2021-11-18 18:28:28,396] {processor.py:163} INFO - Started process (PID=55890) to work on /Users/sravanisigadam/PycharmProjects/Airflow/venv/lib/python3.9/site-packages/airflow/example_dags/example_latest_only.py
[2021-11-18 18:28:28,397] {processor.py:625} INFO - Processing file /Users/sravanisigadam/PycharmProjects/Airflow/venv/lib/python3.9/site-packages/airflow/example_dags/example_latest_only.py for tasks to queue
[2021-11-18 18:28:28,398] {logging_mixin.py:109} INFO - [2021-11-18 18:28:28,398] {dagbag.py:500} INFO - Filling up the DagBag from /Users/sravanisigadam/PycharmProjects/Airflow/venv/lib/python3.9/site-packages/airflow/example_dags/example_latest_only.py
[2021-11-18 18:28:28,422] {processor.py:637} INFO - DAG(s) dict_keys(['latest_only']) retrieved from /Users/sravanisigadam/PycharmProjects/Airflow/venv/lib/python3.9/site-packages/airflow/example_dags/example_latest_only.py
[2021-11-18 18:28:28,433] {logging_mixin.py:109} INFO - [2021-11-18 18:28:28,433] {dag.py:2396} INFO - Sync 1 DAGs
[2021-11-18 18:28:28,439] {logging_mixin.py:109} INFO - [2021-11-18 18:28:28,439] {dag.py:2928} INFO - Setting next_dagrun for latest_only to 2021-11-18T22:28:28.438881+00:00
[2021-11-18 18:28:28,444] {processor.py:171} INFO - Processing /Users/sravanisigadam/PycharmProjects/Airflow/venv/lib/python3.9/site-packages/airflow/example_dags/example_latest_only.py took 0.048 seconds
[2021-11-18 18:29:48,436] {processor.py:163} INFO - Started process (PID=55929) to work on /Users/sravanisigadam/PycharmProjects/Airflow/venv/lib/python3.9/site-packages/airflow/example_dags/example_latest_only.py
[2021-11-18 18:29:48,436] {processor.py:625} INFO - Processing file /Users/sravanisigadam/PycharmProjects/Airflow/venv/lib/python3.9/site-packages/airflow/example_dags/example_latest_only.py for tasks to queue
[2021-11-18 18:29:48,436] {logging_mixin.py:109} INFO - [2021-11-18 18:29:48,436] {dagbag.py:500} INFO - Filling up the DagBag from /Users/sravanisigadam/PycharmProjects/Airflow/venv/lib/python3.9/site-packages/airflow/example_dags/example_latest_only.py
[2021-11-18 18:29:48,459] {processor.py:637} INFO - DAG(s) dict_keys(['latest_only']) retrieved from /Users/sravanisigadam/PycharmProjects/Airflow/venv/lib/python3.9/site-packages/airflow/example_dags/example_latest_only.py
[2021-11-18 18:29:48,469] {logging_mixin.py:109} INFO - [2021-11-18 18:29:48,469] {dag.py:2396} INFO - Sync 1 DAGs
[2021-11-18 18:29:48,474] {logging_mixin.py:109} INFO - [2021-11-18 18:29:48,474] {dag.py:2928} INFO - Setting next_dagrun for latest_only to 2021-11-18T22:29:48.474475+00:00
[2021-11-18 18:29:48,479] {processor.py:171} INFO - Processing /Users/sravanisigadam/PycharmProjects/Airflow/venv/lib/python3.9/site-packages/airflow/example_dags/example_latest_only.py took 0.044 seconds
[2021-11-18 18:31:08,519] {processor.py:163} INFO - Started process (PID=55970) to work on /Users/sravanisigadam/PycharmProjects/Airflow/venv/lib/python3.9/site-packages/airflow/example_dags/example_latest_only.py
[2021-11-18 18:31:08,520] {processor.py:625} INFO - Processing file /Users/sravanisigadam/PycharmProjects/Airflow/venv/lib/python3.9/site-packages/airflow/example_dags/example_latest_only.py for tasks to queue
[2021-11-18 18:31:08,520] {logging_mixin.py:109} INFO - [2021-11-18 18:31:08,520] {dagbag.py:500} INFO - Filling up the DagBag from /Users/sravanisigadam/PycharmProjects/Airflow/venv/lib/python3.9/site-packages/airflow/example_dags/example_latest_only.py
[2021-11-18 18:31:08,543] {processor.py:637} INFO - DAG(s) dict_keys(['latest_only']) retrieved from /Users/sravanisigadam/PycharmProjects/Airflow/venv/lib/python3.9/site-packages/airflow/example_dags/example_latest_only.py
[2021-11-18 18:31:08,553] {logging_mixin.py:109} INFO - [2021-11-18 18:31:08,553] {dag.py:2396} INFO - Sync 1 DAGs
[2021-11-18 18:31:08,558] {logging_mixin.py:109} INFO - [2021-11-18 18:31:08,558] {dag.py:2928} INFO - Setting next_dagrun for latest_only to 2021-11-18T22:31:08.558372+00:00
[2021-11-18 18:31:08,563] {processor.py:171} INFO - Processing /Users/sravanisigadam/PycharmProjects/Airflow/venv/lib/python3.9/site-packages/airflow/example_dags/example_latest_only.py took 0.044 seconds
[2021-11-18 18:32:28,699] {processor.py:163} INFO - Started process (PID=56017) to work on /Users/sravanisigadam/PycharmProjects/Airflow/venv/lib/python3.9/site-packages/airflow/example_dags/example_latest_only.py
[2021-11-18 18:32:28,700] {processor.py:625} INFO - Processing file /Users/sravanisigadam/PycharmProjects/Airflow/venv/lib/python3.9/site-packages/airflow/example_dags/example_latest_only.py for tasks to queue
[2021-11-18 18:32:28,700] {logging_mixin.py:109} INFO - [2021-11-18 18:32:28,700] {dagbag.py:500} INFO - Filling up the DagBag from /Users/sravanisigadam/PycharmProjects/Airflow/venv/lib/python3.9/site-packages/airflow/example_dags/example_latest_only.py
[2021-11-18 18:32:28,723] {processor.py:637} INFO - DAG(s) dict_keys(['latest_only']) retrieved from /Users/sravanisigadam/PycharmProjects/Airflow/venv/lib/python3.9/site-packages/airflow/example_dags/example_latest_only.py
[2021-11-18 18:32:28,734] {logging_mixin.py:109} INFO - [2021-11-18 18:32:28,734] {dag.py:2396} INFO - Sync 1 DAGs
[2021-11-18 18:32:28,739] {logging_mixin.py:109} INFO - [2021-11-18 18:32:28,739] {dag.py:2928} INFO - Setting next_dagrun for latest_only to 2021-11-18T22:32:28.739562+00:00
[2021-11-18 18:32:28,744] {processor.py:171} INFO - Processing /Users/sravanisigadam/PycharmProjects/Airflow/venv/lib/python3.9/site-packages/airflow/example_dags/example_latest_only.py took 0.045 seconds
[2021-11-18 18:33:46,579] {processor.py:163} INFO - Started process (PID=56073) to work on /Users/sravanisigadam/PycharmProjects/Airflow/venv/lib/python3.9/site-packages/airflow/example_dags/example_latest_only.py
[2021-11-18 18:33:46,580] {processor.py:625} INFO - Processing file /Users/sravanisigadam/PycharmProjects/Airflow/venv/lib/python3.9/site-packages/airflow/example_dags/example_latest_only.py for tasks to queue
[2021-11-18 18:33:46,580] {logging_mixin.py:109} INFO - [2021-11-18 18:33:46,580] {dagbag.py:500} INFO - Filling up the DagBag from /Users/sravanisigadam/PycharmProjects/Airflow/venv/lib/python3.9/site-packages/airflow/example_dags/example_latest_only.py
[2021-11-18 18:33:46,605] {processor.py:637} INFO - DAG(s) dict_keys(['latest_only']) retrieved from /Users/sravanisigadam/PycharmProjects/Airflow/venv/lib/python3.9/site-packages/airflow/example_dags/example_latest_only.py
[2021-11-18 18:33:46,617] {logging_mixin.py:109} INFO - [2021-11-18 18:33:46,617] {dag.py:2396} INFO - Sync 1 DAGs
[2021-11-18 18:33:46,622] {logging_mixin.py:109} INFO - [2021-11-18 18:33:46,622] {dag.py:2928} INFO - Setting next_dagrun for latest_only to 2021-11-18T22:33:46.622279+00:00
[2021-11-18 18:33:46,627] {processor.py:171} INFO - Processing /Users/sravanisigadam/PycharmProjects/Airflow/venv/lib/python3.9/site-packages/airflow/example_dags/example_latest_only.py took 0.049 seconds
[2021-11-18 18:46:44,172] {processor.py:163} INFO - Started process (PID=56115) to work on /Users/sravanisigadam/PycharmProjects/Airflow/venv/lib/python3.9/site-packages/airflow/example_dags/example_latest_only.py
[2021-11-18 18:46:44,173] {processor.py:625} INFO - Processing file /Users/sravanisigadam/PycharmProjects/Airflow/venv/lib/python3.9/site-packages/airflow/example_dags/example_latest_only.py for tasks to queue
[2021-11-18 18:46:44,174] {logging_mixin.py:109} INFO - [2021-11-18 18:46:44,174] {dagbag.py:500} INFO - Filling up the DagBag from /Users/sravanisigadam/PycharmProjects/Airflow/venv/lib/python3.9/site-packages/airflow/example_dags/example_latest_only.py
[2021-11-18 18:46:44,195] {processor.py:637} INFO - DAG(s) dict_keys(['latest_only']) retrieved from /Users/sravanisigadam/PycharmProjects/Airflow/venv/lib/python3.9/site-packages/airflow/example_dags/example_latest_only.py
[2021-11-18 18:46:44,206] {logging_mixin.py:109} INFO - [2021-11-18 18:46:44,206] {dag.py:2396} INFO - Sync 1 DAGs
[2021-11-18 18:46:44,211] {logging_mixin.py:109} INFO - [2021-11-18 18:46:44,211] {dag.py:2928} INFO - Setting next_dagrun for latest_only to 2021-11-18T22:46:44.211354+00:00
[2021-11-18 18:46:44,216] {processor.py:171} INFO - Processing /Users/sravanisigadam/PycharmProjects/Airflow/venv/lib/python3.9/site-packages/airflow/example_dags/example_latest_only.py took 0.044 seconds
[2021-11-18 18:48:02,107] {processor.py:163} INFO - Started process (PID=56171) to work on /Users/sravanisigadam/PycharmProjects/Airflow/venv/lib/python3.9/site-packages/airflow/example_dags/example_latest_only.py
[2021-11-18 18:48:02,107] {processor.py:625} INFO - Processing file /Users/sravanisigadam/PycharmProjects/Airflow/venv/lib/python3.9/site-packages/airflow/example_dags/example_latest_only.py for tasks to queue
[2021-11-18 18:48:02,108] {logging_mixin.py:109} INFO - [2021-11-18 18:48:02,108] {dagbag.py:500} INFO - Filling up the DagBag from /Users/sravanisigadam/PycharmProjects/Airflow/venv/lib/python3.9/site-packages/airflow/example_dags/example_latest_only.py
[2021-11-18 18:48:02,132] {processor.py:637} INFO - DAG(s) dict_keys(['latest_only']) retrieved from /Users/sravanisigadam/PycharmProjects/Airflow/venv/lib/python3.9/site-packages/airflow/example_dags/example_latest_only.py
[2021-11-18 18:48:02,143] {logging_mixin.py:109} INFO - [2021-11-18 18:48:02,143] {dag.py:2396} INFO - Sync 1 DAGs
[2021-11-18 18:48:02,148] {logging_mixin.py:109} INFO - [2021-11-18 18:48:02,148] {dag.py:2928} INFO - Setting next_dagrun for latest_only to 2021-11-18T22:48:02.148327+00:00
[2021-11-18 18:48:02,153] {processor.py:171} INFO - Processing /Users/sravanisigadam/PycharmProjects/Airflow/venv/lib/python3.9/site-packages/airflow/example_dags/example_latest_only.py took 0.047 seconds
[2021-11-18 18:49:23,838] {processor.py:163} INFO - Started process (PID=56229) to work on /Users/sravanisigadam/PycharmProjects/Airflow/venv/lib/python3.9/site-packages/airflow/example_dags/example_latest_only.py
[2021-11-18 18:49:23,839] {processor.py:625} INFO - Processing file /Users/sravanisigadam/PycharmProjects/Airflow/venv/lib/python3.9/site-packages/airflow/example_dags/example_latest_only.py for tasks to queue
[2021-11-18 18:49:23,839] {logging_mixin.py:109} INFO - [2021-11-18 18:49:23,839] {dagbag.py:500} INFO - Filling up the DagBag from /Users/sravanisigadam/PycharmProjects/Airflow/venv/lib/python3.9/site-packages/airflow/example_dags/example_latest_only.py
[2021-11-18 18:49:23,862] {processor.py:637} INFO - DAG(s) dict_keys(['latest_only']) retrieved from /Users/sravanisigadam/PycharmProjects/Airflow/venv/lib/python3.9/site-packages/airflow/example_dags/example_latest_only.py
[2021-11-18 18:49:23,872] {logging_mixin.py:109} INFO - [2021-11-18 18:49:23,872] {dag.py:2396} INFO - Sync 1 DAGs
[2021-11-18 18:49:23,877] {logging_mixin.py:109} INFO - [2021-11-18 18:49:23,877] {dag.py:2928} INFO - Setting next_dagrun for latest_only to 2021-11-18T22:49:23.877362+00:00
[2021-11-18 18:49:23,881] {processor.py:171} INFO - Processing /Users/sravanisigadam/PycharmProjects/Airflow/venv/lib/python3.9/site-packages/airflow/example_dags/example_latest_only.py took 0.043 seconds
[2021-11-18 18:50:43,786] {processor.py:163} INFO - Started process (PID=56271) to work on /Users/sravanisigadam/PycharmProjects/Airflow/venv/lib/python3.9/site-packages/airflow/example_dags/example_latest_only.py
[2021-11-18 18:50:43,787] {processor.py:625} INFO - Processing file /Users/sravanisigadam/PycharmProjects/Airflow/venv/lib/python3.9/site-packages/airflow/example_dags/example_latest_only.py for tasks to queue
[2021-11-18 18:50:43,787] {logging_mixin.py:109} INFO - [2021-11-18 18:50:43,787] {dagbag.py:500} INFO - Filling up the DagBag from /Users/sravanisigadam/PycharmProjects/Airflow/venv/lib/python3.9/site-packages/airflow/example_dags/example_latest_only.py
[2021-11-18 18:50:43,809] {processor.py:637} INFO - DAG(s) dict_keys(['latest_only']) retrieved from /Users/sravanisigadam/PycharmProjects/Airflow/venv/lib/python3.9/site-packages/airflow/example_dags/example_latest_only.py
[2021-11-18 18:50:43,819] {logging_mixin.py:109} INFO - [2021-11-18 18:50:43,819] {dag.py:2396} INFO - Sync 1 DAGs
[2021-11-18 18:50:43,824] {logging_mixin.py:109} INFO - [2021-11-18 18:50:43,824] {dag.py:2928} INFO - Setting next_dagrun for latest_only to 2021-11-18T22:50:43.824269+00:00
[2021-11-18 18:50:43,829] {processor.py:171} INFO - Processing /Users/sravanisigadam/PycharmProjects/Airflow/venv/lib/python3.9/site-packages/airflow/example_dags/example_latest_only.py took 0.043 seconds
[2021-11-18 18:52:00,416] {processor.py:163} INFO - Started process (PID=56311) to work on /Users/sravanisigadam/PycharmProjects/Airflow/venv/lib/python3.9/site-packages/airflow/example_dags/example_latest_only.py
[2021-11-18 18:52:00,417] {processor.py:625} INFO - Processing file /Users/sravanisigadam/PycharmProjects/Airflow/venv/lib/python3.9/site-packages/airflow/example_dags/example_latest_only.py for tasks to queue
[2021-11-18 18:52:00,417] {logging_mixin.py:109} INFO - [2021-11-18 18:52:00,417] {dagbag.py:500} INFO - Filling up the DagBag from /Users/sravanisigadam/PycharmProjects/Airflow/venv/lib/python3.9/site-packages/airflow/example_dags/example_latest_only.py
[2021-11-18 18:52:00,440] {processor.py:637} INFO - DAG(s) dict_keys(['latest_only']) retrieved from /Users/sravanisigadam/PycharmProjects/Airflow/venv/lib/python3.9/site-packages/airflow/example_dags/example_latest_only.py
[2021-11-18 18:52:00,450] {logging_mixin.py:109} INFO - [2021-11-18 18:52:00,450] {dag.py:2396} INFO - Sync 1 DAGs
[2021-11-18 18:52:00,456] {logging_mixin.py:109} INFO - [2021-11-18 18:52:00,455] {dag.py:2928} INFO - Setting next_dagrun for latest_only to 2021-11-18T22:52:00.455764+00:00
[2021-11-18 18:52:00,461] {processor.py:171} INFO - Processing /Users/sravanisigadam/PycharmProjects/Airflow/venv/lib/python3.9/site-packages/airflow/example_dags/example_latest_only.py took 0.045 seconds
[2021-11-18 18:53:18,241] {processor.py:163} INFO - Started process (PID=56353) to work on /Users/sravanisigadam/PycharmProjects/Airflow/venv/lib/python3.9/site-packages/airflow/example_dags/example_latest_only.py
[2021-11-18 18:53:18,242] {processor.py:625} INFO - Processing file /Users/sravanisigadam/PycharmProjects/Airflow/venv/lib/python3.9/site-packages/airflow/example_dags/example_latest_only.py for tasks to queue
[2021-11-18 18:53:18,242] {logging_mixin.py:109} INFO - [2021-11-18 18:53:18,242] {dagbag.py:500} INFO - Filling up the DagBag from /Users/sravanisigadam/PycharmProjects/Airflow/venv/lib/python3.9/site-packages/airflow/example_dags/example_latest_only.py
[2021-11-18 18:53:18,266] {processor.py:637} INFO - DAG(s) dict_keys(['latest_only']) retrieved from /Users/sravanisigadam/PycharmProjects/Airflow/venv/lib/python3.9/site-packages/airflow/example_dags/example_latest_only.py
[2021-11-18 18:53:18,276] {logging_mixin.py:109} INFO - [2021-11-18 18:53:18,275] {dag.py:2396} INFO - Sync 1 DAGs
[2021-11-18 18:53:18,281] {logging_mixin.py:109} INFO - [2021-11-18 18:53:18,281] {dag.py:2928} INFO - Setting next_dagrun for latest_only to 2021-11-18T22:53:18.280971+00:00
[2021-11-18 18:53:18,285] {processor.py:171} INFO - Processing /Users/sravanisigadam/PycharmProjects/Airflow/venv/lib/python3.9/site-packages/airflow/example_dags/example_latest_only.py took 0.045 seconds
[2021-11-18 18:54:36,028] {processor.py:163} INFO - Started process (PID=56394) to work on /Users/sravanisigadam/PycharmProjects/Airflow/venv/lib/python3.9/site-packages/airflow/example_dags/example_latest_only.py
[2021-11-18 18:54:36,029] {processor.py:625} INFO - Processing file /Users/sravanisigadam/PycharmProjects/Airflow/venv/lib/python3.9/site-packages/airflow/example_dags/example_latest_only.py for tasks to queue
[2021-11-18 18:54:36,029] {logging_mixin.py:109} INFO - [2021-11-18 18:54:36,029] {dagbag.py:500} INFO - Filling up the DagBag from /Users/sravanisigadam/PycharmProjects/Airflow/venv/lib/python3.9/site-packages/airflow/example_dags/example_latest_only.py
[2021-11-18 18:54:36,052] {processor.py:637} INFO - DAG(s) dict_keys(['latest_only']) retrieved from /Users/sravanisigadam/PycharmProjects/Airflow/venv/lib/python3.9/site-packages/airflow/example_dags/example_latest_only.py
[2021-11-18 18:54:36,063] {logging_mixin.py:109} INFO - [2021-11-18 18:54:36,062] {dag.py:2396} INFO - Sync 1 DAGs
[2021-11-18 18:54:36,068] {logging_mixin.py:109} INFO - [2021-11-18 18:54:36,068] {dag.py:2928} INFO - Setting next_dagrun for latest_only to 2021-11-18T22:54:36.067965+00:00
[2021-11-18 18:54:36,072] {processor.py:171} INFO - Processing /Users/sravanisigadam/PycharmProjects/Airflow/venv/lib/python3.9/site-packages/airflow/example_dags/example_latest_only.py took 0.045 seconds
[2021-11-18 18:55:53,888] {processor.py:163} INFO - Started process (PID=56436) to work on /Users/sravanisigadam/PycharmProjects/Airflow/venv/lib/python3.9/site-packages/airflow/example_dags/example_latest_only.py
[2021-11-18 18:55:53,889] {processor.py:625} INFO - Processing file /Users/sravanisigadam/PycharmProjects/Airflow/venv/lib/python3.9/site-packages/airflow/example_dags/example_latest_only.py for tasks to queue
[2021-11-18 18:55:53,890] {logging_mixin.py:109} INFO - [2021-11-18 18:55:53,890] {dagbag.py:500} INFO - Filling up the DagBag from /Users/sravanisigadam/PycharmProjects/Airflow/venv/lib/python3.9/site-packages/airflow/example_dags/example_latest_only.py
[2021-11-18 18:55:53,914] {processor.py:637} INFO - DAG(s) dict_keys(['latest_only']) retrieved from /Users/sravanisigadam/PycharmProjects/Airflow/venv/lib/python3.9/site-packages/airflow/example_dags/example_latest_only.py
[2021-11-18 18:55:53,933] {logging_mixin.py:109} INFO - [2021-11-18 18:55:53,933] {dag.py:2396} INFO - Sync 1 DAGs
[2021-11-18 18:55:53,939] {logging_mixin.py:109} INFO - [2021-11-18 18:55:53,939] {dag.py:2928} INFO - Setting next_dagrun for latest_only to 2021-11-18T22:55:53.939130+00:00
[2021-11-18 18:55:53,944] {processor.py:171} INFO - Processing /Users/sravanisigadam/PycharmProjects/Airflow/venv/lib/python3.9/site-packages/airflow/example_dags/example_latest_only.py took 0.056 seconds
[2021-11-18 18:57:12,233] {processor.py:163} INFO - Started process (PID=56478) to work on /Users/sravanisigadam/PycharmProjects/Airflow/venv/lib/python3.9/site-packages/airflow/example_dags/example_latest_only.py
[2021-11-18 18:57:12,235] {processor.py:625} INFO - Processing file /Users/sravanisigadam/PycharmProjects/Airflow/venv/lib/python3.9/site-packages/airflow/example_dags/example_latest_only.py for tasks to queue
[2021-11-18 18:57:12,235] {logging_mixin.py:109} INFO - [2021-11-18 18:57:12,235] {dagbag.py:500} INFO - Filling up the DagBag from /Users/sravanisigadam/PycharmProjects/Airflow/venv/lib/python3.9/site-packages/airflow/example_dags/example_latest_only.py
[2021-11-18 18:57:12,258] {processor.py:637} INFO - DAG(s) dict_keys(['latest_only']) retrieved from /Users/sravanisigadam/PycharmProjects/Airflow/venv/lib/python3.9/site-packages/airflow/example_dags/example_latest_only.py
[2021-11-18 18:57:12,268] {logging_mixin.py:109} INFO - [2021-11-18 18:57:12,268] {dag.py:2396} INFO - Sync 1 DAGs
[2021-11-18 18:57:12,273] {logging_mixin.py:109} INFO - [2021-11-18 18:57:12,273] {dag.py:2928} INFO - Setting next_dagrun for latest_only to 2021-11-18T22:57:12.273421+00:00
[2021-11-18 18:57:12,278] {processor.py:171} INFO - Processing /Users/sravanisigadam/PycharmProjects/Airflow/venv/lib/python3.9/site-packages/airflow/example_dags/example_latest_only.py took 0.045 seconds
[2021-11-18 18:58:30,074] {processor.py:163} INFO - Started process (PID=56527) to work on /Users/sravanisigadam/PycharmProjects/Airflow/venv/lib/python3.9/site-packages/airflow/example_dags/example_latest_only.py
[2021-11-18 18:58:30,075] {processor.py:625} INFO - Processing file /Users/sravanisigadam/PycharmProjects/Airflow/venv/lib/python3.9/site-packages/airflow/example_dags/example_latest_only.py for tasks to queue
[2021-11-18 18:58:30,075] {logging_mixin.py:109} INFO - [2021-11-18 18:58:30,075] {dagbag.py:500} INFO - Filling up the DagBag from /Users/sravanisigadam/PycharmProjects/Airflow/venv/lib/python3.9/site-packages/airflow/example_dags/example_latest_only.py
[2021-11-18 18:58:30,100] {processor.py:637} INFO - DAG(s) dict_keys(['latest_only']) retrieved from /Users/sravanisigadam/PycharmProjects/Airflow/venv/lib/python3.9/site-packages/airflow/example_dags/example_latest_only.py
[2021-11-18 18:58:30,110] {logging_mixin.py:109} INFO - [2021-11-18 18:58:30,110] {dag.py:2396} INFO - Sync 1 DAGs
[2021-11-18 18:58:30,115] {logging_mixin.py:109} INFO - [2021-11-18 18:58:30,115] {dag.py:2928} INFO - Setting next_dagrun for latest_only to 2021-11-18T22:58:30.115750+00:00
[2021-11-18 18:58:30,120] {processor.py:171} INFO - Processing /Users/sravanisigadam/PycharmProjects/Airflow/venv/lib/python3.9/site-packages/airflow/example_dags/example_latest_only.py took 0.046 seconds
[2021-11-18 18:59:48,375] {processor.py:163} INFO - Started process (PID=56565) to work on /Users/sravanisigadam/PycharmProjects/Airflow/venv/lib/python3.9/site-packages/airflow/example_dags/example_latest_only.py
[2021-11-18 18:59:48,376] {processor.py:625} INFO - Processing file /Users/sravanisigadam/PycharmProjects/Airflow/venv/lib/python3.9/site-packages/airflow/example_dags/example_latest_only.py for tasks to queue
[2021-11-18 18:59:48,376] {logging_mixin.py:109} INFO - [2021-11-18 18:59:48,376] {dagbag.py:500} INFO - Filling up the DagBag from /Users/sravanisigadam/PycharmProjects/Airflow/venv/lib/python3.9/site-packages/airflow/example_dags/example_latest_only.py
[2021-11-18 18:59:48,401] {processor.py:637} INFO - DAG(s) dict_keys(['latest_only']) retrieved from /Users/sravanisigadam/PycharmProjects/Airflow/venv/lib/python3.9/site-packages/airflow/example_dags/example_latest_only.py
[2021-11-18 18:59:48,411] {logging_mixin.py:109} INFO - [2021-11-18 18:59:48,411] {dag.py:2396} INFO - Sync 1 DAGs
[2021-11-18 18:59:48,416] {logging_mixin.py:109} INFO - [2021-11-18 18:59:48,416] {dag.py:2928} INFO - Setting next_dagrun for latest_only to 2021-11-18T22:59:48.416649+00:00
[2021-11-18 18:59:48,421] {processor.py:171} INFO - Processing /Users/sravanisigadam/PycharmProjects/Airflow/venv/lib/python3.9/site-packages/airflow/example_dags/example_latest_only.py took 0.047 seconds
[2021-11-18 19:01:09,002] {processor.py:163} INFO - Started process (PID=56617) to work on /Users/sravanisigadam/PycharmProjects/Airflow/venv/lib/python3.9/site-packages/airflow/example_dags/example_latest_only.py
[2021-11-18 19:01:09,003] {processor.py:625} INFO - Processing file /Users/sravanisigadam/PycharmProjects/Airflow/venv/lib/python3.9/site-packages/airflow/example_dags/example_latest_only.py for tasks to queue
[2021-11-18 19:01:09,003] {logging_mixin.py:109} INFO - [2021-11-18 19:01:09,003] {dagbag.py:500} INFO - Filling up the DagBag from /Users/sravanisigadam/PycharmProjects/Airflow/venv/lib/python3.9/site-packages/airflow/example_dags/example_latest_only.py
[2021-11-18 19:01:09,026] {processor.py:637} INFO - DAG(s) dict_keys(['latest_only']) retrieved from /Users/sravanisigadam/PycharmProjects/Airflow/venv/lib/python3.9/site-packages/airflow/example_dags/example_latest_only.py
[2021-11-18 19:01:09,037] {logging_mixin.py:109} INFO - [2021-11-18 19:01:09,036] {dag.py:2396} INFO - Sync 1 DAGs
[2021-11-18 19:01:09,042] {logging_mixin.py:109} INFO - [2021-11-18 19:01:09,042] {dag.py:2928} INFO - Setting next_dagrun for latest_only to 2021-11-18T23:01:09.041848+00:00
[2021-11-18 19:01:09,046] {processor.py:171} INFO - Processing /Users/sravanisigadam/PycharmProjects/Airflow/venv/lib/python3.9/site-packages/airflow/example_dags/example_latest_only.py took 0.045 seconds
[2021-11-18 19:02:26,577] {processor.py:163} INFO - Started process (PID=56657) to work on /Users/sravanisigadam/PycharmProjects/Airflow/venv/lib/python3.9/site-packages/airflow/example_dags/example_latest_only.py
[2021-11-18 19:02:26,578] {processor.py:625} INFO - Processing file /Users/sravanisigadam/PycharmProjects/Airflow/venv/lib/python3.9/site-packages/airflow/example_dags/example_latest_only.py for tasks to queue
[2021-11-18 19:02:26,578] {logging_mixin.py:109} INFO - [2021-11-18 19:02:26,578] {dagbag.py:500} INFO - Filling up the DagBag from /Users/sravanisigadam/PycharmProjects/Airflow/venv/lib/python3.9/site-packages/airflow/example_dags/example_latest_only.py
[2021-11-18 19:02:26,600] {processor.py:637} INFO - DAG(s) dict_keys(['latest_only']) retrieved from /Users/sravanisigadam/PycharmProjects/Airflow/venv/lib/python3.9/site-packages/airflow/example_dags/example_latest_only.py
[2021-11-18 19:02:26,611] {logging_mixin.py:109} INFO - [2021-11-18 19:02:26,610] {dag.py:2396} INFO - Sync 1 DAGs
[2021-11-18 19:02:26,616] {logging_mixin.py:109} INFO - [2021-11-18 19:02:26,616] {dag.py:2928} INFO - Setting next_dagrun for latest_only to 2021-11-18T23:02:26.615960+00:00
[2021-11-18 19:02:26,621] {processor.py:171} INFO - Processing /Users/sravanisigadam/PycharmProjects/Airflow/venv/lib/python3.9/site-packages/airflow/example_dags/example_latest_only.py took 0.044 seconds
[2021-11-18 19:03:44,366] {processor.py:163} INFO - Started process (PID=56701) to work on /Users/sravanisigadam/PycharmProjects/Airflow/venv/lib/python3.9/site-packages/airflow/example_dags/example_latest_only.py
[2021-11-18 19:03:44,368] {processor.py:625} INFO - Processing file /Users/sravanisigadam/PycharmProjects/Airflow/venv/lib/python3.9/site-packages/airflow/example_dags/example_latest_only.py for tasks to queue
[2021-11-18 19:03:44,368] {logging_mixin.py:109} INFO - [2021-11-18 19:03:44,368] {dagbag.py:500} INFO - Filling up the DagBag from /Users/sravanisigadam/PycharmProjects/Airflow/venv/lib/python3.9/site-packages/airflow/example_dags/example_latest_only.py
[2021-11-18 19:03:44,391] {processor.py:637} INFO - DAG(s) dict_keys(['latest_only']) retrieved from /Users/sravanisigadam/PycharmProjects/Airflow/venv/lib/python3.9/site-packages/airflow/example_dags/example_latest_only.py
[2021-11-18 19:03:44,402] {logging_mixin.py:109} INFO - [2021-11-18 19:03:44,402] {dag.py:2396} INFO - Sync 1 DAGs
[2021-11-18 19:03:44,407] {logging_mixin.py:109} INFO - [2021-11-18 19:03:44,407] {dag.py:2928} INFO - Setting next_dagrun for latest_only to 2021-11-18T23:03:44.407539+00:00
[2021-11-18 19:03:44,412] {processor.py:171} INFO - Processing /Users/sravanisigadam/PycharmProjects/Airflow/venv/lib/python3.9/site-packages/airflow/example_dags/example_latest_only.py took 0.046 seconds
[2021-11-18 19:05:03,312] {processor.py:163} INFO - Started process (PID=56754) to work on /Users/sravanisigadam/PycharmProjects/Airflow/venv/lib/python3.9/site-packages/airflow/example_dags/example_latest_only.py
[2021-11-18 19:05:03,313] {processor.py:625} INFO - Processing file /Users/sravanisigadam/PycharmProjects/Airflow/venv/lib/python3.9/site-packages/airflow/example_dags/example_latest_only.py for tasks to queue
[2021-11-18 19:05:03,313] {logging_mixin.py:109} INFO - [2021-11-18 19:05:03,313] {dagbag.py:500} INFO - Filling up the DagBag from /Users/sravanisigadam/PycharmProjects/Airflow/venv/lib/python3.9/site-packages/airflow/example_dags/example_latest_only.py
[2021-11-18 19:05:03,337] {processor.py:637} INFO - DAG(s) dict_keys(['latest_only']) retrieved from /Users/sravanisigadam/PycharmProjects/Airflow/venv/lib/python3.9/site-packages/airflow/example_dags/example_latest_only.py
[2021-11-18 19:05:03,348] {logging_mixin.py:109} INFO - [2021-11-18 19:05:03,348] {dag.py:2396} INFO - Sync 1 DAGs
[2021-11-18 19:05:03,353] {logging_mixin.py:109} INFO - [2021-11-18 19:05:03,353] {dag.py:2928} INFO - Setting next_dagrun for latest_only to 2021-11-18T23:05:03.353483+00:00
[2021-11-18 19:05:03,358] {processor.py:171} INFO - Processing /Users/sravanisigadam/PycharmProjects/Airflow/venv/lib/python3.9/site-packages/airflow/example_dags/example_latest_only.py took 0.046 seconds
[2021-11-18 19:06:21,649] {processor.py:163} INFO - Started process (PID=56823) to work on /Users/sravanisigadam/PycharmProjects/Airflow/venv/lib/python3.9/site-packages/airflow/example_dags/example_latest_only.py
[2021-11-18 19:06:21,651] {processor.py:625} INFO - Processing file /Users/sravanisigadam/PycharmProjects/Airflow/venv/lib/python3.9/site-packages/airflow/example_dags/example_latest_only.py for tasks to queue
[2021-11-18 19:06:21,651] {logging_mixin.py:109} INFO - [2021-11-18 19:06:21,651] {dagbag.py:500} INFO - Filling up the DagBag from /Users/sravanisigadam/PycharmProjects/Airflow/venv/lib/python3.9/site-packages/airflow/example_dags/example_latest_only.py
[2021-11-18 19:06:21,674] {processor.py:637} INFO - DAG(s) dict_keys(['latest_only']) retrieved from /Users/sravanisigadam/PycharmProjects/Airflow/venv/lib/python3.9/site-packages/airflow/example_dags/example_latest_only.py
[2021-11-18 19:06:21,685] {logging_mixin.py:109} INFO - [2021-11-18 19:06:21,685] {dag.py:2396} INFO - Sync 1 DAGs
[2021-11-18 19:06:21,691] {logging_mixin.py:109} INFO - [2021-11-18 19:06:21,690] {dag.py:2928} INFO - Setting next_dagrun for latest_only to 2021-11-18T23:06:21.690795+00:00
[2021-11-18 19:06:21,695] {processor.py:171} INFO - Processing /Users/sravanisigadam/PycharmProjects/Airflow/venv/lib/python3.9/site-packages/airflow/example_dags/example_latest_only.py took 0.046 seconds
[2021-11-18 19:07:41,270] {processor.py:163} INFO - Started process (PID=56889) to work on /Users/sravanisigadam/PycharmProjects/Airflow/venv/lib/python3.9/site-packages/airflow/example_dags/example_latest_only.py
[2021-11-18 19:07:41,271] {processor.py:625} INFO - Processing file /Users/sravanisigadam/PycharmProjects/Airflow/venv/lib/python3.9/site-packages/airflow/example_dags/example_latest_only.py for tasks to queue
[2021-11-18 19:07:41,271] {logging_mixin.py:109} INFO - [2021-11-18 19:07:41,271] {dagbag.py:500} INFO - Filling up the DagBag from /Users/sravanisigadam/PycharmProjects/Airflow/venv/lib/python3.9/site-packages/airflow/example_dags/example_latest_only.py
[2021-11-18 19:07:41,294] {processor.py:637} INFO - DAG(s) dict_keys(['latest_only']) retrieved from /Users/sravanisigadam/PycharmProjects/Airflow/venv/lib/python3.9/site-packages/airflow/example_dags/example_latest_only.py
[2021-11-18 19:07:41,304] {logging_mixin.py:109} INFO - [2021-11-18 19:07:41,304] {dag.py:2396} INFO - Sync 1 DAGs
[2021-11-18 19:07:41,310] {logging_mixin.py:109} INFO - [2021-11-18 19:07:41,310] {dag.py:2928} INFO - Setting next_dagrun for latest_only to 2021-11-18T23:07:41.309915+00:00
[2021-11-18 19:07:41,314] {processor.py:171} INFO - Processing /Users/sravanisigadam/PycharmProjects/Airflow/venv/lib/python3.9/site-packages/airflow/example_dags/example_latest_only.py took 0.045 seconds
[2021-11-18 19:08:59,471] {processor.py:163} INFO - Started process (PID=56945) to work on /Users/sravanisigadam/PycharmProjects/Airflow/venv/lib/python3.9/site-packages/airflow/example_dags/example_latest_only.py
[2021-11-18 19:08:59,472] {processor.py:625} INFO - Processing file /Users/sravanisigadam/PycharmProjects/Airflow/venv/lib/python3.9/site-packages/airflow/example_dags/example_latest_only.py for tasks to queue
[2021-11-18 19:08:59,473] {logging_mixin.py:109} INFO - [2021-11-18 19:08:59,473] {dagbag.py:500} INFO - Filling up the DagBag from /Users/sravanisigadam/PycharmProjects/Airflow/venv/lib/python3.9/site-packages/airflow/example_dags/example_latest_only.py
[2021-11-18 19:08:59,531] {processor.py:637} INFO - DAG(s) dict_keys(['latest_only']) retrieved from /Users/sravanisigadam/PycharmProjects/Airflow/venv/lib/python3.9/site-packages/airflow/example_dags/example_latest_only.py
[2021-11-18 19:08:59,542] {logging_mixin.py:109} INFO - [2021-11-18 19:08:59,542] {dag.py:2396} INFO - Sync 1 DAGs
[2021-11-18 19:08:59,548] {logging_mixin.py:109} INFO - [2021-11-18 19:08:59,548] {dag.py:2928} INFO - Setting next_dagrun for latest_only to 2021-11-18T23:08:59.548552+00:00
[2021-11-18 19:08:59,555] {processor.py:171} INFO - Processing /Users/sravanisigadam/PycharmProjects/Airflow/venv/lib/python3.9/site-packages/airflow/example_dags/example_latest_only.py took 0.086 seconds
[2021-11-18 19:10:17,547] {processor.py:163} INFO - Started process (PID=56990) to work on /Users/sravanisigadam/PycharmProjects/Airflow/venv/lib/python3.9/site-packages/airflow/example_dags/example_latest_only.py
[2021-11-18 19:10:17,548] {processor.py:625} INFO - Processing file /Users/sravanisigadam/PycharmProjects/Airflow/venv/lib/python3.9/site-packages/airflow/example_dags/example_latest_only.py for tasks to queue
[2021-11-18 19:10:17,548] {logging_mixin.py:109} INFO - [2021-11-18 19:10:17,548] {dagbag.py:500} INFO - Filling up the DagBag from /Users/sravanisigadam/PycharmProjects/Airflow/venv/lib/python3.9/site-packages/airflow/example_dags/example_latest_only.py
[2021-11-18 19:10:17,572] {processor.py:637} INFO - DAG(s) dict_keys(['latest_only']) retrieved from /Users/sravanisigadam/PycharmProjects/Airflow/venv/lib/python3.9/site-packages/airflow/example_dags/example_latest_only.py
[2021-11-18 19:10:17,583] {logging_mixin.py:109} INFO - [2021-11-18 19:10:17,583] {dag.py:2396} INFO - Sync 1 DAGs
[2021-11-18 19:10:17,588] {logging_mixin.py:109} INFO - [2021-11-18 19:10:17,588] {dag.py:2928} INFO - Setting next_dagrun for latest_only to 2021-11-18T23:10:17.588186+00:00
[2021-11-18 19:10:17,593] {processor.py:171} INFO - Processing /Users/sravanisigadam/PycharmProjects/Airflow/venv/lib/python3.9/site-packages/airflow/example_dags/example_latest_only.py took 0.046 seconds
[2021-11-18 19:11:37,851] {processor.py:163} INFO - Started process (PID=57037) to work on /Users/sravanisigadam/PycharmProjects/Airflow/venv/lib/python3.9/site-packages/airflow/example_dags/example_latest_only.py
[2021-11-18 19:11:37,852] {processor.py:625} INFO - Processing file /Users/sravanisigadam/PycharmProjects/Airflow/venv/lib/python3.9/site-packages/airflow/example_dags/example_latest_only.py for tasks to queue
[2021-11-18 19:11:37,853] {logging_mixin.py:109} INFO - [2021-11-18 19:11:37,853] {dagbag.py:500} INFO - Filling up the DagBag from /Users/sravanisigadam/PycharmProjects/Airflow/venv/lib/python3.9/site-packages/airflow/example_dags/example_latest_only.py
[2021-11-18 19:11:37,876] {processor.py:637} INFO - DAG(s) dict_keys(['latest_only']) retrieved from /Users/sravanisigadam/PycharmProjects/Airflow/venv/lib/python3.9/site-packages/airflow/example_dags/example_latest_only.py
[2021-11-18 19:11:37,887] {logging_mixin.py:109} INFO - [2021-11-18 19:11:37,887] {dag.py:2396} INFO - Sync 1 DAGs
[2021-11-18 19:11:37,892] {logging_mixin.py:109} INFO - [2021-11-18 19:11:37,892] {dag.py:2928} INFO - Setting next_dagrun for latest_only to 2021-11-18T23:11:37.892294+00:00
[2021-11-18 19:11:37,898] {processor.py:171} INFO - Processing /Users/sravanisigadam/PycharmProjects/Airflow/venv/lib/python3.9/site-packages/airflow/example_dags/example_latest_only.py took 0.047 seconds
[2021-11-18 19:12:59,195] {processor.py:163} INFO - Started process (PID=57085) to work on /Users/sravanisigadam/PycharmProjects/Airflow/venv/lib/python3.9/site-packages/airflow/example_dags/example_latest_only.py
[2021-11-18 19:12:59,196] {processor.py:625} INFO - Processing file /Users/sravanisigadam/PycharmProjects/Airflow/venv/lib/python3.9/site-packages/airflow/example_dags/example_latest_only.py for tasks to queue
[2021-11-18 19:12:59,196] {logging_mixin.py:109} INFO - [2021-11-18 19:12:59,196] {dagbag.py:500} INFO - Filling up the DagBag from /Users/sravanisigadam/PycharmProjects/Airflow/venv/lib/python3.9/site-packages/airflow/example_dags/example_latest_only.py
[2021-11-18 19:12:59,219] {processor.py:637} INFO - DAG(s) dict_keys(['latest_only']) retrieved from /Users/sravanisigadam/PycharmProjects/Airflow/venv/lib/python3.9/site-packages/airflow/example_dags/example_latest_only.py
[2021-11-18 19:12:59,229] {logging_mixin.py:109} INFO - [2021-11-18 19:12:59,229] {dag.py:2396} INFO - Sync 1 DAGs
[2021-11-18 19:12:59,234] {logging_mixin.py:109} INFO - [2021-11-18 19:12:59,234] {dag.py:2928} INFO - Setting next_dagrun for latest_only to 2021-11-18T23:12:59.234649+00:00
[2021-11-18 19:12:59,239] {processor.py:171} INFO - Processing /Users/sravanisigadam/PycharmProjects/Airflow/venv/lib/python3.9/site-packages/airflow/example_dags/example_latest_only.py took 0.044 seconds
[2021-11-18 19:14:23,094] {processor.py:163} INFO - Started process (PID=57160) to work on /Users/sravanisigadam/PycharmProjects/Airflow/venv/lib/python3.9/site-packages/airflow/example_dags/example_latest_only.py
[2021-11-18 19:14:23,095] {processor.py:625} INFO - Processing file /Users/sravanisigadam/PycharmProjects/Airflow/venv/lib/python3.9/site-packages/airflow/example_dags/example_latest_only.py for tasks to queue
[2021-11-18 19:14:23,095] {logging_mixin.py:109} INFO - [2021-11-18 19:14:23,095] {dagbag.py:500} INFO - Filling up the DagBag from /Users/sravanisigadam/PycharmProjects/Airflow/venv/lib/python3.9/site-packages/airflow/example_dags/example_latest_only.py
[2021-11-18 19:14:23,120] {processor.py:637} INFO - DAG(s) dict_keys(['latest_only']) retrieved from /Users/sravanisigadam/PycharmProjects/Airflow/venv/lib/python3.9/site-packages/airflow/example_dags/example_latest_only.py
[2021-11-18 19:14:23,131] {logging_mixin.py:109} INFO - [2021-11-18 19:14:23,131] {dag.py:2396} INFO - Sync 1 DAGs
[2021-11-18 19:14:23,136] {logging_mixin.py:109} INFO - [2021-11-18 19:14:23,136] {dag.py:2928} INFO - Setting next_dagrun for latest_only to 2021-11-18T23:14:23.136428+00:00
[2021-11-18 19:14:23,141] {processor.py:171} INFO - Processing /Users/sravanisigadam/PycharmProjects/Airflow/venv/lib/python3.9/site-packages/airflow/example_dags/example_latest_only.py took 0.047 seconds
