[2021-11-18 18:24:32,426] {processor.py:163} INFO - Started process (PID=55608) to work on /Users/sravanisigadam/PycharmProjects/Airflow/venv/lib/python3.9/site-packages/airflow/example_dags/example_kubernetes_executor.py
[2021-11-18 18:24:32,427] {processor.py:625} INFO - Processing file /Users/sravanisigadam/PycharmProjects/Airflow/venv/lib/python3.9/site-packages/airflow/example_dags/example_kubernetes_executor.py for tasks to queue
[2021-11-18 18:24:32,427] {logging_mixin.py:109} INFO - [2021-11-18 18:24:32,427] {dagbag.py:500} INFO - Filling up the DagBag from /Users/sravanisigadam/PycharmProjects/Airflow/venv/lib/python3.9/site-packages/airflow/example_dags/example_kubernetes_executor.py
[2021-11-18 18:24:32,462] {processor.py:637} INFO - DAG(s) dict_keys(['example_kubernetes_executor']) retrieved from /Users/sravanisigadam/PycharmProjects/Airflow/venv/lib/python3.9/site-packages/airflow/example_dags/example_kubernetes_executor.py
[2021-11-18 18:24:32,474] {logging_mixin.py:109} INFO - [2021-11-18 18:24:32,474] {dag.py:2396} INFO - Sync 1 DAGs
[2021-11-18 18:24:32,480] {logging_mixin.py:109} INFO - [2021-11-18 18:24:32,480] {dag.py:2928} INFO - Setting next_dagrun for example_kubernetes_executor to None
[2021-11-18 18:24:32,485] {processor.py:171} INFO - Processing /Users/sravanisigadam/PycharmProjects/Airflow/venv/lib/python3.9/site-packages/airflow/example_dags/example_kubernetes_executor.py took 0.059 seconds
[2021-11-18 18:25:51,769] {processor.py:163} INFO - Started process (PID=55685) to work on /Users/sravanisigadam/PycharmProjects/Airflow/venv/lib/python3.9/site-packages/airflow/example_dags/example_kubernetes_executor.py
[2021-11-18 18:25:51,770] {processor.py:625} INFO - Processing file /Users/sravanisigadam/PycharmProjects/Airflow/venv/lib/python3.9/site-packages/airflow/example_dags/example_kubernetes_executor.py for tasks to queue
[2021-11-18 18:25:51,770] {logging_mixin.py:109} INFO - [2021-11-18 18:25:51,770] {dagbag.py:500} INFO - Filling up the DagBag from /Users/sravanisigadam/PycharmProjects/Airflow/venv/lib/python3.9/site-packages/airflow/example_dags/example_kubernetes_executor.py
[2021-11-18 18:25:51,803] {processor.py:637} INFO - DAG(s) dict_keys(['example_kubernetes_executor']) retrieved from /Users/sravanisigadam/PycharmProjects/Airflow/venv/lib/python3.9/site-packages/airflow/example_dags/example_kubernetes_executor.py
[2021-11-18 18:25:51,815] {logging_mixin.py:109} INFO - [2021-11-18 18:25:51,815] {dag.py:2396} INFO - Sync 1 DAGs
[2021-11-18 18:25:51,821] {logging_mixin.py:109} INFO - [2021-11-18 18:25:51,821] {dag.py:2928} INFO - Setting next_dagrun for example_kubernetes_executor to None
[2021-11-18 18:25:51,826] {processor.py:171} INFO - Processing /Users/sravanisigadam/PycharmProjects/Airflow/venv/lib/python3.9/site-packages/airflow/example_dags/example_kubernetes_executor.py took 0.057 seconds
[2021-11-18 18:27:12,155] {processor.py:163} INFO - Started process (PID=55822) to work on /Users/sravanisigadam/PycharmProjects/Airflow/venv/lib/python3.9/site-packages/airflow/example_dags/example_kubernetes_executor.py
[2021-11-18 18:27:12,155] {processor.py:625} INFO - Processing file /Users/sravanisigadam/PycharmProjects/Airflow/venv/lib/python3.9/site-packages/airflow/example_dags/example_kubernetes_executor.py for tasks to queue
[2021-11-18 18:27:12,155] {logging_mixin.py:109} INFO - [2021-11-18 18:27:12,155] {dagbag.py:500} INFO - Filling up the DagBag from /Users/sravanisigadam/PycharmProjects/Airflow/venv/lib/python3.9/site-packages/airflow/example_dags/example_kubernetes_executor.py
[2021-11-18 18:27:12,194] {processor.py:637} INFO - DAG(s) dict_keys(['example_kubernetes_executor']) retrieved from /Users/sravanisigadam/PycharmProjects/Airflow/venv/lib/python3.9/site-packages/airflow/example_dags/example_kubernetes_executor.py
[2021-11-18 18:27:12,206] {logging_mixin.py:109} INFO - [2021-11-18 18:27:12,205] {dag.py:2396} INFO - Sync 1 DAGs
[2021-11-18 18:27:12,212] {logging_mixin.py:109} INFO - [2021-11-18 18:27:12,212] {dag.py:2928} INFO - Setting next_dagrun for example_kubernetes_executor to None
[2021-11-18 18:27:12,217] {processor.py:171} INFO - Processing /Users/sravanisigadam/PycharmProjects/Airflow/venv/lib/python3.9/site-packages/airflow/example_dags/example_kubernetes_executor.py took 0.062 seconds
[2021-11-18 18:28:32,329] {processor.py:163} INFO - Started process (PID=55892) to work on /Users/sravanisigadam/PycharmProjects/Airflow/venv/lib/python3.9/site-packages/airflow/example_dags/example_kubernetes_executor.py
[2021-11-18 18:28:32,330] {processor.py:625} INFO - Processing file /Users/sravanisigadam/PycharmProjects/Airflow/venv/lib/python3.9/site-packages/airflow/example_dags/example_kubernetes_executor.py for tasks to queue
[2021-11-18 18:28:32,330] {logging_mixin.py:109} INFO - [2021-11-18 18:28:32,330] {dagbag.py:500} INFO - Filling up the DagBag from /Users/sravanisigadam/PycharmProjects/Airflow/venv/lib/python3.9/site-packages/airflow/example_dags/example_kubernetes_executor.py
[2021-11-18 18:28:32,364] {processor.py:637} INFO - DAG(s) dict_keys(['example_kubernetes_executor']) retrieved from /Users/sravanisigadam/PycharmProjects/Airflow/venv/lib/python3.9/site-packages/airflow/example_dags/example_kubernetes_executor.py
[2021-11-18 18:28:32,375] {logging_mixin.py:109} INFO - [2021-11-18 18:28:32,375] {dag.py:2396} INFO - Sync 1 DAGs
[2021-11-18 18:28:32,380] {logging_mixin.py:109} INFO - [2021-11-18 18:28:32,380] {dag.py:2928} INFO - Setting next_dagrun for example_kubernetes_executor to None
[2021-11-18 18:28:32,385] {processor.py:171} INFO - Processing /Users/sravanisigadam/PycharmProjects/Airflow/venv/lib/python3.9/site-packages/airflow/example_dags/example_kubernetes_executor.py took 0.057 seconds
[2021-11-18 18:29:52,425] {processor.py:163} INFO - Started process (PID=55931) to work on /Users/sravanisigadam/PycharmProjects/Airflow/venv/lib/python3.9/site-packages/airflow/example_dags/example_kubernetes_executor.py
[2021-11-18 18:29:52,426] {processor.py:625} INFO - Processing file /Users/sravanisigadam/PycharmProjects/Airflow/venv/lib/python3.9/site-packages/airflow/example_dags/example_kubernetes_executor.py for tasks to queue
[2021-11-18 18:29:52,426] {logging_mixin.py:109} INFO - [2021-11-18 18:29:52,426] {dagbag.py:500} INFO - Filling up the DagBag from /Users/sravanisigadam/PycharmProjects/Airflow/venv/lib/python3.9/site-packages/airflow/example_dags/example_kubernetes_executor.py
[2021-11-18 18:29:52,459] {processor.py:637} INFO - DAG(s) dict_keys(['example_kubernetes_executor']) retrieved from /Users/sravanisigadam/PycharmProjects/Airflow/venv/lib/python3.9/site-packages/airflow/example_dags/example_kubernetes_executor.py
[2021-11-18 18:29:52,470] {logging_mixin.py:109} INFO - [2021-11-18 18:29:52,470] {dag.py:2396} INFO - Sync 1 DAGs
[2021-11-18 18:29:52,476] {logging_mixin.py:109} INFO - [2021-11-18 18:29:52,476] {dag.py:2928} INFO - Setting next_dagrun for example_kubernetes_executor to None
[2021-11-18 18:29:52,481] {processor.py:171} INFO - Processing /Users/sravanisigadam/PycharmProjects/Airflow/venv/lib/python3.9/site-packages/airflow/example_dags/example_kubernetes_executor.py took 0.056 seconds
[2021-11-18 18:31:12,545] {processor.py:163} INFO - Started process (PID=55972) to work on /Users/sravanisigadam/PycharmProjects/Airflow/venv/lib/python3.9/site-packages/airflow/example_dags/example_kubernetes_executor.py
[2021-11-18 18:31:12,546] {processor.py:625} INFO - Processing file /Users/sravanisigadam/PycharmProjects/Airflow/venv/lib/python3.9/site-packages/airflow/example_dags/example_kubernetes_executor.py for tasks to queue
[2021-11-18 18:31:12,546] {logging_mixin.py:109} INFO - [2021-11-18 18:31:12,546] {dagbag.py:500} INFO - Filling up the DagBag from /Users/sravanisigadam/PycharmProjects/Airflow/venv/lib/python3.9/site-packages/airflow/example_dags/example_kubernetes_executor.py
[2021-11-18 18:31:12,578] {processor.py:637} INFO - DAG(s) dict_keys(['example_kubernetes_executor']) retrieved from /Users/sravanisigadam/PycharmProjects/Airflow/venv/lib/python3.9/site-packages/airflow/example_dags/example_kubernetes_executor.py
[2021-11-18 18:31:12,589] {logging_mixin.py:109} INFO - [2021-11-18 18:31:12,589] {dag.py:2396} INFO - Sync 1 DAGs
[2021-11-18 18:31:12,595] {logging_mixin.py:109} INFO - [2021-11-18 18:31:12,595] {dag.py:2928} INFO - Setting next_dagrun for example_kubernetes_executor to None
[2021-11-18 18:31:12,600] {processor.py:171} INFO - Processing /Users/sravanisigadam/PycharmProjects/Airflow/venv/lib/python3.9/site-packages/airflow/example_dags/example_kubernetes_executor.py took 0.054 seconds
[2021-11-18 18:32:32,762] {processor.py:163} INFO - Started process (PID=56019) to work on /Users/sravanisigadam/PycharmProjects/Airflow/venv/lib/python3.9/site-packages/airflow/example_dags/example_kubernetes_executor.py
[2021-11-18 18:32:32,762] {processor.py:625} INFO - Processing file /Users/sravanisigadam/PycharmProjects/Airflow/venv/lib/python3.9/site-packages/airflow/example_dags/example_kubernetes_executor.py for tasks to queue
[2021-11-18 18:32:32,762] {logging_mixin.py:109} INFO - [2021-11-18 18:32:32,762] {dagbag.py:500} INFO - Filling up the DagBag from /Users/sravanisigadam/PycharmProjects/Airflow/venv/lib/python3.9/site-packages/airflow/example_dags/example_kubernetes_executor.py
[2021-11-18 18:32:32,794] {processor.py:637} INFO - DAG(s) dict_keys(['example_kubernetes_executor']) retrieved from /Users/sravanisigadam/PycharmProjects/Airflow/venv/lib/python3.9/site-packages/airflow/example_dags/example_kubernetes_executor.py
[2021-11-18 18:32:32,805] {logging_mixin.py:109} INFO - [2021-11-18 18:32:32,805] {dag.py:2396} INFO - Sync 1 DAGs
[2021-11-18 18:32:32,810] {logging_mixin.py:109} INFO - [2021-11-18 18:32:32,810] {dag.py:2928} INFO - Setting next_dagrun for example_kubernetes_executor to None
[2021-11-18 18:32:32,815] {processor.py:171} INFO - Processing /Users/sravanisigadam/PycharmProjects/Airflow/venv/lib/python3.9/site-packages/airflow/example_dags/example_kubernetes_executor.py took 0.054 seconds
[2021-11-18 18:33:50,533] {processor.py:163} INFO - Started process (PID=56075) to work on /Users/sravanisigadam/PycharmProjects/Airflow/venv/lib/python3.9/site-packages/airflow/example_dags/example_kubernetes_executor.py
[2021-11-18 18:33:50,535] {processor.py:625} INFO - Processing file /Users/sravanisigadam/PycharmProjects/Airflow/venv/lib/python3.9/site-packages/airflow/example_dags/example_kubernetes_executor.py for tasks to queue
[2021-11-18 18:33:50,535] {logging_mixin.py:109} INFO - [2021-11-18 18:33:50,535] {dagbag.py:500} INFO - Filling up the DagBag from /Users/sravanisigadam/PycharmProjects/Airflow/venv/lib/python3.9/site-packages/airflow/example_dags/example_kubernetes_executor.py
[2021-11-18 18:33:50,569] {processor.py:637} INFO - DAG(s) dict_keys(['example_kubernetes_executor']) retrieved from /Users/sravanisigadam/PycharmProjects/Airflow/venv/lib/python3.9/site-packages/airflow/example_dags/example_kubernetes_executor.py
[2021-11-18 18:33:50,579] {logging_mixin.py:109} INFO - [2021-11-18 18:33:50,579] {dag.py:2396} INFO - Sync 1 DAGs
[2021-11-18 18:33:50,584] {logging_mixin.py:109} INFO - [2021-11-18 18:33:50,584] {dag.py:2928} INFO - Setting next_dagrun for example_kubernetes_executor to None
[2021-11-18 18:33:50,590] {processor.py:171} INFO - Processing /Users/sravanisigadam/PycharmProjects/Airflow/venv/lib/python3.9/site-packages/airflow/example_dags/example_kubernetes_executor.py took 0.057 seconds
[2021-11-18 18:46:47,664] {processor.py:163} INFO - Started process (PID=56117) to work on /Users/sravanisigadam/PycharmProjects/Airflow/venv/lib/python3.9/site-packages/airflow/example_dags/example_kubernetes_executor.py
[2021-11-18 18:46:47,664] {processor.py:625} INFO - Processing file /Users/sravanisigadam/PycharmProjects/Airflow/venv/lib/python3.9/site-packages/airflow/example_dags/example_kubernetes_executor.py for tasks to queue
[2021-11-18 18:46:47,665] {logging_mixin.py:109} INFO - [2021-11-18 18:46:47,665] {dagbag.py:500} INFO - Filling up the DagBag from /Users/sravanisigadam/PycharmProjects/Airflow/venv/lib/python3.9/site-packages/airflow/example_dags/example_kubernetes_executor.py
[2021-11-18 18:46:47,703] {processor.py:637} INFO - DAG(s) dict_keys(['example_kubernetes_executor']) retrieved from /Users/sravanisigadam/PycharmProjects/Airflow/venv/lib/python3.9/site-packages/airflow/example_dags/example_kubernetes_executor.py
[2021-11-18 18:46:47,715] {logging_mixin.py:109} INFO - [2021-11-18 18:46:47,715] {dag.py:2396} INFO - Sync 1 DAGs
[2021-11-18 18:46:47,723] {logging_mixin.py:109} INFO - [2021-11-18 18:46:47,723] {dag.py:2928} INFO - Setting next_dagrun for example_kubernetes_executor to None
[2021-11-18 18:46:47,730] {processor.py:171} INFO - Processing /Users/sravanisigadam/PycharmProjects/Airflow/venv/lib/python3.9/site-packages/airflow/example_dags/example_kubernetes_executor.py took 0.066 seconds
[2021-11-18 18:48:06,090] {processor.py:163} INFO - Started process (PID=56173) to work on /Users/sravanisigadam/PycharmProjects/Airflow/venv/lib/python3.9/site-packages/airflow/example_dags/example_kubernetes_executor.py
[2021-11-18 18:48:06,091] {processor.py:625} INFO - Processing file /Users/sravanisigadam/PycharmProjects/Airflow/venv/lib/python3.9/site-packages/airflow/example_dags/example_kubernetes_executor.py for tasks to queue
[2021-11-18 18:48:06,091] {logging_mixin.py:109} INFO - [2021-11-18 18:48:06,091] {dagbag.py:500} INFO - Filling up the DagBag from /Users/sravanisigadam/PycharmProjects/Airflow/venv/lib/python3.9/site-packages/airflow/example_dags/example_kubernetes_executor.py
[2021-11-18 18:48:06,123] {processor.py:637} INFO - DAG(s) dict_keys(['example_kubernetes_executor']) retrieved from /Users/sravanisigadam/PycharmProjects/Airflow/venv/lib/python3.9/site-packages/airflow/example_dags/example_kubernetes_executor.py
[2021-11-18 18:48:06,133] {logging_mixin.py:109} INFO - [2021-11-18 18:48:06,133] {dag.py:2396} INFO - Sync 1 DAGs
[2021-11-18 18:48:06,139] {logging_mixin.py:109} INFO - [2021-11-18 18:48:06,139] {dag.py:2928} INFO - Setting next_dagrun for example_kubernetes_executor to None
[2021-11-18 18:48:06,144] {processor.py:171} INFO - Processing /Users/sravanisigadam/PycharmProjects/Airflow/venv/lib/python3.9/site-packages/airflow/example_dags/example_kubernetes_executor.py took 0.054 seconds
[2021-11-18 18:49:27,377] {processor.py:163} INFO - Started process (PID=56231) to work on /Users/sravanisigadam/PycharmProjects/Airflow/venv/lib/python3.9/site-packages/airflow/example_dags/example_kubernetes_executor.py
[2021-11-18 18:49:27,379] {processor.py:625} INFO - Processing file /Users/sravanisigadam/PycharmProjects/Airflow/venv/lib/python3.9/site-packages/airflow/example_dags/example_kubernetes_executor.py for tasks to queue
[2021-11-18 18:49:27,379] {logging_mixin.py:109} INFO - [2021-11-18 18:49:27,379] {dagbag.py:500} INFO - Filling up the DagBag from /Users/sravanisigadam/PycharmProjects/Airflow/venv/lib/python3.9/site-packages/airflow/example_dags/example_kubernetes_executor.py
[2021-11-18 18:49:27,414] {processor.py:637} INFO - DAG(s) dict_keys(['example_kubernetes_executor']) retrieved from /Users/sravanisigadam/PycharmProjects/Airflow/venv/lib/python3.9/site-packages/airflow/example_dags/example_kubernetes_executor.py
[2021-11-18 18:49:27,425] {logging_mixin.py:109} INFO - [2021-11-18 18:49:27,425] {dag.py:2396} INFO - Sync 1 DAGs
[2021-11-18 18:49:27,430] {logging_mixin.py:109} INFO - [2021-11-18 18:49:27,430] {dag.py:2928} INFO - Setting next_dagrun for example_kubernetes_executor to None
[2021-11-18 18:49:27,435] {processor.py:171} INFO - Processing /Users/sravanisigadam/PycharmProjects/Airflow/venv/lib/python3.9/site-packages/airflow/example_dags/example_kubernetes_executor.py took 0.058 seconds
[2021-11-18 18:50:47,187] {processor.py:163} INFO - Started process (PID=56273) to work on /Users/sravanisigadam/PycharmProjects/Airflow/venv/lib/python3.9/site-packages/airflow/example_dags/example_kubernetes_executor.py
[2021-11-18 18:50:47,187] {processor.py:625} INFO - Processing file /Users/sravanisigadam/PycharmProjects/Airflow/venv/lib/python3.9/site-packages/airflow/example_dags/example_kubernetes_executor.py for tasks to queue
[2021-11-18 18:50:47,187] {logging_mixin.py:109} INFO - [2021-11-18 18:50:47,187] {dagbag.py:500} INFO - Filling up the DagBag from /Users/sravanisigadam/PycharmProjects/Airflow/venv/lib/python3.9/site-packages/airflow/example_dags/example_kubernetes_executor.py
[2021-11-18 18:50:47,221] {processor.py:637} INFO - DAG(s) dict_keys(['example_kubernetes_executor']) retrieved from /Users/sravanisigadam/PycharmProjects/Airflow/venv/lib/python3.9/site-packages/airflow/example_dags/example_kubernetes_executor.py
[2021-11-18 18:50:47,231] {logging_mixin.py:109} INFO - [2021-11-18 18:50:47,231] {dag.py:2396} INFO - Sync 1 DAGs
[2021-11-18 18:50:47,236] {logging_mixin.py:109} INFO - [2021-11-18 18:50:47,236] {dag.py:2928} INFO - Setting next_dagrun for example_kubernetes_executor to None
[2021-11-18 18:50:47,242] {processor.py:171} INFO - Processing /Users/sravanisigadam/PycharmProjects/Airflow/venv/lib/python3.9/site-packages/airflow/example_dags/example_kubernetes_executor.py took 0.055 seconds
[2021-11-18 18:52:04,792] {processor.py:163} INFO - Started process (PID=56313) to work on /Users/sravanisigadam/PycharmProjects/Airflow/venv/lib/python3.9/site-packages/airflow/example_dags/example_kubernetes_executor.py
[2021-11-18 18:52:04,793] {processor.py:625} INFO - Processing file /Users/sravanisigadam/PycharmProjects/Airflow/venv/lib/python3.9/site-packages/airflow/example_dags/example_kubernetes_executor.py for tasks to queue
[2021-11-18 18:52:04,793] {logging_mixin.py:109} INFO - [2021-11-18 18:52:04,793] {dagbag.py:500} INFO - Filling up the DagBag from /Users/sravanisigadam/PycharmProjects/Airflow/venv/lib/python3.9/site-packages/airflow/example_dags/example_kubernetes_executor.py
[2021-11-18 18:52:04,828] {processor.py:637} INFO - DAG(s) dict_keys(['example_kubernetes_executor']) retrieved from /Users/sravanisigadam/PycharmProjects/Airflow/venv/lib/python3.9/site-packages/airflow/example_dags/example_kubernetes_executor.py
[2021-11-18 18:52:04,838] {logging_mixin.py:109} INFO - [2021-11-18 18:52:04,838] {dag.py:2396} INFO - Sync 1 DAGs
[2021-11-18 18:52:04,844] {logging_mixin.py:109} INFO - [2021-11-18 18:52:04,844] {dag.py:2928} INFO - Setting next_dagrun for example_kubernetes_executor to None
[2021-11-18 18:52:04,848] {processor.py:171} INFO - Processing /Users/sravanisigadam/PycharmProjects/Airflow/venv/lib/python3.9/site-packages/airflow/example_dags/example_kubernetes_executor.py took 0.057 seconds
[2021-11-18 18:53:22,240] {processor.py:163} INFO - Started process (PID=56356) to work on /Users/sravanisigadam/PycharmProjects/Airflow/venv/lib/python3.9/site-packages/airflow/example_dags/example_kubernetes_executor.py
[2021-11-18 18:53:22,240] {processor.py:625} INFO - Processing file /Users/sravanisigadam/PycharmProjects/Airflow/venv/lib/python3.9/site-packages/airflow/example_dags/example_kubernetes_executor.py for tasks to queue
[2021-11-18 18:53:22,240] {logging_mixin.py:109} INFO - [2021-11-18 18:53:22,240] {dagbag.py:500} INFO - Filling up the DagBag from /Users/sravanisigadam/PycharmProjects/Airflow/venv/lib/python3.9/site-packages/airflow/example_dags/example_kubernetes_executor.py
[2021-11-18 18:53:22,274] {processor.py:637} INFO - DAG(s) dict_keys(['example_kubernetes_executor']) retrieved from /Users/sravanisigadam/PycharmProjects/Airflow/venv/lib/python3.9/site-packages/airflow/example_dags/example_kubernetes_executor.py
[2021-11-18 18:53:22,284] {logging_mixin.py:109} INFO - [2021-11-18 18:53:22,284] {dag.py:2396} INFO - Sync 1 DAGs
[2021-11-18 18:53:22,289] {logging_mixin.py:109} INFO - [2021-11-18 18:53:22,289] {dag.py:2928} INFO - Setting next_dagrun for example_kubernetes_executor to None
[2021-11-18 18:53:22,294] {processor.py:171} INFO - Processing /Users/sravanisigadam/PycharmProjects/Airflow/venv/lib/python3.9/site-packages/airflow/example_dags/example_kubernetes_executor.py took 0.055 seconds
[2021-11-18 18:54:39,966] {processor.py:163} INFO - Started process (PID=56396) to work on /Users/sravanisigadam/PycharmProjects/Airflow/venv/lib/python3.9/site-packages/airflow/example_dags/example_kubernetes_executor.py
[2021-11-18 18:54:39,967] {processor.py:625} INFO - Processing file /Users/sravanisigadam/PycharmProjects/Airflow/venv/lib/python3.9/site-packages/airflow/example_dags/example_kubernetes_executor.py for tasks to queue
[2021-11-18 18:54:39,967] {logging_mixin.py:109} INFO - [2021-11-18 18:54:39,967] {dagbag.py:500} INFO - Filling up the DagBag from /Users/sravanisigadam/PycharmProjects/Airflow/venv/lib/python3.9/site-packages/airflow/example_dags/example_kubernetes_executor.py
[2021-11-18 18:54:39,999] {processor.py:637} INFO - DAG(s) dict_keys(['example_kubernetes_executor']) retrieved from /Users/sravanisigadam/PycharmProjects/Airflow/venv/lib/python3.9/site-packages/airflow/example_dags/example_kubernetes_executor.py
[2021-11-18 18:54:40,009] {logging_mixin.py:109} INFO - [2021-11-18 18:54:40,009] {dag.py:2396} INFO - Sync 1 DAGs
[2021-11-18 18:54:40,015] {logging_mixin.py:109} INFO - [2021-11-18 18:54:40,015] {dag.py:2928} INFO - Setting next_dagrun for example_kubernetes_executor to None
[2021-11-18 18:54:40,020] {processor.py:171} INFO - Processing /Users/sravanisigadam/PycharmProjects/Airflow/venv/lib/python3.9/site-packages/airflow/example_dags/example_kubernetes_executor.py took 0.054 seconds
[2021-11-18 18:55:58,274] {processor.py:163} INFO - Started process (PID=56438) to work on /Users/sravanisigadam/PycharmProjects/Airflow/venv/lib/python3.9/site-packages/airflow/example_dags/example_kubernetes_executor.py
[2021-11-18 18:55:58,275] {processor.py:625} INFO - Processing file /Users/sravanisigadam/PycharmProjects/Airflow/venv/lib/python3.9/site-packages/airflow/example_dags/example_kubernetes_executor.py for tasks to queue
[2021-11-18 18:55:58,275] {logging_mixin.py:109} INFO - [2021-11-18 18:55:58,275] {dagbag.py:500} INFO - Filling up the DagBag from /Users/sravanisigadam/PycharmProjects/Airflow/venv/lib/python3.9/site-packages/airflow/example_dags/example_kubernetes_executor.py
[2021-11-18 18:55:58,310] {processor.py:637} INFO - DAG(s) dict_keys(['example_kubernetes_executor']) retrieved from /Users/sravanisigadam/PycharmProjects/Airflow/venv/lib/python3.9/site-packages/airflow/example_dags/example_kubernetes_executor.py
[2021-11-18 18:55:58,321] {logging_mixin.py:109} INFO - [2021-11-18 18:55:58,321] {dag.py:2396} INFO - Sync 1 DAGs
[2021-11-18 18:55:58,327] {logging_mixin.py:109} INFO - [2021-11-18 18:55:58,327] {dag.py:2928} INFO - Setting next_dagrun for example_kubernetes_executor to None
[2021-11-18 18:55:58,332] {processor.py:171} INFO - Processing /Users/sravanisigadam/PycharmProjects/Airflow/venv/lib/python3.9/site-packages/airflow/example_dags/example_kubernetes_executor.py took 0.059 seconds
[2021-11-18 18:57:16,215] {processor.py:163} INFO - Started process (PID=56480) to work on /Users/sravanisigadam/PycharmProjects/Airflow/venv/lib/python3.9/site-packages/airflow/example_dags/example_kubernetes_executor.py
[2021-11-18 18:57:16,217] {processor.py:625} INFO - Processing file /Users/sravanisigadam/PycharmProjects/Airflow/venv/lib/python3.9/site-packages/airflow/example_dags/example_kubernetes_executor.py for tasks to queue
[2021-11-18 18:57:16,217] {logging_mixin.py:109} INFO - [2021-11-18 18:57:16,217] {dagbag.py:500} INFO - Filling up the DagBag from /Users/sravanisigadam/PycharmProjects/Airflow/venv/lib/python3.9/site-packages/airflow/example_dags/example_kubernetes_executor.py
[2021-11-18 18:57:16,253] {processor.py:637} INFO - DAG(s) dict_keys(['example_kubernetes_executor']) retrieved from /Users/sravanisigadam/PycharmProjects/Airflow/venv/lib/python3.9/site-packages/airflow/example_dags/example_kubernetes_executor.py
[2021-11-18 18:57:16,263] {logging_mixin.py:109} INFO - [2021-11-18 18:57:16,263] {dag.py:2396} INFO - Sync 1 DAGs
[2021-11-18 18:57:16,268] {logging_mixin.py:109} INFO - [2021-11-18 18:57:16,268] {dag.py:2928} INFO - Setting next_dagrun for example_kubernetes_executor to None
[2021-11-18 18:57:16,273] {processor.py:171} INFO - Processing /Users/sravanisigadam/PycharmProjects/Airflow/venv/lib/python3.9/site-packages/airflow/example_dags/example_kubernetes_executor.py took 0.058 seconds
[2021-11-18 18:58:34,088] {processor.py:163} INFO - Started process (PID=56529) to work on /Users/sravanisigadam/PycharmProjects/Airflow/venv/lib/python3.9/site-packages/airflow/example_dags/example_kubernetes_executor.py
[2021-11-18 18:58:34,089] {processor.py:625} INFO - Processing file /Users/sravanisigadam/PycharmProjects/Airflow/venv/lib/python3.9/site-packages/airflow/example_dags/example_kubernetes_executor.py for tasks to queue
[2021-11-18 18:58:34,089] {logging_mixin.py:109} INFO - [2021-11-18 18:58:34,089] {dagbag.py:500} INFO - Filling up the DagBag from /Users/sravanisigadam/PycharmProjects/Airflow/venv/lib/python3.9/site-packages/airflow/example_dags/example_kubernetes_executor.py
[2021-11-18 18:58:34,121] {processor.py:637} INFO - DAG(s) dict_keys(['example_kubernetes_executor']) retrieved from /Users/sravanisigadam/PycharmProjects/Airflow/venv/lib/python3.9/site-packages/airflow/example_dags/example_kubernetes_executor.py
[2021-11-18 18:58:34,132] {logging_mixin.py:109} INFO - [2021-11-18 18:58:34,132] {dag.py:2396} INFO - Sync 1 DAGs
[2021-11-18 18:58:34,137] {logging_mixin.py:109} INFO - [2021-11-18 18:58:34,137] {dag.py:2928} INFO - Setting next_dagrun for example_kubernetes_executor to None
[2021-11-18 18:58:34,142] {processor.py:171} INFO - Processing /Users/sravanisigadam/PycharmProjects/Airflow/venv/lib/python3.9/site-packages/airflow/example_dags/example_kubernetes_executor.py took 0.054 seconds
[2021-11-18 18:59:52,511] {processor.py:163} INFO - Started process (PID=56567) to work on /Users/sravanisigadam/PycharmProjects/Airflow/venv/lib/python3.9/site-packages/airflow/example_dags/example_kubernetes_executor.py
[2021-11-18 18:59:52,512] {processor.py:625} INFO - Processing file /Users/sravanisigadam/PycharmProjects/Airflow/venv/lib/python3.9/site-packages/airflow/example_dags/example_kubernetes_executor.py for tasks to queue
[2021-11-18 18:59:52,513] {logging_mixin.py:109} INFO - [2021-11-18 18:59:52,513] {dagbag.py:500} INFO - Filling up the DagBag from /Users/sravanisigadam/PycharmProjects/Airflow/venv/lib/python3.9/site-packages/airflow/example_dags/example_kubernetes_executor.py
[2021-11-18 18:59:52,548] {processor.py:637} INFO - DAG(s) dict_keys(['example_kubernetes_executor']) retrieved from /Users/sravanisigadam/PycharmProjects/Airflow/venv/lib/python3.9/site-packages/airflow/example_dags/example_kubernetes_executor.py
[2021-11-18 18:59:52,559] {logging_mixin.py:109} INFO - [2021-11-18 18:59:52,559] {dag.py:2396} INFO - Sync 1 DAGs
[2021-11-18 18:59:52,565] {logging_mixin.py:109} INFO - [2021-11-18 18:59:52,565] {dag.py:2928} INFO - Setting next_dagrun for example_kubernetes_executor to None
[2021-11-18 18:59:52,569] {processor.py:171} INFO - Processing /Users/sravanisigadam/PycharmProjects/Airflow/venv/lib/python3.9/site-packages/airflow/example_dags/example_kubernetes_executor.py took 0.058 seconds
[2021-11-18 19:01:13,329] {processor.py:163} INFO - Started process (PID=56619) to work on /Users/sravanisigadam/PycharmProjects/Airflow/venv/lib/python3.9/site-packages/airflow/example_dags/example_kubernetes_executor.py
[2021-11-18 19:01:13,330] {processor.py:625} INFO - Processing file /Users/sravanisigadam/PycharmProjects/Airflow/venv/lib/python3.9/site-packages/airflow/example_dags/example_kubernetes_executor.py for tasks to queue
[2021-11-18 19:01:13,331] {logging_mixin.py:109} INFO - [2021-11-18 19:01:13,331] {dagbag.py:500} INFO - Filling up the DagBag from /Users/sravanisigadam/PycharmProjects/Airflow/venv/lib/python3.9/site-packages/airflow/example_dags/example_kubernetes_executor.py
[2021-11-18 19:01:13,362] {processor.py:637} INFO - DAG(s) dict_keys(['example_kubernetes_executor']) retrieved from /Users/sravanisigadam/PycharmProjects/Airflow/venv/lib/python3.9/site-packages/airflow/example_dags/example_kubernetes_executor.py
[2021-11-18 19:01:13,372] {logging_mixin.py:109} INFO - [2021-11-18 19:01:13,372] {dag.py:2396} INFO - Sync 1 DAGs
[2021-11-18 19:01:13,378] {logging_mixin.py:109} INFO - [2021-11-18 19:01:13,378] {dag.py:2928} INFO - Setting next_dagrun for example_kubernetes_executor to None
[2021-11-18 19:01:13,382] {processor.py:171} INFO - Processing /Users/sravanisigadam/PycharmProjects/Airflow/venv/lib/python3.9/site-packages/airflow/example_dags/example_kubernetes_executor.py took 0.053 seconds
[2021-11-18 19:02:29,954] {processor.py:163} INFO - Started process (PID=56659) to work on /Users/sravanisigadam/PycharmProjects/Airflow/venv/lib/python3.9/site-packages/airflow/example_dags/example_kubernetes_executor.py
[2021-11-18 19:02:29,954] {processor.py:625} INFO - Processing file /Users/sravanisigadam/PycharmProjects/Airflow/venv/lib/python3.9/site-packages/airflow/example_dags/example_kubernetes_executor.py for tasks to queue
[2021-11-18 19:02:29,954] {logging_mixin.py:109} INFO - [2021-11-18 19:02:29,954] {dagbag.py:500} INFO - Filling up the DagBag from /Users/sravanisigadam/PycharmProjects/Airflow/venv/lib/python3.9/site-packages/airflow/example_dags/example_kubernetes_executor.py
[2021-11-18 19:02:29,988] {processor.py:637} INFO - DAG(s) dict_keys(['example_kubernetes_executor']) retrieved from /Users/sravanisigadam/PycharmProjects/Airflow/venv/lib/python3.9/site-packages/airflow/example_dags/example_kubernetes_executor.py
[2021-11-18 19:02:29,998] {logging_mixin.py:109} INFO - [2021-11-18 19:02:29,998] {dag.py:2396} INFO - Sync 1 DAGs
[2021-11-18 19:02:30,004] {logging_mixin.py:109} INFO - [2021-11-18 19:02:30,004] {dag.py:2928} INFO - Setting next_dagrun for example_kubernetes_executor to None
[2021-11-18 19:02:30,009] {processor.py:171} INFO - Processing /Users/sravanisigadam/PycharmProjects/Airflow/venv/lib/python3.9/site-packages/airflow/example_dags/example_kubernetes_executor.py took 0.055 seconds
[2021-11-18 19:03:48,376] {processor.py:163} INFO - Started process (PID=56703) to work on /Users/sravanisigadam/PycharmProjects/Airflow/venv/lib/python3.9/site-packages/airflow/example_dags/example_kubernetes_executor.py
[2021-11-18 19:03:48,377] {processor.py:625} INFO - Processing file /Users/sravanisigadam/PycharmProjects/Airflow/venv/lib/python3.9/site-packages/airflow/example_dags/example_kubernetes_executor.py for tasks to queue
[2021-11-18 19:03:48,377] {logging_mixin.py:109} INFO - [2021-11-18 19:03:48,377] {dagbag.py:500} INFO - Filling up the DagBag from /Users/sravanisigadam/PycharmProjects/Airflow/venv/lib/python3.9/site-packages/airflow/example_dags/example_kubernetes_executor.py
[2021-11-18 19:03:48,408] {processor.py:637} INFO - DAG(s) dict_keys(['example_kubernetes_executor']) retrieved from /Users/sravanisigadam/PycharmProjects/Airflow/venv/lib/python3.9/site-packages/airflow/example_dags/example_kubernetes_executor.py
[2021-11-18 19:03:48,418] {logging_mixin.py:109} INFO - [2021-11-18 19:03:48,418] {dag.py:2396} INFO - Sync 1 DAGs
[2021-11-18 19:03:48,424] {logging_mixin.py:109} INFO - [2021-11-18 19:03:48,424] {dag.py:2928} INFO - Setting next_dagrun for example_kubernetes_executor to None
[2021-11-18 19:03:48,429] {processor.py:171} INFO - Processing /Users/sravanisigadam/PycharmProjects/Airflow/venv/lib/python3.9/site-packages/airflow/example_dags/example_kubernetes_executor.py took 0.053 seconds
[2021-11-18 19:05:07,657] {processor.py:163} INFO - Started process (PID=56756) to work on /Users/sravanisigadam/PycharmProjects/Airflow/venv/lib/python3.9/site-packages/airflow/example_dags/example_kubernetes_executor.py
[2021-11-18 19:05:07,658] {processor.py:625} INFO - Processing file /Users/sravanisigadam/PycharmProjects/Airflow/venv/lib/python3.9/site-packages/airflow/example_dags/example_kubernetes_executor.py for tasks to queue
[2021-11-18 19:05:07,658] {logging_mixin.py:109} INFO - [2021-11-18 19:05:07,658] {dagbag.py:500} INFO - Filling up the DagBag from /Users/sravanisigadam/PycharmProjects/Airflow/venv/lib/python3.9/site-packages/airflow/example_dags/example_kubernetes_executor.py
[2021-11-18 19:05:07,690] {processor.py:637} INFO - DAG(s) dict_keys(['example_kubernetes_executor']) retrieved from /Users/sravanisigadam/PycharmProjects/Airflow/venv/lib/python3.9/site-packages/airflow/example_dags/example_kubernetes_executor.py
[2021-11-18 19:05:07,701] {logging_mixin.py:109} INFO - [2021-11-18 19:05:07,701] {dag.py:2396} INFO - Sync 1 DAGs
[2021-11-18 19:05:07,706] {logging_mixin.py:109} INFO - [2021-11-18 19:05:07,706] {dag.py:2928} INFO - Setting next_dagrun for example_kubernetes_executor to None
[2021-11-18 19:05:07,711] {processor.py:171} INFO - Processing /Users/sravanisigadam/PycharmProjects/Airflow/venv/lib/python3.9/site-packages/airflow/example_dags/example_kubernetes_executor.py took 0.054 seconds
[2021-11-18 19:06:25,600] {processor.py:163} INFO - Started process (PID=56825) to work on /Users/sravanisigadam/PycharmProjects/Airflow/venv/lib/python3.9/site-packages/airflow/example_dags/example_kubernetes_executor.py
[2021-11-18 19:06:25,601] {processor.py:625} INFO - Processing file /Users/sravanisigadam/PycharmProjects/Airflow/venv/lib/python3.9/site-packages/airflow/example_dags/example_kubernetes_executor.py for tasks to queue
[2021-11-18 19:06:25,601] {logging_mixin.py:109} INFO - [2021-11-18 19:06:25,601] {dagbag.py:500} INFO - Filling up the DagBag from /Users/sravanisigadam/PycharmProjects/Airflow/venv/lib/python3.9/site-packages/airflow/example_dags/example_kubernetes_executor.py
[2021-11-18 19:06:25,634] {processor.py:637} INFO - DAG(s) dict_keys(['example_kubernetes_executor']) retrieved from /Users/sravanisigadam/PycharmProjects/Airflow/venv/lib/python3.9/site-packages/airflow/example_dags/example_kubernetes_executor.py
[2021-11-18 19:06:25,645] {logging_mixin.py:109} INFO - [2021-11-18 19:06:25,645] {dag.py:2396} INFO - Sync 1 DAGs
[2021-11-18 19:06:25,650] {logging_mixin.py:109} INFO - [2021-11-18 19:06:25,650] {dag.py:2928} INFO - Setting next_dagrun for example_kubernetes_executor to None
[2021-11-18 19:06:25,655] {processor.py:171} INFO - Processing /Users/sravanisigadam/PycharmProjects/Airflow/venv/lib/python3.9/site-packages/airflow/example_dags/example_kubernetes_executor.py took 0.055 seconds
[2021-11-18 19:07:45,294] {processor.py:163} INFO - Started process (PID=56892) to work on /Users/sravanisigadam/PycharmProjects/Airflow/venv/lib/python3.9/site-packages/airflow/example_dags/example_kubernetes_executor.py
[2021-11-18 19:07:45,295] {processor.py:625} INFO - Processing file /Users/sravanisigadam/PycharmProjects/Airflow/venv/lib/python3.9/site-packages/airflow/example_dags/example_kubernetes_executor.py for tasks to queue
[2021-11-18 19:07:45,295] {logging_mixin.py:109} INFO - [2021-11-18 19:07:45,295] {dagbag.py:500} INFO - Filling up the DagBag from /Users/sravanisigadam/PycharmProjects/Airflow/venv/lib/python3.9/site-packages/airflow/example_dags/example_kubernetes_executor.py
[2021-11-18 19:07:45,327] {processor.py:637} INFO - DAG(s) dict_keys(['example_kubernetes_executor']) retrieved from /Users/sravanisigadam/PycharmProjects/Airflow/venv/lib/python3.9/site-packages/airflow/example_dags/example_kubernetes_executor.py
[2021-11-18 19:07:45,337] {logging_mixin.py:109} INFO - [2021-11-18 19:07:45,337] {dag.py:2396} INFO - Sync 1 DAGs
[2021-11-18 19:07:45,342] {logging_mixin.py:109} INFO - [2021-11-18 19:07:45,342] {dag.py:2928} INFO - Setting next_dagrun for example_kubernetes_executor to None
[2021-11-18 19:07:45,347] {processor.py:171} INFO - Processing /Users/sravanisigadam/PycharmProjects/Airflow/venv/lib/python3.9/site-packages/airflow/example_dags/example_kubernetes_executor.py took 0.053 seconds
[2021-11-18 19:09:03,385] {processor.py:163} INFO - Started process (PID=56948) to work on /Users/sravanisigadam/PycharmProjects/Airflow/venv/lib/python3.9/site-packages/airflow/example_dags/example_kubernetes_executor.py
[2021-11-18 19:09:03,385] {processor.py:625} INFO - Processing file /Users/sravanisigadam/PycharmProjects/Airflow/venv/lib/python3.9/site-packages/airflow/example_dags/example_kubernetes_executor.py for tasks to queue
[2021-11-18 19:09:03,385] {logging_mixin.py:109} INFO - [2021-11-18 19:09:03,385] {dagbag.py:500} INFO - Filling up the DagBag from /Users/sravanisigadam/PycharmProjects/Airflow/venv/lib/python3.9/site-packages/airflow/example_dags/example_kubernetes_executor.py
[2021-11-18 19:09:03,419] {processor.py:637} INFO - DAG(s) dict_keys(['example_kubernetes_executor']) retrieved from /Users/sravanisigadam/PycharmProjects/Airflow/venv/lib/python3.9/site-packages/airflow/example_dags/example_kubernetes_executor.py
[2021-11-18 19:09:03,430] {logging_mixin.py:109} INFO - [2021-11-18 19:09:03,430] {dag.py:2396} INFO - Sync 1 DAGs
[2021-11-18 19:09:03,436] {logging_mixin.py:109} INFO - [2021-11-18 19:09:03,436] {dag.py:2928} INFO - Setting next_dagrun for example_kubernetes_executor to None
[2021-11-18 19:09:03,441] {processor.py:171} INFO - Processing /Users/sravanisigadam/PycharmProjects/Airflow/venv/lib/python3.9/site-packages/airflow/example_dags/example_kubernetes_executor.py took 0.056 seconds
[2021-11-18 19:10:21,899] {processor.py:163} INFO - Started process (PID=56992) to work on /Users/sravanisigadam/PycharmProjects/Airflow/venv/lib/python3.9/site-packages/airflow/example_dags/example_kubernetes_executor.py
[2021-11-18 19:10:21,899] {processor.py:625} INFO - Processing file /Users/sravanisigadam/PycharmProjects/Airflow/venv/lib/python3.9/site-packages/airflow/example_dags/example_kubernetes_executor.py for tasks to queue
[2021-11-18 19:10:21,900] {logging_mixin.py:109} INFO - [2021-11-18 19:10:21,900] {dagbag.py:500} INFO - Filling up the DagBag from /Users/sravanisigadam/PycharmProjects/Airflow/venv/lib/python3.9/site-packages/airflow/example_dags/example_kubernetes_executor.py
[2021-11-18 19:10:21,933] {processor.py:637} INFO - DAG(s) dict_keys(['example_kubernetes_executor']) retrieved from /Users/sravanisigadam/PycharmProjects/Airflow/venv/lib/python3.9/site-packages/airflow/example_dags/example_kubernetes_executor.py
[2021-11-18 19:10:21,944] {logging_mixin.py:109} INFO - [2021-11-18 19:10:21,944] {dag.py:2396} INFO - Sync 1 DAGs
[2021-11-18 19:10:21,950] {logging_mixin.py:109} INFO - [2021-11-18 19:10:21,950] {dag.py:2928} INFO - Setting next_dagrun for example_kubernetes_executor to None
[2021-11-18 19:10:21,955] {processor.py:171} INFO - Processing /Users/sravanisigadam/PycharmProjects/Airflow/venv/lib/python3.9/site-packages/airflow/example_dags/example_kubernetes_executor.py took 0.056 seconds
[2021-11-18 19:11:42,263] {processor.py:163} INFO - Started process (PID=57039) to work on /Users/sravanisigadam/PycharmProjects/Airflow/venv/lib/python3.9/site-packages/airflow/example_dags/example_kubernetes_executor.py
[2021-11-18 19:11:42,264] {processor.py:625} INFO - Processing file /Users/sravanisigadam/PycharmProjects/Airflow/venv/lib/python3.9/site-packages/airflow/example_dags/example_kubernetes_executor.py for tasks to queue
[2021-11-18 19:11:42,264] {logging_mixin.py:109} INFO - [2021-11-18 19:11:42,264] {dagbag.py:500} INFO - Filling up the DagBag from /Users/sravanisigadam/PycharmProjects/Airflow/venv/lib/python3.9/site-packages/airflow/example_dags/example_kubernetes_executor.py
[2021-11-18 19:11:42,297] {processor.py:637} INFO - DAG(s) dict_keys(['example_kubernetes_executor']) retrieved from /Users/sravanisigadam/PycharmProjects/Airflow/venv/lib/python3.9/site-packages/airflow/example_dags/example_kubernetes_executor.py
[2021-11-18 19:11:42,308] {logging_mixin.py:109} INFO - [2021-11-18 19:11:42,308] {dag.py:2396} INFO - Sync 1 DAGs
[2021-11-18 19:11:42,314] {logging_mixin.py:109} INFO - [2021-11-18 19:11:42,314] {dag.py:2928} INFO - Setting next_dagrun for example_kubernetes_executor to None
[2021-11-18 19:11:42,319] {processor.py:171} INFO - Processing /Users/sravanisigadam/PycharmProjects/Airflow/venv/lib/python3.9/site-packages/airflow/example_dags/example_kubernetes_executor.py took 0.056 seconds
[2021-11-18 19:13:03,611] {processor.py:163} INFO - Started process (PID=57088) to work on /Users/sravanisigadam/PycharmProjects/Airflow/venv/lib/python3.9/site-packages/airflow/example_dags/example_kubernetes_executor.py
[2021-11-18 19:13:03,612] {processor.py:625} INFO - Processing file /Users/sravanisigadam/PycharmProjects/Airflow/venv/lib/python3.9/site-packages/airflow/example_dags/example_kubernetes_executor.py for tasks to queue
[2021-11-18 19:13:03,612] {logging_mixin.py:109} INFO - [2021-11-18 19:13:03,612] {dagbag.py:500} INFO - Filling up the DagBag from /Users/sravanisigadam/PycharmProjects/Airflow/venv/lib/python3.9/site-packages/airflow/example_dags/example_kubernetes_executor.py
[2021-11-18 19:13:03,647] {processor.py:637} INFO - DAG(s) dict_keys(['example_kubernetes_executor']) retrieved from /Users/sravanisigadam/PycharmProjects/Airflow/venv/lib/python3.9/site-packages/airflow/example_dags/example_kubernetes_executor.py
[2021-11-18 19:13:03,659] {logging_mixin.py:109} INFO - [2021-11-18 19:13:03,659] {dag.py:2396} INFO - Sync 1 DAGs
[2021-11-18 19:13:03,664] {logging_mixin.py:109} INFO - [2021-11-18 19:13:03,664] {dag.py:2928} INFO - Setting next_dagrun for example_kubernetes_executor to None
[2021-11-18 19:13:03,670] {processor.py:171} INFO - Processing /Users/sravanisigadam/PycharmProjects/Airflow/venv/lib/python3.9/site-packages/airflow/example_dags/example_kubernetes_executor.py took 0.059 seconds
[2021-11-18 19:14:26,682] {processor.py:163} INFO - Started process (PID=57164) to work on /Users/sravanisigadam/PycharmProjects/Airflow/venv/lib/python3.9/site-packages/airflow/example_dags/example_kubernetes_executor.py
[2021-11-18 19:14:26,683] {processor.py:625} INFO - Processing file /Users/sravanisigadam/PycharmProjects/Airflow/venv/lib/python3.9/site-packages/airflow/example_dags/example_kubernetes_executor.py for tasks to queue
[2021-11-18 19:14:26,683] {logging_mixin.py:109} INFO - [2021-11-18 19:14:26,683] {dagbag.py:500} INFO - Filling up the DagBag from /Users/sravanisigadam/PycharmProjects/Airflow/venv/lib/python3.9/site-packages/airflow/example_dags/example_kubernetes_executor.py
[2021-11-18 19:14:26,718] {processor.py:637} INFO - DAG(s) dict_keys(['example_kubernetes_executor']) retrieved from /Users/sravanisigadam/PycharmProjects/Airflow/venv/lib/python3.9/site-packages/airflow/example_dags/example_kubernetes_executor.py
[2021-11-18 19:14:26,729] {logging_mixin.py:109} INFO - [2021-11-18 19:14:26,729] {dag.py:2396} INFO - Sync 1 DAGs
[2021-11-18 19:14:26,735] {logging_mixin.py:109} INFO - [2021-11-18 19:14:26,735] {dag.py:2928} INFO - Setting next_dagrun for example_kubernetes_executor to None
[2021-11-18 19:14:26,739] {processor.py:171} INFO - Processing /Users/sravanisigadam/PycharmProjects/Airflow/venv/lib/python3.9/site-packages/airflow/example_dags/example_kubernetes_executor.py took 0.058 seconds
