[2021-11-18 18:24:30,964] {processor.py:163} INFO - Started process (PID=55604) to work on /Users/sravanisigadam/PycharmProjects/Airflow/venv/lib/python3.9/site-packages/airflow/example_dags/example_kubernetes_executor_config.py
[2021-11-18 18:24:30,964] {processor.py:625} INFO - Processing file /Users/sravanisigadam/PycharmProjects/Airflow/venv/lib/python3.9/site-packages/airflow/example_dags/example_kubernetes_executor_config.py for tasks to queue
[2021-11-18 18:24:30,965] {logging_mixin.py:109} INFO - [2021-11-18 18:24:30,965] {dagbag.py:500} INFO - Filling up the DagBag from /Users/sravanisigadam/PycharmProjects/Airflow/venv/lib/python3.9/site-packages/airflow/example_dags/example_kubernetes_executor_config.py
[2021-11-18 18:24:30,977] {logging_mixin.py:109} INFO - [2021-11-18 18:24:30,977] {example_kubernetes_executor_config.py:171} WARNING - Could not import DAGs in example_kubernetes_executor_config.py: No module named 'kubernetes'
[2021-11-18 18:24:30,977] {logging_mixin.py:109} INFO - [2021-11-18 18:24:30,977] {example_kubernetes_executor_config.py:172} WARNING - Install kubernetes dependencies with: pip install apache-airflow['cncf.kubernetes']
[2021-11-18 18:24:30,993] {processor.py:639} WARNING - No viable dags retrieved from /Users/sravanisigadam/PycharmProjects/Airflow/venv/lib/python3.9/site-packages/airflow/example_dags/example_kubernetes_executor_config.py
[2021-11-18 18:24:30,995] {processor.py:171} INFO - Processing /Users/sravanisigadam/PycharmProjects/Airflow/venv/lib/python3.9/site-packages/airflow/example_dags/example_kubernetes_executor_config.py took 0.031 seconds
[2021-11-18 18:25:49,579] {processor.py:163} INFO - Started process (PID=55684) to work on /Users/sravanisigadam/PycharmProjects/Airflow/venv/lib/python3.9/site-packages/airflow/example_dags/example_kubernetes_executor_config.py
[2021-11-18 18:25:49,579] {processor.py:625} INFO - Processing file /Users/sravanisigadam/PycharmProjects/Airflow/venv/lib/python3.9/site-packages/airflow/example_dags/example_kubernetes_executor_config.py for tasks to queue
[2021-11-18 18:25:49,579] {logging_mixin.py:109} INFO - [2021-11-18 18:25:49,579] {dagbag.py:500} INFO - Filling up the DagBag from /Users/sravanisigadam/PycharmProjects/Airflow/venv/lib/python3.9/site-packages/airflow/example_dags/example_kubernetes_executor_config.py
[2021-11-18 18:25:49,591] {logging_mixin.py:109} INFO - [2021-11-18 18:25:49,591] {example_kubernetes_executor_config.py:171} WARNING - Could not import DAGs in example_kubernetes_executor_config.py: No module named 'kubernetes'
[2021-11-18 18:25:49,591] {logging_mixin.py:109} INFO - [2021-11-18 18:25:49,591] {example_kubernetes_executor_config.py:172} WARNING - Install kubernetes dependencies with: pip install apache-airflow['cncf.kubernetes']
[2021-11-18 18:25:49,609] {processor.py:639} WARNING - No viable dags retrieved from /Users/sravanisigadam/PycharmProjects/Airflow/venv/lib/python3.9/site-packages/airflow/example_dags/example_kubernetes_executor_config.py
[2021-11-18 18:25:49,610] {processor.py:171} INFO - Processing /Users/sravanisigadam/PycharmProjects/Airflow/venv/lib/python3.9/site-packages/airflow/example_dags/example_kubernetes_executor_config.py took 0.032 seconds
[2021-11-18 18:27:09,971] {processor.py:163} INFO - Started process (PID=55820) to work on /Users/sravanisigadam/PycharmProjects/Airflow/venv/lib/python3.9/site-packages/airflow/example_dags/example_kubernetes_executor_config.py
[2021-11-18 18:27:09,971] {processor.py:625} INFO - Processing file /Users/sravanisigadam/PycharmProjects/Airflow/venv/lib/python3.9/site-packages/airflow/example_dags/example_kubernetes_executor_config.py for tasks to queue
[2021-11-18 18:27:09,972] {logging_mixin.py:109} INFO - [2021-11-18 18:27:09,971] {dagbag.py:500} INFO - Filling up the DagBag from /Users/sravanisigadam/PycharmProjects/Airflow/venv/lib/python3.9/site-packages/airflow/example_dags/example_kubernetes_executor_config.py
[2021-11-18 18:27:09,986] {logging_mixin.py:109} INFO - [2021-11-18 18:27:09,986] {example_kubernetes_executor_config.py:171} WARNING - Could not import DAGs in example_kubernetes_executor_config.py: No module named 'kubernetes'
[2021-11-18 18:27:09,986] {logging_mixin.py:109} INFO - [2021-11-18 18:27:09,986] {example_kubernetes_executor_config.py:172} WARNING - Install kubernetes dependencies with: pip install apache-airflow['cncf.kubernetes']
[2021-11-18 18:27:10,003] {processor.py:639} WARNING - No viable dags retrieved from /Users/sravanisigadam/PycharmProjects/Airflow/venv/lib/python3.9/site-packages/airflow/example_dags/example_kubernetes_executor_config.py
[2021-11-18 18:27:10,004] {processor.py:171} INFO - Processing /Users/sravanisigadam/PycharmProjects/Airflow/venv/lib/python3.9/site-packages/airflow/example_dags/example_kubernetes_executor_config.py took 0.034 seconds
[2021-11-18 18:28:30,156] {processor.py:163} INFO - Started process (PID=55891) to work on /Users/sravanisigadam/PycharmProjects/Airflow/venv/lib/python3.9/site-packages/airflow/example_dags/example_kubernetes_executor_config.py
[2021-11-18 18:28:30,157] {processor.py:625} INFO - Processing file /Users/sravanisigadam/PycharmProjects/Airflow/venv/lib/python3.9/site-packages/airflow/example_dags/example_kubernetes_executor_config.py for tasks to queue
[2021-11-18 18:28:30,157] {logging_mixin.py:109} INFO - [2021-11-18 18:28:30,157] {dagbag.py:500} INFO - Filling up the DagBag from /Users/sravanisigadam/PycharmProjects/Airflow/venv/lib/python3.9/site-packages/airflow/example_dags/example_kubernetes_executor_config.py
[2021-11-18 18:28:30,171] {logging_mixin.py:109} INFO - [2021-11-18 18:28:30,171] {example_kubernetes_executor_config.py:171} WARNING - Could not import DAGs in example_kubernetes_executor_config.py: No module named 'kubernetes'
[2021-11-18 18:28:30,171] {logging_mixin.py:109} INFO - [2021-11-18 18:28:30,171] {example_kubernetes_executor_config.py:172} WARNING - Install kubernetes dependencies with: pip install apache-airflow['cncf.kubernetes']
[2021-11-18 18:28:30,187] {processor.py:639} WARNING - No viable dags retrieved from /Users/sravanisigadam/PycharmProjects/Airflow/venv/lib/python3.9/site-packages/airflow/example_dags/example_kubernetes_executor_config.py
[2021-11-18 18:28:30,188] {processor.py:171} INFO - Processing /Users/sravanisigadam/PycharmProjects/Airflow/venv/lib/python3.9/site-packages/airflow/example_dags/example_kubernetes_executor_config.py took 0.032 seconds
[2021-11-18 18:29:50,248] {processor.py:163} INFO - Started process (PID=55930) to work on /Users/sravanisigadam/PycharmProjects/Airflow/venv/lib/python3.9/site-packages/airflow/example_dags/example_kubernetes_executor_config.py
[2021-11-18 18:29:50,248] {processor.py:625} INFO - Processing file /Users/sravanisigadam/PycharmProjects/Airflow/venv/lib/python3.9/site-packages/airflow/example_dags/example_kubernetes_executor_config.py for tasks to queue
[2021-11-18 18:29:50,248] {logging_mixin.py:109} INFO - [2021-11-18 18:29:50,248] {dagbag.py:500} INFO - Filling up the DagBag from /Users/sravanisigadam/PycharmProjects/Airflow/venv/lib/python3.9/site-packages/airflow/example_dags/example_kubernetes_executor_config.py
[2021-11-18 18:29:50,262] {logging_mixin.py:109} INFO - [2021-11-18 18:29:50,262] {example_kubernetes_executor_config.py:171} WARNING - Could not import DAGs in example_kubernetes_executor_config.py: No module named 'kubernetes'
[2021-11-18 18:29:50,262] {logging_mixin.py:109} INFO - [2021-11-18 18:29:50,262] {example_kubernetes_executor_config.py:172} WARNING - Install kubernetes dependencies with: pip install apache-airflow['cncf.kubernetes']
[2021-11-18 18:29:50,277] {processor.py:639} WARNING - No viable dags retrieved from /Users/sravanisigadam/PycharmProjects/Airflow/venv/lib/python3.9/site-packages/airflow/example_dags/example_kubernetes_executor_config.py
[2021-11-18 18:29:50,279] {processor.py:171} INFO - Processing /Users/sravanisigadam/PycharmProjects/Airflow/venv/lib/python3.9/site-packages/airflow/example_dags/example_kubernetes_executor_config.py took 0.031 seconds
[2021-11-18 18:31:10,359] {processor.py:163} INFO - Started process (PID=55971) to work on /Users/sravanisigadam/PycharmProjects/Airflow/venv/lib/python3.9/site-packages/airflow/example_dags/example_kubernetes_executor_config.py
[2021-11-18 18:31:10,359] {processor.py:625} INFO - Processing file /Users/sravanisigadam/PycharmProjects/Airflow/venv/lib/python3.9/site-packages/airflow/example_dags/example_kubernetes_executor_config.py for tasks to queue
[2021-11-18 18:31:10,359] {logging_mixin.py:109} INFO - [2021-11-18 18:31:10,359] {dagbag.py:500} INFO - Filling up the DagBag from /Users/sravanisigadam/PycharmProjects/Airflow/venv/lib/python3.9/site-packages/airflow/example_dags/example_kubernetes_executor_config.py
[2021-11-18 18:31:10,373] {logging_mixin.py:109} INFO - [2021-11-18 18:31:10,373] {example_kubernetes_executor_config.py:171} WARNING - Could not import DAGs in example_kubernetes_executor_config.py: No module named 'kubernetes'
[2021-11-18 18:31:10,373] {logging_mixin.py:109} INFO - [2021-11-18 18:31:10,373] {example_kubernetes_executor_config.py:172} WARNING - Install kubernetes dependencies with: pip install apache-airflow['cncf.kubernetes']
[2021-11-18 18:31:10,388] {processor.py:639} WARNING - No viable dags retrieved from /Users/sravanisigadam/PycharmProjects/Airflow/venv/lib/python3.9/site-packages/airflow/example_dags/example_kubernetes_executor_config.py
[2021-11-18 18:31:10,390] {processor.py:171} INFO - Processing /Users/sravanisigadam/PycharmProjects/Airflow/venv/lib/python3.9/site-packages/airflow/example_dags/example_kubernetes_executor_config.py took 0.031 seconds
[2021-11-18 18:32:30,562] {processor.py:163} INFO - Started process (PID=56018) to work on /Users/sravanisigadam/PycharmProjects/Airflow/venv/lib/python3.9/site-packages/airflow/example_dags/example_kubernetes_executor_config.py
[2021-11-18 18:32:30,562] {processor.py:625} INFO - Processing file /Users/sravanisigadam/PycharmProjects/Airflow/venv/lib/python3.9/site-packages/airflow/example_dags/example_kubernetes_executor_config.py for tasks to queue
[2021-11-18 18:32:30,563] {logging_mixin.py:109} INFO - [2021-11-18 18:32:30,563] {dagbag.py:500} INFO - Filling up the DagBag from /Users/sravanisigadam/PycharmProjects/Airflow/venv/lib/python3.9/site-packages/airflow/example_dags/example_kubernetes_executor_config.py
[2021-11-18 18:32:30,576] {logging_mixin.py:109} INFO - [2021-11-18 18:32:30,576] {example_kubernetes_executor_config.py:171} WARNING - Could not import DAGs in example_kubernetes_executor_config.py: No module named 'kubernetes'
[2021-11-18 18:32:30,576] {logging_mixin.py:109} INFO - [2021-11-18 18:32:30,576] {example_kubernetes_executor_config.py:172} WARNING - Install kubernetes dependencies with: pip install apache-airflow['cncf.kubernetes']
[2021-11-18 18:32:30,591] {processor.py:639} WARNING - No viable dags retrieved from /Users/sravanisigadam/PycharmProjects/Airflow/venv/lib/python3.9/site-packages/airflow/example_dags/example_kubernetes_executor_config.py
[2021-11-18 18:32:30,592] {processor.py:171} INFO - Processing /Users/sravanisigadam/PycharmProjects/Airflow/venv/lib/python3.9/site-packages/airflow/example_dags/example_kubernetes_executor_config.py took 0.030 seconds
[2021-11-18 18:33:48,821] {processor.py:163} INFO - Started process (PID=56074) to work on /Users/sravanisigadam/PycharmProjects/Airflow/venv/lib/python3.9/site-packages/airflow/example_dags/example_kubernetes_executor_config.py
[2021-11-18 18:33:48,823] {processor.py:625} INFO - Processing file /Users/sravanisigadam/PycharmProjects/Airflow/venv/lib/python3.9/site-packages/airflow/example_dags/example_kubernetes_executor_config.py for tasks to queue
[2021-11-18 18:33:48,823] {logging_mixin.py:109} INFO - [2021-11-18 18:33:48,823] {dagbag.py:500} INFO - Filling up the DagBag from /Users/sravanisigadam/PycharmProjects/Airflow/venv/lib/python3.9/site-packages/airflow/example_dags/example_kubernetes_executor_config.py
[2021-11-18 18:33:48,838] {logging_mixin.py:109} INFO - [2021-11-18 18:33:48,838] {example_kubernetes_executor_config.py:171} WARNING - Could not import DAGs in example_kubernetes_executor_config.py: No module named 'kubernetes'
[2021-11-18 18:33:48,838] {logging_mixin.py:109} INFO - [2021-11-18 18:33:48,838] {example_kubernetes_executor_config.py:172} WARNING - Install kubernetes dependencies with: pip install apache-airflow['cncf.kubernetes']
[2021-11-18 18:33:48,853] {processor.py:639} WARNING - No viable dags retrieved from /Users/sravanisigadam/PycharmProjects/Airflow/venv/lib/python3.9/site-packages/airflow/example_dags/example_kubernetes_executor_config.py
[2021-11-18 18:33:48,854] {processor.py:171} INFO - Processing /Users/sravanisigadam/PycharmProjects/Airflow/venv/lib/python3.9/site-packages/airflow/example_dags/example_kubernetes_executor_config.py took 0.033 seconds
[2021-11-18 18:46:46,012] {processor.py:163} INFO - Started process (PID=56116) to work on /Users/sravanisigadam/PycharmProjects/Airflow/venv/lib/python3.9/site-packages/airflow/example_dags/example_kubernetes_executor_config.py
[2021-11-18 18:46:46,013] {processor.py:625} INFO - Processing file /Users/sravanisigadam/PycharmProjects/Airflow/venv/lib/python3.9/site-packages/airflow/example_dags/example_kubernetes_executor_config.py for tasks to queue
[2021-11-18 18:46:46,013] {logging_mixin.py:109} INFO - [2021-11-18 18:46:46,013] {dagbag.py:500} INFO - Filling up the DagBag from /Users/sravanisigadam/PycharmProjects/Airflow/venv/lib/python3.9/site-packages/airflow/example_dags/example_kubernetes_executor_config.py
[2021-11-18 18:46:46,026] {logging_mixin.py:109} INFO - [2021-11-18 18:46:46,026] {example_kubernetes_executor_config.py:171} WARNING - Could not import DAGs in example_kubernetes_executor_config.py: No module named 'kubernetes'
[2021-11-18 18:46:46,026] {logging_mixin.py:109} INFO - [2021-11-18 18:46:46,026] {example_kubernetes_executor_config.py:172} WARNING - Install kubernetes dependencies with: pip install apache-airflow['cncf.kubernetes']
[2021-11-18 18:46:46,042] {processor.py:639} WARNING - No viable dags retrieved from /Users/sravanisigadam/PycharmProjects/Airflow/venv/lib/python3.9/site-packages/airflow/example_dags/example_kubernetes_executor_config.py
[2021-11-18 18:46:46,043] {processor.py:171} INFO - Processing /Users/sravanisigadam/PycharmProjects/Airflow/venv/lib/python3.9/site-packages/airflow/example_dags/example_kubernetes_executor_config.py took 0.032 seconds
[2021-11-18 18:48:04,317] {processor.py:163} INFO - Started process (PID=56172) to work on /Users/sravanisigadam/PycharmProjects/Airflow/venv/lib/python3.9/site-packages/airflow/example_dags/example_kubernetes_executor_config.py
[2021-11-18 18:48:04,319] {processor.py:625} INFO - Processing file /Users/sravanisigadam/PycharmProjects/Airflow/venv/lib/python3.9/site-packages/airflow/example_dags/example_kubernetes_executor_config.py for tasks to queue
[2021-11-18 18:48:04,319] {logging_mixin.py:109} INFO - [2021-11-18 18:48:04,319] {dagbag.py:500} INFO - Filling up the DagBag from /Users/sravanisigadam/PycharmProjects/Airflow/venv/lib/python3.9/site-packages/airflow/example_dags/example_kubernetes_executor_config.py
[2021-11-18 18:48:04,334] {logging_mixin.py:109} INFO - [2021-11-18 18:48:04,334] {example_kubernetes_executor_config.py:171} WARNING - Could not import DAGs in example_kubernetes_executor_config.py: No module named 'kubernetes'
[2021-11-18 18:48:04,334] {logging_mixin.py:109} INFO - [2021-11-18 18:48:04,334] {example_kubernetes_executor_config.py:172} WARNING - Install kubernetes dependencies with: pip install apache-airflow['cncf.kubernetes']
[2021-11-18 18:48:04,350] {processor.py:639} WARNING - No viable dags retrieved from /Users/sravanisigadam/PycharmProjects/Airflow/venv/lib/python3.9/site-packages/airflow/example_dags/example_kubernetes_executor_config.py
[2021-11-18 18:48:04,351] {processor.py:171} INFO - Processing /Users/sravanisigadam/PycharmProjects/Airflow/venv/lib/python3.9/site-packages/airflow/example_dags/example_kubernetes_executor_config.py took 0.034 seconds
[2021-11-18 18:49:25,617] {processor.py:163} INFO - Started process (PID=56230) to work on /Users/sravanisigadam/PycharmProjects/Airflow/venv/lib/python3.9/site-packages/airflow/example_dags/example_kubernetes_executor_config.py
[2021-11-18 18:49:25,619] {processor.py:625} INFO - Processing file /Users/sravanisigadam/PycharmProjects/Airflow/venv/lib/python3.9/site-packages/airflow/example_dags/example_kubernetes_executor_config.py for tasks to queue
[2021-11-18 18:49:25,619] {logging_mixin.py:109} INFO - [2021-11-18 18:49:25,619] {dagbag.py:500} INFO - Filling up the DagBag from /Users/sravanisigadam/PycharmProjects/Airflow/venv/lib/python3.9/site-packages/airflow/example_dags/example_kubernetes_executor_config.py
[2021-11-18 18:49:25,634] {logging_mixin.py:109} INFO - [2021-11-18 18:49:25,634] {example_kubernetes_executor_config.py:171} WARNING - Could not import DAGs in example_kubernetes_executor_config.py: No module named 'kubernetes'
[2021-11-18 18:49:25,634] {logging_mixin.py:109} INFO - [2021-11-18 18:49:25,634] {example_kubernetes_executor_config.py:172} WARNING - Install kubernetes dependencies with: pip install apache-airflow['cncf.kubernetes']
[2021-11-18 18:49:25,649] {processor.py:639} WARNING - No viable dags retrieved from /Users/sravanisigadam/PycharmProjects/Airflow/venv/lib/python3.9/site-packages/airflow/example_dags/example_kubernetes_executor_config.py
[2021-11-18 18:49:25,651] {processor.py:171} INFO - Processing /Users/sravanisigadam/PycharmProjects/Airflow/venv/lib/python3.9/site-packages/airflow/example_dags/example_kubernetes_executor_config.py took 0.034 seconds
[2021-11-18 18:50:45,582] {processor.py:163} INFO - Started process (PID=56272) to work on /Users/sravanisigadam/PycharmProjects/Airflow/venv/lib/python3.9/site-packages/airflow/example_dags/example_kubernetes_executor_config.py
[2021-11-18 18:50:45,582] {processor.py:625} INFO - Processing file /Users/sravanisigadam/PycharmProjects/Airflow/venv/lib/python3.9/site-packages/airflow/example_dags/example_kubernetes_executor_config.py for tasks to queue
[2021-11-18 18:50:45,582] {logging_mixin.py:109} INFO - [2021-11-18 18:50:45,582] {dagbag.py:500} INFO - Filling up the DagBag from /Users/sravanisigadam/PycharmProjects/Airflow/venv/lib/python3.9/site-packages/airflow/example_dags/example_kubernetes_executor_config.py
[2021-11-18 18:50:45,596] {logging_mixin.py:109} INFO - [2021-11-18 18:50:45,596] {example_kubernetes_executor_config.py:171} WARNING - Could not import DAGs in example_kubernetes_executor_config.py: No module named 'kubernetes'
[2021-11-18 18:50:45,596] {logging_mixin.py:109} INFO - [2021-11-18 18:50:45,596] {example_kubernetes_executor_config.py:172} WARNING - Install kubernetes dependencies with: pip install apache-airflow['cncf.kubernetes']
[2021-11-18 18:50:45,612] {processor.py:639} WARNING - No viable dags retrieved from /Users/sravanisigadam/PycharmProjects/Airflow/venv/lib/python3.9/site-packages/airflow/example_dags/example_kubernetes_executor_config.py
[2021-11-18 18:50:45,613] {processor.py:171} INFO - Processing /Users/sravanisigadam/PycharmProjects/Airflow/venv/lib/python3.9/site-packages/airflow/example_dags/example_kubernetes_executor_config.py took 0.031 seconds
[2021-11-18 18:52:02,607] {processor.py:163} INFO - Started process (PID=56312) to work on /Users/sravanisigadam/PycharmProjects/Airflow/venv/lib/python3.9/site-packages/airflow/example_dags/example_kubernetes_executor_config.py
[2021-11-18 18:52:02,609] {processor.py:625} INFO - Processing file /Users/sravanisigadam/PycharmProjects/Airflow/venv/lib/python3.9/site-packages/airflow/example_dags/example_kubernetes_executor_config.py for tasks to queue
[2021-11-18 18:52:02,609] {logging_mixin.py:109} INFO - [2021-11-18 18:52:02,609] {dagbag.py:500} INFO - Filling up the DagBag from /Users/sravanisigadam/PycharmProjects/Airflow/venv/lib/python3.9/site-packages/airflow/example_dags/example_kubernetes_executor_config.py
[2021-11-18 18:52:02,624] {logging_mixin.py:109} INFO - [2021-11-18 18:52:02,624] {example_kubernetes_executor_config.py:171} WARNING - Could not import DAGs in example_kubernetes_executor_config.py: No module named 'kubernetes'
[2021-11-18 18:52:02,625] {logging_mixin.py:109} INFO - [2021-11-18 18:52:02,624] {example_kubernetes_executor_config.py:172} WARNING - Install kubernetes dependencies with: pip install apache-airflow['cncf.kubernetes']
[2021-11-18 18:52:02,640] {processor.py:639} WARNING - No viable dags retrieved from /Users/sravanisigadam/PycharmProjects/Airflow/venv/lib/python3.9/site-packages/airflow/example_dags/example_kubernetes_executor_config.py
[2021-11-18 18:52:02,641] {processor.py:171} INFO - Processing /Users/sravanisigadam/PycharmProjects/Airflow/venv/lib/python3.9/site-packages/airflow/example_dags/example_kubernetes_executor_config.py took 0.034 seconds
[2021-11-18 18:53:20,071] {processor.py:163} INFO - Started process (PID=56355) to work on /Users/sravanisigadam/PycharmProjects/Airflow/venv/lib/python3.9/site-packages/airflow/example_dags/example_kubernetes_executor_config.py
[2021-11-18 18:53:20,072] {processor.py:625} INFO - Processing file /Users/sravanisigadam/PycharmProjects/Airflow/venv/lib/python3.9/site-packages/airflow/example_dags/example_kubernetes_executor_config.py for tasks to queue
[2021-11-18 18:53:20,072] {logging_mixin.py:109} INFO - [2021-11-18 18:53:20,072] {dagbag.py:500} INFO - Filling up the DagBag from /Users/sravanisigadam/PycharmProjects/Airflow/venv/lib/python3.9/site-packages/airflow/example_dags/example_kubernetes_executor_config.py
[2021-11-18 18:53:20,086] {logging_mixin.py:109} INFO - [2021-11-18 18:53:20,086] {example_kubernetes_executor_config.py:171} WARNING - Could not import DAGs in example_kubernetes_executor_config.py: No module named 'kubernetes'
[2021-11-18 18:53:20,086] {logging_mixin.py:109} INFO - [2021-11-18 18:53:20,086] {example_kubernetes_executor_config.py:172} WARNING - Install kubernetes dependencies with: pip install apache-airflow['cncf.kubernetes']
[2021-11-18 18:53:20,102] {processor.py:639} WARNING - No viable dags retrieved from /Users/sravanisigadam/PycharmProjects/Airflow/venv/lib/python3.9/site-packages/airflow/example_dags/example_kubernetes_executor_config.py
[2021-11-18 18:53:20,103] {processor.py:171} INFO - Processing /Users/sravanisigadam/PycharmProjects/Airflow/venv/lib/python3.9/site-packages/airflow/example_dags/example_kubernetes_executor_config.py took 0.032 seconds
[2021-11-18 18:54:38,230] {processor.py:163} INFO - Started process (PID=56395) to work on /Users/sravanisigadam/PycharmProjects/Airflow/venv/lib/python3.9/site-packages/airflow/example_dags/example_kubernetes_executor_config.py
[2021-11-18 18:54:38,231] {processor.py:625} INFO - Processing file /Users/sravanisigadam/PycharmProjects/Airflow/venv/lib/python3.9/site-packages/airflow/example_dags/example_kubernetes_executor_config.py for tasks to queue
[2021-11-18 18:54:38,231] {logging_mixin.py:109} INFO - [2021-11-18 18:54:38,231] {dagbag.py:500} INFO - Filling up the DagBag from /Users/sravanisigadam/PycharmProjects/Airflow/venv/lib/python3.9/site-packages/airflow/example_dags/example_kubernetes_executor_config.py
[2021-11-18 18:54:38,245] {logging_mixin.py:109} INFO - [2021-11-18 18:54:38,245] {example_kubernetes_executor_config.py:171} WARNING - Could not import DAGs in example_kubernetes_executor_config.py: No module named 'kubernetes'
[2021-11-18 18:54:38,245] {logging_mixin.py:109} INFO - [2021-11-18 18:54:38,245] {example_kubernetes_executor_config.py:172} WARNING - Install kubernetes dependencies with: pip install apache-airflow['cncf.kubernetes']
[2021-11-18 18:54:38,261] {processor.py:639} WARNING - No viable dags retrieved from /Users/sravanisigadam/PycharmProjects/Airflow/venv/lib/python3.9/site-packages/airflow/example_dags/example_kubernetes_executor_config.py
[2021-11-18 18:54:38,262] {processor.py:171} INFO - Processing /Users/sravanisigadam/PycharmProjects/Airflow/venv/lib/python3.9/site-packages/airflow/example_dags/example_kubernetes_executor_config.py took 0.033 seconds
[2021-11-18 18:55:56,092] {processor.py:163} INFO - Started process (PID=56437) to work on /Users/sravanisigadam/PycharmProjects/Airflow/venv/lib/python3.9/site-packages/airflow/example_dags/example_kubernetes_executor_config.py
[2021-11-18 18:55:56,093] {processor.py:625} INFO - Processing file /Users/sravanisigadam/PycharmProjects/Airflow/venv/lib/python3.9/site-packages/airflow/example_dags/example_kubernetes_executor_config.py for tasks to queue
[2021-11-18 18:55:56,094] {logging_mixin.py:109} INFO - [2021-11-18 18:55:56,094] {dagbag.py:500} INFO - Filling up the DagBag from /Users/sravanisigadam/PycharmProjects/Airflow/venv/lib/python3.9/site-packages/airflow/example_dags/example_kubernetes_executor_config.py
[2021-11-18 18:55:56,106] {logging_mixin.py:109} INFO - [2021-11-18 18:55:56,106] {example_kubernetes_executor_config.py:171} WARNING - Could not import DAGs in example_kubernetes_executor_config.py: No module named 'kubernetes'
[2021-11-18 18:55:56,106] {logging_mixin.py:109} INFO - [2021-11-18 18:55:56,106] {example_kubernetes_executor_config.py:172} WARNING - Install kubernetes dependencies with: pip install apache-airflow['cncf.kubernetes']
[2021-11-18 18:55:56,122] {processor.py:639} WARNING - No viable dags retrieved from /Users/sravanisigadam/PycharmProjects/Airflow/venv/lib/python3.9/site-packages/airflow/example_dags/example_kubernetes_executor_config.py
[2021-11-18 18:55:56,123] {processor.py:171} INFO - Processing /Users/sravanisigadam/PycharmProjects/Airflow/venv/lib/python3.9/site-packages/airflow/example_dags/example_kubernetes_executor_config.py took 0.031 seconds
[2021-11-18 18:57:14,032] {processor.py:163} INFO - Started process (PID=56479) to work on /Users/sravanisigadam/PycharmProjects/Airflow/venv/lib/python3.9/site-packages/airflow/example_dags/example_kubernetes_executor_config.py
[2021-11-18 18:57:14,033] {processor.py:625} INFO - Processing file /Users/sravanisigadam/PycharmProjects/Airflow/venv/lib/python3.9/site-packages/airflow/example_dags/example_kubernetes_executor_config.py for tasks to queue
[2021-11-18 18:57:14,033] {logging_mixin.py:109} INFO - [2021-11-18 18:57:14,033] {dagbag.py:500} INFO - Filling up the DagBag from /Users/sravanisigadam/PycharmProjects/Airflow/venv/lib/python3.9/site-packages/airflow/example_dags/example_kubernetes_executor_config.py
[2021-11-18 18:57:14,046] {logging_mixin.py:109} INFO - [2021-11-18 18:57:14,046] {example_kubernetes_executor_config.py:171} WARNING - Could not import DAGs in example_kubernetes_executor_config.py: No module named 'kubernetes'
[2021-11-18 18:57:14,046] {logging_mixin.py:109} INFO - [2021-11-18 18:57:14,046] {example_kubernetes_executor_config.py:172} WARNING - Install kubernetes dependencies with: pip install apache-airflow['cncf.kubernetes']
[2021-11-18 18:57:14,061] {processor.py:639} WARNING - No viable dags retrieved from /Users/sravanisigadam/PycharmProjects/Airflow/venv/lib/python3.9/site-packages/airflow/example_dags/example_kubernetes_executor_config.py
[2021-11-18 18:57:14,062] {processor.py:171} INFO - Processing /Users/sravanisigadam/PycharmProjects/Airflow/venv/lib/python3.9/site-packages/airflow/example_dags/example_kubernetes_executor_config.py took 0.031 seconds
[2021-11-18 18:58:32,285] {processor.py:163} INFO - Started process (PID=56528) to work on /Users/sravanisigadam/PycharmProjects/Airflow/venv/lib/python3.9/site-packages/airflow/example_dags/example_kubernetes_executor_config.py
[2021-11-18 18:58:32,286] {processor.py:625} INFO - Processing file /Users/sravanisigadam/PycharmProjects/Airflow/venv/lib/python3.9/site-packages/airflow/example_dags/example_kubernetes_executor_config.py for tasks to queue
[2021-11-18 18:58:32,287] {logging_mixin.py:109} INFO - [2021-11-18 18:58:32,287] {dagbag.py:500} INFO - Filling up the DagBag from /Users/sravanisigadam/PycharmProjects/Airflow/venv/lib/python3.9/site-packages/airflow/example_dags/example_kubernetes_executor_config.py
[2021-11-18 18:58:32,300] {logging_mixin.py:109} INFO - [2021-11-18 18:58:32,300] {example_kubernetes_executor_config.py:171} WARNING - Could not import DAGs in example_kubernetes_executor_config.py: No module named 'kubernetes'
[2021-11-18 18:58:32,300] {logging_mixin.py:109} INFO - [2021-11-18 18:58:32,300] {example_kubernetes_executor_config.py:172} WARNING - Install kubernetes dependencies with: pip install apache-airflow['cncf.kubernetes']
[2021-11-18 18:58:32,316] {processor.py:639} WARNING - No viable dags retrieved from /Users/sravanisigadam/PycharmProjects/Airflow/venv/lib/python3.9/site-packages/airflow/example_dags/example_kubernetes_executor_config.py
[2021-11-18 18:58:32,317] {processor.py:171} INFO - Processing /Users/sravanisigadam/PycharmProjects/Airflow/venv/lib/python3.9/site-packages/airflow/example_dags/example_kubernetes_executor_config.py took 0.032 seconds
[2021-11-18 18:59:50,333] {processor.py:163} INFO - Started process (PID=56566) to work on /Users/sravanisigadam/PycharmProjects/Airflow/venv/lib/python3.9/site-packages/airflow/example_dags/example_kubernetes_executor_config.py
[2021-11-18 18:59:50,334] {processor.py:625} INFO - Processing file /Users/sravanisigadam/PycharmProjects/Airflow/venv/lib/python3.9/site-packages/airflow/example_dags/example_kubernetes_executor_config.py for tasks to queue
[2021-11-18 18:59:50,334] {logging_mixin.py:109} INFO - [2021-11-18 18:59:50,334] {dagbag.py:500} INFO - Filling up the DagBag from /Users/sravanisigadam/PycharmProjects/Airflow/venv/lib/python3.9/site-packages/airflow/example_dags/example_kubernetes_executor_config.py
[2021-11-18 18:59:50,349] {logging_mixin.py:109} INFO - [2021-11-18 18:59:50,349] {example_kubernetes_executor_config.py:171} WARNING - Could not import DAGs in example_kubernetes_executor_config.py: No module named 'kubernetes'
[2021-11-18 18:59:50,350] {logging_mixin.py:109} INFO - [2021-11-18 18:59:50,350] {example_kubernetes_executor_config.py:172} WARNING - Install kubernetes dependencies with: pip install apache-airflow['cncf.kubernetes']
[2021-11-18 18:59:50,365] {processor.py:639} WARNING - No viable dags retrieved from /Users/sravanisigadam/PycharmProjects/Airflow/venv/lib/python3.9/site-packages/airflow/example_dags/example_kubernetes_executor_config.py
[2021-11-18 18:59:50,366] {processor.py:171} INFO - Processing /Users/sravanisigadam/PycharmProjects/Airflow/venv/lib/python3.9/site-packages/airflow/example_dags/example_kubernetes_executor_config.py took 0.033 seconds
[2021-11-18 19:01:11,176] {processor.py:163} INFO - Started process (PID=56618) to work on /Users/sravanisigadam/PycharmProjects/Airflow/venv/lib/python3.9/site-packages/airflow/example_dags/example_kubernetes_executor_config.py
[2021-11-18 19:01:11,177] {processor.py:625} INFO - Processing file /Users/sravanisigadam/PycharmProjects/Airflow/venv/lib/python3.9/site-packages/airflow/example_dags/example_kubernetes_executor_config.py for tasks to queue
[2021-11-18 19:01:11,177] {logging_mixin.py:109} INFO - [2021-11-18 19:01:11,177] {dagbag.py:500} INFO - Filling up the DagBag from /Users/sravanisigadam/PycharmProjects/Airflow/venv/lib/python3.9/site-packages/airflow/example_dags/example_kubernetes_executor_config.py
[2021-11-18 19:01:11,190] {logging_mixin.py:109} INFO - [2021-11-18 19:01:11,190] {example_kubernetes_executor_config.py:171} WARNING - Could not import DAGs in example_kubernetes_executor_config.py: No module named 'kubernetes'
[2021-11-18 19:01:11,190] {logging_mixin.py:109} INFO - [2021-11-18 19:01:11,190] {example_kubernetes_executor_config.py:172} WARNING - Install kubernetes dependencies with: pip install apache-airflow['cncf.kubernetes']
[2021-11-18 19:01:11,205] {processor.py:639} WARNING - No viable dags retrieved from /Users/sravanisigadam/PycharmProjects/Airflow/venv/lib/python3.9/site-packages/airflow/example_dags/example_kubernetes_executor_config.py
[2021-11-18 19:01:11,206] {processor.py:171} INFO - Processing /Users/sravanisigadam/PycharmProjects/Airflow/venv/lib/python3.9/site-packages/airflow/example_dags/example_kubernetes_executor_config.py took 0.031 seconds
[2021-11-18 19:02:28,372] {processor.py:163} INFO - Started process (PID=56658) to work on /Users/sravanisigadam/PycharmProjects/Airflow/venv/lib/python3.9/site-packages/airflow/example_dags/example_kubernetes_executor_config.py
[2021-11-18 19:02:28,373] {processor.py:625} INFO - Processing file /Users/sravanisigadam/PycharmProjects/Airflow/venv/lib/python3.9/site-packages/airflow/example_dags/example_kubernetes_executor_config.py for tasks to queue
[2021-11-18 19:02:28,374] {logging_mixin.py:109} INFO - [2021-11-18 19:02:28,374] {dagbag.py:500} INFO - Filling up the DagBag from /Users/sravanisigadam/PycharmProjects/Airflow/venv/lib/python3.9/site-packages/airflow/example_dags/example_kubernetes_executor_config.py
[2021-11-18 19:02:28,390] {logging_mixin.py:109} INFO - [2021-11-18 19:02:28,390] {example_kubernetes_executor_config.py:171} WARNING - Could not import DAGs in example_kubernetes_executor_config.py: No module named 'kubernetes'
[2021-11-18 19:02:28,390] {logging_mixin.py:109} INFO - [2021-11-18 19:02:28,390] {example_kubernetes_executor_config.py:172} WARNING - Install kubernetes dependencies with: pip install apache-airflow['cncf.kubernetes']
[2021-11-18 19:02:28,405] {processor.py:639} WARNING - No viable dags retrieved from /Users/sravanisigadam/PycharmProjects/Airflow/venv/lib/python3.9/site-packages/airflow/example_dags/example_kubernetes_executor_config.py
[2021-11-18 19:02:28,406] {processor.py:171} INFO - Processing /Users/sravanisigadam/PycharmProjects/Airflow/venv/lib/python3.9/site-packages/airflow/example_dags/example_kubernetes_executor_config.py took 0.034 seconds
[2021-11-18 19:03:46,606] {processor.py:163} INFO - Started process (PID=56702) to work on /Users/sravanisigadam/PycharmProjects/Airflow/venv/lib/python3.9/site-packages/airflow/example_dags/example_kubernetes_executor_config.py
[2021-11-18 19:03:46,607] {processor.py:625} INFO - Processing file /Users/sravanisigadam/PycharmProjects/Airflow/venv/lib/python3.9/site-packages/airflow/example_dags/example_kubernetes_executor_config.py for tasks to queue
[2021-11-18 19:03:46,607] {logging_mixin.py:109} INFO - [2021-11-18 19:03:46,607] {dagbag.py:500} INFO - Filling up the DagBag from /Users/sravanisigadam/PycharmProjects/Airflow/venv/lib/python3.9/site-packages/airflow/example_dags/example_kubernetes_executor_config.py
[2021-11-18 19:03:46,619] {logging_mixin.py:109} INFO - [2021-11-18 19:03:46,619] {example_kubernetes_executor_config.py:171} WARNING - Could not import DAGs in example_kubernetes_executor_config.py: No module named 'kubernetes'
[2021-11-18 19:03:46,619] {logging_mixin.py:109} INFO - [2021-11-18 19:03:46,619] {example_kubernetes_executor_config.py:172} WARNING - Install kubernetes dependencies with: pip install apache-airflow['cncf.kubernetes']
[2021-11-18 19:03:46,635] {processor.py:639} WARNING - No viable dags retrieved from /Users/sravanisigadam/PycharmProjects/Airflow/venv/lib/python3.9/site-packages/airflow/example_dags/example_kubernetes_executor_config.py
[2021-11-18 19:03:46,636] {processor.py:171} INFO - Processing /Users/sravanisigadam/PycharmProjects/Airflow/venv/lib/python3.9/site-packages/airflow/example_dags/example_kubernetes_executor_config.py took 0.030 seconds
[2021-11-18 19:05:05,498] {processor.py:163} INFO - Started process (PID=56755) to work on /Users/sravanisigadam/PycharmProjects/Airflow/venv/lib/python3.9/site-packages/airflow/example_dags/example_kubernetes_executor_config.py
[2021-11-18 19:05:05,499] {processor.py:625} INFO - Processing file /Users/sravanisigadam/PycharmProjects/Airflow/venv/lib/python3.9/site-packages/airflow/example_dags/example_kubernetes_executor_config.py for tasks to queue
[2021-11-18 19:05:05,499] {logging_mixin.py:109} INFO - [2021-11-18 19:05:05,499] {dagbag.py:500} INFO - Filling up the DagBag from /Users/sravanisigadam/PycharmProjects/Airflow/venv/lib/python3.9/site-packages/airflow/example_dags/example_kubernetes_executor_config.py
[2021-11-18 19:05:05,513] {logging_mixin.py:109} INFO - [2021-11-18 19:05:05,513] {example_kubernetes_executor_config.py:171} WARNING - Could not import DAGs in example_kubernetes_executor_config.py: No module named 'kubernetes'
[2021-11-18 19:05:05,513] {logging_mixin.py:109} INFO - [2021-11-18 19:05:05,513] {example_kubernetes_executor_config.py:172} WARNING - Install kubernetes dependencies with: pip install apache-airflow['cncf.kubernetes']
[2021-11-18 19:05:05,529] {processor.py:639} WARNING - No viable dags retrieved from /Users/sravanisigadam/PycharmProjects/Airflow/venv/lib/python3.9/site-packages/airflow/example_dags/example_kubernetes_executor_config.py
[2021-11-18 19:05:05,530] {processor.py:171} INFO - Processing /Users/sravanisigadam/PycharmProjects/Airflow/venv/lib/python3.9/site-packages/airflow/example_dags/example_kubernetes_executor_config.py took 0.032 seconds
[2021-11-18 19:06:23,461] {processor.py:163} INFO - Started process (PID=56824) to work on /Users/sravanisigadam/PycharmProjects/Airflow/venv/lib/python3.9/site-packages/airflow/example_dags/example_kubernetes_executor_config.py
[2021-11-18 19:06:23,462] {processor.py:625} INFO - Processing file /Users/sravanisigadam/PycharmProjects/Airflow/venv/lib/python3.9/site-packages/airflow/example_dags/example_kubernetes_executor_config.py for tasks to queue
[2021-11-18 19:06:23,462] {logging_mixin.py:109} INFO - [2021-11-18 19:06:23,462] {dagbag.py:500} INFO - Filling up the DagBag from /Users/sravanisigadam/PycharmProjects/Airflow/venv/lib/python3.9/site-packages/airflow/example_dags/example_kubernetes_executor_config.py
[2021-11-18 19:06:23,478] {logging_mixin.py:109} INFO - [2021-11-18 19:06:23,478] {example_kubernetes_executor_config.py:171} WARNING - Could not import DAGs in example_kubernetes_executor_config.py: No module named 'kubernetes'
[2021-11-18 19:06:23,478] {logging_mixin.py:109} INFO - [2021-11-18 19:06:23,478] {example_kubernetes_executor_config.py:172} WARNING - Install kubernetes dependencies with: pip install apache-airflow['cncf.kubernetes']
[2021-11-18 19:06:23,494] {processor.py:639} WARNING - No viable dags retrieved from /Users/sravanisigadam/PycharmProjects/Airflow/venv/lib/python3.9/site-packages/airflow/example_dags/example_kubernetes_executor_config.py
[2021-11-18 19:06:23,495] {processor.py:171} INFO - Processing /Users/sravanisigadam/PycharmProjects/Airflow/venv/lib/python3.9/site-packages/airflow/example_dags/example_kubernetes_executor_config.py took 0.034 seconds
[2021-11-18 19:07:43,112] {processor.py:163} INFO - Started process (PID=56891) to work on /Users/sravanisigadam/PycharmProjects/Airflow/venv/lib/python3.9/site-packages/airflow/example_dags/example_kubernetes_executor_config.py
[2021-11-18 19:07:43,113] {processor.py:625} INFO - Processing file /Users/sravanisigadam/PycharmProjects/Airflow/venv/lib/python3.9/site-packages/airflow/example_dags/example_kubernetes_executor_config.py for tasks to queue
[2021-11-18 19:07:43,113] {logging_mixin.py:109} INFO - [2021-11-18 19:07:43,113] {dagbag.py:500} INFO - Filling up the DagBag from /Users/sravanisigadam/PycharmProjects/Airflow/venv/lib/python3.9/site-packages/airflow/example_dags/example_kubernetes_executor_config.py
[2021-11-18 19:07:43,126] {logging_mixin.py:109} INFO - [2021-11-18 19:07:43,126] {example_kubernetes_executor_config.py:171} WARNING - Could not import DAGs in example_kubernetes_executor_config.py: No module named 'kubernetes'
[2021-11-18 19:07:43,126] {logging_mixin.py:109} INFO - [2021-11-18 19:07:43,126] {example_kubernetes_executor_config.py:172} WARNING - Install kubernetes dependencies with: pip install apache-airflow['cncf.kubernetes']
[2021-11-18 19:07:43,142] {processor.py:639} WARNING - No viable dags retrieved from /Users/sravanisigadam/PycharmProjects/Airflow/venv/lib/python3.9/site-packages/airflow/example_dags/example_kubernetes_executor_config.py
[2021-11-18 19:07:43,143] {processor.py:171} INFO - Processing /Users/sravanisigadam/PycharmProjects/Airflow/venv/lib/python3.9/site-packages/airflow/example_dags/example_kubernetes_executor_config.py took 0.032 seconds
[2021-11-18 19:09:01,770] {processor.py:163} INFO - Started process (PID=56947) to work on /Users/sravanisigadam/PycharmProjects/Airflow/venv/lib/python3.9/site-packages/airflow/example_dags/example_kubernetes_executor_config.py
[2021-11-18 19:09:01,771] {processor.py:625} INFO - Processing file /Users/sravanisigadam/PycharmProjects/Airflow/venv/lib/python3.9/site-packages/airflow/example_dags/example_kubernetes_executor_config.py for tasks to queue
[2021-11-18 19:09:01,771] {logging_mixin.py:109} INFO - [2021-11-18 19:09:01,771] {dagbag.py:500} INFO - Filling up the DagBag from /Users/sravanisigadam/PycharmProjects/Airflow/venv/lib/python3.9/site-packages/airflow/example_dags/example_kubernetes_executor_config.py
[2021-11-18 19:09:01,784] {logging_mixin.py:109} INFO - [2021-11-18 19:09:01,784] {example_kubernetes_executor_config.py:171} WARNING - Could not import DAGs in example_kubernetes_executor_config.py: No module named 'kubernetes'
[2021-11-18 19:09:01,784] {logging_mixin.py:109} INFO - [2021-11-18 19:09:01,784] {example_kubernetes_executor_config.py:172} WARNING - Install kubernetes dependencies with: pip install apache-airflow['cncf.kubernetes']
[2021-11-18 19:09:01,800] {processor.py:639} WARNING - No viable dags retrieved from /Users/sravanisigadam/PycharmProjects/Airflow/venv/lib/python3.9/site-packages/airflow/example_dags/example_kubernetes_executor_config.py
[2021-11-18 19:09:01,802] {processor.py:171} INFO - Processing /Users/sravanisigadam/PycharmProjects/Airflow/venv/lib/python3.9/site-packages/airflow/example_dags/example_kubernetes_executor_config.py took 0.032 seconds
[2021-11-18 19:10:19,746] {processor.py:163} INFO - Started process (PID=56991) to work on /Users/sravanisigadam/PycharmProjects/Airflow/venv/lib/python3.9/site-packages/airflow/example_dags/example_kubernetes_executor_config.py
[2021-11-18 19:10:19,746] {processor.py:625} INFO - Processing file /Users/sravanisigadam/PycharmProjects/Airflow/venv/lib/python3.9/site-packages/airflow/example_dags/example_kubernetes_executor_config.py for tasks to queue
[2021-11-18 19:10:19,746] {logging_mixin.py:109} INFO - [2021-11-18 19:10:19,746] {dagbag.py:500} INFO - Filling up the DagBag from /Users/sravanisigadam/PycharmProjects/Airflow/venv/lib/python3.9/site-packages/airflow/example_dags/example_kubernetes_executor_config.py
[2021-11-18 19:10:19,759] {logging_mixin.py:109} INFO - [2021-11-18 19:10:19,759] {example_kubernetes_executor_config.py:171} WARNING - Could not import DAGs in example_kubernetes_executor_config.py: No module named 'kubernetes'
[2021-11-18 19:10:19,759] {logging_mixin.py:109} INFO - [2021-11-18 19:10:19,759] {example_kubernetes_executor_config.py:172} WARNING - Install kubernetes dependencies with: pip install apache-airflow['cncf.kubernetes']
[2021-11-18 19:10:19,776] {processor.py:639} WARNING - No viable dags retrieved from /Users/sravanisigadam/PycharmProjects/Airflow/venv/lib/python3.9/site-packages/airflow/example_dags/example_kubernetes_executor_config.py
[2021-11-18 19:10:19,777] {processor.py:171} INFO - Processing /Users/sravanisigadam/PycharmProjects/Airflow/venv/lib/python3.9/site-packages/airflow/example_dags/example_kubernetes_executor_config.py took 0.031 seconds
[2021-11-18 19:11:40,051] {processor.py:163} INFO - Started process (PID=57038) to work on /Users/sravanisigadam/PycharmProjects/Airflow/venv/lib/python3.9/site-packages/airflow/example_dags/example_kubernetes_executor_config.py
[2021-11-18 19:11:40,052] {processor.py:625} INFO - Processing file /Users/sravanisigadam/PycharmProjects/Airflow/venv/lib/python3.9/site-packages/airflow/example_dags/example_kubernetes_executor_config.py for tasks to queue
[2021-11-18 19:11:40,052] {logging_mixin.py:109} INFO - [2021-11-18 19:11:40,052] {dagbag.py:500} INFO - Filling up the DagBag from /Users/sravanisigadam/PycharmProjects/Airflow/venv/lib/python3.9/site-packages/airflow/example_dags/example_kubernetes_executor_config.py
[2021-11-18 19:11:40,066] {logging_mixin.py:109} INFO - [2021-11-18 19:11:40,066] {example_kubernetes_executor_config.py:171} WARNING - Could not import DAGs in example_kubernetes_executor_config.py: No module named 'kubernetes'
[2021-11-18 19:11:40,066] {logging_mixin.py:109} INFO - [2021-11-18 19:11:40,066] {example_kubernetes_executor_config.py:172} WARNING - Install kubernetes dependencies with: pip install apache-airflow['cncf.kubernetes']
[2021-11-18 19:11:40,082] {processor.py:639} WARNING - No viable dags retrieved from /Users/sravanisigadam/PycharmProjects/Airflow/venv/lib/python3.9/site-packages/airflow/example_dags/example_kubernetes_executor_config.py
[2021-11-18 19:11:40,083] {processor.py:171} INFO - Processing /Users/sravanisigadam/PycharmProjects/Airflow/venv/lib/python3.9/site-packages/airflow/example_dags/example_kubernetes_executor_config.py took 0.033 seconds
[2021-11-18 19:13:01,395] {processor.py:163} INFO - Started process (PID=57087) to work on /Users/sravanisigadam/PycharmProjects/Airflow/venv/lib/python3.9/site-packages/airflow/example_dags/example_kubernetes_executor_config.py
[2021-11-18 19:13:01,396] {processor.py:625} INFO - Processing file /Users/sravanisigadam/PycharmProjects/Airflow/venv/lib/python3.9/site-packages/airflow/example_dags/example_kubernetes_executor_config.py for tasks to queue
[2021-11-18 19:13:01,396] {logging_mixin.py:109} INFO - [2021-11-18 19:13:01,396] {dagbag.py:500} INFO - Filling up the DagBag from /Users/sravanisigadam/PycharmProjects/Airflow/venv/lib/python3.9/site-packages/airflow/example_dags/example_kubernetes_executor_config.py
[2021-11-18 19:13:01,408] {logging_mixin.py:109} INFO - [2021-11-18 19:13:01,408] {example_kubernetes_executor_config.py:171} WARNING - Could not import DAGs in example_kubernetes_executor_config.py: No module named 'kubernetes'
[2021-11-18 19:13:01,408] {logging_mixin.py:109} INFO - [2021-11-18 19:13:01,408] {example_kubernetes_executor_config.py:172} WARNING - Install kubernetes dependencies with: pip install apache-airflow['cncf.kubernetes']
[2021-11-18 19:13:01,424] {processor.py:639} WARNING - No viable dags retrieved from /Users/sravanisigadam/PycharmProjects/Airflow/venv/lib/python3.9/site-packages/airflow/example_dags/example_kubernetes_executor_config.py
[2021-11-18 19:13:01,426] {processor.py:171} INFO - Processing /Users/sravanisigadam/PycharmProjects/Airflow/venv/lib/python3.9/site-packages/airflow/example_dags/example_kubernetes_executor_config.py took 0.031 seconds
[2021-11-18 19:14:25,369] {processor.py:163} INFO - Started process (PID=57161) to work on /Users/sravanisigadam/PycharmProjects/Airflow/venv/lib/python3.9/site-packages/airflow/example_dags/example_kubernetes_executor_config.py
[2021-11-18 19:14:25,369] {processor.py:625} INFO - Processing file /Users/sravanisigadam/PycharmProjects/Airflow/venv/lib/python3.9/site-packages/airflow/example_dags/example_kubernetes_executor_config.py for tasks to queue
[2021-11-18 19:14:25,369] {logging_mixin.py:109} INFO - [2021-11-18 19:14:25,369] {dagbag.py:500} INFO - Filling up the DagBag from /Users/sravanisigadam/PycharmProjects/Airflow/venv/lib/python3.9/site-packages/airflow/example_dags/example_kubernetes_executor_config.py
[2021-11-18 19:14:25,384] {logging_mixin.py:109} INFO - [2021-11-18 19:14:25,384] {example_kubernetes_executor_config.py:171} WARNING - Could not import DAGs in example_kubernetes_executor_config.py: No module named 'kubernetes'
[2021-11-18 19:14:25,384] {logging_mixin.py:109} INFO - [2021-11-18 19:14:25,384] {example_kubernetes_executor_config.py:172} WARNING - Install kubernetes dependencies with: pip install apache-airflow['cncf.kubernetes']
[2021-11-18 19:14:25,401] {processor.py:639} WARNING - No viable dags retrieved from /Users/sravanisigadam/PycharmProjects/Airflow/venv/lib/python3.9/site-packages/airflow/example_dags/example_kubernetes_executor_config.py
[2021-11-18 19:14:25,402] {processor.py:171} INFO - Processing /Users/sravanisigadam/PycharmProjects/Airflow/venv/lib/python3.9/site-packages/airflow/example_dags/example_kubernetes_executor_config.py took 0.034 seconds
