[2021-11-18 18:24:34,642] {processor.py:163} INFO - Started process (PID=55609) to work on /Users/sravanisigadam/PycharmProjects/Airflow/venv/lib/python3.9/site-packages/airflow/example_dags/example_external_task_marker_dag.py
[2021-11-18 18:24:34,642] {processor.py:625} INFO - Processing file /Users/sravanisigadam/PycharmProjects/Airflow/venv/lib/python3.9/site-packages/airflow/example_dags/example_external_task_marker_dag.py for tasks to queue
[2021-11-18 18:24:34,643] {logging_mixin.py:109} INFO - [2021-11-18 18:24:34,643] {dagbag.py:500} INFO - Filling up the DagBag from /Users/sravanisigadam/PycharmProjects/Airflow/venv/lib/python3.9/site-packages/airflow/example_dags/example_external_task_marker_dag.py
[2021-11-18 18:24:34,669] {processor.py:637} INFO - DAG(s) dict_keys(['example_external_task_marker_parent', 'example_external_task_marker_child']) retrieved from /Users/sravanisigadam/PycharmProjects/Airflow/venv/lib/python3.9/site-packages/airflow/example_dags/example_external_task_marker_dag.py
[2021-11-18 18:24:34,680] {logging_mixin.py:109} INFO - [2021-11-18 18:24:34,680] {dag.py:2396} INFO - Sync 2 DAGs
[2021-11-18 18:24:34,685] {logging_mixin.py:109} INFO - [2021-11-18 18:24:34,685] {dag.py:2928} INFO - Setting next_dagrun for example_external_task_marker_child to None
[2021-11-18 18:24:34,686] {logging_mixin.py:109} INFO - [2021-11-18 18:24:34,685] {dag.py:2928} INFO - Setting next_dagrun for example_external_task_marker_parent to None
[2021-11-18 18:24:34,690] {processor.py:171} INFO - Processing /Users/sravanisigadam/PycharmProjects/Airflow/venv/lib/python3.9/site-packages/airflow/example_dags/example_external_task_marker_dag.py took 0.048 seconds
[2021-11-18 18:25:53,385] {processor.py:163} INFO - Started process (PID=55689) to work on /Users/sravanisigadam/PycharmProjects/Airflow/venv/lib/python3.9/site-packages/airflow/example_dags/example_external_task_marker_dag.py
[2021-11-18 18:25:53,385] {processor.py:625} INFO - Processing file /Users/sravanisigadam/PycharmProjects/Airflow/venv/lib/python3.9/site-packages/airflow/example_dags/example_external_task_marker_dag.py for tasks to queue
[2021-11-18 18:25:53,386] {logging_mixin.py:109} INFO - [2021-11-18 18:25:53,386] {dagbag.py:500} INFO - Filling up the DagBag from /Users/sravanisigadam/PycharmProjects/Airflow/venv/lib/python3.9/site-packages/airflow/example_dags/example_external_task_marker_dag.py
[2021-11-18 18:25:53,414] {processor.py:637} INFO - DAG(s) dict_keys(['example_external_task_marker_parent', 'example_external_task_marker_child']) retrieved from /Users/sravanisigadam/PycharmProjects/Airflow/venv/lib/python3.9/site-packages/airflow/example_dags/example_external_task_marker_dag.py
[2021-11-18 18:25:53,427] {logging_mixin.py:109} INFO - [2021-11-18 18:25:53,427] {dag.py:2396} INFO - Sync 2 DAGs
[2021-11-18 18:25:53,434] {logging_mixin.py:109} INFO - [2021-11-18 18:25:53,434] {dag.py:2928} INFO - Setting next_dagrun for example_external_task_marker_child to None
[2021-11-18 18:25:53,434] {logging_mixin.py:109} INFO - [2021-11-18 18:25:53,434] {dag.py:2928} INFO - Setting next_dagrun for example_external_task_marker_parent to None
[2021-11-18 18:25:53,440] {processor.py:171} INFO - Processing /Users/sravanisigadam/PycharmProjects/Airflow/venv/lib/python3.9/site-packages/airflow/example_dags/example_external_task_marker_dag.py took 0.055 seconds
[2021-11-18 18:27:13,755] {processor.py:163} INFO - Started process (PID=55824) to work on /Users/sravanisigadam/PycharmProjects/Airflow/venv/lib/python3.9/site-packages/airflow/example_dags/example_external_task_marker_dag.py
[2021-11-18 18:27:13,756] {processor.py:625} INFO - Processing file /Users/sravanisigadam/PycharmProjects/Airflow/venv/lib/python3.9/site-packages/airflow/example_dags/example_external_task_marker_dag.py for tasks to queue
[2021-11-18 18:27:13,756] {logging_mixin.py:109} INFO - [2021-11-18 18:27:13,756] {dagbag.py:500} INFO - Filling up the DagBag from /Users/sravanisigadam/PycharmProjects/Airflow/venv/lib/python3.9/site-packages/airflow/example_dags/example_external_task_marker_dag.py
[2021-11-18 18:27:13,780] {processor.py:637} INFO - DAG(s) dict_keys(['example_external_task_marker_parent', 'example_external_task_marker_child']) retrieved from /Users/sravanisigadam/PycharmProjects/Airflow/venv/lib/python3.9/site-packages/airflow/example_dags/example_external_task_marker_dag.py
[2021-11-18 18:27:13,792] {logging_mixin.py:109} INFO - [2021-11-18 18:27:13,792] {dag.py:2396} INFO - Sync 2 DAGs
[2021-11-18 18:27:13,798] {logging_mixin.py:109} INFO - [2021-11-18 18:27:13,798] {dag.py:2928} INFO - Setting next_dagrun for example_external_task_marker_child to None
[2021-11-18 18:27:13,798] {logging_mixin.py:109} INFO - [2021-11-18 18:27:13,798] {dag.py:2928} INFO - Setting next_dagrun for example_external_task_marker_parent to None
[2021-11-18 18:27:13,803] {processor.py:171} INFO - Processing /Users/sravanisigadam/PycharmProjects/Airflow/venv/lib/python3.9/site-packages/airflow/example_dags/example_external_task_marker_dag.py took 0.048 seconds
[2021-11-18 18:28:33,982] {processor.py:163} INFO - Started process (PID=55893) to work on /Users/sravanisigadam/PycharmProjects/Airflow/venv/lib/python3.9/site-packages/airflow/example_dags/example_external_task_marker_dag.py
[2021-11-18 18:28:33,983] {processor.py:625} INFO - Processing file /Users/sravanisigadam/PycharmProjects/Airflow/venv/lib/python3.9/site-packages/airflow/example_dags/example_external_task_marker_dag.py for tasks to queue
[2021-11-18 18:28:33,983] {logging_mixin.py:109} INFO - [2021-11-18 18:28:33,983] {dagbag.py:500} INFO - Filling up the DagBag from /Users/sravanisigadam/PycharmProjects/Airflow/venv/lib/python3.9/site-packages/airflow/example_dags/example_external_task_marker_dag.py
[2021-11-18 18:28:34,008] {processor.py:637} INFO - DAG(s) dict_keys(['example_external_task_marker_parent', 'example_external_task_marker_child']) retrieved from /Users/sravanisigadam/PycharmProjects/Airflow/venv/lib/python3.9/site-packages/airflow/example_dags/example_external_task_marker_dag.py
[2021-11-18 18:28:34,020] {logging_mixin.py:109} INFO - [2021-11-18 18:28:34,020] {dag.py:2396} INFO - Sync 2 DAGs
[2021-11-18 18:28:34,025] {logging_mixin.py:109} INFO - [2021-11-18 18:28:34,025] {dag.py:2928} INFO - Setting next_dagrun for example_external_task_marker_child to None
[2021-11-18 18:28:34,025] {logging_mixin.py:109} INFO - [2021-11-18 18:28:34,025] {dag.py:2928} INFO - Setting next_dagrun for example_external_task_marker_parent to None
[2021-11-18 18:28:34,030] {processor.py:171} INFO - Processing /Users/sravanisigadam/PycharmProjects/Airflow/venv/lib/python3.9/site-packages/airflow/example_dags/example_external_task_marker_dag.py took 0.049 seconds
[2021-11-18 18:29:54,040] {processor.py:163} INFO - Started process (PID=55932) to work on /Users/sravanisigadam/PycharmProjects/Airflow/venv/lib/python3.9/site-packages/airflow/example_dags/example_external_task_marker_dag.py
[2021-11-18 18:29:54,040] {processor.py:625} INFO - Processing file /Users/sravanisigadam/PycharmProjects/Airflow/venv/lib/python3.9/site-packages/airflow/example_dags/example_external_task_marker_dag.py for tasks to queue
[2021-11-18 18:29:54,040] {logging_mixin.py:109} INFO - [2021-11-18 18:29:54,040] {dagbag.py:500} INFO - Filling up the DagBag from /Users/sravanisigadam/PycharmProjects/Airflow/venv/lib/python3.9/site-packages/airflow/example_dags/example_external_task_marker_dag.py
[2021-11-18 18:29:54,063] {processor.py:637} INFO - DAG(s) dict_keys(['example_external_task_marker_parent', 'example_external_task_marker_child']) retrieved from /Users/sravanisigadam/PycharmProjects/Airflow/venv/lib/python3.9/site-packages/airflow/example_dags/example_external_task_marker_dag.py
[2021-11-18 18:29:54,075] {logging_mixin.py:109} INFO - [2021-11-18 18:29:54,074] {dag.py:2396} INFO - Sync 2 DAGs
[2021-11-18 18:29:54,080] {logging_mixin.py:109} INFO - [2021-11-18 18:29:54,080] {dag.py:2928} INFO - Setting next_dagrun for example_external_task_marker_child to None
[2021-11-18 18:29:54,080] {logging_mixin.py:109} INFO - [2021-11-18 18:29:54,080] {dag.py:2928} INFO - Setting next_dagrun for example_external_task_marker_parent to None
[2021-11-18 18:29:54,085] {processor.py:171} INFO - Processing /Users/sravanisigadam/PycharmProjects/Airflow/venv/lib/python3.9/site-packages/airflow/example_dags/example_external_task_marker_dag.py took 0.046 seconds
[2021-11-18 18:31:14,134] {processor.py:163} INFO - Started process (PID=55973) to work on /Users/sravanisigadam/PycharmProjects/Airflow/venv/lib/python3.9/site-packages/airflow/example_dags/example_external_task_marker_dag.py
[2021-11-18 18:31:14,134] {processor.py:625} INFO - Processing file /Users/sravanisigadam/PycharmProjects/Airflow/venv/lib/python3.9/site-packages/airflow/example_dags/example_external_task_marker_dag.py for tasks to queue
[2021-11-18 18:31:14,134] {logging_mixin.py:109} INFO - [2021-11-18 18:31:14,134] {dagbag.py:500} INFO - Filling up the DagBag from /Users/sravanisigadam/PycharmProjects/Airflow/venv/lib/python3.9/site-packages/airflow/example_dags/example_external_task_marker_dag.py
[2021-11-18 18:31:14,156] {processor.py:637} INFO - DAG(s) dict_keys(['example_external_task_marker_parent', 'example_external_task_marker_child']) retrieved from /Users/sravanisigadam/PycharmProjects/Airflow/venv/lib/python3.9/site-packages/airflow/example_dags/example_external_task_marker_dag.py
[2021-11-18 18:31:14,168] {logging_mixin.py:109} INFO - [2021-11-18 18:31:14,168] {dag.py:2396} INFO - Sync 2 DAGs
[2021-11-18 18:31:14,174] {logging_mixin.py:109} INFO - [2021-11-18 18:31:14,173] {dag.py:2928} INFO - Setting next_dagrun for example_external_task_marker_child to None
[2021-11-18 18:31:14,174] {logging_mixin.py:109} INFO - [2021-11-18 18:31:14,174] {dag.py:2928} INFO - Setting next_dagrun for example_external_task_marker_parent to None
[2021-11-18 18:31:14,178] {processor.py:171} INFO - Processing /Users/sravanisigadam/PycharmProjects/Airflow/venv/lib/python3.9/site-packages/airflow/example_dags/example_external_task_marker_dag.py took 0.045 seconds
[2021-11-18 18:32:34,308] {processor.py:163} INFO - Started process (PID=56020) to work on /Users/sravanisigadam/PycharmProjects/Airflow/venv/lib/python3.9/site-packages/airflow/example_dags/example_external_task_marker_dag.py
[2021-11-18 18:32:34,308] {processor.py:625} INFO - Processing file /Users/sravanisigadam/PycharmProjects/Airflow/venv/lib/python3.9/site-packages/airflow/example_dags/example_external_task_marker_dag.py for tasks to queue
[2021-11-18 18:32:34,308] {logging_mixin.py:109} INFO - [2021-11-18 18:32:34,308] {dagbag.py:500} INFO - Filling up the DagBag from /Users/sravanisigadam/PycharmProjects/Airflow/venv/lib/python3.9/site-packages/airflow/example_dags/example_external_task_marker_dag.py
[2021-11-18 18:32:34,331] {processor.py:637} INFO - DAG(s) dict_keys(['example_external_task_marker_parent', 'example_external_task_marker_child']) retrieved from /Users/sravanisigadam/PycharmProjects/Airflow/venv/lib/python3.9/site-packages/airflow/example_dags/example_external_task_marker_dag.py
[2021-11-18 18:32:34,342] {logging_mixin.py:109} INFO - [2021-11-18 18:32:34,342] {dag.py:2396} INFO - Sync 2 DAGs
[2021-11-18 18:32:34,347] {logging_mixin.py:109} INFO - [2021-11-18 18:32:34,347] {dag.py:2928} INFO - Setting next_dagrun for example_external_task_marker_child to None
[2021-11-18 18:32:34,347] {logging_mixin.py:109} INFO - [2021-11-18 18:32:34,347] {dag.py:2928} INFO - Setting next_dagrun for example_external_task_marker_parent to None
[2021-11-18 18:32:34,352] {processor.py:171} INFO - Processing /Users/sravanisigadam/PycharmProjects/Airflow/venv/lib/python3.9/site-packages/airflow/example_dags/example_external_task_marker_dag.py took 0.045 seconds
[2021-11-18 18:45:41,106] {processor.py:163} INFO - Started process (PID=56078) to work on /Users/sravanisigadam/PycharmProjects/Airflow/venv/lib/python3.9/site-packages/airflow/example_dags/example_external_task_marker_dag.py
[2021-11-18 18:45:41,107] {processor.py:625} INFO - Processing file /Users/sravanisigadam/PycharmProjects/Airflow/venv/lib/python3.9/site-packages/airflow/example_dags/example_external_task_marker_dag.py for tasks to queue
[2021-11-18 18:45:41,107] {logging_mixin.py:109} INFO - [2021-11-18 18:45:41,107] {dagbag.py:500} INFO - Filling up the DagBag from /Users/sravanisigadam/PycharmProjects/Airflow/venv/lib/python3.9/site-packages/airflow/example_dags/example_external_task_marker_dag.py
[2021-11-18 18:45:41,130] {processor.py:637} INFO - DAG(s) dict_keys(['example_external_task_marker_parent', 'example_external_task_marker_child']) retrieved from /Users/sravanisigadam/PycharmProjects/Airflow/venv/lib/python3.9/site-packages/airflow/example_dags/example_external_task_marker_dag.py
[2021-11-18 18:45:41,142] {logging_mixin.py:109} INFO - [2021-11-18 18:45:41,142] {dag.py:2396} INFO - Sync 2 DAGs
[2021-11-18 18:45:41,147] {logging_mixin.py:109} INFO - [2021-11-18 18:45:41,147] {dag.py:2928} INFO - Setting next_dagrun for example_external_task_marker_child to None
[2021-11-18 18:45:41,147] {logging_mixin.py:109} INFO - [2021-11-18 18:45:41,147] {dag.py:2928} INFO - Setting next_dagrun for example_external_task_marker_parent to None
[2021-11-18 18:45:41,152] {processor.py:171} INFO - Processing /Users/sravanisigadam/PycharmProjects/Airflow/venv/lib/python3.9/site-packages/airflow/example_dags/example_external_task_marker_dag.py took 0.046 seconds
[2021-11-18 18:47:10,832] {processor.py:163} INFO - Started process (PID=56136) to work on /Users/sravanisigadam/PycharmProjects/Airflow/venv/lib/python3.9/site-packages/airflow/example_dags/example_external_task_marker_dag.py
[2021-11-18 18:47:10,832] {processor.py:625} INFO - Processing file /Users/sravanisigadam/PycharmProjects/Airflow/venv/lib/python3.9/site-packages/airflow/example_dags/example_external_task_marker_dag.py for tasks to queue
[2021-11-18 18:47:10,832] {logging_mixin.py:109} INFO - [2021-11-18 18:47:10,832] {dagbag.py:500} INFO - Filling up the DagBag from /Users/sravanisigadam/PycharmProjects/Airflow/venv/lib/python3.9/site-packages/airflow/example_dags/example_external_task_marker_dag.py
[2021-11-18 18:47:10,858] {processor.py:637} INFO - DAG(s) dict_keys(['example_external_task_marker_parent', 'example_external_task_marker_child']) retrieved from /Users/sravanisigadam/PycharmProjects/Airflow/venv/lib/python3.9/site-packages/airflow/example_dags/example_external_task_marker_dag.py
[2021-11-18 18:47:10,869] {logging_mixin.py:109} INFO - [2021-11-18 18:47:10,869] {dag.py:2396} INFO - Sync 2 DAGs
[2021-11-18 18:47:10,875] {logging_mixin.py:109} INFO - [2021-11-18 18:47:10,875] {dag.py:2928} INFO - Setting next_dagrun for example_external_task_marker_child to None
[2021-11-18 18:47:10,875] {logging_mixin.py:109} INFO - [2021-11-18 18:47:10,875] {dag.py:2928} INFO - Setting next_dagrun for example_external_task_marker_parent to None
[2021-11-18 18:47:10,880] {processor.py:171} INFO - Processing /Users/sravanisigadam/PycharmProjects/Airflow/venv/lib/python3.9/site-packages/airflow/example_dags/example_external_task_marker_dag.py took 0.049 seconds
[2021-11-18 18:48:29,623] {processor.py:163} INFO - Started process (PID=56195) to work on /Users/sravanisigadam/PycharmProjects/Airflow/venv/lib/python3.9/site-packages/airflow/example_dags/example_external_task_marker_dag.py
[2021-11-18 18:48:29,624] {processor.py:625} INFO - Processing file /Users/sravanisigadam/PycharmProjects/Airflow/venv/lib/python3.9/site-packages/airflow/example_dags/example_external_task_marker_dag.py for tasks to queue
[2021-11-18 18:48:29,625] {logging_mixin.py:109} INFO - [2021-11-18 18:48:29,625] {dagbag.py:500} INFO - Filling up the DagBag from /Users/sravanisigadam/PycharmProjects/Airflow/venv/lib/python3.9/site-packages/airflow/example_dags/example_external_task_marker_dag.py
[2021-11-18 18:48:29,648] {processor.py:637} INFO - DAG(s) dict_keys(['example_external_task_marker_parent', 'example_external_task_marker_child']) retrieved from /Users/sravanisigadam/PycharmProjects/Airflow/venv/lib/python3.9/site-packages/airflow/example_dags/example_external_task_marker_dag.py
[2021-11-18 18:48:29,660] {logging_mixin.py:109} INFO - [2021-11-18 18:48:29,660] {dag.py:2396} INFO - Sync 2 DAGs
[2021-11-18 18:48:29,665] {logging_mixin.py:109} INFO - [2021-11-18 18:48:29,665] {dag.py:2928} INFO - Setting next_dagrun for example_external_task_marker_child to None
[2021-11-18 18:48:29,665] {logging_mixin.py:109} INFO - [2021-11-18 18:48:29,665] {dag.py:2928} INFO - Setting next_dagrun for example_external_task_marker_parent to None
[2021-11-18 18:48:29,670] {processor.py:171} INFO - Processing /Users/sravanisigadam/PycharmProjects/Airflow/venv/lib/python3.9/site-packages/airflow/example_dags/example_external_task_marker_dag.py took 0.047 seconds
[2021-11-18 18:49:52,730] {processor.py:163} INFO - Started process (PID=56245) to work on /Users/sravanisigadam/PycharmProjects/Airflow/venv/lib/python3.9/site-packages/airflow/example_dags/example_external_task_marker_dag.py
[2021-11-18 18:49:52,730] {processor.py:625} INFO - Processing file /Users/sravanisigadam/PycharmProjects/Airflow/venv/lib/python3.9/site-packages/airflow/example_dags/example_external_task_marker_dag.py for tasks to queue
[2021-11-18 18:49:52,731] {logging_mixin.py:109} INFO - [2021-11-18 18:49:52,731] {dagbag.py:500} INFO - Filling up the DagBag from /Users/sravanisigadam/PycharmProjects/Airflow/venv/lib/python3.9/site-packages/airflow/example_dags/example_external_task_marker_dag.py
[2021-11-18 18:49:52,753] {processor.py:637} INFO - DAG(s) dict_keys(['example_external_task_marker_parent', 'example_external_task_marker_child']) retrieved from /Users/sravanisigadam/PycharmProjects/Airflow/venv/lib/python3.9/site-packages/airflow/example_dags/example_external_task_marker_dag.py
[2021-11-18 18:49:52,764] {logging_mixin.py:109} INFO - [2021-11-18 18:49:52,764] {dag.py:2396} INFO - Sync 2 DAGs
[2021-11-18 18:49:52,770] {logging_mixin.py:109} INFO - [2021-11-18 18:49:52,770] {dag.py:2928} INFO - Setting next_dagrun for example_external_task_marker_child to None
[2021-11-18 18:49:52,770] {logging_mixin.py:109} INFO - [2021-11-18 18:49:52,770] {dag.py:2928} INFO - Setting next_dagrun for example_external_task_marker_parent to None
[2021-11-18 18:49:52,775] {processor.py:171} INFO - Processing /Users/sravanisigadam/PycharmProjects/Airflow/venv/lib/python3.9/site-packages/airflow/example_dags/example_external_task_marker_dag.py took 0.045 seconds
[2021-11-18 18:51:08,617] {processor.py:163} INFO - Started process (PID=56285) to work on /Users/sravanisigadam/PycharmProjects/Airflow/venv/lib/python3.9/site-packages/airflow/example_dags/example_external_task_marker_dag.py
[2021-11-18 18:51:08,618] {processor.py:625} INFO - Processing file /Users/sravanisigadam/PycharmProjects/Airflow/venv/lib/python3.9/site-packages/airflow/example_dags/example_external_task_marker_dag.py for tasks to queue
[2021-11-18 18:51:08,618] {logging_mixin.py:109} INFO - [2021-11-18 18:51:08,618] {dagbag.py:500} INFO - Filling up the DagBag from /Users/sravanisigadam/PycharmProjects/Airflow/venv/lib/python3.9/site-packages/airflow/example_dags/example_external_task_marker_dag.py
[2021-11-18 18:51:08,642] {processor.py:637} INFO - DAG(s) dict_keys(['example_external_task_marker_parent', 'example_external_task_marker_child']) retrieved from /Users/sravanisigadam/PycharmProjects/Airflow/venv/lib/python3.9/site-packages/airflow/example_dags/example_external_task_marker_dag.py
[2021-11-18 18:51:08,653] {logging_mixin.py:109} INFO - [2021-11-18 18:51:08,653] {dag.py:2396} INFO - Sync 2 DAGs
[2021-11-18 18:51:08,658] {logging_mixin.py:109} INFO - [2021-11-18 18:51:08,658] {dag.py:2928} INFO - Setting next_dagrun for example_external_task_marker_child to None
[2021-11-18 18:51:08,658] {logging_mixin.py:109} INFO - [2021-11-18 18:51:08,658] {dag.py:2928} INFO - Setting next_dagrun for example_external_task_marker_parent to None
[2021-11-18 18:51:08,664] {processor.py:171} INFO - Processing /Users/sravanisigadam/PycharmProjects/Airflow/venv/lib/python3.9/site-packages/airflow/example_dags/example_external_task_marker_dag.py took 0.047 seconds
[2021-11-18 18:52:26,717] {processor.py:163} INFO - Started process (PID=56328) to work on /Users/sravanisigadam/PycharmProjects/Airflow/venv/lib/python3.9/site-packages/airflow/example_dags/example_external_task_marker_dag.py
[2021-11-18 18:52:26,718] {processor.py:625} INFO - Processing file /Users/sravanisigadam/PycharmProjects/Airflow/venv/lib/python3.9/site-packages/airflow/example_dags/example_external_task_marker_dag.py for tasks to queue
[2021-11-18 18:52:26,718] {logging_mixin.py:109} INFO - [2021-11-18 18:52:26,718] {dagbag.py:500} INFO - Filling up the DagBag from /Users/sravanisigadam/PycharmProjects/Airflow/venv/lib/python3.9/site-packages/airflow/example_dags/example_external_task_marker_dag.py
[2021-11-18 18:52:26,743] {processor.py:637} INFO - DAG(s) dict_keys(['example_external_task_marker_parent', 'example_external_task_marker_child']) retrieved from /Users/sravanisigadam/PycharmProjects/Airflow/venv/lib/python3.9/site-packages/airflow/example_dags/example_external_task_marker_dag.py
[2021-11-18 18:52:26,755] {logging_mixin.py:109} INFO - [2021-11-18 18:52:26,755] {dag.py:2396} INFO - Sync 2 DAGs
[2021-11-18 18:52:26,760] {logging_mixin.py:109} INFO - [2021-11-18 18:52:26,760] {dag.py:2928} INFO - Setting next_dagrun for example_external_task_marker_child to None
[2021-11-18 18:52:26,760] {logging_mixin.py:109} INFO - [2021-11-18 18:52:26,760] {dag.py:2928} INFO - Setting next_dagrun for example_external_task_marker_parent to None
[2021-11-18 18:52:26,765] {processor.py:171} INFO - Processing /Users/sravanisigadam/PycharmProjects/Airflow/venv/lib/python3.9/site-packages/airflow/example_dags/example_external_task_marker_dag.py took 0.048 seconds
[2021-11-18 18:53:44,339] {processor.py:163} INFO - Started process (PID=56367) to work on /Users/sravanisigadam/PycharmProjects/Airflow/venv/lib/python3.9/site-packages/airflow/example_dags/example_external_task_marker_dag.py
[2021-11-18 18:53:44,339] {processor.py:625} INFO - Processing file /Users/sravanisigadam/PycharmProjects/Airflow/venv/lib/python3.9/site-packages/airflow/example_dags/example_external_task_marker_dag.py for tasks to queue
[2021-11-18 18:53:44,339] {logging_mixin.py:109} INFO - [2021-11-18 18:53:44,339] {dagbag.py:500} INFO - Filling up the DagBag from /Users/sravanisigadam/PycharmProjects/Airflow/venv/lib/python3.9/site-packages/airflow/example_dags/example_external_task_marker_dag.py
[2021-11-18 18:53:44,364] {processor.py:637} INFO - DAG(s) dict_keys(['example_external_task_marker_parent', 'example_external_task_marker_child']) retrieved from /Users/sravanisigadam/PycharmProjects/Airflow/venv/lib/python3.9/site-packages/airflow/example_dags/example_external_task_marker_dag.py
[2021-11-18 18:53:44,375] {logging_mixin.py:109} INFO - [2021-11-18 18:53:44,375] {dag.py:2396} INFO - Sync 2 DAGs
[2021-11-18 18:53:44,380] {logging_mixin.py:109} INFO - [2021-11-18 18:53:44,380] {dag.py:2928} INFO - Setting next_dagrun for example_external_task_marker_child to None
[2021-11-18 18:53:44,381] {logging_mixin.py:109} INFO - [2021-11-18 18:53:44,381] {dag.py:2928} INFO - Setting next_dagrun for example_external_task_marker_parent to None
[2021-11-18 18:53:44,385] {processor.py:171} INFO - Processing /Users/sravanisigadam/PycharmProjects/Airflow/venv/lib/python3.9/site-packages/airflow/example_dags/example_external_task_marker_dag.py took 0.047 seconds
[2021-11-18 18:55:02,155] {processor.py:163} INFO - Started process (PID=56408) to work on /Users/sravanisigadam/PycharmProjects/Airflow/venv/lib/python3.9/site-packages/airflow/example_dags/example_external_task_marker_dag.py
[2021-11-18 18:55:02,156] {processor.py:625} INFO - Processing file /Users/sravanisigadam/PycharmProjects/Airflow/venv/lib/python3.9/site-packages/airflow/example_dags/example_external_task_marker_dag.py for tasks to queue
[2021-11-18 18:55:02,156] {logging_mixin.py:109} INFO - [2021-11-18 18:55:02,156] {dagbag.py:500} INFO - Filling up the DagBag from /Users/sravanisigadam/PycharmProjects/Airflow/venv/lib/python3.9/site-packages/airflow/example_dags/example_external_task_marker_dag.py
[2021-11-18 18:55:02,179] {processor.py:637} INFO - DAG(s) dict_keys(['example_external_task_marker_parent', 'example_external_task_marker_child']) retrieved from /Users/sravanisigadam/PycharmProjects/Airflow/venv/lib/python3.9/site-packages/airflow/example_dags/example_external_task_marker_dag.py
[2021-11-18 18:55:02,191] {logging_mixin.py:109} INFO - [2021-11-18 18:55:02,191] {dag.py:2396} INFO - Sync 2 DAGs
[2021-11-18 18:55:02,196] {logging_mixin.py:109} INFO - [2021-11-18 18:55:02,196] {dag.py:2928} INFO - Setting next_dagrun for example_external_task_marker_child to None
[2021-11-18 18:55:02,196] {logging_mixin.py:109} INFO - [2021-11-18 18:55:02,196] {dag.py:2928} INFO - Setting next_dagrun for example_external_task_marker_parent to None
[2021-11-18 18:55:02,202] {processor.py:171} INFO - Processing /Users/sravanisigadam/PycharmProjects/Airflow/venv/lib/python3.9/site-packages/airflow/example_dags/example_external_task_marker_dag.py took 0.047 seconds
[2021-11-18 18:56:20,796] {processor.py:163} INFO - Started process (PID=56450) to work on /Users/sravanisigadam/PycharmProjects/Airflow/venv/lib/python3.9/site-packages/airflow/example_dags/example_external_task_marker_dag.py
[2021-11-18 18:56:20,797] {processor.py:625} INFO - Processing file /Users/sravanisigadam/PycharmProjects/Airflow/venv/lib/python3.9/site-packages/airflow/example_dags/example_external_task_marker_dag.py for tasks to queue
[2021-11-18 18:56:20,797] {logging_mixin.py:109} INFO - [2021-11-18 18:56:20,797] {dagbag.py:500} INFO - Filling up the DagBag from /Users/sravanisigadam/PycharmProjects/Airflow/venv/lib/python3.9/site-packages/airflow/example_dags/example_external_task_marker_dag.py
[2021-11-18 18:56:20,822] {processor.py:637} INFO - DAG(s) dict_keys(['example_external_task_marker_parent', 'example_external_task_marker_child']) retrieved from /Users/sravanisigadam/PycharmProjects/Airflow/venv/lib/python3.9/site-packages/airflow/example_dags/example_external_task_marker_dag.py
[2021-11-18 18:56:20,833] {logging_mixin.py:109} INFO - [2021-11-18 18:56:20,833] {dag.py:2396} INFO - Sync 2 DAGs
[2021-11-18 18:56:20,839] {logging_mixin.py:109} INFO - [2021-11-18 18:56:20,838] {dag.py:2928} INFO - Setting next_dagrun for example_external_task_marker_child to None
[2021-11-18 18:56:20,839] {logging_mixin.py:109} INFO - [2021-11-18 18:56:20,839] {dag.py:2928} INFO - Setting next_dagrun for example_external_task_marker_parent to None
[2021-11-18 18:56:20,844] {processor.py:171} INFO - Processing /Users/sravanisigadam/PycharmProjects/Airflow/venv/lib/python3.9/site-packages/airflow/example_dags/example_external_task_marker_dag.py took 0.048 seconds
[2021-11-18 18:57:38,813] {processor.py:163} INFO - Started process (PID=56492) to work on /Users/sravanisigadam/PycharmProjects/Airflow/venv/lib/python3.9/site-packages/airflow/example_dags/example_external_task_marker_dag.py
[2021-11-18 18:57:38,814] {processor.py:625} INFO - Processing file /Users/sravanisigadam/PycharmProjects/Airflow/venv/lib/python3.9/site-packages/airflow/example_dags/example_external_task_marker_dag.py for tasks to queue
[2021-11-18 18:57:38,814] {logging_mixin.py:109} INFO - [2021-11-18 18:57:38,814] {dagbag.py:500} INFO - Filling up the DagBag from /Users/sravanisigadam/PycharmProjects/Airflow/venv/lib/python3.9/site-packages/airflow/example_dags/example_external_task_marker_dag.py
[2021-11-18 18:57:38,839] {processor.py:637} INFO - DAG(s) dict_keys(['example_external_task_marker_parent', 'example_external_task_marker_child']) retrieved from /Users/sravanisigadam/PycharmProjects/Airflow/venv/lib/python3.9/site-packages/airflow/example_dags/example_external_task_marker_dag.py
[2021-11-18 18:57:38,850] {logging_mixin.py:109} INFO - [2021-11-18 18:57:38,850] {dag.py:2396} INFO - Sync 2 DAGs
[2021-11-18 18:57:38,855] {logging_mixin.py:109} INFO - [2021-11-18 18:57:38,855] {dag.py:2928} INFO - Setting next_dagrun for example_external_task_marker_child to None
[2021-11-18 18:57:38,855] {logging_mixin.py:109} INFO - [2021-11-18 18:57:38,855] {dag.py:2928} INFO - Setting next_dagrun for example_external_task_marker_parent to None
[2021-11-18 18:57:38,860] {processor.py:171} INFO - Processing /Users/sravanisigadam/PycharmProjects/Airflow/venv/lib/python3.9/site-packages/airflow/example_dags/example_external_task_marker_dag.py took 0.047 seconds
[2021-11-18 18:58:57,104] {processor.py:163} INFO - Started process (PID=56540) to work on /Users/sravanisigadam/PycharmProjects/Airflow/venv/lib/python3.9/site-packages/airflow/example_dags/example_external_task_marker_dag.py
[2021-11-18 18:58:57,105] {processor.py:625} INFO - Processing file /Users/sravanisigadam/PycharmProjects/Airflow/venv/lib/python3.9/site-packages/airflow/example_dags/example_external_task_marker_dag.py for tasks to queue
[2021-11-18 18:58:57,105] {logging_mixin.py:109} INFO - [2021-11-18 18:58:57,105] {dagbag.py:500} INFO - Filling up the DagBag from /Users/sravanisigadam/PycharmProjects/Airflow/venv/lib/python3.9/site-packages/airflow/example_dags/example_external_task_marker_dag.py
[2021-11-18 18:58:57,130] {processor.py:637} INFO - DAG(s) dict_keys(['example_external_task_marker_parent', 'example_external_task_marker_child']) retrieved from /Users/sravanisigadam/PycharmProjects/Airflow/venv/lib/python3.9/site-packages/airflow/example_dags/example_external_task_marker_dag.py
[2021-11-18 18:58:57,142] {logging_mixin.py:109} INFO - [2021-11-18 18:58:57,142] {dag.py:2396} INFO - Sync 2 DAGs
[2021-11-18 18:58:57,147] {logging_mixin.py:109} INFO - [2021-11-18 18:58:57,147] {dag.py:2928} INFO - Setting next_dagrun for example_external_task_marker_child to None
[2021-11-18 18:58:57,147] {logging_mixin.py:109} INFO - [2021-11-18 18:58:57,147] {dag.py:2928} INFO - Setting next_dagrun for example_external_task_marker_parent to None
[2021-11-18 18:58:57,152] {processor.py:171} INFO - Processing /Users/sravanisigadam/PycharmProjects/Airflow/venv/lib/python3.9/site-packages/airflow/example_dags/example_external_task_marker_dag.py took 0.048 seconds
[2021-11-18 19:00:17,849] {processor.py:163} INFO - Started process (PID=56582) to work on /Users/sravanisigadam/PycharmProjects/Airflow/venv/lib/python3.9/site-packages/airflow/example_dags/example_external_task_marker_dag.py
[2021-11-18 19:00:17,849] {processor.py:625} INFO - Processing file /Users/sravanisigadam/PycharmProjects/Airflow/venv/lib/python3.9/site-packages/airflow/example_dags/example_external_task_marker_dag.py for tasks to queue
[2021-11-18 19:00:17,849] {logging_mixin.py:109} INFO - [2021-11-18 19:00:17,849] {dagbag.py:500} INFO - Filling up the DagBag from /Users/sravanisigadam/PycharmProjects/Airflow/venv/lib/python3.9/site-packages/airflow/example_dags/example_external_task_marker_dag.py
[2021-11-18 19:00:17,872] {processor.py:637} INFO - DAG(s) dict_keys(['example_external_task_marker_parent', 'example_external_task_marker_child']) retrieved from /Users/sravanisigadam/PycharmProjects/Airflow/venv/lib/python3.9/site-packages/airflow/example_dags/example_external_task_marker_dag.py
[2021-11-18 19:00:17,884] {logging_mixin.py:109} INFO - [2021-11-18 19:00:17,884] {dag.py:2396} INFO - Sync 2 DAGs
[2021-11-18 19:00:17,889] {logging_mixin.py:109} INFO - [2021-11-18 19:00:17,889] {dag.py:2928} INFO - Setting next_dagrun for example_external_task_marker_child to None
[2021-11-18 19:00:17,889] {logging_mixin.py:109} INFO - [2021-11-18 19:00:17,889] {dag.py:2928} INFO - Setting next_dagrun for example_external_task_marker_parent to None
[2021-11-18 19:00:17,894] {processor.py:171} INFO - Processing /Users/sravanisigadam/PycharmProjects/Airflow/venv/lib/python3.9/site-packages/airflow/example_dags/example_external_task_marker_dag.py took 0.046 seconds
[2021-11-18 19:01:35,712] {processor.py:163} INFO - Started process (PID=56630) to work on /Users/sravanisigadam/PycharmProjects/Airflow/venv/lib/python3.9/site-packages/airflow/example_dags/example_external_task_marker_dag.py
[2021-11-18 19:01:35,713] {processor.py:625} INFO - Processing file /Users/sravanisigadam/PycharmProjects/Airflow/venv/lib/python3.9/site-packages/airflow/example_dags/example_external_task_marker_dag.py for tasks to queue
[2021-11-18 19:01:35,713] {logging_mixin.py:109} INFO - [2021-11-18 19:01:35,713] {dagbag.py:500} INFO - Filling up the DagBag from /Users/sravanisigadam/PycharmProjects/Airflow/venv/lib/python3.9/site-packages/airflow/example_dags/example_external_task_marker_dag.py
[2021-11-18 19:01:35,736] {processor.py:637} INFO - DAG(s) dict_keys(['example_external_task_marker_parent', 'example_external_task_marker_child']) retrieved from /Users/sravanisigadam/PycharmProjects/Airflow/venv/lib/python3.9/site-packages/airflow/example_dags/example_external_task_marker_dag.py
[2021-11-18 19:01:35,747] {logging_mixin.py:109} INFO - [2021-11-18 19:01:35,747] {dag.py:2396} INFO - Sync 2 DAGs
[2021-11-18 19:01:35,752] {logging_mixin.py:109} INFO - [2021-11-18 19:01:35,752] {dag.py:2928} INFO - Setting next_dagrun for example_external_task_marker_child to None
[2021-11-18 19:01:35,752] {logging_mixin.py:109} INFO - [2021-11-18 19:01:35,752] {dag.py:2928} INFO - Setting next_dagrun for example_external_task_marker_parent to None
[2021-11-18 19:01:35,757] {processor.py:171} INFO - Processing /Users/sravanisigadam/PycharmProjects/Airflow/venv/lib/python3.9/site-packages/airflow/example_dags/example_external_task_marker_dag.py took 0.045 seconds
[2021-11-18 19:02:53,248] {processor.py:163} INFO - Started process (PID=56672) to work on /Users/sravanisigadam/PycharmProjects/Airflow/venv/lib/python3.9/site-packages/airflow/example_dags/example_external_task_marker_dag.py
[2021-11-18 19:02:53,249] {processor.py:625} INFO - Processing file /Users/sravanisigadam/PycharmProjects/Airflow/venv/lib/python3.9/site-packages/airflow/example_dags/example_external_task_marker_dag.py for tasks to queue
[2021-11-18 19:02:53,249] {logging_mixin.py:109} INFO - [2021-11-18 19:02:53,249] {dagbag.py:500} INFO - Filling up the DagBag from /Users/sravanisigadam/PycharmProjects/Airflow/venv/lib/python3.9/site-packages/airflow/example_dags/example_external_task_marker_dag.py
[2021-11-18 19:02:53,272] {processor.py:637} INFO - DAG(s) dict_keys(['example_external_task_marker_parent', 'example_external_task_marker_child']) retrieved from /Users/sravanisigadam/PycharmProjects/Airflow/venv/lib/python3.9/site-packages/airflow/example_dags/example_external_task_marker_dag.py
[2021-11-18 19:02:53,284] {logging_mixin.py:109} INFO - [2021-11-18 19:02:53,284] {dag.py:2396} INFO - Sync 2 DAGs
[2021-11-18 19:02:53,289] {logging_mixin.py:109} INFO - [2021-11-18 19:02:53,289] {dag.py:2928} INFO - Setting next_dagrun for example_external_task_marker_child to None
[2021-11-18 19:02:53,289] {logging_mixin.py:109} INFO - [2021-11-18 19:02:53,289] {dag.py:2928} INFO - Setting next_dagrun for example_external_task_marker_parent to None
[2021-11-18 19:02:53,293] {processor.py:171} INFO - Processing /Users/sravanisigadam/PycharmProjects/Airflow/venv/lib/python3.9/site-packages/airflow/example_dags/example_external_task_marker_dag.py took 0.046 seconds
[2021-11-18 19:04:11,495] {processor.py:163} INFO - Started process (PID=56720) to work on /Users/sravanisigadam/PycharmProjects/Airflow/venv/lib/python3.9/site-packages/airflow/example_dags/example_external_task_marker_dag.py
[2021-11-18 19:04:11,495] {processor.py:625} INFO - Processing file /Users/sravanisigadam/PycharmProjects/Airflow/venv/lib/python3.9/site-packages/airflow/example_dags/example_external_task_marker_dag.py for tasks to queue
[2021-11-18 19:04:11,496] {logging_mixin.py:109} INFO - [2021-11-18 19:04:11,496] {dagbag.py:500} INFO - Filling up the DagBag from /Users/sravanisigadam/PycharmProjects/Airflow/venv/lib/python3.9/site-packages/airflow/example_dags/example_external_task_marker_dag.py
[2021-11-18 19:04:11,521] {processor.py:637} INFO - DAG(s) dict_keys(['example_external_task_marker_parent', 'example_external_task_marker_child']) retrieved from /Users/sravanisigadam/PycharmProjects/Airflow/venv/lib/python3.9/site-packages/airflow/example_dags/example_external_task_marker_dag.py
[2021-11-18 19:04:11,533] {logging_mixin.py:109} INFO - [2021-11-18 19:04:11,532] {dag.py:2396} INFO - Sync 2 DAGs
[2021-11-18 19:04:11,538] {logging_mixin.py:109} INFO - [2021-11-18 19:04:11,538] {dag.py:2928} INFO - Setting next_dagrun for example_external_task_marker_child to None
[2021-11-18 19:04:11,538] {logging_mixin.py:109} INFO - [2021-11-18 19:04:11,538] {dag.py:2928} INFO - Setting next_dagrun for example_external_task_marker_parent to None
[2021-11-18 19:04:11,543] {processor.py:171} INFO - Processing /Users/sravanisigadam/PycharmProjects/Airflow/venv/lib/python3.9/site-packages/airflow/example_dags/example_external_task_marker_dag.py took 0.048 seconds
[2021-11-18 19:05:30,153] {processor.py:163} INFO - Started process (PID=56772) to work on /Users/sravanisigadam/PycharmProjects/Airflow/venv/lib/python3.9/site-packages/airflow/example_dags/example_external_task_marker_dag.py
[2021-11-18 19:05:30,169] {processor.py:625} INFO - Processing file /Users/sravanisigadam/PycharmProjects/Airflow/venv/lib/python3.9/site-packages/airflow/example_dags/example_external_task_marker_dag.py for tasks to queue
[2021-11-18 19:05:30,169] {logging_mixin.py:109} INFO - [2021-11-18 19:05:30,169] {dagbag.py:500} INFO - Filling up the DagBag from /Users/sravanisigadam/PycharmProjects/Airflow/venv/lib/python3.9/site-packages/airflow/example_dags/example_external_task_marker_dag.py
[2021-11-18 19:05:30,193] {processor.py:637} INFO - DAG(s) dict_keys(['example_external_task_marker_parent', 'example_external_task_marker_child']) retrieved from /Users/sravanisigadam/PycharmProjects/Airflow/venv/lib/python3.9/site-packages/airflow/example_dags/example_external_task_marker_dag.py
[2021-11-18 19:05:30,204] {logging_mixin.py:109} INFO - [2021-11-18 19:05:30,204] {dag.py:2396} INFO - Sync 2 DAGs
[2021-11-18 19:05:30,210] {logging_mixin.py:109} INFO - [2021-11-18 19:05:30,210] {dag.py:2928} INFO - Setting next_dagrun for example_external_task_marker_child to None
[2021-11-18 19:05:30,210] {logging_mixin.py:109} INFO - [2021-11-18 19:05:30,210] {dag.py:2928} INFO - Setting next_dagrun for example_external_task_marker_parent to None
[2021-11-18 19:05:30,214] {processor.py:171} INFO - Processing /Users/sravanisigadam/PycharmProjects/Airflow/venv/lib/python3.9/site-packages/airflow/example_dags/example_external_task_marker_dag.py took 0.061 seconds
[2021-11-18 19:06:49,675] {processor.py:163} INFO - Started process (PID=56840) to work on /Users/sravanisigadam/PycharmProjects/Airflow/venv/lib/python3.9/site-packages/airflow/example_dags/example_external_task_marker_dag.py
[2021-11-18 19:06:49,676] {processor.py:625} INFO - Processing file /Users/sravanisigadam/PycharmProjects/Airflow/venv/lib/python3.9/site-packages/airflow/example_dags/example_external_task_marker_dag.py for tasks to queue
[2021-11-18 19:06:49,676] {logging_mixin.py:109} INFO - [2021-11-18 19:06:49,676] {dagbag.py:500} INFO - Filling up the DagBag from /Users/sravanisigadam/PycharmProjects/Airflow/venv/lib/python3.9/site-packages/airflow/example_dags/example_external_task_marker_dag.py
[2021-11-18 19:06:49,700] {processor.py:637} INFO - DAG(s) dict_keys(['example_external_task_marker_parent', 'example_external_task_marker_child']) retrieved from /Users/sravanisigadam/PycharmProjects/Airflow/venv/lib/python3.9/site-packages/airflow/example_dags/example_external_task_marker_dag.py
[2021-11-18 19:06:49,711] {logging_mixin.py:109} INFO - [2021-11-18 19:06:49,711] {dag.py:2396} INFO - Sync 2 DAGs
[2021-11-18 19:06:49,716] {logging_mixin.py:109} INFO - [2021-11-18 19:06:49,716] {dag.py:2928} INFO - Setting next_dagrun for example_external_task_marker_child to None
[2021-11-18 19:06:49,716] {logging_mixin.py:109} INFO - [2021-11-18 19:06:49,716] {dag.py:2928} INFO - Setting next_dagrun for example_external_task_marker_parent to None
[2021-11-18 19:06:49,721] {processor.py:171} INFO - Processing /Users/sravanisigadam/PycharmProjects/Airflow/venv/lib/python3.9/site-packages/airflow/example_dags/example_external_task_marker_dag.py took 0.046 seconds
[2021-11-18 19:08:07,584] {processor.py:163} INFO - Started process (PID=56916) to work on /Users/sravanisigadam/PycharmProjects/Airflow/venv/lib/python3.9/site-packages/airflow/example_dags/example_external_task_marker_dag.py
[2021-11-18 19:08:07,585] {processor.py:625} INFO - Processing file /Users/sravanisigadam/PycharmProjects/Airflow/venv/lib/python3.9/site-packages/airflow/example_dags/example_external_task_marker_dag.py for tasks to queue
[2021-11-18 19:08:07,585] {logging_mixin.py:109} INFO - [2021-11-18 19:08:07,585] {dagbag.py:500} INFO - Filling up the DagBag from /Users/sravanisigadam/PycharmProjects/Airflow/venv/lib/python3.9/site-packages/airflow/example_dags/example_external_task_marker_dag.py
[2021-11-18 19:08:07,609] {processor.py:637} INFO - DAG(s) dict_keys(['example_external_task_marker_parent', 'example_external_task_marker_child']) retrieved from /Users/sravanisigadam/PycharmProjects/Airflow/venv/lib/python3.9/site-packages/airflow/example_dags/example_external_task_marker_dag.py
[2021-11-18 19:08:07,621] {logging_mixin.py:109} INFO - [2021-11-18 19:08:07,620] {dag.py:2396} INFO - Sync 2 DAGs
[2021-11-18 19:08:07,626] {logging_mixin.py:109} INFO - [2021-11-18 19:08:07,626] {dag.py:2928} INFO - Setting next_dagrun for example_external_task_marker_child to None
[2021-11-18 19:08:07,626] {logging_mixin.py:109} INFO - [2021-11-18 19:08:07,626] {dag.py:2928} INFO - Setting next_dagrun for example_external_task_marker_parent to None
[2021-11-18 19:08:07,631] {processor.py:171} INFO - Processing /Users/sravanisigadam/PycharmProjects/Airflow/venv/lib/python3.9/site-packages/airflow/example_dags/example_external_task_marker_dag.py took 0.047 seconds
[2021-11-18 19:09:25,512] {processor.py:163} INFO - Started process (PID=56959) to work on /Users/sravanisigadam/PycharmProjects/Airflow/venv/lib/python3.9/site-packages/airflow/example_dags/example_external_task_marker_dag.py
[2021-11-18 19:09:25,512] {processor.py:625} INFO - Processing file /Users/sravanisigadam/PycharmProjects/Airflow/venv/lib/python3.9/site-packages/airflow/example_dags/example_external_task_marker_dag.py for tasks to queue
[2021-11-18 19:09:25,512] {logging_mixin.py:109} INFO - [2021-11-18 19:09:25,512] {dagbag.py:500} INFO - Filling up the DagBag from /Users/sravanisigadam/PycharmProjects/Airflow/venv/lib/python3.9/site-packages/airflow/example_dags/example_external_task_marker_dag.py
[2021-11-18 19:09:25,536] {processor.py:637} INFO - DAG(s) dict_keys(['example_external_task_marker_parent', 'example_external_task_marker_child']) retrieved from /Users/sravanisigadam/PycharmProjects/Airflow/venv/lib/python3.9/site-packages/airflow/example_dags/example_external_task_marker_dag.py
[2021-11-18 19:09:25,548] {logging_mixin.py:109} INFO - [2021-11-18 19:09:25,548] {dag.py:2396} INFO - Sync 2 DAGs
[2021-11-18 19:09:25,553] {logging_mixin.py:109} INFO - [2021-11-18 19:09:25,553] {dag.py:2928} INFO - Setting next_dagrun for example_external_task_marker_child to None
[2021-11-18 19:09:25,554] {logging_mixin.py:109} INFO - [2021-11-18 19:09:25,553] {dag.py:2928} INFO - Setting next_dagrun for example_external_task_marker_parent to None
[2021-11-18 19:09:25,559] {processor.py:171} INFO - Processing /Users/sravanisigadam/PycharmProjects/Airflow/venv/lib/python3.9/site-packages/airflow/example_dags/example_external_task_marker_dag.py took 0.047 seconds
[2021-11-18 19:10:45,703] {processor.py:163} INFO - Started process (PID=57005) to work on /Users/sravanisigadam/PycharmProjects/Airflow/venv/lib/python3.9/site-packages/airflow/example_dags/example_external_task_marker_dag.py
[2021-11-18 19:10:45,703] {processor.py:625} INFO - Processing file /Users/sravanisigadam/PycharmProjects/Airflow/venv/lib/python3.9/site-packages/airflow/example_dags/example_external_task_marker_dag.py for tasks to queue
[2021-11-18 19:10:45,703] {logging_mixin.py:109} INFO - [2021-11-18 19:10:45,703] {dagbag.py:500} INFO - Filling up the DagBag from /Users/sravanisigadam/PycharmProjects/Airflow/venv/lib/python3.9/site-packages/airflow/example_dags/example_external_task_marker_dag.py
[2021-11-18 19:10:45,727] {processor.py:637} INFO - DAG(s) dict_keys(['example_external_task_marker_parent', 'example_external_task_marker_child']) retrieved from /Users/sravanisigadam/PycharmProjects/Airflow/venv/lib/python3.9/site-packages/airflow/example_dags/example_external_task_marker_dag.py
[2021-11-18 19:10:45,738] {logging_mixin.py:109} INFO - [2021-11-18 19:10:45,738] {dag.py:2396} INFO - Sync 2 DAGs
[2021-11-18 19:10:45,743] {logging_mixin.py:109} INFO - [2021-11-18 19:10:45,743] {dag.py:2928} INFO - Setting next_dagrun for example_external_task_marker_child to None
[2021-11-18 19:10:45,743] {logging_mixin.py:109} INFO - [2021-11-18 19:10:45,743] {dag.py:2928} INFO - Setting next_dagrun for example_external_task_marker_parent to None
[2021-11-18 19:10:45,748] {processor.py:171} INFO - Processing /Users/sravanisigadam/PycharmProjects/Airflow/venv/lib/python3.9/site-packages/airflow/example_dags/example_external_task_marker_dag.py took 0.046 seconds
[2021-11-18 19:12:06,847] {processor.py:163} INFO - Started process (PID=57055) to work on /Users/sravanisigadam/PycharmProjects/Airflow/venv/lib/python3.9/site-packages/airflow/example_dags/example_external_task_marker_dag.py
[2021-11-18 19:12:06,848] {processor.py:625} INFO - Processing file /Users/sravanisigadam/PycharmProjects/Airflow/venv/lib/python3.9/site-packages/airflow/example_dags/example_external_task_marker_dag.py for tasks to queue
[2021-11-18 19:12:06,848] {logging_mixin.py:109} INFO - [2021-11-18 19:12:06,848] {dagbag.py:500} INFO - Filling up the DagBag from /Users/sravanisigadam/PycharmProjects/Airflow/venv/lib/python3.9/site-packages/airflow/example_dags/example_external_task_marker_dag.py
[2021-11-18 19:12:06,872] {processor.py:637} INFO - DAG(s) dict_keys(['example_external_task_marker_parent', 'example_external_task_marker_child']) retrieved from /Users/sravanisigadam/PycharmProjects/Airflow/venv/lib/python3.9/site-packages/airflow/example_dags/example_external_task_marker_dag.py
[2021-11-18 19:12:06,884] {logging_mixin.py:109} INFO - [2021-11-18 19:12:06,884] {dag.py:2396} INFO - Sync 2 DAGs
[2021-11-18 19:12:06,889] {logging_mixin.py:109} INFO - [2021-11-18 19:12:06,889] {dag.py:2928} INFO - Setting next_dagrun for example_external_task_marker_child to None
[2021-11-18 19:12:06,889] {logging_mixin.py:109} INFO - [2021-11-18 19:12:06,889] {dag.py:2928} INFO - Setting next_dagrun for example_external_task_marker_parent to None
[2021-11-18 19:12:06,894] {processor.py:171} INFO - Processing /Users/sravanisigadam/PycharmProjects/Airflow/venv/lib/python3.9/site-packages/airflow/example_dags/example_external_task_marker_dag.py took 0.047 seconds
[2021-11-18 19:13:29,230] {processor.py:163} INFO - Started process (PID=57124) to work on /Users/sravanisigadam/PycharmProjects/Airflow/venv/lib/python3.9/site-packages/airflow/example_dags/example_external_task_marker_dag.py
[2021-11-18 19:13:29,231] {processor.py:625} INFO - Processing file /Users/sravanisigadam/PycharmProjects/Airflow/venv/lib/python3.9/site-packages/airflow/example_dags/example_external_task_marker_dag.py for tasks to queue
[2021-11-18 19:13:29,231] {logging_mixin.py:109} INFO - [2021-11-18 19:13:29,231] {dagbag.py:500} INFO - Filling up the DagBag from /Users/sravanisigadam/PycharmProjects/Airflow/venv/lib/python3.9/site-packages/airflow/example_dags/example_external_task_marker_dag.py
[2021-11-18 19:13:29,256] {processor.py:637} INFO - DAG(s) dict_keys(['example_external_task_marker_parent', 'example_external_task_marker_child']) retrieved from /Users/sravanisigadam/PycharmProjects/Airflow/venv/lib/python3.9/site-packages/airflow/example_dags/example_external_task_marker_dag.py
[2021-11-18 19:13:29,269] {logging_mixin.py:109} INFO - [2021-11-18 19:13:29,269] {dag.py:2396} INFO - Sync 2 DAGs
[2021-11-18 19:13:29,274] {logging_mixin.py:109} INFO - [2021-11-18 19:13:29,274] {dag.py:2928} INFO - Setting next_dagrun for example_external_task_marker_child to None
[2021-11-18 19:13:29,274] {logging_mixin.py:109} INFO - [2021-11-18 19:13:29,274] {dag.py:2928} INFO - Setting next_dagrun for example_external_task_marker_parent to None
[2021-11-18 19:13:29,279] {processor.py:171} INFO - Processing /Users/sravanisigadam/PycharmProjects/Airflow/venv/lib/python3.9/site-packages/airflow/example_dags/example_external_task_marker_dag.py took 0.049 seconds
[2021-11-18 19:14:50,011] {processor.py:163} INFO - Started process (PID=57179) to work on /Users/sravanisigadam/PycharmProjects/Airflow/venv/lib/python3.9/site-packages/airflow/example_dags/example_external_task_marker_dag.py
[2021-11-18 19:14:50,013] {processor.py:625} INFO - Processing file /Users/sravanisigadam/PycharmProjects/Airflow/venv/lib/python3.9/site-packages/airflow/example_dags/example_external_task_marker_dag.py for tasks to queue
[2021-11-18 19:14:50,013] {logging_mixin.py:109} INFO - [2021-11-18 19:14:50,013] {dagbag.py:500} INFO - Filling up the DagBag from /Users/sravanisigadam/PycharmProjects/Airflow/venv/lib/python3.9/site-packages/airflow/example_dags/example_external_task_marker_dag.py
[2021-11-18 19:14:50,037] {processor.py:637} INFO - DAG(s) dict_keys(['example_external_task_marker_parent', 'example_external_task_marker_child']) retrieved from /Users/sravanisigadam/PycharmProjects/Airflow/venv/lib/python3.9/site-packages/airflow/example_dags/example_external_task_marker_dag.py
[2021-11-18 19:14:50,049] {logging_mixin.py:109} INFO - [2021-11-18 19:14:50,049] {dag.py:2396} INFO - Sync 2 DAGs
[2021-11-18 19:14:50,054] {logging_mixin.py:109} INFO - [2021-11-18 19:14:50,054] {dag.py:2928} INFO - Setting next_dagrun for example_external_task_marker_child to None
[2021-11-18 19:14:50,054] {logging_mixin.py:109} INFO - [2021-11-18 19:14:50,054] {dag.py:2928} INFO - Setting next_dagrun for example_external_task_marker_parent to None
[2021-11-18 19:14:50,059] {processor.py:171} INFO - Processing /Users/sravanisigadam/PycharmProjects/Airflow/venv/lib/python3.9/site-packages/airflow/example_dags/example_external_task_marker_dag.py took 0.048 seconds
