[2021-11-18 18:24:40,838] {processor.py:163} INFO - Started process (PID=55612) to work on /Users/sravanisigadam/PycharmProjects/Airflow/venv/lib/python3.9/site-packages/airflow/example_dags/example_branch_python_dop_operator_3.py
[2021-11-18 18:24:40,839] {processor.py:625} INFO - Processing file /Users/sravanisigadam/PycharmProjects/Airflow/venv/lib/python3.9/site-packages/airflow/example_dags/example_branch_python_dop_operator_3.py for tasks to queue
[2021-11-18 18:24:40,839] {logging_mixin.py:109} INFO - [2021-11-18 18:24:40,839] {dagbag.py:500} INFO - Filling up the DagBag from /Users/sravanisigadam/PycharmProjects/Airflow/venv/lib/python3.9/site-packages/airflow/example_dags/example_branch_python_dop_operator_3.py
[2021-11-18 18:24:40,874] {processor.py:637} INFO - DAG(s) dict_keys(['example_branch_dop_operator_v3']) retrieved from /Users/sravanisigadam/PycharmProjects/Airflow/venv/lib/python3.9/site-packages/airflow/example_dags/example_branch_python_dop_operator_3.py
[2021-11-18 18:24:40,885] {logging_mixin.py:109} INFO - [2021-11-18 18:24:40,885] {dag.py:2396} INFO - Sync 1 DAGs
[2021-11-18 18:24:40,893] {logging_mixin.py:109} INFO - [2021-11-18 18:24:40,893] {dag.py:2928} INFO - Setting next_dagrun for example_branch_dop_operator_v3 to 2021-11-19T02:23:00+00:00
[2021-11-18 18:24:40,899] {processor.py:171} INFO - Processing /Users/sravanisigadam/PycharmProjects/Airflow/venv/lib/python3.9/site-packages/airflow/example_dags/example_branch_python_dop_operator_3.py took 0.060 seconds
[2021-11-18 18:26:00,387] {processor.py:163} INFO - Started process (PID=55758) to work on /Users/sravanisigadam/PycharmProjects/Airflow/venv/lib/python3.9/site-packages/airflow/example_dags/example_branch_python_dop_operator_3.py
[2021-11-18 18:26:00,388] {processor.py:625} INFO - Processing file /Users/sravanisigadam/PycharmProjects/Airflow/venv/lib/python3.9/site-packages/airflow/example_dags/example_branch_python_dop_operator_3.py for tasks to queue
[2021-11-18 18:26:00,388] {logging_mixin.py:109} INFO - [2021-11-18 18:26:00,388] {dagbag.py:500} INFO - Filling up the DagBag from /Users/sravanisigadam/PycharmProjects/Airflow/venv/lib/python3.9/site-packages/airflow/example_dags/example_branch_python_dop_operator_3.py
[2021-11-18 18:26:00,424] {processor.py:637} INFO - DAG(s) dict_keys(['example_branch_dop_operator_v3']) retrieved from /Users/sravanisigadam/PycharmProjects/Airflow/venv/lib/python3.9/site-packages/airflow/example_dags/example_branch_python_dop_operator_3.py
[2021-11-18 18:26:00,435] {logging_mixin.py:109} INFO - [2021-11-18 18:26:00,435] {dag.py:2396} INFO - Sync 1 DAGs
[2021-11-18 18:26:00,445] {logging_mixin.py:109} INFO - [2021-11-18 18:26:00,444] {dag.py:2928} INFO - Setting next_dagrun for example_branch_dop_operator_v3 to 2021-11-19T02:25:00+00:00
[2021-11-18 18:26:00,451] {processor.py:171} INFO - Processing /Users/sravanisigadam/PycharmProjects/Airflow/venv/lib/python3.9/site-packages/airflow/example_dags/example_branch_python_dop_operator_3.py took 0.064 seconds
[2021-11-18 18:27:20,625] {processor.py:163} INFO - Started process (PID=55830) to work on /Users/sravanisigadam/PycharmProjects/Airflow/venv/lib/python3.9/site-packages/airflow/example_dags/example_branch_python_dop_operator_3.py
[2021-11-18 18:27:20,625] {processor.py:625} INFO - Processing file /Users/sravanisigadam/PycharmProjects/Airflow/venv/lib/python3.9/site-packages/airflow/example_dags/example_branch_python_dop_operator_3.py for tasks to queue
[2021-11-18 18:27:20,626] {logging_mixin.py:109} INFO - [2021-11-18 18:27:20,626] {dagbag.py:500} INFO - Filling up the DagBag from /Users/sravanisigadam/PycharmProjects/Airflow/venv/lib/python3.9/site-packages/airflow/example_dags/example_branch_python_dop_operator_3.py
[2021-11-18 18:27:20,659] {processor.py:637} INFO - DAG(s) dict_keys(['example_branch_dop_operator_v3']) retrieved from /Users/sravanisigadam/PycharmProjects/Airflow/venv/lib/python3.9/site-packages/airflow/example_dags/example_branch_python_dop_operator_3.py
[2021-11-18 18:27:20,670] {logging_mixin.py:109} INFO - [2021-11-18 18:27:20,670] {dag.py:2396} INFO - Sync 1 DAGs
[2021-11-18 18:27:20,679] {logging_mixin.py:109} INFO - [2021-11-18 18:27:20,679] {dag.py:2928} INFO - Setting next_dagrun for example_branch_dop_operator_v3 to 2021-11-19T02:26:00+00:00
[2021-11-18 18:27:20,685] {processor.py:171} INFO - Processing /Users/sravanisigadam/PycharmProjects/Airflow/venv/lib/python3.9/site-packages/airflow/example_dags/example_branch_python_dop_operator_3.py took 0.060 seconds
[2021-11-18 18:28:40,758] {processor.py:163} INFO - Started process (PID=55896) to work on /Users/sravanisigadam/PycharmProjects/Airflow/venv/lib/python3.9/site-packages/airflow/example_dags/example_branch_python_dop_operator_3.py
[2021-11-18 18:28:40,759] {processor.py:625} INFO - Processing file /Users/sravanisigadam/PycharmProjects/Airflow/venv/lib/python3.9/site-packages/airflow/example_dags/example_branch_python_dop_operator_3.py for tasks to queue
[2021-11-18 18:28:40,759] {logging_mixin.py:109} INFO - [2021-11-18 18:28:40,759] {dagbag.py:500} INFO - Filling up the DagBag from /Users/sravanisigadam/PycharmProjects/Airflow/venv/lib/python3.9/site-packages/airflow/example_dags/example_branch_python_dop_operator_3.py
[2021-11-18 18:28:40,795] {processor.py:637} INFO - DAG(s) dict_keys(['example_branch_dop_operator_v3']) retrieved from /Users/sravanisigadam/PycharmProjects/Airflow/venv/lib/python3.9/site-packages/airflow/example_dags/example_branch_python_dop_operator_3.py
[2021-11-18 18:28:40,807] {logging_mixin.py:109} INFO - [2021-11-18 18:28:40,807] {dag.py:2396} INFO - Sync 1 DAGs
[2021-11-18 18:28:40,816] {logging_mixin.py:109} INFO - [2021-11-18 18:28:40,816] {dag.py:2928} INFO - Setting next_dagrun for example_branch_dop_operator_v3 to 2021-11-19T02:27:00+00:00
[2021-11-18 18:28:40,822] {processor.py:171} INFO - Processing /Users/sravanisigadam/PycharmProjects/Airflow/venv/lib/python3.9/site-packages/airflow/example_dags/example_branch_python_dop_operator_3.py took 0.064 seconds
[2021-11-18 18:30:00,819] {processor.py:163} INFO - Started process (PID=55935) to work on /Users/sravanisigadam/PycharmProjects/Airflow/venv/lib/python3.9/site-packages/airflow/example_dags/example_branch_python_dop_operator_3.py
[2021-11-18 18:30:00,820] {processor.py:625} INFO - Processing file /Users/sravanisigadam/PycharmProjects/Airflow/venv/lib/python3.9/site-packages/airflow/example_dags/example_branch_python_dop_operator_3.py for tasks to queue
[2021-11-18 18:30:00,820] {logging_mixin.py:109} INFO - [2021-11-18 18:30:00,820] {dagbag.py:500} INFO - Filling up the DagBag from /Users/sravanisigadam/PycharmProjects/Airflow/venv/lib/python3.9/site-packages/airflow/example_dags/example_branch_python_dop_operator_3.py
[2021-11-18 18:30:00,853] {processor.py:637} INFO - DAG(s) dict_keys(['example_branch_dop_operator_v3']) retrieved from /Users/sravanisigadam/PycharmProjects/Airflow/venv/lib/python3.9/site-packages/airflow/example_dags/example_branch_python_dop_operator_3.py
[2021-11-18 18:30:00,864] {logging_mixin.py:109} INFO - [2021-11-18 18:30:00,864] {dag.py:2396} INFO - Sync 1 DAGs
[2021-11-18 18:30:00,872] {logging_mixin.py:109} INFO - [2021-11-18 18:30:00,872] {dag.py:2928} INFO - Setting next_dagrun for example_branch_dop_operator_v3 to 2021-11-19T02:29:00+00:00
[2021-11-18 18:30:00,877] {processor.py:171} INFO - Processing /Users/sravanisigadam/PycharmProjects/Airflow/venv/lib/python3.9/site-packages/airflow/example_dags/example_branch_python_dop_operator_3.py took 0.058 seconds
[2021-11-18 18:31:20,961] {processor.py:163} INFO - Started process (PID=55976) to work on /Users/sravanisigadam/PycharmProjects/Airflow/venv/lib/python3.9/site-packages/airflow/example_dags/example_branch_python_dop_operator_3.py
[2021-11-18 18:31:20,962] {processor.py:625} INFO - Processing file /Users/sravanisigadam/PycharmProjects/Airflow/venv/lib/python3.9/site-packages/airflow/example_dags/example_branch_python_dop_operator_3.py for tasks to queue
[2021-11-18 18:31:20,962] {logging_mixin.py:109} INFO - [2021-11-18 18:31:20,962] {dagbag.py:500} INFO - Filling up the DagBag from /Users/sravanisigadam/PycharmProjects/Airflow/venv/lib/python3.9/site-packages/airflow/example_dags/example_branch_python_dop_operator_3.py
[2021-11-18 18:31:20,995] {processor.py:637} INFO - DAG(s) dict_keys(['example_branch_dop_operator_v3']) retrieved from /Users/sravanisigadam/PycharmProjects/Airflow/venv/lib/python3.9/site-packages/airflow/example_dags/example_branch_python_dop_operator_3.py
[2021-11-18 18:31:21,005] {logging_mixin.py:109} INFO - [2021-11-18 18:31:21,005] {dag.py:2396} INFO - Sync 1 DAGs
[2021-11-18 18:31:21,013] {logging_mixin.py:109} INFO - [2021-11-18 18:31:21,013] {dag.py:2928} INFO - Setting next_dagrun for example_branch_dop_operator_v3 to 2021-11-19T02:30:00+00:00
[2021-11-18 18:31:21,018] {processor.py:171} INFO - Processing /Users/sravanisigadam/PycharmProjects/Airflow/venv/lib/python3.9/site-packages/airflow/example_dags/example_branch_python_dop_operator_3.py took 0.057 seconds
[2021-11-18 18:32:41,050] {processor.py:163} INFO - Started process (PID=56023) to work on /Users/sravanisigadam/PycharmProjects/Airflow/venv/lib/python3.9/site-packages/airflow/example_dags/example_branch_python_dop_operator_3.py
[2021-11-18 18:32:41,050] {processor.py:625} INFO - Processing file /Users/sravanisigadam/PycharmProjects/Airflow/venv/lib/python3.9/site-packages/airflow/example_dags/example_branch_python_dop_operator_3.py for tasks to queue
[2021-11-18 18:32:41,051] {logging_mixin.py:109} INFO - [2021-11-18 18:32:41,051] {dagbag.py:500} INFO - Filling up the DagBag from /Users/sravanisigadam/PycharmProjects/Airflow/venv/lib/python3.9/site-packages/airflow/example_dags/example_branch_python_dop_operator_3.py
[2021-11-18 18:32:41,083] {processor.py:637} INFO - DAG(s) dict_keys(['example_branch_dop_operator_v3']) retrieved from /Users/sravanisigadam/PycharmProjects/Airflow/venv/lib/python3.9/site-packages/airflow/example_dags/example_branch_python_dop_operator_3.py
[2021-11-18 18:32:41,094] {logging_mixin.py:109} INFO - [2021-11-18 18:32:41,093] {dag.py:2396} INFO - Sync 1 DAGs
[2021-11-18 18:32:41,101] {logging_mixin.py:109} INFO - [2021-11-18 18:32:41,101] {dag.py:2928} INFO - Setting next_dagrun for example_branch_dop_operator_v3 to 2021-11-19T02:31:00+00:00
[2021-11-18 18:32:41,107] {processor.py:171} INFO - Processing /Users/sravanisigadam/PycharmProjects/Airflow/venv/lib/python3.9/site-packages/airflow/example_dags/example_branch_python_dop_operator_3.py took 0.057 seconds
[2021-11-18 18:45:47,146] {processor.py:163} INFO - Started process (PID=56083) to work on /Users/sravanisigadam/PycharmProjects/Airflow/venv/lib/python3.9/site-packages/airflow/example_dags/example_branch_python_dop_operator_3.py
[2021-11-18 18:45:47,147] {processor.py:625} INFO - Processing file /Users/sravanisigadam/PycharmProjects/Airflow/venv/lib/python3.9/site-packages/airflow/example_dags/example_branch_python_dop_operator_3.py for tasks to queue
[2021-11-18 18:45:47,147] {logging_mixin.py:109} INFO - [2021-11-18 18:45:47,147] {dagbag.py:500} INFO - Filling up the DagBag from /Users/sravanisigadam/PycharmProjects/Airflow/venv/lib/python3.9/site-packages/airflow/example_dags/example_branch_python_dop_operator_3.py
[2021-11-18 18:45:47,181] {processor.py:637} INFO - DAG(s) dict_keys(['example_branch_dop_operator_v3']) retrieved from /Users/sravanisigadam/PycharmProjects/Airflow/venv/lib/python3.9/site-packages/airflow/example_dags/example_branch_python_dop_operator_3.py
[2021-11-18 18:45:47,191] {logging_mixin.py:109} INFO - [2021-11-18 18:45:47,191] {dag.py:2396} INFO - Sync 1 DAGs
[2021-11-18 18:45:47,199] {logging_mixin.py:109} INFO - [2021-11-18 18:45:47,199] {dag.py:2928} INFO - Setting next_dagrun for example_branch_dop_operator_v3 to 2021-11-19T02:44:00+00:00
[2021-11-18 18:45:47,204] {processor.py:171} INFO - Processing /Users/sravanisigadam/PycharmProjects/Airflow/venv/lib/python3.9/site-packages/airflow/example_dags/example_branch_python_dop_operator_3.py took 0.059 seconds
[2021-11-18 18:47:17,033] {processor.py:163} INFO - Started process (PID=56143) to work on /Users/sravanisigadam/PycharmProjects/Airflow/venv/lib/python3.9/site-packages/airflow/example_dags/example_branch_python_dop_operator_3.py
[2021-11-18 18:47:17,033] {processor.py:625} INFO - Processing file /Users/sravanisigadam/PycharmProjects/Airflow/venv/lib/python3.9/site-packages/airflow/example_dags/example_branch_python_dop_operator_3.py for tasks to queue
[2021-11-18 18:47:17,034] {logging_mixin.py:109} INFO - [2021-11-18 18:47:17,034] {dagbag.py:500} INFO - Filling up the DagBag from /Users/sravanisigadam/PycharmProjects/Airflow/venv/lib/python3.9/site-packages/airflow/example_dags/example_branch_python_dop_operator_3.py
[2021-11-18 18:47:17,068] {processor.py:637} INFO - DAG(s) dict_keys(['example_branch_dop_operator_v3']) retrieved from /Users/sravanisigadam/PycharmProjects/Airflow/venv/lib/python3.9/site-packages/airflow/example_dags/example_branch_python_dop_operator_3.py
[2021-11-18 18:47:17,079] {logging_mixin.py:109} INFO - [2021-11-18 18:47:17,079] {dag.py:2396} INFO - Sync 1 DAGs
[2021-11-18 18:47:17,088] {logging_mixin.py:109} INFO - [2021-11-18 18:47:17,088] {dag.py:2928} INFO - Setting next_dagrun for example_branch_dop_operator_v3 to 2021-11-19T02:46:00+00:00
[2021-11-18 18:47:17,093] {processor.py:171} INFO - Processing /Users/sravanisigadam/PycharmProjects/Airflow/venv/lib/python3.9/site-packages/airflow/example_dags/example_branch_python_dop_operator_3.py took 0.061 seconds
[2021-11-18 18:48:35,833] {processor.py:163} INFO - Started process (PID=56198) to work on /Users/sravanisigadam/PycharmProjects/Airflow/venv/lib/python3.9/site-packages/airflow/example_dags/example_branch_python_dop_operator_3.py
[2021-11-18 18:48:35,835] {processor.py:625} INFO - Processing file /Users/sravanisigadam/PycharmProjects/Airflow/venv/lib/python3.9/site-packages/airflow/example_dags/example_branch_python_dop_operator_3.py for tasks to queue
[2021-11-18 18:48:35,835] {logging_mixin.py:109} INFO - [2021-11-18 18:48:35,835] {dagbag.py:500} INFO - Filling up the DagBag from /Users/sravanisigadam/PycharmProjects/Airflow/venv/lib/python3.9/site-packages/airflow/example_dags/example_branch_python_dop_operator_3.py
[2021-11-18 18:48:35,868] {processor.py:637} INFO - DAG(s) dict_keys(['example_branch_dop_operator_v3']) retrieved from /Users/sravanisigadam/PycharmProjects/Airflow/venv/lib/python3.9/site-packages/airflow/example_dags/example_branch_python_dop_operator_3.py
[2021-11-18 18:48:35,878] {logging_mixin.py:109} INFO - [2021-11-18 18:48:35,878] {dag.py:2396} INFO - Sync 1 DAGs
[2021-11-18 18:48:35,886] {logging_mixin.py:109} INFO - [2021-11-18 18:48:35,886] {dag.py:2928} INFO - Setting next_dagrun for example_branch_dop_operator_v3 to 2021-11-19T02:47:00+00:00
[2021-11-18 18:48:35,892] {processor.py:171} INFO - Processing /Users/sravanisigadam/PycharmProjects/Airflow/venv/lib/python3.9/site-packages/airflow/example_dags/example_branch_python_dop_operator_3.py took 0.058 seconds
[2021-11-18 18:49:58,622] {processor.py:163} INFO - Started process (PID=56249) to work on /Users/sravanisigadam/PycharmProjects/Airflow/venv/lib/python3.9/site-packages/airflow/example_dags/example_branch_python_dop_operator_3.py
[2021-11-18 18:49:58,622] {processor.py:625} INFO - Processing file /Users/sravanisigadam/PycharmProjects/Airflow/venv/lib/python3.9/site-packages/airflow/example_dags/example_branch_python_dop_operator_3.py for tasks to queue
[2021-11-18 18:49:58,622] {logging_mixin.py:109} INFO - [2021-11-18 18:49:58,622] {dagbag.py:500} INFO - Filling up the DagBag from /Users/sravanisigadam/PycharmProjects/Airflow/venv/lib/python3.9/site-packages/airflow/example_dags/example_branch_python_dop_operator_3.py
[2021-11-18 18:49:58,655] {processor.py:637} INFO - DAG(s) dict_keys(['example_branch_dop_operator_v3']) retrieved from /Users/sravanisigadam/PycharmProjects/Airflow/venv/lib/python3.9/site-packages/airflow/example_dags/example_branch_python_dop_operator_3.py
[2021-11-18 18:49:58,666] {logging_mixin.py:109} INFO - [2021-11-18 18:49:58,666] {dag.py:2396} INFO - Sync 1 DAGs
[2021-11-18 18:49:58,674] {logging_mixin.py:109} INFO - [2021-11-18 18:49:58,674] {dag.py:2928} INFO - Setting next_dagrun for example_branch_dop_operator_v3 to 2021-11-19T02:48:00+00:00
[2021-11-18 18:49:58,680] {processor.py:171} INFO - Processing /Users/sravanisigadam/PycharmProjects/Airflow/venv/lib/python3.9/site-packages/airflow/example_dags/example_branch_python_dop_operator_3.py took 0.058 seconds
[2021-11-18 18:51:14,984] {processor.py:163} INFO - Started process (PID=56288) to work on /Users/sravanisigadam/PycharmProjects/Airflow/venv/lib/python3.9/site-packages/airflow/example_dags/example_branch_python_dop_operator_3.py
[2021-11-18 18:51:14,984] {processor.py:625} INFO - Processing file /Users/sravanisigadam/PycharmProjects/Airflow/venv/lib/python3.9/site-packages/airflow/example_dags/example_branch_python_dop_operator_3.py for tasks to queue
[2021-11-18 18:51:14,984] {logging_mixin.py:109} INFO - [2021-11-18 18:51:14,984] {dagbag.py:500} INFO - Filling up the DagBag from /Users/sravanisigadam/PycharmProjects/Airflow/venv/lib/python3.9/site-packages/airflow/example_dags/example_branch_python_dop_operator_3.py
[2021-11-18 18:51:15,018] {processor.py:637} INFO - DAG(s) dict_keys(['example_branch_dop_operator_v3']) retrieved from /Users/sravanisigadam/PycharmProjects/Airflow/venv/lib/python3.9/site-packages/airflow/example_dags/example_branch_python_dop_operator_3.py
[2021-11-18 18:51:15,029] {logging_mixin.py:109} INFO - [2021-11-18 18:51:15,029] {dag.py:2396} INFO - Sync 1 DAGs
[2021-11-18 18:51:15,037] {logging_mixin.py:109} INFO - [2021-11-18 18:51:15,037] {dag.py:2928} INFO - Setting next_dagrun for example_branch_dop_operator_v3 to 2021-11-19T02:50:00+00:00
[2021-11-18 18:51:15,043] {processor.py:171} INFO - Processing /Users/sravanisigadam/PycharmProjects/Airflow/venv/lib/python3.9/site-packages/airflow/example_dags/example_branch_python_dop_operator_3.py took 0.059 seconds
[2021-11-18 18:52:32,945] {processor.py:163} INFO - Started process (PID=56331) to work on /Users/sravanisigadam/PycharmProjects/Airflow/venv/lib/python3.9/site-packages/airflow/example_dags/example_branch_python_dop_operator_3.py
[2021-11-18 18:52:32,946] {processor.py:625} INFO - Processing file /Users/sravanisigadam/PycharmProjects/Airflow/venv/lib/python3.9/site-packages/airflow/example_dags/example_branch_python_dop_operator_3.py for tasks to queue
[2021-11-18 18:52:32,946] {logging_mixin.py:109} INFO - [2021-11-18 18:52:32,946] {dagbag.py:500} INFO - Filling up the DagBag from /Users/sravanisigadam/PycharmProjects/Airflow/venv/lib/python3.9/site-packages/airflow/example_dags/example_branch_python_dop_operator_3.py
[2021-11-18 18:52:32,978] {processor.py:637} INFO - DAG(s) dict_keys(['example_branch_dop_operator_v3']) retrieved from /Users/sravanisigadam/PycharmProjects/Airflow/venv/lib/python3.9/site-packages/airflow/example_dags/example_branch_python_dop_operator_3.py
[2021-11-18 18:52:32,990] {logging_mixin.py:109} INFO - [2021-11-18 18:52:32,990] {dag.py:2396} INFO - Sync 1 DAGs
[2021-11-18 18:52:32,998] {logging_mixin.py:109} INFO - [2021-11-18 18:52:32,998] {dag.py:2928} INFO - Setting next_dagrun for example_branch_dop_operator_v3 to 2021-11-19T02:51:00+00:00
[2021-11-18 18:52:33,004] {processor.py:171} INFO - Processing /Users/sravanisigadam/PycharmProjects/Airflow/venv/lib/python3.9/site-packages/airflow/example_dags/example_branch_python_dop_operator_3.py took 0.059 seconds
[2021-11-18 18:53:50,549] {processor.py:163} INFO - Started process (PID=56371) to work on /Users/sravanisigadam/PycharmProjects/Airflow/venv/lib/python3.9/site-packages/airflow/example_dags/example_branch_python_dop_operator_3.py
[2021-11-18 18:53:50,549] {processor.py:625} INFO - Processing file /Users/sravanisigadam/PycharmProjects/Airflow/venv/lib/python3.9/site-packages/airflow/example_dags/example_branch_python_dop_operator_3.py for tasks to queue
[2021-11-18 18:53:50,549] {logging_mixin.py:109} INFO - [2021-11-18 18:53:50,549] {dagbag.py:500} INFO - Filling up the DagBag from /Users/sravanisigadam/PycharmProjects/Airflow/venv/lib/python3.9/site-packages/airflow/example_dags/example_branch_python_dop_operator_3.py
[2021-11-18 18:53:50,583] {processor.py:637} INFO - DAG(s) dict_keys(['example_branch_dop_operator_v3']) retrieved from /Users/sravanisigadam/PycharmProjects/Airflow/venv/lib/python3.9/site-packages/airflow/example_dags/example_branch_python_dop_operator_3.py
[2021-11-18 18:53:50,594] {logging_mixin.py:109} INFO - [2021-11-18 18:53:50,594] {dag.py:2396} INFO - Sync 1 DAGs
[2021-11-18 18:53:50,602] {logging_mixin.py:109} INFO - [2021-11-18 18:53:50,602] {dag.py:2928} INFO - Setting next_dagrun for example_branch_dop_operator_v3 to 2021-11-19T02:52:00+00:00
[2021-11-18 18:53:50,608] {processor.py:171} INFO - Processing /Users/sravanisigadam/PycharmProjects/Airflow/venv/lib/python3.9/site-packages/airflow/example_dags/example_branch_python_dop_operator_3.py took 0.060 seconds
[2021-11-18 18:55:08,948] {processor.py:163} INFO - Started process (PID=56411) to work on /Users/sravanisigadam/PycharmProjects/Airflow/venv/lib/python3.9/site-packages/airflow/example_dags/example_branch_python_dop_operator_3.py
[2021-11-18 18:55:08,949] {processor.py:625} INFO - Processing file /Users/sravanisigadam/PycharmProjects/Airflow/venv/lib/python3.9/site-packages/airflow/example_dags/example_branch_python_dop_operator_3.py for tasks to queue
[2021-11-18 18:55:08,949] {logging_mixin.py:109} INFO - [2021-11-18 18:55:08,949] {dagbag.py:500} INFO - Filling up the DagBag from /Users/sravanisigadam/PycharmProjects/Airflow/venv/lib/python3.9/site-packages/airflow/example_dags/example_branch_python_dop_operator_3.py
[2021-11-18 18:55:08,980] {processor.py:637} INFO - DAG(s) dict_keys(['example_branch_dop_operator_v3']) retrieved from /Users/sravanisigadam/PycharmProjects/Airflow/venv/lib/python3.9/site-packages/airflow/example_dags/example_branch_python_dop_operator_3.py
[2021-11-18 18:55:08,991] {logging_mixin.py:109} INFO - [2021-11-18 18:55:08,991] {dag.py:2396} INFO - Sync 1 DAGs
[2021-11-18 18:55:08,999] {logging_mixin.py:109} INFO - [2021-11-18 18:55:08,999] {dag.py:2928} INFO - Setting next_dagrun for example_branch_dop_operator_v3 to 2021-11-19T02:54:00+00:00
[2021-11-18 18:55:09,004] {processor.py:171} INFO - Processing /Users/sravanisigadam/PycharmProjects/Airflow/venv/lib/python3.9/site-packages/airflow/example_dags/example_branch_python_dop_operator_3.py took 0.057 seconds
[2021-11-18 18:56:27,035] {processor.py:163} INFO - Started process (PID=56456) to work on /Users/sravanisigadam/PycharmProjects/Airflow/venv/lib/python3.9/site-packages/airflow/example_dags/example_branch_python_dop_operator_3.py
[2021-11-18 18:56:27,036] {processor.py:625} INFO - Processing file /Users/sravanisigadam/PycharmProjects/Airflow/venv/lib/python3.9/site-packages/airflow/example_dags/example_branch_python_dop_operator_3.py for tasks to queue
[2021-11-18 18:56:27,036] {logging_mixin.py:109} INFO - [2021-11-18 18:56:27,036] {dagbag.py:500} INFO - Filling up the DagBag from /Users/sravanisigadam/PycharmProjects/Airflow/venv/lib/python3.9/site-packages/airflow/example_dags/example_branch_python_dop_operator_3.py
[2021-11-18 18:56:27,071] {processor.py:637} INFO - DAG(s) dict_keys(['example_branch_dop_operator_v3']) retrieved from /Users/sravanisigadam/PycharmProjects/Airflow/venv/lib/python3.9/site-packages/airflow/example_dags/example_branch_python_dop_operator_3.py
[2021-11-18 18:56:27,081] {logging_mixin.py:109} INFO - [2021-11-18 18:56:27,081] {dag.py:2396} INFO - Sync 1 DAGs
[2021-11-18 18:56:27,090] {logging_mixin.py:109} INFO - [2021-11-18 18:56:27,089] {dag.py:2928} INFO - Setting next_dagrun for example_branch_dop_operator_v3 to 2021-11-19T02:55:00+00:00
[2021-11-18 18:56:27,094] {processor.py:171} INFO - Processing /Users/sravanisigadam/PycharmProjects/Airflow/venv/lib/python3.9/site-packages/airflow/example_dags/example_branch_python_dop_operator_3.py took 0.060 seconds
[2021-11-18 18:57:44,612] {processor.py:163} INFO - Started process (PID=56495) to work on /Users/sravanisigadam/PycharmProjects/Airflow/venv/lib/python3.9/site-packages/airflow/example_dags/example_branch_python_dop_operator_3.py
[2021-11-18 18:57:44,612] {processor.py:625} INFO - Processing file /Users/sravanisigadam/PycharmProjects/Airflow/venv/lib/python3.9/site-packages/airflow/example_dags/example_branch_python_dop_operator_3.py for tasks to queue
[2021-11-18 18:57:44,613] {logging_mixin.py:109} INFO - [2021-11-18 18:57:44,613] {dagbag.py:500} INFO - Filling up the DagBag from /Users/sravanisigadam/PycharmProjects/Airflow/venv/lib/python3.9/site-packages/airflow/example_dags/example_branch_python_dop_operator_3.py
[2021-11-18 18:57:44,648] {processor.py:637} INFO - DAG(s) dict_keys(['example_branch_dop_operator_v3']) retrieved from /Users/sravanisigadam/PycharmProjects/Airflow/venv/lib/python3.9/site-packages/airflow/example_dags/example_branch_python_dop_operator_3.py
[2021-11-18 18:57:44,659] {logging_mixin.py:109} INFO - [2021-11-18 18:57:44,659] {dag.py:2396} INFO - Sync 1 DAGs
[2021-11-18 18:57:44,667] {logging_mixin.py:109} INFO - [2021-11-18 18:57:44,667] {dag.py:2928} INFO - Setting next_dagrun for example_branch_dop_operator_v3 to 2021-11-19T02:56:00+00:00
[2021-11-18 18:57:44,672] {processor.py:171} INFO - Processing /Users/sravanisigadam/PycharmProjects/Airflow/venv/lib/python3.9/site-packages/airflow/example_dags/example_branch_python_dop_operator_3.py took 0.060 seconds
[2021-11-18 18:59:02,456] {processor.py:163} INFO - Started process (PID=56543) to work on /Users/sravanisigadam/PycharmProjects/Airflow/venv/lib/python3.9/site-packages/airflow/example_dags/example_branch_python_dop_operator_3.py
[2021-11-18 18:59:02,457] {processor.py:625} INFO - Processing file /Users/sravanisigadam/PycharmProjects/Airflow/venv/lib/python3.9/site-packages/airflow/example_dags/example_branch_python_dop_operator_3.py for tasks to queue
[2021-11-18 18:59:02,457] {logging_mixin.py:109} INFO - [2021-11-18 18:59:02,457] {dagbag.py:500} INFO - Filling up the DagBag from /Users/sravanisigadam/PycharmProjects/Airflow/venv/lib/python3.9/site-packages/airflow/example_dags/example_branch_python_dop_operator_3.py
[2021-11-18 18:59:02,490] {processor.py:637} INFO - DAG(s) dict_keys(['example_branch_dop_operator_v3']) retrieved from /Users/sravanisigadam/PycharmProjects/Airflow/venv/lib/python3.9/site-packages/airflow/example_dags/example_branch_python_dop_operator_3.py
[2021-11-18 18:59:02,500] {logging_mixin.py:109} INFO - [2021-11-18 18:59:02,500] {dag.py:2396} INFO - Sync 1 DAGs
[2021-11-18 18:59:02,508] {logging_mixin.py:109} INFO - [2021-11-18 18:59:02,508] {dag.py:2928} INFO - Setting next_dagrun for example_branch_dop_operator_v3 to 2021-11-19T02:58:00+00:00
[2021-11-18 18:59:02,513] {processor.py:171} INFO - Processing /Users/sravanisigadam/PycharmProjects/Airflow/venv/lib/python3.9/site-packages/airflow/example_dags/example_branch_python_dop_operator_3.py took 0.057 seconds
[2021-11-18 19:00:23,951] {processor.py:163} INFO - Started process (PID=56586) to work on /Users/sravanisigadam/PycharmProjects/Airflow/venv/lib/python3.9/site-packages/airflow/example_dags/example_branch_python_dop_operator_3.py
[2021-11-18 19:00:23,952] {processor.py:625} INFO - Processing file /Users/sravanisigadam/PycharmProjects/Airflow/venv/lib/python3.9/site-packages/airflow/example_dags/example_branch_python_dop_operator_3.py for tasks to queue
[2021-11-18 19:00:23,952] {logging_mixin.py:109} INFO - [2021-11-18 19:00:23,952] {dagbag.py:500} INFO - Filling up the DagBag from /Users/sravanisigadam/PycharmProjects/Airflow/venv/lib/python3.9/site-packages/airflow/example_dags/example_branch_python_dop_operator_3.py
[2021-11-18 19:00:23,993] {processor.py:637} INFO - DAG(s) dict_keys(['example_branch_dop_operator_v3']) retrieved from /Users/sravanisigadam/PycharmProjects/Airflow/venv/lib/python3.9/site-packages/airflow/example_dags/example_branch_python_dop_operator_3.py
[2021-11-18 19:00:24,003] {logging_mixin.py:109} INFO - [2021-11-18 19:00:24,003] {dag.py:2396} INFO - Sync 1 DAGs
[2021-11-18 19:00:24,012] {logging_mixin.py:109} INFO - [2021-11-18 19:00:24,011] {dag.py:2928} INFO - Setting next_dagrun for example_branch_dop_operator_v3 to 2021-11-19T02:59:00+00:00
[2021-11-18 19:00:24,016] {processor.py:171} INFO - Processing /Users/sravanisigadam/PycharmProjects/Airflow/venv/lib/python3.9/site-packages/airflow/example_dags/example_branch_python_dop_operator_3.py took 0.066 seconds
[2021-11-18 19:01:41,387] {processor.py:163} INFO - Started process (PID=56634) to work on /Users/sravanisigadam/PycharmProjects/Airflow/venv/lib/python3.9/site-packages/airflow/example_dags/example_branch_python_dop_operator_3.py
[2021-11-18 19:01:41,387] {processor.py:625} INFO - Processing file /Users/sravanisigadam/PycharmProjects/Airflow/venv/lib/python3.9/site-packages/airflow/example_dags/example_branch_python_dop_operator_3.py for tasks to queue
[2021-11-18 19:01:41,388] {logging_mixin.py:109} INFO - [2021-11-18 19:01:41,388] {dagbag.py:500} INFO - Filling up the DagBag from /Users/sravanisigadam/PycharmProjects/Airflow/venv/lib/python3.9/site-packages/airflow/example_dags/example_branch_python_dop_operator_3.py
[2021-11-18 19:01:41,421] {processor.py:637} INFO - DAG(s) dict_keys(['example_branch_dop_operator_v3']) retrieved from /Users/sravanisigadam/PycharmProjects/Airflow/venv/lib/python3.9/site-packages/airflow/example_dags/example_branch_python_dop_operator_3.py
[2021-11-18 19:01:41,432] {logging_mixin.py:109} INFO - [2021-11-18 19:01:41,432] {dag.py:2396} INFO - Sync 1 DAGs
[2021-11-18 19:01:41,440] {logging_mixin.py:109} INFO - [2021-11-18 19:01:41,440] {dag.py:2928} INFO - Setting next_dagrun for example_branch_dop_operator_v3 to 2021-11-19T03:00:00+00:00
[2021-11-18 19:01:41,445] {processor.py:171} INFO - Processing /Users/sravanisigadam/PycharmProjects/Airflow/venv/lib/python3.9/site-packages/airflow/example_dags/example_branch_python_dop_operator_3.py took 0.058 seconds
[2021-11-18 19:02:59,440] {processor.py:163} INFO - Started process (PID=56675) to work on /Users/sravanisigadam/PycharmProjects/Airflow/venv/lib/python3.9/site-packages/airflow/example_dags/example_branch_python_dop_operator_3.py
[2021-11-18 19:02:59,441] {processor.py:625} INFO - Processing file /Users/sravanisigadam/PycharmProjects/Airflow/venv/lib/python3.9/site-packages/airflow/example_dags/example_branch_python_dop_operator_3.py for tasks to queue
[2021-11-18 19:02:59,441] {logging_mixin.py:109} INFO - [2021-11-18 19:02:59,441] {dagbag.py:500} INFO - Filling up the DagBag from /Users/sravanisigadam/PycharmProjects/Airflow/venv/lib/python3.9/site-packages/airflow/example_dags/example_branch_python_dop_operator_3.py
[2021-11-18 19:02:59,473] {processor.py:637} INFO - DAG(s) dict_keys(['example_branch_dop_operator_v3']) retrieved from /Users/sravanisigadam/PycharmProjects/Airflow/venv/lib/python3.9/site-packages/airflow/example_dags/example_branch_python_dop_operator_3.py
[2021-11-18 19:02:59,483] {logging_mixin.py:109} INFO - [2021-11-18 19:02:59,483] {dag.py:2396} INFO - Sync 1 DAGs
[2021-11-18 19:02:59,491] {logging_mixin.py:109} INFO - [2021-11-18 19:02:59,491] {dag.py:2928} INFO - Setting next_dagrun for example_branch_dop_operator_v3 to 2021-11-19T03:01:00+00:00
[2021-11-18 19:02:59,495] {processor.py:171} INFO - Processing /Users/sravanisigadam/PycharmProjects/Airflow/venv/lib/python3.9/site-packages/airflow/example_dags/example_branch_python_dop_operator_3.py took 0.056 seconds
[2021-11-18 19:04:17,856] {processor.py:163} INFO - Started process (PID=56723) to work on /Users/sravanisigadam/PycharmProjects/Airflow/venv/lib/python3.9/site-packages/airflow/example_dags/example_branch_python_dop_operator_3.py
[2021-11-18 19:04:17,856] {processor.py:625} INFO - Processing file /Users/sravanisigadam/PycharmProjects/Airflow/venv/lib/python3.9/site-packages/airflow/example_dags/example_branch_python_dop_operator_3.py for tasks to queue
[2021-11-18 19:04:17,857] {logging_mixin.py:109} INFO - [2021-11-18 19:04:17,857] {dagbag.py:500} INFO - Filling up the DagBag from /Users/sravanisigadam/PycharmProjects/Airflow/venv/lib/python3.9/site-packages/airflow/example_dags/example_branch_python_dop_operator_3.py
[2021-11-18 19:04:17,890] {processor.py:637} INFO - DAG(s) dict_keys(['example_branch_dop_operator_v3']) retrieved from /Users/sravanisigadam/PycharmProjects/Airflow/venv/lib/python3.9/site-packages/airflow/example_dags/example_branch_python_dop_operator_3.py
[2021-11-18 19:04:17,901] {logging_mixin.py:109} INFO - [2021-11-18 19:04:17,901] {dag.py:2396} INFO - Sync 1 DAGs
[2021-11-18 19:04:17,909] {logging_mixin.py:109} INFO - [2021-11-18 19:04:17,909] {dag.py:2928} INFO - Setting next_dagrun for example_branch_dop_operator_v3 to 2021-11-19T03:03:00+00:00
[2021-11-18 19:04:17,914] {processor.py:171} INFO - Processing /Users/sravanisigadam/PycharmProjects/Airflow/venv/lib/python3.9/site-packages/airflow/example_dags/example_branch_python_dop_operator_3.py took 0.058 seconds
[2021-11-18 19:05:36,356] {processor.py:163} INFO - Started process (PID=56775) to work on /Users/sravanisigadam/PycharmProjects/Airflow/venv/lib/python3.9/site-packages/airflow/example_dags/example_branch_python_dop_operator_3.py
[2021-11-18 19:05:36,357] {processor.py:625} INFO - Processing file /Users/sravanisigadam/PycharmProjects/Airflow/venv/lib/python3.9/site-packages/airflow/example_dags/example_branch_python_dop_operator_3.py for tasks to queue
[2021-11-18 19:05:36,358] {logging_mixin.py:109} INFO - [2021-11-18 19:05:36,358] {dagbag.py:500} INFO - Filling up the DagBag from /Users/sravanisigadam/PycharmProjects/Airflow/venv/lib/python3.9/site-packages/airflow/example_dags/example_branch_python_dop_operator_3.py
[2021-11-18 19:05:36,390] {processor.py:637} INFO - DAG(s) dict_keys(['example_branch_dop_operator_v3']) retrieved from /Users/sravanisigadam/PycharmProjects/Airflow/venv/lib/python3.9/site-packages/airflow/example_dags/example_branch_python_dop_operator_3.py
[2021-11-18 19:05:36,403] {logging_mixin.py:109} INFO - [2021-11-18 19:05:36,402] {dag.py:2396} INFO - Sync 1 DAGs
[2021-11-18 19:05:36,411] {logging_mixin.py:109} INFO - [2021-11-18 19:05:36,411] {dag.py:2928} INFO - Setting next_dagrun for example_branch_dop_operator_v3 to 2021-11-19T03:04:00+00:00
[2021-11-18 19:05:36,417] {processor.py:171} INFO - Processing /Users/sravanisigadam/PycharmProjects/Airflow/venv/lib/python3.9/site-packages/airflow/example_dags/example_branch_python_dop_operator_3.py took 0.061 seconds
[2021-11-18 19:06:55,867] {processor.py:163} INFO - Started process (PID=56843) to work on /Users/sravanisigadam/PycharmProjects/Airflow/venv/lib/python3.9/site-packages/airflow/example_dags/example_branch_python_dop_operator_3.py
[2021-11-18 19:06:55,868] {processor.py:625} INFO - Processing file /Users/sravanisigadam/PycharmProjects/Airflow/venv/lib/python3.9/site-packages/airflow/example_dags/example_branch_python_dop_operator_3.py for tasks to queue
[2021-11-18 19:06:55,868] {logging_mixin.py:109} INFO - [2021-11-18 19:06:55,868] {dagbag.py:500} INFO - Filling up the DagBag from /Users/sravanisigadam/PycharmProjects/Airflow/venv/lib/python3.9/site-packages/airflow/example_dags/example_branch_python_dop_operator_3.py
[2021-11-18 19:06:55,900] {processor.py:637} INFO - DAG(s) dict_keys(['example_branch_dop_operator_v3']) retrieved from /Users/sravanisigadam/PycharmProjects/Airflow/venv/lib/python3.9/site-packages/airflow/example_dags/example_branch_python_dop_operator_3.py
[2021-11-18 19:06:55,911] {logging_mixin.py:109} INFO - [2021-11-18 19:06:55,911] {dag.py:2396} INFO - Sync 1 DAGs
[2021-11-18 19:06:55,919] {logging_mixin.py:109} INFO - [2021-11-18 19:06:55,919] {dag.py:2928} INFO - Setting next_dagrun for example_branch_dop_operator_v3 to 2021-11-19T03:05:00+00:00
[2021-11-18 19:06:55,924] {processor.py:171} INFO - Processing /Users/sravanisigadam/PycharmProjects/Airflow/venv/lib/python3.9/site-packages/airflow/example_dags/example_branch_python_dop_operator_3.py took 0.058 seconds
[2021-11-18 19:08:13,820] {processor.py:163} INFO - Started process (PID=56919) to work on /Users/sravanisigadam/PycharmProjects/Airflow/venv/lib/python3.9/site-packages/airflow/example_dags/example_branch_python_dop_operator_3.py
[2021-11-18 19:08:13,821] {processor.py:625} INFO - Processing file /Users/sravanisigadam/PycharmProjects/Airflow/venv/lib/python3.9/site-packages/airflow/example_dags/example_branch_python_dop_operator_3.py for tasks to queue
[2021-11-18 19:08:13,822] {logging_mixin.py:109} INFO - [2021-11-18 19:08:13,822] {dagbag.py:500} INFO - Filling up the DagBag from /Users/sravanisigadam/PycharmProjects/Airflow/venv/lib/python3.9/site-packages/airflow/example_dags/example_branch_python_dop_operator_3.py
[2021-11-18 19:08:13,856] {processor.py:637} INFO - DAG(s) dict_keys(['example_branch_dop_operator_v3']) retrieved from /Users/sravanisigadam/PycharmProjects/Airflow/venv/lib/python3.9/site-packages/airflow/example_dags/example_branch_python_dop_operator_3.py
[2021-11-18 19:08:13,867] {logging_mixin.py:109} INFO - [2021-11-18 19:08:13,867] {dag.py:2396} INFO - Sync 1 DAGs
[2021-11-18 19:08:13,875] {logging_mixin.py:109} INFO - [2021-11-18 19:08:13,875] {dag.py:2928} INFO - Setting next_dagrun for example_branch_dop_operator_v3 to 2021-11-19T03:07:00+00:00
[2021-11-18 19:08:13,881] {processor.py:171} INFO - Processing /Users/sravanisigadam/PycharmProjects/Airflow/venv/lib/python3.9/site-packages/airflow/example_dags/example_branch_python_dop_operator_3.py took 0.061 seconds
[2021-11-18 19:09:32,359] {processor.py:163} INFO - Started process (PID=56965) to work on /Users/sravanisigadam/PycharmProjects/Airflow/venv/lib/python3.9/site-packages/airflow/example_dags/example_branch_python_dop_operator_3.py
[2021-11-18 19:09:32,360] {processor.py:625} INFO - Processing file /Users/sravanisigadam/PycharmProjects/Airflow/venv/lib/python3.9/site-packages/airflow/example_dags/example_branch_python_dop_operator_3.py for tasks to queue
[2021-11-18 19:09:32,360] {logging_mixin.py:109} INFO - [2021-11-18 19:09:32,360] {dagbag.py:500} INFO - Filling up the DagBag from /Users/sravanisigadam/PycharmProjects/Airflow/venv/lib/python3.9/site-packages/airflow/example_dags/example_branch_python_dop_operator_3.py
[2021-11-18 19:09:32,394] {processor.py:637} INFO - DAG(s) dict_keys(['example_branch_dop_operator_v3']) retrieved from /Users/sravanisigadam/PycharmProjects/Airflow/venv/lib/python3.9/site-packages/airflow/example_dags/example_branch_python_dop_operator_3.py
[2021-11-18 19:09:32,406] {logging_mixin.py:109} INFO - [2021-11-18 19:09:32,405] {dag.py:2396} INFO - Sync 1 DAGs
[2021-11-18 19:09:32,414] {logging_mixin.py:109} INFO - [2021-11-18 19:09:32,414] {dag.py:2928} INFO - Setting next_dagrun for example_branch_dop_operator_v3 to 2021-11-19T03:08:00+00:00
[2021-11-18 19:09:32,419] {processor.py:171} INFO - Processing /Users/sravanisigadam/PycharmProjects/Airflow/venv/lib/python3.9/site-packages/airflow/example_dags/example_branch_python_dop_operator_3.py took 0.060 seconds
[2021-11-18 19:10:52,644] {processor.py:163} INFO - Started process (PID=57010) to work on /Users/sravanisigadam/PycharmProjects/Airflow/venv/lib/python3.9/site-packages/airflow/example_dags/example_branch_python_dop_operator_3.py
[2021-11-18 19:10:52,644] {processor.py:625} INFO - Processing file /Users/sravanisigadam/PycharmProjects/Airflow/venv/lib/python3.9/site-packages/airflow/example_dags/example_branch_python_dop_operator_3.py for tasks to queue
[2021-11-18 19:10:52,644] {logging_mixin.py:109} INFO - [2021-11-18 19:10:52,644] {dagbag.py:500} INFO - Filling up the DagBag from /Users/sravanisigadam/PycharmProjects/Airflow/venv/lib/python3.9/site-packages/airflow/example_dags/example_branch_python_dop_operator_3.py
[2021-11-18 19:10:52,678] {processor.py:637} INFO - DAG(s) dict_keys(['example_branch_dop_operator_v3']) retrieved from /Users/sravanisigadam/PycharmProjects/Airflow/venv/lib/python3.9/site-packages/airflow/example_dags/example_branch_python_dop_operator_3.py
[2021-11-18 19:10:52,689] {logging_mixin.py:109} INFO - [2021-11-18 19:10:52,689] {dag.py:2396} INFO - Sync 1 DAGs
[2021-11-18 19:10:52,698] {logging_mixin.py:109} INFO - [2021-11-18 19:10:52,698] {dag.py:2928} INFO - Setting next_dagrun for example_branch_dop_operator_v3 to 2021-11-19T03:09:00+00:00
[2021-11-18 19:10:52,703] {processor.py:171} INFO - Processing /Users/sravanisigadam/PycharmProjects/Airflow/venv/lib/python3.9/site-packages/airflow/example_dags/example_branch_python_dop_operator_3.py took 0.060 seconds
[2021-11-18 19:12:13,638] {processor.py:163} INFO - Started process (PID=57058) to work on /Users/sravanisigadam/PycharmProjects/Airflow/venv/lib/python3.9/site-packages/airflow/example_dags/example_branch_python_dop_operator_3.py
[2021-11-18 19:12:13,638] {processor.py:625} INFO - Processing file /Users/sravanisigadam/PycharmProjects/Airflow/venv/lib/python3.9/site-packages/airflow/example_dags/example_branch_python_dop_operator_3.py for tasks to queue
[2021-11-18 19:12:13,639] {logging_mixin.py:109} INFO - [2021-11-18 19:12:13,639] {dagbag.py:500} INFO - Filling up the DagBag from /Users/sravanisigadam/PycharmProjects/Airflow/venv/lib/python3.9/site-packages/airflow/example_dags/example_branch_python_dop_operator_3.py
[2021-11-18 19:12:13,673] {processor.py:637} INFO - DAG(s) dict_keys(['example_branch_dop_operator_v3']) retrieved from /Users/sravanisigadam/PycharmProjects/Airflow/venv/lib/python3.9/site-packages/airflow/example_dags/example_branch_python_dop_operator_3.py
[2021-11-18 19:12:13,683] {logging_mixin.py:109} INFO - [2021-11-18 19:12:13,683] {dag.py:2396} INFO - Sync 1 DAGs
[2021-11-18 19:12:13,691] {logging_mixin.py:109} INFO - [2021-11-18 19:12:13,691] {dag.py:2928} INFO - Setting next_dagrun for example_branch_dop_operator_v3 to 2021-11-19T03:11:00+00:00
[2021-11-18 19:12:13,696] {processor.py:171} INFO - Processing /Users/sravanisigadam/PycharmProjects/Airflow/venv/lib/python3.9/site-packages/airflow/example_dags/example_branch_python_dop_operator_3.py took 0.059 seconds
[2021-11-18 19:13:35,583] {processor.py:163} INFO - Started process (PID=57127) to work on /Users/sravanisigadam/PycharmProjects/Airflow/venv/lib/python3.9/site-packages/airflow/example_dags/example_branch_python_dop_operator_3.py
[2021-11-18 19:13:35,584] {processor.py:625} INFO - Processing file /Users/sravanisigadam/PycharmProjects/Airflow/venv/lib/python3.9/site-packages/airflow/example_dags/example_branch_python_dop_operator_3.py for tasks to queue
[2021-11-18 19:13:35,585] {logging_mixin.py:109} INFO - [2021-11-18 19:13:35,585] {dagbag.py:500} INFO - Filling up the DagBag from /Users/sravanisigadam/PycharmProjects/Airflow/venv/lib/python3.9/site-packages/airflow/example_dags/example_branch_python_dop_operator_3.py
[2021-11-18 19:13:35,617] {processor.py:637} INFO - DAG(s) dict_keys(['example_branch_dop_operator_v3']) retrieved from /Users/sravanisigadam/PycharmProjects/Airflow/venv/lib/python3.9/site-packages/airflow/example_dags/example_branch_python_dop_operator_3.py
[2021-11-18 19:13:35,628] {logging_mixin.py:109} INFO - [2021-11-18 19:13:35,628] {dag.py:2396} INFO - Sync 1 DAGs
[2021-11-18 19:13:35,636] {logging_mixin.py:109} INFO - [2021-11-18 19:13:35,636] {dag.py:2928} INFO - Setting next_dagrun for example_branch_dop_operator_v3 to 2021-11-19T03:12:00+00:00
[2021-11-18 19:13:35,641] {processor.py:171} INFO - Processing /Users/sravanisigadam/PycharmProjects/Airflow/venv/lib/python3.9/site-packages/airflow/example_dags/example_branch_python_dop_operator_3.py took 0.058 seconds
[2021-11-18 19:14:56,458] {processor.py:163} INFO - Started process (PID=57191) to work on /Users/sravanisigadam/PycharmProjects/Airflow/venv/lib/python3.9/site-packages/airflow/example_dags/example_branch_python_dop_operator_3.py
[2021-11-18 19:14:56,459] {processor.py:625} INFO - Processing file /Users/sravanisigadam/PycharmProjects/Airflow/venv/lib/python3.9/site-packages/airflow/example_dags/example_branch_python_dop_operator_3.py for tasks to queue
[2021-11-18 19:14:56,459] {logging_mixin.py:109} INFO - [2021-11-18 19:14:56,459] {dagbag.py:500} INFO - Filling up the DagBag from /Users/sravanisigadam/PycharmProjects/Airflow/venv/lib/python3.9/site-packages/airflow/example_dags/example_branch_python_dop_operator_3.py
[2021-11-18 19:14:56,494] {processor.py:637} INFO - DAG(s) dict_keys(['example_branch_dop_operator_v3']) retrieved from /Users/sravanisigadam/PycharmProjects/Airflow/venv/lib/python3.9/site-packages/airflow/example_dags/example_branch_python_dop_operator_3.py
[2021-11-18 19:14:56,505] {logging_mixin.py:109} INFO - [2021-11-18 19:14:56,505] {dag.py:2396} INFO - Sync 1 DAGs
[2021-11-18 19:14:56,513] {logging_mixin.py:109} INFO - [2021-11-18 19:14:56,513] {dag.py:2928} INFO - Setting next_dagrun for example_branch_dop_operator_v3 to 2021-11-19T03:13:00+00:00
[2021-11-18 19:14:56,519] {processor.py:171} INFO - Processing /Users/sravanisigadam/PycharmProjects/Airflow/venv/lib/python3.9/site-packages/airflow/example_dags/example_branch_python_dop_operator_3.py took 0.061 seconds
