[2021-11-18 18:05:10,449] {processor.py:163} INFO - Started process (PID=55557) to work on /Users/sravanisigadam/PycharmProjects/Airflow/venv/lib/python3.9/site-packages/airflow/example_dags/example_time_delta_sensor_async.py
[2021-11-18 18:05:10,450] {processor.py:625} INFO - Processing file /Users/sravanisigadam/PycharmProjects/Airflow/venv/lib/python3.9/site-packages/airflow/example_dags/example_time_delta_sensor_async.py for tasks to queue
[2021-11-18 18:05:10,450] {logging_mixin.py:109} INFO - [2021-11-18 18:05:10,450] {dagbag.py:500} INFO - Filling up the DagBag from /Users/sravanisigadam/PycharmProjects/Airflow/venv/lib/python3.9/site-packages/airflow/example_dags/example_time_delta_sensor_async.py
[2021-11-18 18:05:10,482] {processor.py:637} INFO - DAG(s) dict_keys(['example_time_delta_sensor_async']) retrieved from /Users/sravanisigadam/PycharmProjects/Airflow/venv/lib/python3.9/site-packages/airflow/example_dags/example_time_delta_sensor_async.py
[2021-11-18 18:05:10,495] {logging_mixin.py:109} INFO - [2021-11-18 18:05:10,495] {dag.py:2396} INFO - Sync 1 DAGs
[2021-11-18 18:05:10,502] {logging_mixin.py:109} INFO - [2021-11-18 18:05:10,502] {dag.py:2928} INFO - Setting next_dagrun for example_time_delta_sensor_async to None
[2021-11-18 18:05:10,508] {processor.py:171} INFO - Processing /Users/sravanisigadam/PycharmProjects/Airflow/venv/lib/python3.9/site-packages/airflow/example_dags/example_time_delta_sensor_async.py took 0.058 seconds
[2021-11-18 18:25:18,712] {processor.py:163} INFO - Started process (PID=55658) to work on /Users/sravanisigadam/PycharmProjects/Airflow/venv/lib/python3.9/site-packages/airflow/example_dags/example_time_delta_sensor_async.py
[2021-11-18 18:25:18,714] {processor.py:625} INFO - Processing file /Users/sravanisigadam/PycharmProjects/Airflow/venv/lib/python3.9/site-packages/airflow/example_dags/example_time_delta_sensor_async.py for tasks to queue
[2021-11-18 18:25:18,714] {logging_mixin.py:109} INFO - [2021-11-18 18:25:18,714] {dagbag.py:500} INFO - Filling up the DagBag from /Users/sravanisigadam/PycharmProjects/Airflow/venv/lib/python3.9/site-packages/airflow/example_dags/example_time_delta_sensor_async.py
[2021-11-18 18:25:18,738] {processor.py:637} INFO - DAG(s) dict_keys(['example_time_delta_sensor_async']) retrieved from /Users/sravanisigadam/PycharmProjects/Airflow/venv/lib/python3.9/site-packages/airflow/example_dags/example_time_delta_sensor_async.py
[2021-11-18 18:25:18,748] {logging_mixin.py:109} INFO - [2021-11-18 18:25:18,748] {dag.py:2396} INFO - Sync 1 DAGs
[2021-11-18 18:25:18,753] {logging_mixin.py:109} INFO - [2021-11-18 18:25:18,753] {dag.py:2928} INFO - Setting next_dagrun for example_time_delta_sensor_async to None
[2021-11-18 18:25:18,757] {processor.py:171} INFO - Processing /Users/sravanisigadam/PycharmProjects/Airflow/venv/lib/python3.9/site-packages/airflow/example_dags/example_time_delta_sensor_async.py took 0.046 seconds
[2021-11-18 18:26:37,623] {processor.py:163} INFO - Started process (PID=55800) to work on /Users/sravanisigadam/PycharmProjects/Airflow/venv/lib/python3.9/site-packages/airflow/example_dags/example_time_delta_sensor_async.py
[2021-11-18 18:26:37,623] {processor.py:625} INFO - Processing file /Users/sravanisigadam/PycharmProjects/Airflow/venv/lib/python3.9/site-packages/airflow/example_dags/example_time_delta_sensor_async.py for tasks to queue
[2021-11-18 18:26:37,624] {logging_mixin.py:109} INFO - [2021-11-18 18:26:37,624] {dagbag.py:500} INFO - Filling up the DagBag from /Users/sravanisigadam/PycharmProjects/Airflow/venv/lib/python3.9/site-packages/airflow/example_dags/example_time_delta_sensor_async.py
[2021-11-18 18:26:37,650] {processor.py:637} INFO - DAG(s) dict_keys(['example_time_delta_sensor_async']) retrieved from /Users/sravanisigadam/PycharmProjects/Airflow/venv/lib/python3.9/site-packages/airflow/example_dags/example_time_delta_sensor_async.py
[2021-11-18 18:26:37,662] {logging_mixin.py:109} INFO - [2021-11-18 18:26:37,661] {dag.py:2396} INFO - Sync 1 DAGs
[2021-11-18 18:26:37,667] {logging_mixin.py:109} INFO - [2021-11-18 18:26:37,667] {dag.py:2928} INFO - Setting next_dagrun for example_time_delta_sensor_async to None
[2021-11-18 18:26:37,672] {processor.py:171} INFO - Processing /Users/sravanisigadam/PycharmProjects/Airflow/venv/lib/python3.9/site-packages/airflow/example_dags/example_time_delta_sensor_async.py took 0.049 seconds
[2021-11-18 18:27:57,591] {processor.py:163} INFO - Started process (PID=55865) to work on /Users/sravanisigadam/PycharmProjects/Airflow/venv/lib/python3.9/site-packages/airflow/example_dags/example_time_delta_sensor_async.py
[2021-11-18 18:27:57,592] {processor.py:625} INFO - Processing file /Users/sravanisigadam/PycharmProjects/Airflow/venv/lib/python3.9/site-packages/airflow/example_dags/example_time_delta_sensor_async.py for tasks to queue
[2021-11-18 18:27:57,592] {logging_mixin.py:109} INFO - [2021-11-18 18:27:57,592] {dagbag.py:500} INFO - Filling up the DagBag from /Users/sravanisigadam/PycharmProjects/Airflow/venv/lib/python3.9/site-packages/airflow/example_dags/example_time_delta_sensor_async.py
[2021-11-18 18:27:57,617] {processor.py:637} INFO - DAG(s) dict_keys(['example_time_delta_sensor_async']) retrieved from /Users/sravanisigadam/PycharmProjects/Airflow/venv/lib/python3.9/site-packages/airflow/example_dags/example_time_delta_sensor_async.py
[2021-11-18 18:27:57,628] {logging_mixin.py:109} INFO - [2021-11-18 18:27:57,628] {dag.py:2396} INFO - Sync 1 DAGs
[2021-11-18 18:27:57,633] {logging_mixin.py:109} INFO - [2021-11-18 18:27:57,633] {dag.py:2928} INFO - Setting next_dagrun for example_time_delta_sensor_async to None
[2021-11-18 18:27:57,638] {processor.py:171} INFO - Processing /Users/sravanisigadam/PycharmProjects/Airflow/venv/lib/python3.9/site-packages/airflow/example_dags/example_time_delta_sensor_async.py took 0.047 seconds
[2021-11-18 18:29:17,691] {processor.py:163} INFO - Started process (PID=55914) to work on /Users/sravanisigadam/PycharmProjects/Airflow/venv/lib/python3.9/site-packages/airflow/example_dags/example_time_delta_sensor_async.py
[2021-11-18 18:29:17,691] {processor.py:625} INFO - Processing file /Users/sravanisigadam/PycharmProjects/Airflow/venv/lib/python3.9/site-packages/airflow/example_dags/example_time_delta_sensor_async.py for tasks to queue
[2021-11-18 18:29:17,691] {logging_mixin.py:109} INFO - [2021-11-18 18:29:17,691] {dagbag.py:500} INFO - Filling up the DagBag from /Users/sravanisigadam/PycharmProjects/Airflow/venv/lib/python3.9/site-packages/airflow/example_dags/example_time_delta_sensor_async.py
[2021-11-18 18:29:17,713] {processor.py:637} INFO - DAG(s) dict_keys(['example_time_delta_sensor_async']) retrieved from /Users/sravanisigadam/PycharmProjects/Airflow/venv/lib/python3.9/site-packages/airflow/example_dags/example_time_delta_sensor_async.py
[2021-11-18 18:29:17,723] {logging_mixin.py:109} INFO - [2021-11-18 18:29:17,723] {dag.py:2396} INFO - Sync 1 DAGs
[2021-11-18 18:29:17,728] {logging_mixin.py:109} INFO - [2021-11-18 18:29:17,728] {dag.py:2928} INFO - Setting next_dagrun for example_time_delta_sensor_async to None
[2021-11-18 18:29:17,734] {processor.py:171} INFO - Processing /Users/sravanisigadam/PycharmProjects/Airflow/venv/lib/python3.9/site-packages/airflow/example_dags/example_time_delta_sensor_async.py took 0.043 seconds
[2021-11-18 18:30:37,774] {processor.py:163} INFO - Started process (PID=55955) to work on /Users/sravanisigadam/PycharmProjects/Airflow/venv/lib/python3.9/site-packages/airflow/example_dags/example_time_delta_sensor_async.py
[2021-11-18 18:30:37,774] {processor.py:625} INFO - Processing file /Users/sravanisigadam/PycharmProjects/Airflow/venv/lib/python3.9/site-packages/airflow/example_dags/example_time_delta_sensor_async.py for tasks to queue
[2021-11-18 18:30:37,775] {logging_mixin.py:109} INFO - [2021-11-18 18:30:37,774] {dagbag.py:500} INFO - Filling up the DagBag from /Users/sravanisigadam/PycharmProjects/Airflow/venv/lib/python3.9/site-packages/airflow/example_dags/example_time_delta_sensor_async.py
[2021-11-18 18:30:37,797] {processor.py:637} INFO - DAG(s) dict_keys(['example_time_delta_sensor_async']) retrieved from /Users/sravanisigadam/PycharmProjects/Airflow/venv/lib/python3.9/site-packages/airflow/example_dags/example_time_delta_sensor_async.py
[2021-11-18 18:30:37,808] {logging_mixin.py:109} INFO - [2021-11-18 18:30:37,807] {dag.py:2396} INFO - Sync 1 DAGs
[2021-11-18 18:30:37,812] {logging_mixin.py:109} INFO - [2021-11-18 18:30:37,812] {dag.py:2928} INFO - Setting next_dagrun for example_time_delta_sensor_async to None
[2021-11-18 18:30:37,818] {processor.py:171} INFO - Processing /Users/sravanisigadam/PycharmProjects/Airflow/venv/lib/python3.9/site-packages/airflow/example_dags/example_time_delta_sensor_async.py took 0.044 seconds
[2021-11-18 18:31:57,919] {processor.py:163} INFO - Started process (PID=56002) to work on /Users/sravanisigadam/PycharmProjects/Airflow/venv/lib/python3.9/site-packages/airflow/example_dags/example_time_delta_sensor_async.py
[2021-11-18 18:31:57,919] {processor.py:625} INFO - Processing file /Users/sravanisigadam/PycharmProjects/Airflow/venv/lib/python3.9/site-packages/airflow/example_dags/example_time_delta_sensor_async.py for tasks to queue
[2021-11-18 18:31:57,919] {logging_mixin.py:109} INFO - [2021-11-18 18:31:57,919] {dagbag.py:500} INFO - Filling up the DagBag from /Users/sravanisigadam/PycharmProjects/Airflow/venv/lib/python3.9/site-packages/airflow/example_dags/example_time_delta_sensor_async.py
[2021-11-18 18:31:57,942] {processor.py:637} INFO - DAG(s) dict_keys(['example_time_delta_sensor_async']) retrieved from /Users/sravanisigadam/PycharmProjects/Airflow/venv/lib/python3.9/site-packages/airflow/example_dags/example_time_delta_sensor_async.py
[2021-11-18 18:31:57,952] {logging_mixin.py:109} INFO - [2021-11-18 18:31:57,952] {dag.py:2396} INFO - Sync 1 DAGs
[2021-11-18 18:31:57,957] {logging_mixin.py:109} INFO - [2021-11-18 18:31:57,957] {dag.py:2928} INFO - Setting next_dagrun for example_time_delta_sensor_async to None
[2021-11-18 18:31:57,962] {processor.py:171} INFO - Processing /Users/sravanisigadam/PycharmProjects/Airflow/venv/lib/python3.9/site-packages/airflow/example_dags/example_time_delta_sensor_async.py took 0.044 seconds
[2021-11-18 18:33:17,935] {processor.py:163} INFO - Started process (PID=56042) to work on /Users/sravanisigadam/PycharmProjects/Airflow/venv/lib/python3.9/site-packages/airflow/example_dags/example_time_delta_sensor_async.py
[2021-11-18 18:33:17,936] {processor.py:625} INFO - Processing file /Users/sravanisigadam/PycharmProjects/Airflow/venv/lib/python3.9/site-packages/airflow/example_dags/example_time_delta_sensor_async.py for tasks to queue
[2021-11-18 18:33:17,936] {logging_mixin.py:109} INFO - [2021-11-18 18:33:17,936] {dagbag.py:500} INFO - Filling up the DagBag from /Users/sravanisigadam/PycharmProjects/Airflow/venv/lib/python3.9/site-packages/airflow/example_dags/example_time_delta_sensor_async.py
[2021-11-18 18:33:17,959] {processor.py:637} INFO - DAG(s) dict_keys(['example_time_delta_sensor_async']) retrieved from /Users/sravanisigadam/PycharmProjects/Airflow/venv/lib/python3.9/site-packages/airflow/example_dags/example_time_delta_sensor_async.py
[2021-11-18 18:33:17,968] {logging_mixin.py:109} INFO - [2021-11-18 18:33:17,968] {dag.py:2396} INFO - Sync 1 DAGs
[2021-11-18 18:33:17,973] {logging_mixin.py:109} INFO - [2021-11-18 18:33:17,973] {dag.py:2928} INFO - Setting next_dagrun for example_time_delta_sensor_async to None
[2021-11-18 18:33:17,978] {processor.py:171} INFO - Processing /Users/sravanisigadam/PycharmProjects/Airflow/venv/lib/python3.9/site-packages/airflow/example_dags/example_time_delta_sensor_async.py took 0.043 seconds
[2021-11-18 18:46:23,660] {processor.py:163} INFO - Started process (PID=56103) to work on /Users/sravanisigadam/PycharmProjects/Airflow/venv/lib/python3.9/site-packages/airflow/example_dags/example_time_delta_sensor_async.py
[2021-11-18 18:46:23,661] {processor.py:625} INFO - Processing file /Users/sravanisigadam/PycharmProjects/Airflow/venv/lib/python3.9/site-packages/airflow/example_dags/example_time_delta_sensor_async.py for tasks to queue
[2021-11-18 18:46:23,661] {logging_mixin.py:109} INFO - [2021-11-18 18:46:23,661] {dagbag.py:500} INFO - Filling up the DagBag from /Users/sravanisigadam/PycharmProjects/Airflow/venv/lib/python3.9/site-packages/airflow/example_dags/example_time_delta_sensor_async.py
[2021-11-18 18:46:23,684] {processor.py:637} INFO - DAG(s) dict_keys(['example_time_delta_sensor_async']) retrieved from /Users/sravanisigadam/PycharmProjects/Airflow/venv/lib/python3.9/site-packages/airflow/example_dags/example_time_delta_sensor_async.py
[2021-11-18 18:46:23,694] {logging_mixin.py:109} INFO - [2021-11-18 18:46:23,694] {dag.py:2396} INFO - Sync 1 DAGs
[2021-11-18 18:46:23,699] {logging_mixin.py:109} INFO - [2021-11-18 18:46:23,699] {dag.py:2928} INFO - Setting next_dagrun for example_time_delta_sensor_async to None
[2021-11-18 18:46:23,703] {processor.py:171} INFO - Processing /Users/sravanisigadam/PycharmProjects/Airflow/venv/lib/python3.9/site-packages/airflow/example_dags/example_time_delta_sensor_async.py took 0.043 seconds
[2021-11-18 18:47:41,535] {processor.py:163} INFO - Started process (PID=56159) to work on /Users/sravanisigadam/PycharmProjects/Airflow/venv/lib/python3.9/site-packages/airflow/example_dags/example_time_delta_sensor_async.py
[2021-11-18 18:47:41,536] {processor.py:625} INFO - Processing file /Users/sravanisigadam/PycharmProjects/Airflow/venv/lib/python3.9/site-packages/airflow/example_dags/example_time_delta_sensor_async.py for tasks to queue
[2021-11-18 18:47:41,536] {logging_mixin.py:109} INFO - [2021-11-18 18:47:41,536] {dagbag.py:500} INFO - Filling up the DagBag from /Users/sravanisigadam/PycharmProjects/Airflow/venv/lib/python3.9/site-packages/airflow/example_dags/example_time_delta_sensor_async.py
[2021-11-18 18:47:41,560] {processor.py:637} INFO - DAG(s) dict_keys(['example_time_delta_sensor_async']) retrieved from /Users/sravanisigadam/PycharmProjects/Airflow/venv/lib/python3.9/site-packages/airflow/example_dags/example_time_delta_sensor_async.py
[2021-11-18 18:47:41,571] {logging_mixin.py:109} INFO - [2021-11-18 18:47:41,570] {dag.py:2396} INFO - Sync 1 DAGs
[2021-11-18 18:47:41,576] {logging_mixin.py:109} INFO - [2021-11-18 18:47:41,576] {dag.py:2928} INFO - Setting next_dagrun for example_time_delta_sensor_async to None
[2021-11-18 18:47:41,580] {processor.py:171} INFO - Processing /Users/sravanisigadam/PycharmProjects/Airflow/venv/lib/python3.9/site-packages/airflow/example_dags/example_time_delta_sensor_async.py took 0.045 seconds
[2021-11-18 18:49:02,682] {processor.py:163} INFO - Started process (PID=56218) to work on /Users/sravanisigadam/PycharmProjects/Airflow/venv/lib/python3.9/site-packages/airflow/example_dags/example_time_delta_sensor_async.py
[2021-11-18 18:49:02,683] {processor.py:625} INFO - Processing file /Users/sravanisigadam/PycharmProjects/Airflow/venv/lib/python3.9/site-packages/airflow/example_dags/example_time_delta_sensor_async.py for tasks to queue
[2021-11-18 18:49:02,683] {logging_mixin.py:109} INFO - [2021-11-18 18:49:02,683] {dagbag.py:500} INFO - Filling up the DagBag from /Users/sravanisigadam/PycharmProjects/Airflow/venv/lib/python3.9/site-packages/airflow/example_dags/example_time_delta_sensor_async.py
[2021-11-18 18:49:02,706] {processor.py:637} INFO - DAG(s) dict_keys(['example_time_delta_sensor_async']) retrieved from /Users/sravanisigadam/PycharmProjects/Airflow/venv/lib/python3.9/site-packages/airflow/example_dags/example_time_delta_sensor_async.py
[2021-11-18 18:49:02,717] {logging_mixin.py:109} INFO - [2021-11-18 18:49:02,717] {dag.py:2396} INFO - Sync 1 DAGs
[2021-11-18 18:49:02,722] {logging_mixin.py:109} INFO - [2021-11-18 18:49:02,722] {dag.py:2928} INFO - Setting next_dagrun for example_time_delta_sensor_async to None
[2021-11-18 18:49:02,726] {processor.py:171} INFO - Processing /Users/sravanisigadam/PycharmProjects/Airflow/venv/lib/python3.9/site-packages/airflow/example_dags/example_time_delta_sensor_async.py took 0.044 seconds
[2021-11-18 18:50:23,155] {processor.py:163} INFO - Started process (PID=56261) to work on /Users/sravanisigadam/PycharmProjects/Airflow/venv/lib/python3.9/site-packages/airflow/example_dags/example_time_delta_sensor_async.py
[2021-11-18 18:50:23,155] {processor.py:625} INFO - Processing file /Users/sravanisigadam/PycharmProjects/Airflow/venv/lib/python3.9/site-packages/airflow/example_dags/example_time_delta_sensor_async.py for tasks to queue
[2021-11-18 18:50:23,155] {logging_mixin.py:109} INFO - [2021-11-18 18:50:23,155] {dagbag.py:500} INFO - Filling up the DagBag from /Users/sravanisigadam/PycharmProjects/Airflow/venv/lib/python3.9/site-packages/airflow/example_dags/example_time_delta_sensor_async.py
[2021-11-18 18:50:23,180] {processor.py:637} INFO - DAG(s) dict_keys(['example_time_delta_sensor_async']) retrieved from /Users/sravanisigadam/PycharmProjects/Airflow/venv/lib/python3.9/site-packages/airflow/example_dags/example_time_delta_sensor_async.py
[2021-11-18 18:50:23,189] {logging_mixin.py:109} INFO - [2021-11-18 18:50:23,189] {dag.py:2396} INFO - Sync 1 DAGs
[2021-11-18 18:50:23,194] {logging_mixin.py:109} INFO - [2021-11-18 18:50:23,194] {dag.py:2928} INFO - Setting next_dagrun for example_time_delta_sensor_async to None
[2021-11-18 18:50:23,199] {processor.py:171} INFO - Processing /Users/sravanisigadam/PycharmProjects/Airflow/venv/lib/python3.9/site-packages/airflow/example_dags/example_time_delta_sensor_async.py took 0.044 seconds
[2021-11-18 18:51:39,844] {processor.py:163} INFO - Started process (PID=56300) to work on /Users/sravanisigadam/PycharmProjects/Airflow/venv/lib/python3.9/site-packages/airflow/example_dags/example_time_delta_sensor_async.py
[2021-11-18 18:51:39,845] {processor.py:625} INFO - Processing file /Users/sravanisigadam/PycharmProjects/Airflow/venv/lib/python3.9/site-packages/airflow/example_dags/example_time_delta_sensor_async.py for tasks to queue
[2021-11-18 18:51:39,845] {logging_mixin.py:109} INFO - [2021-11-18 18:51:39,845] {dagbag.py:500} INFO - Filling up the DagBag from /Users/sravanisigadam/PycharmProjects/Airflow/venv/lib/python3.9/site-packages/airflow/example_dags/example_time_delta_sensor_async.py
[2021-11-18 18:51:39,869] {processor.py:637} INFO - DAG(s) dict_keys(['example_time_delta_sensor_async']) retrieved from /Users/sravanisigadam/PycharmProjects/Airflow/venv/lib/python3.9/site-packages/airflow/example_dags/example_time_delta_sensor_async.py
[2021-11-18 18:51:39,879] {logging_mixin.py:109} INFO - [2021-11-18 18:51:39,879] {dag.py:2396} INFO - Sync 1 DAGs
[2021-11-18 18:51:39,884] {logging_mixin.py:109} INFO - [2021-11-18 18:51:39,884] {dag.py:2928} INFO - Setting next_dagrun for example_time_delta_sensor_async to None
[2021-11-18 18:51:39,889] {processor.py:171} INFO - Processing /Users/sravanisigadam/PycharmProjects/Airflow/venv/lib/python3.9/site-packages/airflow/example_dags/example_time_delta_sensor_async.py took 0.045 seconds
[2021-11-18 18:52:57,437] {processor.py:163} INFO - Started process (PID=56343) to work on /Users/sravanisigadam/PycharmProjects/Airflow/venv/lib/python3.9/site-packages/airflow/example_dags/example_time_delta_sensor_async.py
[2021-11-18 18:52:57,438] {processor.py:625} INFO - Processing file /Users/sravanisigadam/PycharmProjects/Airflow/venv/lib/python3.9/site-packages/airflow/example_dags/example_time_delta_sensor_async.py for tasks to queue
[2021-11-18 18:52:57,438] {logging_mixin.py:109} INFO - [2021-11-18 18:52:57,438] {dagbag.py:500} INFO - Filling up the DagBag from /Users/sravanisigadam/PycharmProjects/Airflow/venv/lib/python3.9/site-packages/airflow/example_dags/example_time_delta_sensor_async.py
[2021-11-18 18:52:57,462] {processor.py:637} INFO - DAG(s) dict_keys(['example_time_delta_sensor_async']) retrieved from /Users/sravanisigadam/PycharmProjects/Airflow/venv/lib/python3.9/site-packages/airflow/example_dags/example_time_delta_sensor_async.py
[2021-11-18 18:52:57,472] {logging_mixin.py:109} INFO - [2021-11-18 18:52:57,472] {dag.py:2396} INFO - Sync 1 DAGs
[2021-11-18 18:52:57,477] {logging_mixin.py:109} INFO - [2021-11-18 18:52:57,477] {dag.py:2928} INFO - Setting next_dagrun for example_time_delta_sensor_async to None
[2021-11-18 18:52:57,481] {processor.py:171} INFO - Processing /Users/sravanisigadam/PycharmProjects/Airflow/venv/lib/python3.9/site-packages/airflow/example_dags/example_time_delta_sensor_async.py took 0.044 seconds
[2021-11-18 18:54:15,256] {processor.py:163} INFO - Started process (PID=56383) to work on /Users/sravanisigadam/PycharmProjects/Airflow/venv/lib/python3.9/site-packages/airflow/example_dags/example_time_delta_sensor_async.py
[2021-11-18 18:54:15,256] {processor.py:625} INFO - Processing file /Users/sravanisigadam/PycharmProjects/Airflow/venv/lib/python3.9/site-packages/airflow/example_dags/example_time_delta_sensor_async.py for tasks to queue
[2021-11-18 18:54:15,256] {logging_mixin.py:109} INFO - [2021-11-18 18:54:15,256] {dagbag.py:500} INFO - Filling up the DagBag from /Users/sravanisigadam/PycharmProjects/Airflow/venv/lib/python3.9/site-packages/airflow/example_dags/example_time_delta_sensor_async.py
[2021-11-18 18:54:15,279] {processor.py:637} INFO - DAG(s) dict_keys(['example_time_delta_sensor_async']) retrieved from /Users/sravanisigadam/PycharmProjects/Airflow/venv/lib/python3.9/site-packages/airflow/example_dags/example_time_delta_sensor_async.py
[2021-11-18 18:54:15,289] {logging_mixin.py:109} INFO - [2021-11-18 18:54:15,289] {dag.py:2396} INFO - Sync 1 DAGs
[2021-11-18 18:54:15,294] {logging_mixin.py:109} INFO - [2021-11-18 18:54:15,294] {dag.py:2928} INFO - Setting next_dagrun for example_time_delta_sensor_async to None
[2021-11-18 18:54:15,299] {processor.py:171} INFO - Processing /Users/sravanisigadam/PycharmProjects/Airflow/venv/lib/python3.9/site-packages/airflow/example_dags/example_time_delta_sensor_async.py took 0.043 seconds
[2021-11-18 18:55:33,528] {processor.py:163} INFO - Started process (PID=56423) to work on /Users/sravanisigadam/PycharmProjects/Airflow/venv/lib/python3.9/site-packages/airflow/example_dags/example_time_delta_sensor_async.py
[2021-11-18 18:55:33,529] {processor.py:625} INFO - Processing file /Users/sravanisigadam/PycharmProjects/Airflow/venv/lib/python3.9/site-packages/airflow/example_dags/example_time_delta_sensor_async.py for tasks to queue
[2021-11-18 18:55:33,529] {logging_mixin.py:109} INFO - [2021-11-18 18:55:33,529] {dagbag.py:500} INFO - Filling up the DagBag from /Users/sravanisigadam/PycharmProjects/Airflow/venv/lib/python3.9/site-packages/airflow/example_dags/example_time_delta_sensor_async.py
[2021-11-18 18:55:33,553] {processor.py:637} INFO - DAG(s) dict_keys(['example_time_delta_sensor_async']) retrieved from /Users/sravanisigadam/PycharmProjects/Airflow/venv/lib/python3.9/site-packages/airflow/example_dags/example_time_delta_sensor_async.py
[2021-11-18 18:55:33,563] {logging_mixin.py:109} INFO - [2021-11-18 18:55:33,563] {dag.py:2396} INFO - Sync 1 DAGs
[2021-11-18 18:55:33,568] {logging_mixin.py:109} INFO - [2021-11-18 18:55:33,568] {dag.py:2928} INFO - Setting next_dagrun for example_time_delta_sensor_async to None
[2021-11-18 18:55:33,573] {processor.py:171} INFO - Processing /Users/sravanisigadam/PycharmProjects/Airflow/venv/lib/python3.9/site-packages/airflow/example_dags/example_time_delta_sensor_async.py took 0.045 seconds
[2021-11-18 18:56:51,468] {processor.py:163} INFO - Started process (PID=56468) to work on /Users/sravanisigadam/PycharmProjects/Airflow/venv/lib/python3.9/site-packages/airflow/example_dags/example_time_delta_sensor_async.py
[2021-11-18 18:56:51,469] {processor.py:625} INFO - Processing file /Users/sravanisigadam/PycharmProjects/Airflow/venv/lib/python3.9/site-packages/airflow/example_dags/example_time_delta_sensor_async.py for tasks to queue
[2021-11-18 18:56:51,469] {logging_mixin.py:109} INFO - [2021-11-18 18:56:51,469] {dagbag.py:500} INFO - Filling up the DagBag from /Users/sravanisigadam/PycharmProjects/Airflow/venv/lib/python3.9/site-packages/airflow/example_dags/example_time_delta_sensor_async.py
[2021-11-18 18:56:51,492] {processor.py:637} INFO - DAG(s) dict_keys(['example_time_delta_sensor_async']) retrieved from /Users/sravanisigadam/PycharmProjects/Airflow/venv/lib/python3.9/site-packages/airflow/example_dags/example_time_delta_sensor_async.py
[2021-11-18 18:56:51,502] {logging_mixin.py:109} INFO - [2021-11-18 18:56:51,502] {dag.py:2396} INFO - Sync 1 DAGs
[2021-11-18 18:56:51,507] {logging_mixin.py:109} INFO - [2021-11-18 18:56:51,507] {dag.py:2928} INFO - Setting next_dagrun for example_time_delta_sensor_async to None
[2021-11-18 18:56:51,512] {processor.py:171} INFO - Processing /Users/sravanisigadam/PycharmProjects/Airflow/venv/lib/python3.9/site-packages/airflow/example_dags/example_time_delta_sensor_async.py took 0.044 seconds
[2021-11-18 18:58:09,290] {processor.py:163} INFO - Started process (PID=56517) to work on /Users/sravanisigadam/PycharmProjects/Airflow/venv/lib/python3.9/site-packages/airflow/example_dags/example_time_delta_sensor_async.py
[2021-11-18 18:58:09,291] {processor.py:625} INFO - Processing file /Users/sravanisigadam/PycharmProjects/Airflow/venv/lib/python3.9/site-packages/airflow/example_dags/example_time_delta_sensor_async.py for tasks to queue
[2021-11-18 18:58:09,291] {logging_mixin.py:109} INFO - [2021-11-18 18:58:09,291] {dagbag.py:500} INFO - Filling up the DagBag from /Users/sravanisigadam/PycharmProjects/Airflow/venv/lib/python3.9/site-packages/airflow/example_dags/example_time_delta_sensor_async.py
[2021-11-18 18:58:09,316] {processor.py:637} INFO - DAG(s) dict_keys(['example_time_delta_sensor_async']) retrieved from /Users/sravanisigadam/PycharmProjects/Airflow/venv/lib/python3.9/site-packages/airflow/example_dags/example_time_delta_sensor_async.py
[2021-11-18 18:58:09,327] {logging_mixin.py:109} INFO - [2021-11-18 18:58:09,327] {dag.py:2396} INFO - Sync 1 DAGs
[2021-11-18 18:58:09,337] {logging_mixin.py:109} INFO - [2021-11-18 18:58:09,337] {dag.py:2928} INFO - Setting next_dagrun for example_time_delta_sensor_async to None
[2021-11-18 18:58:09,343] {processor.py:171} INFO - Processing /Users/sravanisigadam/PycharmProjects/Airflow/venv/lib/python3.9/site-packages/airflow/example_dags/example_time_delta_sensor_async.py took 0.053 seconds
[2021-11-18 18:59:27,795] {processor.py:163} INFO - Started process (PID=56555) to work on /Users/sravanisigadam/PycharmProjects/Airflow/venv/lib/python3.9/site-packages/airflow/example_dags/example_time_delta_sensor_async.py
[2021-11-18 18:59:27,795] {processor.py:625} INFO - Processing file /Users/sravanisigadam/PycharmProjects/Airflow/venv/lib/python3.9/site-packages/airflow/example_dags/example_time_delta_sensor_async.py for tasks to queue
[2021-11-18 18:59:27,795] {logging_mixin.py:109} INFO - [2021-11-18 18:59:27,795] {dagbag.py:500} INFO - Filling up the DagBag from /Users/sravanisigadam/PycharmProjects/Airflow/venv/lib/python3.9/site-packages/airflow/example_dags/example_time_delta_sensor_async.py
[2021-11-18 18:59:27,819] {processor.py:637} INFO - DAG(s) dict_keys(['example_time_delta_sensor_async']) retrieved from /Users/sravanisigadam/PycharmProjects/Airflow/venv/lib/python3.9/site-packages/airflow/example_dags/example_time_delta_sensor_async.py
[2021-11-18 18:59:27,829] {logging_mixin.py:109} INFO - [2021-11-18 18:59:27,829] {dag.py:2396} INFO - Sync 1 DAGs
[2021-11-18 18:59:27,834] {logging_mixin.py:109} INFO - [2021-11-18 18:59:27,834] {dag.py:2928} INFO - Setting next_dagrun for example_time_delta_sensor_async to None
[2021-11-18 18:59:27,839] {processor.py:171} INFO - Processing /Users/sravanisigadam/PycharmProjects/Airflow/venv/lib/python3.9/site-packages/airflow/example_dags/example_time_delta_sensor_async.py took 0.045 seconds
[2021-11-18 19:00:48,589] {processor.py:163} INFO - Started process (PID=56602) to work on /Users/sravanisigadam/PycharmProjects/Airflow/venv/lib/python3.9/site-packages/airflow/example_dags/example_time_delta_sensor_async.py
[2021-11-18 19:00:48,591] {processor.py:625} INFO - Processing file /Users/sravanisigadam/PycharmProjects/Airflow/venv/lib/python3.9/site-packages/airflow/example_dags/example_time_delta_sensor_async.py for tasks to queue
[2021-11-18 19:00:48,591] {logging_mixin.py:109} INFO - [2021-11-18 19:00:48,591] {dagbag.py:500} INFO - Filling up the DagBag from /Users/sravanisigadam/PycharmProjects/Airflow/venv/lib/python3.9/site-packages/airflow/example_dags/example_time_delta_sensor_async.py
[2021-11-18 19:00:48,614] {processor.py:637} INFO - DAG(s) dict_keys(['example_time_delta_sensor_async']) retrieved from /Users/sravanisigadam/PycharmProjects/Airflow/venv/lib/python3.9/site-packages/airflow/example_dags/example_time_delta_sensor_async.py
[2021-11-18 19:00:48,624] {logging_mixin.py:109} INFO - [2021-11-18 19:00:48,624] {dag.py:2396} INFO - Sync 1 DAGs
[2021-11-18 19:00:48,629] {logging_mixin.py:109} INFO - [2021-11-18 19:00:48,629] {dag.py:2928} INFO - Setting next_dagrun for example_time_delta_sensor_async to None
[2021-11-18 19:00:48,634] {processor.py:171} INFO - Processing /Users/sravanisigadam/PycharmProjects/Airflow/venv/lib/python3.9/site-packages/airflow/example_dags/example_time_delta_sensor_async.py took 0.045 seconds
[2021-11-18 19:02:05,936] {processor.py:163} INFO - Started process (PID=56647) to work on /Users/sravanisigadam/PycharmProjects/Airflow/venv/lib/python3.9/site-packages/airflow/example_dags/example_time_delta_sensor_async.py
[2021-11-18 19:02:05,936] {processor.py:625} INFO - Processing file /Users/sravanisigadam/PycharmProjects/Airflow/venv/lib/python3.9/site-packages/airflow/example_dags/example_time_delta_sensor_async.py for tasks to queue
[2021-11-18 19:02:05,936] {logging_mixin.py:109} INFO - [2021-11-18 19:02:05,936] {dagbag.py:500} INFO - Filling up the DagBag from /Users/sravanisigadam/PycharmProjects/Airflow/venv/lib/python3.9/site-packages/airflow/example_dags/example_time_delta_sensor_async.py
[2021-11-18 19:02:05,960] {processor.py:637} INFO - DAG(s) dict_keys(['example_time_delta_sensor_async']) retrieved from /Users/sravanisigadam/PycharmProjects/Airflow/venv/lib/python3.9/site-packages/airflow/example_dags/example_time_delta_sensor_async.py
[2021-11-18 19:02:05,970] {logging_mixin.py:109} INFO - [2021-11-18 19:02:05,970] {dag.py:2396} INFO - Sync 1 DAGs
[2021-11-18 19:02:05,975] {logging_mixin.py:109} INFO - [2021-11-18 19:02:05,975] {dag.py:2928} INFO - Setting next_dagrun for example_time_delta_sensor_async to None
[2021-11-18 19:02:05,979] {processor.py:171} INFO - Processing /Users/sravanisigadam/PycharmProjects/Airflow/venv/lib/python3.9/site-packages/airflow/example_dags/example_time_delta_sensor_async.py took 0.043 seconds
[2021-11-18 19:03:23,738] {processor.py:163} INFO - Started process (PID=56690) to work on /Users/sravanisigadam/PycharmProjects/Airflow/venv/lib/python3.9/site-packages/airflow/example_dags/example_time_delta_sensor_async.py
[2021-11-18 19:03:23,739] {processor.py:625} INFO - Processing file /Users/sravanisigadam/PycharmProjects/Airflow/venv/lib/python3.9/site-packages/airflow/example_dags/example_time_delta_sensor_async.py for tasks to queue
[2021-11-18 19:03:23,739] {logging_mixin.py:109} INFO - [2021-11-18 19:03:23,739] {dagbag.py:500} INFO - Filling up the DagBag from /Users/sravanisigadam/PycharmProjects/Airflow/venv/lib/python3.9/site-packages/airflow/example_dags/example_time_delta_sensor_async.py
[2021-11-18 19:03:23,762] {processor.py:637} INFO - DAG(s) dict_keys(['example_time_delta_sensor_async']) retrieved from /Users/sravanisigadam/PycharmProjects/Airflow/venv/lib/python3.9/site-packages/airflow/example_dags/example_time_delta_sensor_async.py
[2021-11-18 19:03:23,772] {logging_mixin.py:109} INFO - [2021-11-18 19:03:23,772] {dag.py:2396} INFO - Sync 1 DAGs
[2021-11-18 19:03:23,777] {logging_mixin.py:109} INFO - [2021-11-18 19:03:23,777] {dag.py:2928} INFO - Setting next_dagrun for example_time_delta_sensor_async to None
[2021-11-18 19:03:23,781] {processor.py:171} INFO - Processing /Users/sravanisigadam/PycharmProjects/Airflow/venv/lib/python3.9/site-packages/airflow/example_dags/example_time_delta_sensor_async.py took 0.043 seconds
[2021-11-18 19:04:42,792] {processor.py:163} INFO - Started process (PID=56737) to work on /Users/sravanisigadam/PycharmProjects/Airflow/venv/lib/python3.9/site-packages/airflow/example_dags/example_time_delta_sensor_async.py
[2021-11-18 19:04:42,792] {processor.py:625} INFO - Processing file /Users/sravanisigadam/PycharmProjects/Airflow/venv/lib/python3.9/site-packages/airflow/example_dags/example_time_delta_sensor_async.py for tasks to queue
[2021-11-18 19:04:42,793] {logging_mixin.py:109} INFO - [2021-11-18 19:04:42,793] {dagbag.py:500} INFO - Filling up the DagBag from /Users/sravanisigadam/PycharmProjects/Airflow/venv/lib/python3.9/site-packages/airflow/example_dags/example_time_delta_sensor_async.py
[2021-11-18 19:04:42,816] {processor.py:637} INFO - DAG(s) dict_keys(['example_time_delta_sensor_async']) retrieved from /Users/sravanisigadam/PycharmProjects/Airflow/venv/lib/python3.9/site-packages/airflow/example_dags/example_time_delta_sensor_async.py
[2021-11-18 19:04:42,826] {logging_mixin.py:109} INFO - [2021-11-18 19:04:42,826] {dag.py:2396} INFO - Sync 1 DAGs
[2021-11-18 19:04:42,831] {logging_mixin.py:109} INFO - [2021-11-18 19:04:42,831] {dag.py:2928} INFO - Setting next_dagrun for example_time_delta_sensor_async to None
[2021-11-18 19:04:42,835] {processor.py:171} INFO - Processing /Users/sravanisigadam/PycharmProjects/Airflow/venv/lib/python3.9/site-packages/airflow/example_dags/example_time_delta_sensor_async.py took 0.043 seconds
[2021-11-18 19:06:01,064] {processor.py:163} INFO - Started process (PID=56809) to work on /Users/sravanisigadam/PycharmProjects/Airflow/venv/lib/python3.9/site-packages/airflow/example_dags/example_time_delta_sensor_async.py
[2021-11-18 19:06:01,065] {processor.py:625} INFO - Processing file /Users/sravanisigadam/PycharmProjects/Airflow/venv/lib/python3.9/site-packages/airflow/example_dags/example_time_delta_sensor_async.py for tasks to queue
[2021-11-18 19:06:01,066] {logging_mixin.py:109} INFO - [2021-11-18 19:06:01,066] {dagbag.py:500} INFO - Filling up the DagBag from /Users/sravanisigadam/PycharmProjects/Airflow/venv/lib/python3.9/site-packages/airflow/example_dags/example_time_delta_sensor_async.py
[2021-11-18 19:06:01,090] {processor.py:637} INFO - DAG(s) dict_keys(['example_time_delta_sensor_async']) retrieved from /Users/sravanisigadam/PycharmProjects/Airflow/venv/lib/python3.9/site-packages/airflow/example_dags/example_time_delta_sensor_async.py
[2021-11-18 19:06:01,100] {logging_mixin.py:109} INFO - [2021-11-18 19:06:01,100] {dag.py:2396} INFO - Sync 1 DAGs
[2021-11-18 19:06:01,105] {logging_mixin.py:109} INFO - [2021-11-18 19:06:01,105] {dag.py:2928} INFO - Setting next_dagrun for example_time_delta_sensor_async to None
[2021-11-18 19:06:01,110] {processor.py:171} INFO - Processing /Users/sravanisigadam/PycharmProjects/Airflow/venv/lib/python3.9/site-packages/airflow/example_dags/example_time_delta_sensor_async.py took 0.047 seconds
[2021-11-18 19:07:20,383] {processor.py:163} INFO - Started process (PID=56866) to work on /Users/sravanisigadam/PycharmProjects/Airflow/venv/lib/python3.9/site-packages/airflow/example_dags/example_time_delta_sensor_async.py
[2021-11-18 19:07:20,383] {processor.py:625} INFO - Processing file /Users/sravanisigadam/PycharmProjects/Airflow/venv/lib/python3.9/site-packages/airflow/example_dags/example_time_delta_sensor_async.py for tasks to queue
[2021-11-18 19:07:20,384] {logging_mixin.py:109} INFO - [2021-11-18 19:07:20,384] {dagbag.py:500} INFO - Filling up the DagBag from /Users/sravanisigadam/PycharmProjects/Airflow/venv/lib/python3.9/site-packages/airflow/example_dags/example_time_delta_sensor_async.py
[2021-11-18 19:07:20,407] {processor.py:637} INFO - DAG(s) dict_keys(['example_time_delta_sensor_async']) retrieved from /Users/sravanisigadam/PycharmProjects/Airflow/venv/lib/python3.9/site-packages/airflow/example_dags/example_time_delta_sensor_async.py
[2021-11-18 19:07:20,417] {logging_mixin.py:109} INFO - [2021-11-18 19:07:20,417] {dag.py:2396} INFO - Sync 1 DAGs
[2021-11-18 19:07:20,423] {logging_mixin.py:109} INFO - [2021-11-18 19:07:20,423] {dag.py:2928} INFO - Setting next_dagrun for example_time_delta_sensor_async to None
[2021-11-18 19:07:20,427] {processor.py:171} INFO - Processing /Users/sravanisigadam/PycharmProjects/Airflow/venv/lib/python3.9/site-packages/airflow/example_dags/example_time_delta_sensor_async.py took 0.045 seconds
[2021-11-18 19:08:38,501] {processor.py:163} INFO - Started process (PID=56935) to work on /Users/sravanisigadam/PycharmProjects/Airflow/venv/lib/python3.9/site-packages/airflow/example_dags/example_time_delta_sensor_async.py
[2021-11-18 19:08:38,501] {processor.py:625} INFO - Processing file /Users/sravanisigadam/PycharmProjects/Airflow/venv/lib/python3.9/site-packages/airflow/example_dags/example_time_delta_sensor_async.py for tasks to queue
[2021-11-18 19:08:38,501] {logging_mixin.py:109} INFO - [2021-11-18 19:08:38,501] {dagbag.py:500} INFO - Filling up the DagBag from /Users/sravanisigadam/PycharmProjects/Airflow/venv/lib/python3.9/site-packages/airflow/example_dags/example_time_delta_sensor_async.py
[2021-11-18 19:08:38,527] {processor.py:637} INFO - DAG(s) dict_keys(['example_time_delta_sensor_async']) retrieved from /Users/sravanisigadam/PycharmProjects/Airflow/venv/lib/python3.9/site-packages/airflow/example_dags/example_time_delta_sensor_async.py
[2021-11-18 19:08:38,538] {logging_mixin.py:109} INFO - [2021-11-18 19:08:38,538] {dag.py:2396} INFO - Sync 1 DAGs
[2021-11-18 19:08:38,543] {logging_mixin.py:109} INFO - [2021-11-18 19:08:38,543] {dag.py:2928} INFO - Setting next_dagrun for example_time_delta_sensor_async to None
[2021-11-18 19:08:38,547] {processor.py:171} INFO - Processing /Users/sravanisigadam/PycharmProjects/Airflow/venv/lib/python3.9/site-packages/airflow/example_dags/example_time_delta_sensor_async.py took 0.047 seconds
[2021-11-18 19:09:56,974] {processor.py:163} INFO - Started process (PID=56979) to work on /Users/sravanisigadam/PycharmProjects/Airflow/venv/lib/python3.9/site-packages/airflow/example_dags/example_time_delta_sensor_async.py
[2021-11-18 19:09:56,974] {processor.py:625} INFO - Processing file /Users/sravanisigadam/PycharmProjects/Airflow/venv/lib/python3.9/site-packages/airflow/example_dags/example_time_delta_sensor_async.py for tasks to queue
[2021-11-18 19:09:56,974] {logging_mixin.py:109} INFO - [2021-11-18 19:09:56,974] {dagbag.py:500} INFO - Filling up the DagBag from /Users/sravanisigadam/PycharmProjects/Airflow/venv/lib/python3.9/site-packages/airflow/example_dags/example_time_delta_sensor_async.py
[2021-11-18 19:09:56,998] {processor.py:637} INFO - DAG(s) dict_keys(['example_time_delta_sensor_async']) retrieved from /Users/sravanisigadam/PycharmProjects/Airflow/venv/lib/python3.9/site-packages/airflow/example_dags/example_time_delta_sensor_async.py
[2021-11-18 19:09:57,008] {logging_mixin.py:109} INFO - [2021-11-18 19:09:57,007] {dag.py:2396} INFO - Sync 1 DAGs
[2021-11-18 19:09:57,013] {logging_mixin.py:109} INFO - [2021-11-18 19:09:57,013] {dag.py:2928} INFO - Setting next_dagrun for example_time_delta_sensor_async to None
[2021-11-18 19:09:57,018] {processor.py:171} INFO - Processing /Users/sravanisigadam/PycharmProjects/Airflow/venv/lib/python3.9/site-packages/airflow/example_dags/example_time_delta_sensor_async.py took 0.044 seconds
[2021-11-18 19:11:17,196] {processor.py:163} INFO - Started process (PID=57027) to work on /Users/sravanisigadam/PycharmProjects/Airflow/venv/lib/python3.9/site-packages/airflow/example_dags/example_time_delta_sensor_async.py
[2021-11-18 19:11:17,197] {processor.py:625} INFO - Processing file /Users/sravanisigadam/PycharmProjects/Airflow/venv/lib/python3.9/site-packages/airflow/example_dags/example_time_delta_sensor_async.py for tasks to queue
[2021-11-18 19:11:17,197] {logging_mixin.py:109} INFO - [2021-11-18 19:11:17,197] {dagbag.py:500} INFO - Filling up the DagBag from /Users/sravanisigadam/PycharmProjects/Airflow/venv/lib/python3.9/site-packages/airflow/example_dags/example_time_delta_sensor_async.py
[2021-11-18 19:11:17,222] {processor.py:637} INFO - DAG(s) dict_keys(['example_time_delta_sensor_async']) retrieved from /Users/sravanisigadam/PycharmProjects/Airflow/venv/lib/python3.9/site-packages/airflow/example_dags/example_time_delta_sensor_async.py
[2021-11-18 19:11:17,232] {logging_mixin.py:109} INFO - [2021-11-18 19:11:17,232] {dag.py:2396} INFO - Sync 1 DAGs
[2021-11-18 19:11:17,238] {logging_mixin.py:109} INFO - [2021-11-18 19:11:17,238] {dag.py:2928} INFO - Setting next_dagrun for example_time_delta_sensor_async to None
[2021-11-18 19:11:17,242] {processor.py:171} INFO - Processing /Users/sravanisigadam/PycharmProjects/Airflow/venv/lib/python3.9/site-packages/airflow/example_dags/example_time_delta_sensor_async.py took 0.047 seconds
[2021-11-18 19:12:38,188] {processor.py:163} INFO - Started process (PID=57070) to work on /Users/sravanisigadam/PycharmProjects/Airflow/venv/lib/python3.9/site-packages/airflow/example_dags/example_time_delta_sensor_async.py
[2021-11-18 19:12:38,188] {processor.py:625} INFO - Processing file /Users/sravanisigadam/PycharmProjects/Airflow/venv/lib/python3.9/site-packages/airflow/example_dags/example_time_delta_sensor_async.py for tasks to queue
[2021-11-18 19:12:38,188] {logging_mixin.py:109} INFO - [2021-11-18 19:12:38,188] {dagbag.py:500} INFO - Filling up the DagBag from /Users/sravanisigadam/PycharmProjects/Airflow/venv/lib/python3.9/site-packages/airflow/example_dags/example_time_delta_sensor_async.py
[2021-11-18 19:12:38,212] {processor.py:637} INFO - DAG(s) dict_keys(['example_time_delta_sensor_async']) retrieved from /Users/sravanisigadam/PycharmProjects/Airflow/venv/lib/python3.9/site-packages/airflow/example_dags/example_time_delta_sensor_async.py
[2021-11-18 19:12:38,223] {logging_mixin.py:109} INFO - [2021-11-18 19:12:38,222] {dag.py:2396} INFO - Sync 1 DAGs
[2021-11-18 19:12:38,228] {logging_mixin.py:109} INFO - [2021-11-18 19:12:38,228] {dag.py:2928} INFO - Setting next_dagrun for example_time_delta_sensor_async to None
[2021-11-18 19:12:38,232] {processor.py:171} INFO - Processing /Users/sravanisigadam/PycharmProjects/Airflow/venv/lib/python3.9/site-packages/airflow/example_dags/example_time_delta_sensor_async.py took 0.045 seconds
[2021-11-18 19:14:02,209] {processor.py:163} INFO - Started process (PID=57146) to work on /Users/sravanisigadam/PycharmProjects/Airflow/venv/lib/python3.9/site-packages/airflow/example_dags/example_time_delta_sensor_async.py
[2021-11-18 19:14:02,209] {processor.py:625} INFO - Processing file /Users/sravanisigadam/PycharmProjects/Airflow/venv/lib/python3.9/site-packages/airflow/example_dags/example_time_delta_sensor_async.py for tasks to queue
[2021-11-18 19:14:02,209] {logging_mixin.py:109} INFO - [2021-11-18 19:14:02,209] {dagbag.py:500} INFO - Filling up the DagBag from /Users/sravanisigadam/PycharmProjects/Airflow/venv/lib/python3.9/site-packages/airflow/example_dags/example_time_delta_sensor_async.py
[2021-11-18 19:14:02,233] {processor.py:637} INFO - DAG(s) dict_keys(['example_time_delta_sensor_async']) retrieved from /Users/sravanisigadam/PycharmProjects/Airflow/venv/lib/python3.9/site-packages/airflow/example_dags/example_time_delta_sensor_async.py
[2021-11-18 19:14:02,244] {logging_mixin.py:109} INFO - [2021-11-18 19:14:02,243] {dag.py:2396} INFO - Sync 1 DAGs
[2021-11-18 19:14:02,249] {logging_mixin.py:109} INFO - [2021-11-18 19:14:02,249] {dag.py:2928} INFO - Setting next_dagrun for example_time_delta_sensor_async to None
[2021-11-18 19:14:02,253] {processor.py:171} INFO - Processing /Users/sravanisigadam/PycharmProjects/Airflow/venv/lib/python3.9/site-packages/airflow/example_dags/example_time_delta_sensor_async.py took 0.044 seconds
[2021-11-18 19:15:21,233] {processor.py:163} INFO - Started process (PID=57205) to work on /Users/sravanisigadam/PycharmProjects/Airflow/venv/lib/python3.9/site-packages/airflow/example_dags/example_time_delta_sensor_async.py
[2021-11-18 19:15:21,233] {processor.py:625} INFO - Processing file /Users/sravanisigadam/PycharmProjects/Airflow/venv/lib/python3.9/site-packages/airflow/example_dags/example_time_delta_sensor_async.py for tasks to queue
[2021-11-18 19:15:21,233] {logging_mixin.py:109} INFO - [2021-11-18 19:15:21,233] {dagbag.py:500} INFO - Filling up the DagBag from /Users/sravanisigadam/PycharmProjects/Airflow/venv/lib/python3.9/site-packages/airflow/example_dags/example_time_delta_sensor_async.py
[2021-11-18 19:15:21,257] {processor.py:637} INFO - DAG(s) dict_keys(['example_time_delta_sensor_async']) retrieved from /Users/sravanisigadam/PycharmProjects/Airflow/venv/lib/python3.9/site-packages/airflow/example_dags/example_time_delta_sensor_async.py
[2021-11-18 19:15:21,268] {logging_mixin.py:109} INFO - [2021-11-18 19:15:21,268] {dag.py:2396} INFO - Sync 1 DAGs
[2021-11-18 19:15:21,273] {logging_mixin.py:109} INFO - [2021-11-18 19:15:21,273] {dag.py:2928} INFO - Setting next_dagrun for example_time_delta_sensor_async to None
[2021-11-18 19:15:21,278] {processor.py:171} INFO - Processing /Users/sravanisigadam/PycharmProjects/Airflow/venv/lib/python3.9/site-packages/airflow/example_dags/example_time_delta_sensor_async.py took 0.045 seconds
