[2021-11-18 18:24:45,248] {processor.py:163} INFO - Started process (PID=55614) to work on /Users/sravanisigadam/PycharmProjects/Airflow/venv/lib/python3.9/site-packages/airflow/example_dags/example_branch_labels.py
[2021-11-18 18:24:45,249] {processor.py:625} INFO - Processing file /Users/sravanisigadam/PycharmProjects/Airflow/venv/lib/python3.9/site-packages/airflow/example_dags/example_branch_labels.py for tasks to queue
[2021-11-18 18:24:45,249] {logging_mixin.py:109} INFO - [2021-11-18 18:24:45,249] {dagbag.py:500} INFO - Filling up the DagBag from /Users/sravanisigadam/PycharmProjects/Airflow/venv/lib/python3.9/site-packages/airflow/example_dags/example_branch_labels.py
[2021-11-18 18:24:45,271] {processor.py:637} INFO - DAG(s) dict_keys(['example_branch_labels']) retrieved from /Users/sravanisigadam/PycharmProjects/Airflow/venv/lib/python3.9/site-packages/airflow/example_dags/example_branch_labels.py
[2021-11-18 18:24:45,282] {logging_mixin.py:109} INFO - [2021-11-18 18:24:45,281] {dag.py:2396} INFO - Sync 1 DAGs
[2021-11-18 18:24:45,287] {logging_mixin.py:109} INFO - [2021-11-18 18:24:45,287] {dag.py:2928} INFO - Setting next_dagrun for example_branch_labels to 2021-11-18 00:00:00+00:00
[2021-11-18 18:24:45,292] {processor.py:171} INFO - Processing /Users/sravanisigadam/PycharmProjects/Airflow/venv/lib/python3.9/site-packages/airflow/example_dags/example_branch_labels.py took 0.043 seconds
[2021-11-18 18:26:04,366] {processor.py:163} INFO - Started process (PID=55760) to work on /Users/sravanisigadam/PycharmProjects/Airflow/venv/lib/python3.9/site-packages/airflow/example_dags/example_branch_labels.py
[2021-11-18 18:26:04,367] {processor.py:625} INFO - Processing file /Users/sravanisigadam/PycharmProjects/Airflow/venv/lib/python3.9/site-packages/airflow/example_dags/example_branch_labels.py for tasks to queue
[2021-11-18 18:26:04,368] {logging_mixin.py:109} INFO - [2021-11-18 18:26:04,368] {dagbag.py:500} INFO - Filling up the DagBag from /Users/sravanisigadam/PycharmProjects/Airflow/venv/lib/python3.9/site-packages/airflow/example_dags/example_branch_labels.py
[2021-11-18 18:26:04,393] {processor.py:637} INFO - DAG(s) dict_keys(['example_branch_labels']) retrieved from /Users/sravanisigadam/PycharmProjects/Airflow/venv/lib/python3.9/site-packages/airflow/example_dags/example_branch_labels.py
[2021-11-18 18:26:04,405] {logging_mixin.py:109} INFO - [2021-11-18 18:26:04,405] {dag.py:2396} INFO - Sync 1 DAGs
[2021-11-18 18:26:04,412] {logging_mixin.py:109} INFO - [2021-11-18 18:26:04,411] {dag.py:2928} INFO - Setting next_dagrun for example_branch_labels to 2021-11-18 00:00:00+00:00
[2021-11-18 18:26:04,416] {processor.py:171} INFO - Processing /Users/sravanisigadam/PycharmProjects/Airflow/venv/lib/python3.9/site-packages/airflow/example_dags/example_branch_labels.py took 0.050 seconds
[2021-11-18 18:27:24,598] {processor.py:163} INFO - Started process (PID=55832) to work on /Users/sravanisigadam/PycharmProjects/Airflow/venv/lib/python3.9/site-packages/airflow/example_dags/example_branch_labels.py
[2021-11-18 18:27:24,599] {processor.py:625} INFO - Processing file /Users/sravanisigadam/PycharmProjects/Airflow/venv/lib/python3.9/site-packages/airflow/example_dags/example_branch_labels.py for tasks to queue
[2021-11-18 18:27:24,599] {logging_mixin.py:109} INFO - [2021-11-18 18:27:24,599] {dagbag.py:500} INFO - Filling up the DagBag from /Users/sravanisigadam/PycharmProjects/Airflow/venv/lib/python3.9/site-packages/airflow/example_dags/example_branch_labels.py
[2021-11-18 18:27:24,624] {processor.py:637} INFO - DAG(s) dict_keys(['example_branch_labels']) retrieved from /Users/sravanisigadam/PycharmProjects/Airflow/venv/lib/python3.9/site-packages/airflow/example_dags/example_branch_labels.py
[2021-11-18 18:27:24,635] {logging_mixin.py:109} INFO - [2021-11-18 18:27:24,635] {dag.py:2396} INFO - Sync 1 DAGs
[2021-11-18 18:27:24,642] {logging_mixin.py:109} INFO - [2021-11-18 18:27:24,641] {dag.py:2928} INFO - Setting next_dagrun for example_branch_labels to 2021-11-18 00:00:00+00:00
[2021-11-18 18:27:24,646] {processor.py:171} INFO - Processing /Users/sravanisigadam/PycharmProjects/Airflow/venv/lib/python3.9/site-packages/airflow/example_dags/example_branch_labels.py took 0.049 seconds
[2021-11-18 18:28:44,776] {processor.py:163} INFO - Started process (PID=55898) to work on /Users/sravanisigadam/PycharmProjects/Airflow/venv/lib/python3.9/site-packages/airflow/example_dags/example_branch_labels.py
[2021-11-18 18:28:44,777] {processor.py:625} INFO - Processing file /Users/sravanisigadam/PycharmProjects/Airflow/venv/lib/python3.9/site-packages/airflow/example_dags/example_branch_labels.py for tasks to queue
[2021-11-18 18:28:44,777] {logging_mixin.py:109} INFO - [2021-11-18 18:28:44,777] {dagbag.py:500} INFO - Filling up the DagBag from /Users/sravanisigadam/PycharmProjects/Airflow/venv/lib/python3.9/site-packages/airflow/example_dags/example_branch_labels.py
[2021-11-18 18:28:44,799] {processor.py:637} INFO - DAG(s) dict_keys(['example_branch_labels']) retrieved from /Users/sravanisigadam/PycharmProjects/Airflow/venv/lib/python3.9/site-packages/airflow/example_dags/example_branch_labels.py
[2021-11-18 18:28:44,809] {logging_mixin.py:109} INFO - [2021-11-18 18:28:44,809] {dag.py:2396} INFO - Sync 1 DAGs
[2021-11-18 18:28:44,815] {logging_mixin.py:109} INFO - [2021-11-18 18:28:44,815] {dag.py:2928} INFO - Setting next_dagrun for example_branch_labels to 2021-11-18 00:00:00+00:00
[2021-11-18 18:28:44,818] {processor.py:171} INFO - Processing /Users/sravanisigadam/PycharmProjects/Airflow/venv/lib/python3.9/site-packages/airflow/example_dags/example_branch_labels.py took 0.043 seconds
[2021-11-18 18:30:04,798] {processor.py:163} INFO - Started process (PID=55937) to work on /Users/sravanisigadam/PycharmProjects/Airflow/venv/lib/python3.9/site-packages/airflow/example_dags/example_branch_labels.py
[2021-11-18 18:30:04,798] {processor.py:625} INFO - Processing file /Users/sravanisigadam/PycharmProjects/Airflow/venv/lib/python3.9/site-packages/airflow/example_dags/example_branch_labels.py for tasks to queue
[2021-11-18 18:30:04,799] {logging_mixin.py:109} INFO - [2021-11-18 18:30:04,799] {dagbag.py:500} INFO - Filling up the DagBag from /Users/sravanisigadam/PycharmProjects/Airflow/venv/lib/python3.9/site-packages/airflow/example_dags/example_branch_labels.py
[2021-11-18 18:30:04,821] {processor.py:637} INFO - DAG(s) dict_keys(['example_branch_labels']) retrieved from /Users/sravanisigadam/PycharmProjects/Airflow/venv/lib/python3.9/site-packages/airflow/example_dags/example_branch_labels.py
[2021-11-18 18:30:04,832] {logging_mixin.py:109} INFO - [2021-11-18 18:30:04,832] {dag.py:2396} INFO - Sync 1 DAGs
[2021-11-18 18:30:04,838] {logging_mixin.py:109} INFO - [2021-11-18 18:30:04,838] {dag.py:2928} INFO - Setting next_dagrun for example_branch_labels to 2021-11-18 00:00:00+00:00
[2021-11-18 18:30:04,842] {processor.py:171} INFO - Processing /Users/sravanisigadam/PycharmProjects/Airflow/venv/lib/python3.9/site-packages/airflow/example_dags/example_branch_labels.py took 0.044 seconds
[2021-11-18 18:31:24,924] {processor.py:163} INFO - Started process (PID=55978) to work on /Users/sravanisigadam/PycharmProjects/Airflow/venv/lib/python3.9/site-packages/airflow/example_dags/example_branch_labels.py
[2021-11-18 18:31:24,924] {processor.py:625} INFO - Processing file /Users/sravanisigadam/PycharmProjects/Airflow/venv/lib/python3.9/site-packages/airflow/example_dags/example_branch_labels.py for tasks to queue
[2021-11-18 18:31:24,924] {logging_mixin.py:109} INFO - [2021-11-18 18:31:24,924] {dagbag.py:500} INFO - Filling up the DagBag from /Users/sravanisigadam/PycharmProjects/Airflow/venv/lib/python3.9/site-packages/airflow/example_dags/example_branch_labels.py
[2021-11-18 18:31:24,947] {processor.py:637} INFO - DAG(s) dict_keys(['example_branch_labels']) retrieved from /Users/sravanisigadam/PycharmProjects/Airflow/venv/lib/python3.9/site-packages/airflow/example_dags/example_branch_labels.py
[2021-11-18 18:31:24,958] {logging_mixin.py:109} INFO - [2021-11-18 18:31:24,958] {dag.py:2396} INFO - Sync 1 DAGs
[2021-11-18 18:31:24,963] {logging_mixin.py:109} INFO - [2021-11-18 18:31:24,963] {dag.py:2928} INFO - Setting next_dagrun for example_branch_labels to 2021-11-18 00:00:00+00:00
[2021-11-18 18:31:24,968] {processor.py:171} INFO - Processing /Users/sravanisigadam/PycharmProjects/Airflow/venv/lib/python3.9/site-packages/airflow/example_dags/example_branch_labels.py took 0.045 seconds
[2021-11-18 18:32:45,075] {processor.py:163} INFO - Started process (PID=56025) to work on /Users/sravanisigadam/PycharmProjects/Airflow/venv/lib/python3.9/site-packages/airflow/example_dags/example_branch_labels.py
[2021-11-18 18:32:45,075] {processor.py:625} INFO - Processing file /Users/sravanisigadam/PycharmProjects/Airflow/venv/lib/python3.9/site-packages/airflow/example_dags/example_branch_labels.py for tasks to queue
[2021-11-18 18:32:45,075] {logging_mixin.py:109} INFO - [2021-11-18 18:32:45,075] {dagbag.py:500} INFO - Filling up the DagBag from /Users/sravanisigadam/PycharmProjects/Airflow/venv/lib/python3.9/site-packages/airflow/example_dags/example_branch_labels.py
[2021-11-18 18:32:45,097] {processor.py:637} INFO - DAG(s) dict_keys(['example_branch_labels']) retrieved from /Users/sravanisigadam/PycharmProjects/Airflow/venv/lib/python3.9/site-packages/airflow/example_dags/example_branch_labels.py
[2021-11-18 18:32:45,107] {logging_mixin.py:109} INFO - [2021-11-18 18:32:45,107] {dag.py:2396} INFO - Sync 1 DAGs
[2021-11-18 18:32:45,113] {logging_mixin.py:109} INFO - [2021-11-18 18:32:45,113] {dag.py:2928} INFO - Setting next_dagrun for example_branch_labels to 2021-11-18 00:00:00+00:00
[2021-11-18 18:32:45,118] {processor.py:171} INFO - Processing /Users/sravanisigadam/PycharmProjects/Airflow/venv/lib/python3.9/site-packages/airflow/example_dags/example_branch_labels.py took 0.043 seconds
[2021-11-18 18:45:51,158] {processor.py:163} INFO - Started process (PID=56085) to work on /Users/sravanisigadam/PycharmProjects/Airflow/venv/lib/python3.9/site-packages/airflow/example_dags/example_branch_labels.py
[2021-11-18 18:45:51,159] {processor.py:625} INFO - Processing file /Users/sravanisigadam/PycharmProjects/Airflow/venv/lib/python3.9/site-packages/airflow/example_dags/example_branch_labels.py for tasks to queue
[2021-11-18 18:45:51,159] {logging_mixin.py:109} INFO - [2021-11-18 18:45:51,159] {dagbag.py:500} INFO - Filling up the DagBag from /Users/sravanisigadam/PycharmProjects/Airflow/venv/lib/python3.9/site-packages/airflow/example_dags/example_branch_labels.py
[2021-11-18 18:45:51,181] {processor.py:637} INFO - DAG(s) dict_keys(['example_branch_labels']) retrieved from /Users/sravanisigadam/PycharmProjects/Airflow/venv/lib/python3.9/site-packages/airflow/example_dags/example_branch_labels.py
[2021-11-18 18:45:51,191] {logging_mixin.py:109} INFO - [2021-11-18 18:45:51,191] {dag.py:2396} INFO - Sync 1 DAGs
[2021-11-18 18:45:51,197] {logging_mixin.py:109} INFO - [2021-11-18 18:45:51,197] {dag.py:2928} INFO - Setting next_dagrun for example_branch_labels to 2021-11-18 00:00:00+00:00
[2021-11-18 18:45:51,201] {processor.py:171} INFO - Processing /Users/sravanisigadam/PycharmProjects/Airflow/venv/lib/python3.9/site-packages/airflow/example_dags/example_branch_labels.py took 0.044 seconds
[2021-11-18 18:47:21,173] {processor.py:163} INFO - Started process (PID=56145) to work on /Users/sravanisigadam/PycharmProjects/Airflow/venv/lib/python3.9/site-packages/airflow/example_dags/example_branch_labels.py
[2021-11-18 18:47:21,173] {processor.py:625} INFO - Processing file /Users/sravanisigadam/PycharmProjects/Airflow/venv/lib/python3.9/site-packages/airflow/example_dags/example_branch_labels.py for tasks to queue
[2021-11-18 18:47:21,173] {logging_mixin.py:109} INFO - [2021-11-18 18:47:21,173] {dagbag.py:500} INFO - Filling up the DagBag from /Users/sravanisigadam/PycharmProjects/Airflow/venv/lib/python3.9/site-packages/airflow/example_dags/example_branch_labels.py
[2021-11-18 18:47:21,196] {processor.py:637} INFO - DAG(s) dict_keys(['example_branch_labels']) retrieved from /Users/sravanisigadam/PycharmProjects/Airflow/venv/lib/python3.9/site-packages/airflow/example_dags/example_branch_labels.py
[2021-11-18 18:47:21,207] {logging_mixin.py:109} INFO - [2021-11-18 18:47:21,207] {dag.py:2396} INFO - Sync 1 DAGs
[2021-11-18 18:47:21,213] {logging_mixin.py:109} INFO - [2021-11-18 18:47:21,213] {dag.py:2928} INFO - Setting next_dagrun for example_branch_labels to 2021-11-18 00:00:00+00:00
[2021-11-18 18:47:21,217] {processor.py:171} INFO - Processing /Users/sravanisigadam/PycharmProjects/Airflow/venv/lib/python3.9/site-packages/airflow/example_dags/example_branch_labels.py took 0.045 seconds
[2021-11-18 18:48:39,621] {processor.py:163} INFO - Started process (PID=56200) to work on /Users/sravanisigadam/PycharmProjects/Airflow/venv/lib/python3.9/site-packages/airflow/example_dags/example_branch_labels.py
[2021-11-18 18:48:39,622] {processor.py:625} INFO - Processing file /Users/sravanisigadam/PycharmProjects/Airflow/venv/lib/python3.9/site-packages/airflow/example_dags/example_branch_labels.py for tasks to queue
[2021-11-18 18:48:39,622] {logging_mixin.py:109} INFO - [2021-11-18 18:48:39,622] {dagbag.py:500} INFO - Filling up the DagBag from /Users/sravanisigadam/PycharmProjects/Airflow/venv/lib/python3.9/site-packages/airflow/example_dags/example_branch_labels.py
[2021-11-18 18:48:39,645] {processor.py:637} INFO - DAG(s) dict_keys(['example_branch_labels']) retrieved from /Users/sravanisigadam/PycharmProjects/Airflow/venv/lib/python3.9/site-packages/airflow/example_dags/example_branch_labels.py
[2021-11-18 18:48:39,655] {logging_mixin.py:109} INFO - [2021-11-18 18:48:39,655] {dag.py:2396} INFO - Sync 1 DAGs
[2021-11-18 18:48:39,661] {logging_mixin.py:109} INFO - [2021-11-18 18:48:39,661] {dag.py:2928} INFO - Setting next_dagrun for example_branch_labels to 2021-11-18 00:00:00+00:00
[2021-11-18 18:48:39,665] {processor.py:171} INFO - Processing /Users/sravanisigadam/PycharmProjects/Airflow/venv/lib/python3.9/site-packages/airflow/example_dags/example_branch_labels.py took 0.045 seconds
[2021-11-18 18:50:02,874] {processor.py:163} INFO - Started process (PID=56251) to work on /Users/sravanisigadam/PycharmProjects/Airflow/venv/lib/python3.9/site-packages/airflow/example_dags/example_branch_labels.py
[2021-11-18 18:50:02,874] {processor.py:625} INFO - Processing file /Users/sravanisigadam/PycharmProjects/Airflow/venv/lib/python3.9/site-packages/airflow/example_dags/example_branch_labels.py for tasks to queue
[2021-11-18 18:50:02,874] {logging_mixin.py:109} INFO - [2021-11-18 18:50:02,874] {dagbag.py:500} INFO - Filling up the DagBag from /Users/sravanisigadam/PycharmProjects/Airflow/venv/lib/python3.9/site-packages/airflow/example_dags/example_branch_labels.py
[2021-11-18 18:50:02,897] {processor.py:637} INFO - DAG(s) dict_keys(['example_branch_labels']) retrieved from /Users/sravanisigadam/PycharmProjects/Airflow/venv/lib/python3.9/site-packages/airflow/example_dags/example_branch_labels.py
[2021-11-18 18:50:02,907] {logging_mixin.py:109} INFO - [2021-11-18 18:50:02,907] {dag.py:2396} INFO - Sync 1 DAGs
[2021-11-18 18:50:02,913] {logging_mixin.py:109} INFO - [2021-11-18 18:50:02,913] {dag.py:2928} INFO - Setting next_dagrun for example_branch_labels to 2021-11-18 00:00:00+00:00
[2021-11-18 18:50:02,917] {processor.py:171} INFO - Processing /Users/sravanisigadam/PycharmProjects/Airflow/venv/lib/python3.9/site-packages/airflow/example_dags/example_branch_labels.py took 0.044 seconds
[2021-11-18 18:51:18,559] {processor.py:163} INFO - Started process (PID=56290) to work on /Users/sravanisigadam/PycharmProjects/Airflow/venv/lib/python3.9/site-packages/airflow/example_dags/example_branch_labels.py
[2021-11-18 18:51:18,559] {processor.py:625} INFO - Processing file /Users/sravanisigadam/PycharmProjects/Airflow/venv/lib/python3.9/site-packages/airflow/example_dags/example_branch_labels.py for tasks to queue
[2021-11-18 18:51:18,559] {logging_mixin.py:109} INFO - [2021-11-18 18:51:18,559] {dagbag.py:500} INFO - Filling up the DagBag from /Users/sravanisigadam/PycharmProjects/Airflow/venv/lib/python3.9/site-packages/airflow/example_dags/example_branch_labels.py
[2021-11-18 18:51:18,583] {processor.py:637} INFO - DAG(s) dict_keys(['example_branch_labels']) retrieved from /Users/sravanisigadam/PycharmProjects/Airflow/venv/lib/python3.9/site-packages/airflow/example_dags/example_branch_labels.py
[2021-11-18 18:51:18,595] {logging_mixin.py:109} INFO - [2021-11-18 18:51:18,595] {dag.py:2396} INFO - Sync 1 DAGs
[2021-11-18 18:51:18,601] {logging_mixin.py:109} INFO - [2021-11-18 18:51:18,601] {dag.py:2928} INFO - Setting next_dagrun for example_branch_labels to 2021-11-18 00:00:00+00:00
[2021-11-18 18:51:18,606] {processor.py:171} INFO - Processing /Users/sravanisigadam/PycharmProjects/Airflow/venv/lib/python3.9/site-packages/airflow/example_dags/example_branch_labels.py took 0.048 seconds
[2021-11-18 18:52:36,951] {processor.py:163} INFO - Started process (PID=56333) to work on /Users/sravanisigadam/PycharmProjects/Airflow/venv/lib/python3.9/site-packages/airflow/example_dags/example_branch_labels.py
[2021-11-18 18:52:36,953] {processor.py:625} INFO - Processing file /Users/sravanisigadam/PycharmProjects/Airflow/venv/lib/python3.9/site-packages/airflow/example_dags/example_branch_labels.py for tasks to queue
[2021-11-18 18:52:36,953] {logging_mixin.py:109} INFO - [2021-11-18 18:52:36,953] {dagbag.py:500} INFO - Filling up the DagBag from /Users/sravanisigadam/PycharmProjects/Airflow/venv/lib/python3.9/site-packages/airflow/example_dags/example_branch_labels.py
[2021-11-18 18:52:36,975] {processor.py:637} INFO - DAG(s) dict_keys(['example_branch_labels']) retrieved from /Users/sravanisigadam/PycharmProjects/Airflow/venv/lib/python3.9/site-packages/airflow/example_dags/example_branch_labels.py
[2021-11-18 18:52:36,985] {logging_mixin.py:109} INFO - [2021-11-18 18:52:36,985] {dag.py:2396} INFO - Sync 1 DAGs
[2021-11-18 18:52:36,991] {logging_mixin.py:109} INFO - [2021-11-18 18:52:36,991] {dag.py:2928} INFO - Setting next_dagrun for example_branch_labels to 2021-11-18 00:00:00+00:00
[2021-11-18 18:52:36,996] {processor.py:171} INFO - Processing /Users/sravanisigadam/PycharmProjects/Airflow/venv/lib/python3.9/site-packages/airflow/example_dags/example_branch_labels.py took 0.045 seconds
[2021-11-18 18:53:54,937] {processor.py:163} INFO - Started process (PID=56373) to work on /Users/sravanisigadam/PycharmProjects/Airflow/venv/lib/python3.9/site-packages/airflow/example_dags/example_branch_labels.py
[2021-11-18 18:53:54,938] {processor.py:625} INFO - Processing file /Users/sravanisigadam/PycharmProjects/Airflow/venv/lib/python3.9/site-packages/airflow/example_dags/example_branch_labels.py for tasks to queue
[2021-11-18 18:53:54,938] {logging_mixin.py:109} INFO - [2021-11-18 18:53:54,938] {dagbag.py:500} INFO - Filling up the DagBag from /Users/sravanisigadam/PycharmProjects/Airflow/venv/lib/python3.9/site-packages/airflow/example_dags/example_branch_labels.py
[2021-11-18 18:53:54,961] {processor.py:637} INFO - DAG(s) dict_keys(['example_branch_labels']) retrieved from /Users/sravanisigadam/PycharmProjects/Airflow/venv/lib/python3.9/site-packages/airflow/example_dags/example_branch_labels.py
[2021-11-18 18:53:54,971] {logging_mixin.py:109} INFO - [2021-11-18 18:53:54,971] {dag.py:2396} INFO - Sync 1 DAGs
[2021-11-18 18:53:54,977] {logging_mixin.py:109} INFO - [2021-11-18 18:53:54,977] {dag.py:2928} INFO - Setting next_dagrun for example_branch_labels to 2021-11-18 00:00:00+00:00
[2021-11-18 18:53:54,982] {processor.py:171} INFO - Processing /Users/sravanisigadam/PycharmProjects/Airflow/venv/lib/python3.9/site-packages/airflow/example_dags/example_branch_labels.py took 0.046 seconds
[2021-11-18 18:55:12,960] {processor.py:163} INFO - Started process (PID=56413) to work on /Users/sravanisigadam/PycharmProjects/Airflow/venv/lib/python3.9/site-packages/airflow/example_dags/example_branch_labels.py
[2021-11-18 18:55:12,962] {processor.py:625} INFO - Processing file /Users/sravanisigadam/PycharmProjects/Airflow/venv/lib/python3.9/site-packages/airflow/example_dags/example_branch_labels.py for tasks to queue
[2021-11-18 18:55:12,962] {logging_mixin.py:109} INFO - [2021-11-18 18:55:12,962] {dagbag.py:500} INFO - Filling up the DagBag from /Users/sravanisigadam/PycharmProjects/Airflow/venv/lib/python3.9/site-packages/airflow/example_dags/example_branch_labels.py
[2021-11-18 18:55:12,984] {processor.py:637} INFO - DAG(s) dict_keys(['example_branch_labels']) retrieved from /Users/sravanisigadam/PycharmProjects/Airflow/venv/lib/python3.9/site-packages/airflow/example_dags/example_branch_labels.py
[2021-11-18 18:55:12,995] {logging_mixin.py:109} INFO - [2021-11-18 18:55:12,995] {dag.py:2396} INFO - Sync 1 DAGs
[2021-11-18 18:55:13,001] {logging_mixin.py:109} INFO - [2021-11-18 18:55:13,001] {dag.py:2928} INFO - Setting next_dagrun for example_branch_labels to 2021-11-18 00:00:00+00:00
[2021-11-18 18:55:13,005] {processor.py:171} INFO - Processing /Users/sravanisigadam/PycharmProjects/Airflow/venv/lib/python3.9/site-packages/airflow/example_dags/example_branch_labels.py took 0.045 seconds
[2021-11-18 18:56:31,024] {processor.py:163} INFO - Started process (PID=56458) to work on /Users/sravanisigadam/PycharmProjects/Airflow/venv/lib/python3.9/site-packages/airflow/example_dags/example_branch_labels.py
[2021-11-18 18:56:31,025] {processor.py:625} INFO - Processing file /Users/sravanisigadam/PycharmProjects/Airflow/venv/lib/python3.9/site-packages/airflow/example_dags/example_branch_labels.py for tasks to queue
[2021-11-18 18:56:31,025] {logging_mixin.py:109} INFO - [2021-11-18 18:56:31,025] {dagbag.py:500} INFO - Filling up the DagBag from /Users/sravanisigadam/PycharmProjects/Airflow/venv/lib/python3.9/site-packages/airflow/example_dags/example_branch_labels.py
[2021-11-18 18:56:31,049] {processor.py:637} INFO - DAG(s) dict_keys(['example_branch_labels']) retrieved from /Users/sravanisigadam/PycharmProjects/Airflow/venv/lib/python3.9/site-packages/airflow/example_dags/example_branch_labels.py
[2021-11-18 18:56:31,060] {logging_mixin.py:109} INFO - [2021-11-18 18:56:31,060] {dag.py:2396} INFO - Sync 1 DAGs
[2021-11-18 18:56:31,066] {logging_mixin.py:109} INFO - [2021-11-18 18:56:31,065] {dag.py:2928} INFO - Setting next_dagrun for example_branch_labels to 2021-11-18 00:00:00+00:00
[2021-11-18 18:56:31,070] {processor.py:171} INFO - Processing /Users/sravanisigadam/PycharmProjects/Airflow/venv/lib/python3.9/site-packages/airflow/example_dags/example_branch_labels.py took 0.047 seconds
[2021-11-18 18:57:49,098] {processor.py:163} INFO - Started process (PID=56497) to work on /Users/sravanisigadam/PycharmProjects/Airflow/venv/lib/python3.9/site-packages/airflow/example_dags/example_branch_labels.py
[2021-11-18 18:57:49,099] {processor.py:625} INFO - Processing file /Users/sravanisigadam/PycharmProjects/Airflow/venv/lib/python3.9/site-packages/airflow/example_dags/example_branch_labels.py for tasks to queue
[2021-11-18 18:57:49,100] {logging_mixin.py:109} INFO - [2021-11-18 18:57:49,100] {dagbag.py:500} INFO - Filling up the DagBag from /Users/sravanisigadam/PycharmProjects/Airflow/venv/lib/python3.9/site-packages/airflow/example_dags/example_branch_labels.py
[2021-11-18 18:57:49,124] {processor.py:637} INFO - DAG(s) dict_keys(['example_branch_labels']) retrieved from /Users/sravanisigadam/PycharmProjects/Airflow/venv/lib/python3.9/site-packages/airflow/example_dags/example_branch_labels.py
[2021-11-18 18:57:49,135] {logging_mixin.py:109} INFO - [2021-11-18 18:57:49,135] {dag.py:2396} INFO - Sync 1 DAGs
[2021-11-18 18:57:49,141] {logging_mixin.py:109} INFO - [2021-11-18 18:57:49,140] {dag.py:2928} INFO - Setting next_dagrun for example_branch_labels to 2021-11-18 00:00:00+00:00
[2021-11-18 18:57:49,145] {processor.py:171} INFO - Processing /Users/sravanisigadam/PycharmProjects/Airflow/venv/lib/python3.9/site-packages/airflow/example_dags/example_branch_labels.py took 0.047 seconds
[2021-11-18 18:59:06,880] {processor.py:163} INFO - Started process (PID=56545) to work on /Users/sravanisigadam/PycharmProjects/Airflow/venv/lib/python3.9/site-packages/airflow/example_dags/example_branch_labels.py
[2021-11-18 18:59:06,881] {processor.py:625} INFO - Processing file /Users/sravanisigadam/PycharmProjects/Airflow/venv/lib/python3.9/site-packages/airflow/example_dags/example_branch_labels.py for tasks to queue
[2021-11-18 18:59:06,881] {logging_mixin.py:109} INFO - [2021-11-18 18:59:06,881] {dagbag.py:500} INFO - Filling up the DagBag from /Users/sravanisigadam/PycharmProjects/Airflow/venv/lib/python3.9/site-packages/airflow/example_dags/example_branch_labels.py
[2021-11-18 18:59:06,906] {processor.py:637} INFO - DAG(s) dict_keys(['example_branch_labels']) retrieved from /Users/sravanisigadam/PycharmProjects/Airflow/venv/lib/python3.9/site-packages/airflow/example_dags/example_branch_labels.py
[2021-11-18 18:59:06,916] {logging_mixin.py:109} INFO - [2021-11-18 18:59:06,916] {dag.py:2396} INFO - Sync 1 DAGs
[2021-11-18 18:59:06,922] {logging_mixin.py:109} INFO - [2021-11-18 18:59:06,922] {dag.py:2928} INFO - Setting next_dagrun for example_branch_labels to 2021-11-18 00:00:00+00:00
[2021-11-18 18:59:06,926] {processor.py:171} INFO - Processing /Users/sravanisigadam/PycharmProjects/Airflow/venv/lib/python3.9/site-packages/airflow/example_dags/example_branch_labels.py took 0.047 seconds
[2021-11-18 19:00:28,227] {processor.py:163} INFO - Started process (PID=56589) to work on /Users/sravanisigadam/PycharmProjects/Airflow/venv/lib/python3.9/site-packages/airflow/example_dags/example_branch_labels.py
[2021-11-18 19:00:28,228] {processor.py:625} INFO - Processing file /Users/sravanisigadam/PycharmProjects/Airflow/venv/lib/python3.9/site-packages/airflow/example_dags/example_branch_labels.py for tasks to queue
[2021-11-18 19:00:28,228] {logging_mixin.py:109} INFO - [2021-11-18 19:00:28,228] {dagbag.py:500} INFO - Filling up the DagBag from /Users/sravanisigadam/PycharmProjects/Airflow/venv/lib/python3.9/site-packages/airflow/example_dags/example_branch_labels.py
[2021-11-18 19:00:28,252] {processor.py:637} INFO - DAG(s) dict_keys(['example_branch_labels']) retrieved from /Users/sravanisigadam/PycharmProjects/Airflow/venv/lib/python3.9/site-packages/airflow/example_dags/example_branch_labels.py
[2021-11-18 19:00:28,263] {logging_mixin.py:109} INFO - [2021-11-18 19:00:28,263] {dag.py:2396} INFO - Sync 1 DAGs
[2021-11-18 19:00:28,269] {logging_mixin.py:109} INFO - [2021-11-18 19:00:28,268] {dag.py:2928} INFO - Setting next_dagrun for example_branch_labels to 2021-11-18 00:00:00+00:00
[2021-11-18 19:00:28,273] {processor.py:171} INFO - Processing /Users/sravanisigadam/PycharmProjects/Airflow/venv/lib/python3.9/site-packages/airflow/example_dags/example_branch_labels.py took 0.047 seconds
[2021-11-18 19:01:45,775] {processor.py:163} INFO - Started process (PID=56636) to work on /Users/sravanisigadam/PycharmProjects/Airflow/venv/lib/python3.9/site-packages/airflow/example_dags/example_branch_labels.py
[2021-11-18 19:01:45,776] {processor.py:625} INFO - Processing file /Users/sravanisigadam/PycharmProjects/Airflow/venv/lib/python3.9/site-packages/airflow/example_dags/example_branch_labels.py for tasks to queue
[2021-11-18 19:01:45,776] {logging_mixin.py:109} INFO - [2021-11-18 19:01:45,776] {dagbag.py:500} INFO - Filling up the DagBag from /Users/sravanisigadam/PycharmProjects/Airflow/venv/lib/python3.9/site-packages/airflow/example_dags/example_branch_labels.py
[2021-11-18 19:01:45,799] {processor.py:637} INFO - DAG(s) dict_keys(['example_branch_labels']) retrieved from /Users/sravanisigadam/PycharmProjects/Airflow/venv/lib/python3.9/site-packages/airflow/example_dags/example_branch_labels.py
[2021-11-18 19:01:45,809] {logging_mixin.py:109} INFO - [2021-11-18 19:01:45,809] {dag.py:2396} INFO - Sync 1 DAGs
[2021-11-18 19:01:45,815] {logging_mixin.py:109} INFO - [2021-11-18 19:01:45,815] {dag.py:2928} INFO - Setting next_dagrun for example_branch_labels to 2021-11-18 00:00:00+00:00
[2021-11-18 19:01:45,819] {processor.py:171} INFO - Processing /Users/sravanisigadam/PycharmProjects/Airflow/venv/lib/python3.9/site-packages/airflow/example_dags/example_branch_labels.py took 0.044 seconds
[2021-11-18 19:03:03,420] {processor.py:163} INFO - Started process (PID=56677) to work on /Users/sravanisigadam/PycharmProjects/Airflow/venv/lib/python3.9/site-packages/airflow/example_dags/example_branch_labels.py
[2021-11-18 19:03:03,421] {processor.py:625} INFO - Processing file /Users/sravanisigadam/PycharmProjects/Airflow/venv/lib/python3.9/site-packages/airflow/example_dags/example_branch_labels.py for tasks to queue
[2021-11-18 19:03:03,421] {logging_mixin.py:109} INFO - [2021-11-18 19:03:03,421] {dagbag.py:500} INFO - Filling up the DagBag from /Users/sravanisigadam/PycharmProjects/Airflow/venv/lib/python3.9/site-packages/airflow/example_dags/example_branch_labels.py
[2021-11-18 19:03:03,443] {processor.py:637} INFO - DAG(s) dict_keys(['example_branch_labels']) retrieved from /Users/sravanisigadam/PycharmProjects/Airflow/venv/lib/python3.9/site-packages/airflow/example_dags/example_branch_labels.py
[2021-11-18 19:03:03,454] {logging_mixin.py:109} INFO - [2021-11-18 19:03:03,454] {dag.py:2396} INFO - Sync 1 DAGs
[2021-11-18 19:03:03,460] {logging_mixin.py:109} INFO - [2021-11-18 19:03:03,460] {dag.py:2928} INFO - Setting next_dagrun for example_branch_labels to 2021-11-18 00:00:00+00:00
[2021-11-18 19:03:03,464] {processor.py:171} INFO - Processing /Users/sravanisigadam/PycharmProjects/Airflow/venv/lib/python3.9/site-packages/airflow/example_dags/example_branch_labels.py took 0.045 seconds
[2021-11-18 19:04:21,552] {processor.py:163} INFO - Started process (PID=56725) to work on /Users/sravanisigadam/PycharmProjects/Airflow/venv/lib/python3.9/site-packages/airflow/example_dags/example_branch_labels.py
[2021-11-18 19:04:21,553] {processor.py:625} INFO - Processing file /Users/sravanisigadam/PycharmProjects/Airflow/venv/lib/python3.9/site-packages/airflow/example_dags/example_branch_labels.py for tasks to queue
[2021-11-18 19:04:21,553] {logging_mixin.py:109} INFO - [2021-11-18 19:04:21,553] {dagbag.py:500} INFO - Filling up the DagBag from /Users/sravanisigadam/PycharmProjects/Airflow/venv/lib/python3.9/site-packages/airflow/example_dags/example_branch_labels.py
[2021-11-18 19:04:21,577] {processor.py:637} INFO - DAG(s) dict_keys(['example_branch_labels']) retrieved from /Users/sravanisigadam/PycharmProjects/Airflow/venv/lib/python3.9/site-packages/airflow/example_dags/example_branch_labels.py
[2021-11-18 19:04:21,588] {logging_mixin.py:109} INFO - [2021-11-18 19:04:21,588] {dag.py:2396} INFO - Sync 1 DAGs
[2021-11-18 19:04:21,595] {logging_mixin.py:109} INFO - [2021-11-18 19:04:21,594] {dag.py:2928} INFO - Setting next_dagrun for example_branch_labels to 2021-11-18 00:00:00+00:00
[2021-11-18 19:04:21,599] {processor.py:171} INFO - Processing /Users/sravanisigadam/PycharmProjects/Airflow/venv/lib/python3.9/site-packages/airflow/example_dags/example_branch_labels.py took 0.047 seconds
[2021-11-18 19:05:40,270] {processor.py:163} INFO - Started process (PID=56779) to work on /Users/sravanisigadam/PycharmProjects/Airflow/venv/lib/python3.9/site-packages/airflow/example_dags/example_branch_labels.py
[2021-11-18 19:05:40,271] {processor.py:625} INFO - Processing file /Users/sravanisigadam/PycharmProjects/Airflow/venv/lib/python3.9/site-packages/airflow/example_dags/example_branch_labels.py for tasks to queue
[2021-11-18 19:05:40,271] {logging_mixin.py:109} INFO - [2021-11-18 19:05:40,271] {dagbag.py:500} INFO - Filling up the DagBag from /Users/sravanisigadam/PycharmProjects/Airflow/venv/lib/python3.9/site-packages/airflow/example_dags/example_branch_labels.py
[2021-11-18 19:05:40,294] {processor.py:637} INFO - DAG(s) dict_keys(['example_branch_labels']) retrieved from /Users/sravanisigadam/PycharmProjects/Airflow/venv/lib/python3.9/site-packages/airflow/example_dags/example_branch_labels.py
[2021-11-18 19:05:40,305] {logging_mixin.py:109} INFO - [2021-11-18 19:05:40,304] {dag.py:2396} INFO - Sync 1 DAGs
[2021-11-18 19:05:40,310] {logging_mixin.py:109} INFO - [2021-11-18 19:05:40,310] {dag.py:2928} INFO - Setting next_dagrun for example_branch_labels to 2021-11-18 00:00:00+00:00
[2021-11-18 19:05:40,315] {processor.py:171} INFO - Processing /Users/sravanisigadam/PycharmProjects/Airflow/venv/lib/python3.9/site-packages/airflow/example_dags/example_branch_labels.py took 0.045 seconds
[2021-11-18 19:06:59,866] {processor.py:163} INFO - Started process (PID=56845) to work on /Users/sravanisigadam/PycharmProjects/Airflow/venv/lib/python3.9/site-packages/airflow/example_dags/example_branch_labels.py
[2021-11-18 19:06:59,867] {processor.py:625} INFO - Processing file /Users/sravanisigadam/PycharmProjects/Airflow/venv/lib/python3.9/site-packages/airflow/example_dags/example_branch_labels.py for tasks to queue
[2021-11-18 19:06:59,867] {logging_mixin.py:109} INFO - [2021-11-18 19:06:59,867] {dagbag.py:500} INFO - Filling up the DagBag from /Users/sravanisigadam/PycharmProjects/Airflow/venv/lib/python3.9/site-packages/airflow/example_dags/example_branch_labels.py
[2021-11-18 19:06:59,891] {processor.py:637} INFO - DAG(s) dict_keys(['example_branch_labels']) retrieved from /Users/sravanisigadam/PycharmProjects/Airflow/venv/lib/python3.9/site-packages/airflow/example_dags/example_branch_labels.py
[2021-11-18 19:06:59,902] {logging_mixin.py:109} INFO - [2021-11-18 19:06:59,902] {dag.py:2396} INFO - Sync 1 DAGs
[2021-11-18 19:06:59,908] {logging_mixin.py:109} INFO - [2021-11-18 19:06:59,908] {dag.py:2928} INFO - Setting next_dagrun for example_branch_labels to 2021-11-18 00:00:00+00:00
[2021-11-18 19:06:59,912] {processor.py:171} INFO - Processing /Users/sravanisigadam/PycharmProjects/Airflow/venv/lib/python3.9/site-packages/airflow/example_dags/example_branch_labels.py took 0.047 seconds
[2021-11-18 19:08:18,248] {processor.py:163} INFO - Started process (PID=56921) to work on /Users/sravanisigadam/PycharmProjects/Airflow/venv/lib/python3.9/site-packages/airflow/example_dags/example_branch_labels.py
[2021-11-18 19:08:18,249] {processor.py:625} INFO - Processing file /Users/sravanisigadam/PycharmProjects/Airflow/venv/lib/python3.9/site-packages/airflow/example_dags/example_branch_labels.py for tasks to queue
[2021-11-18 19:08:18,249] {logging_mixin.py:109} INFO - [2021-11-18 19:08:18,249] {dagbag.py:500} INFO - Filling up the DagBag from /Users/sravanisigadam/PycharmProjects/Airflow/venv/lib/python3.9/site-packages/airflow/example_dags/example_branch_labels.py
[2021-11-18 19:08:18,274] {processor.py:637} INFO - DAG(s) dict_keys(['example_branch_labels']) retrieved from /Users/sravanisigadam/PycharmProjects/Airflow/venv/lib/python3.9/site-packages/airflow/example_dags/example_branch_labels.py
[2021-11-18 19:08:18,284] {logging_mixin.py:109} INFO - [2021-11-18 19:08:18,284] {dag.py:2396} INFO - Sync 1 DAGs
[2021-11-18 19:08:18,290] {logging_mixin.py:109} INFO - [2021-11-18 19:08:18,290] {dag.py:2928} INFO - Setting next_dagrun for example_branch_labels to 2021-11-18 00:00:00+00:00
[2021-11-18 19:08:18,295] {processor.py:171} INFO - Processing /Users/sravanisigadam/PycharmProjects/Airflow/venv/lib/python3.9/site-packages/airflow/example_dags/example_branch_labels.py took 0.048 seconds
[2021-11-18 19:09:36,324] {processor.py:163} INFO - Started process (PID=56967) to work on /Users/sravanisigadam/PycharmProjects/Airflow/venv/lib/python3.9/site-packages/airflow/example_dags/example_branch_labels.py
[2021-11-18 19:09:36,324] {processor.py:625} INFO - Processing file /Users/sravanisigadam/PycharmProjects/Airflow/venv/lib/python3.9/site-packages/airflow/example_dags/example_branch_labels.py for tasks to queue
[2021-11-18 19:09:36,324] {logging_mixin.py:109} INFO - [2021-11-18 19:09:36,324] {dagbag.py:500} INFO - Filling up the DagBag from /Users/sravanisigadam/PycharmProjects/Airflow/venv/lib/python3.9/site-packages/airflow/example_dags/example_branch_labels.py
[2021-11-18 19:09:36,349] {processor.py:637} INFO - DAG(s) dict_keys(['example_branch_labels']) retrieved from /Users/sravanisigadam/PycharmProjects/Airflow/venv/lib/python3.9/site-packages/airflow/example_dags/example_branch_labels.py
[2021-11-18 19:09:36,361] {logging_mixin.py:109} INFO - [2021-11-18 19:09:36,361] {dag.py:2396} INFO - Sync 1 DAGs
[2021-11-18 19:09:36,367] {logging_mixin.py:109} INFO - [2021-11-18 19:09:36,367] {dag.py:2928} INFO - Setting next_dagrun for example_branch_labels to 2021-11-18 00:00:00+00:00
[2021-11-18 19:09:36,372] {processor.py:171} INFO - Processing /Users/sravanisigadam/PycharmProjects/Airflow/venv/lib/python3.9/site-packages/airflow/example_dags/example_branch_labels.py took 0.048 seconds
[2021-11-18 19:10:56,644] {processor.py:163} INFO - Started process (PID=57014) to work on /Users/sravanisigadam/PycharmProjects/Airflow/venv/lib/python3.9/site-packages/airflow/example_dags/example_branch_labels.py
[2021-11-18 19:10:56,644] {processor.py:625} INFO - Processing file /Users/sravanisigadam/PycharmProjects/Airflow/venv/lib/python3.9/site-packages/airflow/example_dags/example_branch_labels.py for tasks to queue
[2021-11-18 19:10:56,644] {logging_mixin.py:109} INFO - [2021-11-18 19:10:56,644] {dagbag.py:500} INFO - Filling up the DagBag from /Users/sravanisigadam/PycharmProjects/Airflow/venv/lib/python3.9/site-packages/airflow/example_dags/example_branch_labels.py
[2021-11-18 19:10:56,669] {processor.py:637} INFO - DAG(s) dict_keys(['example_branch_labels']) retrieved from /Users/sravanisigadam/PycharmProjects/Airflow/venv/lib/python3.9/site-packages/airflow/example_dags/example_branch_labels.py
[2021-11-18 19:10:56,680] {logging_mixin.py:109} INFO - [2021-11-18 19:10:56,680] {dag.py:2396} INFO - Sync 1 DAGs
[2021-11-18 19:10:56,686] {logging_mixin.py:109} INFO - [2021-11-18 19:10:56,686] {dag.py:2928} INFO - Setting next_dagrun for example_branch_labels to 2021-11-18 00:00:00+00:00
[2021-11-18 19:10:56,690] {processor.py:171} INFO - Processing /Users/sravanisigadam/PycharmProjects/Airflow/venv/lib/python3.9/site-packages/airflow/example_dags/example_branch_labels.py took 0.047 seconds
[2021-11-18 19:12:17,615] {processor.py:163} INFO - Started process (PID=57060) to work on /Users/sravanisigadam/PycharmProjects/Airflow/venv/lib/python3.9/site-packages/airflow/example_dags/example_branch_labels.py
[2021-11-18 19:12:17,616] {processor.py:625} INFO - Processing file /Users/sravanisigadam/PycharmProjects/Airflow/venv/lib/python3.9/site-packages/airflow/example_dags/example_branch_labels.py for tasks to queue
[2021-11-18 19:12:17,617] {logging_mixin.py:109} INFO - [2021-11-18 19:12:17,617] {dagbag.py:500} INFO - Filling up the DagBag from /Users/sravanisigadam/PycharmProjects/Airflow/venv/lib/python3.9/site-packages/airflow/example_dags/example_branch_labels.py
[2021-11-18 19:12:17,640] {processor.py:637} INFO - DAG(s) dict_keys(['example_branch_labels']) retrieved from /Users/sravanisigadam/PycharmProjects/Airflow/venv/lib/python3.9/site-packages/airflow/example_dags/example_branch_labels.py
[2021-11-18 19:12:17,651] {logging_mixin.py:109} INFO - [2021-11-18 19:12:17,651] {dag.py:2396} INFO - Sync 1 DAGs
[2021-11-18 19:12:17,657] {logging_mixin.py:109} INFO - [2021-11-18 19:12:17,657] {dag.py:2928} INFO - Setting next_dagrun for example_branch_labels to 2021-11-18 00:00:00+00:00
[2021-11-18 19:12:17,661] {processor.py:171} INFO - Processing /Users/sravanisigadam/PycharmProjects/Airflow/venv/lib/python3.9/site-packages/airflow/example_dags/example_branch_labels.py took 0.046 seconds
[2021-11-18 19:13:38,873] {processor.py:163} INFO - Started process (PID=57129) to work on /Users/sravanisigadam/PycharmProjects/Airflow/venv/lib/python3.9/site-packages/airflow/example_dags/example_branch_labels.py
[2021-11-18 19:13:38,874] {processor.py:625} INFO - Processing file /Users/sravanisigadam/PycharmProjects/Airflow/venv/lib/python3.9/site-packages/airflow/example_dags/example_branch_labels.py for tasks to queue
[2021-11-18 19:13:38,874] {logging_mixin.py:109} INFO - [2021-11-18 19:13:38,874] {dagbag.py:500} INFO - Filling up the DagBag from /Users/sravanisigadam/PycharmProjects/Airflow/venv/lib/python3.9/site-packages/airflow/example_dags/example_branch_labels.py
[2021-11-18 19:13:38,897] {processor.py:637} INFO - DAG(s) dict_keys(['example_branch_labels']) retrieved from /Users/sravanisigadam/PycharmProjects/Airflow/venv/lib/python3.9/site-packages/airflow/example_dags/example_branch_labels.py
[2021-11-18 19:13:38,908] {logging_mixin.py:109} INFO - [2021-11-18 19:13:38,908] {dag.py:2396} INFO - Sync 1 DAGs
[2021-11-18 19:13:38,914] {logging_mixin.py:109} INFO - [2021-11-18 19:13:38,914] {dag.py:2928} INFO - Setting next_dagrun for example_branch_labels to 2021-11-18 00:00:00+00:00
[2021-11-18 19:13:38,918] {processor.py:171} INFO - Processing /Users/sravanisigadam/PycharmProjects/Airflow/venv/lib/python3.9/site-packages/airflow/example_dags/example_branch_labels.py took 0.046 seconds
[2021-11-18 19:15:00,454] {processor.py:163} INFO - Started process (PID=57195) to work on /Users/sravanisigadam/PycharmProjects/Airflow/venv/lib/python3.9/site-packages/airflow/example_dags/example_branch_labels.py
[2021-11-18 19:15:00,454] {processor.py:625} INFO - Processing file /Users/sravanisigadam/PycharmProjects/Airflow/venv/lib/python3.9/site-packages/airflow/example_dags/example_branch_labels.py for tasks to queue
[2021-11-18 19:15:00,454] {logging_mixin.py:109} INFO - [2021-11-18 19:15:00,454] {dagbag.py:500} INFO - Filling up the DagBag from /Users/sravanisigadam/PycharmProjects/Airflow/venv/lib/python3.9/site-packages/airflow/example_dags/example_branch_labels.py
[2021-11-18 19:15:00,480] {processor.py:637} INFO - DAG(s) dict_keys(['example_branch_labels']) retrieved from /Users/sravanisigadam/PycharmProjects/Airflow/venv/lib/python3.9/site-packages/airflow/example_dags/example_branch_labels.py
[2021-11-18 19:15:00,491] {logging_mixin.py:109} INFO - [2021-11-18 19:15:00,491] {dag.py:2396} INFO - Sync 1 DAGs
[2021-11-18 19:15:00,498] {logging_mixin.py:109} INFO - [2021-11-18 19:15:00,497] {dag.py:2928} INFO - Setting next_dagrun for example_branch_labels to 2021-11-18 00:00:00+00:00
[2021-11-18 19:15:00,502] {processor.py:171} INFO - Processing /Users/sravanisigadam/PycharmProjects/Airflow/venv/lib/python3.9/site-packages/airflow/example_dags/example_branch_labels.py took 0.049 seconds
