[2021-11-18 18:24:18,360] {processor.py:163} INFO - Started process (PID=55590) to work on /Users/sravanisigadam/PycharmProjects/Airflow/venv/lib/python3.9/site-packages/airflow/example_dags/example_short_circuit_operator.py
[2021-11-18 18:24:18,360] {processor.py:625} INFO - Processing file /Users/sravanisigadam/PycharmProjects/Airflow/venv/lib/python3.9/site-packages/airflow/example_dags/example_short_circuit_operator.py for tasks to queue
[2021-11-18 18:24:18,360] {logging_mixin.py:109} INFO - [2021-11-18 18:24:18,360] {dagbag.py:500} INFO - Filling up the DagBag from /Users/sravanisigadam/PycharmProjects/Airflow/venv/lib/python3.9/site-packages/airflow/example_dags/example_short_circuit_operator.py
[2021-11-18 18:24:18,393] {processor.py:637} INFO - DAG(s) dict_keys(['example_short_circuit_operator']) retrieved from /Users/sravanisigadam/PycharmProjects/Airflow/venv/lib/python3.9/site-packages/airflow/example_dags/example_short_circuit_operator.py
[2021-11-18 18:24:18,405] {logging_mixin.py:109} INFO - [2021-11-18 18:24:18,405] {dag.py:2396} INFO - Sync 1 DAGs
[2021-11-18 18:24:18,410] {logging_mixin.py:109} INFO - [2021-11-18 18:24:18,410] {dag.py:2928} INFO - Setting next_dagrun for example_short_circuit_operator to 2021-11-18T02:24:18.410773+00:00
[2021-11-18 18:24:18,415] {processor.py:171} INFO - Processing /Users/sravanisigadam/PycharmProjects/Airflow/venv/lib/python3.9/site-packages/airflow/example_dags/example_short_circuit_operator.py took 0.056 seconds
[2021-11-18 18:25:29,310] {processor.py:163} INFO - Started process (PID=55664) to work on /Users/sravanisigadam/PycharmProjects/Airflow/venv/lib/python3.9/site-packages/airflow/example_dags/example_short_circuit_operator.py
[2021-11-18 18:25:29,310] {processor.py:625} INFO - Processing file /Users/sravanisigadam/PycharmProjects/Airflow/venv/lib/python3.9/site-packages/airflow/example_dags/example_short_circuit_operator.py for tasks to queue
[2021-11-18 18:25:29,310] {logging_mixin.py:109} INFO - [2021-11-18 18:25:29,310] {dagbag.py:500} INFO - Filling up the DagBag from /Users/sravanisigadam/PycharmProjects/Airflow/venv/lib/python3.9/site-packages/airflow/example_dags/example_short_circuit_operator.py
[2021-11-18 18:25:29,346] {processor.py:637} INFO - DAG(s) dict_keys(['example_short_circuit_operator']) retrieved from /Users/sravanisigadam/PycharmProjects/Airflow/venv/lib/python3.9/site-packages/airflow/example_dags/example_short_circuit_operator.py
[2021-11-18 18:25:29,358] {logging_mixin.py:109} INFO - [2021-11-18 18:25:29,358] {dag.py:2396} INFO - Sync 1 DAGs
[2021-11-18 18:25:29,364] {logging_mixin.py:109} INFO - [2021-11-18 18:25:29,363] {dag.py:2928} INFO - Setting next_dagrun for example_short_circuit_operator to 2021-11-18T02:25:29.363871+00:00
[2021-11-18 18:25:29,369] {processor.py:171} INFO - Processing /Users/sravanisigadam/PycharmProjects/Airflow/venv/lib/python3.9/site-packages/airflow/example_dags/example_short_circuit_operator.py took 0.060 seconds
[2021-11-18 18:26:47,781] {processor.py:163} INFO - Started process (PID=55806) to work on /Users/sravanisigadam/PycharmProjects/Airflow/venv/lib/python3.9/site-packages/airflow/example_dags/example_short_circuit_operator.py
[2021-11-18 18:26:47,781] {processor.py:625} INFO - Processing file /Users/sravanisigadam/PycharmProjects/Airflow/venv/lib/python3.9/site-packages/airflow/example_dags/example_short_circuit_operator.py for tasks to queue
[2021-11-18 18:26:47,781] {logging_mixin.py:109} INFO - [2021-11-18 18:26:47,781] {dagbag.py:500} INFO - Filling up the DagBag from /Users/sravanisigadam/PycharmProjects/Airflow/venv/lib/python3.9/site-packages/airflow/example_dags/example_short_circuit_operator.py
[2021-11-18 18:26:47,814] {processor.py:637} INFO - DAG(s) dict_keys(['example_short_circuit_operator']) retrieved from /Users/sravanisigadam/PycharmProjects/Airflow/venv/lib/python3.9/site-packages/airflow/example_dags/example_short_circuit_operator.py
[2021-11-18 18:26:47,826] {logging_mixin.py:109} INFO - [2021-11-18 18:26:47,825] {dag.py:2396} INFO - Sync 1 DAGs
[2021-11-18 18:26:47,832] {logging_mixin.py:109} INFO - [2021-11-18 18:26:47,832] {dag.py:2928} INFO - Setting next_dagrun for example_short_circuit_operator to 2021-11-18T02:26:47.832094+00:00
[2021-11-18 18:26:47,837] {processor.py:171} INFO - Processing /Users/sravanisigadam/PycharmProjects/Airflow/venv/lib/python3.9/site-packages/airflow/example_dags/example_short_circuit_operator.py took 0.056 seconds
[2021-11-18 18:28:07,957] {processor.py:163} INFO - Started process (PID=55880) to work on /Users/sravanisigadam/PycharmProjects/Airflow/venv/lib/python3.9/site-packages/airflow/example_dags/example_short_circuit_operator.py
[2021-11-18 18:28:07,959] {processor.py:625} INFO - Processing file /Users/sravanisigadam/PycharmProjects/Airflow/venv/lib/python3.9/site-packages/airflow/example_dags/example_short_circuit_operator.py for tasks to queue
[2021-11-18 18:28:07,959] {logging_mixin.py:109} INFO - [2021-11-18 18:28:07,959] {dagbag.py:500} INFO - Filling up the DagBag from /Users/sravanisigadam/PycharmProjects/Airflow/venv/lib/python3.9/site-packages/airflow/example_dags/example_short_circuit_operator.py
[2021-11-18 18:28:07,992] {processor.py:637} INFO - DAG(s) dict_keys(['example_short_circuit_operator']) retrieved from /Users/sravanisigadam/PycharmProjects/Airflow/venv/lib/python3.9/site-packages/airflow/example_dags/example_short_circuit_operator.py
[2021-11-18 18:28:08,003] {logging_mixin.py:109} INFO - [2021-11-18 18:28:08,003] {dag.py:2396} INFO - Sync 1 DAGs
[2021-11-18 18:28:08,008] {logging_mixin.py:109} INFO - [2021-11-18 18:28:08,008] {dag.py:2928} INFO - Setting next_dagrun for example_short_circuit_operator to 2021-11-18T02:28:08.008610+00:00
[2021-11-18 18:28:08,013] {processor.py:171} INFO - Processing /Users/sravanisigadam/PycharmProjects/Airflow/venv/lib/python3.9/site-packages/airflow/example_dags/example_short_circuit_operator.py took 0.056 seconds
[2021-11-18 18:29:28,079] {processor.py:163} INFO - Started process (PID=55919) to work on /Users/sravanisigadam/PycharmProjects/Airflow/venv/lib/python3.9/site-packages/airflow/example_dags/example_short_circuit_operator.py
[2021-11-18 18:29:28,079] {processor.py:625} INFO - Processing file /Users/sravanisigadam/PycharmProjects/Airflow/venv/lib/python3.9/site-packages/airflow/example_dags/example_short_circuit_operator.py for tasks to queue
[2021-11-18 18:29:28,079] {logging_mixin.py:109} INFO - [2021-11-18 18:29:28,079] {dagbag.py:500} INFO - Filling up the DagBag from /Users/sravanisigadam/PycharmProjects/Airflow/venv/lib/python3.9/site-packages/airflow/example_dags/example_short_circuit_operator.py
[2021-11-18 18:29:28,112] {processor.py:637} INFO - DAG(s) dict_keys(['example_short_circuit_operator']) retrieved from /Users/sravanisigadam/PycharmProjects/Airflow/venv/lib/python3.9/site-packages/airflow/example_dags/example_short_circuit_operator.py
[2021-11-18 18:29:28,123] {logging_mixin.py:109} INFO - [2021-11-18 18:29:28,123] {dag.py:2396} INFO - Sync 1 DAGs
[2021-11-18 18:29:28,129] {logging_mixin.py:109} INFO - [2021-11-18 18:29:28,128] {dag.py:2928} INFO - Setting next_dagrun for example_short_circuit_operator to 2021-11-18T02:29:28.128841+00:00
[2021-11-18 18:29:28,134] {processor.py:171} INFO - Processing /Users/sravanisigadam/PycharmProjects/Airflow/venv/lib/python3.9/site-packages/airflow/example_dags/example_short_circuit_operator.py took 0.055 seconds
[2021-11-18 18:30:48,118] {processor.py:163} INFO - Started process (PID=55960) to work on /Users/sravanisigadam/PycharmProjects/Airflow/venv/lib/python3.9/site-packages/airflow/example_dags/example_short_circuit_operator.py
[2021-11-18 18:30:48,118] {processor.py:625} INFO - Processing file /Users/sravanisigadam/PycharmProjects/Airflow/venv/lib/python3.9/site-packages/airflow/example_dags/example_short_circuit_operator.py for tasks to queue
[2021-11-18 18:30:48,119] {logging_mixin.py:109} INFO - [2021-11-18 18:30:48,119] {dagbag.py:500} INFO - Filling up the DagBag from /Users/sravanisigadam/PycharmProjects/Airflow/venv/lib/python3.9/site-packages/airflow/example_dags/example_short_circuit_operator.py
[2021-11-18 18:30:48,151] {processor.py:637} INFO - DAG(s) dict_keys(['example_short_circuit_operator']) retrieved from /Users/sravanisigadam/PycharmProjects/Airflow/venv/lib/python3.9/site-packages/airflow/example_dags/example_short_circuit_operator.py
[2021-11-18 18:30:48,161] {logging_mixin.py:109} INFO - [2021-11-18 18:30:48,161] {dag.py:2396} INFO - Sync 1 DAGs
[2021-11-18 18:30:48,167] {logging_mixin.py:109} INFO - [2021-11-18 18:30:48,167] {dag.py:2928} INFO - Setting next_dagrun for example_short_circuit_operator to 2021-11-18T02:30:48.167377+00:00
[2021-11-18 18:30:48,172] {processor.py:171} INFO - Processing /Users/sravanisigadam/PycharmProjects/Airflow/venv/lib/python3.9/site-packages/airflow/example_dags/example_short_circuit_operator.py took 0.054 seconds
[2021-11-18 18:32:08,279] {processor.py:163} INFO - Started process (PID=56007) to work on /Users/sravanisigadam/PycharmProjects/Airflow/venv/lib/python3.9/site-packages/airflow/example_dags/example_short_circuit_operator.py
[2021-11-18 18:32:08,279] {processor.py:625} INFO - Processing file /Users/sravanisigadam/PycharmProjects/Airflow/venv/lib/python3.9/site-packages/airflow/example_dags/example_short_circuit_operator.py for tasks to queue
[2021-11-18 18:32:08,279] {logging_mixin.py:109} INFO - [2021-11-18 18:32:08,279] {dagbag.py:500} INFO - Filling up the DagBag from /Users/sravanisigadam/PycharmProjects/Airflow/venv/lib/python3.9/site-packages/airflow/example_dags/example_short_circuit_operator.py
[2021-11-18 18:32:08,311] {processor.py:637} INFO - DAG(s) dict_keys(['example_short_circuit_operator']) retrieved from /Users/sravanisigadam/PycharmProjects/Airflow/venv/lib/python3.9/site-packages/airflow/example_dags/example_short_circuit_operator.py
[2021-11-18 18:32:08,322] {logging_mixin.py:109} INFO - [2021-11-18 18:32:08,322] {dag.py:2396} INFO - Sync 1 DAGs
[2021-11-18 18:32:08,327] {logging_mixin.py:109} INFO - [2021-11-18 18:32:08,327] {dag.py:2928} INFO - Setting next_dagrun for example_short_circuit_operator to 2021-11-18T02:32:08.327733+00:00
[2021-11-18 18:32:08,333] {processor.py:171} INFO - Processing /Users/sravanisigadam/PycharmProjects/Airflow/venv/lib/python3.9/site-packages/airflow/example_dags/example_short_circuit_operator.py took 0.055 seconds
[2021-11-18 18:33:28,274] {processor.py:163} INFO - Started process (PID=56047) to work on /Users/sravanisigadam/PycharmProjects/Airflow/venv/lib/python3.9/site-packages/airflow/example_dags/example_short_circuit_operator.py
[2021-11-18 18:33:28,274] {processor.py:625} INFO - Processing file /Users/sravanisigadam/PycharmProjects/Airflow/venv/lib/python3.9/site-packages/airflow/example_dags/example_short_circuit_operator.py for tasks to queue
[2021-11-18 18:33:28,274] {logging_mixin.py:109} INFO - [2021-11-18 18:33:28,274] {dagbag.py:500} INFO - Filling up the DagBag from /Users/sravanisigadam/PycharmProjects/Airflow/venv/lib/python3.9/site-packages/airflow/example_dags/example_short_circuit_operator.py
[2021-11-18 18:33:28,307] {processor.py:637} INFO - DAG(s) dict_keys(['example_short_circuit_operator']) retrieved from /Users/sravanisigadam/PycharmProjects/Airflow/venv/lib/python3.9/site-packages/airflow/example_dags/example_short_circuit_operator.py
[2021-11-18 18:33:28,318] {logging_mixin.py:109} INFO - [2021-11-18 18:33:28,318] {dag.py:2396} INFO - Sync 1 DAGs
[2021-11-18 18:33:28,325] {logging_mixin.py:109} INFO - [2021-11-18 18:33:28,324] {dag.py:2928} INFO - Setting next_dagrun for example_short_circuit_operator to 2021-11-18T02:33:28.324841+00:00
[2021-11-18 18:33:28,330] {processor.py:171} INFO - Processing /Users/sravanisigadam/PycharmProjects/Airflow/venv/lib/python3.9/site-packages/airflow/example_dags/example_short_circuit_operator.py took 0.056 seconds
[2021-11-18 18:46:33,606] {processor.py:163} INFO - Started process (PID=56110) to work on /Users/sravanisigadam/PycharmProjects/Airflow/venv/lib/python3.9/site-packages/airflow/example_dags/example_short_circuit_operator.py
[2021-11-18 18:46:33,607] {processor.py:625} INFO - Processing file /Users/sravanisigadam/PycharmProjects/Airflow/venv/lib/python3.9/site-packages/airflow/example_dags/example_short_circuit_operator.py for tasks to queue
[2021-11-18 18:46:33,608] {logging_mixin.py:109} INFO - [2021-11-18 18:46:33,608] {dagbag.py:500} INFO - Filling up the DagBag from /Users/sravanisigadam/PycharmProjects/Airflow/venv/lib/python3.9/site-packages/airflow/example_dags/example_short_circuit_operator.py
[2021-11-18 18:46:33,642] {processor.py:637} INFO - DAG(s) dict_keys(['example_short_circuit_operator']) retrieved from /Users/sravanisigadam/PycharmProjects/Airflow/venv/lib/python3.9/site-packages/airflow/example_dags/example_short_circuit_operator.py
[2021-11-18 18:46:33,653] {logging_mixin.py:109} INFO - [2021-11-18 18:46:33,653] {dag.py:2396} INFO - Sync 1 DAGs
[2021-11-18 18:46:33,659] {logging_mixin.py:109} INFO - [2021-11-18 18:46:33,659] {dag.py:2928} INFO - Setting next_dagrun for example_short_circuit_operator to 2021-11-18T02:46:33.658946+00:00
[2021-11-18 18:46:33,664] {processor.py:171} INFO - Processing /Users/sravanisigadam/PycharmProjects/Airflow/venv/lib/python3.9/site-packages/airflow/example_dags/example_short_circuit_operator.py took 0.058 seconds
[2021-11-18 18:47:51,497] {processor.py:163} INFO - Started process (PID=56165) to work on /Users/sravanisigadam/PycharmProjects/Airflow/venv/lib/python3.9/site-packages/airflow/example_dags/example_short_circuit_operator.py
[2021-11-18 18:47:51,498] {processor.py:625} INFO - Processing file /Users/sravanisigadam/PycharmProjects/Airflow/venv/lib/python3.9/site-packages/airflow/example_dags/example_short_circuit_operator.py for tasks to queue
[2021-11-18 18:47:51,498] {logging_mixin.py:109} INFO - [2021-11-18 18:47:51,498] {dagbag.py:500} INFO - Filling up the DagBag from /Users/sravanisigadam/PycharmProjects/Airflow/venv/lib/python3.9/site-packages/airflow/example_dags/example_short_circuit_operator.py
[2021-11-18 18:47:51,530] {processor.py:637} INFO - DAG(s) dict_keys(['example_short_circuit_operator']) retrieved from /Users/sravanisigadam/PycharmProjects/Airflow/venv/lib/python3.9/site-packages/airflow/example_dags/example_short_circuit_operator.py
[2021-11-18 18:47:51,541] {logging_mixin.py:109} INFO - [2021-11-18 18:47:51,541] {dag.py:2396} INFO - Sync 1 DAGs
[2021-11-18 18:47:51,546] {logging_mixin.py:109} INFO - [2021-11-18 18:47:51,546] {dag.py:2928} INFO - Setting next_dagrun for example_short_circuit_operator to 2021-11-18T02:47:51.546743+00:00
[2021-11-18 18:47:51,551] {processor.py:171} INFO - Processing /Users/sravanisigadam/PycharmProjects/Airflow/venv/lib/python3.9/site-packages/airflow/example_dags/example_short_circuit_operator.py took 0.054 seconds
[2021-11-18 18:49:12,916] {processor.py:163} INFO - Started process (PID=56223) to work on /Users/sravanisigadam/PycharmProjects/Airflow/venv/lib/python3.9/site-packages/airflow/example_dags/example_short_circuit_operator.py
[2021-11-18 18:49:12,917] {processor.py:625} INFO - Processing file /Users/sravanisigadam/PycharmProjects/Airflow/venv/lib/python3.9/site-packages/airflow/example_dags/example_short_circuit_operator.py for tasks to queue
[2021-11-18 18:49:12,917] {logging_mixin.py:109} INFO - [2021-11-18 18:49:12,917] {dagbag.py:500} INFO - Filling up the DagBag from /Users/sravanisigadam/PycharmProjects/Airflow/venv/lib/python3.9/site-packages/airflow/example_dags/example_short_circuit_operator.py
[2021-11-18 18:49:12,950] {processor.py:637} INFO - DAG(s) dict_keys(['example_short_circuit_operator']) retrieved from /Users/sravanisigadam/PycharmProjects/Airflow/venv/lib/python3.9/site-packages/airflow/example_dags/example_short_circuit_operator.py
[2021-11-18 18:49:12,960] {logging_mixin.py:109} INFO - [2021-11-18 18:49:12,960] {dag.py:2396} INFO - Sync 1 DAGs
[2021-11-18 18:49:12,966] {logging_mixin.py:109} INFO - [2021-11-18 18:49:12,966] {dag.py:2928} INFO - Setting next_dagrun for example_short_circuit_operator to 2021-11-18T02:49:12.966359+00:00
[2021-11-18 18:49:12,971] {processor.py:171} INFO - Processing /Users/sravanisigadam/PycharmProjects/Airflow/venv/lib/python3.9/site-packages/airflow/example_dags/example_short_circuit_operator.py took 0.056 seconds
[2021-11-18 18:50:33,185] {processor.py:163} INFO - Started process (PID=56266) to work on /Users/sravanisigadam/PycharmProjects/Airflow/venv/lib/python3.9/site-packages/airflow/example_dags/example_short_circuit_operator.py
[2021-11-18 18:50:33,185] {processor.py:625} INFO - Processing file /Users/sravanisigadam/PycharmProjects/Airflow/venv/lib/python3.9/site-packages/airflow/example_dags/example_short_circuit_operator.py for tasks to queue
[2021-11-18 18:50:33,185] {logging_mixin.py:109} INFO - [2021-11-18 18:50:33,185] {dagbag.py:500} INFO - Filling up the DagBag from /Users/sravanisigadam/PycharmProjects/Airflow/venv/lib/python3.9/site-packages/airflow/example_dags/example_short_circuit_operator.py
[2021-11-18 18:50:33,219] {processor.py:637} INFO - DAG(s) dict_keys(['example_short_circuit_operator']) retrieved from /Users/sravanisigadam/PycharmProjects/Airflow/venv/lib/python3.9/site-packages/airflow/example_dags/example_short_circuit_operator.py
[2021-11-18 18:50:33,230] {logging_mixin.py:109} INFO - [2021-11-18 18:50:33,230] {dag.py:2396} INFO - Sync 1 DAGs
[2021-11-18 18:50:33,236] {logging_mixin.py:109} INFO - [2021-11-18 18:50:33,236] {dag.py:2928} INFO - Setting next_dagrun for example_short_circuit_operator to 2021-11-18T02:50:33.235970+00:00
[2021-11-18 18:50:33,241] {processor.py:171} INFO - Processing /Users/sravanisigadam/PycharmProjects/Airflow/venv/lib/python3.9/site-packages/airflow/example_dags/example_short_circuit_operator.py took 0.057 seconds
[2021-11-18 18:51:49,826] {processor.py:163} INFO - Started process (PID=56306) to work on /Users/sravanisigadam/PycharmProjects/Airflow/venv/lib/python3.9/site-packages/airflow/example_dags/example_short_circuit_operator.py
[2021-11-18 18:51:49,827] {processor.py:625} INFO - Processing file /Users/sravanisigadam/PycharmProjects/Airflow/venv/lib/python3.9/site-packages/airflow/example_dags/example_short_circuit_operator.py for tasks to queue
[2021-11-18 18:51:49,828] {logging_mixin.py:109} INFO - [2021-11-18 18:51:49,828] {dagbag.py:500} INFO - Filling up the DagBag from /Users/sravanisigadam/PycharmProjects/Airflow/venv/lib/python3.9/site-packages/airflow/example_dags/example_short_circuit_operator.py
[2021-11-18 18:51:49,862] {processor.py:637} INFO - DAG(s) dict_keys(['example_short_circuit_operator']) retrieved from /Users/sravanisigadam/PycharmProjects/Airflow/venv/lib/python3.9/site-packages/airflow/example_dags/example_short_circuit_operator.py
[2021-11-18 18:51:49,873] {logging_mixin.py:109} INFO - [2021-11-18 18:51:49,873] {dag.py:2396} INFO - Sync 1 DAGs
[2021-11-18 18:51:49,878] {logging_mixin.py:109} INFO - [2021-11-18 18:51:49,878] {dag.py:2928} INFO - Setting next_dagrun for example_short_circuit_operator to 2021-11-18T02:51:49.878748+00:00
[2021-11-18 18:51:49,884] {processor.py:171} INFO - Processing /Users/sravanisigadam/PycharmProjects/Airflow/venv/lib/python3.9/site-packages/airflow/example_dags/example_short_circuit_operator.py took 0.057 seconds
[2021-11-18 18:53:07,653] {processor.py:163} INFO - Started process (PID=56348) to work on /Users/sravanisigadam/PycharmProjects/Airflow/venv/lib/python3.9/site-packages/airflow/example_dags/example_short_circuit_operator.py
[2021-11-18 18:53:07,654] {processor.py:625} INFO - Processing file /Users/sravanisigadam/PycharmProjects/Airflow/venv/lib/python3.9/site-packages/airflow/example_dags/example_short_circuit_operator.py for tasks to queue
[2021-11-18 18:53:07,654] {logging_mixin.py:109} INFO - [2021-11-18 18:53:07,654] {dagbag.py:500} INFO - Filling up the DagBag from /Users/sravanisigadam/PycharmProjects/Airflow/venv/lib/python3.9/site-packages/airflow/example_dags/example_short_circuit_operator.py
[2021-11-18 18:53:07,687] {processor.py:637} INFO - DAG(s) dict_keys(['example_short_circuit_operator']) retrieved from /Users/sravanisigadam/PycharmProjects/Airflow/venv/lib/python3.9/site-packages/airflow/example_dags/example_short_circuit_operator.py
[2021-11-18 18:53:07,698] {logging_mixin.py:109} INFO - [2021-11-18 18:53:07,698] {dag.py:2396} INFO - Sync 1 DAGs
[2021-11-18 18:53:07,703] {logging_mixin.py:109} INFO - [2021-11-18 18:53:07,703] {dag.py:2928} INFO - Setting next_dagrun for example_short_circuit_operator to 2021-11-18T02:53:07.703736+00:00
[2021-11-18 18:53:07,708] {processor.py:171} INFO - Processing /Users/sravanisigadam/PycharmProjects/Airflow/venv/lib/python3.9/site-packages/airflow/example_dags/example_short_circuit_operator.py took 0.056 seconds
[2021-11-18 18:54:25,802] {processor.py:163} INFO - Started process (PID=56389) to work on /Users/sravanisigadam/PycharmProjects/Airflow/venv/lib/python3.9/site-packages/airflow/example_dags/example_short_circuit_operator.py
[2021-11-18 18:54:25,803] {processor.py:625} INFO - Processing file /Users/sravanisigadam/PycharmProjects/Airflow/venv/lib/python3.9/site-packages/airflow/example_dags/example_short_circuit_operator.py for tasks to queue
[2021-11-18 18:54:25,803] {logging_mixin.py:109} INFO - [2021-11-18 18:54:25,803] {dagbag.py:500} INFO - Filling up the DagBag from /Users/sravanisigadam/PycharmProjects/Airflow/venv/lib/python3.9/site-packages/airflow/example_dags/example_short_circuit_operator.py
[2021-11-18 18:54:25,836] {processor.py:637} INFO - DAG(s) dict_keys(['example_short_circuit_operator']) retrieved from /Users/sravanisigadam/PycharmProjects/Airflow/venv/lib/python3.9/site-packages/airflow/example_dags/example_short_circuit_operator.py
[2021-11-18 18:54:25,847] {logging_mixin.py:109} INFO - [2021-11-18 18:54:25,847] {dag.py:2396} INFO - Sync 1 DAGs
[2021-11-18 18:54:25,853] {logging_mixin.py:109} INFO - [2021-11-18 18:54:25,853] {dag.py:2928} INFO - Setting next_dagrun for example_short_circuit_operator to 2021-11-18T02:54:25.853236+00:00
[2021-11-18 18:54:25,858] {processor.py:171} INFO - Processing /Users/sravanisigadam/PycharmProjects/Airflow/venv/lib/python3.9/site-packages/airflow/example_dags/example_short_circuit_operator.py took 0.056 seconds
[2021-11-18 18:55:43,892] {processor.py:163} INFO - Started process (PID=56429) to work on /Users/sravanisigadam/PycharmProjects/Airflow/venv/lib/python3.9/site-packages/airflow/example_dags/example_short_circuit_operator.py
[2021-11-18 18:55:43,893] {processor.py:625} INFO - Processing file /Users/sravanisigadam/PycharmProjects/Airflow/venv/lib/python3.9/site-packages/airflow/example_dags/example_short_circuit_operator.py for tasks to queue
[2021-11-18 18:55:43,893] {logging_mixin.py:109} INFO - [2021-11-18 18:55:43,893] {dagbag.py:500} INFO - Filling up the DagBag from /Users/sravanisigadam/PycharmProjects/Airflow/venv/lib/python3.9/site-packages/airflow/example_dags/example_short_circuit_operator.py
[2021-11-18 18:55:43,928] {processor.py:637} INFO - DAG(s) dict_keys(['example_short_circuit_operator']) retrieved from /Users/sravanisigadam/PycharmProjects/Airflow/venv/lib/python3.9/site-packages/airflow/example_dags/example_short_circuit_operator.py
[2021-11-18 18:55:43,939] {logging_mixin.py:109} INFO - [2021-11-18 18:55:43,939] {dag.py:2396} INFO - Sync 1 DAGs
[2021-11-18 18:55:43,946] {logging_mixin.py:109} INFO - [2021-11-18 18:55:43,946] {dag.py:2928} INFO - Setting next_dagrun for example_short_circuit_operator to 2021-11-18T02:55:43.945947+00:00
[2021-11-18 18:55:43,951] {processor.py:171} INFO - Processing /Users/sravanisigadam/PycharmProjects/Airflow/venv/lib/python3.9/site-packages/airflow/example_dags/example_short_circuit_operator.py took 0.059 seconds
[2021-11-18 18:57:01,644] {processor.py:163} INFO - Started process (PID=56473) to work on /Users/sravanisigadam/PycharmProjects/Airflow/venv/lib/python3.9/site-packages/airflow/example_dags/example_short_circuit_operator.py
[2021-11-18 18:57:01,645] {processor.py:625} INFO - Processing file /Users/sravanisigadam/PycharmProjects/Airflow/venv/lib/python3.9/site-packages/airflow/example_dags/example_short_circuit_operator.py for tasks to queue
[2021-11-18 18:57:01,645] {logging_mixin.py:109} INFO - [2021-11-18 18:57:01,645] {dagbag.py:500} INFO - Filling up the DagBag from /Users/sravanisigadam/PycharmProjects/Airflow/venv/lib/python3.9/site-packages/airflow/example_dags/example_short_circuit_operator.py
[2021-11-18 18:57:01,679] {processor.py:637} INFO - DAG(s) dict_keys(['example_short_circuit_operator']) retrieved from /Users/sravanisigadam/PycharmProjects/Airflow/venv/lib/python3.9/site-packages/airflow/example_dags/example_short_circuit_operator.py
[2021-11-18 18:57:01,690] {logging_mixin.py:109} INFO - [2021-11-18 18:57:01,690] {dag.py:2396} INFO - Sync 1 DAGs
[2021-11-18 18:57:01,696] {logging_mixin.py:109} INFO - [2021-11-18 18:57:01,696] {dag.py:2928} INFO - Setting next_dagrun for example_short_circuit_operator to 2021-11-18T02:57:01.696156+00:00
[2021-11-18 18:57:01,701] {processor.py:171} INFO - Processing /Users/sravanisigadam/PycharmProjects/Airflow/venv/lib/python3.9/site-packages/airflow/example_dags/example_short_circuit_operator.py took 0.057 seconds
[2021-11-18 18:58:19,897] {processor.py:163} INFO - Started process (PID=56522) to work on /Users/sravanisigadam/PycharmProjects/Airflow/venv/lib/python3.9/site-packages/airflow/example_dags/example_short_circuit_operator.py
[2021-11-18 18:58:19,898] {processor.py:625} INFO - Processing file /Users/sravanisigadam/PycharmProjects/Airflow/venv/lib/python3.9/site-packages/airflow/example_dags/example_short_circuit_operator.py for tasks to queue
[2021-11-18 18:58:19,899] {logging_mixin.py:109} INFO - [2021-11-18 18:58:19,899] {dagbag.py:500} INFO - Filling up the DagBag from /Users/sravanisigadam/PycharmProjects/Airflow/venv/lib/python3.9/site-packages/airflow/example_dags/example_short_circuit_operator.py
[2021-11-18 18:58:19,930] {processor.py:637} INFO - DAG(s) dict_keys(['example_short_circuit_operator']) retrieved from /Users/sravanisigadam/PycharmProjects/Airflow/venv/lib/python3.9/site-packages/airflow/example_dags/example_short_circuit_operator.py
[2021-11-18 18:58:19,940] {logging_mixin.py:109} INFO - [2021-11-18 18:58:19,940] {dag.py:2396} INFO - Sync 1 DAGs
[2021-11-18 18:58:19,946] {logging_mixin.py:109} INFO - [2021-11-18 18:58:19,946] {dag.py:2928} INFO - Setting next_dagrun for example_short_circuit_operator to 2021-11-18T02:58:19.946152+00:00
[2021-11-18 18:58:19,950] {processor.py:171} INFO - Processing /Users/sravanisigadam/PycharmProjects/Airflow/venv/lib/python3.9/site-packages/airflow/example_dags/example_short_circuit_operator.py took 0.053 seconds
[2021-11-18 18:59:38,155] {processor.py:163} INFO - Started process (PID=56560) to work on /Users/sravanisigadam/PycharmProjects/Airflow/venv/lib/python3.9/site-packages/airflow/example_dags/example_short_circuit_operator.py
[2021-11-18 18:59:38,155] {processor.py:625} INFO - Processing file /Users/sravanisigadam/PycharmProjects/Airflow/venv/lib/python3.9/site-packages/airflow/example_dags/example_short_circuit_operator.py for tasks to queue
[2021-11-18 18:59:38,156] {logging_mixin.py:109} INFO - [2021-11-18 18:59:38,156] {dagbag.py:500} INFO - Filling up the DagBag from /Users/sravanisigadam/PycharmProjects/Airflow/venv/lib/python3.9/site-packages/airflow/example_dags/example_short_circuit_operator.py
[2021-11-18 18:59:38,189] {processor.py:637} INFO - DAG(s) dict_keys(['example_short_circuit_operator']) retrieved from /Users/sravanisigadam/PycharmProjects/Airflow/venv/lib/python3.9/site-packages/airflow/example_dags/example_short_circuit_operator.py
[2021-11-18 18:59:38,199] {logging_mixin.py:109} INFO - [2021-11-18 18:59:38,199] {dag.py:2396} INFO - Sync 1 DAGs
[2021-11-18 18:59:38,205] {logging_mixin.py:109} INFO - [2021-11-18 18:59:38,205] {dag.py:2928} INFO - Setting next_dagrun for example_short_circuit_operator to 2021-11-18T02:59:38.205258+00:00
[2021-11-18 18:59:38,210] {processor.py:171} INFO - Processing /Users/sravanisigadam/PycharmProjects/Airflow/venv/lib/python3.9/site-packages/airflow/example_dags/example_short_circuit_operator.py took 0.056 seconds
[2021-11-18 19:00:58,959] {processor.py:163} INFO - Started process (PID=56612) to work on /Users/sravanisigadam/PycharmProjects/Airflow/venv/lib/python3.9/site-packages/airflow/example_dags/example_short_circuit_operator.py
[2021-11-18 19:00:58,960] {processor.py:625} INFO - Processing file /Users/sravanisigadam/PycharmProjects/Airflow/venv/lib/python3.9/site-packages/airflow/example_dags/example_short_circuit_operator.py for tasks to queue
[2021-11-18 19:00:58,960] {logging_mixin.py:109} INFO - [2021-11-18 19:00:58,960] {dagbag.py:500} INFO - Filling up the DagBag from /Users/sravanisigadam/PycharmProjects/Airflow/venv/lib/python3.9/site-packages/airflow/example_dags/example_short_circuit_operator.py
[2021-11-18 19:00:58,993] {processor.py:637} INFO - DAG(s) dict_keys(['example_short_circuit_operator']) retrieved from /Users/sravanisigadam/PycharmProjects/Airflow/venv/lib/python3.9/site-packages/airflow/example_dags/example_short_circuit_operator.py
[2021-11-18 19:00:59,003] {logging_mixin.py:109} INFO - [2021-11-18 19:00:59,003] {dag.py:2396} INFO - Sync 1 DAGs
[2021-11-18 19:00:59,009] {logging_mixin.py:109} INFO - [2021-11-18 19:00:59,009] {dag.py:2928} INFO - Setting next_dagrun for example_short_circuit_operator to 2021-11-18T03:00:59.008934+00:00
[2021-11-18 19:00:59,014] {processor.py:171} INFO - Processing /Users/sravanisigadam/PycharmProjects/Airflow/venv/lib/python3.9/site-packages/airflow/example_dags/example_short_circuit_operator.py took 0.056 seconds
[2021-11-18 19:02:15,940] {processor.py:163} INFO - Started process (PID=56652) to work on /Users/sravanisigadam/PycharmProjects/Airflow/venv/lib/python3.9/site-packages/airflow/example_dags/example_short_circuit_operator.py
[2021-11-18 19:02:15,941] {processor.py:625} INFO - Processing file /Users/sravanisigadam/PycharmProjects/Airflow/venv/lib/python3.9/site-packages/airflow/example_dags/example_short_circuit_operator.py for tasks to queue
[2021-11-18 19:02:15,941] {logging_mixin.py:109} INFO - [2021-11-18 19:02:15,941] {dagbag.py:500} INFO - Filling up the DagBag from /Users/sravanisigadam/PycharmProjects/Airflow/venv/lib/python3.9/site-packages/airflow/example_dags/example_short_circuit_operator.py
[2021-11-18 19:02:15,973] {processor.py:637} INFO - DAG(s) dict_keys(['example_short_circuit_operator']) retrieved from /Users/sravanisigadam/PycharmProjects/Airflow/venv/lib/python3.9/site-packages/airflow/example_dags/example_short_circuit_operator.py
[2021-11-18 19:02:15,984] {logging_mixin.py:109} INFO - [2021-11-18 19:02:15,984] {dag.py:2396} INFO - Sync 1 DAGs
[2021-11-18 19:02:15,990] {logging_mixin.py:109} INFO - [2021-11-18 19:02:15,990] {dag.py:2928} INFO - Setting next_dagrun for example_short_circuit_operator to 2021-11-18T03:02:15.990169+00:00
[2021-11-18 19:02:15,995] {processor.py:171} INFO - Processing /Users/sravanisigadam/PycharmProjects/Airflow/venv/lib/python3.9/site-packages/airflow/example_dags/example_short_circuit_operator.py took 0.055 seconds
[2021-11-18 19:03:33,759] {processor.py:163} INFO - Started process (PID=56696) to work on /Users/sravanisigadam/PycharmProjects/Airflow/venv/lib/python3.9/site-packages/airflow/example_dags/example_short_circuit_operator.py
[2021-11-18 19:03:33,760] {processor.py:625} INFO - Processing file /Users/sravanisigadam/PycharmProjects/Airflow/venv/lib/python3.9/site-packages/airflow/example_dags/example_short_circuit_operator.py for tasks to queue
[2021-11-18 19:03:33,760] {logging_mixin.py:109} INFO - [2021-11-18 19:03:33,760] {dagbag.py:500} INFO - Filling up the DagBag from /Users/sravanisigadam/PycharmProjects/Airflow/venv/lib/python3.9/site-packages/airflow/example_dags/example_short_circuit_operator.py
[2021-11-18 19:03:33,794] {processor.py:637} INFO - DAG(s) dict_keys(['example_short_circuit_operator']) retrieved from /Users/sravanisigadam/PycharmProjects/Airflow/venv/lib/python3.9/site-packages/airflow/example_dags/example_short_circuit_operator.py
[2021-11-18 19:03:33,804] {logging_mixin.py:109} INFO - [2021-11-18 19:03:33,804] {dag.py:2396} INFO - Sync 1 DAGs
[2021-11-18 19:03:33,810] {logging_mixin.py:109} INFO - [2021-11-18 19:03:33,810] {dag.py:2928} INFO - Setting next_dagrun for example_short_circuit_operator to 2021-11-18T03:03:33.810430+00:00
[2021-11-18 19:03:33,815] {processor.py:171} INFO - Processing /Users/sravanisigadam/PycharmProjects/Airflow/venv/lib/python3.9/site-packages/airflow/example_dags/example_short_circuit_operator.py took 0.056 seconds
[2021-11-18 19:04:52,769] {processor.py:163} INFO - Started process (PID=56746) to work on /Users/sravanisigadam/PycharmProjects/Airflow/venv/lib/python3.9/site-packages/airflow/example_dags/example_short_circuit_operator.py
[2021-11-18 19:04:52,769] {processor.py:625} INFO - Processing file /Users/sravanisigadam/PycharmProjects/Airflow/venv/lib/python3.9/site-packages/airflow/example_dags/example_short_circuit_operator.py for tasks to queue
[2021-11-18 19:04:52,769] {logging_mixin.py:109} INFO - [2021-11-18 19:04:52,769] {dagbag.py:500} INFO - Filling up the DagBag from /Users/sravanisigadam/PycharmProjects/Airflow/venv/lib/python3.9/site-packages/airflow/example_dags/example_short_circuit_operator.py
[2021-11-18 19:04:52,802] {processor.py:637} INFO - DAG(s) dict_keys(['example_short_circuit_operator']) retrieved from /Users/sravanisigadam/PycharmProjects/Airflow/venv/lib/python3.9/site-packages/airflow/example_dags/example_short_circuit_operator.py
[2021-11-18 19:04:52,812] {logging_mixin.py:109} INFO - [2021-11-18 19:04:52,812] {dag.py:2396} INFO - Sync 1 DAGs
[2021-11-18 19:04:52,818] {logging_mixin.py:109} INFO - [2021-11-18 19:04:52,818] {dag.py:2928} INFO - Setting next_dagrun for example_short_circuit_operator to 2021-11-18T03:04:52.818265+00:00
[2021-11-18 19:04:52,823] {processor.py:171} INFO - Processing /Users/sravanisigadam/PycharmProjects/Airflow/venv/lib/python3.9/site-packages/airflow/example_dags/example_short_circuit_operator.py took 0.054 seconds
[2021-11-18 19:06:11,392] {processor.py:163} INFO - Started process (PID=56816) to work on /Users/sravanisigadam/PycharmProjects/Airflow/venv/lib/python3.9/site-packages/airflow/example_dags/example_short_circuit_operator.py
[2021-11-18 19:06:11,392] {processor.py:625} INFO - Processing file /Users/sravanisigadam/PycharmProjects/Airflow/venv/lib/python3.9/site-packages/airflow/example_dags/example_short_circuit_operator.py for tasks to queue
[2021-11-18 19:06:11,393] {logging_mixin.py:109} INFO - [2021-11-18 19:06:11,393] {dagbag.py:500} INFO - Filling up the DagBag from /Users/sravanisigadam/PycharmProjects/Airflow/venv/lib/python3.9/site-packages/airflow/example_dags/example_short_circuit_operator.py
[2021-11-18 19:06:11,447] {processor.py:637} INFO - DAG(s) dict_keys(['example_short_circuit_operator']) retrieved from /Users/sravanisigadam/PycharmProjects/Airflow/venv/lib/python3.9/site-packages/airflow/example_dags/example_short_circuit_operator.py
[2021-11-18 19:06:11,459] {logging_mixin.py:109} INFO - [2021-11-18 19:06:11,459] {dag.py:2396} INFO - Sync 1 DAGs
[2021-11-18 19:06:11,465] {logging_mixin.py:109} INFO - [2021-11-18 19:06:11,465] {dag.py:2928} INFO - Setting next_dagrun for example_short_circuit_operator to 2021-11-18T03:06:11.465753+00:00
[2021-11-18 19:06:11,471] {processor.py:171} INFO - Processing /Users/sravanisigadam/PycharmProjects/Airflow/venv/lib/python3.9/site-packages/airflow/example_dags/example_short_circuit_operator.py took 0.079 seconds
[2021-11-18 19:07:30,640] {processor.py:163} INFO - Started process (PID=56878) to work on /Users/sravanisigadam/PycharmProjects/Airflow/venv/lib/python3.9/site-packages/airflow/example_dags/example_short_circuit_operator.py
[2021-11-18 19:07:30,641] {processor.py:625} INFO - Processing file /Users/sravanisigadam/PycharmProjects/Airflow/venv/lib/python3.9/site-packages/airflow/example_dags/example_short_circuit_operator.py for tasks to queue
[2021-11-18 19:07:30,641] {logging_mixin.py:109} INFO - [2021-11-18 19:07:30,641] {dagbag.py:500} INFO - Filling up the DagBag from /Users/sravanisigadam/PycharmProjects/Airflow/venv/lib/python3.9/site-packages/airflow/example_dags/example_short_circuit_operator.py
[2021-11-18 19:07:30,678] {processor.py:637} INFO - DAG(s) dict_keys(['example_short_circuit_operator']) retrieved from /Users/sravanisigadam/PycharmProjects/Airflow/venv/lib/python3.9/site-packages/airflow/example_dags/example_short_circuit_operator.py
[2021-11-18 19:07:30,693] {logging_mixin.py:109} INFO - [2021-11-18 19:07:30,693] {dag.py:2396} INFO - Sync 1 DAGs
[2021-11-18 19:07:30,702] {logging_mixin.py:109} INFO - [2021-11-18 19:07:30,702] {dag.py:2928} INFO - Setting next_dagrun for example_short_circuit_operator to 2021-11-18T03:07:30.702290+00:00
[2021-11-18 19:07:30,714] {processor.py:171} INFO - Processing /Users/sravanisigadam/PycharmProjects/Airflow/venv/lib/python3.9/site-packages/airflow/example_dags/example_short_circuit_operator.py took 0.074 seconds
[2021-11-18 19:08:49,097] {processor.py:163} INFO - Started process (PID=56940) to work on /Users/sravanisigadam/PycharmProjects/Airflow/venv/lib/python3.9/site-packages/airflow/example_dags/example_short_circuit_operator.py
[2021-11-18 19:08:49,097] {processor.py:625} INFO - Processing file /Users/sravanisigadam/PycharmProjects/Airflow/venv/lib/python3.9/site-packages/airflow/example_dags/example_short_circuit_operator.py for tasks to queue
[2021-11-18 19:08:49,097] {logging_mixin.py:109} INFO - [2021-11-18 19:08:49,097] {dagbag.py:500} INFO - Filling up the DagBag from /Users/sravanisigadam/PycharmProjects/Airflow/venv/lib/python3.9/site-packages/airflow/example_dags/example_short_circuit_operator.py
[2021-11-18 19:08:49,131] {processor.py:637} INFO - DAG(s) dict_keys(['example_short_circuit_operator']) retrieved from /Users/sravanisigadam/PycharmProjects/Airflow/venv/lib/python3.9/site-packages/airflow/example_dags/example_short_circuit_operator.py
[2021-11-18 19:08:49,142] {logging_mixin.py:109} INFO - [2021-11-18 19:08:49,142] {dag.py:2396} INFO - Sync 1 DAGs
[2021-11-18 19:08:49,148] {logging_mixin.py:109} INFO - [2021-11-18 19:08:49,148] {dag.py:2928} INFO - Setting next_dagrun for example_short_circuit_operator to 2021-11-18T03:08:49.148183+00:00
[2021-11-18 19:08:49,154] {processor.py:171} INFO - Processing /Users/sravanisigadam/PycharmProjects/Airflow/venv/lib/python3.9/site-packages/airflow/example_dags/example_short_circuit_operator.py took 0.057 seconds
[2021-11-18 19:10:07,329] {processor.py:163} INFO - Started process (PID=56985) to work on /Users/sravanisigadam/PycharmProjects/Airflow/venv/lib/python3.9/site-packages/airflow/example_dags/example_short_circuit_operator.py
[2021-11-18 19:10:07,329] {processor.py:625} INFO - Processing file /Users/sravanisigadam/PycharmProjects/Airflow/venv/lib/python3.9/site-packages/airflow/example_dags/example_short_circuit_operator.py for tasks to queue
[2021-11-18 19:10:07,330] {logging_mixin.py:109} INFO - [2021-11-18 19:10:07,330] {dagbag.py:500} INFO - Filling up the DagBag from /Users/sravanisigadam/PycharmProjects/Airflow/venv/lib/python3.9/site-packages/airflow/example_dags/example_short_circuit_operator.py
[2021-11-18 19:10:07,363] {processor.py:637} INFO - DAG(s) dict_keys(['example_short_circuit_operator']) retrieved from /Users/sravanisigadam/PycharmProjects/Airflow/venv/lib/python3.9/site-packages/airflow/example_dags/example_short_circuit_operator.py
[2021-11-18 19:10:07,374] {logging_mixin.py:109} INFO - [2021-11-18 19:10:07,374] {dag.py:2396} INFO - Sync 1 DAGs
[2021-11-18 19:10:07,380] {logging_mixin.py:109} INFO - [2021-11-18 19:10:07,380] {dag.py:2928} INFO - Setting next_dagrun for example_short_circuit_operator to 2021-11-18T03:10:07.380285+00:00
[2021-11-18 19:10:07,385] {processor.py:171} INFO - Processing /Users/sravanisigadam/PycharmProjects/Airflow/venv/lib/python3.9/site-packages/airflow/example_dags/example_short_circuit_operator.py took 0.056 seconds
[2021-11-18 19:11:27,608] {processor.py:163} INFO - Started process (PID=57032) to work on /Users/sravanisigadam/PycharmProjects/Airflow/venv/lib/python3.9/site-packages/airflow/example_dags/example_short_circuit_operator.py
[2021-11-18 19:11:27,609] {processor.py:625} INFO - Processing file /Users/sravanisigadam/PycharmProjects/Airflow/venv/lib/python3.9/site-packages/airflow/example_dags/example_short_circuit_operator.py for tasks to queue
[2021-11-18 19:11:27,609] {logging_mixin.py:109} INFO - [2021-11-18 19:11:27,609] {dagbag.py:500} INFO - Filling up the DagBag from /Users/sravanisigadam/PycharmProjects/Airflow/venv/lib/python3.9/site-packages/airflow/example_dags/example_short_circuit_operator.py
[2021-11-18 19:11:27,640] {processor.py:637} INFO - DAG(s) dict_keys(['example_short_circuit_operator']) retrieved from /Users/sravanisigadam/PycharmProjects/Airflow/venv/lib/python3.9/site-packages/airflow/example_dags/example_short_circuit_operator.py
[2021-11-18 19:11:27,651] {logging_mixin.py:109} INFO - [2021-11-18 19:11:27,651] {dag.py:2396} INFO - Sync 1 DAGs
[2021-11-18 19:11:27,657] {logging_mixin.py:109} INFO - [2021-11-18 19:11:27,656] {dag.py:2928} INFO - Setting next_dagrun for example_short_circuit_operator to 2021-11-18T03:11:27.656811+00:00
[2021-11-18 19:11:27,661] {processor.py:171} INFO - Processing /Users/sravanisigadam/PycharmProjects/Airflow/venv/lib/python3.9/site-packages/airflow/example_dags/example_short_circuit_operator.py took 0.054 seconds
[2021-11-18 19:12:48,926] {processor.py:163} INFO - Started process (PID=57075) to work on /Users/sravanisigadam/PycharmProjects/Airflow/venv/lib/python3.9/site-packages/airflow/example_dags/example_short_circuit_operator.py
[2021-11-18 19:12:48,927] {processor.py:625} INFO - Processing file /Users/sravanisigadam/PycharmProjects/Airflow/venv/lib/python3.9/site-packages/airflow/example_dags/example_short_circuit_operator.py for tasks to queue
[2021-11-18 19:12:48,928] {logging_mixin.py:109} INFO - [2021-11-18 19:12:48,928] {dagbag.py:500} INFO - Filling up the DagBag from /Users/sravanisigadam/PycharmProjects/Airflow/venv/lib/python3.9/site-packages/airflow/example_dags/example_short_circuit_operator.py
[2021-11-18 19:12:48,960] {processor.py:637} INFO - DAG(s) dict_keys(['example_short_circuit_operator']) retrieved from /Users/sravanisigadam/PycharmProjects/Airflow/venv/lib/python3.9/site-packages/airflow/example_dags/example_short_circuit_operator.py
[2021-11-18 19:12:48,971] {logging_mixin.py:109} INFO - [2021-11-18 19:12:48,971] {dag.py:2396} INFO - Sync 1 DAGs
[2021-11-18 19:12:48,977] {logging_mixin.py:109} INFO - [2021-11-18 19:12:48,977] {dag.py:2928} INFO - Setting next_dagrun for example_short_circuit_operator to 2021-11-18T03:12:48.977616+00:00
[2021-11-18 19:12:48,982] {processor.py:171} INFO - Processing /Users/sravanisigadam/PycharmProjects/Airflow/venv/lib/python3.9/site-packages/airflow/example_dags/example_short_circuit_operator.py took 0.056 seconds
[2021-11-18 19:14:12,688] {processor.py:163} INFO - Started process (PID=57153) to work on /Users/sravanisigadam/PycharmProjects/Airflow/venv/lib/python3.9/site-packages/airflow/example_dags/example_short_circuit_operator.py
[2021-11-18 19:14:12,688] {processor.py:625} INFO - Processing file /Users/sravanisigadam/PycharmProjects/Airflow/venv/lib/python3.9/site-packages/airflow/example_dags/example_short_circuit_operator.py for tasks to queue
[2021-11-18 19:14:12,688] {logging_mixin.py:109} INFO - [2021-11-18 19:14:12,688] {dagbag.py:500} INFO - Filling up the DagBag from /Users/sravanisigadam/PycharmProjects/Airflow/venv/lib/python3.9/site-packages/airflow/example_dags/example_short_circuit_operator.py
[2021-11-18 19:14:12,723] {processor.py:637} INFO - DAG(s) dict_keys(['example_short_circuit_operator']) retrieved from /Users/sravanisigadam/PycharmProjects/Airflow/venv/lib/python3.9/site-packages/airflow/example_dags/example_short_circuit_operator.py
[2021-11-18 19:14:12,734] {logging_mixin.py:109} INFO - [2021-11-18 19:14:12,734] {dag.py:2396} INFO - Sync 1 DAGs
[2021-11-18 19:14:12,740] {logging_mixin.py:109} INFO - [2021-11-18 19:14:12,740] {dag.py:2928} INFO - Setting next_dagrun for example_short_circuit_operator to 2021-11-18T03:14:12.740282+00:00
[2021-11-18 19:14:12,745] {processor.py:171} INFO - Processing /Users/sravanisigadam/PycharmProjects/Airflow/venv/lib/python3.9/site-packages/airflow/example_dags/example_short_circuit_operator.py took 0.057 seconds
[2021-11-18 19:15:30,872] {processor.py:163} INFO - Started process (PID=57210) to work on /Users/sravanisigadam/PycharmProjects/Airflow/venv/lib/python3.9/site-packages/airflow/example_dags/example_short_circuit_operator.py
[2021-11-18 19:15:30,872] {processor.py:625} INFO - Processing file /Users/sravanisigadam/PycharmProjects/Airflow/venv/lib/python3.9/site-packages/airflow/example_dags/example_short_circuit_operator.py for tasks to queue
[2021-11-18 19:15:30,874] {logging_mixin.py:109} INFO - [2021-11-18 19:15:30,874] {dagbag.py:500} INFO - Filling up the DagBag from /Users/sravanisigadam/PycharmProjects/Airflow/venv/lib/python3.9/site-packages/airflow/example_dags/example_short_circuit_operator.py
[2021-11-18 19:15:30,906] {processor.py:637} INFO - DAG(s) dict_keys(['example_short_circuit_operator']) retrieved from /Users/sravanisigadam/PycharmProjects/Airflow/venv/lib/python3.9/site-packages/airflow/example_dags/example_short_circuit_operator.py
[2021-11-18 19:15:30,917] {logging_mixin.py:109} INFO - [2021-11-18 19:15:30,917] {dag.py:2396} INFO - Sync 1 DAGs
[2021-11-18 19:15:30,923] {logging_mixin.py:109} INFO - [2021-11-18 19:15:30,923] {dag.py:2928} INFO - Setting next_dagrun for example_short_circuit_operator to 2021-11-18T03:15:30.923342+00:00
[2021-11-18 19:15:30,928] {processor.py:171} INFO - Processing /Users/sravanisigadam/PycharmProjects/Airflow/venv/lib/python3.9/site-packages/airflow/example_dags/example_short_circuit_operator.py took 0.056 seconds
