[2021-11-18 18:24:51,009] {processor.py:163} INFO - Started process (PID=55617) to work on /Users/sravanisigadam/PycharmProjects/Airflow/venv/lib/python3.9/site-packages/airflow/example_dags/example_bash_operator.py
[2021-11-18 18:24:51,010] {processor.py:625} INFO - Processing file /Users/sravanisigadam/PycharmProjects/Airflow/venv/lib/python3.9/site-packages/airflow/example_dags/example_bash_operator.py for tasks to queue
[2021-11-18 18:24:51,010] {logging_mixin.py:109} INFO - [2021-11-18 18:24:51,010] {dagbag.py:500} INFO - Filling up the DagBag from /Users/sravanisigadam/PycharmProjects/Airflow/venv/lib/python3.9/site-packages/airflow/example_dags/example_bash_operator.py
[2021-11-18 18:24:51,037] {processor.py:637} INFO - DAG(s) dict_keys(['example_bash_operator']) retrieved from /Users/sravanisigadam/PycharmProjects/Airflow/venv/lib/python3.9/site-packages/airflow/example_dags/example_bash_operator.py
[2021-11-18 18:24:51,051] {logging_mixin.py:109} INFO - [2021-11-18 18:24:51,051] {dag.py:2396} INFO - Sync 1 DAGs
[2021-11-18 18:24:51,057] {logging_mixin.py:109} INFO - [2021-11-18 18:24:51,057] {dag.py:2928} INFO - Setting next_dagrun for example_bash_operator to 2021-11-18 00:00:00+00:00
[2021-11-18 18:24:51,063] {processor.py:171} INFO - Processing /Users/sravanisigadam/PycharmProjects/Airflow/venv/lib/python3.9/site-packages/airflow/example_dags/example_bash_operator.py took 0.054 seconds
[2021-11-18 18:26:09,629] {processor.py:163} INFO - Started process (PID=55763) to work on /Users/sravanisigadam/PycharmProjects/Airflow/venv/lib/python3.9/site-packages/airflow/example_dags/example_bash_operator.py
[2021-11-18 18:26:09,630] {processor.py:625} INFO - Processing file /Users/sravanisigadam/PycharmProjects/Airflow/venv/lib/python3.9/site-packages/airflow/example_dags/example_bash_operator.py for tasks to queue
[2021-11-18 18:26:09,630] {logging_mixin.py:109} INFO - [2021-11-18 18:26:09,630] {dagbag.py:500} INFO - Filling up the DagBag from /Users/sravanisigadam/PycharmProjects/Airflow/venv/lib/python3.9/site-packages/airflow/example_dags/example_bash_operator.py
[2021-11-18 18:26:09,657] {processor.py:637} INFO - DAG(s) dict_keys(['example_bash_operator']) retrieved from /Users/sravanisigadam/PycharmProjects/Airflow/venv/lib/python3.9/site-packages/airflow/example_dags/example_bash_operator.py
[2021-11-18 18:26:09,669] {logging_mixin.py:109} INFO - [2021-11-18 18:26:09,669] {dag.py:2396} INFO - Sync 1 DAGs
[2021-11-18 18:26:09,676] {logging_mixin.py:109} INFO - [2021-11-18 18:26:09,676] {dag.py:2928} INFO - Setting next_dagrun for example_bash_operator to 2021-11-18 00:00:00+00:00
[2021-11-18 18:26:09,681] {processor.py:171} INFO - Processing /Users/sravanisigadam/PycharmProjects/Airflow/venv/lib/python3.9/site-packages/airflow/example_dags/example_bash_operator.py took 0.052 seconds
[2021-11-18 18:27:29,963] {processor.py:163} INFO - Started process (PID=55835) to work on /Users/sravanisigadam/PycharmProjects/Airflow/venv/lib/python3.9/site-packages/airflow/example_dags/example_bash_operator.py
[2021-11-18 18:27:29,964] {processor.py:625} INFO - Processing file /Users/sravanisigadam/PycharmProjects/Airflow/venv/lib/python3.9/site-packages/airflow/example_dags/example_bash_operator.py for tasks to queue
[2021-11-18 18:27:29,964] {logging_mixin.py:109} INFO - [2021-11-18 18:27:29,964] {dagbag.py:500} INFO - Filling up the DagBag from /Users/sravanisigadam/PycharmProjects/Airflow/venv/lib/python3.9/site-packages/airflow/example_dags/example_bash_operator.py
[2021-11-18 18:27:29,991] {processor.py:637} INFO - DAG(s) dict_keys(['example_bash_operator']) retrieved from /Users/sravanisigadam/PycharmProjects/Airflow/venv/lib/python3.9/site-packages/airflow/example_dags/example_bash_operator.py
[2021-11-18 18:27:30,003] {logging_mixin.py:109} INFO - [2021-11-18 18:27:30,003] {dag.py:2396} INFO - Sync 1 DAGs
[2021-11-18 18:27:30,009] {logging_mixin.py:109} INFO - [2021-11-18 18:27:30,009] {dag.py:2928} INFO - Setting next_dagrun for example_bash_operator to 2021-11-18 00:00:00+00:00
[2021-11-18 18:27:30,014] {processor.py:171} INFO - Processing /Users/sravanisigadam/PycharmProjects/Airflow/venv/lib/python3.9/site-packages/airflow/example_dags/example_bash_operator.py took 0.051 seconds
[2021-11-18 18:28:50,189] {processor.py:163} INFO - Started process (PID=55901) to work on /Users/sravanisigadam/PycharmProjects/Airflow/venv/lib/python3.9/site-packages/airflow/example_dags/example_bash_operator.py
[2021-11-18 18:28:50,190] {processor.py:625} INFO - Processing file /Users/sravanisigadam/PycharmProjects/Airflow/venv/lib/python3.9/site-packages/airflow/example_dags/example_bash_operator.py for tasks to queue
[2021-11-18 18:28:50,190] {logging_mixin.py:109} INFO - [2021-11-18 18:28:50,190] {dagbag.py:500} INFO - Filling up the DagBag from /Users/sravanisigadam/PycharmProjects/Airflow/venv/lib/python3.9/site-packages/airflow/example_dags/example_bash_operator.py
[2021-11-18 18:28:50,215] {processor.py:637} INFO - DAG(s) dict_keys(['example_bash_operator']) retrieved from /Users/sravanisigadam/PycharmProjects/Airflow/venv/lib/python3.9/site-packages/airflow/example_dags/example_bash_operator.py
[2021-11-18 18:28:50,226] {logging_mixin.py:109} INFO - [2021-11-18 18:28:50,226] {dag.py:2396} INFO - Sync 1 DAGs
[2021-11-18 18:28:50,232] {logging_mixin.py:109} INFO - [2021-11-18 18:28:50,232] {dag.py:2928} INFO - Setting next_dagrun for example_bash_operator to 2021-11-18 00:00:00+00:00
[2021-11-18 18:28:50,237] {processor.py:171} INFO - Processing /Users/sravanisigadam/PycharmProjects/Airflow/venv/lib/python3.9/site-packages/airflow/example_dags/example_bash_operator.py took 0.048 seconds
[2021-11-18 18:30:10,257] {processor.py:163} INFO - Started process (PID=55941) to work on /Users/sravanisigadam/PycharmProjects/Airflow/venv/lib/python3.9/site-packages/airflow/example_dags/example_bash_operator.py
[2021-11-18 18:30:10,257] {processor.py:625} INFO - Processing file /Users/sravanisigadam/PycharmProjects/Airflow/venv/lib/python3.9/site-packages/airflow/example_dags/example_bash_operator.py for tasks to queue
[2021-11-18 18:30:10,257] {logging_mixin.py:109} INFO - [2021-11-18 18:30:10,257] {dagbag.py:500} INFO - Filling up the DagBag from /Users/sravanisigadam/PycharmProjects/Airflow/venv/lib/python3.9/site-packages/airflow/example_dags/example_bash_operator.py
[2021-11-18 18:30:10,282] {processor.py:637} INFO - DAG(s) dict_keys(['example_bash_operator']) retrieved from /Users/sravanisigadam/PycharmProjects/Airflow/venv/lib/python3.9/site-packages/airflow/example_dags/example_bash_operator.py
[2021-11-18 18:30:10,293] {logging_mixin.py:109} INFO - [2021-11-18 18:30:10,293] {dag.py:2396} INFO - Sync 1 DAGs
[2021-11-18 18:30:10,299] {logging_mixin.py:109} INFO - [2021-11-18 18:30:10,299] {dag.py:2928} INFO - Setting next_dagrun for example_bash_operator to 2021-11-18 00:00:00+00:00
[2021-11-18 18:30:10,304] {processor.py:171} INFO - Processing /Users/sravanisigadam/PycharmProjects/Airflow/venv/lib/python3.9/site-packages/airflow/example_dags/example_bash_operator.py took 0.047 seconds
[2021-11-18 18:31:30,382] {processor.py:163} INFO - Started process (PID=55981) to work on /Users/sravanisigadam/PycharmProjects/Airflow/venv/lib/python3.9/site-packages/airflow/example_dags/example_bash_operator.py
[2021-11-18 18:31:30,383] {processor.py:625} INFO - Processing file /Users/sravanisigadam/PycharmProjects/Airflow/venv/lib/python3.9/site-packages/airflow/example_dags/example_bash_operator.py for tasks to queue
[2021-11-18 18:31:30,383] {logging_mixin.py:109} INFO - [2021-11-18 18:31:30,383] {dagbag.py:500} INFO - Filling up the DagBag from /Users/sravanisigadam/PycharmProjects/Airflow/venv/lib/python3.9/site-packages/airflow/example_dags/example_bash_operator.py
[2021-11-18 18:31:30,408] {processor.py:637} INFO - DAG(s) dict_keys(['example_bash_operator']) retrieved from /Users/sravanisigadam/PycharmProjects/Airflow/venv/lib/python3.9/site-packages/airflow/example_dags/example_bash_operator.py
[2021-11-18 18:31:30,419] {logging_mixin.py:109} INFO - [2021-11-18 18:31:30,419] {dag.py:2396} INFO - Sync 1 DAGs
[2021-11-18 18:31:30,425] {logging_mixin.py:109} INFO - [2021-11-18 18:31:30,424] {dag.py:2928} INFO - Setting next_dagrun for example_bash_operator to 2021-11-18 00:00:00+00:00
[2021-11-18 18:31:30,430] {processor.py:171} INFO - Processing /Users/sravanisigadam/PycharmProjects/Airflow/venv/lib/python3.9/site-packages/airflow/example_dags/example_bash_operator.py took 0.047 seconds
[2021-11-18 18:32:50,472] {processor.py:163} INFO - Started process (PID=56028) to work on /Users/sravanisigadam/PycharmProjects/Airflow/venv/lib/python3.9/site-packages/airflow/example_dags/example_bash_operator.py
[2021-11-18 18:32:50,472] {processor.py:625} INFO - Processing file /Users/sravanisigadam/PycharmProjects/Airflow/venv/lib/python3.9/site-packages/airflow/example_dags/example_bash_operator.py for tasks to queue
[2021-11-18 18:32:50,472] {logging_mixin.py:109} INFO - [2021-11-18 18:32:50,472] {dagbag.py:500} INFO - Filling up the DagBag from /Users/sravanisigadam/PycharmProjects/Airflow/venv/lib/python3.9/site-packages/airflow/example_dags/example_bash_operator.py
[2021-11-18 18:32:50,497] {processor.py:637} INFO - DAG(s) dict_keys(['example_bash_operator']) retrieved from /Users/sravanisigadam/PycharmProjects/Airflow/venv/lib/python3.9/site-packages/airflow/example_dags/example_bash_operator.py
[2021-11-18 18:32:50,508] {logging_mixin.py:109} INFO - [2021-11-18 18:32:50,508] {dag.py:2396} INFO - Sync 1 DAGs
[2021-11-18 18:32:50,513] {logging_mixin.py:109} INFO - [2021-11-18 18:32:50,513] {dag.py:2928} INFO - Setting next_dagrun for example_bash_operator to 2021-11-18 00:00:00+00:00
[2021-11-18 18:32:50,518] {processor.py:171} INFO - Processing /Users/sravanisigadam/PycharmProjects/Airflow/venv/lib/python3.9/site-packages/airflow/example_dags/example_bash_operator.py took 0.046 seconds
[2021-11-18 18:45:57,356] {processor.py:163} INFO - Started process (PID=56089) to work on /Users/sravanisigadam/PycharmProjects/Airflow/venv/lib/python3.9/site-packages/airflow/example_dags/example_bash_operator.py
[2021-11-18 18:45:57,357] {processor.py:625} INFO - Processing file /Users/sravanisigadam/PycharmProjects/Airflow/venv/lib/python3.9/site-packages/airflow/example_dags/example_bash_operator.py for tasks to queue
[2021-11-18 18:45:57,357] {logging_mixin.py:109} INFO - [2021-11-18 18:45:57,357] {dagbag.py:500} INFO - Filling up the DagBag from /Users/sravanisigadam/PycharmProjects/Airflow/venv/lib/python3.9/site-packages/airflow/example_dags/example_bash_operator.py
[2021-11-18 18:45:57,383] {processor.py:637} INFO - DAG(s) dict_keys(['example_bash_operator']) retrieved from /Users/sravanisigadam/PycharmProjects/Airflow/venv/lib/python3.9/site-packages/airflow/example_dags/example_bash_operator.py
[2021-11-18 18:45:57,393] {logging_mixin.py:109} INFO - [2021-11-18 18:45:57,393] {dag.py:2396} INFO - Sync 1 DAGs
[2021-11-18 18:45:57,399] {logging_mixin.py:109} INFO - [2021-11-18 18:45:57,399] {dag.py:2928} INFO - Setting next_dagrun for example_bash_operator to 2021-11-18 00:00:00+00:00
[2021-11-18 18:45:57,403] {processor.py:171} INFO - Processing /Users/sravanisigadam/PycharmProjects/Airflow/venv/lib/python3.9/site-packages/airflow/example_dags/example_bash_operator.py took 0.048 seconds
[2021-11-18 18:47:27,685] {processor.py:163} INFO - Started process (PID=56150) to work on /Users/sravanisigadam/PycharmProjects/Airflow/venv/lib/python3.9/site-packages/airflow/example_dags/example_bash_operator.py
[2021-11-18 18:47:27,686] {processor.py:625} INFO - Processing file /Users/sravanisigadam/PycharmProjects/Airflow/venv/lib/python3.9/site-packages/airflow/example_dags/example_bash_operator.py for tasks to queue
[2021-11-18 18:47:27,686] {logging_mixin.py:109} INFO - [2021-11-18 18:47:27,686] {dagbag.py:500} INFO - Filling up the DagBag from /Users/sravanisigadam/PycharmProjects/Airflow/venv/lib/python3.9/site-packages/airflow/example_dags/example_bash_operator.py
[2021-11-18 18:47:27,711] {processor.py:637} INFO - DAG(s) dict_keys(['example_bash_operator']) retrieved from /Users/sravanisigadam/PycharmProjects/Airflow/venv/lib/python3.9/site-packages/airflow/example_dags/example_bash_operator.py
[2021-11-18 18:47:27,722] {logging_mixin.py:109} INFO - [2021-11-18 18:47:27,722] {dag.py:2396} INFO - Sync 1 DAGs
[2021-11-18 18:47:27,728] {logging_mixin.py:109} INFO - [2021-11-18 18:47:27,728] {dag.py:2928} INFO - Setting next_dagrun for example_bash_operator to 2021-11-18 00:00:00+00:00
[2021-11-18 18:47:27,733] {processor.py:171} INFO - Processing /Users/sravanisigadam/PycharmProjects/Airflow/venv/lib/python3.9/site-packages/airflow/example_dags/example_bash_operator.py took 0.049 seconds
[2021-11-18 18:48:46,277] {processor.py:163} INFO - Started process (PID=56206) to work on /Users/sravanisigadam/PycharmProjects/Airflow/venv/lib/python3.9/site-packages/airflow/example_dags/example_bash_operator.py
[2021-11-18 18:48:46,277] {processor.py:625} INFO - Processing file /Users/sravanisigadam/PycharmProjects/Airflow/venv/lib/python3.9/site-packages/airflow/example_dags/example_bash_operator.py for tasks to queue
[2021-11-18 18:48:46,278] {logging_mixin.py:109} INFO - [2021-11-18 18:48:46,278] {dagbag.py:500} INFO - Filling up the DagBag from /Users/sravanisigadam/PycharmProjects/Airflow/venv/lib/python3.9/site-packages/airflow/example_dags/example_bash_operator.py
[2021-11-18 18:48:46,303] {processor.py:637} INFO - DAG(s) dict_keys(['example_bash_operator']) retrieved from /Users/sravanisigadam/PycharmProjects/Airflow/venv/lib/python3.9/site-packages/airflow/example_dags/example_bash_operator.py
[2021-11-18 18:48:46,314] {logging_mixin.py:109} INFO - [2021-11-18 18:48:46,314] {dag.py:2396} INFO - Sync 1 DAGs
[2021-11-18 18:48:46,320] {logging_mixin.py:109} INFO - [2021-11-18 18:48:46,320] {dag.py:2928} INFO - Setting next_dagrun for example_bash_operator to 2021-11-18 00:00:00+00:00
[2021-11-18 18:48:46,324] {processor.py:171} INFO - Processing /Users/sravanisigadam/PycharmProjects/Airflow/venv/lib/python3.9/site-packages/airflow/example_dags/example_bash_operator.py took 0.048 seconds
[2021-11-18 18:50:09,051] {processor.py:163} INFO - Started process (PID=56254) to work on /Users/sravanisigadam/PycharmProjects/Airflow/venv/lib/python3.9/site-packages/airflow/example_dags/example_bash_operator.py
[2021-11-18 18:50:09,051] {processor.py:625} INFO - Processing file /Users/sravanisigadam/PycharmProjects/Airflow/venv/lib/python3.9/site-packages/airflow/example_dags/example_bash_operator.py for tasks to queue
[2021-11-18 18:50:09,051] {logging_mixin.py:109} INFO - [2021-11-18 18:50:09,051] {dagbag.py:500} INFO - Filling up the DagBag from /Users/sravanisigadam/PycharmProjects/Airflow/venv/lib/python3.9/site-packages/airflow/example_dags/example_bash_operator.py
[2021-11-18 18:50:09,075] {processor.py:637} INFO - DAG(s) dict_keys(['example_bash_operator']) retrieved from /Users/sravanisigadam/PycharmProjects/Airflow/venv/lib/python3.9/site-packages/airflow/example_dags/example_bash_operator.py
[2021-11-18 18:50:09,085] {logging_mixin.py:109} INFO - [2021-11-18 18:50:09,085] {dag.py:2396} INFO - Sync 1 DAGs
[2021-11-18 18:50:09,091] {logging_mixin.py:109} INFO - [2021-11-18 18:50:09,091] {dag.py:2928} INFO - Setting next_dagrun for example_bash_operator to 2021-11-18 00:00:00+00:00
[2021-11-18 18:50:09,096] {processor.py:171} INFO - Processing /Users/sravanisigadam/PycharmProjects/Airflow/venv/lib/python3.9/site-packages/airflow/example_dags/example_bash_operator.py took 0.045 seconds
[2021-11-18 18:51:25,162] {processor.py:163} INFO - Started process (PID=56293) to work on /Users/sravanisigadam/PycharmProjects/Airflow/venv/lib/python3.9/site-packages/airflow/example_dags/example_bash_operator.py
[2021-11-18 18:51:25,162] {processor.py:625} INFO - Processing file /Users/sravanisigadam/PycharmProjects/Airflow/venv/lib/python3.9/site-packages/airflow/example_dags/example_bash_operator.py for tasks to queue
[2021-11-18 18:51:25,163] {logging_mixin.py:109} INFO - [2021-11-18 18:51:25,163] {dagbag.py:500} INFO - Filling up the DagBag from /Users/sravanisigadam/PycharmProjects/Airflow/venv/lib/python3.9/site-packages/airflow/example_dags/example_bash_operator.py
[2021-11-18 18:51:25,187] {processor.py:637} INFO - DAG(s) dict_keys(['example_bash_operator']) retrieved from /Users/sravanisigadam/PycharmProjects/Airflow/venv/lib/python3.9/site-packages/airflow/example_dags/example_bash_operator.py
[2021-11-18 18:51:25,198] {logging_mixin.py:109} INFO - [2021-11-18 18:51:25,198] {dag.py:2396} INFO - Sync 1 DAGs
[2021-11-18 18:51:25,204] {logging_mixin.py:109} INFO - [2021-11-18 18:51:25,204] {dag.py:2928} INFO - Setting next_dagrun for example_bash_operator to 2021-11-18 00:00:00+00:00
[2021-11-18 18:51:25,209] {processor.py:171} INFO - Processing /Users/sravanisigadam/PycharmProjects/Airflow/venv/lib/python3.9/site-packages/airflow/example_dags/example_bash_operator.py took 0.047 seconds
[2021-11-18 18:52:42,884] {processor.py:163} INFO - Started process (PID=56336) to work on /Users/sravanisigadam/PycharmProjects/Airflow/venv/lib/python3.9/site-packages/airflow/example_dags/example_bash_operator.py
[2021-11-18 18:52:42,885] {processor.py:625} INFO - Processing file /Users/sravanisigadam/PycharmProjects/Airflow/venv/lib/python3.9/site-packages/airflow/example_dags/example_bash_operator.py for tasks to queue
[2021-11-18 18:52:42,885] {logging_mixin.py:109} INFO - [2021-11-18 18:52:42,885] {dagbag.py:500} INFO - Filling up the DagBag from /Users/sravanisigadam/PycharmProjects/Airflow/venv/lib/python3.9/site-packages/airflow/example_dags/example_bash_operator.py
[2021-11-18 18:52:42,912] {processor.py:637} INFO - DAG(s) dict_keys(['example_bash_operator']) retrieved from /Users/sravanisigadam/PycharmProjects/Airflow/venv/lib/python3.9/site-packages/airflow/example_dags/example_bash_operator.py
[2021-11-18 18:52:42,923] {logging_mixin.py:109} INFO - [2021-11-18 18:52:42,923] {dag.py:2396} INFO - Sync 1 DAGs
[2021-11-18 18:52:42,929] {logging_mixin.py:109} INFO - [2021-11-18 18:52:42,929] {dag.py:2928} INFO - Setting next_dagrun for example_bash_operator to 2021-11-18 00:00:00+00:00
[2021-11-18 18:52:42,934] {processor.py:171} INFO - Processing /Users/sravanisigadam/PycharmProjects/Airflow/venv/lib/python3.9/site-packages/airflow/example_dags/example_bash_operator.py took 0.051 seconds
[2021-11-18 18:54:00,525] {processor.py:163} INFO - Started process (PID=56376) to work on /Users/sravanisigadam/PycharmProjects/Airflow/venv/lib/python3.9/site-packages/airflow/example_dags/example_bash_operator.py
[2021-11-18 18:54:00,525] {processor.py:625} INFO - Processing file /Users/sravanisigadam/PycharmProjects/Airflow/venv/lib/python3.9/site-packages/airflow/example_dags/example_bash_operator.py for tasks to queue
[2021-11-18 18:54:00,525] {logging_mixin.py:109} INFO - [2021-11-18 18:54:00,525] {dagbag.py:500} INFO - Filling up the DagBag from /Users/sravanisigadam/PycharmProjects/Airflow/venv/lib/python3.9/site-packages/airflow/example_dags/example_bash_operator.py
[2021-11-18 18:54:00,550] {processor.py:637} INFO - DAG(s) dict_keys(['example_bash_operator']) retrieved from /Users/sravanisigadam/PycharmProjects/Airflow/venv/lib/python3.9/site-packages/airflow/example_dags/example_bash_operator.py
[2021-11-18 18:54:00,562] {logging_mixin.py:109} INFO - [2021-11-18 18:54:00,561] {dag.py:2396} INFO - Sync 1 DAGs
[2021-11-18 18:54:00,568] {logging_mixin.py:109} INFO - [2021-11-18 18:54:00,568] {dag.py:2928} INFO - Setting next_dagrun for example_bash_operator to 2021-11-18 00:00:00+00:00
[2021-11-18 18:54:00,574] {processor.py:171} INFO - Processing /Users/sravanisigadam/PycharmProjects/Airflow/venv/lib/python3.9/site-packages/airflow/example_dags/example_bash_operator.py took 0.049 seconds
[2021-11-18 18:55:18,362] {processor.py:163} INFO - Started process (PID=56416) to work on /Users/sravanisigadam/PycharmProjects/Airflow/venv/lib/python3.9/site-packages/airflow/example_dags/example_bash_operator.py
[2021-11-18 18:55:18,363] {processor.py:625} INFO - Processing file /Users/sravanisigadam/PycharmProjects/Airflow/venv/lib/python3.9/site-packages/airflow/example_dags/example_bash_operator.py for tasks to queue
[2021-11-18 18:55:18,363] {logging_mixin.py:109} INFO - [2021-11-18 18:55:18,363] {dagbag.py:500} INFO - Filling up the DagBag from /Users/sravanisigadam/PycharmProjects/Airflow/venv/lib/python3.9/site-packages/airflow/example_dags/example_bash_operator.py
[2021-11-18 18:55:18,391] {processor.py:637} INFO - DAG(s) dict_keys(['example_bash_operator']) retrieved from /Users/sravanisigadam/PycharmProjects/Airflow/venv/lib/python3.9/site-packages/airflow/example_dags/example_bash_operator.py
[2021-11-18 18:55:18,402] {logging_mixin.py:109} INFO - [2021-11-18 18:55:18,402] {dag.py:2396} INFO - Sync 1 DAGs
[2021-11-18 18:55:18,408] {logging_mixin.py:109} INFO - [2021-11-18 18:55:18,408] {dag.py:2928} INFO - Setting next_dagrun for example_bash_operator to 2021-11-18 00:00:00+00:00
[2021-11-18 18:55:18,412] {processor.py:171} INFO - Processing /Users/sravanisigadam/PycharmProjects/Airflow/venv/lib/python3.9/site-packages/airflow/example_dags/example_bash_operator.py took 0.050 seconds
[2021-11-18 18:56:37,214] {processor.py:163} INFO - Started process (PID=56461) to work on /Users/sravanisigadam/PycharmProjects/Airflow/venv/lib/python3.9/site-packages/airflow/example_dags/example_bash_operator.py
[2021-11-18 18:56:37,215] {processor.py:625} INFO - Processing file /Users/sravanisigadam/PycharmProjects/Airflow/venv/lib/python3.9/site-packages/airflow/example_dags/example_bash_operator.py for tasks to queue
[2021-11-18 18:56:37,215] {logging_mixin.py:109} INFO - [2021-11-18 18:56:37,215] {dagbag.py:500} INFO - Filling up the DagBag from /Users/sravanisigadam/PycharmProjects/Airflow/venv/lib/python3.9/site-packages/airflow/example_dags/example_bash_operator.py
[2021-11-18 18:56:37,241] {processor.py:637} INFO - DAG(s) dict_keys(['example_bash_operator']) retrieved from /Users/sravanisigadam/PycharmProjects/Airflow/venv/lib/python3.9/site-packages/airflow/example_dags/example_bash_operator.py
[2021-11-18 18:56:37,251] {logging_mixin.py:109} INFO - [2021-11-18 18:56:37,251] {dag.py:2396} INFO - Sync 1 DAGs
[2021-11-18 18:56:37,257] {logging_mixin.py:109} INFO - [2021-11-18 18:56:37,257] {dag.py:2928} INFO - Setting next_dagrun for example_bash_operator to 2021-11-18 00:00:00+00:00
[2021-11-18 18:56:37,261] {processor.py:171} INFO - Processing /Users/sravanisigadam/PycharmProjects/Airflow/venv/lib/python3.9/site-packages/airflow/example_dags/example_bash_operator.py took 0.047 seconds
[2021-11-18 18:57:55,231] {processor.py:163} INFO - Started process (PID=56500) to work on /Users/sravanisigadam/PycharmProjects/Airflow/venv/lib/python3.9/site-packages/airflow/example_dags/example_bash_operator.py
[2021-11-18 18:57:55,232] {processor.py:625} INFO - Processing file /Users/sravanisigadam/PycharmProjects/Airflow/venv/lib/python3.9/site-packages/airflow/example_dags/example_bash_operator.py for tasks to queue
[2021-11-18 18:57:55,232] {logging_mixin.py:109} INFO - [2021-11-18 18:57:55,232] {dagbag.py:500} INFO - Filling up the DagBag from /Users/sravanisigadam/PycharmProjects/Airflow/venv/lib/python3.9/site-packages/airflow/example_dags/example_bash_operator.py
[2021-11-18 18:57:55,257] {processor.py:637} INFO - DAG(s) dict_keys(['example_bash_operator']) retrieved from /Users/sravanisigadam/PycharmProjects/Airflow/venv/lib/python3.9/site-packages/airflow/example_dags/example_bash_operator.py
[2021-11-18 18:57:55,268] {logging_mixin.py:109} INFO - [2021-11-18 18:57:55,267] {dag.py:2396} INFO - Sync 1 DAGs
[2021-11-18 18:57:55,273] {logging_mixin.py:109} INFO - [2021-11-18 18:57:55,273] {dag.py:2928} INFO - Setting next_dagrun for example_bash_operator to 2021-11-18 00:00:00+00:00
[2021-11-18 18:57:55,278] {processor.py:171} INFO - Processing /Users/sravanisigadam/PycharmProjects/Airflow/venv/lib/python3.9/site-packages/airflow/example_dags/example_bash_operator.py took 0.047 seconds
[2021-11-18 18:59:13,068] {processor.py:163} INFO - Started process (PID=56548) to work on /Users/sravanisigadam/PycharmProjects/Airflow/venv/lib/python3.9/site-packages/airflow/example_dags/example_bash_operator.py
[2021-11-18 18:59:13,070] {processor.py:625} INFO - Processing file /Users/sravanisigadam/PycharmProjects/Airflow/venv/lib/python3.9/site-packages/airflow/example_dags/example_bash_operator.py for tasks to queue
[2021-11-18 18:59:13,070] {logging_mixin.py:109} INFO - [2021-11-18 18:59:13,070] {dagbag.py:500} INFO - Filling up the DagBag from /Users/sravanisigadam/PycharmProjects/Airflow/venv/lib/python3.9/site-packages/airflow/example_dags/example_bash_operator.py
[2021-11-18 18:59:13,097] {processor.py:637} INFO - DAG(s) dict_keys(['example_bash_operator']) retrieved from /Users/sravanisigadam/PycharmProjects/Airflow/venv/lib/python3.9/site-packages/airflow/example_dags/example_bash_operator.py
[2021-11-18 18:59:13,108] {logging_mixin.py:109} INFO - [2021-11-18 18:59:13,108] {dag.py:2396} INFO - Sync 1 DAGs
[2021-11-18 18:59:13,114] {logging_mixin.py:109} INFO - [2021-11-18 18:59:13,114] {dag.py:2928} INFO - Setting next_dagrun for example_bash_operator to 2021-11-18 00:00:00+00:00
[2021-11-18 18:59:13,118] {processor.py:171} INFO - Processing /Users/sravanisigadam/PycharmProjects/Airflow/venv/lib/python3.9/site-packages/airflow/example_dags/example_bash_operator.py took 0.051 seconds
[2021-11-18 19:00:34,420] {processor.py:163} INFO - Started process (PID=56595) to work on /Users/sravanisigadam/PycharmProjects/Airflow/venv/lib/python3.9/site-packages/airflow/example_dags/example_bash_operator.py
[2021-11-18 19:00:34,421] {processor.py:625} INFO - Processing file /Users/sravanisigadam/PycharmProjects/Airflow/venv/lib/python3.9/site-packages/airflow/example_dags/example_bash_operator.py for tasks to queue
[2021-11-18 19:00:34,421] {logging_mixin.py:109} INFO - [2021-11-18 19:00:34,421] {dagbag.py:500} INFO - Filling up the DagBag from /Users/sravanisigadam/PycharmProjects/Airflow/venv/lib/python3.9/site-packages/airflow/example_dags/example_bash_operator.py
[2021-11-18 19:00:34,445] {processor.py:637} INFO - DAG(s) dict_keys(['example_bash_operator']) retrieved from /Users/sravanisigadam/PycharmProjects/Airflow/venv/lib/python3.9/site-packages/airflow/example_dags/example_bash_operator.py
[2021-11-18 19:00:34,456] {logging_mixin.py:109} INFO - [2021-11-18 19:00:34,455] {dag.py:2396} INFO - Sync 1 DAGs
[2021-11-18 19:00:34,461] {logging_mixin.py:109} INFO - [2021-11-18 19:00:34,461] {dag.py:2928} INFO - Setting next_dagrun for example_bash_operator to 2021-11-18 00:00:00+00:00
[2021-11-18 19:00:34,466] {processor.py:171} INFO - Processing /Users/sravanisigadam/PycharmProjects/Airflow/venv/lib/python3.9/site-packages/airflow/example_dags/example_bash_operator.py took 0.046 seconds
[2021-11-18 19:01:51,939] {processor.py:163} INFO - Started process (PID=56639) to work on /Users/sravanisigadam/PycharmProjects/Airflow/venv/lib/python3.9/site-packages/airflow/example_dags/example_bash_operator.py
[2021-11-18 19:01:51,941] {processor.py:625} INFO - Processing file /Users/sravanisigadam/PycharmProjects/Airflow/venv/lib/python3.9/site-packages/airflow/example_dags/example_bash_operator.py for tasks to queue
[2021-11-18 19:01:51,941] {logging_mixin.py:109} INFO - [2021-11-18 19:01:51,941] {dagbag.py:500} INFO - Filling up the DagBag from /Users/sravanisigadam/PycharmProjects/Airflow/venv/lib/python3.9/site-packages/airflow/example_dags/example_bash_operator.py
[2021-11-18 19:01:51,965] {processor.py:637} INFO - DAG(s) dict_keys(['example_bash_operator']) retrieved from /Users/sravanisigadam/PycharmProjects/Airflow/venv/lib/python3.9/site-packages/airflow/example_dags/example_bash_operator.py
[2021-11-18 19:01:51,976] {logging_mixin.py:109} INFO - [2021-11-18 19:01:51,976] {dag.py:2396} INFO - Sync 1 DAGs
[2021-11-18 19:01:51,982] {logging_mixin.py:109} INFO - [2021-11-18 19:01:51,982] {dag.py:2928} INFO - Setting next_dagrun for example_bash_operator to 2021-11-18 00:00:00+00:00
[2021-11-18 19:01:51,987] {processor.py:171} INFO - Processing /Users/sravanisigadam/PycharmProjects/Airflow/venv/lib/python3.9/site-packages/airflow/example_dags/example_bash_operator.py took 0.047 seconds
[2021-11-18 19:03:10,003] {processor.py:163} INFO - Started process (PID=56682) to work on /Users/sravanisigadam/PycharmProjects/Airflow/venv/lib/python3.9/site-packages/airflow/example_dags/example_bash_operator.py
[2021-11-18 19:03:10,004] {processor.py:625} INFO - Processing file /Users/sravanisigadam/PycharmProjects/Airflow/venv/lib/python3.9/site-packages/airflow/example_dags/example_bash_operator.py for tasks to queue
[2021-11-18 19:03:10,004] {logging_mixin.py:109} INFO - [2021-11-18 19:03:10,004] {dagbag.py:500} INFO - Filling up the DagBag from /Users/sravanisigadam/PycharmProjects/Airflow/venv/lib/python3.9/site-packages/airflow/example_dags/example_bash_operator.py
[2021-11-18 19:03:10,029] {processor.py:637} INFO - DAG(s) dict_keys(['example_bash_operator']) retrieved from /Users/sravanisigadam/PycharmProjects/Airflow/venv/lib/python3.9/site-packages/airflow/example_dags/example_bash_operator.py
[2021-11-18 19:03:10,040] {logging_mixin.py:109} INFO - [2021-11-18 19:03:10,040] {dag.py:2396} INFO - Sync 1 DAGs
[2021-11-18 19:03:10,046] {logging_mixin.py:109} INFO - [2021-11-18 19:03:10,046] {dag.py:2928} INFO - Setting next_dagrun for example_bash_operator to 2021-11-18 00:00:00+00:00
[2021-11-18 19:03:10,050] {processor.py:171} INFO - Processing /Users/sravanisigadam/PycharmProjects/Airflow/venv/lib/python3.9/site-packages/airflow/example_dags/example_bash_operator.py took 0.048 seconds
[2021-11-18 19:04:28,053] {processor.py:163} INFO - Started process (PID=56728) to work on /Users/sravanisigadam/PycharmProjects/Airflow/venv/lib/python3.9/site-packages/airflow/example_dags/example_bash_operator.py
[2021-11-18 19:04:28,053] {processor.py:625} INFO - Processing file /Users/sravanisigadam/PycharmProjects/Airflow/venv/lib/python3.9/site-packages/airflow/example_dags/example_bash_operator.py for tasks to queue
[2021-11-18 19:04:28,054] {logging_mixin.py:109} INFO - [2021-11-18 19:04:28,054] {dagbag.py:500} INFO - Filling up the DagBag from /Users/sravanisigadam/PycharmProjects/Airflow/venv/lib/python3.9/site-packages/airflow/example_dags/example_bash_operator.py
[2021-11-18 19:04:28,079] {processor.py:637} INFO - DAG(s) dict_keys(['example_bash_operator']) retrieved from /Users/sravanisigadam/PycharmProjects/Airflow/venv/lib/python3.9/site-packages/airflow/example_dags/example_bash_operator.py
[2021-11-18 19:04:28,090] {logging_mixin.py:109} INFO - [2021-11-18 19:04:28,090] {dag.py:2396} INFO - Sync 1 DAGs
[2021-11-18 19:04:28,096] {logging_mixin.py:109} INFO - [2021-11-18 19:04:28,096] {dag.py:2928} INFO - Setting next_dagrun for example_bash_operator to 2021-11-18 00:00:00+00:00
[2021-11-18 19:04:28,101] {processor.py:171} INFO - Processing /Users/sravanisigadam/PycharmProjects/Airflow/venv/lib/python3.9/site-packages/airflow/example_dags/example_bash_operator.py took 0.048 seconds
[2021-11-18 19:05:46,476] {processor.py:163} INFO - Started process (PID=56794) to work on /Users/sravanisigadam/PycharmProjects/Airflow/venv/lib/python3.9/site-packages/airflow/example_dags/example_bash_operator.py
[2021-11-18 19:05:46,476] {processor.py:625} INFO - Processing file /Users/sravanisigadam/PycharmProjects/Airflow/venv/lib/python3.9/site-packages/airflow/example_dags/example_bash_operator.py for tasks to queue
[2021-11-18 19:05:46,476] {logging_mixin.py:109} INFO - [2021-11-18 19:05:46,476] {dagbag.py:500} INFO - Filling up the DagBag from /Users/sravanisigadam/PycharmProjects/Airflow/venv/lib/python3.9/site-packages/airflow/example_dags/example_bash_operator.py
[2021-11-18 19:05:46,503] {processor.py:637} INFO - DAG(s) dict_keys(['example_bash_operator']) retrieved from /Users/sravanisigadam/PycharmProjects/Airflow/venv/lib/python3.9/site-packages/airflow/example_dags/example_bash_operator.py
[2021-11-18 19:05:46,515] {logging_mixin.py:109} INFO - [2021-11-18 19:05:46,515] {dag.py:2396} INFO - Sync 1 DAGs
[2021-11-18 19:05:46,522] {logging_mixin.py:109} INFO - [2021-11-18 19:05:46,521] {dag.py:2928} INFO - Setting next_dagrun for example_bash_operator to 2021-11-18 00:00:00+00:00
[2021-11-18 19:05:46,527] {processor.py:171} INFO - Processing /Users/sravanisigadam/PycharmProjects/Airflow/venv/lib/python3.9/site-packages/airflow/example_dags/example_bash_operator.py took 0.051 seconds
[2021-11-18 19:07:05,762] {processor.py:163} INFO - Started process (PID=56850) to work on /Users/sravanisigadam/PycharmProjects/Airflow/venv/lib/python3.9/site-packages/airflow/example_dags/example_bash_operator.py
[2021-11-18 19:07:05,764] {processor.py:625} INFO - Processing file /Users/sravanisigadam/PycharmProjects/Airflow/venv/lib/python3.9/site-packages/airflow/example_dags/example_bash_operator.py for tasks to queue
[2021-11-18 19:07:05,764] {logging_mixin.py:109} INFO - [2021-11-18 19:07:05,764] {dagbag.py:500} INFO - Filling up the DagBag from /Users/sravanisigadam/PycharmProjects/Airflow/venv/lib/python3.9/site-packages/airflow/example_dags/example_bash_operator.py
[2021-11-18 19:07:05,788] {processor.py:637} INFO - DAG(s) dict_keys(['example_bash_operator']) retrieved from /Users/sravanisigadam/PycharmProjects/Airflow/venv/lib/python3.9/site-packages/airflow/example_dags/example_bash_operator.py
[2021-11-18 19:07:05,799] {logging_mixin.py:109} INFO - [2021-11-18 19:07:05,798] {dag.py:2396} INFO - Sync 1 DAGs
[2021-11-18 19:07:05,804] {logging_mixin.py:109} INFO - [2021-11-18 19:07:05,804] {dag.py:2928} INFO - Setting next_dagrun for example_bash_operator to 2021-11-18 00:00:00+00:00
[2021-11-18 19:07:05,809] {processor.py:171} INFO - Processing /Users/sravanisigadam/PycharmProjects/Airflow/venv/lib/python3.9/site-packages/airflow/example_dags/example_bash_operator.py took 0.047 seconds
[2021-11-18 19:08:23,792] {processor.py:163} INFO - Started process (PID=56924) to work on /Users/sravanisigadam/PycharmProjects/Airflow/venv/lib/python3.9/site-packages/airflow/example_dags/example_bash_operator.py
[2021-11-18 19:08:23,792] {processor.py:625} INFO - Processing file /Users/sravanisigadam/PycharmProjects/Airflow/venv/lib/python3.9/site-packages/airflow/example_dags/example_bash_operator.py for tasks to queue
[2021-11-18 19:08:23,793] {logging_mixin.py:109} INFO - [2021-11-18 19:08:23,793] {dagbag.py:500} INFO - Filling up the DagBag from /Users/sravanisigadam/PycharmProjects/Airflow/venv/lib/python3.9/site-packages/airflow/example_dags/example_bash_operator.py
[2021-11-18 19:08:23,817] {processor.py:637} INFO - DAG(s) dict_keys(['example_bash_operator']) retrieved from /Users/sravanisigadam/PycharmProjects/Airflow/venv/lib/python3.9/site-packages/airflow/example_dags/example_bash_operator.py
[2021-11-18 19:08:23,828] {logging_mixin.py:109} INFO - [2021-11-18 19:08:23,828] {dag.py:2396} INFO - Sync 1 DAGs
[2021-11-18 19:08:23,834] {logging_mixin.py:109} INFO - [2021-11-18 19:08:23,834] {dag.py:2928} INFO - Setting next_dagrun for example_bash_operator to 2021-11-18 00:00:00+00:00
[2021-11-18 19:08:23,839] {processor.py:171} INFO - Processing /Users/sravanisigadam/PycharmProjects/Airflow/venv/lib/python3.9/site-packages/airflow/example_dags/example_bash_operator.py took 0.047 seconds
[2021-11-18 19:09:41,769] {processor.py:163} INFO - Started process (PID=56970) to work on /Users/sravanisigadam/PycharmProjects/Airflow/venv/lib/python3.9/site-packages/airflow/example_dags/example_bash_operator.py
[2021-11-18 19:09:41,769] {processor.py:625} INFO - Processing file /Users/sravanisigadam/PycharmProjects/Airflow/venv/lib/python3.9/site-packages/airflow/example_dags/example_bash_operator.py for tasks to queue
[2021-11-18 19:09:41,770] {logging_mixin.py:109} INFO - [2021-11-18 19:09:41,769] {dagbag.py:500} INFO - Filling up the DagBag from /Users/sravanisigadam/PycharmProjects/Airflow/venv/lib/python3.9/site-packages/airflow/example_dags/example_bash_operator.py
[2021-11-18 19:09:41,799] {processor.py:637} INFO - DAG(s) dict_keys(['example_bash_operator']) retrieved from /Users/sravanisigadam/PycharmProjects/Airflow/venv/lib/python3.9/site-packages/airflow/example_dags/example_bash_operator.py
[2021-11-18 19:09:41,813] {logging_mixin.py:109} INFO - [2021-11-18 19:09:41,813] {dag.py:2396} INFO - Sync 1 DAGs
[2021-11-18 19:09:41,821] {logging_mixin.py:109} INFO - [2021-11-18 19:09:41,821] {dag.py:2928} INFO - Setting next_dagrun for example_bash_operator to 2021-11-18 00:00:00+00:00
[2021-11-18 19:09:41,827] {processor.py:171} INFO - Processing /Users/sravanisigadam/PycharmProjects/Airflow/venv/lib/python3.9/site-packages/airflow/example_dags/example_bash_operator.py took 0.059 seconds
[2021-11-18 19:11:01,881] {processor.py:163} INFO - Started process (PID=57018) to work on /Users/sravanisigadam/PycharmProjects/Airflow/venv/lib/python3.9/site-packages/airflow/example_dags/example_bash_operator.py
[2021-11-18 19:11:01,882] {processor.py:625} INFO - Processing file /Users/sravanisigadam/PycharmProjects/Airflow/venv/lib/python3.9/site-packages/airflow/example_dags/example_bash_operator.py for tasks to queue
[2021-11-18 19:11:01,882] {logging_mixin.py:109} INFO - [2021-11-18 19:11:01,882] {dagbag.py:500} INFO - Filling up the DagBag from /Users/sravanisigadam/PycharmProjects/Airflow/venv/lib/python3.9/site-packages/airflow/example_dags/example_bash_operator.py
[2021-11-18 19:11:01,909] {processor.py:637} INFO - DAG(s) dict_keys(['example_bash_operator']) retrieved from /Users/sravanisigadam/PycharmProjects/Airflow/venv/lib/python3.9/site-packages/airflow/example_dags/example_bash_operator.py
[2021-11-18 19:11:01,921] {logging_mixin.py:109} INFO - [2021-11-18 19:11:01,921] {dag.py:2396} INFO - Sync 1 DAGs
[2021-11-18 19:11:01,927] {logging_mixin.py:109} INFO - [2021-11-18 19:11:01,927] {dag.py:2928} INFO - Setting next_dagrun for example_bash_operator to 2021-11-18 00:00:00+00:00
[2021-11-18 19:11:01,932] {processor.py:171} INFO - Processing /Users/sravanisigadam/PycharmProjects/Airflow/venv/lib/python3.9/site-packages/airflow/example_dags/example_bash_operator.py took 0.052 seconds
[2021-11-18 19:12:23,797] {processor.py:163} INFO - Started process (PID=57063) to work on /Users/sravanisigadam/PycharmProjects/Airflow/venv/lib/python3.9/site-packages/airflow/example_dags/example_bash_operator.py
[2021-11-18 19:12:23,797] {processor.py:625} INFO - Processing file /Users/sravanisigadam/PycharmProjects/Airflow/venv/lib/python3.9/site-packages/airflow/example_dags/example_bash_operator.py for tasks to queue
[2021-11-18 19:12:23,797] {logging_mixin.py:109} INFO - [2021-11-18 19:12:23,797] {dagbag.py:500} INFO - Filling up the DagBag from /Users/sravanisigadam/PycharmProjects/Airflow/venv/lib/python3.9/site-packages/airflow/example_dags/example_bash_operator.py
[2021-11-18 19:12:23,822] {processor.py:637} INFO - DAG(s) dict_keys(['example_bash_operator']) retrieved from /Users/sravanisigadam/PycharmProjects/Airflow/venv/lib/python3.9/site-packages/airflow/example_dags/example_bash_operator.py
[2021-11-18 19:12:23,832] {logging_mixin.py:109} INFO - [2021-11-18 19:12:23,832] {dag.py:2396} INFO - Sync 1 DAGs
[2021-11-18 19:12:23,838] {logging_mixin.py:109} INFO - [2021-11-18 19:12:23,838] {dag.py:2928} INFO - Setting next_dagrun for example_bash_operator to 2021-11-18 00:00:00+00:00
[2021-11-18 19:12:23,842] {processor.py:171} INFO - Processing /Users/sravanisigadam/PycharmProjects/Airflow/venv/lib/python3.9/site-packages/airflow/example_dags/example_bash_operator.py took 0.046 seconds
[2021-11-18 19:13:45,482] {processor.py:163} INFO - Started process (PID=57132) to work on /Users/sravanisigadam/PycharmProjects/Airflow/venv/lib/python3.9/site-packages/airflow/example_dags/example_bash_operator.py
[2021-11-18 19:13:45,483] {processor.py:625} INFO - Processing file /Users/sravanisigadam/PycharmProjects/Airflow/venv/lib/python3.9/site-packages/airflow/example_dags/example_bash_operator.py for tasks to queue
[2021-11-18 19:13:45,483] {logging_mixin.py:109} INFO - [2021-11-18 19:13:45,483] {dagbag.py:500} INFO - Filling up the DagBag from /Users/sravanisigadam/PycharmProjects/Airflow/venv/lib/python3.9/site-packages/airflow/example_dags/example_bash_operator.py
[2021-11-18 19:13:45,508] {processor.py:637} INFO - DAG(s) dict_keys(['example_bash_operator']) retrieved from /Users/sravanisigadam/PycharmProjects/Airflow/venv/lib/python3.9/site-packages/airflow/example_dags/example_bash_operator.py
[2021-11-18 19:13:45,519] {logging_mixin.py:109} INFO - [2021-11-18 19:13:45,518] {dag.py:2396} INFO - Sync 1 DAGs
[2021-11-18 19:13:45,524] {logging_mixin.py:109} INFO - [2021-11-18 19:13:45,524] {dag.py:2928} INFO - Setting next_dagrun for example_bash_operator to 2021-11-18 00:00:00+00:00
[2021-11-18 19:13:45,529] {processor.py:171} INFO - Processing /Users/sravanisigadam/PycharmProjects/Airflow/venv/lib/python3.9/site-packages/airflow/example_dags/example_bash_operator.py took 0.047 seconds
[2021-11-18 19:15:06,588] {processor.py:163} INFO - Started process (PID=57198) to work on /Users/sravanisigadam/PycharmProjects/Airflow/venv/lib/python3.9/site-packages/airflow/example_dags/example_bash_operator.py
[2021-11-18 19:15:06,588] {processor.py:625} INFO - Processing file /Users/sravanisigadam/PycharmProjects/Airflow/venv/lib/python3.9/site-packages/airflow/example_dags/example_bash_operator.py for tasks to queue
[2021-11-18 19:15:06,588] {logging_mixin.py:109} INFO - [2021-11-18 19:15:06,588] {dagbag.py:500} INFO - Filling up the DagBag from /Users/sravanisigadam/PycharmProjects/Airflow/venv/lib/python3.9/site-packages/airflow/example_dags/example_bash_operator.py
[2021-11-18 19:15:06,613] {processor.py:637} INFO - DAG(s) dict_keys(['example_bash_operator']) retrieved from /Users/sravanisigadam/PycharmProjects/Airflow/venv/lib/python3.9/site-packages/airflow/example_dags/example_bash_operator.py
[2021-11-18 19:15:06,624] {logging_mixin.py:109} INFO - [2021-11-18 19:15:06,624] {dag.py:2396} INFO - Sync 1 DAGs
[2021-11-18 19:15:06,630] {logging_mixin.py:109} INFO - [2021-11-18 19:15:06,630] {dag.py:2928} INFO - Setting next_dagrun for example_bash_operator to 2021-11-18 00:00:00+00:00
[2021-11-18 19:15:06,635] {processor.py:171} INFO - Processing /Users/sravanisigadam/PycharmProjects/Airflow/venv/lib/python3.9/site-packages/airflow/example_dags/example_bash_operator.py took 0.047 seconds
