[2021-11-18 18:24:24,679] {processor.py:163} INFO - Started process (PID=55601) to work on /Users/sravanisigadam/PycharmProjects/Airflow/venv/lib/python3.9/site-packages/airflow/example_dags/example_nested_branch_dag.py
[2021-11-18 18:24:24,679] {processor.py:625} INFO - Processing file /Users/sravanisigadam/PycharmProjects/Airflow/venv/lib/python3.9/site-packages/airflow/example_dags/example_nested_branch_dag.py for tasks to queue
[2021-11-18 18:24:24,679] {logging_mixin.py:109} INFO - [2021-11-18 18:24:24,679] {dagbag.py:500} INFO - Filling up the DagBag from /Users/sravanisigadam/PycharmProjects/Airflow/venv/lib/python3.9/site-packages/airflow/example_dags/example_nested_branch_dag.py
[2021-11-18 18:24:24,712] {processor.py:637} INFO - DAG(s) dict_keys(['example_nested_branch_dag']) retrieved from /Users/sravanisigadam/PycharmProjects/Airflow/venv/lib/python3.9/site-packages/airflow/example_dags/example_nested_branch_dag.py
[2021-11-18 18:24:24,723] {logging_mixin.py:109} INFO - [2021-11-18 18:24:24,723] {dag.py:2396} INFO - Sync 1 DAGs
[2021-11-18 18:24:24,729] {logging_mixin.py:109} INFO - [2021-11-18 18:24:24,729] {dag.py:2928} INFO - Setting next_dagrun for example_nested_branch_dag to 2021-11-18 00:00:00+00:00
[2021-11-18 18:24:24,734] {processor.py:171} INFO - Processing /Users/sravanisigadam/PycharmProjects/Airflow/venv/lib/python3.9/site-packages/airflow/example_dags/example_nested_branch_dag.py took 0.056 seconds
[2021-11-18 18:25:43,322] {processor.py:163} INFO - Started process (PID=55681) to work on /Users/sravanisigadam/PycharmProjects/Airflow/venv/lib/python3.9/site-packages/airflow/example_dags/example_nested_branch_dag.py
[2021-11-18 18:25:43,323] {processor.py:625} INFO - Processing file /Users/sravanisigadam/PycharmProjects/Airflow/venv/lib/python3.9/site-packages/airflow/example_dags/example_nested_branch_dag.py for tasks to queue
[2021-11-18 18:25:43,323] {logging_mixin.py:109} INFO - [2021-11-18 18:25:43,323] {dagbag.py:500} INFO - Filling up the DagBag from /Users/sravanisigadam/PycharmProjects/Airflow/venv/lib/python3.9/site-packages/airflow/example_dags/example_nested_branch_dag.py
[2021-11-18 18:25:43,359] {processor.py:637} INFO - DAG(s) dict_keys(['example_nested_branch_dag']) retrieved from /Users/sravanisigadam/PycharmProjects/Airflow/venv/lib/python3.9/site-packages/airflow/example_dags/example_nested_branch_dag.py
[2021-11-18 18:25:43,371] {logging_mixin.py:109} INFO - [2021-11-18 18:25:43,371] {dag.py:2396} INFO - Sync 1 DAGs
[2021-11-18 18:25:43,379] {logging_mixin.py:109} INFO - [2021-11-18 18:25:43,378] {dag.py:2928} INFO - Setting next_dagrun for example_nested_branch_dag to 2021-11-18 00:00:00+00:00
[2021-11-18 18:25:43,384] {processor.py:171} INFO - Processing /Users/sravanisigadam/PycharmProjects/Airflow/venv/lib/python3.9/site-packages/airflow/example_dags/example_nested_branch_dag.py took 0.062 seconds
[2021-11-18 18:27:03,773] {processor.py:163} INFO - Started process (PID=55814) to work on /Users/sravanisigadam/PycharmProjects/Airflow/venv/lib/python3.9/site-packages/airflow/example_dags/example_nested_branch_dag.py
[2021-11-18 18:27:03,773] {processor.py:625} INFO - Processing file /Users/sravanisigadam/PycharmProjects/Airflow/venv/lib/python3.9/site-packages/airflow/example_dags/example_nested_branch_dag.py for tasks to queue
[2021-11-18 18:27:03,773] {logging_mixin.py:109} INFO - [2021-11-18 18:27:03,773] {dagbag.py:500} INFO - Filling up the DagBag from /Users/sravanisigadam/PycharmProjects/Airflow/venv/lib/python3.9/site-packages/airflow/example_dags/example_nested_branch_dag.py
[2021-11-18 18:27:03,807] {processor.py:637} INFO - DAG(s) dict_keys(['example_nested_branch_dag']) retrieved from /Users/sravanisigadam/PycharmProjects/Airflow/venv/lib/python3.9/site-packages/airflow/example_dags/example_nested_branch_dag.py
[2021-11-18 18:27:03,819] {logging_mixin.py:109} INFO - [2021-11-18 18:27:03,818] {dag.py:2396} INFO - Sync 1 DAGs
[2021-11-18 18:27:03,826] {logging_mixin.py:109} INFO - [2021-11-18 18:27:03,825] {dag.py:2928} INFO - Setting next_dagrun for example_nested_branch_dag to 2021-11-18 00:00:00+00:00
[2021-11-18 18:27:03,830] {processor.py:171} INFO - Processing /Users/sravanisigadam/PycharmProjects/Airflow/venv/lib/python3.9/site-packages/airflow/example_dags/example_nested_branch_dag.py took 0.058 seconds
[2021-11-18 18:28:23,946] {processor.py:163} INFO - Started process (PID=55888) to work on /Users/sravanisigadam/PycharmProjects/Airflow/venv/lib/python3.9/site-packages/airflow/example_dags/example_nested_branch_dag.py
[2021-11-18 18:28:23,947] {processor.py:625} INFO - Processing file /Users/sravanisigadam/PycharmProjects/Airflow/venv/lib/python3.9/site-packages/airflow/example_dags/example_nested_branch_dag.py for tasks to queue
[2021-11-18 18:28:23,947] {logging_mixin.py:109} INFO - [2021-11-18 18:28:23,947] {dagbag.py:500} INFO - Filling up the DagBag from /Users/sravanisigadam/PycharmProjects/Airflow/venv/lib/python3.9/site-packages/airflow/example_dags/example_nested_branch_dag.py
[2021-11-18 18:28:23,981] {processor.py:637} INFO - DAG(s) dict_keys(['example_nested_branch_dag']) retrieved from /Users/sravanisigadam/PycharmProjects/Airflow/venv/lib/python3.9/site-packages/airflow/example_dags/example_nested_branch_dag.py
[2021-11-18 18:28:23,993] {logging_mixin.py:109} INFO - [2021-11-18 18:28:23,992] {dag.py:2396} INFO - Sync 1 DAGs
[2021-11-18 18:28:23,999] {logging_mixin.py:109} INFO - [2021-11-18 18:28:23,999] {dag.py:2928} INFO - Setting next_dagrun for example_nested_branch_dag to 2021-11-18 00:00:00+00:00
[2021-11-18 18:28:24,004] {processor.py:171} INFO - Processing /Users/sravanisigadam/PycharmProjects/Airflow/venv/lib/python3.9/site-packages/airflow/example_dags/example_nested_branch_dag.py took 0.059 seconds
[2021-11-18 18:29:44,043] {processor.py:163} INFO - Started process (PID=55927) to work on /Users/sravanisigadam/PycharmProjects/Airflow/venv/lib/python3.9/site-packages/airflow/example_dags/example_nested_branch_dag.py
[2021-11-18 18:29:44,043] {processor.py:625} INFO - Processing file /Users/sravanisigadam/PycharmProjects/Airflow/venv/lib/python3.9/site-packages/airflow/example_dags/example_nested_branch_dag.py for tasks to queue
[2021-11-18 18:29:44,043] {logging_mixin.py:109} INFO - [2021-11-18 18:29:44,043] {dagbag.py:500} INFO - Filling up the DagBag from /Users/sravanisigadam/PycharmProjects/Airflow/venv/lib/python3.9/site-packages/airflow/example_dags/example_nested_branch_dag.py
[2021-11-18 18:29:44,077] {processor.py:637} INFO - DAG(s) dict_keys(['example_nested_branch_dag']) retrieved from /Users/sravanisigadam/PycharmProjects/Airflow/venv/lib/python3.9/site-packages/airflow/example_dags/example_nested_branch_dag.py
[2021-11-18 18:29:44,087] {logging_mixin.py:109} INFO - [2021-11-18 18:29:44,087] {dag.py:2396} INFO - Sync 1 DAGs
[2021-11-18 18:29:44,094] {logging_mixin.py:109} INFO - [2021-11-18 18:29:44,093] {dag.py:2928} INFO - Setting next_dagrun for example_nested_branch_dag to 2021-11-18 00:00:00+00:00
[2021-11-18 18:29:44,098] {processor.py:171} INFO - Processing /Users/sravanisigadam/PycharmProjects/Airflow/venv/lib/python3.9/site-packages/airflow/example_dags/example_nested_branch_dag.py took 0.056 seconds
[2021-11-18 18:31:04,122] {processor.py:163} INFO - Started process (PID=55968) to work on /Users/sravanisigadam/PycharmProjects/Airflow/venv/lib/python3.9/site-packages/airflow/example_dags/example_nested_branch_dag.py
[2021-11-18 18:31:04,122] {processor.py:625} INFO - Processing file /Users/sravanisigadam/PycharmProjects/Airflow/venv/lib/python3.9/site-packages/airflow/example_dags/example_nested_branch_dag.py for tasks to queue
[2021-11-18 18:31:04,122] {logging_mixin.py:109} INFO - [2021-11-18 18:31:04,122] {dagbag.py:500} INFO - Filling up the DagBag from /Users/sravanisigadam/PycharmProjects/Airflow/venv/lib/python3.9/site-packages/airflow/example_dags/example_nested_branch_dag.py
[2021-11-18 18:31:04,157] {processor.py:637} INFO - DAG(s) dict_keys(['example_nested_branch_dag']) retrieved from /Users/sravanisigadam/PycharmProjects/Airflow/venv/lib/python3.9/site-packages/airflow/example_dags/example_nested_branch_dag.py
[2021-11-18 18:31:04,168] {logging_mixin.py:109} INFO - [2021-11-18 18:31:04,168] {dag.py:2396} INFO - Sync 1 DAGs
[2021-11-18 18:31:04,174] {logging_mixin.py:109} INFO - [2021-11-18 18:31:04,174] {dag.py:2928} INFO - Setting next_dagrun for example_nested_branch_dag to 2021-11-18 00:00:00+00:00
[2021-11-18 18:31:04,179] {processor.py:171} INFO - Processing /Users/sravanisigadam/PycharmProjects/Airflow/venv/lib/python3.9/site-packages/airflow/example_dags/example_nested_branch_dag.py took 0.058 seconds
[2021-11-18 18:32:24,329] {processor.py:163} INFO - Started process (PID=56015) to work on /Users/sravanisigadam/PycharmProjects/Airflow/venv/lib/python3.9/site-packages/airflow/example_dags/example_nested_branch_dag.py
[2021-11-18 18:32:24,329] {processor.py:625} INFO - Processing file /Users/sravanisigadam/PycharmProjects/Airflow/venv/lib/python3.9/site-packages/airflow/example_dags/example_nested_branch_dag.py for tasks to queue
[2021-11-18 18:32:24,329] {logging_mixin.py:109} INFO - [2021-11-18 18:32:24,329] {dagbag.py:500} INFO - Filling up the DagBag from /Users/sravanisigadam/PycharmProjects/Airflow/venv/lib/python3.9/site-packages/airflow/example_dags/example_nested_branch_dag.py
[2021-11-18 18:32:24,362] {processor.py:637} INFO - DAG(s) dict_keys(['example_nested_branch_dag']) retrieved from /Users/sravanisigadam/PycharmProjects/Airflow/venv/lib/python3.9/site-packages/airflow/example_dags/example_nested_branch_dag.py
[2021-11-18 18:32:24,372] {logging_mixin.py:109} INFO - [2021-11-18 18:32:24,372] {dag.py:2396} INFO - Sync 1 DAGs
[2021-11-18 18:32:24,379] {logging_mixin.py:109} INFO - [2021-11-18 18:32:24,378] {dag.py:2928} INFO - Setting next_dagrun for example_nested_branch_dag to 2021-11-18 00:00:00+00:00
[2021-11-18 18:32:24,384] {processor.py:171} INFO - Processing /Users/sravanisigadam/PycharmProjects/Airflow/venv/lib/python3.9/site-packages/airflow/example_dags/example_nested_branch_dag.py took 0.055 seconds
[2021-11-18 18:33:42,494] {processor.py:163} INFO - Started process (PID=56068) to work on /Users/sravanisigadam/PycharmProjects/Airflow/venv/lib/python3.9/site-packages/airflow/example_dags/example_nested_branch_dag.py
[2021-11-18 18:33:42,495] {processor.py:625} INFO - Processing file /Users/sravanisigadam/PycharmProjects/Airflow/venv/lib/python3.9/site-packages/airflow/example_dags/example_nested_branch_dag.py for tasks to queue
[2021-11-18 18:33:42,496] {logging_mixin.py:109} INFO - [2021-11-18 18:33:42,496] {dagbag.py:500} INFO - Filling up the DagBag from /Users/sravanisigadam/PycharmProjects/Airflow/venv/lib/python3.9/site-packages/airflow/example_dags/example_nested_branch_dag.py
[2021-11-18 18:33:42,531] {processor.py:637} INFO - DAG(s) dict_keys(['example_nested_branch_dag']) retrieved from /Users/sravanisigadam/PycharmProjects/Airflow/venv/lib/python3.9/site-packages/airflow/example_dags/example_nested_branch_dag.py
[2021-11-18 18:33:42,542] {logging_mixin.py:109} INFO - [2021-11-18 18:33:42,542] {dag.py:2396} INFO - Sync 1 DAGs
[2021-11-18 18:33:42,549] {logging_mixin.py:109} INFO - [2021-11-18 18:33:42,549] {dag.py:2928} INFO - Setting next_dagrun for example_nested_branch_dag to 2021-11-18 00:00:00+00:00
[2021-11-18 18:33:42,554] {processor.py:171} INFO - Processing /Users/sravanisigadam/PycharmProjects/Airflow/venv/lib/python3.9/site-packages/airflow/example_dags/example_nested_branch_dag.py took 0.060 seconds
[2021-11-18 18:46:39,793] {processor.py:163} INFO - Started process (PID=56113) to work on /Users/sravanisigadam/PycharmProjects/Airflow/venv/lib/python3.9/site-packages/airflow/example_dags/example_nested_branch_dag.py
[2021-11-18 18:46:39,794] {processor.py:625} INFO - Processing file /Users/sravanisigadam/PycharmProjects/Airflow/venv/lib/python3.9/site-packages/airflow/example_dags/example_nested_branch_dag.py for tasks to queue
[2021-11-18 18:46:39,794] {logging_mixin.py:109} INFO - [2021-11-18 18:46:39,794] {dagbag.py:500} INFO - Filling up the DagBag from /Users/sravanisigadam/PycharmProjects/Airflow/venv/lib/python3.9/site-packages/airflow/example_dags/example_nested_branch_dag.py
[2021-11-18 18:46:39,829] {processor.py:637} INFO - DAG(s) dict_keys(['example_nested_branch_dag']) retrieved from /Users/sravanisigadam/PycharmProjects/Airflow/venv/lib/python3.9/site-packages/airflow/example_dags/example_nested_branch_dag.py
[2021-11-18 18:46:39,840] {logging_mixin.py:109} INFO - [2021-11-18 18:46:39,840] {dag.py:2396} INFO - Sync 1 DAGs
[2021-11-18 18:46:39,846] {logging_mixin.py:109} INFO - [2021-11-18 18:46:39,846] {dag.py:2928} INFO - Setting next_dagrun for example_nested_branch_dag to 2021-11-18 00:00:00+00:00
[2021-11-18 18:46:39,850] {processor.py:171} INFO - Processing /Users/sravanisigadam/PycharmProjects/Airflow/venv/lib/python3.9/site-packages/airflow/example_dags/example_nested_branch_dag.py took 0.057 seconds
[2021-11-18 18:47:58,122] {processor.py:163} INFO - Started process (PID=56168) to work on /Users/sravanisigadam/PycharmProjects/Airflow/venv/lib/python3.9/site-packages/airflow/example_dags/example_nested_branch_dag.py
[2021-11-18 18:47:58,124] {processor.py:625} INFO - Processing file /Users/sravanisigadam/PycharmProjects/Airflow/venv/lib/python3.9/site-packages/airflow/example_dags/example_nested_branch_dag.py for tasks to queue
[2021-11-18 18:47:58,124] {logging_mixin.py:109} INFO - [2021-11-18 18:47:58,124] {dagbag.py:500} INFO - Filling up the DagBag from /Users/sravanisigadam/PycharmProjects/Airflow/venv/lib/python3.9/site-packages/airflow/example_dags/example_nested_branch_dag.py
[2021-11-18 18:47:58,158] {processor.py:637} INFO - DAG(s) dict_keys(['example_nested_branch_dag']) retrieved from /Users/sravanisigadam/PycharmProjects/Airflow/venv/lib/python3.9/site-packages/airflow/example_dags/example_nested_branch_dag.py
[2021-11-18 18:47:58,169] {logging_mixin.py:109} INFO - [2021-11-18 18:47:58,169] {dag.py:2396} INFO - Sync 1 DAGs
[2021-11-18 18:47:58,175] {logging_mixin.py:109} INFO - [2021-11-18 18:47:58,175] {dag.py:2928} INFO - Setting next_dagrun for example_nested_branch_dag to 2021-11-18 00:00:00+00:00
[2021-11-18 18:47:58,180] {processor.py:171} INFO - Processing /Users/sravanisigadam/PycharmProjects/Airflow/venv/lib/python3.9/site-packages/airflow/example_dags/example_nested_branch_dag.py took 0.058 seconds
[2021-11-18 18:49:19,309] {processor.py:163} INFO - Started process (PID=56226) to work on /Users/sravanisigadam/PycharmProjects/Airflow/venv/lib/python3.9/site-packages/airflow/example_dags/example_nested_branch_dag.py
[2021-11-18 18:49:19,310] {processor.py:625} INFO - Processing file /Users/sravanisigadam/PycharmProjects/Airflow/venv/lib/python3.9/site-packages/airflow/example_dags/example_nested_branch_dag.py for tasks to queue
[2021-11-18 18:49:19,310] {logging_mixin.py:109} INFO - [2021-11-18 18:49:19,310] {dagbag.py:500} INFO - Filling up the DagBag from /Users/sravanisigadam/PycharmProjects/Airflow/venv/lib/python3.9/site-packages/airflow/example_dags/example_nested_branch_dag.py
[2021-11-18 18:49:19,358] {processor.py:637} INFO - DAG(s) dict_keys(['example_nested_branch_dag']) retrieved from /Users/sravanisigadam/PycharmProjects/Airflow/venv/lib/python3.9/site-packages/airflow/example_dags/example_nested_branch_dag.py
[2021-11-18 18:49:19,374] {logging_mixin.py:109} INFO - [2021-11-18 18:49:19,374] {dag.py:2396} INFO - Sync 1 DAGs
[2021-11-18 18:49:19,385] {logging_mixin.py:109} INFO - [2021-11-18 18:49:19,385] {dag.py:2928} INFO - Setting next_dagrun for example_nested_branch_dag to 2021-11-18 00:00:00+00:00
[2021-11-18 18:49:19,399] {processor.py:171} INFO - Processing /Users/sravanisigadam/PycharmProjects/Airflow/venv/lib/python3.9/site-packages/airflow/example_dags/example_nested_branch_dag.py took 0.090 seconds
[2021-11-18 18:50:39,388] {processor.py:163} INFO - Started process (PID=56269) to work on /Users/sravanisigadam/PycharmProjects/Airflow/venv/lib/python3.9/site-packages/airflow/example_dags/example_nested_branch_dag.py
[2021-11-18 18:50:39,388] {processor.py:625} INFO - Processing file /Users/sravanisigadam/PycharmProjects/Airflow/venv/lib/python3.9/site-packages/airflow/example_dags/example_nested_branch_dag.py for tasks to queue
[2021-11-18 18:50:39,388] {logging_mixin.py:109} INFO - [2021-11-18 18:50:39,388] {dagbag.py:500} INFO - Filling up the DagBag from /Users/sravanisigadam/PycharmProjects/Airflow/venv/lib/python3.9/site-packages/airflow/example_dags/example_nested_branch_dag.py
[2021-11-18 18:50:39,422] {processor.py:637} INFO - DAG(s) dict_keys(['example_nested_branch_dag']) retrieved from /Users/sravanisigadam/PycharmProjects/Airflow/venv/lib/python3.9/site-packages/airflow/example_dags/example_nested_branch_dag.py
[2021-11-18 18:50:39,433] {logging_mixin.py:109} INFO - [2021-11-18 18:50:39,433] {dag.py:2396} INFO - Sync 1 DAGs
[2021-11-18 18:50:39,440] {logging_mixin.py:109} INFO - [2021-11-18 18:50:39,440] {dag.py:2928} INFO - Setting next_dagrun for example_nested_branch_dag to 2021-11-18 00:00:00+00:00
[2021-11-18 18:50:39,444] {processor.py:171} INFO - Processing /Users/sravanisigadam/PycharmProjects/Airflow/venv/lib/python3.9/site-packages/airflow/example_dags/example_nested_branch_dag.py took 0.057 seconds
[2021-11-18 18:51:56,407] {processor.py:163} INFO - Started process (PID=56309) to work on /Users/sravanisigadam/PycharmProjects/Airflow/venv/lib/python3.9/site-packages/airflow/example_dags/example_nested_branch_dag.py
[2021-11-18 18:51:56,408] {processor.py:625} INFO - Processing file /Users/sravanisigadam/PycharmProjects/Airflow/venv/lib/python3.9/site-packages/airflow/example_dags/example_nested_branch_dag.py for tasks to queue
[2021-11-18 18:51:56,408] {logging_mixin.py:109} INFO - [2021-11-18 18:51:56,408] {dagbag.py:500} INFO - Filling up the DagBag from /Users/sravanisigadam/PycharmProjects/Airflow/venv/lib/python3.9/site-packages/airflow/example_dags/example_nested_branch_dag.py
[2021-11-18 18:51:56,443] {processor.py:637} INFO - DAG(s) dict_keys(['example_nested_branch_dag']) retrieved from /Users/sravanisigadam/PycharmProjects/Airflow/venv/lib/python3.9/site-packages/airflow/example_dags/example_nested_branch_dag.py
[2021-11-18 18:51:56,454] {logging_mixin.py:109} INFO - [2021-11-18 18:51:56,454] {dag.py:2396} INFO - Sync 1 DAGs
[2021-11-18 18:51:56,461] {logging_mixin.py:109} INFO - [2021-11-18 18:51:56,461] {dag.py:2928} INFO - Setting next_dagrun for example_nested_branch_dag to 2021-11-18 00:00:00+00:00
[2021-11-18 18:51:56,466] {processor.py:171} INFO - Processing /Users/sravanisigadam/PycharmProjects/Airflow/venv/lib/python3.9/site-packages/airflow/example_dags/example_nested_branch_dag.py took 0.059 seconds
[2021-11-18 18:53:13,869] {processor.py:163} INFO - Started process (PID=56351) to work on /Users/sravanisigadam/PycharmProjects/Airflow/venv/lib/python3.9/site-packages/airflow/example_dags/example_nested_branch_dag.py
[2021-11-18 18:53:13,871] {processor.py:625} INFO - Processing file /Users/sravanisigadam/PycharmProjects/Airflow/venv/lib/python3.9/site-packages/airflow/example_dags/example_nested_branch_dag.py for tasks to queue
[2021-11-18 18:53:13,871] {logging_mixin.py:109} INFO - [2021-11-18 18:53:13,871] {dagbag.py:500} INFO - Filling up the DagBag from /Users/sravanisigadam/PycharmProjects/Airflow/venv/lib/python3.9/site-packages/airflow/example_dags/example_nested_branch_dag.py
[2021-11-18 18:53:13,904] {processor.py:637} INFO - DAG(s) dict_keys(['example_nested_branch_dag']) retrieved from /Users/sravanisigadam/PycharmProjects/Airflow/venv/lib/python3.9/site-packages/airflow/example_dags/example_nested_branch_dag.py
[2021-11-18 18:53:13,916] {logging_mixin.py:109} INFO - [2021-11-18 18:53:13,916] {dag.py:2396} INFO - Sync 1 DAGs
[2021-11-18 18:53:13,923] {logging_mixin.py:109} INFO - [2021-11-18 18:53:13,923] {dag.py:2928} INFO - Setting next_dagrun for example_nested_branch_dag to 2021-11-18 00:00:00+00:00
[2021-11-18 18:53:13,928] {processor.py:171} INFO - Processing /Users/sravanisigadam/PycharmProjects/Airflow/venv/lib/python3.9/site-packages/airflow/example_dags/example_nested_branch_dag.py took 0.059 seconds
[2021-11-18 18:54:32,001] {processor.py:163} INFO - Started process (PID=56392) to work on /Users/sravanisigadam/PycharmProjects/Airflow/venv/lib/python3.9/site-packages/airflow/example_dags/example_nested_branch_dag.py
[2021-11-18 18:54:32,002] {processor.py:625} INFO - Processing file /Users/sravanisigadam/PycharmProjects/Airflow/venv/lib/python3.9/site-packages/airflow/example_dags/example_nested_branch_dag.py for tasks to queue
[2021-11-18 18:54:32,002] {logging_mixin.py:109} INFO - [2021-11-18 18:54:32,002] {dagbag.py:500} INFO - Filling up the DagBag from /Users/sravanisigadam/PycharmProjects/Airflow/venv/lib/python3.9/site-packages/airflow/example_dags/example_nested_branch_dag.py
[2021-11-18 18:54:32,035] {processor.py:637} INFO - DAG(s) dict_keys(['example_nested_branch_dag']) retrieved from /Users/sravanisigadam/PycharmProjects/Airflow/venv/lib/python3.9/site-packages/airflow/example_dags/example_nested_branch_dag.py
[2021-11-18 18:54:32,046] {logging_mixin.py:109} INFO - [2021-11-18 18:54:32,046] {dag.py:2396} INFO - Sync 1 DAGs
[2021-11-18 18:54:32,053] {logging_mixin.py:109} INFO - [2021-11-18 18:54:32,053] {dag.py:2928} INFO - Setting next_dagrun for example_nested_branch_dag to 2021-11-18 00:00:00+00:00
[2021-11-18 18:54:32,058] {processor.py:171} INFO - Processing /Users/sravanisigadam/PycharmProjects/Airflow/venv/lib/python3.9/site-packages/airflow/example_dags/example_nested_branch_dag.py took 0.057 seconds
[2021-11-18 18:55:49,736] {processor.py:163} INFO - Started process (PID=56433) to work on /Users/sravanisigadam/PycharmProjects/Airflow/venv/lib/python3.9/site-packages/airflow/example_dags/example_nested_branch_dag.py
[2021-11-18 18:55:49,736] {processor.py:625} INFO - Processing file /Users/sravanisigadam/PycharmProjects/Airflow/venv/lib/python3.9/site-packages/airflow/example_dags/example_nested_branch_dag.py for tasks to queue
[2021-11-18 18:55:49,736] {logging_mixin.py:109} INFO - [2021-11-18 18:55:49,736] {dagbag.py:500} INFO - Filling up the DagBag from /Users/sravanisigadam/PycharmProjects/Airflow/venv/lib/python3.9/site-packages/airflow/example_dags/example_nested_branch_dag.py
[2021-11-18 18:55:49,768] {processor.py:637} INFO - DAG(s) dict_keys(['example_nested_branch_dag']) retrieved from /Users/sravanisigadam/PycharmProjects/Airflow/venv/lib/python3.9/site-packages/airflow/example_dags/example_nested_branch_dag.py
[2021-11-18 18:55:49,778] {logging_mixin.py:109} INFO - [2021-11-18 18:55:49,778] {dag.py:2396} INFO - Sync 1 DAGs
[2021-11-18 18:55:49,785] {logging_mixin.py:109} INFO - [2021-11-18 18:55:49,785] {dag.py:2928} INFO - Setting next_dagrun for example_nested_branch_dag to 2021-11-18 00:00:00+00:00
[2021-11-18 18:55:49,789] {processor.py:171} INFO - Processing /Users/sravanisigadam/PycharmProjects/Airflow/venv/lib/python3.9/site-packages/airflow/example_dags/example_nested_branch_dag.py took 0.054 seconds
[2021-11-18 18:57:07,834] {processor.py:163} INFO - Started process (PID=56476) to work on /Users/sravanisigadam/PycharmProjects/Airflow/venv/lib/python3.9/site-packages/airflow/example_dags/example_nested_branch_dag.py
[2021-11-18 18:57:07,835] {processor.py:625} INFO - Processing file /Users/sravanisigadam/PycharmProjects/Airflow/venv/lib/python3.9/site-packages/airflow/example_dags/example_nested_branch_dag.py for tasks to queue
[2021-11-18 18:57:07,835] {logging_mixin.py:109} INFO - [2021-11-18 18:57:07,835] {dagbag.py:500} INFO - Filling up the DagBag from /Users/sravanisigadam/PycharmProjects/Airflow/venv/lib/python3.9/site-packages/airflow/example_dags/example_nested_branch_dag.py
[2021-11-18 18:57:07,868] {processor.py:637} INFO - DAG(s) dict_keys(['example_nested_branch_dag']) retrieved from /Users/sravanisigadam/PycharmProjects/Airflow/venv/lib/python3.9/site-packages/airflow/example_dags/example_nested_branch_dag.py
[2021-11-18 18:57:07,878] {logging_mixin.py:109} INFO - [2021-11-18 18:57:07,878] {dag.py:2396} INFO - Sync 1 DAGs
[2021-11-18 18:57:07,884] {logging_mixin.py:109} INFO - [2021-11-18 18:57:07,884] {dag.py:2928} INFO - Setting next_dagrun for example_nested_branch_dag to 2021-11-18 00:00:00+00:00
[2021-11-18 18:57:07,889] {processor.py:171} INFO - Processing /Users/sravanisigadam/PycharmProjects/Airflow/venv/lib/python3.9/site-packages/airflow/example_dags/example_nested_branch_dag.py took 0.056 seconds
[2021-11-18 18:58:26,168] {processor.py:163} INFO - Started process (PID=56525) to work on /Users/sravanisigadam/PycharmProjects/Airflow/venv/lib/python3.9/site-packages/airflow/example_dags/example_nested_branch_dag.py
[2021-11-18 18:58:26,169] {processor.py:625} INFO - Processing file /Users/sravanisigadam/PycharmProjects/Airflow/venv/lib/python3.9/site-packages/airflow/example_dags/example_nested_branch_dag.py for tasks to queue
[2021-11-18 18:58:26,170] {logging_mixin.py:109} INFO - [2021-11-18 18:58:26,170] {dagbag.py:500} INFO - Filling up the DagBag from /Users/sravanisigadam/PycharmProjects/Airflow/venv/lib/python3.9/site-packages/airflow/example_dags/example_nested_branch_dag.py
[2021-11-18 18:58:26,204] {processor.py:637} INFO - DAG(s) dict_keys(['example_nested_branch_dag']) retrieved from /Users/sravanisigadam/PycharmProjects/Airflow/venv/lib/python3.9/site-packages/airflow/example_dags/example_nested_branch_dag.py
[2021-11-18 18:58:26,215] {logging_mixin.py:109} INFO - [2021-11-18 18:58:26,215] {dag.py:2396} INFO - Sync 1 DAGs
[2021-11-18 18:58:26,221] {logging_mixin.py:109} INFO - [2021-11-18 18:58:26,221] {dag.py:2928} INFO - Setting next_dagrun for example_nested_branch_dag to 2021-11-18 00:00:00+00:00
[2021-11-18 18:58:26,226] {processor.py:171} INFO - Processing /Users/sravanisigadam/PycharmProjects/Airflow/venv/lib/python3.9/site-packages/airflow/example_dags/example_nested_branch_dag.py took 0.058 seconds
[2021-11-18 18:59:44,393] {processor.py:163} INFO - Started process (PID=56563) to work on /Users/sravanisigadam/PycharmProjects/Airflow/venv/lib/python3.9/site-packages/airflow/example_dags/example_nested_branch_dag.py
[2021-11-18 18:59:44,394] {processor.py:625} INFO - Processing file /Users/sravanisigadam/PycharmProjects/Airflow/venv/lib/python3.9/site-packages/airflow/example_dags/example_nested_branch_dag.py for tasks to queue
[2021-11-18 18:59:44,394] {logging_mixin.py:109} INFO - [2021-11-18 18:59:44,394] {dagbag.py:500} INFO - Filling up the DagBag from /Users/sravanisigadam/PycharmProjects/Airflow/venv/lib/python3.9/site-packages/airflow/example_dags/example_nested_branch_dag.py
[2021-11-18 18:59:44,429] {processor.py:637} INFO - DAG(s) dict_keys(['example_nested_branch_dag']) retrieved from /Users/sravanisigadam/PycharmProjects/Airflow/venv/lib/python3.9/site-packages/airflow/example_dags/example_nested_branch_dag.py
[2021-11-18 18:59:44,441] {logging_mixin.py:109} INFO - [2021-11-18 18:59:44,441] {dag.py:2396} INFO - Sync 1 DAGs
[2021-11-18 18:59:44,448] {logging_mixin.py:109} INFO - [2021-11-18 18:59:44,448] {dag.py:2928} INFO - Setting next_dagrun for example_nested_branch_dag to 2021-11-18 00:00:00+00:00
[2021-11-18 18:59:44,453] {processor.py:171} INFO - Processing /Users/sravanisigadam/PycharmProjects/Airflow/venv/lib/python3.9/site-packages/airflow/example_dags/example_nested_branch_dag.py took 0.060 seconds
[2021-11-18 19:01:05,145] {processor.py:163} INFO - Started process (PID=56615) to work on /Users/sravanisigadam/PycharmProjects/Airflow/venv/lib/python3.9/site-packages/airflow/example_dags/example_nested_branch_dag.py
[2021-11-18 19:01:05,146] {processor.py:625} INFO - Processing file /Users/sravanisigadam/PycharmProjects/Airflow/venv/lib/python3.9/site-packages/airflow/example_dags/example_nested_branch_dag.py for tasks to queue
[2021-11-18 19:01:05,146] {logging_mixin.py:109} INFO - [2021-11-18 19:01:05,146] {dagbag.py:500} INFO - Filling up the DagBag from /Users/sravanisigadam/PycharmProjects/Airflow/venv/lib/python3.9/site-packages/airflow/example_dags/example_nested_branch_dag.py
[2021-11-18 19:01:05,178] {processor.py:637} INFO - DAG(s) dict_keys(['example_nested_branch_dag']) retrieved from /Users/sravanisigadam/PycharmProjects/Airflow/venv/lib/python3.9/site-packages/airflow/example_dags/example_nested_branch_dag.py
[2021-11-18 19:01:05,188] {logging_mixin.py:109} INFO - [2021-11-18 19:01:05,188] {dag.py:2396} INFO - Sync 1 DAGs
[2021-11-18 19:01:05,194] {logging_mixin.py:109} INFO - [2021-11-18 19:01:05,194] {dag.py:2928} INFO - Setting next_dagrun for example_nested_branch_dag to 2021-11-18 00:00:00+00:00
[2021-11-18 19:01:05,199] {processor.py:171} INFO - Processing /Users/sravanisigadam/PycharmProjects/Airflow/venv/lib/python3.9/site-packages/airflow/example_dags/example_nested_branch_dag.py took 0.055 seconds
[2021-11-18 19:02:22,160] {processor.py:163} INFO - Started process (PID=56655) to work on /Users/sravanisigadam/PycharmProjects/Airflow/venv/lib/python3.9/site-packages/airflow/example_dags/example_nested_branch_dag.py
[2021-11-18 19:02:22,160] {processor.py:625} INFO - Processing file /Users/sravanisigadam/PycharmProjects/Airflow/venv/lib/python3.9/site-packages/airflow/example_dags/example_nested_branch_dag.py for tasks to queue
[2021-11-18 19:02:22,160] {logging_mixin.py:109} INFO - [2021-11-18 19:02:22,160] {dagbag.py:500} INFO - Filling up the DagBag from /Users/sravanisigadam/PycharmProjects/Airflow/venv/lib/python3.9/site-packages/airflow/example_dags/example_nested_branch_dag.py
[2021-11-18 19:02:22,193] {processor.py:637} INFO - DAG(s) dict_keys(['example_nested_branch_dag']) retrieved from /Users/sravanisigadam/PycharmProjects/Airflow/venv/lib/python3.9/site-packages/airflow/example_dags/example_nested_branch_dag.py
[2021-11-18 19:02:22,204] {logging_mixin.py:109} INFO - [2021-11-18 19:02:22,204] {dag.py:2396} INFO - Sync 1 DAGs
[2021-11-18 19:02:22,210] {logging_mixin.py:109} INFO - [2021-11-18 19:02:22,210] {dag.py:2928} INFO - Setting next_dagrun for example_nested_branch_dag to 2021-11-18 00:00:00+00:00
[2021-11-18 19:02:22,215] {processor.py:171} INFO - Processing /Users/sravanisigadam/PycharmProjects/Airflow/venv/lib/python3.9/site-packages/airflow/example_dags/example_nested_branch_dag.py took 0.056 seconds
[2021-11-18 19:03:40,361] {processor.py:163} INFO - Started process (PID=56699) to work on /Users/sravanisigadam/PycharmProjects/Airflow/venv/lib/python3.9/site-packages/airflow/example_dags/example_nested_branch_dag.py
[2021-11-18 19:03:40,362] {processor.py:625} INFO - Processing file /Users/sravanisigadam/PycharmProjects/Airflow/venv/lib/python3.9/site-packages/airflow/example_dags/example_nested_branch_dag.py for tasks to queue
[2021-11-18 19:03:40,363] {logging_mixin.py:109} INFO - [2021-11-18 19:03:40,363] {dagbag.py:500} INFO - Filling up the DagBag from /Users/sravanisigadam/PycharmProjects/Airflow/venv/lib/python3.9/site-packages/airflow/example_dags/example_nested_branch_dag.py
[2021-11-18 19:03:40,395] {processor.py:637} INFO - DAG(s) dict_keys(['example_nested_branch_dag']) retrieved from /Users/sravanisigadam/PycharmProjects/Airflow/venv/lib/python3.9/site-packages/airflow/example_dags/example_nested_branch_dag.py
[2021-11-18 19:03:40,406] {logging_mixin.py:109} INFO - [2021-11-18 19:03:40,406] {dag.py:2396} INFO - Sync 1 DAGs
[2021-11-18 19:03:40,412] {logging_mixin.py:109} INFO - [2021-11-18 19:03:40,412] {dag.py:2928} INFO - Setting next_dagrun for example_nested_branch_dag to 2021-11-18 00:00:00+00:00
[2021-11-18 19:03:40,417] {processor.py:171} INFO - Processing /Users/sravanisigadam/PycharmProjects/Airflow/venv/lib/python3.9/site-packages/airflow/example_dags/example_nested_branch_dag.py took 0.056 seconds
[2021-11-18 19:04:59,334] {processor.py:163} INFO - Started process (PID=56751) to work on /Users/sravanisigadam/PycharmProjects/Airflow/venv/lib/python3.9/site-packages/airflow/example_dags/example_nested_branch_dag.py
[2021-11-18 19:04:59,335] {processor.py:625} INFO - Processing file /Users/sravanisigadam/PycharmProjects/Airflow/venv/lib/python3.9/site-packages/airflow/example_dags/example_nested_branch_dag.py for tasks to queue
[2021-11-18 19:04:59,336] {logging_mixin.py:109} INFO - [2021-11-18 19:04:59,336] {dagbag.py:500} INFO - Filling up the DagBag from /Users/sravanisigadam/PycharmProjects/Airflow/venv/lib/python3.9/site-packages/airflow/example_dags/example_nested_branch_dag.py
[2021-11-18 19:04:59,374] {processor.py:637} INFO - DAG(s) dict_keys(['example_nested_branch_dag']) retrieved from /Users/sravanisigadam/PycharmProjects/Airflow/venv/lib/python3.9/site-packages/airflow/example_dags/example_nested_branch_dag.py
[2021-11-18 19:04:59,385] {logging_mixin.py:109} INFO - [2021-11-18 19:04:59,385] {dag.py:2396} INFO - Sync 1 DAGs
[2021-11-18 19:04:59,392] {logging_mixin.py:109} INFO - [2021-11-18 19:04:59,392] {dag.py:2928} INFO - Setting next_dagrun for example_nested_branch_dag to 2021-11-18 00:00:00+00:00
[2021-11-18 19:04:59,397] {processor.py:171} INFO - Processing /Users/sravanisigadam/PycharmProjects/Airflow/venv/lib/python3.9/site-packages/airflow/example_dags/example_nested_branch_dag.py took 0.064 seconds
[2021-11-18 19:06:17,238] {processor.py:163} INFO - Started process (PID=56820) to work on /Users/sravanisigadam/PycharmProjects/Airflow/venv/lib/python3.9/site-packages/airflow/example_dags/example_nested_branch_dag.py
[2021-11-18 19:06:17,239] {processor.py:625} INFO - Processing file /Users/sravanisigadam/PycharmProjects/Airflow/venv/lib/python3.9/site-packages/airflow/example_dags/example_nested_branch_dag.py for tasks to queue
[2021-11-18 19:06:17,239] {logging_mixin.py:109} INFO - [2021-11-18 19:06:17,239] {dagbag.py:500} INFO - Filling up the DagBag from /Users/sravanisigadam/PycharmProjects/Airflow/venv/lib/python3.9/site-packages/airflow/example_dags/example_nested_branch_dag.py
[2021-11-18 19:06:17,271] {processor.py:637} INFO - DAG(s) dict_keys(['example_nested_branch_dag']) retrieved from /Users/sravanisigadam/PycharmProjects/Airflow/venv/lib/python3.9/site-packages/airflow/example_dags/example_nested_branch_dag.py
[2021-11-18 19:06:17,282] {logging_mixin.py:109} INFO - [2021-11-18 19:06:17,282] {dag.py:2396} INFO - Sync 1 DAGs
[2021-11-18 19:06:17,288] {logging_mixin.py:109} INFO - [2021-11-18 19:06:17,288] {dag.py:2928} INFO - Setting next_dagrun for example_nested_branch_dag to 2021-11-18 00:00:00+00:00
[2021-11-18 19:06:17,293] {processor.py:171} INFO - Processing /Users/sravanisigadam/PycharmProjects/Airflow/venv/lib/python3.9/site-packages/airflow/example_dags/example_nested_branch_dag.py took 0.055 seconds
[2021-11-18 19:07:36,860] {processor.py:163} INFO - Started process (PID=56886) to work on /Users/sravanisigadam/PycharmProjects/Airflow/venv/lib/python3.9/site-packages/airflow/example_dags/example_nested_branch_dag.py
[2021-11-18 19:07:36,861] {processor.py:625} INFO - Processing file /Users/sravanisigadam/PycharmProjects/Airflow/venv/lib/python3.9/site-packages/airflow/example_dags/example_nested_branch_dag.py for tasks to queue
[2021-11-18 19:07:36,861] {logging_mixin.py:109} INFO - [2021-11-18 19:07:36,861] {dagbag.py:500} INFO - Filling up the DagBag from /Users/sravanisigadam/PycharmProjects/Airflow/venv/lib/python3.9/site-packages/airflow/example_dags/example_nested_branch_dag.py
[2021-11-18 19:07:36,897] {processor.py:637} INFO - DAG(s) dict_keys(['example_nested_branch_dag']) retrieved from /Users/sravanisigadam/PycharmProjects/Airflow/venv/lib/python3.9/site-packages/airflow/example_dags/example_nested_branch_dag.py
[2021-11-18 19:07:36,908] {logging_mixin.py:109} INFO - [2021-11-18 19:07:36,908] {dag.py:2396} INFO - Sync 1 DAGs
[2021-11-18 19:07:36,915] {logging_mixin.py:109} INFO - [2021-11-18 19:07:36,915] {dag.py:2928} INFO - Setting next_dagrun for example_nested_branch_dag to 2021-11-18 00:00:00+00:00
[2021-11-18 19:07:36,920] {processor.py:171} INFO - Processing /Users/sravanisigadam/PycharmProjects/Airflow/venv/lib/python3.9/site-packages/airflow/example_dags/example_nested_branch_dag.py took 0.061 seconds
[2021-11-18 19:08:55,304] {processor.py:163} INFO - Started process (PID=56943) to work on /Users/sravanisigadam/PycharmProjects/Airflow/venv/lib/python3.9/site-packages/airflow/example_dags/example_nested_branch_dag.py
[2021-11-18 19:08:55,305] {processor.py:625} INFO - Processing file /Users/sravanisigadam/PycharmProjects/Airflow/venv/lib/python3.9/site-packages/airflow/example_dags/example_nested_branch_dag.py for tasks to queue
[2021-11-18 19:08:55,305] {logging_mixin.py:109} INFO - [2021-11-18 19:08:55,305] {dagbag.py:500} INFO - Filling up the DagBag from /Users/sravanisigadam/PycharmProjects/Airflow/venv/lib/python3.9/site-packages/airflow/example_dags/example_nested_branch_dag.py
[2021-11-18 19:08:55,338] {processor.py:637} INFO - DAG(s) dict_keys(['example_nested_branch_dag']) retrieved from /Users/sravanisigadam/PycharmProjects/Airflow/venv/lib/python3.9/site-packages/airflow/example_dags/example_nested_branch_dag.py
[2021-11-18 19:08:55,349] {logging_mixin.py:109} INFO - [2021-11-18 19:08:55,349] {dag.py:2396} INFO - Sync 1 DAGs
[2021-11-18 19:08:55,356] {logging_mixin.py:109} INFO - [2021-11-18 19:08:55,356] {dag.py:2928} INFO - Setting next_dagrun for example_nested_branch_dag to 2021-11-18 00:00:00+00:00
[2021-11-18 19:08:55,361] {processor.py:171} INFO - Processing /Users/sravanisigadam/PycharmProjects/Airflow/venv/lib/python3.9/site-packages/airflow/example_dags/example_nested_branch_dag.py took 0.057 seconds
[2021-11-18 19:10:13,154] {processor.py:163} INFO - Started process (PID=56988) to work on /Users/sravanisigadam/PycharmProjects/Airflow/venv/lib/python3.9/site-packages/airflow/example_dags/example_nested_branch_dag.py
[2021-11-18 19:10:13,154] {processor.py:625} INFO - Processing file /Users/sravanisigadam/PycharmProjects/Airflow/venv/lib/python3.9/site-packages/airflow/example_dags/example_nested_branch_dag.py for tasks to queue
[2021-11-18 19:10:13,154] {logging_mixin.py:109} INFO - [2021-11-18 19:10:13,154] {dagbag.py:500} INFO - Filling up the DagBag from /Users/sravanisigadam/PycharmProjects/Airflow/venv/lib/python3.9/site-packages/airflow/example_dags/example_nested_branch_dag.py
[2021-11-18 19:10:13,187] {processor.py:637} INFO - DAG(s) dict_keys(['example_nested_branch_dag']) retrieved from /Users/sravanisigadam/PycharmProjects/Airflow/venv/lib/python3.9/site-packages/airflow/example_dags/example_nested_branch_dag.py
[2021-11-18 19:10:13,199] {logging_mixin.py:109} INFO - [2021-11-18 19:10:13,199] {dag.py:2396} INFO - Sync 1 DAGs
[2021-11-18 19:10:13,206] {logging_mixin.py:109} INFO - [2021-11-18 19:10:13,205] {dag.py:2928} INFO - Setting next_dagrun for example_nested_branch_dag to 2021-11-18 00:00:00+00:00
[2021-11-18 19:10:13,211] {processor.py:171} INFO - Processing /Users/sravanisigadam/PycharmProjects/Airflow/venv/lib/python3.9/site-packages/airflow/example_dags/example_nested_branch_dag.py took 0.058 seconds
[2021-11-18 19:11:33,421] {processor.py:163} INFO - Started process (PID=57035) to work on /Users/sravanisigadam/PycharmProjects/Airflow/venv/lib/python3.9/site-packages/airflow/example_dags/example_nested_branch_dag.py
[2021-11-18 19:11:33,422] {processor.py:625} INFO - Processing file /Users/sravanisigadam/PycharmProjects/Airflow/venv/lib/python3.9/site-packages/airflow/example_dags/example_nested_branch_dag.py for tasks to queue
[2021-11-18 19:11:33,422] {logging_mixin.py:109} INFO - [2021-11-18 19:11:33,422] {dagbag.py:500} INFO - Filling up the DagBag from /Users/sravanisigadam/PycharmProjects/Airflow/venv/lib/python3.9/site-packages/airflow/example_dags/example_nested_branch_dag.py
[2021-11-18 19:11:33,454] {processor.py:637} INFO - DAG(s) dict_keys(['example_nested_branch_dag']) retrieved from /Users/sravanisigadam/PycharmProjects/Airflow/venv/lib/python3.9/site-packages/airflow/example_dags/example_nested_branch_dag.py
[2021-11-18 19:11:33,465] {logging_mixin.py:109} INFO - [2021-11-18 19:11:33,465] {dag.py:2396} INFO - Sync 1 DAGs
[2021-11-18 19:11:33,471] {logging_mixin.py:109} INFO - [2021-11-18 19:11:33,471] {dag.py:2928} INFO - Setting next_dagrun for example_nested_branch_dag to 2021-11-18 00:00:00+00:00
[2021-11-18 19:11:33,476] {processor.py:171} INFO - Processing /Users/sravanisigadam/PycharmProjects/Airflow/venv/lib/python3.9/site-packages/airflow/example_dags/example_nested_branch_dag.py took 0.056 seconds
[2021-11-18 19:12:55,190] {processor.py:163} INFO - Started process (PID=57079) to work on /Users/sravanisigadam/PycharmProjects/Airflow/venv/lib/python3.9/site-packages/airflow/example_dags/example_nested_branch_dag.py
[2021-11-18 19:12:55,191] {processor.py:625} INFO - Processing file /Users/sravanisigadam/PycharmProjects/Airflow/venv/lib/python3.9/site-packages/airflow/example_dags/example_nested_branch_dag.py for tasks to queue
[2021-11-18 19:12:55,191] {logging_mixin.py:109} INFO - [2021-11-18 19:12:55,191] {dagbag.py:500} INFO - Filling up the DagBag from /Users/sravanisigadam/PycharmProjects/Airflow/venv/lib/python3.9/site-packages/airflow/example_dags/example_nested_branch_dag.py
[2021-11-18 19:12:55,223] {processor.py:637} INFO - DAG(s) dict_keys(['example_nested_branch_dag']) retrieved from /Users/sravanisigadam/PycharmProjects/Airflow/venv/lib/python3.9/site-packages/airflow/example_dags/example_nested_branch_dag.py
[2021-11-18 19:12:55,234] {logging_mixin.py:109} INFO - [2021-11-18 19:12:55,234] {dag.py:2396} INFO - Sync 1 DAGs
[2021-11-18 19:12:55,241] {logging_mixin.py:109} INFO - [2021-11-18 19:12:55,241] {dag.py:2928} INFO - Setting next_dagrun for example_nested_branch_dag to 2021-11-18 00:00:00+00:00
[2021-11-18 19:12:55,245] {processor.py:171} INFO - Processing /Users/sravanisigadam/PycharmProjects/Airflow/venv/lib/python3.9/site-packages/airflow/example_dags/example_nested_branch_dag.py took 0.056 seconds
[2021-11-18 19:14:19,183] {processor.py:163} INFO - Started process (PID=57156) to work on /Users/sravanisigadam/PycharmProjects/Airflow/venv/lib/python3.9/site-packages/airflow/example_dags/example_nested_branch_dag.py
[2021-11-18 19:14:19,183] {processor.py:625} INFO - Processing file /Users/sravanisigadam/PycharmProjects/Airflow/venv/lib/python3.9/site-packages/airflow/example_dags/example_nested_branch_dag.py for tasks to queue
[2021-11-18 19:14:19,183] {logging_mixin.py:109} INFO - [2021-11-18 19:14:19,183] {dagbag.py:500} INFO - Filling up the DagBag from /Users/sravanisigadam/PycharmProjects/Airflow/venv/lib/python3.9/site-packages/airflow/example_dags/example_nested_branch_dag.py
[2021-11-18 19:14:19,222] {processor.py:637} INFO - DAG(s) dict_keys(['example_nested_branch_dag']) retrieved from /Users/sravanisigadam/PycharmProjects/Airflow/venv/lib/python3.9/site-packages/airflow/example_dags/example_nested_branch_dag.py
[2021-11-18 19:14:19,236] {logging_mixin.py:109} INFO - [2021-11-18 19:14:19,236] {dag.py:2396} INFO - Sync 1 DAGs
[2021-11-18 19:14:19,244] {logging_mixin.py:109} INFO - [2021-11-18 19:14:19,244] {dag.py:2928} INFO - Setting next_dagrun for example_nested_branch_dag to 2021-11-18 00:00:00+00:00
[2021-11-18 19:14:19,251] {processor.py:171} INFO - Processing /Users/sravanisigadam/PycharmProjects/Airflow/venv/lib/python3.9/site-packages/airflow/example_dags/example_nested_branch_dag.py took 0.068 seconds
