[2021-11-18 16:59:06,646] {processor.py:163} INFO - Started process (PID=55551) to work on /Users/sravanisigadam/PycharmProjects/Airflow/venv/lib/python3.9/site-packages/airflow/example_dags/example_xcom.py
[2021-11-18 16:59:06,646] {processor.py:625} INFO - Processing file /Users/sravanisigadam/PycharmProjects/Airflow/venv/lib/python3.9/site-packages/airflow/example_dags/example_xcom.py for tasks to queue
[2021-11-18 16:59:06,646] {logging_mixin.py:109} INFO - [2021-11-18 16:59:06,646] {dagbag.py:500} INFO - Filling up the DagBag from /Users/sravanisigadam/PycharmProjects/Airflow/venv/lib/python3.9/site-packages/airflow/example_dags/example_xcom.py
[2021-11-18 16:59:06,680] {processor.py:637} INFO - DAG(s) dict_keys(['example_xcom']) retrieved from /Users/sravanisigadam/PycharmProjects/Airflow/venv/lib/python3.9/site-packages/airflow/example_dags/example_xcom.py
[2021-11-18 16:59:06,828] {logging_mixin.py:109} INFO - [2021-11-18 16:59:06,828] {dag.py:2396} INFO - Sync 1 DAGs
[2021-11-18 16:59:06,834] {logging_mixin.py:109} INFO - [2021-11-18 16:59:06,834] {dag.py:2928} INFO - Setting next_dagrun for example_xcom to 2021-01-01T00:00:00+00:00
[2021-11-18 16:59:06,840] {processor.py:171} INFO - Processing /Users/sravanisigadam/PycharmProjects/Airflow/venv/lib/python3.9/site-packages/airflow/example_dags/example_xcom.py took 0.194 seconds
[2021-11-18 18:25:12,358] {processor.py:163} INFO - Started process (PID=55648) to work on /Users/sravanisigadam/PycharmProjects/Airflow/venv/lib/python3.9/site-packages/airflow/example_dags/example_xcom.py
[2021-11-18 18:25:12,359] {processor.py:625} INFO - Processing file /Users/sravanisigadam/PycharmProjects/Airflow/venv/lib/python3.9/site-packages/airflow/example_dags/example_xcom.py for tasks to queue
[2021-11-18 18:25:12,359] {logging_mixin.py:109} INFO - [2021-11-18 18:25:12,359] {dagbag.py:500} INFO - Filling up the DagBag from /Users/sravanisigadam/PycharmProjects/Airflow/venv/lib/python3.9/site-packages/airflow/example_dags/example_xcom.py
[2021-11-18 18:25:12,393] {processor.py:637} INFO - DAG(s) dict_keys(['example_xcom']) retrieved from /Users/sravanisigadam/PycharmProjects/Airflow/venv/lib/python3.9/site-packages/airflow/example_dags/example_xcom.py
[2021-11-18 18:25:12,547] {logging_mixin.py:109} INFO - [2021-11-18 18:25:12,547] {dag.py:2396} INFO - Sync 1 DAGs
[2021-11-18 18:25:12,553] {logging_mixin.py:109} INFO - [2021-11-18 18:25:12,553] {dag.py:2928} INFO - Setting next_dagrun for example_xcom to 2021-01-01T00:00:00+00:00
[2021-11-18 18:25:12,559] {processor.py:171} INFO - Processing /Users/sravanisigadam/PycharmProjects/Airflow/venv/lib/python3.9/site-packages/airflow/example_dags/example_xcom.py took 0.201 seconds
[2021-11-18 18:26:31,620] {processor.py:163} INFO - Started process (PID=55792) to work on /Users/sravanisigadam/PycharmProjects/Airflow/venv/lib/python3.9/site-packages/airflow/example_dags/example_xcom.py
[2021-11-18 18:26:31,621] {processor.py:625} INFO - Processing file /Users/sravanisigadam/PycharmProjects/Airflow/venv/lib/python3.9/site-packages/airflow/example_dags/example_xcom.py for tasks to queue
[2021-11-18 18:26:31,621] {logging_mixin.py:109} INFO - [2021-11-18 18:26:31,621] {dagbag.py:500} INFO - Filling up the DagBag from /Users/sravanisigadam/PycharmProjects/Airflow/venv/lib/python3.9/site-packages/airflow/example_dags/example_xcom.py
[2021-11-18 18:26:31,661] {processor.py:637} INFO - DAG(s) dict_keys(['example_xcom']) retrieved from /Users/sravanisigadam/PycharmProjects/Airflow/venv/lib/python3.9/site-packages/airflow/example_dags/example_xcom.py
[2021-11-18 18:26:31,834] {logging_mixin.py:109} INFO - [2021-11-18 18:26:31,834] {dag.py:2396} INFO - Sync 1 DAGs
[2021-11-18 18:26:31,841] {logging_mixin.py:109} INFO - [2021-11-18 18:26:31,841] {dag.py:2928} INFO - Setting next_dagrun for example_xcom to 2021-01-01T00:00:00+00:00
[2021-11-18 18:26:31,848] {processor.py:171} INFO - Processing /Users/sravanisigadam/PycharmProjects/Airflow/venv/lib/python3.9/site-packages/airflow/example_dags/example_xcom.py took 0.227 seconds
[2021-11-18 18:27:51,443] {processor.py:163} INFO - Started process (PID=55851) to work on /Users/sravanisigadam/PycharmProjects/Airflow/venv/lib/python3.9/site-packages/airflow/example_dags/example_xcom.py
[2021-11-18 18:27:51,444] {processor.py:625} INFO - Processing file /Users/sravanisigadam/PycharmProjects/Airflow/venv/lib/python3.9/site-packages/airflow/example_dags/example_xcom.py for tasks to queue
[2021-11-18 18:27:51,444] {logging_mixin.py:109} INFO - [2021-11-18 18:27:51,444] {dagbag.py:500} INFO - Filling up the DagBag from /Users/sravanisigadam/PycharmProjects/Airflow/venv/lib/python3.9/site-packages/airflow/example_dags/example_xcom.py
[2021-11-18 18:27:51,478] {processor.py:637} INFO - DAG(s) dict_keys(['example_xcom']) retrieved from /Users/sravanisigadam/PycharmProjects/Airflow/venv/lib/python3.9/site-packages/airflow/example_dags/example_xcom.py
[2021-11-18 18:27:51,637] {logging_mixin.py:109} INFO - [2021-11-18 18:27:51,637] {dag.py:2396} INFO - Sync 1 DAGs
[2021-11-18 18:27:51,643] {logging_mixin.py:109} INFO - [2021-11-18 18:27:51,643] {dag.py:2928} INFO - Setting next_dagrun for example_xcom to 2021-01-01T00:00:00+00:00
[2021-11-18 18:27:51,649] {processor.py:171} INFO - Processing /Users/sravanisigadam/PycharmProjects/Airflow/venv/lib/python3.9/site-packages/airflow/example_dags/example_xcom.py took 0.206 seconds
[2021-11-18 18:29:11,631] {processor.py:163} INFO - Started process (PID=55911) to work on /Users/sravanisigadam/PycharmProjects/Airflow/venv/lib/python3.9/site-packages/airflow/example_dags/example_xcom.py
[2021-11-18 18:29:11,631] {processor.py:625} INFO - Processing file /Users/sravanisigadam/PycharmProjects/Airflow/venv/lib/python3.9/site-packages/airflow/example_dags/example_xcom.py for tasks to queue
[2021-11-18 18:29:11,632] {logging_mixin.py:109} INFO - [2021-11-18 18:29:11,632] {dagbag.py:500} INFO - Filling up the DagBag from /Users/sravanisigadam/PycharmProjects/Airflow/venv/lib/python3.9/site-packages/airflow/example_dags/example_xcom.py
[2021-11-18 18:29:11,665] {processor.py:637} INFO - DAG(s) dict_keys(['example_xcom']) retrieved from /Users/sravanisigadam/PycharmProjects/Airflow/venv/lib/python3.9/site-packages/airflow/example_dags/example_xcom.py
[2021-11-18 18:29:11,814] {logging_mixin.py:109} INFO - [2021-11-18 18:29:11,814] {dag.py:2396} INFO - Sync 1 DAGs
[2021-11-18 18:29:11,820] {logging_mixin.py:109} INFO - [2021-11-18 18:29:11,819] {dag.py:2928} INFO - Setting next_dagrun for example_xcom to 2021-01-01T00:00:00+00:00
[2021-11-18 18:29:11,825] {processor.py:171} INFO - Processing /Users/sravanisigadam/PycharmProjects/Airflow/venv/lib/python3.9/site-packages/airflow/example_dags/example_xcom.py took 0.195 seconds
[2021-11-18 18:30:31,671] {processor.py:163} INFO - Started process (PID=55952) to work on /Users/sravanisigadam/PycharmProjects/Airflow/venv/lib/python3.9/site-packages/airflow/example_dags/example_xcom.py
[2021-11-18 18:30:31,672] {processor.py:625} INFO - Processing file /Users/sravanisigadam/PycharmProjects/Airflow/venv/lib/python3.9/site-packages/airflow/example_dags/example_xcom.py for tasks to queue
[2021-11-18 18:30:31,672] {logging_mixin.py:109} INFO - [2021-11-18 18:30:31,672] {dagbag.py:500} INFO - Filling up the DagBag from /Users/sravanisigadam/PycharmProjects/Airflow/venv/lib/python3.9/site-packages/airflow/example_dags/example_xcom.py
[2021-11-18 18:30:31,706] {processor.py:637} INFO - DAG(s) dict_keys(['example_xcom']) retrieved from /Users/sravanisigadam/PycharmProjects/Airflow/venv/lib/python3.9/site-packages/airflow/example_dags/example_xcom.py
[2021-11-18 18:30:31,850] {logging_mixin.py:109} INFO - [2021-11-18 18:30:31,850] {dag.py:2396} INFO - Sync 1 DAGs
[2021-11-18 18:30:31,856] {logging_mixin.py:109} INFO - [2021-11-18 18:30:31,856] {dag.py:2928} INFO - Setting next_dagrun for example_xcom to 2021-01-01T00:00:00+00:00
[2021-11-18 18:30:31,862] {processor.py:171} INFO - Processing /Users/sravanisigadam/PycharmProjects/Airflow/venv/lib/python3.9/site-packages/airflow/example_dags/example_xcom.py took 0.191 seconds
[2021-11-18 18:31:51,891] {processor.py:163} INFO - Started process (PID=55999) to work on /Users/sravanisigadam/PycharmProjects/Airflow/venv/lib/python3.9/site-packages/airflow/example_dags/example_xcom.py
[2021-11-18 18:31:51,891] {processor.py:625} INFO - Processing file /Users/sravanisigadam/PycharmProjects/Airflow/venv/lib/python3.9/site-packages/airflow/example_dags/example_xcom.py for tasks to queue
[2021-11-18 18:31:51,891] {logging_mixin.py:109} INFO - [2021-11-18 18:31:51,891] {dagbag.py:500} INFO - Filling up the DagBag from /Users/sravanisigadam/PycharmProjects/Airflow/venv/lib/python3.9/site-packages/airflow/example_dags/example_xcom.py
[2021-11-18 18:31:51,926] {processor.py:637} INFO - DAG(s) dict_keys(['example_xcom']) retrieved from /Users/sravanisigadam/PycharmProjects/Airflow/venv/lib/python3.9/site-packages/airflow/example_dags/example_xcom.py
[2021-11-18 18:31:52,071] {logging_mixin.py:109} INFO - [2021-11-18 18:31:52,071] {dag.py:2396} INFO - Sync 1 DAGs
[2021-11-18 18:31:52,076] {logging_mixin.py:109} INFO - [2021-11-18 18:31:52,076] {dag.py:2928} INFO - Setting next_dagrun for example_xcom to 2021-01-01T00:00:00+00:00
[2021-11-18 18:31:52,083] {processor.py:171} INFO - Processing /Users/sravanisigadam/PycharmProjects/Airflow/venv/lib/python3.9/site-packages/airflow/example_dags/example_xcom.py took 0.192 seconds
[2021-11-18 18:33:11,904] {processor.py:163} INFO - Started process (PID=56039) to work on /Users/sravanisigadam/PycharmProjects/Airflow/venv/lib/python3.9/site-packages/airflow/example_dags/example_xcom.py
[2021-11-18 18:33:11,904] {processor.py:625} INFO - Processing file /Users/sravanisigadam/PycharmProjects/Airflow/venv/lib/python3.9/site-packages/airflow/example_dags/example_xcom.py for tasks to queue
[2021-11-18 18:33:11,904] {logging_mixin.py:109} INFO - [2021-11-18 18:33:11,904] {dagbag.py:500} INFO - Filling up the DagBag from /Users/sravanisigadam/PycharmProjects/Airflow/venv/lib/python3.9/site-packages/airflow/example_dags/example_xcom.py
[2021-11-18 18:33:11,938] {processor.py:637} INFO - DAG(s) dict_keys(['example_xcom']) retrieved from /Users/sravanisigadam/PycharmProjects/Airflow/venv/lib/python3.9/site-packages/airflow/example_dags/example_xcom.py
[2021-11-18 18:33:12,085] {logging_mixin.py:109} INFO - [2021-11-18 18:33:12,085] {dag.py:2396} INFO - Sync 1 DAGs
[2021-11-18 18:33:12,091] {logging_mixin.py:109} INFO - [2021-11-18 18:33:12,090] {dag.py:2928} INFO - Setting next_dagrun for example_xcom to 2021-01-01T00:00:00+00:00
[2021-11-18 18:33:12,096] {processor.py:171} INFO - Processing /Users/sravanisigadam/PycharmProjects/Airflow/venv/lib/python3.9/site-packages/airflow/example_dags/example_xcom.py took 0.193 seconds
[2021-11-18 18:46:17,462] {processor.py:163} INFO - Started process (PID=56100) to work on /Users/sravanisigadam/PycharmProjects/Airflow/venv/lib/python3.9/site-packages/airflow/example_dags/example_xcom.py
[2021-11-18 18:46:17,463] {processor.py:625} INFO - Processing file /Users/sravanisigadam/PycharmProjects/Airflow/venv/lib/python3.9/site-packages/airflow/example_dags/example_xcom.py for tasks to queue
[2021-11-18 18:46:17,463] {logging_mixin.py:109} INFO - [2021-11-18 18:46:17,463] {dagbag.py:500} INFO - Filling up the DagBag from /Users/sravanisigadam/PycharmProjects/Airflow/venv/lib/python3.9/site-packages/airflow/example_dags/example_xcom.py
[2021-11-18 18:46:17,497] {processor.py:637} INFO - DAG(s) dict_keys(['example_xcom']) retrieved from /Users/sravanisigadam/PycharmProjects/Airflow/venv/lib/python3.9/site-packages/airflow/example_dags/example_xcom.py
[2021-11-18 18:46:17,642] {logging_mixin.py:109} INFO - [2021-11-18 18:46:17,642] {dag.py:2396} INFO - Sync 1 DAGs
[2021-11-18 18:46:17,648] {logging_mixin.py:109} INFO - [2021-11-18 18:46:17,648] {dag.py:2928} INFO - Setting next_dagrun for example_xcom to 2021-01-01T00:00:00+00:00
[2021-11-18 18:46:17,654] {processor.py:171} INFO - Processing /Users/sravanisigadam/PycharmProjects/Airflow/venv/lib/python3.9/site-packages/airflow/example_dags/example_xcom.py took 0.192 seconds
[2021-11-18 18:47:09,182] {processor.py:163} INFO - Started process (PID=56135) to work on /Users/sravanisigadam/PycharmProjects/Airflow/venv/lib/python3.9/site-packages/airflow/example_dags/example_xcom.py
[2021-11-18 18:47:09,182] {processor.py:625} INFO - Processing file /Users/sravanisigadam/PycharmProjects/Airflow/venv/lib/python3.9/site-packages/airflow/example_dags/example_xcom.py for tasks to queue
[2021-11-18 18:47:09,182] {logging_mixin.py:109} INFO - [2021-11-18 18:47:09,182] {dagbag.py:500} INFO - Filling up the DagBag from /Users/sravanisigadam/PycharmProjects/Airflow/venv/lib/python3.9/site-packages/airflow/example_dags/example_xcom.py
[2021-11-18 18:47:09,221] {processor.py:637} INFO - DAG(s) dict_keys(['example_xcom']) retrieved from /Users/sravanisigadam/PycharmProjects/Airflow/venv/lib/python3.9/site-packages/airflow/example_dags/example_xcom.py
[2021-11-18 18:47:09,400] {logging_mixin.py:109} INFO - [2021-11-18 18:47:09,400] {dag.py:2396} INFO - Sync 1 DAGs
[2021-11-18 18:47:09,408] {logging_mixin.py:109} INFO - [2021-11-18 18:47:09,408] {dag.py:2928} INFO - Setting next_dagrun for example_xcom to 2021-01-01T00:00:00+00:00
[2021-11-18 18:47:09,416] {processor.py:171} INFO - Processing /Users/sravanisigadam/PycharmProjects/Airflow/venv/lib/python3.9/site-packages/airflow/example_dags/example_xcom.py took 0.235 seconds
[2021-11-18 18:48:27,916] {processor.py:163} INFO - Started process (PID=56194) to work on /Users/sravanisigadam/PycharmProjects/Airflow/venv/lib/python3.9/site-packages/airflow/example_dags/example_xcom.py
[2021-11-18 18:48:27,917] {processor.py:625} INFO - Processing file /Users/sravanisigadam/PycharmProjects/Airflow/venv/lib/python3.9/site-packages/airflow/example_dags/example_xcom.py for tasks to queue
[2021-11-18 18:48:27,917] {logging_mixin.py:109} INFO - [2021-11-18 18:48:27,917] {dagbag.py:500} INFO - Filling up the DagBag from /Users/sravanisigadam/PycharmProjects/Airflow/venv/lib/python3.9/site-packages/airflow/example_dags/example_xcom.py
[2021-11-18 18:48:27,950] {processor.py:637} INFO - DAG(s) dict_keys(['example_xcom']) retrieved from /Users/sravanisigadam/PycharmProjects/Airflow/venv/lib/python3.9/site-packages/airflow/example_dags/example_xcom.py
[2021-11-18 18:48:28,097] {logging_mixin.py:109} INFO - [2021-11-18 18:48:28,097] {dag.py:2396} INFO - Sync 1 DAGs
[2021-11-18 18:48:28,103] {logging_mixin.py:109} INFO - [2021-11-18 18:48:28,103] {dag.py:2928} INFO - Setting next_dagrun for example_xcom to 2021-01-01T00:00:00+00:00
[2021-11-18 18:48:28,109] {processor.py:171} INFO - Processing /Users/sravanisigadam/PycharmProjects/Airflow/venv/lib/python3.9/site-packages/airflow/example_dags/example_xcom.py took 0.193 seconds
[2021-11-18 18:49:48,894] {processor.py:163} INFO - Started process (PID=56243) to work on /Users/sravanisigadam/PycharmProjects/Airflow/venv/lib/python3.9/site-packages/airflow/example_dags/example_xcom.py
[2021-11-18 18:49:48,895] {processor.py:625} INFO - Processing file /Users/sravanisigadam/PycharmProjects/Airflow/venv/lib/python3.9/site-packages/airflow/example_dags/example_xcom.py for tasks to queue
[2021-11-18 18:49:48,895] {logging_mixin.py:109} INFO - [2021-11-18 18:49:48,895] {dagbag.py:500} INFO - Filling up the DagBag from /Users/sravanisigadam/PycharmProjects/Airflow/venv/lib/python3.9/site-packages/airflow/example_dags/example_xcom.py
[2021-11-18 18:49:48,931] {processor.py:637} INFO - DAG(s) dict_keys(['example_xcom']) retrieved from /Users/sravanisigadam/PycharmProjects/Airflow/venv/lib/python3.9/site-packages/airflow/example_dags/example_xcom.py
[2021-11-18 18:49:49,077] {logging_mixin.py:109} INFO - [2021-11-18 18:49:49,077] {dag.py:2396} INFO - Sync 1 DAGs
[2021-11-18 18:49:49,083] {logging_mixin.py:109} INFO - [2021-11-18 18:49:49,083] {dag.py:2928} INFO - Setting next_dagrun for example_xcom to 2021-01-01T00:00:00+00:00
[2021-11-18 18:49:49,088] {processor.py:171} INFO - Processing /Users/sravanisigadam/PycharmProjects/Airflow/venv/lib/python3.9/site-packages/airflow/example_dags/example_xcom.py took 0.194 seconds
[2021-11-18 18:51:04,054] {processor.py:163} INFO - Started process (PID=56283) to work on /Users/sravanisigadam/PycharmProjects/Airflow/venv/lib/python3.9/site-packages/airflow/example_dags/example_xcom.py
[2021-11-18 18:51:04,054] {processor.py:625} INFO - Processing file /Users/sravanisigadam/PycharmProjects/Airflow/venv/lib/python3.9/site-packages/airflow/example_dags/example_xcom.py for tasks to queue
[2021-11-18 18:51:04,055] {logging_mixin.py:109} INFO - [2021-11-18 18:51:04,055] {dagbag.py:500} INFO - Filling up the DagBag from /Users/sravanisigadam/PycharmProjects/Airflow/venv/lib/python3.9/site-packages/airflow/example_dags/example_xcom.py
[2021-11-18 18:51:04,089] {processor.py:637} INFO - DAG(s) dict_keys(['example_xcom']) retrieved from /Users/sravanisigadam/PycharmProjects/Airflow/venv/lib/python3.9/site-packages/airflow/example_dags/example_xcom.py
[2021-11-18 18:51:04,246] {logging_mixin.py:109} INFO - [2021-11-18 18:51:04,246] {dag.py:2396} INFO - Sync 1 DAGs
[2021-11-18 18:51:04,252] {logging_mixin.py:109} INFO - [2021-11-18 18:51:04,252] {dag.py:2928} INFO - Setting next_dagrun for example_xcom to 2021-01-01T00:00:00+00:00
[2021-11-18 18:51:04,258] {processor.py:171} INFO - Processing /Users/sravanisigadam/PycharmProjects/Airflow/venv/lib/python3.9/site-packages/airflow/example_dags/example_xcom.py took 0.204 seconds
[2021-11-18 18:52:22,160] {processor.py:163} INFO - Started process (PID=56326) to work on /Users/sravanisigadam/PycharmProjects/Airflow/venv/lib/python3.9/site-packages/airflow/example_dags/example_xcom.py
[2021-11-18 18:52:22,161] {processor.py:625} INFO - Processing file /Users/sravanisigadam/PycharmProjects/Airflow/venv/lib/python3.9/site-packages/airflow/example_dags/example_xcom.py for tasks to queue
[2021-11-18 18:52:22,162] {logging_mixin.py:109} INFO - [2021-11-18 18:52:22,162] {dagbag.py:500} INFO - Filling up the DagBag from /Users/sravanisigadam/PycharmProjects/Airflow/venv/lib/python3.9/site-packages/airflow/example_dags/example_xcom.py
[2021-11-18 18:52:22,196] {processor.py:637} INFO - DAG(s) dict_keys(['example_xcom']) retrieved from /Users/sravanisigadam/PycharmProjects/Airflow/venv/lib/python3.9/site-packages/airflow/example_dags/example_xcom.py
[2021-11-18 18:52:22,342] {logging_mixin.py:109} INFO - [2021-11-18 18:52:22,342] {dag.py:2396} INFO - Sync 1 DAGs
[2021-11-18 18:52:22,348] {logging_mixin.py:109} INFO - [2021-11-18 18:52:22,348] {dag.py:2928} INFO - Setting next_dagrun for example_xcom to 2021-01-01T00:00:00+00:00
[2021-11-18 18:52:22,355] {processor.py:171} INFO - Processing /Users/sravanisigadam/PycharmProjects/Airflow/venv/lib/python3.9/site-packages/airflow/example_dags/example_xcom.py took 0.195 seconds
[2021-11-18 18:53:40,728] {processor.py:163} INFO - Started process (PID=56365) to work on /Users/sravanisigadam/PycharmProjects/Airflow/venv/lib/python3.9/site-packages/airflow/example_dags/example_xcom.py
[2021-11-18 18:53:40,729] {processor.py:625} INFO - Processing file /Users/sravanisigadam/PycharmProjects/Airflow/venv/lib/python3.9/site-packages/airflow/example_dags/example_xcom.py for tasks to queue
[2021-11-18 18:53:40,729] {logging_mixin.py:109} INFO - [2021-11-18 18:53:40,729] {dagbag.py:500} INFO - Filling up the DagBag from /Users/sravanisigadam/PycharmProjects/Airflow/venv/lib/python3.9/site-packages/airflow/example_dags/example_xcom.py
[2021-11-18 18:53:40,763] {processor.py:637} INFO - DAG(s) dict_keys(['example_xcom']) retrieved from /Users/sravanisigadam/PycharmProjects/Airflow/venv/lib/python3.9/site-packages/airflow/example_dags/example_xcom.py
[2021-11-18 18:53:40,912] {logging_mixin.py:109} INFO - [2021-11-18 18:53:40,912] {dag.py:2396} INFO - Sync 1 DAGs
[2021-11-18 18:53:40,918] {logging_mixin.py:109} INFO - [2021-11-18 18:53:40,918] {dag.py:2928} INFO - Setting next_dagrun for example_xcom to 2021-01-01T00:00:00+00:00
[2021-11-18 18:53:40,924] {processor.py:171} INFO - Processing /Users/sravanisigadam/PycharmProjects/Airflow/venv/lib/python3.9/site-packages/airflow/example_dags/example_xcom.py took 0.196 seconds
[2021-11-18 18:54:58,338] {processor.py:163} INFO - Started process (PID=56405) to work on /Users/sravanisigadam/PycharmProjects/Airflow/venv/lib/python3.9/site-packages/airflow/example_dags/example_xcom.py
[2021-11-18 18:54:58,339] {processor.py:625} INFO - Processing file /Users/sravanisigadam/PycharmProjects/Airflow/venv/lib/python3.9/site-packages/airflow/example_dags/example_xcom.py for tasks to queue
[2021-11-18 18:54:58,339] {logging_mixin.py:109} INFO - [2021-11-18 18:54:58,339] {dagbag.py:500} INFO - Filling up the DagBag from /Users/sravanisigadam/PycharmProjects/Airflow/venv/lib/python3.9/site-packages/airflow/example_dags/example_xcom.py
[2021-11-18 18:54:58,372] {processor.py:637} INFO - DAG(s) dict_keys(['example_xcom']) retrieved from /Users/sravanisigadam/PycharmProjects/Airflow/venv/lib/python3.9/site-packages/airflow/example_dags/example_xcom.py
[2021-11-18 18:54:58,520] {logging_mixin.py:109} INFO - [2021-11-18 18:54:58,519] {dag.py:2396} INFO - Sync 1 DAGs
[2021-11-18 18:54:58,525] {logging_mixin.py:109} INFO - [2021-11-18 18:54:58,525] {dag.py:2928} INFO - Setting next_dagrun for example_xcom to 2021-01-01T00:00:00+00:00
[2021-11-18 18:54:58,531] {processor.py:171} INFO - Processing /Users/sravanisigadam/PycharmProjects/Airflow/venv/lib/python3.9/site-packages/airflow/example_dags/example_xcom.py took 0.194 seconds
[2021-11-18 18:56:16,946] {processor.py:163} INFO - Started process (PID=56448) to work on /Users/sravanisigadam/PycharmProjects/Airflow/venv/lib/python3.9/site-packages/airflow/example_dags/example_xcom.py
[2021-11-18 18:56:16,947] {processor.py:625} INFO - Processing file /Users/sravanisigadam/PycharmProjects/Airflow/venv/lib/python3.9/site-packages/airflow/example_dags/example_xcom.py for tasks to queue
[2021-11-18 18:56:16,947] {logging_mixin.py:109} INFO - [2021-11-18 18:56:16,947] {dagbag.py:500} INFO - Filling up the DagBag from /Users/sravanisigadam/PycharmProjects/Airflow/venv/lib/python3.9/site-packages/airflow/example_dags/example_xcom.py
[2021-11-18 18:56:16,978] {processor.py:637} INFO - DAG(s) dict_keys(['example_xcom']) retrieved from /Users/sravanisigadam/PycharmProjects/Airflow/venv/lib/python3.9/site-packages/airflow/example_dags/example_xcom.py
[2021-11-18 18:56:17,131] {logging_mixin.py:109} INFO - [2021-11-18 18:56:17,131] {dag.py:2396} INFO - Sync 1 DAGs
[2021-11-18 18:56:17,137] {logging_mixin.py:109} INFO - [2021-11-18 18:56:17,137] {dag.py:2928} INFO - Setting next_dagrun for example_xcom to 2021-01-01T00:00:00+00:00
[2021-11-18 18:56:17,143] {processor.py:171} INFO - Processing /Users/sravanisigadam/PycharmProjects/Airflow/venv/lib/python3.9/site-packages/airflow/example_dags/example_xcom.py took 0.197 seconds
[2021-11-18 18:57:34,835] {processor.py:163} INFO - Started process (PID=56489) to work on /Users/sravanisigadam/PycharmProjects/Airflow/venv/lib/python3.9/site-packages/airflow/example_dags/example_xcom.py
[2021-11-18 18:57:34,835] {processor.py:625} INFO - Processing file /Users/sravanisigadam/PycharmProjects/Airflow/venv/lib/python3.9/site-packages/airflow/example_dags/example_xcom.py for tasks to queue
[2021-11-18 18:57:34,836] {logging_mixin.py:109} INFO - [2021-11-18 18:57:34,836] {dagbag.py:500} INFO - Filling up the DagBag from /Users/sravanisigadam/PycharmProjects/Airflow/venv/lib/python3.9/site-packages/airflow/example_dags/example_xcom.py
[2021-11-18 18:57:34,871] {processor.py:637} INFO - DAG(s) dict_keys(['example_xcom']) retrieved from /Users/sravanisigadam/PycharmProjects/Airflow/venv/lib/python3.9/site-packages/airflow/example_dags/example_xcom.py
[2021-11-18 18:57:35,049] {logging_mixin.py:109} INFO - [2021-11-18 18:57:35,049] {dag.py:2396} INFO - Sync 1 DAGs
[2021-11-18 18:57:35,055] {logging_mixin.py:109} INFO - [2021-11-18 18:57:35,055] {dag.py:2928} INFO - Setting next_dagrun for example_xcom to 2021-01-01T00:00:00+00:00
[2021-11-18 18:57:35,064] {processor.py:171} INFO - Processing /Users/sravanisigadam/PycharmProjects/Airflow/venv/lib/python3.9/site-packages/airflow/example_dags/example_xcom.py took 0.229 seconds
[2021-11-18 18:58:52,467] {processor.py:163} INFO - Started process (PID=56538) to work on /Users/sravanisigadam/PycharmProjects/Airflow/venv/lib/python3.9/site-packages/airflow/example_dags/example_xcom.py
[2021-11-18 18:58:52,468] {processor.py:625} INFO - Processing file /Users/sravanisigadam/PycharmProjects/Airflow/venv/lib/python3.9/site-packages/airflow/example_dags/example_xcom.py for tasks to queue
[2021-11-18 18:58:52,468] {logging_mixin.py:109} INFO - [2021-11-18 18:58:52,468] {dagbag.py:500} INFO - Filling up the DagBag from /Users/sravanisigadam/PycharmProjects/Airflow/venv/lib/python3.9/site-packages/airflow/example_dags/example_xcom.py
[2021-11-18 18:58:52,501] {processor.py:637} INFO - DAG(s) dict_keys(['example_xcom']) retrieved from /Users/sravanisigadam/PycharmProjects/Airflow/venv/lib/python3.9/site-packages/airflow/example_dags/example_xcom.py
[2021-11-18 18:58:52,648] {logging_mixin.py:109} INFO - [2021-11-18 18:58:52,648] {dag.py:2396} INFO - Sync 1 DAGs
[2021-11-18 18:58:52,654] {logging_mixin.py:109} INFO - [2021-11-18 18:58:52,654] {dag.py:2928} INFO - Setting next_dagrun for example_xcom to 2021-01-01T00:00:00+00:00
[2021-11-18 18:58:52,660] {processor.py:171} INFO - Processing /Users/sravanisigadam/PycharmProjects/Airflow/venv/lib/python3.9/site-packages/airflow/example_dags/example_xcom.py took 0.193 seconds
[2021-11-18 19:00:13,256] {processor.py:163} INFO - Started process (PID=56579) to work on /Users/sravanisigadam/PycharmProjects/Airflow/venv/lib/python3.9/site-packages/airflow/example_dags/example_xcom.py
[2021-11-18 19:00:13,256] {processor.py:625} INFO - Processing file /Users/sravanisigadam/PycharmProjects/Airflow/venv/lib/python3.9/site-packages/airflow/example_dags/example_xcom.py for tasks to queue
[2021-11-18 19:00:13,256] {logging_mixin.py:109} INFO - [2021-11-18 19:00:13,256] {dagbag.py:500} INFO - Filling up the DagBag from /Users/sravanisigadam/PycharmProjects/Airflow/venv/lib/python3.9/site-packages/airflow/example_dags/example_xcom.py
[2021-11-18 19:00:13,291] {processor.py:637} INFO - DAG(s) dict_keys(['example_xcom']) retrieved from /Users/sravanisigadam/PycharmProjects/Airflow/venv/lib/python3.9/site-packages/airflow/example_dags/example_xcom.py
[2021-11-18 19:00:13,439] {logging_mixin.py:109} INFO - [2021-11-18 19:00:13,439] {dag.py:2396} INFO - Sync 1 DAGs
[2021-11-18 19:00:13,445] {logging_mixin.py:109} INFO - [2021-11-18 19:00:13,445] {dag.py:2928} INFO - Setting next_dagrun for example_xcom to 2021-01-01T00:00:00+00:00
[2021-11-18 19:00:13,451] {processor.py:171} INFO - Processing /Users/sravanisigadam/PycharmProjects/Airflow/venv/lib/python3.9/site-packages/airflow/example_dags/example_xcom.py took 0.196 seconds
[2021-11-18 19:01:31,911] {processor.py:163} INFO - Started process (PID=56628) to work on /Users/sravanisigadam/PycharmProjects/Airflow/venv/lib/python3.9/site-packages/airflow/example_dags/example_xcom.py
[2021-11-18 19:01:31,912] {processor.py:625} INFO - Processing file /Users/sravanisigadam/PycharmProjects/Airflow/venv/lib/python3.9/site-packages/airflow/example_dags/example_xcom.py for tasks to queue
[2021-11-18 19:01:31,913] {logging_mixin.py:109} INFO - [2021-11-18 19:01:31,913] {dagbag.py:500} INFO - Filling up the DagBag from /Users/sravanisigadam/PycharmProjects/Airflow/venv/lib/python3.9/site-packages/airflow/example_dags/example_xcom.py
[2021-11-18 19:01:31,945] {processor.py:637} INFO - DAG(s) dict_keys(['example_xcom']) retrieved from /Users/sravanisigadam/PycharmProjects/Airflow/venv/lib/python3.9/site-packages/airflow/example_dags/example_xcom.py
[2021-11-18 19:01:32,090] {logging_mixin.py:109} INFO - [2021-11-18 19:01:32,090] {dag.py:2396} INFO - Sync 1 DAGs
[2021-11-18 19:01:32,096] {logging_mixin.py:109} INFO - [2021-11-18 19:01:32,096] {dag.py:2928} INFO - Setting next_dagrun for example_xcom to 2021-01-01T00:00:00+00:00
[2021-11-18 19:01:32,102] {processor.py:171} INFO - Processing /Users/sravanisigadam/PycharmProjects/Airflow/venv/lib/python3.9/site-packages/airflow/example_dags/example_xcom.py took 0.191 seconds
[2021-11-18 19:02:49,291] {processor.py:163} INFO - Started process (PID=56670) to work on /Users/sravanisigadam/PycharmProjects/Airflow/venv/lib/python3.9/site-packages/airflow/example_dags/example_xcom.py
[2021-11-18 19:02:49,292] {processor.py:625} INFO - Processing file /Users/sravanisigadam/PycharmProjects/Airflow/venv/lib/python3.9/site-packages/airflow/example_dags/example_xcom.py for tasks to queue
[2021-11-18 19:02:49,292] {logging_mixin.py:109} INFO - [2021-11-18 19:02:49,292] {dagbag.py:500} INFO - Filling up the DagBag from /Users/sravanisigadam/PycharmProjects/Airflow/venv/lib/python3.9/site-packages/airflow/example_dags/example_xcom.py
[2021-11-18 19:02:49,324] {processor.py:637} INFO - DAG(s) dict_keys(['example_xcom']) retrieved from /Users/sravanisigadam/PycharmProjects/Airflow/venv/lib/python3.9/site-packages/airflow/example_dags/example_xcom.py
[2021-11-18 19:02:49,472] {logging_mixin.py:109} INFO - [2021-11-18 19:02:49,472] {dag.py:2396} INFO - Sync 1 DAGs
[2021-11-18 19:02:49,478] {logging_mixin.py:109} INFO - [2021-11-18 19:02:49,478] {dag.py:2928} INFO - Setting next_dagrun for example_xcom to 2021-01-01T00:00:00+00:00
[2021-11-18 19:02:49,484] {processor.py:171} INFO - Processing /Users/sravanisigadam/PycharmProjects/Airflow/venv/lib/python3.9/site-packages/airflow/example_dags/example_xcom.py took 0.194 seconds
[2021-11-18 19:04:06,896] {processor.py:163} INFO - Started process (PID=56718) to work on /Users/sravanisigadam/PycharmProjects/Airflow/venv/lib/python3.9/site-packages/airflow/example_dags/example_xcom.py
[2021-11-18 19:04:06,896] {processor.py:625} INFO - Processing file /Users/sravanisigadam/PycharmProjects/Airflow/venv/lib/python3.9/site-packages/airflow/example_dags/example_xcom.py for tasks to queue
[2021-11-18 19:04:06,896] {logging_mixin.py:109} INFO - [2021-11-18 19:04:06,896] {dagbag.py:500} INFO - Filling up the DagBag from /Users/sravanisigadam/PycharmProjects/Airflow/venv/lib/python3.9/site-packages/airflow/example_dags/example_xcom.py
[2021-11-18 19:04:06,932] {processor.py:637} INFO - DAG(s) dict_keys(['example_xcom']) retrieved from /Users/sravanisigadam/PycharmProjects/Airflow/venv/lib/python3.9/site-packages/airflow/example_dags/example_xcom.py
[2021-11-18 19:04:07,078] {logging_mixin.py:109} INFO - [2021-11-18 19:04:07,078] {dag.py:2396} INFO - Sync 1 DAGs
[2021-11-18 19:04:07,084] {logging_mixin.py:109} INFO - [2021-11-18 19:04:07,084] {dag.py:2928} INFO - Setting next_dagrun for example_xcom to 2021-01-01T00:00:00+00:00
[2021-11-18 19:04:07,091] {processor.py:171} INFO - Processing /Users/sravanisigadam/PycharmProjects/Airflow/venv/lib/python3.9/site-packages/airflow/example_dags/example_xcom.py took 0.195 seconds
[2021-11-18 19:05:26,311] {processor.py:163} INFO - Started process (PID=56769) to work on /Users/sravanisigadam/PycharmProjects/Airflow/venv/lib/python3.9/site-packages/airflow/example_dags/example_xcom.py
[2021-11-18 19:05:26,312] {processor.py:625} INFO - Processing file /Users/sravanisigadam/PycharmProjects/Airflow/venv/lib/python3.9/site-packages/airflow/example_dags/example_xcom.py for tasks to queue
[2021-11-18 19:05:26,312] {logging_mixin.py:109} INFO - [2021-11-18 19:05:26,312] {dagbag.py:500} INFO - Filling up the DagBag from /Users/sravanisigadam/PycharmProjects/Airflow/venv/lib/python3.9/site-packages/airflow/example_dags/example_xcom.py
[2021-11-18 19:05:26,347] {processor.py:637} INFO - DAG(s) dict_keys(['example_xcom']) retrieved from /Users/sravanisigadam/PycharmProjects/Airflow/venv/lib/python3.9/site-packages/airflow/example_dags/example_xcom.py
[2021-11-18 19:05:26,537] {logging_mixin.py:109} INFO - [2021-11-18 19:05:26,537] {dag.py:2396} INFO - Sync 1 DAGs
[2021-11-18 19:05:26,543] {logging_mixin.py:109} INFO - [2021-11-18 19:05:26,543] {dag.py:2928} INFO - Setting next_dagrun for example_xcom to 2021-01-01T00:00:00+00:00
[2021-11-18 19:05:26,549] {processor.py:171} INFO - Processing /Users/sravanisigadam/PycharmProjects/Airflow/venv/lib/python3.9/site-packages/airflow/example_dags/example_xcom.py took 0.238 seconds
[2021-11-18 19:06:45,098] {processor.py:163} INFO - Started process (PID=56838) to work on /Users/sravanisigadam/PycharmProjects/Airflow/venv/lib/python3.9/site-packages/airflow/example_dags/example_xcom.py
[2021-11-18 19:06:45,099] {processor.py:625} INFO - Processing file /Users/sravanisigadam/PycharmProjects/Airflow/venv/lib/python3.9/site-packages/airflow/example_dags/example_xcom.py for tasks to queue
[2021-11-18 19:06:45,099] {logging_mixin.py:109} INFO - [2021-11-18 19:06:45,099] {dagbag.py:500} INFO - Filling up the DagBag from /Users/sravanisigadam/PycharmProjects/Airflow/venv/lib/python3.9/site-packages/airflow/example_dags/example_xcom.py
[2021-11-18 19:06:45,134] {processor.py:637} INFO - DAG(s) dict_keys(['example_xcom']) retrieved from /Users/sravanisigadam/PycharmProjects/Airflow/venv/lib/python3.9/site-packages/airflow/example_dags/example_xcom.py
[2021-11-18 19:06:45,279] {logging_mixin.py:109} INFO - [2021-11-18 19:06:45,279] {dag.py:2396} INFO - Sync 1 DAGs
[2021-11-18 19:06:45,285] {logging_mixin.py:109} INFO - [2021-11-18 19:06:45,284] {dag.py:2928} INFO - Setting next_dagrun for example_xcom to 2021-01-01T00:00:00+00:00
[2021-11-18 19:06:45,291] {processor.py:171} INFO - Processing /Users/sravanisigadam/PycharmProjects/Airflow/venv/lib/python3.9/site-packages/airflow/example_dags/example_xcom.py took 0.193 seconds
[2021-11-18 19:08:03,943] {processor.py:163} INFO - Started process (PID=56912) to work on /Users/sravanisigadam/PycharmProjects/Airflow/venv/lib/python3.9/site-packages/airflow/example_dags/example_xcom.py
[2021-11-18 19:08:03,944] {processor.py:625} INFO - Processing file /Users/sravanisigadam/PycharmProjects/Airflow/venv/lib/python3.9/site-packages/airflow/example_dags/example_xcom.py for tasks to queue
[2021-11-18 19:08:03,944] {logging_mixin.py:109} INFO - [2021-11-18 19:08:03,944] {dagbag.py:500} INFO - Filling up the DagBag from /Users/sravanisigadam/PycharmProjects/Airflow/venv/lib/python3.9/site-packages/airflow/example_dags/example_xcom.py
[2021-11-18 19:08:03,978] {processor.py:637} INFO - DAG(s) dict_keys(['example_xcom']) retrieved from /Users/sravanisigadam/PycharmProjects/Airflow/venv/lib/python3.9/site-packages/airflow/example_dags/example_xcom.py
[2021-11-18 19:08:04,126] {logging_mixin.py:109} INFO - [2021-11-18 19:08:04,125] {dag.py:2396} INFO - Sync 1 DAGs
[2021-11-18 19:08:04,131] {logging_mixin.py:109} INFO - [2021-11-18 19:08:04,131] {dag.py:2928} INFO - Setting next_dagrun for example_xcom to 2021-01-01T00:00:00+00:00
[2021-11-18 19:08:04,138] {processor.py:171} INFO - Processing /Users/sravanisigadam/PycharmProjects/Airflow/venv/lib/python3.9/site-packages/airflow/example_dags/example_xcom.py took 0.195 seconds
[2021-11-18 19:09:21,670] {processor.py:163} INFO - Started process (PID=56957) to work on /Users/sravanisigadam/PycharmProjects/Airflow/venv/lib/python3.9/site-packages/airflow/example_dags/example_xcom.py
[2021-11-18 19:09:21,671] {processor.py:625} INFO - Processing file /Users/sravanisigadam/PycharmProjects/Airflow/venv/lib/python3.9/site-packages/airflow/example_dags/example_xcom.py for tasks to queue
[2021-11-18 19:09:21,671] {logging_mixin.py:109} INFO - [2021-11-18 19:09:21,671] {dagbag.py:500} INFO - Filling up the DagBag from /Users/sravanisigadam/PycharmProjects/Airflow/venv/lib/python3.9/site-packages/airflow/example_dags/example_xcom.py
[2021-11-18 19:09:21,705] {processor.py:637} INFO - DAG(s) dict_keys(['example_xcom']) retrieved from /Users/sravanisigadam/PycharmProjects/Airflow/venv/lib/python3.9/site-packages/airflow/example_dags/example_xcom.py
[2021-11-18 19:09:21,857] {logging_mixin.py:109} INFO - [2021-11-18 19:09:21,857] {dag.py:2396} INFO - Sync 1 DAGs
[2021-11-18 19:09:21,863] {logging_mixin.py:109} INFO - [2021-11-18 19:09:21,863] {dag.py:2928} INFO - Setting next_dagrun for example_xcom to 2021-01-01T00:00:00+00:00
[2021-11-18 19:09:21,869] {processor.py:171} INFO - Processing /Users/sravanisigadam/PycharmProjects/Airflow/venv/lib/python3.9/site-packages/airflow/example_dags/example_xcom.py took 0.199 seconds
[2021-11-18 19:10:42,064] {processor.py:163} INFO - Started process (PID=57002) to work on /Users/sravanisigadam/PycharmProjects/Airflow/venv/lib/python3.9/site-packages/airflow/example_dags/example_xcom.py
[2021-11-18 19:10:42,065] {processor.py:625} INFO - Processing file /Users/sravanisigadam/PycharmProjects/Airflow/venv/lib/python3.9/site-packages/airflow/example_dags/example_xcom.py for tasks to queue
[2021-11-18 19:10:42,065] {logging_mixin.py:109} INFO - [2021-11-18 19:10:42,065] {dagbag.py:500} INFO - Filling up the DagBag from /Users/sravanisigadam/PycharmProjects/Airflow/venv/lib/python3.9/site-packages/airflow/example_dags/example_xcom.py
[2021-11-18 19:10:42,100] {processor.py:637} INFO - DAG(s) dict_keys(['example_xcom']) retrieved from /Users/sravanisigadam/PycharmProjects/Airflow/venv/lib/python3.9/site-packages/airflow/example_dags/example_xcom.py
[2021-11-18 19:10:42,248] {logging_mixin.py:109} INFO - [2021-11-18 19:10:42,248] {dag.py:2396} INFO - Sync 1 DAGs
[2021-11-18 19:10:42,254] {logging_mixin.py:109} INFO - [2021-11-18 19:10:42,254] {dag.py:2928} INFO - Setting next_dagrun for example_xcom to 2021-01-01T00:00:00+00:00
[2021-11-18 19:10:42,260] {processor.py:171} INFO - Processing /Users/sravanisigadam/PycharmProjects/Airflow/venv/lib/python3.9/site-packages/airflow/example_dags/example_xcom.py took 0.196 seconds
[2021-11-18 19:12:02,756] {processor.py:163} INFO - Started process (PID=57053) to work on /Users/sravanisigadam/PycharmProjects/Airflow/venv/lib/python3.9/site-packages/airflow/example_dags/example_xcom.py
[2021-11-18 19:12:02,757] {processor.py:625} INFO - Processing file /Users/sravanisigadam/PycharmProjects/Airflow/venv/lib/python3.9/site-packages/airflow/example_dags/example_xcom.py for tasks to queue
[2021-11-18 19:12:02,758] {logging_mixin.py:109} INFO - [2021-11-18 19:12:02,758] {dagbag.py:500} INFO - Filling up the DagBag from /Users/sravanisigadam/PycharmProjects/Airflow/venv/lib/python3.9/site-packages/airflow/example_dags/example_xcom.py
[2021-11-18 19:12:02,796] {processor.py:637} INFO - DAG(s) dict_keys(['example_xcom']) retrieved from /Users/sravanisigadam/PycharmProjects/Airflow/venv/lib/python3.9/site-packages/airflow/example_dags/example_xcom.py
[2021-11-18 19:12:02,945] {logging_mixin.py:109} INFO - [2021-11-18 19:12:02,945] {dag.py:2396} INFO - Sync 1 DAGs
[2021-11-18 19:12:02,951] {logging_mixin.py:109} INFO - [2021-11-18 19:12:02,951] {dag.py:2928} INFO - Setting next_dagrun for example_xcom to 2021-01-01T00:00:00+00:00
[2021-11-18 19:12:02,957] {processor.py:171} INFO - Processing /Users/sravanisigadam/PycharmProjects/Airflow/venv/lib/python3.9/site-packages/airflow/example_dags/example_xcom.py took 0.201 seconds
[2021-11-18 19:13:24,237] {processor.py:163} INFO - Started process (PID=57102) to work on /Users/sravanisigadam/PycharmProjects/Airflow/venv/lib/python3.9/site-packages/airflow/example_dags/example_xcom.py
[2021-11-18 19:13:24,238] {processor.py:625} INFO - Processing file /Users/sravanisigadam/PycharmProjects/Airflow/venv/lib/python3.9/site-packages/airflow/example_dags/example_xcom.py for tasks to queue
[2021-11-18 19:13:24,238] {logging_mixin.py:109} INFO - [2021-11-18 19:13:24,238] {dagbag.py:500} INFO - Filling up the DagBag from /Users/sravanisigadam/PycharmProjects/Airflow/venv/lib/python3.9/site-packages/airflow/example_dags/example_xcom.py
[2021-11-18 19:13:24,279] {processor.py:637} INFO - DAG(s) dict_keys(['example_xcom']) retrieved from /Users/sravanisigadam/PycharmProjects/Airflow/venv/lib/python3.9/site-packages/airflow/example_dags/example_xcom.py
[2021-11-18 19:13:24,455] {logging_mixin.py:109} INFO - [2021-11-18 19:13:24,454] {dag.py:2396} INFO - Sync 1 DAGs
[2021-11-18 19:13:24,461] {logging_mixin.py:109} INFO - [2021-11-18 19:13:24,461] {dag.py:2928} INFO - Setting next_dagrun for example_xcom to 2021-01-01T00:00:00+00:00
[2021-11-18 19:13:24,468] {processor.py:171} INFO - Processing /Users/sravanisigadam/PycharmProjects/Airflow/venv/lib/python3.9/site-packages/airflow/example_dags/example_xcom.py took 0.231 seconds
[2021-11-18 19:14:45,278] {processor.py:163} INFO - Started process (PID=57176) to work on /Users/sravanisigadam/PycharmProjects/Airflow/venv/lib/python3.9/site-packages/airflow/example_dags/example_xcom.py
[2021-11-18 19:14:45,279] {processor.py:625} INFO - Processing file /Users/sravanisigadam/PycharmProjects/Airflow/venv/lib/python3.9/site-packages/airflow/example_dags/example_xcom.py for tasks to queue
[2021-11-18 19:14:45,279] {logging_mixin.py:109} INFO - [2021-11-18 19:14:45,279] {dagbag.py:500} INFO - Filling up the DagBag from /Users/sravanisigadam/PycharmProjects/Airflow/venv/lib/python3.9/site-packages/airflow/example_dags/example_xcom.py
[2021-11-18 19:14:45,313] {processor.py:637} INFO - DAG(s) dict_keys(['example_xcom']) retrieved from /Users/sravanisigadam/PycharmProjects/Airflow/venv/lib/python3.9/site-packages/airflow/example_dags/example_xcom.py
[2021-11-18 19:14:45,538] {logging_mixin.py:109} INFO - [2021-11-18 19:14:45,538] {dag.py:2396} INFO - Sync 1 DAGs
[2021-11-18 19:14:45,544] {logging_mixin.py:109} INFO - [2021-11-18 19:14:45,544] {dag.py:2928} INFO - Setting next_dagrun for example_xcom to 2021-01-01T00:00:00+00:00
[2021-11-18 19:14:45,551] {processor.py:171} INFO - Processing /Users/sravanisigadam/PycharmProjects/Airflow/venv/lib/python3.9/site-packages/airflow/example_dags/example_xcom.py took 0.273 seconds
