[2021-11-18 18:24:14,478] {processor.py:163} INFO - Started process (PID=55568) to work on /Users/sravanisigadam/PycharmProjects/Airflow/venv/lib/python3.9/site-packages/airflow/example_dags/example_subdag_operator.py
[2021-11-18 18:24:14,479] {processor.py:625} INFO - Processing file /Users/sravanisigadam/PycharmProjects/Airflow/venv/lib/python3.9/site-packages/airflow/example_dags/example_subdag_operator.py for tasks to queue
[2021-11-18 18:24:14,479] {logging_mixin.py:109} INFO - [2021-11-18 18:24:14,479] {dagbag.py:500} INFO - Filling up the DagBag from /Users/sravanisigadam/PycharmProjects/Airflow/venv/lib/python3.9/site-packages/airflow/example_dags/example_subdag_operator.py
[2021-11-18 18:24:14,506] {processor.py:637} INFO - DAG(s) dict_keys(['example_subdag_operator.section-1', 'example_subdag_operator.section-2', 'example_subdag_operator']) retrieved from /Users/sravanisigadam/PycharmProjects/Airflow/venv/lib/python3.9/site-packages/airflow/example_dags/example_subdag_operator.py
[2021-11-18 18:24:14,658] {logging_mixin.py:109} INFO - [2021-11-18 18:24:14,658] {dag.py:2396} INFO - Sync 3 DAGs
[2021-11-18 18:24:14,663] {logging_mixin.py:109} INFO - [2021-11-18 18:24:14,663] {dag.py:2928} INFO - Setting next_dagrun for example_subdag_operator to 2021-11-17T00:00:00+00:00
[2021-11-18 18:24:14,664] {logging_mixin.py:109} INFO - [2021-11-18 18:24:14,664] {dag.py:2928} INFO - Setting next_dagrun for example_subdag_operator.section-1 to None
[2021-11-18 18:24:14,664] {logging_mixin.py:109} INFO - [2021-11-18 18:24:14,664] {dag.py:2928} INFO - Setting next_dagrun for example_subdag_operator.section-2 to None
[2021-11-18 18:24:14,667] {logging_mixin.py:109} INFO - [2021-11-18 18:24:14,667] {dag.py:2396} INFO - Sync 2 DAGs
[2021-11-18 18:24:14,670] {logging_mixin.py:109} INFO - [2021-11-18 18:24:14,670] {dag.py:2928} INFO - Setting next_dagrun for example_subdag_operator.section-1 to None
[2021-11-18 18:24:14,670] {logging_mixin.py:109} INFO - [2021-11-18 18:24:14,670] {dag.py:2928} INFO - Setting next_dagrun for example_subdag_operator.section-2 to None
[2021-11-18 18:24:14,674] {processor.py:171} INFO - Processing /Users/sravanisigadam/PycharmProjects/Airflow/venv/lib/python3.9/site-packages/airflow/example_dags/example_subdag_operator.py took 0.196 seconds
[2021-11-18 18:25:24,897] {processor.py:163} INFO - Started process (PID=55662) to work on /Users/sravanisigadam/PycharmProjects/Airflow/venv/lib/python3.9/site-packages/airflow/example_dags/example_subdag_operator.py
[2021-11-18 18:25:24,898] {processor.py:625} INFO - Processing file /Users/sravanisigadam/PycharmProjects/Airflow/venv/lib/python3.9/site-packages/airflow/example_dags/example_subdag_operator.py for tasks to queue
[2021-11-18 18:25:24,899] {logging_mixin.py:109} INFO - [2021-11-18 18:25:24,899] {dagbag.py:500} INFO - Filling up the DagBag from /Users/sravanisigadam/PycharmProjects/Airflow/venv/lib/python3.9/site-packages/airflow/example_dags/example_subdag_operator.py
[2021-11-18 18:25:24,927] {processor.py:637} INFO - DAG(s) dict_keys(['example_subdag_operator.section-1', 'example_subdag_operator.section-2', 'example_subdag_operator']) retrieved from /Users/sravanisigadam/PycharmProjects/Airflow/venv/lib/python3.9/site-packages/airflow/example_dags/example_subdag_operator.py
[2021-11-18 18:25:24,938] {logging_mixin.py:109} INFO - [2021-11-18 18:25:24,938] {dag.py:2396} INFO - Sync 3 DAGs
[2021-11-18 18:25:24,944] {logging_mixin.py:109} INFO - [2021-11-18 18:25:24,944] {dag.py:2928} INFO - Setting next_dagrun for example_subdag_operator to 2021-11-17T00:00:00+00:00
[2021-11-18 18:25:24,944] {logging_mixin.py:109} INFO - [2021-11-18 18:25:24,944] {dag.py:2928} INFO - Setting next_dagrun for example_subdag_operator.section-1 to None
[2021-11-18 18:25:24,944] {logging_mixin.py:109} INFO - [2021-11-18 18:25:24,944] {dag.py:2928} INFO - Setting next_dagrun for example_subdag_operator.section-2 to None
[2021-11-18 18:25:24,967] {logging_mixin.py:109} INFO - [2021-11-18 18:25:24,966] {dag.py:2396} INFO - Sync 2 DAGs
[2021-11-18 18:25:24,969] {logging_mixin.py:109} INFO - [2021-11-18 18:25:24,969] {dag.py:2928} INFO - Setting next_dagrun for example_subdag_operator.section-1 to None
[2021-11-18 18:25:24,969] {logging_mixin.py:109} INFO - [2021-11-18 18:25:24,969] {dag.py:2928} INFO - Setting next_dagrun for example_subdag_operator.section-2 to None
[2021-11-18 18:25:24,973] {processor.py:171} INFO - Processing /Users/sravanisigadam/PycharmProjects/Airflow/venv/lib/python3.9/site-packages/airflow/example_dags/example_subdag_operator.py took 0.076 seconds
[2021-11-18 18:26:43,370] {processor.py:163} INFO - Started process (PID=55804) to work on /Users/sravanisigadam/PycharmProjects/Airflow/venv/lib/python3.9/site-packages/airflow/example_dags/example_subdag_operator.py
[2021-11-18 18:26:43,371] {processor.py:625} INFO - Processing file /Users/sravanisigadam/PycharmProjects/Airflow/venv/lib/python3.9/site-packages/airflow/example_dags/example_subdag_operator.py for tasks to queue
[2021-11-18 18:26:43,371] {logging_mixin.py:109} INFO - [2021-11-18 18:26:43,371] {dagbag.py:500} INFO - Filling up the DagBag from /Users/sravanisigadam/PycharmProjects/Airflow/venv/lib/python3.9/site-packages/airflow/example_dags/example_subdag_operator.py
[2021-11-18 18:26:43,401] {processor.py:637} INFO - DAG(s) dict_keys(['example_subdag_operator.section-1', 'example_subdag_operator.section-2', 'example_subdag_operator']) retrieved from /Users/sravanisigadam/PycharmProjects/Airflow/venv/lib/python3.9/site-packages/airflow/example_dags/example_subdag_operator.py
[2021-11-18 18:26:43,413] {logging_mixin.py:109} INFO - [2021-11-18 18:26:43,413] {dag.py:2396} INFO - Sync 3 DAGs
[2021-11-18 18:26:43,419] {logging_mixin.py:109} INFO - [2021-11-18 18:26:43,419] {dag.py:2928} INFO - Setting next_dagrun for example_subdag_operator to 2021-11-17T00:00:00+00:00
[2021-11-18 18:26:43,419] {logging_mixin.py:109} INFO - [2021-11-18 18:26:43,419] {dag.py:2928} INFO - Setting next_dagrun for example_subdag_operator.section-1 to None
[2021-11-18 18:26:43,419] {logging_mixin.py:109} INFO - [2021-11-18 18:26:43,419] {dag.py:2928} INFO - Setting next_dagrun for example_subdag_operator.section-2 to None
[2021-11-18 18:26:43,421] {logging_mixin.py:109} INFO - [2021-11-18 18:26:43,421] {dag.py:2396} INFO - Sync 2 DAGs
[2021-11-18 18:26:43,424] {logging_mixin.py:109} INFO - [2021-11-18 18:26:43,424] {dag.py:2928} INFO - Setting next_dagrun for example_subdag_operator.section-1 to None
[2021-11-18 18:26:43,424] {logging_mixin.py:109} INFO - [2021-11-18 18:26:43,424] {dag.py:2928} INFO - Setting next_dagrun for example_subdag_operator.section-2 to None
[2021-11-18 18:26:43,427] {processor.py:171} INFO - Processing /Users/sravanisigadam/PycharmProjects/Airflow/venv/lib/python3.9/site-packages/airflow/example_dags/example_subdag_operator.py took 0.057 seconds
[2021-11-18 18:28:03,634] {processor.py:163} INFO - Started process (PID=55878) to work on /Users/sravanisigadam/PycharmProjects/Airflow/venv/lib/python3.9/site-packages/airflow/example_dags/example_subdag_operator.py
[2021-11-18 18:28:03,636] {processor.py:625} INFO - Processing file /Users/sravanisigadam/PycharmProjects/Airflow/venv/lib/python3.9/site-packages/airflow/example_dags/example_subdag_operator.py for tasks to queue
[2021-11-18 18:28:03,636] {logging_mixin.py:109} INFO - [2021-11-18 18:28:03,636] {dagbag.py:500} INFO - Filling up the DagBag from /Users/sravanisigadam/PycharmProjects/Airflow/venv/lib/python3.9/site-packages/airflow/example_dags/example_subdag_operator.py
[2021-11-18 18:28:03,665] {processor.py:637} INFO - DAG(s) dict_keys(['example_subdag_operator.section-1', 'example_subdag_operator.section-2', 'example_subdag_operator']) retrieved from /Users/sravanisigadam/PycharmProjects/Airflow/venv/lib/python3.9/site-packages/airflow/example_dags/example_subdag_operator.py
[2021-11-18 18:28:03,675] {logging_mixin.py:109} INFO - [2021-11-18 18:28:03,675] {dag.py:2396} INFO - Sync 3 DAGs
[2021-11-18 18:28:03,680] {logging_mixin.py:109} INFO - [2021-11-18 18:28:03,680] {dag.py:2928} INFO - Setting next_dagrun for example_subdag_operator to 2021-11-17T00:00:00+00:00
[2021-11-18 18:28:03,680] {logging_mixin.py:109} INFO - [2021-11-18 18:28:03,680] {dag.py:2928} INFO - Setting next_dagrun for example_subdag_operator.section-1 to None
[2021-11-18 18:28:03,681] {logging_mixin.py:109} INFO - [2021-11-18 18:28:03,680] {dag.py:2928} INFO - Setting next_dagrun for example_subdag_operator.section-2 to None
[2021-11-18 18:28:03,683] {logging_mixin.py:109} INFO - [2021-11-18 18:28:03,683] {dag.py:2396} INFO - Sync 2 DAGs
[2021-11-18 18:28:03,685] {logging_mixin.py:109} INFO - [2021-11-18 18:28:03,685] {dag.py:2928} INFO - Setting next_dagrun for example_subdag_operator.section-1 to None
[2021-11-18 18:28:03,685] {logging_mixin.py:109} INFO - [2021-11-18 18:28:03,685] {dag.py:2928} INFO - Setting next_dagrun for example_subdag_operator.section-2 to None
[2021-11-18 18:28:03,689] {processor.py:171} INFO - Processing /Users/sravanisigadam/PycharmProjects/Airflow/venv/lib/python3.9/site-packages/airflow/example_dags/example_subdag_operator.py took 0.054 seconds
[2021-11-18 18:29:23,715] {processor.py:163} INFO - Started process (PID=55917) to work on /Users/sravanisigadam/PycharmProjects/Airflow/venv/lib/python3.9/site-packages/airflow/example_dags/example_subdag_operator.py
[2021-11-18 18:29:23,715] {processor.py:625} INFO - Processing file /Users/sravanisigadam/PycharmProjects/Airflow/venv/lib/python3.9/site-packages/airflow/example_dags/example_subdag_operator.py for tasks to queue
[2021-11-18 18:29:23,715] {logging_mixin.py:109} INFO - [2021-11-18 18:29:23,715] {dagbag.py:500} INFO - Filling up the DagBag from /Users/sravanisigadam/PycharmProjects/Airflow/venv/lib/python3.9/site-packages/airflow/example_dags/example_subdag_operator.py
[2021-11-18 18:29:23,742] {processor.py:637} INFO - DAG(s) dict_keys(['example_subdag_operator.section-1', 'example_subdag_operator.section-2', 'example_subdag_operator']) retrieved from /Users/sravanisigadam/PycharmProjects/Airflow/venv/lib/python3.9/site-packages/airflow/example_dags/example_subdag_operator.py
[2021-11-18 18:29:23,753] {logging_mixin.py:109} INFO - [2021-11-18 18:29:23,753] {dag.py:2396} INFO - Sync 3 DAGs
[2021-11-18 18:29:23,758] {logging_mixin.py:109} INFO - [2021-11-18 18:29:23,758] {dag.py:2928} INFO - Setting next_dagrun for example_subdag_operator to 2021-11-17T00:00:00+00:00
[2021-11-18 18:29:23,758] {logging_mixin.py:109} INFO - [2021-11-18 18:29:23,758] {dag.py:2928} INFO - Setting next_dagrun for example_subdag_operator.section-1 to None
[2021-11-18 18:29:23,758] {logging_mixin.py:109} INFO - [2021-11-18 18:29:23,758] {dag.py:2928} INFO - Setting next_dagrun for example_subdag_operator.section-2 to None
[2021-11-18 18:29:23,760] {logging_mixin.py:109} INFO - [2021-11-18 18:29:23,760] {dag.py:2396} INFO - Sync 2 DAGs
[2021-11-18 18:29:23,763] {logging_mixin.py:109} INFO - [2021-11-18 18:29:23,763] {dag.py:2928} INFO - Setting next_dagrun for example_subdag_operator.section-1 to None
[2021-11-18 18:29:23,763] {logging_mixin.py:109} INFO - [2021-11-18 18:29:23,763] {dag.py:2928} INFO - Setting next_dagrun for example_subdag_operator.section-2 to None
[2021-11-18 18:29:23,767] {processor.py:171} INFO - Processing /Users/sravanisigadam/PycharmProjects/Airflow/venv/lib/python3.9/site-packages/airflow/example_dags/example_subdag_operator.py took 0.052 seconds
[2021-11-18 18:30:43,772] {processor.py:163} INFO - Started process (PID=55958) to work on /Users/sravanisigadam/PycharmProjects/Airflow/venv/lib/python3.9/site-packages/airflow/example_dags/example_subdag_operator.py
[2021-11-18 18:30:43,772] {processor.py:625} INFO - Processing file /Users/sravanisigadam/PycharmProjects/Airflow/venv/lib/python3.9/site-packages/airflow/example_dags/example_subdag_operator.py for tasks to queue
[2021-11-18 18:30:43,772] {logging_mixin.py:109} INFO - [2021-11-18 18:30:43,772] {dagbag.py:500} INFO - Filling up the DagBag from /Users/sravanisigadam/PycharmProjects/Airflow/venv/lib/python3.9/site-packages/airflow/example_dags/example_subdag_operator.py
[2021-11-18 18:30:43,799] {processor.py:637} INFO - DAG(s) dict_keys(['example_subdag_operator.section-1', 'example_subdag_operator.section-2', 'example_subdag_operator']) retrieved from /Users/sravanisigadam/PycharmProjects/Airflow/venv/lib/python3.9/site-packages/airflow/example_dags/example_subdag_operator.py
[2021-11-18 18:30:43,811] {logging_mixin.py:109} INFO - [2021-11-18 18:30:43,810] {dag.py:2396} INFO - Sync 3 DAGs
[2021-11-18 18:30:43,816] {logging_mixin.py:109} INFO - [2021-11-18 18:30:43,816] {dag.py:2928} INFO - Setting next_dagrun for example_subdag_operator to 2021-11-17T00:00:00+00:00
[2021-11-18 18:30:43,816] {logging_mixin.py:109} INFO - [2021-11-18 18:30:43,816] {dag.py:2928} INFO - Setting next_dagrun for example_subdag_operator.section-1 to None
[2021-11-18 18:30:43,816] {logging_mixin.py:109} INFO - [2021-11-18 18:30:43,816] {dag.py:2928} INFO - Setting next_dagrun for example_subdag_operator.section-2 to None
[2021-11-18 18:30:43,818] {logging_mixin.py:109} INFO - [2021-11-18 18:30:43,818] {dag.py:2396} INFO - Sync 2 DAGs
[2021-11-18 18:30:43,821] {logging_mixin.py:109} INFO - [2021-11-18 18:30:43,821] {dag.py:2928} INFO - Setting next_dagrun for example_subdag_operator.section-1 to None
[2021-11-18 18:30:43,821] {logging_mixin.py:109} INFO - [2021-11-18 18:30:43,821] {dag.py:2928} INFO - Setting next_dagrun for example_subdag_operator.section-2 to None
[2021-11-18 18:30:43,825] {processor.py:171} INFO - Processing /Users/sravanisigadam/PycharmProjects/Airflow/venv/lib/python3.9/site-packages/airflow/example_dags/example_subdag_operator.py took 0.053 seconds
[2021-11-18 18:32:03,958] {processor.py:163} INFO - Started process (PID=56005) to work on /Users/sravanisigadam/PycharmProjects/Airflow/venv/lib/python3.9/site-packages/airflow/example_dags/example_subdag_operator.py
[2021-11-18 18:32:03,958] {processor.py:625} INFO - Processing file /Users/sravanisigadam/PycharmProjects/Airflow/venv/lib/python3.9/site-packages/airflow/example_dags/example_subdag_operator.py for tasks to queue
[2021-11-18 18:32:03,959] {logging_mixin.py:109} INFO - [2021-11-18 18:32:03,959] {dagbag.py:500} INFO - Filling up the DagBag from /Users/sravanisigadam/PycharmProjects/Airflow/venv/lib/python3.9/site-packages/airflow/example_dags/example_subdag_operator.py
[2021-11-18 18:32:03,986] {processor.py:637} INFO - DAG(s) dict_keys(['example_subdag_operator.section-1', 'example_subdag_operator.section-2', 'example_subdag_operator']) retrieved from /Users/sravanisigadam/PycharmProjects/Airflow/venv/lib/python3.9/site-packages/airflow/example_dags/example_subdag_operator.py
[2021-11-18 18:32:03,997] {logging_mixin.py:109} INFO - [2021-11-18 18:32:03,997] {dag.py:2396} INFO - Sync 3 DAGs
[2021-11-18 18:32:04,003] {logging_mixin.py:109} INFO - [2021-11-18 18:32:04,002] {dag.py:2928} INFO - Setting next_dagrun for example_subdag_operator to 2021-11-17T00:00:00+00:00
[2021-11-18 18:32:04,003] {logging_mixin.py:109} INFO - [2021-11-18 18:32:04,003] {dag.py:2928} INFO - Setting next_dagrun for example_subdag_operator.section-1 to None
[2021-11-18 18:32:04,003] {logging_mixin.py:109} INFO - [2021-11-18 18:32:04,003] {dag.py:2928} INFO - Setting next_dagrun for example_subdag_operator.section-2 to None
[2021-11-18 18:32:04,005] {logging_mixin.py:109} INFO - [2021-11-18 18:32:04,005] {dag.py:2396} INFO - Sync 2 DAGs
[2021-11-18 18:32:04,007] {logging_mixin.py:109} INFO - [2021-11-18 18:32:04,007] {dag.py:2928} INFO - Setting next_dagrun for example_subdag_operator.section-1 to None
[2021-11-18 18:32:04,008] {logging_mixin.py:109} INFO - [2021-11-18 18:32:04,008] {dag.py:2928} INFO - Setting next_dagrun for example_subdag_operator.section-2 to None
[2021-11-18 18:32:04,011] {processor.py:171} INFO - Processing /Users/sravanisigadam/PycharmProjects/Airflow/venv/lib/python3.9/site-packages/airflow/example_dags/example_subdag_operator.py took 0.053 seconds
[2021-11-18 18:33:23,964] {processor.py:163} INFO - Started process (PID=56045) to work on /Users/sravanisigadam/PycharmProjects/Airflow/venv/lib/python3.9/site-packages/airflow/example_dags/example_subdag_operator.py
[2021-11-18 18:33:23,964] {processor.py:625} INFO - Processing file /Users/sravanisigadam/PycharmProjects/Airflow/venv/lib/python3.9/site-packages/airflow/example_dags/example_subdag_operator.py for tasks to queue
[2021-11-18 18:33:23,964] {logging_mixin.py:109} INFO - [2021-11-18 18:33:23,964] {dagbag.py:500} INFO - Filling up the DagBag from /Users/sravanisigadam/PycharmProjects/Airflow/venv/lib/python3.9/site-packages/airflow/example_dags/example_subdag_operator.py
[2021-11-18 18:33:23,992] {processor.py:637} INFO - DAG(s) dict_keys(['example_subdag_operator.section-1', 'example_subdag_operator.section-2', 'example_subdag_operator']) retrieved from /Users/sravanisigadam/PycharmProjects/Airflow/venv/lib/python3.9/site-packages/airflow/example_dags/example_subdag_operator.py
[2021-11-18 18:33:24,003] {logging_mixin.py:109} INFO - [2021-11-18 18:33:24,003] {dag.py:2396} INFO - Sync 3 DAGs
[2021-11-18 18:33:24,009] {logging_mixin.py:109} INFO - [2021-11-18 18:33:24,008] {dag.py:2928} INFO - Setting next_dagrun for example_subdag_operator to 2021-11-17T00:00:00+00:00
[2021-11-18 18:33:24,009] {logging_mixin.py:109} INFO - [2021-11-18 18:33:24,009] {dag.py:2928} INFO - Setting next_dagrun for example_subdag_operator.section-1 to None
[2021-11-18 18:33:24,009] {logging_mixin.py:109} INFO - [2021-11-18 18:33:24,009] {dag.py:2928} INFO - Setting next_dagrun for example_subdag_operator.section-2 to None
[2021-11-18 18:33:24,011] {logging_mixin.py:109} INFO - [2021-11-18 18:33:24,011] {dag.py:2396} INFO - Sync 2 DAGs
[2021-11-18 18:33:24,013] {logging_mixin.py:109} INFO - [2021-11-18 18:33:24,013] {dag.py:2928} INFO - Setting next_dagrun for example_subdag_operator.section-1 to None
[2021-11-18 18:33:24,014] {logging_mixin.py:109} INFO - [2021-11-18 18:33:24,014] {dag.py:2928} INFO - Setting next_dagrun for example_subdag_operator.section-2 to None
[2021-11-18 18:33:24,017] {processor.py:171} INFO - Processing /Users/sravanisigadam/PycharmProjects/Airflow/venv/lib/python3.9/site-packages/airflow/example_dags/example_subdag_operator.py took 0.054 seconds
[2021-11-18 18:46:29,862] {processor.py:163} INFO - Started process (PID=56108) to work on /Users/sravanisigadam/PycharmProjects/Airflow/venv/lib/python3.9/site-packages/airflow/example_dags/example_subdag_operator.py
[2021-11-18 18:46:29,863] {processor.py:625} INFO - Processing file /Users/sravanisigadam/PycharmProjects/Airflow/venv/lib/python3.9/site-packages/airflow/example_dags/example_subdag_operator.py for tasks to queue
[2021-11-18 18:46:29,863] {logging_mixin.py:109} INFO - [2021-11-18 18:46:29,863] {dagbag.py:500} INFO - Filling up the DagBag from /Users/sravanisigadam/PycharmProjects/Airflow/venv/lib/python3.9/site-packages/airflow/example_dags/example_subdag_operator.py
[2021-11-18 18:46:29,892] {processor.py:637} INFO - DAG(s) dict_keys(['example_subdag_operator.section-1', 'example_subdag_operator.section-2', 'example_subdag_operator']) retrieved from /Users/sravanisigadam/PycharmProjects/Airflow/venv/lib/python3.9/site-packages/airflow/example_dags/example_subdag_operator.py
[2021-11-18 18:46:29,902] {logging_mixin.py:109} INFO - [2021-11-18 18:46:29,902] {dag.py:2396} INFO - Sync 3 DAGs
[2021-11-18 18:46:29,908] {logging_mixin.py:109} INFO - [2021-11-18 18:46:29,907] {dag.py:2928} INFO - Setting next_dagrun for example_subdag_operator to 2021-11-17T00:00:00+00:00
[2021-11-18 18:46:29,908] {logging_mixin.py:109} INFO - [2021-11-18 18:46:29,908] {dag.py:2928} INFO - Setting next_dagrun for example_subdag_operator.section-1 to None
[2021-11-18 18:46:29,908] {logging_mixin.py:109} INFO - [2021-11-18 18:46:29,908] {dag.py:2928} INFO - Setting next_dagrun for example_subdag_operator.section-2 to None
[2021-11-18 18:46:29,910] {logging_mixin.py:109} INFO - [2021-11-18 18:46:29,910] {dag.py:2396} INFO - Sync 2 DAGs
[2021-11-18 18:46:29,913] {logging_mixin.py:109} INFO - [2021-11-18 18:46:29,913] {dag.py:2928} INFO - Setting next_dagrun for example_subdag_operator.section-1 to None
[2021-11-18 18:46:29,913] {logging_mixin.py:109} INFO - [2021-11-18 18:46:29,913] {dag.py:2928} INFO - Setting next_dagrun for example_subdag_operator.section-2 to None
[2021-11-18 18:46:29,916] {processor.py:171} INFO - Processing /Users/sravanisigadam/PycharmProjects/Airflow/venv/lib/python3.9/site-packages/airflow/example_dags/example_subdag_operator.py took 0.055 seconds
[2021-11-18 18:47:47,714] {processor.py:163} INFO - Started process (PID=56163) to work on /Users/sravanisigadam/PycharmProjects/Airflow/venv/lib/python3.9/site-packages/airflow/example_dags/example_subdag_operator.py
[2021-11-18 18:47:47,715] {processor.py:625} INFO - Processing file /Users/sravanisigadam/PycharmProjects/Airflow/venv/lib/python3.9/site-packages/airflow/example_dags/example_subdag_operator.py for tasks to queue
[2021-11-18 18:47:47,716] {logging_mixin.py:109} INFO - [2021-11-18 18:47:47,716] {dagbag.py:500} INFO - Filling up the DagBag from /Users/sravanisigadam/PycharmProjects/Airflow/venv/lib/python3.9/site-packages/airflow/example_dags/example_subdag_operator.py
[2021-11-18 18:47:47,746] {processor.py:637} INFO - DAG(s) dict_keys(['example_subdag_operator.section-1', 'example_subdag_operator.section-2', 'example_subdag_operator']) retrieved from /Users/sravanisigadam/PycharmProjects/Airflow/venv/lib/python3.9/site-packages/airflow/example_dags/example_subdag_operator.py
[2021-11-18 18:47:47,758] {logging_mixin.py:109} INFO - [2021-11-18 18:47:47,757] {dag.py:2396} INFO - Sync 3 DAGs
[2021-11-18 18:47:47,763] {logging_mixin.py:109} INFO - [2021-11-18 18:47:47,763] {dag.py:2928} INFO - Setting next_dagrun for example_subdag_operator to 2021-11-17T00:00:00+00:00
[2021-11-18 18:47:47,763] {logging_mixin.py:109} INFO - [2021-11-18 18:47:47,763] {dag.py:2928} INFO - Setting next_dagrun for example_subdag_operator.section-1 to None
[2021-11-18 18:47:47,763] {logging_mixin.py:109} INFO - [2021-11-18 18:47:47,763] {dag.py:2928} INFO - Setting next_dagrun for example_subdag_operator.section-2 to None
[2021-11-18 18:47:47,765] {logging_mixin.py:109} INFO - [2021-11-18 18:47:47,765] {dag.py:2396} INFO - Sync 2 DAGs
[2021-11-18 18:47:47,768] {logging_mixin.py:109} INFO - [2021-11-18 18:47:47,768] {dag.py:2928} INFO - Setting next_dagrun for example_subdag_operator.section-1 to None
[2021-11-18 18:47:47,768] {logging_mixin.py:109} INFO - [2021-11-18 18:47:47,768] {dag.py:2928} INFO - Setting next_dagrun for example_subdag_operator.section-2 to None
[2021-11-18 18:47:47,771] {processor.py:171} INFO - Processing /Users/sravanisigadam/PycharmProjects/Airflow/venv/lib/python3.9/site-packages/airflow/example_dags/example_subdag_operator.py took 0.057 seconds
[2021-11-18 18:49:08,923] {processor.py:163} INFO - Started process (PID=56221) to work on /Users/sravanisigadam/PycharmProjects/Airflow/venv/lib/python3.9/site-packages/airflow/example_dags/example_subdag_operator.py
[2021-11-18 18:49:08,923] {processor.py:625} INFO - Processing file /Users/sravanisigadam/PycharmProjects/Airflow/venv/lib/python3.9/site-packages/airflow/example_dags/example_subdag_operator.py for tasks to queue
[2021-11-18 18:49:08,923] {logging_mixin.py:109} INFO - [2021-11-18 18:49:08,923] {dagbag.py:500} INFO - Filling up the DagBag from /Users/sravanisigadam/PycharmProjects/Airflow/venv/lib/python3.9/site-packages/airflow/example_dags/example_subdag_operator.py
[2021-11-18 18:49:08,953] {processor.py:637} INFO - DAG(s) dict_keys(['example_subdag_operator.section-1', 'example_subdag_operator.section-2', 'example_subdag_operator']) retrieved from /Users/sravanisigadam/PycharmProjects/Airflow/venv/lib/python3.9/site-packages/airflow/example_dags/example_subdag_operator.py
[2021-11-18 18:49:08,964] {logging_mixin.py:109} INFO - [2021-11-18 18:49:08,964] {dag.py:2396} INFO - Sync 3 DAGs
[2021-11-18 18:49:08,969] {logging_mixin.py:109} INFO - [2021-11-18 18:49:08,969] {dag.py:2928} INFO - Setting next_dagrun for example_subdag_operator to 2021-11-17T00:00:00+00:00
[2021-11-18 18:49:08,969] {logging_mixin.py:109} INFO - [2021-11-18 18:49:08,969] {dag.py:2928} INFO - Setting next_dagrun for example_subdag_operator.section-1 to None
[2021-11-18 18:49:08,969] {logging_mixin.py:109} INFO - [2021-11-18 18:49:08,969] {dag.py:2928} INFO - Setting next_dagrun for example_subdag_operator.section-2 to None
[2021-11-18 18:49:08,971] {logging_mixin.py:109} INFO - [2021-11-18 18:49:08,971] {dag.py:2396} INFO - Sync 2 DAGs
[2021-11-18 18:49:08,974] {logging_mixin.py:109} INFO - [2021-11-18 18:49:08,974] {dag.py:2928} INFO - Setting next_dagrun for example_subdag_operator.section-1 to None
[2021-11-18 18:49:08,974] {logging_mixin.py:109} INFO - [2021-11-18 18:49:08,974] {dag.py:2928} INFO - Setting next_dagrun for example_subdag_operator.section-2 to None
[2021-11-18 18:49:08,977] {processor.py:171} INFO - Processing /Users/sravanisigadam/PycharmProjects/Airflow/venv/lib/python3.9/site-packages/airflow/example_dags/example_subdag_operator.py took 0.055 seconds
[2021-11-18 18:50:29,363] {processor.py:163} INFO - Started process (PID=56264) to work on /Users/sravanisigadam/PycharmProjects/Airflow/venv/lib/python3.9/site-packages/airflow/example_dags/example_subdag_operator.py
[2021-11-18 18:50:29,364] {processor.py:625} INFO - Processing file /Users/sravanisigadam/PycharmProjects/Airflow/venv/lib/python3.9/site-packages/airflow/example_dags/example_subdag_operator.py for tasks to queue
[2021-11-18 18:50:29,364] {logging_mixin.py:109} INFO - [2021-11-18 18:50:29,364] {dagbag.py:500} INFO - Filling up the DagBag from /Users/sravanisigadam/PycharmProjects/Airflow/venv/lib/python3.9/site-packages/airflow/example_dags/example_subdag_operator.py
[2021-11-18 18:50:29,391] {processor.py:637} INFO - DAG(s) dict_keys(['example_subdag_operator.section-1', 'example_subdag_operator.section-2', 'example_subdag_operator']) retrieved from /Users/sravanisigadam/PycharmProjects/Airflow/venv/lib/python3.9/site-packages/airflow/example_dags/example_subdag_operator.py
[2021-11-18 18:50:29,402] {logging_mixin.py:109} INFO - [2021-11-18 18:50:29,402] {dag.py:2396} INFO - Sync 3 DAGs
[2021-11-18 18:50:29,407] {logging_mixin.py:109} INFO - [2021-11-18 18:50:29,407] {dag.py:2928} INFO - Setting next_dagrun for example_subdag_operator to 2021-11-17T00:00:00+00:00
[2021-11-18 18:50:29,407] {logging_mixin.py:109} INFO - [2021-11-18 18:50:29,407] {dag.py:2928} INFO - Setting next_dagrun for example_subdag_operator.section-1 to None
[2021-11-18 18:50:29,407] {logging_mixin.py:109} INFO - [2021-11-18 18:50:29,407] {dag.py:2928} INFO - Setting next_dagrun for example_subdag_operator.section-2 to None
[2021-11-18 18:50:29,409] {logging_mixin.py:109} INFO - [2021-11-18 18:50:29,409] {dag.py:2396} INFO - Sync 2 DAGs
[2021-11-18 18:50:29,412] {logging_mixin.py:109} INFO - [2021-11-18 18:50:29,412] {dag.py:2928} INFO - Setting next_dagrun for example_subdag_operator.section-1 to None
[2021-11-18 18:50:29,412] {logging_mixin.py:109} INFO - [2021-11-18 18:50:29,412] {dag.py:2928} INFO - Setting next_dagrun for example_subdag_operator.section-2 to None
[2021-11-18 18:50:29,415] {processor.py:171} INFO - Processing /Users/sravanisigadam/PycharmProjects/Airflow/venv/lib/python3.9/site-packages/airflow/example_dags/example_subdag_operator.py took 0.052 seconds
[2021-11-18 18:51:46,201] {processor.py:163} INFO - Started process (PID=56303) to work on /Users/sravanisigadam/PycharmProjects/Airflow/venv/lib/python3.9/site-packages/airflow/example_dags/example_subdag_operator.py
[2021-11-18 18:51:46,202] {processor.py:625} INFO - Processing file /Users/sravanisigadam/PycharmProjects/Airflow/venv/lib/python3.9/site-packages/airflow/example_dags/example_subdag_operator.py for tasks to queue
[2021-11-18 18:51:46,202] {logging_mixin.py:109} INFO - [2021-11-18 18:51:46,202] {dagbag.py:500} INFO - Filling up the DagBag from /Users/sravanisigadam/PycharmProjects/Airflow/venv/lib/python3.9/site-packages/airflow/example_dags/example_subdag_operator.py
[2021-11-18 18:51:46,231] {processor.py:637} INFO - DAG(s) dict_keys(['example_subdag_operator.section-1', 'example_subdag_operator.section-2', 'example_subdag_operator']) retrieved from /Users/sravanisigadam/PycharmProjects/Airflow/venv/lib/python3.9/site-packages/airflow/example_dags/example_subdag_operator.py
[2021-11-18 18:51:46,242] {logging_mixin.py:109} INFO - [2021-11-18 18:51:46,242] {dag.py:2396} INFO - Sync 3 DAGs
[2021-11-18 18:51:46,248] {logging_mixin.py:109} INFO - [2021-11-18 18:51:46,248] {dag.py:2928} INFO - Setting next_dagrun for example_subdag_operator to 2021-11-17T00:00:00+00:00
[2021-11-18 18:51:46,248] {logging_mixin.py:109} INFO - [2021-11-18 18:51:46,248] {dag.py:2928} INFO - Setting next_dagrun for example_subdag_operator.section-1 to None
[2021-11-18 18:51:46,248] {logging_mixin.py:109} INFO - [2021-11-18 18:51:46,248] {dag.py:2928} INFO - Setting next_dagrun for example_subdag_operator.section-2 to None
[2021-11-18 18:51:46,250] {logging_mixin.py:109} INFO - [2021-11-18 18:51:46,250] {dag.py:2396} INFO - Sync 2 DAGs
[2021-11-18 18:51:46,253] {logging_mixin.py:109} INFO - [2021-11-18 18:51:46,253] {dag.py:2928} INFO - Setting next_dagrun for example_subdag_operator.section-1 to None
[2021-11-18 18:51:46,253] {logging_mixin.py:109} INFO - [2021-11-18 18:51:46,253] {dag.py:2928} INFO - Setting next_dagrun for example_subdag_operator.section-2 to None
[2021-11-18 18:51:46,256] {processor.py:171} INFO - Processing /Users/sravanisigadam/PycharmProjects/Airflow/venv/lib/python3.9/site-packages/airflow/example_dags/example_subdag_operator.py took 0.056 seconds
[2021-11-18 18:53:03,653] {processor.py:163} INFO - Started process (PID=56346) to work on /Users/sravanisigadam/PycharmProjects/Airflow/venv/lib/python3.9/site-packages/airflow/example_dags/example_subdag_operator.py
[2021-11-18 18:53:03,654] {processor.py:625} INFO - Processing file /Users/sravanisigadam/PycharmProjects/Airflow/venv/lib/python3.9/site-packages/airflow/example_dags/example_subdag_operator.py for tasks to queue
[2021-11-18 18:53:03,655] {logging_mixin.py:109} INFO - [2021-11-18 18:53:03,655] {dagbag.py:500} INFO - Filling up the DagBag from /Users/sravanisigadam/PycharmProjects/Airflow/venv/lib/python3.9/site-packages/airflow/example_dags/example_subdag_operator.py
[2021-11-18 18:53:03,682] {processor.py:637} INFO - DAG(s) dict_keys(['example_subdag_operator.section-1', 'example_subdag_operator.section-2', 'example_subdag_operator']) retrieved from /Users/sravanisigadam/PycharmProjects/Airflow/venv/lib/python3.9/site-packages/airflow/example_dags/example_subdag_operator.py
[2021-11-18 18:53:03,700] {logging_mixin.py:109} INFO - [2021-11-18 18:53:03,698] {dag.py:2396} INFO - Sync 3 DAGs
[2021-11-18 18:53:03,708] {logging_mixin.py:109} INFO - [2021-11-18 18:53:03,708] {dag.py:2928} INFO - Setting next_dagrun for example_subdag_operator to 2021-11-17T00:00:00+00:00
[2021-11-18 18:53:03,708] {logging_mixin.py:109} INFO - [2021-11-18 18:53:03,708] {dag.py:2928} INFO - Setting next_dagrun for example_subdag_operator.section-1 to None
[2021-11-18 18:53:03,709] {logging_mixin.py:109} INFO - [2021-11-18 18:53:03,709] {dag.py:2928} INFO - Setting next_dagrun for example_subdag_operator.section-2 to None
[2021-11-18 18:53:03,715] {logging_mixin.py:109} INFO - [2021-11-18 18:53:03,715] {dag.py:2396} INFO - Sync 2 DAGs
[2021-11-18 18:53:03,719] {logging_mixin.py:109} INFO - [2021-11-18 18:53:03,719] {dag.py:2928} INFO - Setting next_dagrun for example_subdag_operator.section-1 to None
[2021-11-18 18:53:03,719] {logging_mixin.py:109} INFO - [2021-11-18 18:53:03,719] {dag.py:2928} INFO - Setting next_dagrun for example_subdag_operator.section-2 to None
[2021-11-18 18:53:03,723] {processor.py:171} INFO - Processing /Users/sravanisigadam/PycharmProjects/Airflow/venv/lib/python3.9/site-packages/airflow/example_dags/example_subdag_operator.py took 0.070 seconds
[2021-11-18 18:54:21,457] {processor.py:163} INFO - Started process (PID=56387) to work on /Users/sravanisigadam/PycharmProjects/Airflow/venv/lib/python3.9/site-packages/airflow/example_dags/example_subdag_operator.py
[2021-11-18 18:54:21,458] {processor.py:625} INFO - Processing file /Users/sravanisigadam/PycharmProjects/Airflow/venv/lib/python3.9/site-packages/airflow/example_dags/example_subdag_operator.py for tasks to queue
[2021-11-18 18:54:21,458] {logging_mixin.py:109} INFO - [2021-11-18 18:54:21,458] {dagbag.py:500} INFO - Filling up the DagBag from /Users/sravanisigadam/PycharmProjects/Airflow/venv/lib/python3.9/site-packages/airflow/example_dags/example_subdag_operator.py
[2021-11-18 18:54:21,485] {processor.py:637} INFO - DAG(s) dict_keys(['example_subdag_operator.section-1', 'example_subdag_operator.section-2', 'example_subdag_operator']) retrieved from /Users/sravanisigadam/PycharmProjects/Airflow/venv/lib/python3.9/site-packages/airflow/example_dags/example_subdag_operator.py
[2021-11-18 18:54:21,496] {logging_mixin.py:109} INFO - [2021-11-18 18:54:21,496] {dag.py:2396} INFO - Sync 3 DAGs
[2021-11-18 18:54:21,501] {logging_mixin.py:109} INFO - [2021-11-18 18:54:21,501] {dag.py:2928} INFO - Setting next_dagrun for example_subdag_operator to 2021-11-17T00:00:00+00:00
[2021-11-18 18:54:21,501] {logging_mixin.py:109} INFO - [2021-11-18 18:54:21,501] {dag.py:2928} INFO - Setting next_dagrun for example_subdag_operator.section-1 to None
[2021-11-18 18:54:21,501] {logging_mixin.py:109} INFO - [2021-11-18 18:54:21,501] {dag.py:2928} INFO - Setting next_dagrun for example_subdag_operator.section-2 to None
[2021-11-18 18:54:21,503] {logging_mixin.py:109} INFO - [2021-11-18 18:54:21,503] {dag.py:2396} INFO - Sync 2 DAGs
[2021-11-18 18:54:21,506] {logging_mixin.py:109} INFO - [2021-11-18 18:54:21,506] {dag.py:2928} INFO - Setting next_dagrun for example_subdag_operator.section-1 to None
[2021-11-18 18:54:21,506] {logging_mixin.py:109} INFO - [2021-11-18 18:54:21,506] {dag.py:2928} INFO - Setting next_dagrun for example_subdag_operator.section-2 to None
[2021-11-18 18:54:21,509] {processor.py:171} INFO - Processing /Users/sravanisigadam/PycharmProjects/Airflow/venv/lib/python3.9/site-packages/airflow/example_dags/example_subdag_operator.py took 0.053 seconds
[2021-11-18 18:55:39,910] {processor.py:163} INFO - Started process (PID=56427) to work on /Users/sravanisigadam/PycharmProjects/Airflow/venv/lib/python3.9/site-packages/airflow/example_dags/example_subdag_operator.py
[2021-11-18 18:55:39,911] {processor.py:625} INFO - Processing file /Users/sravanisigadam/PycharmProjects/Airflow/venv/lib/python3.9/site-packages/airflow/example_dags/example_subdag_operator.py for tasks to queue
[2021-11-18 18:55:39,911] {logging_mixin.py:109} INFO - [2021-11-18 18:55:39,911] {dagbag.py:500} INFO - Filling up the DagBag from /Users/sravanisigadam/PycharmProjects/Airflow/venv/lib/python3.9/site-packages/airflow/example_dags/example_subdag_operator.py
[2021-11-18 18:55:39,939] {processor.py:637} INFO - DAG(s) dict_keys(['example_subdag_operator.section-1', 'example_subdag_operator.section-2', 'example_subdag_operator']) retrieved from /Users/sravanisigadam/PycharmProjects/Airflow/venv/lib/python3.9/site-packages/airflow/example_dags/example_subdag_operator.py
[2021-11-18 18:55:39,950] {logging_mixin.py:109} INFO - [2021-11-18 18:55:39,950] {dag.py:2396} INFO - Sync 3 DAGs
[2021-11-18 18:55:39,955] {logging_mixin.py:109} INFO - [2021-11-18 18:55:39,955] {dag.py:2928} INFO - Setting next_dagrun for example_subdag_operator to 2021-11-17T00:00:00+00:00
[2021-11-18 18:55:39,955] {logging_mixin.py:109} INFO - [2021-11-18 18:55:39,955] {dag.py:2928} INFO - Setting next_dagrun for example_subdag_operator.section-1 to None
[2021-11-18 18:55:39,955] {logging_mixin.py:109} INFO - [2021-11-18 18:55:39,955] {dag.py:2928} INFO - Setting next_dagrun for example_subdag_operator.section-2 to None
[2021-11-18 18:55:39,957] {logging_mixin.py:109} INFO - [2021-11-18 18:55:39,957] {dag.py:2396} INFO - Sync 2 DAGs
[2021-11-18 18:55:39,960] {logging_mixin.py:109} INFO - [2021-11-18 18:55:39,960] {dag.py:2928} INFO - Setting next_dagrun for example_subdag_operator.section-1 to None
[2021-11-18 18:55:39,960] {logging_mixin.py:109} INFO - [2021-11-18 18:55:39,960] {dag.py:2928} INFO - Setting next_dagrun for example_subdag_operator.section-2 to None
[2021-11-18 18:55:39,963] {processor.py:171} INFO - Processing /Users/sravanisigadam/PycharmProjects/Airflow/venv/lib/python3.9/site-packages/airflow/example_dags/example_subdag_operator.py took 0.054 seconds
[2021-11-18 18:56:57,641] {processor.py:163} INFO - Started process (PID=56471) to work on /Users/sravanisigadam/PycharmProjects/Airflow/venv/lib/python3.9/site-packages/airflow/example_dags/example_subdag_operator.py
[2021-11-18 18:56:57,642] {processor.py:625} INFO - Processing file /Users/sravanisigadam/PycharmProjects/Airflow/venv/lib/python3.9/site-packages/airflow/example_dags/example_subdag_operator.py for tasks to queue
[2021-11-18 18:56:57,642] {logging_mixin.py:109} INFO - [2021-11-18 18:56:57,642] {dagbag.py:500} INFO - Filling up the DagBag from /Users/sravanisigadam/PycharmProjects/Airflow/venv/lib/python3.9/site-packages/airflow/example_dags/example_subdag_operator.py
[2021-11-18 18:56:57,672] {processor.py:637} INFO - DAG(s) dict_keys(['example_subdag_operator.section-1', 'example_subdag_operator.section-2', 'example_subdag_operator']) retrieved from /Users/sravanisigadam/PycharmProjects/Airflow/venv/lib/python3.9/site-packages/airflow/example_dags/example_subdag_operator.py
[2021-11-18 18:56:57,683] {logging_mixin.py:109} INFO - [2021-11-18 18:56:57,683] {dag.py:2396} INFO - Sync 3 DAGs
[2021-11-18 18:56:57,688] {logging_mixin.py:109} INFO - [2021-11-18 18:56:57,688] {dag.py:2928} INFO - Setting next_dagrun for example_subdag_operator to 2021-11-17T00:00:00+00:00
[2021-11-18 18:56:57,688] {logging_mixin.py:109} INFO - [2021-11-18 18:56:57,688] {dag.py:2928} INFO - Setting next_dagrun for example_subdag_operator.section-1 to None
[2021-11-18 18:56:57,689] {logging_mixin.py:109} INFO - [2021-11-18 18:56:57,688] {dag.py:2928} INFO - Setting next_dagrun for example_subdag_operator.section-2 to None
[2021-11-18 18:56:57,691] {logging_mixin.py:109} INFO - [2021-11-18 18:56:57,691] {dag.py:2396} INFO - Sync 2 DAGs
[2021-11-18 18:56:57,693] {logging_mixin.py:109} INFO - [2021-11-18 18:56:57,693] {dag.py:2928} INFO - Setting next_dagrun for example_subdag_operator.section-1 to None
[2021-11-18 18:56:57,693] {logging_mixin.py:109} INFO - [2021-11-18 18:56:57,693] {dag.py:2928} INFO - Setting next_dagrun for example_subdag_operator.section-2 to None
[2021-11-18 18:56:57,697] {processor.py:171} INFO - Processing /Users/sravanisigadam/PycharmProjects/Airflow/venv/lib/python3.9/site-packages/airflow/example_dags/example_subdag_operator.py took 0.057 seconds
[2021-11-18 18:58:15,541] {processor.py:163} INFO - Started process (PID=56520) to work on /Users/sravanisigadam/PycharmProjects/Airflow/venv/lib/python3.9/site-packages/airflow/example_dags/example_subdag_operator.py
[2021-11-18 18:58:15,542] {processor.py:625} INFO - Processing file /Users/sravanisigadam/PycharmProjects/Airflow/venv/lib/python3.9/site-packages/airflow/example_dags/example_subdag_operator.py for tasks to queue
[2021-11-18 18:58:15,542] {logging_mixin.py:109} INFO - [2021-11-18 18:58:15,542] {dagbag.py:500} INFO - Filling up the DagBag from /Users/sravanisigadam/PycharmProjects/Airflow/venv/lib/python3.9/site-packages/airflow/example_dags/example_subdag_operator.py
[2021-11-18 18:58:15,571] {processor.py:637} INFO - DAG(s) dict_keys(['example_subdag_operator.section-1', 'example_subdag_operator.section-2', 'example_subdag_operator']) retrieved from /Users/sravanisigadam/PycharmProjects/Airflow/venv/lib/python3.9/site-packages/airflow/example_dags/example_subdag_operator.py
[2021-11-18 18:58:15,582] {logging_mixin.py:109} INFO - [2021-11-18 18:58:15,582] {dag.py:2396} INFO - Sync 3 DAGs
[2021-11-18 18:58:15,587] {logging_mixin.py:109} INFO - [2021-11-18 18:58:15,587] {dag.py:2928} INFO - Setting next_dagrun for example_subdag_operator to 2021-11-17T00:00:00+00:00
[2021-11-18 18:58:15,587] {logging_mixin.py:109} INFO - [2021-11-18 18:58:15,587] {dag.py:2928} INFO - Setting next_dagrun for example_subdag_operator.section-1 to None
[2021-11-18 18:58:15,587] {logging_mixin.py:109} INFO - [2021-11-18 18:58:15,587] {dag.py:2928} INFO - Setting next_dagrun for example_subdag_operator.section-2 to None
[2021-11-18 18:58:15,589] {logging_mixin.py:109} INFO - [2021-11-18 18:58:15,589] {dag.py:2396} INFO - Sync 2 DAGs
[2021-11-18 18:58:15,592] {logging_mixin.py:109} INFO - [2021-11-18 18:58:15,592] {dag.py:2928} INFO - Setting next_dagrun for example_subdag_operator.section-1 to None
[2021-11-18 18:58:15,592] {logging_mixin.py:109} INFO - [2021-11-18 18:58:15,592] {dag.py:2928} INFO - Setting next_dagrun for example_subdag_operator.section-2 to None
[2021-11-18 18:58:15,595] {processor.py:171} INFO - Processing /Users/sravanisigadam/PycharmProjects/Airflow/venv/lib/python3.9/site-packages/airflow/example_dags/example_subdag_operator.py took 0.054 seconds
[2021-11-18 18:59:34,130] {processor.py:163} INFO - Started process (PID=56558) to work on /Users/sravanisigadam/PycharmProjects/Airflow/venv/lib/python3.9/site-packages/airflow/example_dags/example_subdag_operator.py
[2021-11-18 18:59:34,130] {processor.py:625} INFO - Processing file /Users/sravanisigadam/PycharmProjects/Airflow/venv/lib/python3.9/site-packages/airflow/example_dags/example_subdag_operator.py for tasks to queue
[2021-11-18 18:59:34,130] {logging_mixin.py:109} INFO - [2021-11-18 18:59:34,130] {dagbag.py:500} INFO - Filling up the DagBag from /Users/sravanisigadam/PycharmProjects/Airflow/venv/lib/python3.9/site-packages/airflow/example_dags/example_subdag_operator.py
[2021-11-18 18:59:34,157] {processor.py:637} INFO - DAG(s) dict_keys(['example_subdag_operator.section-1', 'example_subdag_operator.section-2', 'example_subdag_operator']) retrieved from /Users/sravanisigadam/PycharmProjects/Airflow/venv/lib/python3.9/site-packages/airflow/example_dags/example_subdag_operator.py
[2021-11-18 18:59:34,169] {logging_mixin.py:109} INFO - [2021-11-18 18:59:34,169] {dag.py:2396} INFO - Sync 3 DAGs
[2021-11-18 18:59:34,174] {logging_mixin.py:109} INFO - [2021-11-18 18:59:34,174] {dag.py:2928} INFO - Setting next_dagrun for example_subdag_operator to 2021-11-17T00:00:00+00:00
[2021-11-18 18:59:34,174] {logging_mixin.py:109} INFO - [2021-11-18 18:59:34,174] {dag.py:2928} INFO - Setting next_dagrun for example_subdag_operator.section-1 to None
[2021-11-18 18:59:34,174] {logging_mixin.py:109} INFO - [2021-11-18 18:59:34,174] {dag.py:2928} INFO - Setting next_dagrun for example_subdag_operator.section-2 to None
[2021-11-18 18:59:34,177] {logging_mixin.py:109} INFO - [2021-11-18 18:59:34,176] {dag.py:2396} INFO - Sync 2 DAGs
[2021-11-18 18:59:34,179] {logging_mixin.py:109} INFO - [2021-11-18 18:59:34,179] {dag.py:2928} INFO - Setting next_dagrun for example_subdag_operator.section-1 to None
[2021-11-18 18:59:34,179] {logging_mixin.py:109} INFO - [2021-11-18 18:59:34,179] {dag.py:2928} INFO - Setting next_dagrun for example_subdag_operator.section-2 to None
[2021-11-18 18:59:34,183] {processor.py:171} INFO - Processing /Users/sravanisigadam/PycharmProjects/Airflow/venv/lib/python3.9/site-packages/airflow/example_dags/example_subdag_operator.py took 0.054 seconds
[2021-11-18 19:00:55,055] {processor.py:163} INFO - Started process (PID=56610) to work on /Users/sravanisigadam/PycharmProjects/Airflow/venv/lib/python3.9/site-packages/airflow/example_dags/example_subdag_operator.py
[2021-11-18 19:00:55,055] {processor.py:625} INFO - Processing file /Users/sravanisigadam/PycharmProjects/Airflow/venv/lib/python3.9/site-packages/airflow/example_dags/example_subdag_operator.py for tasks to queue
[2021-11-18 19:00:55,056] {logging_mixin.py:109} INFO - [2021-11-18 19:00:55,056] {dagbag.py:500} INFO - Filling up the DagBag from /Users/sravanisigadam/PycharmProjects/Airflow/venv/lib/python3.9/site-packages/airflow/example_dags/example_subdag_operator.py
[2021-11-18 19:00:55,084] {processor.py:637} INFO - DAG(s) dict_keys(['example_subdag_operator.section-1', 'example_subdag_operator.section-2', 'example_subdag_operator']) retrieved from /Users/sravanisigadam/PycharmProjects/Airflow/venv/lib/python3.9/site-packages/airflow/example_dags/example_subdag_operator.py
[2021-11-18 19:00:55,095] {logging_mixin.py:109} INFO - [2021-11-18 19:00:55,095] {dag.py:2396} INFO - Sync 3 DAGs
[2021-11-18 19:00:55,100] {logging_mixin.py:109} INFO - [2021-11-18 19:00:55,100] {dag.py:2928} INFO - Setting next_dagrun for example_subdag_operator to 2021-11-17T00:00:00+00:00
[2021-11-18 19:00:55,100] {logging_mixin.py:109} INFO - [2021-11-18 19:00:55,100] {dag.py:2928} INFO - Setting next_dagrun for example_subdag_operator.section-1 to None
[2021-11-18 19:00:55,100] {logging_mixin.py:109} INFO - [2021-11-18 19:00:55,100] {dag.py:2928} INFO - Setting next_dagrun for example_subdag_operator.section-2 to None
[2021-11-18 19:00:55,103] {logging_mixin.py:109} INFO - [2021-11-18 19:00:55,102] {dag.py:2396} INFO - Sync 2 DAGs
[2021-11-18 19:00:55,105] {logging_mixin.py:109} INFO - [2021-11-18 19:00:55,105] {dag.py:2928} INFO - Setting next_dagrun for example_subdag_operator.section-1 to None
[2021-11-18 19:00:55,105] {logging_mixin.py:109} INFO - [2021-11-18 19:00:55,105] {dag.py:2928} INFO - Setting next_dagrun for example_subdag_operator.section-2 to None
[2021-11-18 19:00:55,108] {processor.py:171} INFO - Processing /Users/sravanisigadam/PycharmProjects/Airflow/venv/lib/python3.9/site-packages/airflow/example_dags/example_subdag_operator.py took 0.054 seconds
[2021-11-18 19:02:12,156] {processor.py:163} INFO - Started process (PID=56650) to work on /Users/sravanisigadam/PycharmProjects/Airflow/venv/lib/python3.9/site-packages/airflow/example_dags/example_subdag_operator.py
[2021-11-18 19:02:12,156] {processor.py:625} INFO - Processing file /Users/sravanisigadam/PycharmProjects/Airflow/venv/lib/python3.9/site-packages/airflow/example_dags/example_subdag_operator.py for tasks to queue
[2021-11-18 19:02:12,156] {logging_mixin.py:109} INFO - [2021-11-18 19:02:12,156] {dagbag.py:500} INFO - Filling up the DagBag from /Users/sravanisigadam/PycharmProjects/Airflow/venv/lib/python3.9/site-packages/airflow/example_dags/example_subdag_operator.py
[2021-11-18 19:02:12,185] {processor.py:637} INFO - DAG(s) dict_keys(['example_subdag_operator.section-1', 'example_subdag_operator.section-2', 'example_subdag_operator']) retrieved from /Users/sravanisigadam/PycharmProjects/Airflow/venv/lib/python3.9/site-packages/airflow/example_dags/example_subdag_operator.py
[2021-11-18 19:02:12,196] {logging_mixin.py:109} INFO - [2021-11-18 19:02:12,196] {dag.py:2396} INFO - Sync 3 DAGs
[2021-11-18 19:02:12,201] {logging_mixin.py:109} INFO - [2021-11-18 19:02:12,201] {dag.py:2928} INFO - Setting next_dagrun for example_subdag_operator to 2021-11-17T00:00:00+00:00
[2021-11-18 19:02:12,201] {logging_mixin.py:109} INFO - [2021-11-18 19:02:12,201] {dag.py:2928} INFO - Setting next_dagrun for example_subdag_operator.section-1 to None
[2021-11-18 19:02:12,201] {logging_mixin.py:109} INFO - [2021-11-18 19:02:12,201] {dag.py:2928} INFO - Setting next_dagrun for example_subdag_operator.section-2 to None
[2021-11-18 19:02:12,204] {logging_mixin.py:109} INFO - [2021-11-18 19:02:12,204] {dag.py:2396} INFO - Sync 2 DAGs
[2021-11-18 19:02:12,206] {logging_mixin.py:109} INFO - [2021-11-18 19:02:12,206] {dag.py:2928} INFO - Setting next_dagrun for example_subdag_operator.section-1 to None
[2021-11-18 19:02:12,206] {logging_mixin.py:109} INFO - [2021-11-18 19:02:12,206] {dag.py:2928} INFO - Setting next_dagrun for example_subdag_operator.section-2 to None
[2021-11-18 19:02:12,210] {processor.py:171} INFO - Processing /Users/sravanisigadam/PycharmProjects/Airflow/venv/lib/python3.9/site-packages/airflow/example_dags/example_subdag_operator.py took 0.055 seconds
[2021-11-18 19:03:29,919] {processor.py:163} INFO - Started process (PID=56693) to work on /Users/sravanisigadam/PycharmProjects/Airflow/venv/lib/python3.9/site-packages/airflow/example_dags/example_subdag_operator.py
[2021-11-18 19:03:29,920] {processor.py:625} INFO - Processing file /Users/sravanisigadam/PycharmProjects/Airflow/venv/lib/python3.9/site-packages/airflow/example_dags/example_subdag_operator.py for tasks to queue
[2021-11-18 19:03:29,921] {logging_mixin.py:109} INFO - [2021-11-18 19:03:29,921] {dagbag.py:500} INFO - Filling up the DagBag from /Users/sravanisigadam/PycharmProjects/Airflow/venv/lib/python3.9/site-packages/airflow/example_dags/example_subdag_operator.py
[2021-11-18 19:03:29,949] {processor.py:637} INFO - DAG(s) dict_keys(['example_subdag_operator.section-1', 'example_subdag_operator.section-2', 'example_subdag_operator']) retrieved from /Users/sravanisigadam/PycharmProjects/Airflow/venv/lib/python3.9/site-packages/airflow/example_dags/example_subdag_operator.py
[2021-11-18 19:03:29,960] {logging_mixin.py:109} INFO - [2021-11-18 19:03:29,960] {dag.py:2396} INFO - Sync 3 DAGs
[2021-11-18 19:03:29,966] {logging_mixin.py:109} INFO - [2021-11-18 19:03:29,966] {dag.py:2928} INFO - Setting next_dagrun for example_subdag_operator to 2021-11-17T00:00:00+00:00
[2021-11-18 19:03:29,966] {logging_mixin.py:109} INFO - [2021-11-18 19:03:29,966] {dag.py:2928} INFO - Setting next_dagrun for example_subdag_operator.section-1 to None
[2021-11-18 19:03:29,966] {logging_mixin.py:109} INFO - [2021-11-18 19:03:29,966] {dag.py:2928} INFO - Setting next_dagrun for example_subdag_operator.section-2 to None
[2021-11-18 19:03:29,968] {logging_mixin.py:109} INFO - [2021-11-18 19:03:29,968] {dag.py:2396} INFO - Sync 2 DAGs
[2021-11-18 19:03:29,971] {logging_mixin.py:109} INFO - [2021-11-18 19:03:29,971] {dag.py:2928} INFO - Setting next_dagrun for example_subdag_operator.section-1 to None
[2021-11-18 19:03:29,971] {logging_mixin.py:109} INFO - [2021-11-18 19:03:29,971] {dag.py:2928} INFO - Setting next_dagrun for example_subdag_operator.section-2 to None
[2021-11-18 19:03:29,974] {processor.py:171} INFO - Processing /Users/sravanisigadam/PycharmProjects/Airflow/venv/lib/python3.9/site-packages/airflow/example_dags/example_subdag_operator.py took 0.055 seconds
[2021-11-18 19:04:49,170] {processor.py:163} INFO - Started process (PID=56742) to work on /Users/sravanisigadam/PycharmProjects/Airflow/venv/lib/python3.9/site-packages/airflow/example_dags/example_subdag_operator.py
[2021-11-18 19:04:49,171] {processor.py:625} INFO - Processing file /Users/sravanisigadam/PycharmProjects/Airflow/venv/lib/python3.9/site-packages/airflow/example_dags/example_subdag_operator.py for tasks to queue
[2021-11-18 19:04:49,171] {logging_mixin.py:109} INFO - [2021-11-18 19:04:49,171] {dagbag.py:500} INFO - Filling up the DagBag from /Users/sravanisigadam/PycharmProjects/Airflow/venv/lib/python3.9/site-packages/airflow/example_dags/example_subdag_operator.py
[2021-11-18 19:04:49,200] {processor.py:637} INFO - DAG(s) dict_keys(['example_subdag_operator.section-1', 'example_subdag_operator.section-2', 'example_subdag_operator']) retrieved from /Users/sravanisigadam/PycharmProjects/Airflow/venv/lib/python3.9/site-packages/airflow/example_dags/example_subdag_operator.py
[2021-11-18 19:04:49,211] {logging_mixin.py:109} INFO - [2021-11-18 19:04:49,211] {dag.py:2396} INFO - Sync 3 DAGs
[2021-11-18 19:04:49,217] {logging_mixin.py:109} INFO - [2021-11-18 19:04:49,216] {dag.py:2928} INFO - Setting next_dagrun for example_subdag_operator to 2021-11-17T00:00:00+00:00
[2021-11-18 19:04:49,217] {logging_mixin.py:109} INFO - [2021-11-18 19:04:49,217] {dag.py:2928} INFO - Setting next_dagrun for example_subdag_operator.section-1 to None
[2021-11-18 19:04:49,217] {logging_mixin.py:109} INFO - [2021-11-18 19:04:49,217] {dag.py:2928} INFO - Setting next_dagrun for example_subdag_operator.section-2 to None
[2021-11-18 19:04:49,219] {logging_mixin.py:109} INFO - [2021-11-18 19:04:49,219] {dag.py:2396} INFO - Sync 2 DAGs
[2021-11-18 19:04:49,222] {logging_mixin.py:109} INFO - [2021-11-18 19:04:49,222] {dag.py:2928} INFO - Setting next_dagrun for example_subdag_operator.section-1 to None
[2021-11-18 19:04:49,222] {logging_mixin.py:109} INFO - [2021-11-18 19:04:49,222] {dag.py:2928} INFO - Setting next_dagrun for example_subdag_operator.section-2 to None
[2021-11-18 19:04:49,225] {processor.py:171} INFO - Processing /Users/sravanisigadam/PycharmProjects/Airflow/venv/lib/python3.9/site-packages/airflow/example_dags/example_subdag_operator.py took 0.056 seconds
[2021-11-18 19:06:07,300] {processor.py:163} INFO - Started process (PID=56813) to work on /Users/sravanisigadam/PycharmProjects/Airflow/venv/lib/python3.9/site-packages/airflow/example_dags/example_subdag_operator.py
[2021-11-18 19:06:07,300] {processor.py:625} INFO - Processing file /Users/sravanisigadam/PycharmProjects/Airflow/venv/lib/python3.9/site-packages/airflow/example_dags/example_subdag_operator.py for tasks to queue
[2021-11-18 19:06:07,300] {logging_mixin.py:109} INFO - [2021-11-18 19:06:07,300] {dagbag.py:500} INFO - Filling up the DagBag from /Users/sravanisigadam/PycharmProjects/Airflow/venv/lib/python3.9/site-packages/airflow/example_dags/example_subdag_operator.py
[2021-11-18 19:06:07,329] {processor.py:637} INFO - DAG(s) dict_keys(['example_subdag_operator.section-1', 'example_subdag_operator.section-2', 'example_subdag_operator']) retrieved from /Users/sravanisigadam/PycharmProjects/Airflow/venv/lib/python3.9/site-packages/airflow/example_dags/example_subdag_operator.py
[2021-11-18 19:06:07,339] {logging_mixin.py:109} INFO - [2021-11-18 19:06:07,339] {dag.py:2396} INFO - Sync 3 DAGs
[2021-11-18 19:06:07,345] {logging_mixin.py:109} INFO - [2021-11-18 19:06:07,345] {dag.py:2928} INFO - Setting next_dagrun for example_subdag_operator to 2021-11-17T00:00:00+00:00
[2021-11-18 19:06:07,345] {logging_mixin.py:109} INFO - [2021-11-18 19:06:07,345] {dag.py:2928} INFO - Setting next_dagrun for example_subdag_operator.section-1 to None
[2021-11-18 19:06:07,345] {logging_mixin.py:109} INFO - [2021-11-18 19:06:07,345] {dag.py:2928} INFO - Setting next_dagrun for example_subdag_operator.section-2 to None
[2021-11-18 19:06:07,347] {logging_mixin.py:109} INFO - [2021-11-18 19:06:07,347] {dag.py:2396} INFO - Sync 2 DAGs
[2021-11-18 19:06:07,350] {logging_mixin.py:109} INFO - [2021-11-18 19:06:07,350] {dag.py:2928} INFO - Setting next_dagrun for example_subdag_operator.section-1 to None
[2021-11-18 19:06:07,350] {logging_mixin.py:109} INFO - [2021-11-18 19:06:07,350] {dag.py:2928} INFO - Setting next_dagrun for example_subdag_operator.section-2 to None
[2021-11-18 19:06:07,353] {processor.py:171} INFO - Processing /Users/sravanisigadam/PycharmProjects/Airflow/venv/lib/python3.9/site-packages/airflow/example_dags/example_subdag_operator.py took 0.054 seconds
[2021-11-18 19:07:26,531] {processor.py:163} INFO - Started process (PID=56869) to work on /Users/sravanisigadam/PycharmProjects/Airflow/venv/lib/python3.9/site-packages/airflow/example_dags/example_subdag_operator.py
[2021-11-18 19:07:26,531] {processor.py:625} INFO - Processing file /Users/sravanisigadam/PycharmProjects/Airflow/venv/lib/python3.9/site-packages/airflow/example_dags/example_subdag_operator.py for tasks to queue
[2021-11-18 19:07:26,531] {logging_mixin.py:109} INFO - [2021-11-18 19:07:26,531] {dagbag.py:500} INFO - Filling up the DagBag from /Users/sravanisigadam/PycharmProjects/Airflow/venv/lib/python3.9/site-packages/airflow/example_dags/example_subdag_operator.py
[2021-11-18 19:07:26,568] {processor.py:637} INFO - DAG(s) dict_keys(['example_subdag_operator.section-1', 'example_subdag_operator.section-2', 'example_subdag_operator']) retrieved from /Users/sravanisigadam/PycharmProjects/Airflow/venv/lib/python3.9/site-packages/airflow/example_dags/example_subdag_operator.py
[2021-11-18 19:07:26,584] {logging_mixin.py:109} INFO - [2021-11-18 19:07:26,584] {dag.py:2396} INFO - Sync 3 DAGs
[2021-11-18 19:07:26,591] {logging_mixin.py:109} INFO - [2021-11-18 19:07:26,591] {dag.py:2928} INFO - Setting next_dagrun for example_subdag_operator to 2021-11-17T00:00:00+00:00
[2021-11-18 19:07:26,591] {logging_mixin.py:109} INFO - [2021-11-18 19:07:26,591] {dag.py:2928} INFO - Setting next_dagrun for example_subdag_operator.section-1 to None
[2021-11-18 19:07:26,591] {logging_mixin.py:109} INFO - [2021-11-18 19:07:26,591] {dag.py:2928} INFO - Setting next_dagrun for example_subdag_operator.section-2 to None
[2021-11-18 19:07:26,594] {logging_mixin.py:109} INFO - [2021-11-18 19:07:26,594] {dag.py:2396} INFO - Sync 2 DAGs
[2021-11-18 19:07:26,598] {logging_mixin.py:109} INFO - [2021-11-18 19:07:26,598] {dag.py:2928} INFO - Setting next_dagrun for example_subdag_operator.section-1 to None
[2021-11-18 19:07:26,598] {logging_mixin.py:109} INFO - [2021-11-18 19:07:26,598] {dag.py:2928} INFO - Setting next_dagrun for example_subdag_operator.section-2 to None
[2021-11-18 19:07:26,602] {processor.py:171} INFO - Processing /Users/sravanisigadam/PycharmProjects/Airflow/venv/lib/python3.9/site-packages/airflow/example_dags/example_subdag_operator.py took 0.072 seconds
[2021-11-18 19:08:44,706] {processor.py:163} INFO - Started process (PID=56938) to work on /Users/sravanisigadam/PycharmProjects/Airflow/venv/lib/python3.9/site-packages/airflow/example_dags/example_subdag_operator.py
[2021-11-18 19:08:44,706] {processor.py:625} INFO - Processing file /Users/sravanisigadam/PycharmProjects/Airflow/venv/lib/python3.9/site-packages/airflow/example_dags/example_subdag_operator.py for tasks to queue
[2021-11-18 19:08:44,706] {logging_mixin.py:109} INFO - [2021-11-18 19:08:44,706] {dagbag.py:500} INFO - Filling up the DagBag from /Users/sravanisigadam/PycharmProjects/Airflow/venv/lib/python3.9/site-packages/airflow/example_dags/example_subdag_operator.py
[2021-11-18 19:08:44,734] {processor.py:637} INFO - DAG(s) dict_keys(['example_subdag_operator.section-1', 'example_subdag_operator.section-2', 'example_subdag_operator']) retrieved from /Users/sravanisigadam/PycharmProjects/Airflow/venv/lib/python3.9/site-packages/airflow/example_dags/example_subdag_operator.py
[2021-11-18 19:08:44,745] {logging_mixin.py:109} INFO - [2021-11-18 19:08:44,745] {dag.py:2396} INFO - Sync 3 DAGs
[2021-11-18 19:08:44,751] {logging_mixin.py:109} INFO - [2021-11-18 19:08:44,751] {dag.py:2928} INFO - Setting next_dagrun for example_subdag_operator to 2021-11-17T00:00:00+00:00
[2021-11-18 19:08:44,751] {logging_mixin.py:109} INFO - [2021-11-18 19:08:44,751] {dag.py:2928} INFO - Setting next_dagrun for example_subdag_operator.section-1 to None
[2021-11-18 19:08:44,751] {logging_mixin.py:109} INFO - [2021-11-18 19:08:44,751] {dag.py:2928} INFO - Setting next_dagrun for example_subdag_operator.section-2 to None
[2021-11-18 19:08:44,753] {logging_mixin.py:109} INFO - [2021-11-18 19:08:44,753] {dag.py:2396} INFO - Sync 2 DAGs
[2021-11-18 19:08:44,756] {logging_mixin.py:109} INFO - [2021-11-18 19:08:44,756] {dag.py:2928} INFO - Setting next_dagrun for example_subdag_operator.section-1 to None
[2021-11-18 19:08:44,756] {logging_mixin.py:109} INFO - [2021-11-18 19:08:44,756] {dag.py:2928} INFO - Setting next_dagrun for example_subdag_operator.section-2 to None
[2021-11-18 19:08:44,760] {processor.py:171} INFO - Processing /Users/sravanisigadam/PycharmProjects/Airflow/venv/lib/python3.9/site-packages/airflow/example_dags/example_subdag_operator.py took 0.054 seconds
[2021-11-18 19:10:03,361] {processor.py:163} INFO - Started process (PID=56983) to work on /Users/sravanisigadam/PycharmProjects/Airflow/venv/lib/python3.9/site-packages/airflow/example_dags/example_subdag_operator.py
[2021-11-18 19:10:03,362] {processor.py:625} INFO - Processing file /Users/sravanisigadam/PycharmProjects/Airflow/venv/lib/python3.9/site-packages/airflow/example_dags/example_subdag_operator.py for tasks to queue
[2021-11-18 19:10:03,362] {logging_mixin.py:109} INFO - [2021-11-18 19:10:03,362] {dagbag.py:500} INFO - Filling up the DagBag from /Users/sravanisigadam/PycharmProjects/Airflow/venv/lib/python3.9/site-packages/airflow/example_dags/example_subdag_operator.py
[2021-11-18 19:10:03,389] {processor.py:637} INFO - DAG(s) dict_keys(['example_subdag_operator.section-1', 'example_subdag_operator.section-2', 'example_subdag_operator']) retrieved from /Users/sravanisigadam/PycharmProjects/Airflow/venv/lib/python3.9/site-packages/airflow/example_dags/example_subdag_operator.py
[2021-11-18 19:10:03,400] {logging_mixin.py:109} INFO - [2021-11-18 19:10:03,400] {dag.py:2396} INFO - Sync 3 DAGs
[2021-11-18 19:10:03,406] {logging_mixin.py:109} INFO - [2021-11-18 19:10:03,406] {dag.py:2928} INFO - Setting next_dagrun for example_subdag_operator to 2021-11-17T00:00:00+00:00
[2021-11-18 19:10:03,406] {logging_mixin.py:109} INFO - [2021-11-18 19:10:03,406] {dag.py:2928} INFO - Setting next_dagrun for example_subdag_operator.section-1 to None
[2021-11-18 19:10:03,406] {logging_mixin.py:109} INFO - [2021-11-18 19:10:03,406] {dag.py:2928} INFO - Setting next_dagrun for example_subdag_operator.section-2 to None
[2021-11-18 19:10:03,408] {logging_mixin.py:109} INFO - [2021-11-18 19:10:03,408] {dag.py:2396} INFO - Sync 2 DAGs
[2021-11-18 19:10:03,411] {logging_mixin.py:109} INFO - [2021-11-18 19:10:03,411] {dag.py:2928} INFO - Setting next_dagrun for example_subdag_operator.section-1 to None
[2021-11-18 19:10:03,411] {logging_mixin.py:109} INFO - [2021-11-18 19:10:03,411] {dag.py:2928} INFO - Setting next_dagrun for example_subdag_operator.section-2 to None
[2021-11-18 19:10:03,415] {processor.py:171} INFO - Processing /Users/sravanisigadam/PycharmProjects/Airflow/venv/lib/python3.9/site-packages/airflow/example_dags/example_subdag_operator.py took 0.054 seconds
[2021-11-18 19:11:23,583] {processor.py:163} INFO - Started process (PID=57030) to work on /Users/sravanisigadam/PycharmProjects/Airflow/venv/lib/python3.9/site-packages/airflow/example_dags/example_subdag_operator.py
[2021-11-18 19:11:23,584] {processor.py:625} INFO - Processing file /Users/sravanisigadam/PycharmProjects/Airflow/venv/lib/python3.9/site-packages/airflow/example_dags/example_subdag_operator.py for tasks to queue
[2021-11-18 19:11:23,584] {logging_mixin.py:109} INFO - [2021-11-18 19:11:23,584] {dagbag.py:500} INFO - Filling up the DagBag from /Users/sravanisigadam/PycharmProjects/Airflow/venv/lib/python3.9/site-packages/airflow/example_dags/example_subdag_operator.py
[2021-11-18 19:11:23,613] {processor.py:637} INFO - DAG(s) dict_keys(['example_subdag_operator.section-1', 'example_subdag_operator.section-2', 'example_subdag_operator']) retrieved from /Users/sravanisigadam/PycharmProjects/Airflow/venv/lib/python3.9/site-packages/airflow/example_dags/example_subdag_operator.py
[2021-11-18 19:11:23,624] {logging_mixin.py:109} INFO - [2021-11-18 19:11:23,624] {dag.py:2396} INFO - Sync 3 DAGs
[2021-11-18 19:11:23,629] {logging_mixin.py:109} INFO - [2021-11-18 19:11:23,629] {dag.py:2928} INFO - Setting next_dagrun for example_subdag_operator to 2021-11-17T00:00:00+00:00
[2021-11-18 19:11:23,629] {logging_mixin.py:109} INFO - [2021-11-18 19:11:23,629] {dag.py:2928} INFO - Setting next_dagrun for example_subdag_operator.section-1 to None
[2021-11-18 19:11:23,629] {logging_mixin.py:109} INFO - [2021-11-18 19:11:23,629] {dag.py:2928} INFO - Setting next_dagrun for example_subdag_operator.section-2 to None
[2021-11-18 19:11:23,632] {logging_mixin.py:109} INFO - [2021-11-18 19:11:23,632] {dag.py:2396} INFO - Sync 2 DAGs
[2021-11-18 19:11:23,634] {logging_mixin.py:109} INFO - [2021-11-18 19:11:23,634] {dag.py:2928} INFO - Setting next_dagrun for example_subdag_operator.section-1 to None
[2021-11-18 19:11:23,635] {logging_mixin.py:109} INFO - [2021-11-18 19:11:23,635] {dag.py:2928} INFO - Setting next_dagrun for example_subdag_operator.section-2 to None
[2021-11-18 19:11:23,638] {processor.py:171} INFO - Processing /Users/sravanisigadam/PycharmProjects/Airflow/venv/lib/python3.9/site-packages/airflow/example_dags/example_subdag_operator.py took 0.055 seconds
[2021-11-18 19:12:44,982] {processor.py:163} INFO - Started process (PID=57073) to work on /Users/sravanisigadam/PycharmProjects/Airflow/venv/lib/python3.9/site-packages/airflow/example_dags/example_subdag_operator.py
[2021-11-18 19:12:44,983] {processor.py:625} INFO - Processing file /Users/sravanisigadam/PycharmProjects/Airflow/venv/lib/python3.9/site-packages/airflow/example_dags/example_subdag_operator.py for tasks to queue
[2021-11-18 19:12:44,983] {logging_mixin.py:109} INFO - [2021-11-18 19:12:44,983] {dagbag.py:500} INFO - Filling up the DagBag from /Users/sravanisigadam/PycharmProjects/Airflow/venv/lib/python3.9/site-packages/airflow/example_dags/example_subdag_operator.py
[2021-11-18 19:12:45,012] {processor.py:637} INFO - DAG(s) dict_keys(['example_subdag_operator.section-1', 'example_subdag_operator.section-2', 'example_subdag_operator']) retrieved from /Users/sravanisigadam/PycharmProjects/Airflow/venv/lib/python3.9/site-packages/airflow/example_dags/example_subdag_operator.py
[2021-11-18 19:12:45,023] {logging_mixin.py:109} INFO - [2021-11-18 19:12:45,023] {dag.py:2396} INFO - Sync 3 DAGs
[2021-11-18 19:12:45,028] {logging_mixin.py:109} INFO - [2021-11-18 19:12:45,028] {dag.py:2928} INFO - Setting next_dagrun for example_subdag_operator to 2021-11-17T00:00:00+00:00
[2021-11-18 19:12:45,029] {logging_mixin.py:109} INFO - [2021-11-18 19:12:45,029] {dag.py:2928} INFO - Setting next_dagrun for example_subdag_operator.section-1 to None
[2021-11-18 19:12:45,029] {logging_mixin.py:109} INFO - [2021-11-18 19:12:45,029] {dag.py:2928} INFO - Setting next_dagrun for example_subdag_operator.section-2 to None
[2021-11-18 19:12:45,031] {logging_mixin.py:109} INFO - [2021-11-18 19:12:45,031] {dag.py:2396} INFO - Sync 2 DAGs
[2021-11-18 19:12:45,034] {logging_mixin.py:109} INFO - [2021-11-18 19:12:45,034] {dag.py:2928} INFO - Setting next_dagrun for example_subdag_operator.section-1 to None
[2021-11-18 19:12:45,034] {logging_mixin.py:109} INFO - [2021-11-18 19:12:45,034] {dag.py:2928} INFO - Setting next_dagrun for example_subdag_operator.section-2 to None
[2021-11-18 19:12:45,037] {processor.py:171} INFO - Processing /Users/sravanisigadam/PycharmProjects/Airflow/venv/lib/python3.9/site-packages/airflow/example_dags/example_subdag_operator.py took 0.056 seconds
[2021-11-18 19:14:08,446] {processor.py:163} INFO - Started process (PID=57151) to work on /Users/sravanisigadam/PycharmProjects/Airflow/venv/lib/python3.9/site-packages/airflow/example_dags/example_subdag_operator.py
[2021-11-18 19:14:08,446] {processor.py:625} INFO - Processing file /Users/sravanisigadam/PycharmProjects/Airflow/venv/lib/python3.9/site-packages/airflow/example_dags/example_subdag_operator.py for tasks to queue
[2021-11-18 19:14:08,446] {logging_mixin.py:109} INFO - [2021-11-18 19:14:08,446] {dagbag.py:500} INFO - Filling up the DagBag from /Users/sravanisigadam/PycharmProjects/Airflow/venv/lib/python3.9/site-packages/airflow/example_dags/example_subdag_operator.py
[2021-11-18 19:14:08,475] {processor.py:637} INFO - DAG(s) dict_keys(['example_subdag_operator.section-1', 'example_subdag_operator.section-2', 'example_subdag_operator']) retrieved from /Users/sravanisigadam/PycharmProjects/Airflow/venv/lib/python3.9/site-packages/airflow/example_dags/example_subdag_operator.py
[2021-11-18 19:14:08,486] {logging_mixin.py:109} INFO - [2021-11-18 19:14:08,486] {dag.py:2396} INFO - Sync 3 DAGs
[2021-11-18 19:14:08,492] {logging_mixin.py:109} INFO - [2021-11-18 19:14:08,492] {dag.py:2928} INFO - Setting next_dagrun for example_subdag_operator to 2021-11-17T00:00:00+00:00
[2021-11-18 19:14:08,492] {logging_mixin.py:109} INFO - [2021-11-18 19:14:08,492] {dag.py:2928} INFO - Setting next_dagrun for example_subdag_operator.section-1 to None
[2021-11-18 19:14:08,493] {logging_mixin.py:109} INFO - [2021-11-18 19:14:08,493] {dag.py:2928} INFO - Setting next_dagrun for example_subdag_operator.section-2 to None
[2021-11-18 19:14:08,495] {logging_mixin.py:109} INFO - [2021-11-18 19:14:08,495] {dag.py:2396} INFO - Sync 2 DAGs
[2021-11-18 19:14:08,498] {logging_mixin.py:109} INFO - [2021-11-18 19:14:08,498] {dag.py:2928} INFO - Setting next_dagrun for example_subdag_operator.section-1 to None
[2021-11-18 19:14:08,498] {logging_mixin.py:109} INFO - [2021-11-18 19:14:08,498] {dag.py:2928} INFO - Setting next_dagrun for example_subdag_operator.section-2 to None
[2021-11-18 19:14:08,502] {processor.py:171} INFO - Processing /Users/sravanisigadam/PycharmProjects/Airflow/venv/lib/python3.9/site-packages/airflow/example_dags/example_subdag_operator.py took 0.056 seconds
[2021-11-18 19:15:27,527] {processor.py:163} INFO - Started process (PID=57208) to work on /Users/sravanisigadam/PycharmProjects/Airflow/venv/lib/python3.9/site-packages/airflow/example_dags/example_subdag_operator.py
[2021-11-18 19:15:27,528] {processor.py:625} INFO - Processing file /Users/sravanisigadam/PycharmProjects/Airflow/venv/lib/python3.9/site-packages/airflow/example_dags/example_subdag_operator.py for tasks to queue
[2021-11-18 19:15:27,528] {logging_mixin.py:109} INFO - [2021-11-18 19:15:27,528] {dagbag.py:500} INFO - Filling up the DagBag from /Users/sravanisigadam/PycharmProjects/Airflow/venv/lib/python3.9/site-packages/airflow/example_dags/example_subdag_operator.py
[2021-11-18 19:15:27,558] {processor.py:637} INFO - DAG(s) dict_keys(['example_subdag_operator.section-1', 'example_subdag_operator.section-2', 'example_subdag_operator']) retrieved from /Users/sravanisigadam/PycharmProjects/Airflow/venv/lib/python3.9/site-packages/airflow/example_dags/example_subdag_operator.py
[2021-11-18 19:15:27,570] {logging_mixin.py:109} INFO - [2021-11-18 19:15:27,570] {dag.py:2396} INFO - Sync 3 DAGs
[2021-11-18 19:15:27,576] {logging_mixin.py:109} INFO - [2021-11-18 19:15:27,576] {dag.py:2928} INFO - Setting next_dagrun for example_subdag_operator to 2021-11-17T00:00:00+00:00
[2021-11-18 19:15:27,576] {logging_mixin.py:109} INFO - [2021-11-18 19:15:27,576] {dag.py:2928} INFO - Setting next_dagrun for example_subdag_operator.section-1 to None
[2021-11-18 19:15:27,576] {logging_mixin.py:109} INFO - [2021-11-18 19:15:27,576] {dag.py:2928} INFO - Setting next_dagrun for example_subdag_operator.section-2 to None
[2021-11-18 19:15:27,578] {logging_mixin.py:109} INFO - [2021-11-18 19:15:27,578] {dag.py:2396} INFO - Sync 2 DAGs
[2021-11-18 19:15:27,581] {logging_mixin.py:109} INFO - [2021-11-18 19:15:27,581] {dag.py:2928} INFO - Setting next_dagrun for example_subdag_operator.section-1 to None
[2021-11-18 19:15:27,581] {logging_mixin.py:109} INFO - [2021-11-18 19:15:27,581] {dag.py:2928} INFO - Setting next_dagrun for example_subdag_operator.section-2 to None
[2021-11-18 19:15:27,584] {processor.py:171} INFO - Processing /Users/sravanisigadam/PycharmProjects/Airflow/venv/lib/python3.9/site-packages/airflow/example_dags/example_subdag_operator.py took 0.057 seconds
