[2021-11-18 17:36:07,306] {processor.py:163} INFO - Started process (PID=55556) to work on /Users/sravanisigadam/PycharmProjects/Airflow/venv/lib/python3.9/site-packages/airflow/example_dags/example_trigger_controller_dag.py
[2021-11-18 17:36:07,306] {processor.py:625} INFO - Processing file /Users/sravanisigadam/PycharmProjects/Airflow/venv/lib/python3.9/site-packages/airflow/example_dags/example_trigger_controller_dag.py for tasks to queue
[2021-11-18 17:36:07,306] {logging_mixin.py:109} INFO - [2021-11-18 17:36:07,306] {dagbag.py:500} INFO - Filling up the DagBag from /Users/sravanisigadam/PycharmProjects/Airflow/venv/lib/python3.9/site-packages/airflow/example_dags/example_trigger_controller_dag.py
[2021-11-18 17:36:07,329] {processor.py:637} INFO - DAG(s) dict_keys(['example_trigger_controller_dag']) retrieved from /Users/sravanisigadam/PycharmProjects/Airflow/venv/lib/python3.9/site-packages/airflow/example_dags/example_trigger_controller_dag.py
[2021-11-18 17:36:07,339] {logging_mixin.py:109} INFO - [2021-11-18 17:36:07,339] {dag.py:2396} INFO - Sync 1 DAGs
[2021-11-18 17:36:07,344] {logging_mixin.py:109} INFO - [2021-11-18 17:36:07,344] {dag.py:2928} INFO - Setting next_dagrun for example_trigger_controller_dag to 2021-01-01T00:00:00+00:00
[2021-11-18 17:36:07,349] {processor.py:171} INFO - Processing /Users/sravanisigadam/PycharmProjects/Airflow/venv/lib/python3.9/site-packages/airflow/example_dags/example_trigger_controller_dag.py took 0.043 seconds
[2021-11-18 18:25:16,921] {processor.py:163} INFO - Started process (PID=55656) to work on /Users/sravanisigadam/PycharmProjects/Airflow/venv/lib/python3.9/site-packages/airflow/example_dags/example_trigger_controller_dag.py
[2021-11-18 18:25:16,922] {processor.py:625} INFO - Processing file /Users/sravanisigadam/PycharmProjects/Airflow/venv/lib/python3.9/site-packages/airflow/example_dags/example_trigger_controller_dag.py for tasks to queue
[2021-11-18 18:25:16,922] {logging_mixin.py:109} INFO - [2021-11-18 18:25:16,922] {dagbag.py:500} INFO - Filling up the DagBag from /Users/sravanisigadam/PycharmProjects/Airflow/venv/lib/python3.9/site-packages/airflow/example_dags/example_trigger_controller_dag.py
[2021-11-18 18:25:16,946] {processor.py:637} INFO - DAG(s) dict_keys(['example_trigger_controller_dag']) retrieved from /Users/sravanisigadam/PycharmProjects/Airflow/venv/lib/python3.9/site-packages/airflow/example_dags/example_trigger_controller_dag.py
[2021-11-18 18:25:16,957] {logging_mixin.py:109} INFO - [2021-11-18 18:25:16,957] {dag.py:2396} INFO - Sync 1 DAGs
[2021-11-18 18:25:16,962] {logging_mixin.py:109} INFO - [2021-11-18 18:25:16,962] {dag.py:2928} INFO - Setting next_dagrun for example_trigger_controller_dag to 2021-01-01T00:00:00+00:00
[2021-11-18 18:25:16,967] {processor.py:171} INFO - Processing /Users/sravanisigadam/PycharmProjects/Airflow/venv/lib/python3.9/site-packages/airflow/example_dags/example_trigger_controller_dag.py took 0.046 seconds
[2021-11-18 18:26:35,415] {processor.py:163} INFO - Started process (PID=55798) to work on /Users/sravanisigadam/PycharmProjects/Airflow/venv/lib/python3.9/site-packages/airflow/example_dags/example_trigger_controller_dag.py
[2021-11-18 18:26:35,415] {processor.py:625} INFO - Processing file /Users/sravanisigadam/PycharmProjects/Airflow/venv/lib/python3.9/site-packages/airflow/example_dags/example_trigger_controller_dag.py for tasks to queue
[2021-11-18 18:26:35,415] {logging_mixin.py:109} INFO - [2021-11-18 18:26:35,415] {dagbag.py:500} INFO - Filling up the DagBag from /Users/sravanisigadam/PycharmProjects/Airflow/venv/lib/python3.9/site-packages/airflow/example_dags/example_trigger_controller_dag.py
[2021-11-18 18:26:35,440] {processor.py:637} INFO - DAG(s) dict_keys(['example_trigger_controller_dag']) retrieved from /Users/sravanisigadam/PycharmProjects/Airflow/venv/lib/python3.9/site-packages/airflow/example_dags/example_trigger_controller_dag.py
[2021-11-18 18:26:35,452] {logging_mixin.py:109} INFO - [2021-11-18 18:26:35,452] {dag.py:2396} INFO - Sync 1 DAGs
[2021-11-18 18:26:35,458] {logging_mixin.py:109} INFO - [2021-11-18 18:26:35,458] {dag.py:2928} INFO - Setting next_dagrun for example_trigger_controller_dag to 2021-01-01T00:00:00+00:00
[2021-11-18 18:26:35,463] {processor.py:171} INFO - Processing /Users/sravanisigadam/PycharmProjects/Airflow/venv/lib/python3.9/site-packages/airflow/example_dags/example_trigger_controller_dag.py took 0.049 seconds
[2021-11-18 18:27:55,352] {processor.py:163} INFO - Started process (PID=55853) to work on /Users/sravanisigadam/PycharmProjects/Airflow/venv/lib/python3.9/site-packages/airflow/example_dags/example_trigger_controller_dag.py
[2021-11-18 18:27:55,352] {processor.py:625} INFO - Processing file /Users/sravanisigadam/PycharmProjects/Airflow/venv/lib/python3.9/site-packages/airflow/example_dags/example_trigger_controller_dag.py for tasks to queue
[2021-11-18 18:27:55,352] {logging_mixin.py:109} INFO - [2021-11-18 18:27:55,352] {dagbag.py:500} INFO - Filling up the DagBag from /Users/sravanisigadam/PycharmProjects/Airflow/venv/lib/python3.9/site-packages/airflow/example_dags/example_trigger_controller_dag.py
[2021-11-18 18:27:55,379] {processor.py:637} INFO - DAG(s) dict_keys(['example_trigger_controller_dag']) retrieved from /Users/sravanisigadam/PycharmProjects/Airflow/venv/lib/python3.9/site-packages/airflow/example_dags/example_trigger_controller_dag.py
[2021-11-18 18:27:55,391] {logging_mixin.py:109} INFO - [2021-11-18 18:27:55,391] {dag.py:2396} INFO - Sync 1 DAGs
[2021-11-18 18:27:55,397] {logging_mixin.py:109} INFO - [2021-11-18 18:27:55,397] {dag.py:2928} INFO - Setting next_dagrun for example_trigger_controller_dag to 2021-01-01T00:00:00+00:00
[2021-11-18 18:27:55,402] {processor.py:171} INFO - Processing /Users/sravanisigadam/PycharmProjects/Airflow/venv/lib/python3.9/site-packages/airflow/example_dags/example_trigger_controller_dag.py took 0.050 seconds
[2021-11-18 18:29:15,525] {processor.py:163} INFO - Started process (PID=55913) to work on /Users/sravanisigadam/PycharmProjects/Airflow/venv/lib/python3.9/site-packages/airflow/example_dags/example_trigger_controller_dag.py
[2021-11-18 18:29:15,525] {processor.py:625} INFO - Processing file /Users/sravanisigadam/PycharmProjects/Airflow/venv/lib/python3.9/site-packages/airflow/example_dags/example_trigger_controller_dag.py for tasks to queue
[2021-11-18 18:29:15,525] {logging_mixin.py:109} INFO - [2021-11-18 18:29:15,525] {dagbag.py:500} INFO - Filling up the DagBag from /Users/sravanisigadam/PycharmProjects/Airflow/venv/lib/python3.9/site-packages/airflow/example_dags/example_trigger_controller_dag.py
[2021-11-18 18:29:15,549] {processor.py:637} INFO - DAG(s) dict_keys(['example_trigger_controller_dag']) retrieved from /Users/sravanisigadam/PycharmProjects/Airflow/venv/lib/python3.9/site-packages/airflow/example_dags/example_trigger_controller_dag.py
[2021-11-18 18:29:15,559] {logging_mixin.py:109} INFO - [2021-11-18 18:29:15,559] {dag.py:2396} INFO - Sync 1 DAGs
[2021-11-18 18:29:15,564] {logging_mixin.py:109} INFO - [2021-11-18 18:29:15,564] {dag.py:2928} INFO - Setting next_dagrun for example_trigger_controller_dag to 2021-01-01T00:00:00+00:00
[2021-11-18 18:29:15,569] {processor.py:171} INFO - Processing /Users/sravanisigadam/PycharmProjects/Airflow/venv/lib/python3.9/site-packages/airflow/example_dags/example_trigger_controller_dag.py took 0.045 seconds
[2021-11-18 18:30:35,591] {processor.py:163} INFO - Started process (PID=55954) to work on /Users/sravanisigadam/PycharmProjects/Airflow/venv/lib/python3.9/site-packages/airflow/example_dags/example_trigger_controller_dag.py
[2021-11-18 18:30:35,592] {processor.py:625} INFO - Processing file /Users/sravanisigadam/PycharmProjects/Airflow/venv/lib/python3.9/site-packages/airflow/example_dags/example_trigger_controller_dag.py for tasks to queue
[2021-11-18 18:30:35,592] {logging_mixin.py:109} INFO - [2021-11-18 18:30:35,592] {dagbag.py:500} INFO - Filling up the DagBag from /Users/sravanisigadam/PycharmProjects/Airflow/venv/lib/python3.9/site-packages/airflow/example_dags/example_trigger_controller_dag.py
[2021-11-18 18:30:35,614] {processor.py:637} INFO - DAG(s) dict_keys(['example_trigger_controller_dag']) retrieved from /Users/sravanisigadam/PycharmProjects/Airflow/venv/lib/python3.9/site-packages/airflow/example_dags/example_trigger_controller_dag.py
[2021-11-18 18:30:35,624] {logging_mixin.py:109} INFO - [2021-11-18 18:30:35,624] {dag.py:2396} INFO - Sync 1 DAGs
[2021-11-18 18:30:35,629] {logging_mixin.py:109} INFO - [2021-11-18 18:30:35,629] {dag.py:2928} INFO - Setting next_dagrun for example_trigger_controller_dag to 2021-01-01T00:00:00+00:00
[2021-11-18 18:30:35,633] {processor.py:171} INFO - Processing /Users/sravanisigadam/PycharmProjects/Airflow/venv/lib/python3.9/site-packages/airflow/example_dags/example_trigger_controller_dag.py took 0.042 seconds
[2021-11-18 18:31:55,725] {processor.py:163} INFO - Started process (PID=56001) to work on /Users/sravanisigadam/PycharmProjects/Airflow/venv/lib/python3.9/site-packages/airflow/example_dags/example_trigger_controller_dag.py
[2021-11-18 18:31:55,725] {processor.py:625} INFO - Processing file /Users/sravanisigadam/PycharmProjects/Airflow/venv/lib/python3.9/site-packages/airflow/example_dags/example_trigger_controller_dag.py for tasks to queue
[2021-11-18 18:31:55,725] {logging_mixin.py:109} INFO - [2021-11-18 18:31:55,725] {dagbag.py:500} INFO - Filling up the DagBag from /Users/sravanisigadam/PycharmProjects/Airflow/venv/lib/python3.9/site-packages/airflow/example_dags/example_trigger_controller_dag.py
[2021-11-18 18:31:55,748] {processor.py:637} INFO - DAG(s) dict_keys(['example_trigger_controller_dag']) retrieved from /Users/sravanisigadam/PycharmProjects/Airflow/venv/lib/python3.9/site-packages/airflow/example_dags/example_trigger_controller_dag.py
[2021-11-18 18:31:55,758] {logging_mixin.py:109} INFO - [2021-11-18 18:31:55,757] {dag.py:2396} INFO - Sync 1 DAGs
[2021-11-18 18:31:55,763] {logging_mixin.py:109} INFO - [2021-11-18 18:31:55,763] {dag.py:2928} INFO - Setting next_dagrun for example_trigger_controller_dag to 2021-01-01T00:00:00+00:00
[2021-11-18 18:31:55,767] {processor.py:171} INFO - Processing /Users/sravanisigadam/PycharmProjects/Airflow/venv/lib/python3.9/site-packages/airflow/example_dags/example_trigger_controller_dag.py took 0.043 seconds
[2021-11-18 18:33:15,737] {processor.py:163} INFO - Started process (PID=56041) to work on /Users/sravanisigadam/PycharmProjects/Airflow/venv/lib/python3.9/site-packages/airflow/example_dags/example_trigger_controller_dag.py
[2021-11-18 18:33:15,738] {processor.py:625} INFO - Processing file /Users/sravanisigadam/PycharmProjects/Airflow/venv/lib/python3.9/site-packages/airflow/example_dags/example_trigger_controller_dag.py for tasks to queue
[2021-11-18 18:33:15,738] {logging_mixin.py:109} INFO - [2021-11-18 18:33:15,738] {dagbag.py:500} INFO - Filling up the DagBag from /Users/sravanisigadam/PycharmProjects/Airflow/venv/lib/python3.9/site-packages/airflow/example_dags/example_trigger_controller_dag.py
[2021-11-18 18:33:15,760] {processor.py:637} INFO - DAG(s) dict_keys(['example_trigger_controller_dag']) retrieved from /Users/sravanisigadam/PycharmProjects/Airflow/venv/lib/python3.9/site-packages/airflow/example_dags/example_trigger_controller_dag.py
[2021-11-18 18:33:15,770] {logging_mixin.py:109} INFO - [2021-11-18 18:33:15,770] {dag.py:2396} INFO - Sync 1 DAGs
[2021-11-18 18:33:15,775] {logging_mixin.py:109} INFO - [2021-11-18 18:33:15,775] {dag.py:2928} INFO - Setting next_dagrun for example_trigger_controller_dag to 2021-01-01T00:00:00+00:00
[2021-11-18 18:33:15,780] {processor.py:171} INFO - Processing /Users/sravanisigadam/PycharmProjects/Airflow/venv/lib/python3.9/site-packages/airflow/example_dags/example_trigger_controller_dag.py took 0.043 seconds
[2021-11-18 18:46:21,461] {processor.py:163} INFO - Started process (PID=56102) to work on /Users/sravanisigadam/PycharmProjects/Airflow/venv/lib/python3.9/site-packages/airflow/example_dags/example_trigger_controller_dag.py
[2021-11-18 18:46:21,462] {processor.py:625} INFO - Processing file /Users/sravanisigadam/PycharmProjects/Airflow/venv/lib/python3.9/site-packages/airflow/example_dags/example_trigger_controller_dag.py for tasks to queue
[2021-11-18 18:46:21,462] {logging_mixin.py:109} INFO - [2021-11-18 18:46:21,462] {dagbag.py:500} INFO - Filling up the DagBag from /Users/sravanisigadam/PycharmProjects/Airflow/venv/lib/python3.9/site-packages/airflow/example_dags/example_trigger_controller_dag.py
[2021-11-18 18:46:21,484] {processor.py:637} INFO - DAG(s) dict_keys(['example_trigger_controller_dag']) retrieved from /Users/sravanisigadam/PycharmProjects/Airflow/venv/lib/python3.9/site-packages/airflow/example_dags/example_trigger_controller_dag.py
[2021-11-18 18:46:21,494] {logging_mixin.py:109} INFO - [2021-11-18 18:46:21,494] {dag.py:2396} INFO - Sync 1 DAGs
[2021-11-18 18:46:21,499] {logging_mixin.py:109} INFO - [2021-11-18 18:46:21,499] {dag.py:2928} INFO - Setting next_dagrun for example_trigger_controller_dag to 2021-01-01T00:00:00+00:00
[2021-11-18 18:46:21,503] {processor.py:171} INFO - Processing /Users/sravanisigadam/PycharmProjects/Airflow/venv/lib/python3.9/site-packages/airflow/example_dags/example_trigger_controller_dag.py took 0.042 seconds
[2021-11-18 18:47:39,753] {processor.py:163} INFO - Started process (PID=56158) to work on /Users/sravanisigadam/PycharmProjects/Airflow/venv/lib/python3.9/site-packages/airflow/example_dags/example_trigger_controller_dag.py
[2021-11-18 18:47:39,754] {processor.py:625} INFO - Processing file /Users/sravanisigadam/PycharmProjects/Airflow/venv/lib/python3.9/site-packages/airflow/example_dags/example_trigger_controller_dag.py for tasks to queue
[2021-11-18 18:47:39,754] {logging_mixin.py:109} INFO - [2021-11-18 18:47:39,754] {dagbag.py:500} INFO - Filling up the DagBag from /Users/sravanisigadam/PycharmProjects/Airflow/venv/lib/python3.9/site-packages/airflow/example_dags/example_trigger_controller_dag.py
[2021-11-18 18:47:39,776] {processor.py:637} INFO - DAG(s) dict_keys(['example_trigger_controller_dag']) retrieved from /Users/sravanisigadam/PycharmProjects/Airflow/venv/lib/python3.9/site-packages/airflow/example_dags/example_trigger_controller_dag.py
[2021-11-18 18:47:39,786] {logging_mixin.py:109} INFO - [2021-11-18 18:47:39,786] {dag.py:2396} INFO - Sync 1 DAGs
[2021-11-18 18:47:39,791] {logging_mixin.py:109} INFO - [2021-11-18 18:47:39,791] {dag.py:2928} INFO - Setting next_dagrun for example_trigger_controller_dag to 2021-01-01T00:00:00+00:00
[2021-11-18 18:47:39,796] {processor.py:171} INFO - Processing /Users/sravanisigadam/PycharmProjects/Airflow/venv/lib/python3.9/site-packages/airflow/example_dags/example_trigger_controller_dag.py took 0.044 seconds
[2021-11-18 18:49:00,477] {processor.py:163} INFO - Started process (PID=56217) to work on /Users/sravanisigadam/PycharmProjects/Airflow/venv/lib/python3.9/site-packages/airflow/example_dags/example_trigger_controller_dag.py
[2021-11-18 18:49:00,478] {processor.py:625} INFO - Processing file /Users/sravanisigadam/PycharmProjects/Airflow/venv/lib/python3.9/site-packages/airflow/example_dags/example_trigger_controller_dag.py for tasks to queue
[2021-11-18 18:49:00,479] {logging_mixin.py:109} INFO - [2021-11-18 18:49:00,479] {dagbag.py:500} INFO - Filling up the DagBag from /Users/sravanisigadam/PycharmProjects/Airflow/venv/lib/python3.9/site-packages/airflow/example_dags/example_trigger_controller_dag.py
[2021-11-18 18:49:00,501] {processor.py:637} INFO - DAG(s) dict_keys(['example_trigger_controller_dag']) retrieved from /Users/sravanisigadam/PycharmProjects/Airflow/venv/lib/python3.9/site-packages/airflow/example_dags/example_trigger_controller_dag.py
[2021-11-18 18:49:00,511] {logging_mixin.py:109} INFO - [2021-11-18 18:49:00,511] {dag.py:2396} INFO - Sync 1 DAGs
[2021-11-18 18:49:00,516] {logging_mixin.py:109} INFO - [2021-11-18 18:49:00,516] {dag.py:2928} INFO - Setting next_dagrun for example_trigger_controller_dag to 2021-01-01T00:00:00+00:00
[2021-11-18 18:49:00,520] {processor.py:171} INFO - Processing /Users/sravanisigadam/PycharmProjects/Airflow/venv/lib/python3.9/site-packages/airflow/example_dags/example_trigger_controller_dag.py took 0.044 seconds
[2021-11-18 18:50:20,969] {processor.py:163} INFO - Started process (PID=56260) to work on /Users/sravanisigadam/PycharmProjects/Airflow/venv/lib/python3.9/site-packages/airflow/example_dags/example_trigger_controller_dag.py
[2021-11-18 18:50:20,969] {processor.py:625} INFO - Processing file /Users/sravanisigadam/PycharmProjects/Airflow/venv/lib/python3.9/site-packages/airflow/example_dags/example_trigger_controller_dag.py for tasks to queue
[2021-11-18 18:50:20,969] {logging_mixin.py:109} INFO - [2021-11-18 18:50:20,969] {dagbag.py:500} INFO - Filling up the DagBag from /Users/sravanisigadam/PycharmProjects/Airflow/venv/lib/python3.9/site-packages/airflow/example_dags/example_trigger_controller_dag.py
[2021-11-18 18:50:20,993] {processor.py:637} INFO - DAG(s) dict_keys(['example_trigger_controller_dag']) retrieved from /Users/sravanisigadam/PycharmProjects/Airflow/venv/lib/python3.9/site-packages/airflow/example_dags/example_trigger_controller_dag.py
[2021-11-18 18:50:21,002] {logging_mixin.py:109} INFO - [2021-11-18 18:50:21,002] {dag.py:2396} INFO - Sync 1 DAGs
[2021-11-18 18:50:21,007] {logging_mixin.py:109} INFO - [2021-11-18 18:50:21,007] {dag.py:2928} INFO - Setting next_dagrun for example_trigger_controller_dag to 2021-01-01T00:00:00+00:00
[2021-11-18 18:50:21,012] {processor.py:171} INFO - Processing /Users/sravanisigadam/PycharmProjects/Airflow/venv/lib/python3.9/site-packages/airflow/example_dags/example_trigger_controller_dag.py took 0.043 seconds
[2021-11-18 18:51:37,663] {processor.py:163} INFO - Started process (PID=56299) to work on /Users/sravanisigadam/PycharmProjects/Airflow/venv/lib/python3.9/site-packages/airflow/example_dags/example_trigger_controller_dag.py
[2021-11-18 18:51:37,664] {processor.py:625} INFO - Processing file /Users/sravanisigadam/PycharmProjects/Airflow/venv/lib/python3.9/site-packages/airflow/example_dags/example_trigger_controller_dag.py for tasks to queue
[2021-11-18 18:51:37,664] {logging_mixin.py:109} INFO - [2021-11-18 18:51:37,664] {dagbag.py:500} INFO - Filling up the DagBag from /Users/sravanisigadam/PycharmProjects/Airflow/venv/lib/python3.9/site-packages/airflow/example_dags/example_trigger_controller_dag.py
[2021-11-18 18:51:37,687] {processor.py:637} INFO - DAG(s) dict_keys(['example_trigger_controller_dag']) retrieved from /Users/sravanisigadam/PycharmProjects/Airflow/venv/lib/python3.9/site-packages/airflow/example_dags/example_trigger_controller_dag.py
[2021-11-18 18:51:37,698] {logging_mixin.py:109} INFO - [2021-11-18 18:51:37,698] {dag.py:2396} INFO - Sync 1 DAGs
[2021-11-18 18:51:37,703] {logging_mixin.py:109} INFO - [2021-11-18 18:51:37,703] {dag.py:2928} INFO - Setting next_dagrun for example_trigger_controller_dag to 2021-01-01T00:00:00+00:00
[2021-11-18 18:51:37,707] {processor.py:171} INFO - Processing /Users/sravanisigadam/PycharmProjects/Airflow/venv/lib/python3.9/site-packages/airflow/example_dags/example_trigger_controller_dag.py took 0.044 seconds
[2021-11-18 18:52:55,243] {processor.py:163} INFO - Started process (PID=56342) to work on /Users/sravanisigadam/PycharmProjects/Airflow/venv/lib/python3.9/site-packages/airflow/example_dags/example_trigger_controller_dag.py
[2021-11-18 18:52:55,244] {processor.py:625} INFO - Processing file /Users/sravanisigadam/PycharmProjects/Airflow/venv/lib/python3.9/site-packages/airflow/example_dags/example_trigger_controller_dag.py for tasks to queue
[2021-11-18 18:52:55,244] {logging_mixin.py:109} INFO - [2021-11-18 18:52:55,244] {dagbag.py:500} INFO - Filling up the DagBag from /Users/sravanisigadam/PycharmProjects/Airflow/venv/lib/python3.9/site-packages/airflow/example_dags/example_trigger_controller_dag.py
[2021-11-18 18:52:55,268] {processor.py:637} INFO - DAG(s) dict_keys(['example_trigger_controller_dag']) retrieved from /Users/sravanisigadam/PycharmProjects/Airflow/venv/lib/python3.9/site-packages/airflow/example_dags/example_trigger_controller_dag.py
[2021-11-18 18:52:55,278] {logging_mixin.py:109} INFO - [2021-11-18 18:52:55,278] {dag.py:2396} INFO - Sync 1 DAGs
[2021-11-18 18:52:55,283] {logging_mixin.py:109} INFO - [2021-11-18 18:52:55,283] {dag.py:2928} INFO - Setting next_dagrun for example_trigger_controller_dag to 2021-01-01T00:00:00+00:00
[2021-11-18 18:52:55,288] {processor.py:171} INFO - Processing /Users/sravanisigadam/PycharmProjects/Airflow/venv/lib/python3.9/site-packages/airflow/example_dags/example_trigger_controller_dag.py took 0.046 seconds
[2021-11-18 18:54:13,609] {processor.py:163} INFO - Started process (PID=56382) to work on /Users/sravanisigadam/PycharmProjects/Airflow/venv/lib/python3.9/site-packages/airflow/example_dags/example_trigger_controller_dag.py
[2021-11-18 18:54:13,609] {processor.py:625} INFO - Processing file /Users/sravanisigadam/PycharmProjects/Airflow/venv/lib/python3.9/site-packages/airflow/example_dags/example_trigger_controller_dag.py for tasks to queue
[2021-11-18 18:54:13,609] {logging_mixin.py:109} INFO - [2021-11-18 18:54:13,609] {dagbag.py:500} INFO - Filling up the DagBag from /Users/sravanisigadam/PycharmProjects/Airflow/venv/lib/python3.9/site-packages/airflow/example_dags/example_trigger_controller_dag.py
[2021-11-18 18:54:13,631] {processor.py:637} INFO - DAG(s) dict_keys(['example_trigger_controller_dag']) retrieved from /Users/sravanisigadam/PycharmProjects/Airflow/venv/lib/python3.9/site-packages/airflow/example_dags/example_trigger_controller_dag.py
[2021-11-18 18:54:13,641] {logging_mixin.py:109} INFO - [2021-11-18 18:54:13,641] {dag.py:2396} INFO - Sync 1 DAGs
[2021-11-18 18:54:13,646] {logging_mixin.py:109} INFO - [2021-11-18 18:54:13,646] {dag.py:2928} INFO - Setting next_dagrun for example_trigger_controller_dag to 2021-01-01T00:00:00+00:00
[2021-11-18 18:54:13,652] {processor.py:171} INFO - Processing /Users/sravanisigadam/PycharmProjects/Airflow/venv/lib/python3.9/site-packages/airflow/example_dags/example_trigger_controller_dag.py took 0.043 seconds
[2021-11-18 18:55:31,310] {processor.py:163} INFO - Started process (PID=56422) to work on /Users/sravanisigadam/PycharmProjects/Airflow/venv/lib/python3.9/site-packages/airflow/example_dags/example_trigger_controller_dag.py
[2021-11-18 18:55:31,311] {processor.py:625} INFO - Processing file /Users/sravanisigadam/PycharmProjects/Airflow/venv/lib/python3.9/site-packages/airflow/example_dags/example_trigger_controller_dag.py for tasks to queue
[2021-11-18 18:55:31,311] {logging_mixin.py:109} INFO - [2021-11-18 18:55:31,311] {dagbag.py:500} INFO - Filling up the DagBag from /Users/sravanisigadam/PycharmProjects/Airflow/venv/lib/python3.9/site-packages/airflow/example_dags/example_trigger_controller_dag.py
[2021-11-18 18:55:31,332] {processor.py:637} INFO - DAG(s) dict_keys(['example_trigger_controller_dag']) retrieved from /Users/sravanisigadam/PycharmProjects/Airflow/venv/lib/python3.9/site-packages/airflow/example_dags/example_trigger_controller_dag.py
[2021-11-18 18:55:31,342] {logging_mixin.py:109} INFO - [2021-11-18 18:55:31,342] {dag.py:2396} INFO - Sync 1 DAGs
[2021-11-18 18:55:31,347] {logging_mixin.py:109} INFO - [2021-11-18 18:55:31,347] {dag.py:2928} INFO - Setting next_dagrun for example_trigger_controller_dag to 2021-01-01T00:00:00+00:00
[2021-11-18 18:55:31,351] {processor.py:171} INFO - Processing /Users/sravanisigadam/PycharmProjects/Airflow/venv/lib/python3.9/site-packages/airflow/example_dags/example_trigger_controller_dag.py took 0.041 seconds
[2021-11-18 18:56:49,279] {processor.py:163} INFO - Started process (PID=56467) to work on /Users/sravanisigadam/PycharmProjects/Airflow/venv/lib/python3.9/site-packages/airflow/example_dags/example_trigger_controller_dag.py
[2021-11-18 18:56:49,280] {processor.py:625} INFO - Processing file /Users/sravanisigadam/PycharmProjects/Airflow/venv/lib/python3.9/site-packages/airflow/example_dags/example_trigger_controller_dag.py for tasks to queue
[2021-11-18 18:56:49,280] {logging_mixin.py:109} INFO - [2021-11-18 18:56:49,280] {dagbag.py:500} INFO - Filling up the DagBag from /Users/sravanisigadam/PycharmProjects/Airflow/venv/lib/python3.9/site-packages/airflow/example_dags/example_trigger_controller_dag.py
[2021-11-18 18:56:49,304] {processor.py:637} INFO - DAG(s) dict_keys(['example_trigger_controller_dag']) retrieved from /Users/sravanisigadam/PycharmProjects/Airflow/venv/lib/python3.9/site-packages/airflow/example_dags/example_trigger_controller_dag.py
[2021-11-18 18:56:49,314] {logging_mixin.py:109} INFO - [2021-11-18 18:56:49,314] {dag.py:2396} INFO - Sync 1 DAGs
[2021-11-18 18:56:49,319] {logging_mixin.py:109} INFO - [2021-11-18 18:56:49,319] {dag.py:2928} INFO - Setting next_dagrun for example_trigger_controller_dag to 2021-01-01T00:00:00+00:00
[2021-11-18 18:56:49,323] {processor.py:171} INFO - Processing /Users/sravanisigadam/PycharmProjects/Airflow/venv/lib/python3.9/site-packages/airflow/example_dags/example_trigger_controller_dag.py took 0.045 seconds
[2021-11-18 18:58:07,696] {processor.py:163} INFO - Started process (PID=56516) to work on /Users/sravanisigadam/PycharmProjects/Airflow/venv/lib/python3.9/site-packages/airflow/example_dags/example_trigger_controller_dag.py
[2021-11-18 18:58:07,697] {processor.py:625} INFO - Processing file /Users/sravanisigadam/PycharmProjects/Airflow/venv/lib/python3.9/site-packages/airflow/example_dags/example_trigger_controller_dag.py for tasks to queue
[2021-11-18 18:58:07,697] {logging_mixin.py:109} INFO - [2021-11-18 18:58:07,697] {dagbag.py:500} INFO - Filling up the DagBag from /Users/sravanisigadam/PycharmProjects/Airflow/venv/lib/python3.9/site-packages/airflow/example_dags/example_trigger_controller_dag.py
[2021-11-18 18:58:07,720] {processor.py:637} INFO - DAG(s) dict_keys(['example_trigger_controller_dag']) retrieved from /Users/sravanisigadam/PycharmProjects/Airflow/venv/lib/python3.9/site-packages/airflow/example_dags/example_trigger_controller_dag.py
[2021-11-18 18:58:07,730] {logging_mixin.py:109} INFO - [2021-11-18 18:58:07,730] {dag.py:2396} INFO - Sync 1 DAGs
[2021-11-18 18:58:07,735] {logging_mixin.py:109} INFO - [2021-11-18 18:58:07,735] {dag.py:2928} INFO - Setting next_dagrun for example_trigger_controller_dag to 2021-01-01T00:00:00+00:00
[2021-11-18 18:58:07,739] {processor.py:171} INFO - Processing /Users/sravanisigadam/PycharmProjects/Airflow/venv/lib/python3.9/site-packages/airflow/example_dags/example_trigger_controller_dag.py took 0.044 seconds
[2021-11-18 18:59:25,607] {processor.py:163} INFO - Started process (PID=56554) to work on /Users/sravanisigadam/PycharmProjects/Airflow/venv/lib/python3.9/site-packages/airflow/example_dags/example_trigger_controller_dag.py
[2021-11-18 18:59:25,607] {processor.py:625} INFO - Processing file /Users/sravanisigadam/PycharmProjects/Airflow/venv/lib/python3.9/site-packages/airflow/example_dags/example_trigger_controller_dag.py for tasks to queue
[2021-11-18 18:59:25,608] {logging_mixin.py:109} INFO - [2021-11-18 18:59:25,608] {dagbag.py:500} INFO - Filling up the DagBag from /Users/sravanisigadam/PycharmProjects/Airflow/venv/lib/python3.9/site-packages/airflow/example_dags/example_trigger_controller_dag.py
[2021-11-18 18:59:25,630] {processor.py:637} INFO - DAG(s) dict_keys(['example_trigger_controller_dag']) retrieved from /Users/sravanisigadam/PycharmProjects/Airflow/venv/lib/python3.9/site-packages/airflow/example_dags/example_trigger_controller_dag.py
[2021-11-18 18:59:25,641] {logging_mixin.py:109} INFO - [2021-11-18 18:59:25,641] {dag.py:2396} INFO - Sync 1 DAGs
[2021-11-18 18:59:25,646] {logging_mixin.py:109} INFO - [2021-11-18 18:59:25,646] {dag.py:2928} INFO - Setting next_dagrun for example_trigger_controller_dag to 2021-01-01T00:00:00+00:00
[2021-11-18 18:59:25,651] {processor.py:171} INFO - Processing /Users/sravanisigadam/PycharmProjects/Airflow/venv/lib/python3.9/site-packages/airflow/example_dags/example_trigger_controller_dag.py took 0.044 seconds
[2021-11-18 19:00:46,382] {processor.py:163} INFO - Started process (PID=56601) to work on /Users/sravanisigadam/PycharmProjects/Airflow/venv/lib/python3.9/site-packages/airflow/example_dags/example_trigger_controller_dag.py
[2021-11-18 19:00:46,383] {processor.py:625} INFO - Processing file /Users/sravanisigadam/PycharmProjects/Airflow/venv/lib/python3.9/site-packages/airflow/example_dags/example_trigger_controller_dag.py for tasks to queue
[2021-11-18 19:00:46,383] {logging_mixin.py:109} INFO - [2021-11-18 19:00:46,383] {dagbag.py:500} INFO - Filling up the DagBag from /Users/sravanisigadam/PycharmProjects/Airflow/venv/lib/python3.9/site-packages/airflow/example_dags/example_trigger_controller_dag.py
[2021-11-18 19:00:46,405] {processor.py:637} INFO - DAG(s) dict_keys(['example_trigger_controller_dag']) retrieved from /Users/sravanisigadam/PycharmProjects/Airflow/venv/lib/python3.9/site-packages/airflow/example_dags/example_trigger_controller_dag.py
[2021-11-18 19:00:46,416] {logging_mixin.py:109} INFO - [2021-11-18 19:00:46,415] {dag.py:2396} INFO - Sync 1 DAGs
[2021-11-18 19:00:46,421] {logging_mixin.py:109} INFO - [2021-11-18 19:00:46,421] {dag.py:2928} INFO - Setting next_dagrun for example_trigger_controller_dag to 2021-01-01T00:00:00+00:00
[2021-11-18 19:00:46,425] {processor.py:171} INFO - Processing /Users/sravanisigadam/PycharmProjects/Airflow/venv/lib/python3.9/site-packages/airflow/example_dags/example_trigger_controller_dag.py took 0.043 seconds
[2021-11-18 19:02:03,740] {processor.py:163} INFO - Started process (PID=56646) to work on /Users/sravanisigadam/PycharmProjects/Airflow/venv/lib/python3.9/site-packages/airflow/example_dags/example_trigger_controller_dag.py
[2021-11-18 19:02:03,741] {processor.py:625} INFO - Processing file /Users/sravanisigadam/PycharmProjects/Airflow/venv/lib/python3.9/site-packages/airflow/example_dags/example_trigger_controller_dag.py for tasks to queue
[2021-11-18 19:02:03,741] {logging_mixin.py:109} INFO - [2021-11-18 19:02:03,741] {dagbag.py:500} INFO - Filling up the DagBag from /Users/sravanisigadam/PycharmProjects/Airflow/venv/lib/python3.9/site-packages/airflow/example_dags/example_trigger_controller_dag.py
[2021-11-18 19:02:03,766] {processor.py:637} INFO - DAG(s) dict_keys(['example_trigger_controller_dag']) retrieved from /Users/sravanisigadam/PycharmProjects/Airflow/venv/lib/python3.9/site-packages/airflow/example_dags/example_trigger_controller_dag.py
[2021-11-18 19:02:03,776] {logging_mixin.py:109} INFO - [2021-11-18 19:02:03,776] {dag.py:2396} INFO - Sync 1 DAGs
[2021-11-18 19:02:03,781] {logging_mixin.py:109} INFO - [2021-11-18 19:02:03,781] {dag.py:2928} INFO - Setting next_dagrun for example_trigger_controller_dag to 2021-01-01T00:00:00+00:00
[2021-11-18 19:02:03,786] {processor.py:171} INFO - Processing /Users/sravanisigadam/PycharmProjects/Airflow/venv/lib/python3.9/site-packages/airflow/example_dags/example_trigger_controller_dag.py took 0.046 seconds
[2021-11-18 19:03:22,154] {processor.py:163} INFO - Started process (PID=56689) to work on /Users/sravanisigadam/PycharmProjects/Airflow/venv/lib/python3.9/site-packages/airflow/example_dags/example_trigger_controller_dag.py
[2021-11-18 19:03:22,156] {processor.py:625} INFO - Processing file /Users/sravanisigadam/PycharmProjects/Airflow/venv/lib/python3.9/site-packages/airflow/example_dags/example_trigger_controller_dag.py for tasks to queue
[2021-11-18 19:03:22,156] {logging_mixin.py:109} INFO - [2021-11-18 19:03:22,156] {dagbag.py:500} INFO - Filling up the DagBag from /Users/sravanisigadam/PycharmProjects/Airflow/venv/lib/python3.9/site-packages/airflow/example_dags/example_trigger_controller_dag.py
[2021-11-18 19:03:22,178] {processor.py:637} INFO - DAG(s) dict_keys(['example_trigger_controller_dag']) retrieved from /Users/sravanisigadam/PycharmProjects/Airflow/venv/lib/python3.9/site-packages/airflow/example_dags/example_trigger_controller_dag.py
[2021-11-18 19:03:22,189] {logging_mixin.py:109} INFO - [2021-11-18 19:03:22,189] {dag.py:2396} INFO - Sync 1 DAGs
[2021-11-18 19:03:22,194] {logging_mixin.py:109} INFO - [2021-11-18 19:03:22,194] {dag.py:2928} INFO - Setting next_dagrun for example_trigger_controller_dag to 2021-01-01T00:00:00+00:00
[2021-11-18 19:03:22,199] {processor.py:171} INFO - Processing /Users/sravanisigadam/PycharmProjects/Airflow/venv/lib/python3.9/site-packages/airflow/example_dags/example_trigger_controller_dag.py took 0.045 seconds
[2021-11-18 19:04:40,597] {processor.py:163} INFO - Started process (PID=56735) to work on /Users/sravanisigadam/PycharmProjects/Airflow/venv/lib/python3.9/site-packages/airflow/example_dags/example_trigger_controller_dag.py
[2021-11-18 19:04:40,598] {processor.py:625} INFO - Processing file /Users/sravanisigadam/PycharmProjects/Airflow/venv/lib/python3.9/site-packages/airflow/example_dags/example_trigger_controller_dag.py for tasks to queue
[2021-11-18 19:04:40,598] {logging_mixin.py:109} INFO - [2021-11-18 19:04:40,598] {dagbag.py:500} INFO - Filling up the DagBag from /Users/sravanisigadam/PycharmProjects/Airflow/venv/lib/python3.9/site-packages/airflow/example_dags/example_trigger_controller_dag.py
[2021-11-18 19:04:40,627] {processor.py:637} INFO - DAG(s) dict_keys(['example_trigger_controller_dag']) retrieved from /Users/sravanisigadam/PycharmProjects/Airflow/venv/lib/python3.9/site-packages/airflow/example_dags/example_trigger_controller_dag.py
[2021-11-18 19:04:40,639] {logging_mixin.py:109} INFO - [2021-11-18 19:04:40,639] {dag.py:2396} INFO - Sync 1 DAGs
[2021-11-18 19:04:40,645] {logging_mixin.py:109} INFO - [2021-11-18 19:04:40,644] {dag.py:2928} INFO - Setting next_dagrun for example_trigger_controller_dag to 2021-01-01T00:00:00+00:00
[2021-11-18 19:04:40,650] {processor.py:171} INFO - Processing /Users/sravanisigadam/PycharmProjects/Airflow/venv/lib/python3.9/site-packages/airflow/example_dags/example_trigger_controller_dag.py took 0.053 seconds
[2021-11-18 19:05:58,864] {processor.py:163} INFO - Started process (PID=56808) to work on /Users/sravanisigadam/PycharmProjects/Airflow/venv/lib/python3.9/site-packages/airflow/example_dags/example_trigger_controller_dag.py
[2021-11-18 19:05:58,865] {processor.py:625} INFO - Processing file /Users/sravanisigadam/PycharmProjects/Airflow/venv/lib/python3.9/site-packages/airflow/example_dags/example_trigger_controller_dag.py for tasks to queue
[2021-11-18 19:05:58,865] {logging_mixin.py:109} INFO - [2021-11-18 19:05:58,865] {dagbag.py:500} INFO - Filling up the DagBag from /Users/sravanisigadam/PycharmProjects/Airflow/venv/lib/python3.9/site-packages/airflow/example_dags/example_trigger_controller_dag.py
[2021-11-18 19:05:58,888] {processor.py:637} INFO - DAG(s) dict_keys(['example_trigger_controller_dag']) retrieved from /Users/sravanisigadam/PycharmProjects/Airflow/venv/lib/python3.9/site-packages/airflow/example_dags/example_trigger_controller_dag.py
[2021-11-18 19:05:58,899] {logging_mixin.py:109} INFO - [2021-11-18 19:05:58,899] {dag.py:2396} INFO - Sync 1 DAGs
[2021-11-18 19:05:58,904] {logging_mixin.py:109} INFO - [2021-11-18 19:05:58,904] {dag.py:2928} INFO - Setting next_dagrun for example_trigger_controller_dag to 2021-01-01T00:00:00+00:00
[2021-11-18 19:05:58,909] {processor.py:171} INFO - Processing /Users/sravanisigadam/PycharmProjects/Airflow/venv/lib/python3.9/site-packages/airflow/example_dags/example_trigger_controller_dag.py took 0.045 seconds
[2021-11-18 19:07:18,155] {processor.py:163} INFO - Started process (PID=56863) to work on /Users/sravanisigadam/PycharmProjects/Airflow/venv/lib/python3.9/site-packages/airflow/example_dags/example_trigger_controller_dag.py
[2021-11-18 19:07:18,156] {processor.py:625} INFO - Processing file /Users/sravanisigadam/PycharmProjects/Airflow/venv/lib/python3.9/site-packages/airflow/example_dags/example_trigger_controller_dag.py for tasks to queue
[2021-11-18 19:07:18,156] {logging_mixin.py:109} INFO - [2021-11-18 19:07:18,156] {dagbag.py:500} INFO - Filling up the DagBag from /Users/sravanisigadam/PycharmProjects/Airflow/venv/lib/python3.9/site-packages/airflow/example_dags/example_trigger_controller_dag.py
[2021-11-18 19:07:18,181] {processor.py:637} INFO - DAG(s) dict_keys(['example_trigger_controller_dag']) retrieved from /Users/sravanisigadam/PycharmProjects/Airflow/venv/lib/python3.9/site-packages/airflow/example_dags/example_trigger_controller_dag.py
[2021-11-18 19:07:18,193] {logging_mixin.py:109} INFO - [2021-11-18 19:07:18,193] {dag.py:2396} INFO - Sync 1 DAGs
[2021-11-18 19:07:18,199] {logging_mixin.py:109} INFO - [2021-11-18 19:07:18,199] {dag.py:2928} INFO - Setting next_dagrun for example_trigger_controller_dag to 2021-01-01T00:00:00+00:00
[2021-11-18 19:07:18,204] {processor.py:171} INFO - Processing /Users/sravanisigadam/PycharmProjects/Airflow/venv/lib/python3.9/site-packages/airflow/example_dags/example_trigger_controller_dag.py took 0.049 seconds
[2021-11-18 19:08:36,913] {processor.py:163} INFO - Started process (PID=56934) to work on /Users/sravanisigadam/PycharmProjects/Airflow/venv/lib/python3.9/site-packages/airflow/example_dags/example_trigger_controller_dag.py
[2021-11-18 19:08:36,914] {processor.py:625} INFO - Processing file /Users/sravanisigadam/PycharmProjects/Airflow/venv/lib/python3.9/site-packages/airflow/example_dags/example_trigger_controller_dag.py for tasks to queue
[2021-11-18 19:08:36,914] {logging_mixin.py:109} INFO - [2021-11-18 19:08:36,914] {dagbag.py:500} INFO - Filling up the DagBag from /Users/sravanisigadam/PycharmProjects/Airflow/venv/lib/python3.9/site-packages/airflow/example_dags/example_trigger_controller_dag.py
[2021-11-18 19:08:36,938] {processor.py:637} INFO - DAG(s) dict_keys(['example_trigger_controller_dag']) retrieved from /Users/sravanisigadam/PycharmProjects/Airflow/venv/lib/python3.9/site-packages/airflow/example_dags/example_trigger_controller_dag.py
[2021-11-18 19:08:36,949] {logging_mixin.py:109} INFO - [2021-11-18 19:08:36,949] {dag.py:2396} INFO - Sync 1 DAGs
[2021-11-18 19:08:36,954] {logging_mixin.py:109} INFO - [2021-11-18 19:08:36,954] {dag.py:2928} INFO - Setting next_dagrun for example_trigger_controller_dag to 2021-01-01T00:00:00+00:00
[2021-11-18 19:08:36,958] {processor.py:171} INFO - Processing /Users/sravanisigadam/PycharmProjects/Airflow/venv/lib/python3.9/site-packages/airflow/example_dags/example_trigger_controller_dag.py took 0.046 seconds
[2021-11-18 19:09:54,754] {processor.py:163} INFO - Started process (PID=56978) to work on /Users/sravanisigadam/PycharmProjects/Airflow/venv/lib/python3.9/site-packages/airflow/example_dags/example_trigger_controller_dag.py
[2021-11-18 19:09:54,754] {processor.py:625} INFO - Processing file /Users/sravanisigadam/PycharmProjects/Airflow/venv/lib/python3.9/site-packages/airflow/example_dags/example_trigger_controller_dag.py for tasks to queue
[2021-11-18 19:09:54,755] {logging_mixin.py:109} INFO - [2021-11-18 19:09:54,754] {dagbag.py:500} INFO - Filling up the DagBag from /Users/sravanisigadam/PycharmProjects/Airflow/venv/lib/python3.9/site-packages/airflow/example_dags/example_trigger_controller_dag.py
[2021-11-18 19:09:54,779] {processor.py:637} INFO - DAG(s) dict_keys(['example_trigger_controller_dag']) retrieved from /Users/sravanisigadam/PycharmProjects/Airflow/venv/lib/python3.9/site-packages/airflow/example_dags/example_trigger_controller_dag.py
[2021-11-18 19:09:54,789] {logging_mixin.py:109} INFO - [2021-11-18 19:09:54,789] {dag.py:2396} INFO - Sync 1 DAGs
[2021-11-18 19:09:54,795] {logging_mixin.py:109} INFO - [2021-11-18 19:09:54,794] {dag.py:2928} INFO - Setting next_dagrun for example_trigger_controller_dag to 2021-01-01T00:00:00+00:00
[2021-11-18 19:09:54,799] {processor.py:171} INFO - Processing /Users/sravanisigadam/PycharmProjects/Airflow/venv/lib/python3.9/site-packages/airflow/example_dags/example_trigger_controller_dag.py took 0.046 seconds
[2021-11-18 19:11:14,989] {processor.py:163} INFO - Started process (PID=57026) to work on /Users/sravanisigadam/PycharmProjects/Airflow/venv/lib/python3.9/site-packages/airflow/example_dags/example_trigger_controller_dag.py
[2021-11-18 19:11:14,990] {processor.py:625} INFO - Processing file /Users/sravanisigadam/PycharmProjects/Airflow/venv/lib/python3.9/site-packages/airflow/example_dags/example_trigger_controller_dag.py for tasks to queue
[2021-11-18 19:11:14,991] {logging_mixin.py:109} INFO - [2021-11-18 19:11:14,990] {dagbag.py:500} INFO - Filling up the DagBag from /Users/sravanisigadam/PycharmProjects/Airflow/venv/lib/python3.9/site-packages/airflow/example_dags/example_trigger_controller_dag.py
[2021-11-18 19:11:15,014] {processor.py:637} INFO - DAG(s) dict_keys(['example_trigger_controller_dag']) retrieved from /Users/sravanisigadam/PycharmProjects/Airflow/venv/lib/python3.9/site-packages/airflow/example_dags/example_trigger_controller_dag.py
[2021-11-18 19:11:15,025] {logging_mixin.py:109} INFO - [2021-11-18 19:11:15,025] {dag.py:2396} INFO - Sync 1 DAGs
[2021-11-18 19:11:15,031] {logging_mixin.py:109} INFO - [2021-11-18 19:11:15,030] {dag.py:2928} INFO - Setting next_dagrun for example_trigger_controller_dag to 2021-01-01T00:00:00+00:00
[2021-11-18 19:11:15,035] {processor.py:171} INFO - Processing /Users/sravanisigadam/PycharmProjects/Airflow/venv/lib/python3.9/site-packages/airflow/example_dags/example_trigger_controller_dag.py took 0.046 seconds
[2021-11-18 19:12:36,020] {processor.py:163} INFO - Started process (PID=57069) to work on /Users/sravanisigadam/PycharmProjects/Airflow/venv/lib/python3.9/site-packages/airflow/example_dags/example_trigger_controller_dag.py
[2021-11-18 19:12:36,021] {processor.py:625} INFO - Processing file /Users/sravanisigadam/PycharmProjects/Airflow/venv/lib/python3.9/site-packages/airflow/example_dags/example_trigger_controller_dag.py for tasks to queue
[2021-11-18 19:12:36,021] {logging_mixin.py:109} INFO - [2021-11-18 19:12:36,021] {dagbag.py:500} INFO - Filling up the DagBag from /Users/sravanisigadam/PycharmProjects/Airflow/venv/lib/python3.9/site-packages/airflow/example_dags/example_trigger_controller_dag.py
[2021-11-18 19:12:36,044] {processor.py:637} INFO - DAG(s) dict_keys(['example_trigger_controller_dag']) retrieved from /Users/sravanisigadam/PycharmProjects/Airflow/venv/lib/python3.9/site-packages/airflow/example_dags/example_trigger_controller_dag.py
[2021-11-18 19:12:36,055] {logging_mixin.py:109} INFO - [2021-11-18 19:12:36,055] {dag.py:2396} INFO - Sync 1 DAGs
[2021-11-18 19:12:36,060] {logging_mixin.py:109} INFO - [2021-11-18 19:12:36,060] {dag.py:2928} INFO - Setting next_dagrun for example_trigger_controller_dag to 2021-01-01T00:00:00+00:00
[2021-11-18 19:12:36,065] {processor.py:171} INFO - Processing /Users/sravanisigadam/PycharmProjects/Airflow/venv/lib/python3.9/site-packages/airflow/example_dags/example_trigger_controller_dag.py took 0.045 seconds
[2021-11-18 19:14:00,378] {processor.py:163} INFO - Started process (PID=57143) to work on /Users/sravanisigadam/PycharmProjects/Airflow/venv/lib/python3.9/site-packages/airflow/example_dags/example_trigger_controller_dag.py
[2021-11-18 19:14:00,378] {processor.py:625} INFO - Processing file /Users/sravanisigadam/PycharmProjects/Airflow/venv/lib/python3.9/site-packages/airflow/example_dags/example_trigger_controller_dag.py for tasks to queue
[2021-11-18 19:14:00,378] {logging_mixin.py:109} INFO - [2021-11-18 19:14:00,378] {dagbag.py:500} INFO - Filling up the DagBag from /Users/sravanisigadam/PycharmProjects/Airflow/venv/lib/python3.9/site-packages/airflow/example_dags/example_trigger_controller_dag.py
[2021-11-18 19:14:00,402] {processor.py:637} INFO - DAG(s) dict_keys(['example_trigger_controller_dag']) retrieved from /Users/sravanisigadam/PycharmProjects/Airflow/venv/lib/python3.9/site-packages/airflow/example_dags/example_trigger_controller_dag.py
[2021-11-18 19:14:00,412] {logging_mixin.py:109} INFO - [2021-11-18 19:14:00,412] {dag.py:2396} INFO - Sync 1 DAGs
[2021-11-18 19:14:00,417] {logging_mixin.py:109} INFO - [2021-11-18 19:14:00,417] {dag.py:2928} INFO - Setting next_dagrun for example_trigger_controller_dag to 2021-01-01T00:00:00+00:00
[2021-11-18 19:14:00,421] {processor.py:171} INFO - Processing /Users/sravanisigadam/PycharmProjects/Airflow/venv/lib/python3.9/site-packages/airflow/example_dags/example_trigger_controller_dag.py took 0.043 seconds
[2021-11-18 19:15:19,044] {processor.py:163} INFO - Started process (PID=57204) to work on /Users/sravanisigadam/PycharmProjects/Airflow/venv/lib/python3.9/site-packages/airflow/example_dags/example_trigger_controller_dag.py
[2021-11-18 19:15:19,044] {processor.py:625} INFO - Processing file /Users/sravanisigadam/PycharmProjects/Airflow/venv/lib/python3.9/site-packages/airflow/example_dags/example_trigger_controller_dag.py for tasks to queue
[2021-11-18 19:15:19,045] {logging_mixin.py:109} INFO - [2021-11-18 19:15:19,045] {dagbag.py:500} INFO - Filling up the DagBag from /Users/sravanisigadam/PycharmProjects/Airflow/venv/lib/python3.9/site-packages/airflow/example_dags/example_trigger_controller_dag.py
[2021-11-18 19:15:19,069] {processor.py:637} INFO - DAG(s) dict_keys(['example_trigger_controller_dag']) retrieved from /Users/sravanisigadam/PycharmProjects/Airflow/venv/lib/python3.9/site-packages/airflow/example_dags/example_trigger_controller_dag.py
[2021-11-18 19:15:19,079] {logging_mixin.py:109} INFO - [2021-11-18 19:15:19,079] {dag.py:2396} INFO - Sync 1 DAGs
[2021-11-18 19:15:19,084] {logging_mixin.py:109} INFO - [2021-11-18 19:15:19,084] {dag.py:2928} INFO - Setting next_dagrun for example_trigger_controller_dag to 2021-01-01T00:00:00+00:00
[2021-11-18 19:15:19,089] {processor.py:171} INFO - Processing /Users/sravanisigadam/PycharmProjects/Airflow/venv/lib/python3.9/site-packages/airflow/example_dags/example_trigger_controller_dag.py took 0.045 seconds
