[2021-11-18 16:07:49,709] {processor.py:163} INFO - Started process (PID=55541) to work on /Users/sravanisigadam/PycharmProjects/Airflow/venv/lib/python3.9/site-packages/airflow/example_dags/tutorial.py
[2021-11-18 16:07:49,710] {processor.py:625} INFO - Processing file /Users/sravanisigadam/PycharmProjects/Airflow/venv/lib/python3.9/site-packages/airflow/example_dags/tutorial.py for tasks to queue
[2021-11-18 16:07:49,710] {logging_mixin.py:109} INFO - [2021-11-18 16:07:49,710] {dagbag.py:500} INFO - Filling up the DagBag from /Users/sravanisigadam/PycharmProjects/Airflow/venv/lib/python3.9/site-packages/airflow/example_dags/tutorial.py
[2021-11-18 16:07:49,734] {processor.py:637} INFO - DAG(s) dict_keys(['tutorial']) retrieved from /Users/sravanisigadam/PycharmProjects/Airflow/venv/lib/python3.9/site-packages/airflow/example_dags/tutorial.py
[2021-11-18 16:07:49,744] {logging_mixin.py:109} INFO - [2021-11-18 16:07:49,744] {dag.py:2396} INFO - Sync 1 DAGs
[2021-11-18 16:07:49,749] {logging_mixin.py:109} INFO - [2021-11-18 16:07:49,749] {dag.py:2928} INFO - Setting next_dagrun for tutorial to 2021-11-18T00:07:49.749546+00:00
[2021-11-18 16:07:49,754] {processor.py:171} INFO - Processing /Users/sravanisigadam/PycharmProjects/Airflow/venv/lib/python3.9/site-packages/airflow/example_dags/tutorial.py took 0.045 seconds
[2021-11-18 18:25:06,178] {processor.py:163} INFO - Started process (PID=55645) to work on /Users/sravanisigadam/PycharmProjects/Airflow/venv/lib/python3.9/site-packages/airflow/example_dags/tutorial.py
[2021-11-18 18:25:06,179] {processor.py:625} INFO - Processing file /Users/sravanisigadam/PycharmProjects/Airflow/venv/lib/python3.9/site-packages/airflow/example_dags/tutorial.py for tasks to queue
[2021-11-18 18:25:06,179] {logging_mixin.py:109} INFO - [2021-11-18 18:25:06,179] {dagbag.py:500} INFO - Filling up the DagBag from /Users/sravanisigadam/PycharmProjects/Airflow/venv/lib/python3.9/site-packages/airflow/example_dags/tutorial.py
[2021-11-18 18:25:06,203] {processor.py:637} INFO - DAG(s) dict_keys(['tutorial']) retrieved from /Users/sravanisigadam/PycharmProjects/Airflow/venv/lib/python3.9/site-packages/airflow/example_dags/tutorial.py
[2021-11-18 18:25:06,213] {logging_mixin.py:109} INFO - [2021-11-18 18:25:06,213] {dag.py:2396} INFO - Sync 1 DAGs
[2021-11-18 18:25:06,219] {logging_mixin.py:109} INFO - [2021-11-18 18:25:06,218] {dag.py:2928} INFO - Setting next_dagrun for tutorial to 2021-11-18T02:25:06.218858+00:00
[2021-11-18 18:25:06,223] {processor.py:171} INFO - Processing /Users/sravanisigadam/PycharmProjects/Airflow/venv/lib/python3.9/site-packages/airflow/example_dags/tutorial.py took 0.045 seconds
[2021-11-18 18:26:24,964] {processor.py:163} INFO - Started process (PID=55785) to work on /Users/sravanisigadam/PycharmProjects/Airflow/venv/lib/python3.9/site-packages/airflow/example_dags/tutorial.py
[2021-11-18 18:26:24,965] {processor.py:625} INFO - Processing file /Users/sravanisigadam/PycharmProjects/Airflow/venv/lib/python3.9/site-packages/airflow/example_dags/tutorial.py for tasks to queue
[2021-11-18 18:26:24,965] {logging_mixin.py:109} INFO - [2021-11-18 18:26:24,965] {dagbag.py:500} INFO - Filling up the DagBag from /Users/sravanisigadam/PycharmProjects/Airflow/venv/lib/python3.9/site-packages/airflow/example_dags/tutorial.py
[2021-11-18 18:26:24,989] {processor.py:637} INFO - DAG(s) dict_keys(['tutorial']) retrieved from /Users/sravanisigadam/PycharmProjects/Airflow/venv/lib/python3.9/site-packages/airflow/example_dags/tutorial.py
[2021-11-18 18:26:25,001] {logging_mixin.py:109} INFO - [2021-11-18 18:26:25,001] {dag.py:2396} INFO - Sync 1 DAGs
[2021-11-18 18:26:25,006] {logging_mixin.py:109} INFO - [2021-11-18 18:26:25,006] {dag.py:2928} INFO - Setting next_dagrun for tutorial to 2021-11-18T02:26:25.006531+00:00
[2021-11-18 18:26:25,011] {processor.py:171} INFO - Processing /Users/sravanisigadam/PycharmProjects/Airflow/venv/lib/python3.9/site-packages/airflow/example_dags/tutorial.py took 0.048 seconds
[2021-11-18 18:27:45,185] {processor.py:163} INFO - Started process (PID=55848) to work on /Users/sravanisigadam/PycharmProjects/Airflow/venv/lib/python3.9/site-packages/airflow/example_dags/tutorial.py
[2021-11-18 18:27:45,186] {processor.py:625} INFO - Processing file /Users/sravanisigadam/PycharmProjects/Airflow/venv/lib/python3.9/site-packages/airflow/example_dags/tutorial.py for tasks to queue
[2021-11-18 18:27:45,186] {logging_mixin.py:109} INFO - [2021-11-18 18:27:45,186] {dagbag.py:500} INFO - Filling up the DagBag from /Users/sravanisigadam/PycharmProjects/Airflow/venv/lib/python3.9/site-packages/airflow/example_dags/tutorial.py
[2021-11-18 18:27:45,212] {processor.py:637} INFO - DAG(s) dict_keys(['tutorial']) retrieved from /Users/sravanisigadam/PycharmProjects/Airflow/venv/lib/python3.9/site-packages/airflow/example_dags/tutorial.py
[2021-11-18 18:27:45,224] {logging_mixin.py:109} INFO - [2021-11-18 18:27:45,224] {dag.py:2396} INFO - Sync 1 DAGs
[2021-11-18 18:27:45,229] {logging_mixin.py:109} INFO - [2021-11-18 18:27:45,229] {dag.py:2928} INFO - Setting next_dagrun for tutorial to 2021-11-18T02:27:45.229603+00:00
[2021-11-18 18:27:45,234] {processor.py:171} INFO - Processing /Users/sravanisigadam/PycharmProjects/Airflow/venv/lib/python3.9/site-packages/airflow/example_dags/tutorial.py took 0.050 seconds
[2021-11-18 18:29:05,309] {processor.py:163} INFO - Started process (PID=55908) to work on /Users/sravanisigadam/PycharmProjects/Airflow/venv/lib/python3.9/site-packages/airflow/example_dags/tutorial.py
[2021-11-18 18:29:05,311] {processor.py:625} INFO - Processing file /Users/sravanisigadam/PycharmProjects/Airflow/venv/lib/python3.9/site-packages/airflow/example_dags/tutorial.py for tasks to queue
[2021-11-18 18:29:05,311] {logging_mixin.py:109} INFO - [2021-11-18 18:29:05,311] {dagbag.py:500} INFO - Filling up the DagBag from /Users/sravanisigadam/PycharmProjects/Airflow/venv/lib/python3.9/site-packages/airflow/example_dags/tutorial.py
[2021-11-18 18:29:05,333] {processor.py:637} INFO - DAG(s) dict_keys(['tutorial']) retrieved from /Users/sravanisigadam/PycharmProjects/Airflow/venv/lib/python3.9/site-packages/airflow/example_dags/tutorial.py
[2021-11-18 18:29:05,343] {logging_mixin.py:109} INFO - [2021-11-18 18:29:05,343] {dag.py:2396} INFO - Sync 1 DAGs
[2021-11-18 18:29:05,348] {logging_mixin.py:109} INFO - [2021-11-18 18:29:05,348] {dag.py:2928} INFO - Setting next_dagrun for tutorial to 2021-11-18T02:29:05.348682+00:00
[2021-11-18 18:29:05,353] {processor.py:171} INFO - Processing /Users/sravanisigadam/PycharmProjects/Airflow/venv/lib/python3.9/site-packages/airflow/example_dags/tutorial.py took 0.044 seconds
[2021-11-18 18:30:25,381] {processor.py:163} INFO - Started process (PID=55948) to work on /Users/sravanisigadam/PycharmProjects/Airflow/venv/lib/python3.9/site-packages/airflow/example_dags/tutorial.py
[2021-11-18 18:30:25,381] {processor.py:625} INFO - Processing file /Users/sravanisigadam/PycharmProjects/Airflow/venv/lib/python3.9/site-packages/airflow/example_dags/tutorial.py for tasks to queue
[2021-11-18 18:30:25,381] {logging_mixin.py:109} INFO - [2021-11-18 18:30:25,381] {dagbag.py:500} INFO - Filling up the DagBag from /Users/sravanisigadam/PycharmProjects/Airflow/venv/lib/python3.9/site-packages/airflow/example_dags/tutorial.py
[2021-11-18 18:30:25,404] {processor.py:637} INFO - DAG(s) dict_keys(['tutorial']) retrieved from /Users/sravanisigadam/PycharmProjects/Airflow/venv/lib/python3.9/site-packages/airflow/example_dags/tutorial.py
[2021-11-18 18:30:25,414] {logging_mixin.py:109} INFO - [2021-11-18 18:30:25,414] {dag.py:2396} INFO - Sync 1 DAGs
[2021-11-18 18:30:25,420] {logging_mixin.py:109} INFO - [2021-11-18 18:30:25,419] {dag.py:2928} INFO - Setting next_dagrun for tutorial to 2021-11-18T02:30:25.419815+00:00
[2021-11-18 18:30:25,425] {processor.py:171} INFO - Processing /Users/sravanisigadam/PycharmProjects/Airflow/venv/lib/python3.9/site-packages/airflow/example_dags/tutorial.py took 0.044 seconds
[2021-11-18 18:31:45,556] {processor.py:163} INFO - Started process (PID=55988) to work on /Users/sravanisigadam/PycharmProjects/Airflow/venv/lib/python3.9/site-packages/airflow/example_dags/tutorial.py
[2021-11-18 18:31:45,557] {processor.py:625} INFO - Processing file /Users/sravanisigadam/PycharmProjects/Airflow/venv/lib/python3.9/site-packages/airflow/example_dags/tutorial.py for tasks to queue
[2021-11-18 18:31:45,557] {logging_mixin.py:109} INFO - [2021-11-18 18:31:45,557] {dagbag.py:500} INFO - Filling up the DagBag from /Users/sravanisigadam/PycharmProjects/Airflow/venv/lib/python3.9/site-packages/airflow/example_dags/tutorial.py
[2021-11-18 18:31:45,582] {processor.py:637} INFO - DAG(s) dict_keys(['tutorial']) retrieved from /Users/sravanisigadam/PycharmProjects/Airflow/venv/lib/python3.9/site-packages/airflow/example_dags/tutorial.py
[2021-11-18 18:31:45,594] {logging_mixin.py:109} INFO - [2021-11-18 18:31:45,594] {dag.py:2396} INFO - Sync 1 DAGs
[2021-11-18 18:31:45,599] {logging_mixin.py:109} INFO - [2021-11-18 18:31:45,599] {dag.py:2928} INFO - Setting next_dagrun for tutorial to 2021-11-18T02:31:45.599408+00:00
[2021-11-18 18:31:45,605] {processor.py:171} INFO - Processing /Users/sravanisigadam/PycharmProjects/Airflow/venv/lib/python3.9/site-packages/airflow/example_dags/tutorial.py took 0.049 seconds
[2021-11-18 18:33:05,534] {processor.py:163} INFO - Started process (PID=56036) to work on /Users/sravanisigadam/PycharmProjects/Airflow/venv/lib/python3.9/site-packages/airflow/example_dags/tutorial.py
[2021-11-18 18:33:05,534] {processor.py:625} INFO - Processing file /Users/sravanisigadam/PycharmProjects/Airflow/venv/lib/python3.9/site-packages/airflow/example_dags/tutorial.py for tasks to queue
[2021-11-18 18:33:05,534] {logging_mixin.py:109} INFO - [2021-11-18 18:33:05,534] {dagbag.py:500} INFO - Filling up the DagBag from /Users/sravanisigadam/PycharmProjects/Airflow/venv/lib/python3.9/site-packages/airflow/example_dags/tutorial.py
[2021-11-18 18:33:05,558] {processor.py:637} INFO - DAG(s) dict_keys(['tutorial']) retrieved from /Users/sravanisigadam/PycharmProjects/Airflow/venv/lib/python3.9/site-packages/airflow/example_dags/tutorial.py
[2021-11-18 18:33:05,568] {logging_mixin.py:109} INFO - [2021-11-18 18:33:05,568] {dag.py:2396} INFO - Sync 1 DAGs
[2021-11-18 18:33:05,573] {logging_mixin.py:109} INFO - [2021-11-18 18:33:05,573] {dag.py:2928} INFO - Setting next_dagrun for tutorial to 2021-11-18T02:33:05.572978+00:00
[2021-11-18 18:33:05,578] {processor.py:171} INFO - Processing /Users/sravanisigadam/PycharmProjects/Airflow/venv/lib/python3.9/site-packages/airflow/example_dags/tutorial.py took 0.044 seconds
[2021-11-18 18:46:11,740] {processor.py:163} INFO - Started process (PID=56097) to work on /Users/sravanisigadam/PycharmProjects/Airflow/venv/lib/python3.9/site-packages/airflow/example_dags/tutorial.py
[2021-11-18 18:46:11,741] {processor.py:625} INFO - Processing file /Users/sravanisigadam/PycharmProjects/Airflow/venv/lib/python3.9/site-packages/airflow/example_dags/tutorial.py for tasks to queue
[2021-11-18 18:46:11,741] {logging_mixin.py:109} INFO - [2021-11-18 18:46:11,741] {dagbag.py:500} INFO - Filling up the DagBag from /Users/sravanisigadam/PycharmProjects/Airflow/venv/lib/python3.9/site-packages/airflow/example_dags/tutorial.py
[2021-11-18 18:46:11,766] {processor.py:637} INFO - DAG(s) dict_keys(['tutorial']) retrieved from /Users/sravanisigadam/PycharmProjects/Airflow/venv/lib/python3.9/site-packages/airflow/example_dags/tutorial.py
[2021-11-18 18:46:11,776] {logging_mixin.py:109} INFO - [2021-11-18 18:46:11,776] {dag.py:2396} INFO - Sync 1 DAGs
[2021-11-18 18:46:11,781] {logging_mixin.py:109} INFO - [2021-11-18 18:46:11,781] {dag.py:2928} INFO - Setting next_dagrun for tutorial to 2021-11-18T02:46:11.781290+00:00
[2021-11-18 18:46:11,786] {processor.py:171} INFO - Processing /Users/sravanisigadam/PycharmProjects/Airflow/venv/lib/python3.9/site-packages/airflow/example_dags/tutorial.py took 0.046 seconds
[2021-11-18 18:47:02,786] {processor.py:163} INFO - Started process (PID=56132) to work on /Users/sravanisigadam/PycharmProjects/Airflow/venv/lib/python3.9/site-packages/airflow/example_dags/tutorial.py
[2021-11-18 18:47:02,786] {processor.py:625} INFO - Processing file /Users/sravanisigadam/PycharmProjects/Airflow/venv/lib/python3.9/site-packages/airflow/example_dags/tutorial.py for tasks to queue
[2021-11-18 18:47:02,786] {logging_mixin.py:109} INFO - [2021-11-18 18:47:02,786] {dagbag.py:500} INFO - Filling up the DagBag from /Users/sravanisigadam/PycharmProjects/Airflow/venv/lib/python3.9/site-packages/airflow/example_dags/tutorial.py
[2021-11-18 18:47:02,812] {processor.py:637} INFO - DAG(s) dict_keys(['tutorial']) retrieved from /Users/sravanisigadam/PycharmProjects/Airflow/venv/lib/python3.9/site-packages/airflow/example_dags/tutorial.py
[2021-11-18 18:47:02,823] {logging_mixin.py:109} INFO - [2021-11-18 18:47:02,823] {dag.py:2396} INFO - Sync 1 DAGs
[2021-11-18 18:47:02,829] {logging_mixin.py:109} INFO - [2021-11-18 18:47:02,828] {dag.py:2928} INFO - Setting next_dagrun for tutorial to 2021-11-18T02:47:02.828805+00:00
[2021-11-18 18:47:02,834] {processor.py:171} INFO - Processing /Users/sravanisigadam/PycharmProjects/Airflow/venv/lib/python3.9/site-packages/airflow/example_dags/tutorial.py took 0.049 seconds
[2021-11-18 18:48:21,136] {processor.py:163} INFO - Started process (PID=56186) to work on /Users/sravanisigadam/PycharmProjects/Airflow/venv/lib/python3.9/site-packages/airflow/example_dags/tutorial.py
[2021-11-18 18:48:21,137] {processor.py:625} INFO - Processing file /Users/sravanisigadam/PycharmProjects/Airflow/venv/lib/python3.9/site-packages/airflow/example_dags/tutorial.py for tasks to queue
[2021-11-18 18:48:21,138] {logging_mixin.py:109} INFO - [2021-11-18 18:48:21,138] {dagbag.py:500} INFO - Filling up the DagBag from /Users/sravanisigadam/PycharmProjects/Airflow/venv/lib/python3.9/site-packages/airflow/example_dags/tutorial.py
[2021-11-18 18:48:21,180] {processor.py:637} INFO - DAG(s) dict_keys(['tutorial']) retrieved from /Users/sravanisigadam/PycharmProjects/Airflow/venv/lib/python3.9/site-packages/airflow/example_dags/tutorial.py
[2021-11-18 18:48:21,202] {logging_mixin.py:109} INFO - [2021-11-18 18:48:21,202] {dag.py:2396} INFO - Sync 1 DAGs
[2021-11-18 18:48:21,215] {logging_mixin.py:109} INFO - [2021-11-18 18:48:21,214] {dag.py:2928} INFO - Setting next_dagrun for tutorial to 2021-11-18T02:48:21.214656+00:00
[2021-11-18 18:48:21,226] {processor.py:171} INFO - Processing /Users/sravanisigadam/PycharmProjects/Airflow/venv/lib/python3.9/site-packages/airflow/example_dags/tutorial.py took 0.091 seconds
[2021-11-18 18:49:42,466] {processor.py:163} INFO - Started process (PID=56238) to work on /Users/sravanisigadam/PycharmProjects/Airflow/venv/lib/python3.9/site-packages/airflow/example_dags/tutorial.py
[2021-11-18 18:49:42,467] {processor.py:625} INFO - Processing file /Users/sravanisigadam/PycharmProjects/Airflow/venv/lib/python3.9/site-packages/airflow/example_dags/tutorial.py for tasks to queue
[2021-11-18 18:49:42,467] {logging_mixin.py:109} INFO - [2021-11-18 18:49:42,467] {dagbag.py:500} INFO - Filling up the DagBag from /Users/sravanisigadam/PycharmProjects/Airflow/venv/lib/python3.9/site-packages/airflow/example_dags/tutorial.py
[2021-11-18 18:49:42,491] {processor.py:637} INFO - DAG(s) dict_keys(['tutorial']) retrieved from /Users/sravanisigadam/PycharmProjects/Airflow/venv/lib/python3.9/site-packages/airflow/example_dags/tutorial.py
[2021-11-18 18:49:42,501] {logging_mixin.py:109} INFO - [2021-11-18 18:49:42,501] {dag.py:2396} INFO - Sync 1 DAGs
[2021-11-18 18:49:42,506] {logging_mixin.py:109} INFO - [2021-11-18 18:49:42,506] {dag.py:2928} INFO - Setting next_dagrun for tutorial to 2021-11-18T02:49:42.506571+00:00
[2021-11-18 18:49:42,511] {processor.py:171} INFO - Processing /Users/sravanisigadam/PycharmProjects/Airflow/venv/lib/python3.9/site-packages/airflow/example_dags/tutorial.py took 0.046 seconds
[2021-11-18 18:50:57,863] {processor.py:163} INFO - Started process (PID=56280) to work on /Users/sravanisigadam/PycharmProjects/Airflow/venv/lib/python3.9/site-packages/airflow/example_dags/tutorial.py
[2021-11-18 18:50:57,863] {processor.py:625} INFO - Processing file /Users/sravanisigadam/PycharmProjects/Airflow/venv/lib/python3.9/site-packages/airflow/example_dags/tutorial.py for tasks to queue
[2021-11-18 18:50:57,864] {logging_mixin.py:109} INFO - [2021-11-18 18:50:57,863] {dagbag.py:500} INFO - Filling up the DagBag from /Users/sravanisigadam/PycharmProjects/Airflow/venv/lib/python3.9/site-packages/airflow/example_dags/tutorial.py
[2021-11-18 18:50:57,887] {processor.py:637} INFO - DAG(s) dict_keys(['tutorial']) retrieved from /Users/sravanisigadam/PycharmProjects/Airflow/venv/lib/python3.9/site-packages/airflow/example_dags/tutorial.py
[2021-11-18 18:50:57,898] {logging_mixin.py:109} INFO - [2021-11-18 18:50:57,898] {dag.py:2396} INFO - Sync 1 DAGs
[2021-11-18 18:50:57,903] {logging_mixin.py:109} INFO - [2021-11-18 18:50:57,903] {dag.py:2928} INFO - Setting next_dagrun for tutorial to 2021-11-18T02:50:57.903351+00:00
[2021-11-18 18:50:57,909] {processor.py:171} INFO - Processing /Users/sravanisigadam/PycharmProjects/Airflow/venv/lib/python3.9/site-packages/airflow/example_dags/tutorial.py took 0.046 seconds
[2021-11-18 18:52:16,780] {processor.py:163} INFO - Started process (PID=56323) to work on /Users/sravanisigadam/PycharmProjects/Airflow/venv/lib/python3.9/site-packages/airflow/example_dags/tutorial.py
[2021-11-18 18:52:16,781] {processor.py:625} INFO - Processing file /Users/sravanisigadam/PycharmProjects/Airflow/venv/lib/python3.9/site-packages/airflow/example_dags/tutorial.py for tasks to queue
[2021-11-18 18:52:16,782] {logging_mixin.py:109} INFO - [2021-11-18 18:52:16,782] {dagbag.py:500} INFO - Filling up the DagBag from /Users/sravanisigadam/PycharmProjects/Airflow/venv/lib/python3.9/site-packages/airflow/example_dags/tutorial.py
[2021-11-18 18:52:16,806] {processor.py:637} INFO - DAG(s) dict_keys(['tutorial']) retrieved from /Users/sravanisigadam/PycharmProjects/Airflow/venv/lib/python3.9/site-packages/airflow/example_dags/tutorial.py
[2021-11-18 18:52:16,816] {logging_mixin.py:109} INFO - [2021-11-18 18:52:16,816] {dag.py:2396} INFO - Sync 1 DAGs
[2021-11-18 18:52:16,821] {logging_mixin.py:109} INFO - [2021-11-18 18:52:16,821] {dag.py:2928} INFO - Setting next_dagrun for tutorial to 2021-11-18T02:52:16.821476+00:00
[2021-11-18 18:52:16,827] {processor.py:171} INFO - Processing /Users/sravanisigadam/PycharmProjects/Airflow/venv/lib/python3.9/site-packages/airflow/example_dags/tutorial.py took 0.047 seconds
[2021-11-18 18:53:34,379] {processor.py:163} INFO - Started process (PID=56362) to work on /Users/sravanisigadam/PycharmProjects/Airflow/venv/lib/python3.9/site-packages/airflow/example_dags/tutorial.py
[2021-11-18 18:53:34,379] {processor.py:625} INFO - Processing file /Users/sravanisigadam/PycharmProjects/Airflow/venv/lib/python3.9/site-packages/airflow/example_dags/tutorial.py for tasks to queue
[2021-11-18 18:53:34,379] {logging_mixin.py:109} INFO - [2021-11-18 18:53:34,379] {dagbag.py:500} INFO - Filling up the DagBag from /Users/sravanisigadam/PycharmProjects/Airflow/venv/lib/python3.9/site-packages/airflow/example_dags/tutorial.py
[2021-11-18 18:53:34,403] {processor.py:637} INFO - DAG(s) dict_keys(['tutorial']) retrieved from /Users/sravanisigadam/PycharmProjects/Airflow/venv/lib/python3.9/site-packages/airflow/example_dags/tutorial.py
[2021-11-18 18:53:34,414] {logging_mixin.py:109} INFO - [2021-11-18 18:53:34,414] {dag.py:2396} INFO - Sync 1 DAGs
[2021-11-18 18:53:34,420] {logging_mixin.py:109} INFO - [2021-11-18 18:53:34,420] {dag.py:2928} INFO - Setting next_dagrun for tutorial to 2021-11-18T02:53:34.420066+00:00
[2021-11-18 18:53:34,425] {processor.py:171} INFO - Processing /Users/sravanisigadam/PycharmProjects/Airflow/venv/lib/python3.9/site-packages/airflow/example_dags/tutorial.py took 0.047 seconds
[2021-11-18 18:54:52,133] {processor.py:163} INFO - Started process (PID=56402) to work on /Users/sravanisigadam/PycharmProjects/Airflow/venv/lib/python3.9/site-packages/airflow/example_dags/tutorial.py
[2021-11-18 18:54:52,134] {processor.py:625} INFO - Processing file /Users/sravanisigadam/PycharmProjects/Airflow/venv/lib/python3.9/site-packages/airflow/example_dags/tutorial.py for tasks to queue
[2021-11-18 18:54:52,134] {logging_mixin.py:109} INFO - [2021-11-18 18:54:52,134] {dagbag.py:500} INFO - Filling up the DagBag from /Users/sravanisigadam/PycharmProjects/Airflow/venv/lib/python3.9/site-packages/airflow/example_dags/tutorial.py
[2021-11-18 18:54:52,159] {processor.py:637} INFO - DAG(s) dict_keys(['tutorial']) retrieved from /Users/sravanisigadam/PycharmProjects/Airflow/venv/lib/python3.9/site-packages/airflow/example_dags/tutorial.py
[2021-11-18 18:54:52,169] {logging_mixin.py:109} INFO - [2021-11-18 18:54:52,169] {dag.py:2396} INFO - Sync 1 DAGs
[2021-11-18 18:54:52,174] {logging_mixin.py:109} INFO - [2021-11-18 18:54:52,174] {dag.py:2928} INFO - Setting next_dagrun for tutorial to 2021-11-18T02:54:52.174550+00:00
[2021-11-18 18:54:52,179] {processor.py:171} INFO - Processing /Users/sravanisigadam/PycharmProjects/Airflow/venv/lib/python3.9/site-packages/airflow/example_dags/tutorial.py took 0.046 seconds
[2021-11-18 18:56:10,608] {processor.py:163} INFO - Started process (PID=56445) to work on /Users/sravanisigadam/PycharmProjects/Airflow/venv/lib/python3.9/site-packages/airflow/example_dags/tutorial.py
[2021-11-18 18:56:10,609] {processor.py:625} INFO - Processing file /Users/sravanisigadam/PycharmProjects/Airflow/venv/lib/python3.9/site-packages/airflow/example_dags/tutorial.py for tasks to queue
[2021-11-18 18:56:10,609] {logging_mixin.py:109} INFO - [2021-11-18 18:56:10,609] {dagbag.py:500} INFO - Filling up the DagBag from /Users/sravanisigadam/PycharmProjects/Airflow/venv/lib/python3.9/site-packages/airflow/example_dags/tutorial.py
[2021-11-18 18:56:10,633] {processor.py:637} INFO - DAG(s) dict_keys(['tutorial']) retrieved from /Users/sravanisigadam/PycharmProjects/Airflow/venv/lib/python3.9/site-packages/airflow/example_dags/tutorial.py
[2021-11-18 18:56:10,643] {logging_mixin.py:109} INFO - [2021-11-18 18:56:10,643] {dag.py:2396} INFO - Sync 1 DAGs
[2021-11-18 18:56:10,648] {logging_mixin.py:109} INFO - [2021-11-18 18:56:10,648] {dag.py:2928} INFO - Setting next_dagrun for tutorial to 2021-11-18T02:56:10.648678+00:00
[2021-11-18 18:56:10,653] {processor.py:171} INFO - Processing /Users/sravanisigadam/PycharmProjects/Airflow/venv/lib/python3.9/site-packages/airflow/example_dags/tutorial.py took 0.046 seconds
[2021-11-18 18:57:28,397] {processor.py:163} INFO - Started process (PID=56486) to work on /Users/sravanisigadam/PycharmProjects/Airflow/venv/lib/python3.9/site-packages/airflow/example_dags/tutorial.py
[2021-11-18 18:57:28,397] {processor.py:625} INFO - Processing file /Users/sravanisigadam/PycharmProjects/Airflow/venv/lib/python3.9/site-packages/airflow/example_dags/tutorial.py for tasks to queue
[2021-11-18 18:57:28,397] {logging_mixin.py:109} INFO - [2021-11-18 18:57:28,397] {dagbag.py:500} INFO - Filling up the DagBag from /Users/sravanisigadam/PycharmProjects/Airflow/venv/lib/python3.9/site-packages/airflow/example_dags/tutorial.py
[2021-11-18 18:57:28,423] {processor.py:637} INFO - DAG(s) dict_keys(['tutorial']) retrieved from /Users/sravanisigadam/PycharmProjects/Airflow/venv/lib/python3.9/site-packages/airflow/example_dags/tutorial.py
[2021-11-18 18:57:28,435] {logging_mixin.py:109} INFO - [2021-11-18 18:57:28,434] {dag.py:2396} INFO - Sync 1 DAGs
[2021-11-18 18:57:28,440] {logging_mixin.py:109} INFO - [2021-11-18 18:57:28,440] {dag.py:2928} INFO - Setting next_dagrun for tutorial to 2021-11-18T02:57:28.440002+00:00
[2021-11-18 18:57:28,445] {processor.py:171} INFO - Processing /Users/sravanisigadam/PycharmProjects/Airflow/venv/lib/python3.9/site-packages/airflow/example_dags/tutorial.py took 0.048 seconds
[2021-11-18 18:58:46,279] {processor.py:163} INFO - Started process (PID=56535) to work on /Users/sravanisigadam/PycharmProjects/Airflow/venv/lib/python3.9/site-packages/airflow/example_dags/tutorial.py
[2021-11-18 18:58:46,279] {processor.py:625} INFO - Processing file /Users/sravanisigadam/PycharmProjects/Airflow/venv/lib/python3.9/site-packages/airflow/example_dags/tutorial.py for tasks to queue
[2021-11-18 18:58:46,280] {logging_mixin.py:109} INFO - [2021-11-18 18:58:46,280] {dagbag.py:500} INFO - Filling up the DagBag from /Users/sravanisigadam/PycharmProjects/Airflow/venv/lib/python3.9/site-packages/airflow/example_dags/tutorial.py
[2021-11-18 18:58:46,304] {processor.py:637} INFO - DAG(s) dict_keys(['tutorial']) retrieved from /Users/sravanisigadam/PycharmProjects/Airflow/venv/lib/python3.9/site-packages/airflow/example_dags/tutorial.py
[2021-11-18 18:58:46,315] {logging_mixin.py:109} INFO - [2021-11-18 18:58:46,315] {dag.py:2396} INFO - Sync 1 DAGs
[2021-11-18 18:58:46,320] {logging_mixin.py:109} INFO - [2021-11-18 18:58:46,320] {dag.py:2928} INFO - Setting next_dagrun for tutorial to 2021-11-18T02:58:46.320096+00:00
[2021-11-18 18:58:46,325] {processor.py:171} INFO - Processing /Users/sravanisigadam/PycharmProjects/Airflow/venv/lib/python3.9/site-packages/airflow/example_dags/tutorial.py took 0.046 seconds
[2021-11-18 19:00:07,106] {processor.py:163} INFO - Started process (PID=56575) to work on /Users/sravanisigadam/PycharmProjects/Airflow/venv/lib/python3.9/site-packages/airflow/example_dags/tutorial.py
[2021-11-18 19:00:07,106] {processor.py:625} INFO - Processing file /Users/sravanisigadam/PycharmProjects/Airflow/venv/lib/python3.9/site-packages/airflow/example_dags/tutorial.py for tasks to queue
[2021-11-18 19:00:07,106] {logging_mixin.py:109} INFO - [2021-11-18 19:00:07,106] {dagbag.py:500} INFO - Filling up the DagBag from /Users/sravanisigadam/PycharmProjects/Airflow/venv/lib/python3.9/site-packages/airflow/example_dags/tutorial.py
[2021-11-18 19:00:07,131] {processor.py:637} INFO - DAG(s) dict_keys(['tutorial']) retrieved from /Users/sravanisigadam/PycharmProjects/Airflow/venv/lib/python3.9/site-packages/airflow/example_dags/tutorial.py
[2021-11-18 19:00:07,141] {logging_mixin.py:109} INFO - [2021-11-18 19:00:07,141] {dag.py:2396} INFO - Sync 1 DAGs
[2021-11-18 19:00:07,147] {logging_mixin.py:109} INFO - [2021-11-18 19:00:07,147] {dag.py:2928} INFO - Setting next_dagrun for tutorial to 2021-11-18T03:00:07.147095+00:00
[2021-11-18 19:00:07,152] {processor.py:171} INFO - Processing /Users/sravanisigadam/PycharmProjects/Airflow/venv/lib/python3.9/site-packages/airflow/example_dags/tutorial.py took 0.046 seconds
[2021-11-18 19:01:25,187] {processor.py:163} INFO - Started process (PID=56625) to work on /Users/sravanisigadam/PycharmProjects/Airflow/venv/lib/python3.9/site-packages/airflow/example_dags/tutorial.py
[2021-11-18 19:01:25,188] {processor.py:625} INFO - Processing file /Users/sravanisigadam/PycharmProjects/Airflow/venv/lib/python3.9/site-packages/airflow/example_dags/tutorial.py for tasks to queue
[2021-11-18 19:01:25,189] {logging_mixin.py:109} INFO - [2021-11-18 19:01:25,189] {dagbag.py:500} INFO - Filling up the DagBag from /Users/sravanisigadam/PycharmProjects/Airflow/venv/lib/python3.9/site-packages/airflow/example_dags/tutorial.py
[2021-11-18 19:01:25,213] {processor.py:637} INFO - DAG(s) dict_keys(['tutorial']) retrieved from /Users/sravanisigadam/PycharmProjects/Airflow/venv/lib/python3.9/site-packages/airflow/example_dags/tutorial.py
[2021-11-18 19:01:25,224] {logging_mixin.py:109} INFO - [2021-11-18 19:01:25,224] {dag.py:2396} INFO - Sync 1 DAGs
[2021-11-18 19:01:25,229] {logging_mixin.py:109} INFO - [2021-11-18 19:01:25,229] {dag.py:2928} INFO - Setting next_dagrun for tutorial to 2021-11-18T03:01:25.229393+00:00
[2021-11-18 19:01:25,234] {processor.py:171} INFO - Processing /Users/sravanisigadam/PycharmProjects/Airflow/venv/lib/python3.9/site-packages/airflow/example_dags/tutorial.py took 0.047 seconds
[2021-11-18 19:02:42,851] {processor.py:163} INFO - Started process (PID=56667) to work on /Users/sravanisigadam/PycharmProjects/Airflow/venv/lib/python3.9/site-packages/airflow/example_dags/tutorial.py
[2021-11-18 19:02:42,852] {processor.py:625} INFO - Processing file /Users/sravanisigadam/PycharmProjects/Airflow/venv/lib/python3.9/site-packages/airflow/example_dags/tutorial.py for tasks to queue
[2021-11-18 19:02:42,852] {logging_mixin.py:109} INFO - [2021-11-18 19:02:42,852] {dagbag.py:500} INFO - Filling up the DagBag from /Users/sravanisigadam/PycharmProjects/Airflow/venv/lib/python3.9/site-packages/airflow/example_dags/tutorial.py
[2021-11-18 19:02:42,876] {processor.py:637} INFO - DAG(s) dict_keys(['tutorial']) retrieved from /Users/sravanisigadam/PycharmProjects/Airflow/venv/lib/python3.9/site-packages/airflow/example_dags/tutorial.py
[2021-11-18 19:02:42,886] {logging_mixin.py:109} INFO - [2021-11-18 19:02:42,886] {dag.py:2396} INFO - Sync 1 DAGs
[2021-11-18 19:02:42,891] {logging_mixin.py:109} INFO - [2021-11-18 19:02:42,891] {dag.py:2928} INFO - Setting next_dagrun for tutorial to 2021-11-18T03:02:42.891509+00:00
[2021-11-18 19:02:42,896] {processor.py:171} INFO - Processing /Users/sravanisigadam/PycharmProjects/Airflow/venv/lib/python3.9/site-packages/airflow/example_dags/tutorial.py took 0.045 seconds
[2021-11-18 19:04:00,731] {processor.py:163} INFO - Started process (PID=56713) to work on /Users/sravanisigadam/PycharmProjects/Airflow/venv/lib/python3.9/site-packages/airflow/example_dags/tutorial.py
[2021-11-18 19:04:00,732] {processor.py:625} INFO - Processing file /Users/sravanisigadam/PycharmProjects/Airflow/venv/lib/python3.9/site-packages/airflow/example_dags/tutorial.py for tasks to queue
[2021-11-18 19:04:00,732] {logging_mixin.py:109} INFO - [2021-11-18 19:04:00,732] {dagbag.py:500} INFO - Filling up the DagBag from /Users/sravanisigadam/PycharmProjects/Airflow/venv/lib/python3.9/site-packages/airflow/example_dags/tutorial.py
[2021-11-18 19:04:00,755] {processor.py:637} INFO - DAG(s) dict_keys(['tutorial']) retrieved from /Users/sravanisigadam/PycharmProjects/Airflow/venv/lib/python3.9/site-packages/airflow/example_dags/tutorial.py
[2021-11-18 19:04:00,766] {logging_mixin.py:109} INFO - [2021-11-18 19:04:00,766] {dag.py:2396} INFO - Sync 1 DAGs
[2021-11-18 19:04:00,771] {logging_mixin.py:109} INFO - [2021-11-18 19:04:00,771] {dag.py:2928} INFO - Setting next_dagrun for tutorial to 2021-11-18T03:04:00.771745+00:00
[2021-11-18 19:04:00,776] {processor.py:171} INFO - Processing /Users/sravanisigadam/PycharmProjects/Airflow/venv/lib/python3.9/site-packages/airflow/example_dags/tutorial.py took 0.045 seconds
[2021-11-18 19:05:19,891] {processor.py:163} INFO - Started process (PID=56765) to work on /Users/sravanisigadam/PycharmProjects/Airflow/venv/lib/python3.9/site-packages/airflow/example_dags/tutorial.py
[2021-11-18 19:05:19,892] {processor.py:625} INFO - Processing file /Users/sravanisigadam/PycharmProjects/Airflow/venv/lib/python3.9/site-packages/airflow/example_dags/tutorial.py for tasks to queue
[2021-11-18 19:05:19,892] {logging_mixin.py:109} INFO - [2021-11-18 19:05:19,892] {dagbag.py:500} INFO - Filling up the DagBag from /Users/sravanisigadam/PycharmProjects/Airflow/venv/lib/python3.9/site-packages/airflow/example_dags/tutorial.py
[2021-11-18 19:05:19,915] {processor.py:637} INFO - DAG(s) dict_keys(['tutorial']) retrieved from /Users/sravanisigadam/PycharmProjects/Airflow/venv/lib/python3.9/site-packages/airflow/example_dags/tutorial.py
[2021-11-18 19:05:19,926] {logging_mixin.py:109} INFO - [2021-11-18 19:05:19,926] {dag.py:2396} INFO - Sync 1 DAGs
[2021-11-18 19:05:19,931] {logging_mixin.py:109} INFO - [2021-11-18 19:05:19,931] {dag.py:2928} INFO - Setting next_dagrun for tutorial to 2021-11-18T03:05:19.931394+00:00
[2021-11-18 19:05:19,935] {processor.py:171} INFO - Processing /Users/sravanisigadam/PycharmProjects/Airflow/venv/lib/python3.9/site-packages/airflow/example_dags/tutorial.py took 0.045 seconds
[2021-11-18 19:06:39,750] {processor.py:163} INFO - Started process (PID=56835) to work on /Users/sravanisigadam/PycharmProjects/Airflow/venv/lib/python3.9/site-packages/airflow/example_dags/tutorial.py
[2021-11-18 19:06:39,751] {processor.py:625} INFO - Processing file /Users/sravanisigadam/PycharmProjects/Airflow/venv/lib/python3.9/site-packages/airflow/example_dags/tutorial.py for tasks to queue
[2021-11-18 19:06:39,751] {logging_mixin.py:109} INFO - [2021-11-18 19:06:39,751] {dagbag.py:500} INFO - Filling up the DagBag from /Users/sravanisigadam/PycharmProjects/Airflow/venv/lib/python3.9/site-packages/airflow/example_dags/tutorial.py
[2021-11-18 19:06:39,776] {processor.py:637} INFO - DAG(s) dict_keys(['tutorial']) retrieved from /Users/sravanisigadam/PycharmProjects/Airflow/venv/lib/python3.9/site-packages/airflow/example_dags/tutorial.py
[2021-11-18 19:06:39,787] {logging_mixin.py:109} INFO - [2021-11-18 19:06:39,787] {dag.py:2396} INFO - Sync 1 DAGs
[2021-11-18 19:06:39,792] {logging_mixin.py:109} INFO - [2021-11-18 19:06:39,792] {dag.py:2928} INFO - Setting next_dagrun for tutorial to 2021-11-18T03:06:39.792082+00:00
[2021-11-18 19:06:39,796] {processor.py:171} INFO - Processing /Users/sravanisigadam/PycharmProjects/Airflow/venv/lib/python3.9/site-packages/airflow/example_dags/tutorial.py took 0.047 seconds
[2021-11-18 19:07:57,649] {processor.py:163} INFO - Started process (PID=56907) to work on /Users/sravanisigadam/PycharmProjects/Airflow/venv/lib/python3.9/site-packages/airflow/example_dags/tutorial.py
[2021-11-18 19:07:57,650] {processor.py:625} INFO - Processing file /Users/sravanisigadam/PycharmProjects/Airflow/venv/lib/python3.9/site-packages/airflow/example_dags/tutorial.py for tasks to queue
[2021-11-18 19:07:57,651] {logging_mixin.py:109} INFO - [2021-11-18 19:07:57,651] {dagbag.py:500} INFO - Filling up the DagBag from /Users/sravanisigadam/PycharmProjects/Airflow/venv/lib/python3.9/site-packages/airflow/example_dags/tutorial.py
[2021-11-18 19:07:57,676] {processor.py:637} INFO - DAG(s) dict_keys(['tutorial']) retrieved from /Users/sravanisigadam/PycharmProjects/Airflow/venv/lib/python3.9/site-packages/airflow/example_dags/tutorial.py
[2021-11-18 19:07:57,686] {logging_mixin.py:109} INFO - [2021-11-18 19:07:57,686] {dag.py:2396} INFO - Sync 1 DAGs
[2021-11-18 19:07:57,691] {logging_mixin.py:109} INFO - [2021-11-18 19:07:57,691] {dag.py:2928} INFO - Setting next_dagrun for tutorial to 2021-11-18T03:07:57.691378+00:00
[2021-11-18 19:07:57,696] {processor.py:171} INFO - Processing /Users/sravanisigadam/PycharmProjects/Airflow/venv/lib/python3.9/site-packages/airflow/example_dags/tutorial.py took 0.048 seconds
[2021-11-18 19:09:15,478] {processor.py:163} INFO - Started process (PID=56954) to work on /Users/sravanisigadam/PycharmProjects/Airflow/venv/lib/python3.9/site-packages/airflow/example_dags/tutorial.py
[2021-11-18 19:09:15,478] {processor.py:625} INFO - Processing file /Users/sravanisigadam/PycharmProjects/Airflow/venv/lib/python3.9/site-packages/airflow/example_dags/tutorial.py for tasks to queue
[2021-11-18 19:09:15,478] {logging_mixin.py:109} INFO - [2021-11-18 19:09:15,478] {dagbag.py:500} INFO - Filling up the DagBag from /Users/sravanisigadam/PycharmProjects/Airflow/venv/lib/python3.9/site-packages/airflow/example_dags/tutorial.py
[2021-11-18 19:09:15,501] {processor.py:637} INFO - DAG(s) dict_keys(['tutorial']) retrieved from /Users/sravanisigadam/PycharmProjects/Airflow/venv/lib/python3.9/site-packages/airflow/example_dags/tutorial.py
[2021-11-18 19:09:15,512] {logging_mixin.py:109} INFO - [2021-11-18 19:09:15,512] {dag.py:2396} INFO - Sync 1 DAGs
[2021-11-18 19:09:15,517] {logging_mixin.py:109} INFO - [2021-11-18 19:09:15,517] {dag.py:2928} INFO - Setting next_dagrun for tutorial to 2021-11-18T03:09:15.517745+00:00
[2021-11-18 19:09:15,522] {processor.py:171} INFO - Processing /Users/sravanisigadam/PycharmProjects/Airflow/venv/lib/python3.9/site-packages/airflow/example_dags/tutorial.py took 0.045 seconds
[2021-11-18 19:10:35,800] {processor.py:163} INFO - Started process (PID=56999) to work on /Users/sravanisigadam/PycharmProjects/Airflow/venv/lib/python3.9/site-packages/airflow/example_dags/tutorial.py
[2021-11-18 19:10:35,800] {processor.py:625} INFO - Processing file /Users/sravanisigadam/PycharmProjects/Airflow/venv/lib/python3.9/site-packages/airflow/example_dags/tutorial.py for tasks to queue
[2021-11-18 19:10:35,800] {logging_mixin.py:109} INFO - [2021-11-18 19:10:35,800] {dagbag.py:500} INFO - Filling up the DagBag from /Users/sravanisigadam/PycharmProjects/Airflow/venv/lib/python3.9/site-packages/airflow/example_dags/tutorial.py
[2021-11-18 19:10:35,828] {processor.py:637} INFO - DAG(s) dict_keys(['tutorial']) retrieved from /Users/sravanisigadam/PycharmProjects/Airflow/venv/lib/python3.9/site-packages/airflow/example_dags/tutorial.py
[2021-11-18 19:10:35,842] {logging_mixin.py:109} INFO - [2021-11-18 19:10:35,842] {dag.py:2396} INFO - Sync 1 DAGs
[2021-11-18 19:10:35,849] {logging_mixin.py:109} INFO - [2021-11-18 19:10:35,849] {dag.py:2928} INFO - Setting next_dagrun for tutorial to 2021-11-18T03:10:35.848943+00:00
[2021-11-18 19:10:35,856] {processor.py:171} INFO - Processing /Users/sravanisigadam/PycharmProjects/Airflow/venv/lib/python3.9/site-packages/airflow/example_dags/tutorial.py took 0.056 seconds
[2021-11-18 19:11:56,530] {processor.py:163} INFO - Started process (PID=57049) to work on /Users/sravanisigadam/PycharmProjects/Airflow/venv/lib/python3.9/site-packages/airflow/example_dags/tutorial.py
[2021-11-18 19:11:56,531] {processor.py:625} INFO - Processing file /Users/sravanisigadam/PycharmProjects/Airflow/venv/lib/python3.9/site-packages/airflow/example_dags/tutorial.py for tasks to queue
[2021-11-18 19:11:56,532] {logging_mixin.py:109} INFO - [2021-11-18 19:11:56,532] {dagbag.py:500} INFO - Filling up the DagBag from /Users/sravanisigadam/PycharmProjects/Airflow/venv/lib/python3.9/site-packages/airflow/example_dags/tutorial.py
[2021-11-18 19:11:56,556] {processor.py:637} INFO - DAG(s) dict_keys(['tutorial']) retrieved from /Users/sravanisigadam/PycharmProjects/Airflow/venv/lib/python3.9/site-packages/airflow/example_dags/tutorial.py
[2021-11-18 19:11:56,567] {logging_mixin.py:109} INFO - [2021-11-18 19:11:56,567] {dag.py:2396} INFO - Sync 1 DAGs
[2021-11-18 19:11:56,572] {logging_mixin.py:109} INFO - [2021-11-18 19:11:56,572] {dag.py:2928} INFO - Setting next_dagrun for tutorial to 2021-11-18T03:11:56.572206+00:00
[2021-11-18 19:11:56,577] {processor.py:171} INFO - Processing /Users/sravanisigadam/PycharmProjects/Airflow/venv/lib/python3.9/site-packages/airflow/example_dags/tutorial.py took 0.047 seconds
[2021-11-18 19:13:18,011] {processor.py:163} INFO - Started process (PID=57097) to work on /Users/sravanisigadam/PycharmProjects/Airflow/venv/lib/python3.9/site-packages/airflow/example_dags/tutorial.py
[2021-11-18 19:13:18,012] {processor.py:625} INFO - Processing file /Users/sravanisigadam/PycharmProjects/Airflow/venv/lib/python3.9/site-packages/airflow/example_dags/tutorial.py for tasks to queue
[2021-11-18 19:13:18,012] {logging_mixin.py:109} INFO - [2021-11-18 19:13:18,012] {dagbag.py:500} INFO - Filling up the DagBag from /Users/sravanisigadam/PycharmProjects/Airflow/venv/lib/python3.9/site-packages/airflow/example_dags/tutorial.py
[2021-11-18 19:13:18,036] {processor.py:637} INFO - DAG(s) dict_keys(['tutorial']) retrieved from /Users/sravanisigadam/PycharmProjects/Airflow/venv/lib/python3.9/site-packages/airflow/example_dags/tutorial.py
[2021-11-18 19:13:18,047] {logging_mixin.py:109} INFO - [2021-11-18 19:13:18,047] {dag.py:2396} INFO - Sync 1 DAGs
[2021-11-18 19:13:18,052] {logging_mixin.py:109} INFO - [2021-11-18 19:13:18,052] {dag.py:2928} INFO - Setting next_dagrun for tutorial to 2021-11-18T03:13:18.052269+00:00
[2021-11-18 19:13:18,057] {processor.py:171} INFO - Processing /Users/sravanisigadam/PycharmProjects/Airflow/venv/lib/python3.9/site-packages/airflow/example_dags/tutorial.py took 0.047 seconds
[2021-11-18 19:14:39,103] {processor.py:163} INFO - Started process (PID=57171) to work on /Users/sravanisigadam/PycharmProjects/Airflow/venv/lib/python3.9/site-packages/airflow/example_dags/tutorial.py
[2021-11-18 19:14:39,103] {processor.py:625} INFO - Processing file /Users/sravanisigadam/PycharmProjects/Airflow/venv/lib/python3.9/site-packages/airflow/example_dags/tutorial.py for tasks to queue
[2021-11-18 19:14:39,103] {logging_mixin.py:109} INFO - [2021-11-18 19:14:39,103] {dagbag.py:500} INFO - Filling up the DagBag from /Users/sravanisigadam/PycharmProjects/Airflow/venv/lib/python3.9/site-packages/airflow/example_dags/tutorial.py
[2021-11-18 19:14:39,128] {processor.py:637} INFO - DAG(s) dict_keys(['tutorial']) retrieved from /Users/sravanisigadam/PycharmProjects/Airflow/venv/lib/python3.9/site-packages/airflow/example_dags/tutorial.py
[2021-11-18 19:14:39,139] {logging_mixin.py:109} INFO - [2021-11-18 19:14:39,139] {dag.py:2396} INFO - Sync 1 DAGs
[2021-11-18 19:14:39,144] {logging_mixin.py:109} INFO - [2021-11-18 19:14:39,144] {dag.py:2928} INFO - Setting next_dagrun for tutorial to 2021-11-18T03:14:39.144186+00:00
[2021-11-18 19:14:39,150] {processor.py:171} INFO - Processing /Users/sravanisigadam/PycharmProjects/Airflow/venv/lib/python3.9/site-packages/airflow/example_dags/tutorial.py took 0.047 seconds
