[2021-11-18 18:25:02,220] {processor.py:163} INFO - Started process (PID=55643) to work on /Users/sravanisigadam/PycharmProjects/Airflow/venv/lib/python3.9/site-packages/airflow/example_dags/tutorial_taskflow_api_etl.py
[2021-11-18 18:25:02,220] {processor.py:625} INFO - Processing file /Users/sravanisigadam/PycharmProjects/Airflow/venv/lib/python3.9/site-packages/airflow/example_dags/tutorial_taskflow_api_etl.py for tasks to queue
[2021-11-18 18:25:02,220] {logging_mixin.py:109} INFO - [2021-11-18 18:25:02,220] {dagbag.py:500} INFO - Filling up the DagBag from /Users/sravanisigadam/PycharmProjects/Airflow/venv/lib/python3.9/site-packages/airflow/example_dags/tutorial_taskflow_api_etl.py
[2021-11-18 18:25:02,261] {processor.py:637} INFO - DAG(s) dict_keys(['tutorial_taskflow_api_etl']) retrieved from /Users/sravanisigadam/PycharmProjects/Airflow/venv/lib/python3.9/site-packages/airflow/example_dags/tutorial_taskflow_api_etl.py
[2021-11-18 18:25:02,421] {logging_mixin.py:109} INFO - [2021-11-18 18:25:02,421] {dag.py:2396} INFO - Sync 1 DAGs
[2021-11-18 18:25:02,427] {logging_mixin.py:109} INFO - [2021-11-18 18:25:02,427] {dag.py:2928} INFO - Setting next_dagrun for tutorial_taskflow_api_etl to None
[2021-11-18 18:25:02,433] {processor.py:171} INFO - Processing /Users/sravanisigadam/PycharmProjects/Airflow/venv/lib/python3.9/site-packages/airflow/example_dags/tutorial_taskflow_api_etl.py took 0.214 seconds
[2021-11-18 18:26:20,336] {processor.py:163} INFO - Started process (PID=55783) to work on /Users/sravanisigadam/PycharmProjects/Airflow/venv/lib/python3.9/site-packages/airflow/example_dags/tutorial_taskflow_api_etl.py
[2021-11-18 18:26:20,337] {processor.py:625} INFO - Processing file /Users/sravanisigadam/PycharmProjects/Airflow/venv/lib/python3.9/site-packages/airflow/example_dags/tutorial_taskflow_api_etl.py for tasks to queue
[2021-11-18 18:26:20,337] {logging_mixin.py:109} INFO - [2021-11-18 18:26:20,337] {dagbag.py:500} INFO - Filling up the DagBag from /Users/sravanisigadam/PycharmProjects/Airflow/venv/lib/python3.9/site-packages/airflow/example_dags/tutorial_taskflow_api_etl.py
[2021-11-18 18:26:20,372] {processor.py:637} INFO - DAG(s) dict_keys(['tutorial_taskflow_api_etl']) retrieved from /Users/sravanisigadam/PycharmProjects/Airflow/venv/lib/python3.9/site-packages/airflow/example_dags/tutorial_taskflow_api_etl.py
[2021-11-18 18:26:20,528] {logging_mixin.py:109} INFO - [2021-11-18 18:26:20,528] {dag.py:2396} INFO - Sync 1 DAGs
[2021-11-18 18:26:20,535] {logging_mixin.py:109} INFO - [2021-11-18 18:26:20,535] {dag.py:2928} INFO - Setting next_dagrun for tutorial_taskflow_api_etl to None
[2021-11-18 18:26:20,542] {processor.py:171} INFO - Processing /Users/sravanisigadam/PycharmProjects/Airflow/venv/lib/python3.9/site-packages/airflow/example_dags/tutorial_taskflow_api_etl.py took 0.207 seconds
[2021-11-18 18:26:59,757] {processor.py:163} INFO - Started process (PID=55812) to work on /Users/sravanisigadam/PycharmProjects/Airflow/venv/lib/python3.9/site-packages/airflow/example_dags/tutorial_taskflow_api_etl.py
[2021-11-18 18:26:59,758] {processor.py:625} INFO - Processing file /Users/sravanisigadam/PycharmProjects/Airflow/venv/lib/python3.9/site-packages/airflow/example_dags/tutorial_taskflow_api_etl.py for tasks to queue
[2021-11-18 18:26:59,758] {logging_mixin.py:109} INFO - [2021-11-18 18:26:59,758] {dagbag.py:500} INFO - Filling up the DagBag from /Users/sravanisigadam/PycharmProjects/Airflow/venv/lib/python3.9/site-packages/airflow/example_dags/tutorial_taskflow_api_etl.py
[2021-11-18 18:26:59,793] {processor.py:637} INFO - DAG(s) dict_keys(['tutorial_taskflow_api_etl']) retrieved from /Users/sravanisigadam/PycharmProjects/Airflow/venv/lib/python3.9/site-packages/airflow/example_dags/tutorial_taskflow_api_etl.py
[2021-11-18 18:26:59,952] {logging_mixin.py:109} INFO - [2021-11-18 18:26:59,952] {dag.py:2396} INFO - Sync 1 DAGs
[2021-11-18 18:26:59,959] {logging_mixin.py:109} INFO - [2021-11-18 18:26:59,959] {dag.py:2928} INFO - Setting next_dagrun for tutorial_taskflow_api_etl to None
[2021-11-18 18:26:59,965] {processor.py:171} INFO - Processing /Users/sravanisigadam/PycharmProjects/Airflow/venv/lib/python3.9/site-packages/airflow/example_dags/tutorial_taskflow_api_etl.py took 0.208 seconds
[2021-11-18 18:27:40,521] {processor.py:163} INFO - Started process (PID=55842) to work on /Users/sravanisigadam/PycharmProjects/Airflow/venv/lib/python3.9/site-packages/airflow/example_dags/tutorial_taskflow_api_etl.py
[2021-11-18 18:27:40,522] {processor.py:625} INFO - Processing file /Users/sravanisigadam/PycharmProjects/Airflow/venv/lib/python3.9/site-packages/airflow/example_dags/tutorial_taskflow_api_etl.py for tasks to queue
[2021-11-18 18:27:40,522] {logging_mixin.py:109} INFO - [2021-11-18 18:27:40,522] {dagbag.py:500} INFO - Filling up the DagBag from /Users/sravanisigadam/PycharmProjects/Airflow/venv/lib/python3.9/site-packages/airflow/example_dags/tutorial_taskflow_api_etl.py
[2021-11-18 18:27:40,555] {processor.py:637} INFO - DAG(s) dict_keys(['tutorial_taskflow_api_etl']) retrieved from /Users/sravanisigadam/PycharmProjects/Airflow/venv/lib/python3.9/site-packages/airflow/example_dags/tutorial_taskflow_api_etl.py
[2021-11-18 18:27:40,711] {logging_mixin.py:109} INFO - [2021-11-18 18:27:40,711] {dag.py:2396} INFO - Sync 1 DAGs
[2021-11-18 18:27:40,718] {logging_mixin.py:109} INFO - [2021-11-18 18:27:40,718] {dag.py:2928} INFO - Setting next_dagrun for tutorial_taskflow_api_etl to None
[2021-11-18 18:27:40,724] {processor.py:171} INFO - Processing /Users/sravanisigadam/PycharmProjects/Airflow/venv/lib/python3.9/site-packages/airflow/example_dags/tutorial_taskflow_api_etl.py took 0.203 seconds
[2021-11-18 18:28:19,979] {processor.py:163} INFO - Started process (PID=55886) to work on /Users/sravanisigadam/PycharmProjects/Airflow/venv/lib/python3.9/site-packages/airflow/example_dags/tutorial_taskflow_api_etl.py
[2021-11-18 18:28:19,980] {processor.py:625} INFO - Processing file /Users/sravanisigadam/PycharmProjects/Airflow/venv/lib/python3.9/site-packages/airflow/example_dags/tutorial_taskflow_api_etl.py for tasks to queue
[2021-11-18 18:28:19,980] {logging_mixin.py:109} INFO - [2021-11-18 18:28:19,980] {dagbag.py:500} INFO - Filling up the DagBag from /Users/sravanisigadam/PycharmProjects/Airflow/venv/lib/python3.9/site-packages/airflow/example_dags/tutorial_taskflow_api_etl.py
[2021-11-18 18:28:20,016] {processor.py:637} INFO - DAG(s) dict_keys(['tutorial_taskflow_api_etl']) retrieved from /Users/sravanisigadam/PycharmProjects/Airflow/venv/lib/python3.9/site-packages/airflow/example_dags/tutorial_taskflow_api_etl.py
[2021-11-18 18:28:20,161] {logging_mixin.py:109} INFO - [2021-11-18 18:28:20,161] {dag.py:2396} INFO - Sync 1 DAGs
[2021-11-18 18:28:20,166] {logging_mixin.py:109} INFO - [2021-11-18 18:28:20,166] {dag.py:2928} INFO - Setting next_dagrun for tutorial_taskflow_api_etl to None
[2021-11-18 18:28:20,172] {processor.py:171} INFO - Processing /Users/sravanisigadam/PycharmProjects/Airflow/venv/lib/python3.9/site-packages/airflow/example_dags/tutorial_taskflow_api_etl.py took 0.194 seconds
[2021-11-18 18:29:00,742] {processor.py:163} INFO - Started process (PID=55906) to work on /Users/sravanisigadam/PycharmProjects/Airflow/venv/lib/python3.9/site-packages/airflow/example_dags/tutorial_taskflow_api_etl.py
[2021-11-18 18:29:00,742] {processor.py:625} INFO - Processing file /Users/sravanisigadam/PycharmProjects/Airflow/venv/lib/python3.9/site-packages/airflow/example_dags/tutorial_taskflow_api_etl.py for tasks to queue
[2021-11-18 18:29:00,743] {logging_mixin.py:109} INFO - [2021-11-18 18:29:00,743] {dagbag.py:500} INFO - Filling up the DagBag from /Users/sravanisigadam/PycharmProjects/Airflow/venv/lib/python3.9/site-packages/airflow/example_dags/tutorial_taskflow_api_etl.py
[2021-11-18 18:29:00,777] {processor.py:637} INFO - DAG(s) dict_keys(['tutorial_taskflow_api_etl']) retrieved from /Users/sravanisigadam/PycharmProjects/Airflow/venv/lib/python3.9/site-packages/airflow/example_dags/tutorial_taskflow_api_etl.py
[2021-11-18 18:29:00,918] {logging_mixin.py:109} INFO - [2021-11-18 18:29:00,918] {dag.py:2396} INFO - Sync 1 DAGs
[2021-11-18 18:29:00,924] {logging_mixin.py:109} INFO - [2021-11-18 18:29:00,924] {dag.py:2928} INFO - Setting next_dagrun for tutorial_taskflow_api_etl to None
[2021-11-18 18:29:00,930] {processor.py:171} INFO - Processing /Users/sravanisigadam/PycharmProjects/Airflow/venv/lib/python3.9/site-packages/airflow/example_dags/tutorial_taskflow_api_etl.py took 0.188 seconds
[2021-11-18 18:29:40,037] {processor.py:163} INFO - Started process (PID=55925) to work on /Users/sravanisigadam/PycharmProjects/Airflow/venv/lib/python3.9/site-packages/airflow/example_dags/tutorial_taskflow_api_etl.py
[2021-11-18 18:29:40,037] {processor.py:625} INFO - Processing file /Users/sravanisigadam/PycharmProjects/Airflow/venv/lib/python3.9/site-packages/airflow/example_dags/tutorial_taskflow_api_etl.py for tasks to queue
[2021-11-18 18:29:40,038] {logging_mixin.py:109} INFO - [2021-11-18 18:29:40,038] {dagbag.py:500} INFO - Filling up the DagBag from /Users/sravanisigadam/PycharmProjects/Airflow/venv/lib/python3.9/site-packages/airflow/example_dags/tutorial_taskflow_api_etl.py
[2021-11-18 18:29:40,073] {processor.py:637} INFO - DAG(s) dict_keys(['tutorial_taskflow_api_etl']) retrieved from /Users/sravanisigadam/PycharmProjects/Airflow/venv/lib/python3.9/site-packages/airflow/example_dags/tutorial_taskflow_api_etl.py
[2021-11-18 18:29:40,217] {logging_mixin.py:109} INFO - [2021-11-18 18:29:40,217] {dag.py:2396} INFO - Sync 1 DAGs
[2021-11-18 18:29:40,222] {logging_mixin.py:109} INFO - [2021-11-18 18:29:40,222] {dag.py:2928} INFO - Setting next_dagrun for tutorial_taskflow_api_etl to None
[2021-11-18 18:29:40,229] {processor.py:171} INFO - Processing /Users/sravanisigadam/PycharmProjects/Airflow/venv/lib/python3.9/site-packages/airflow/example_dags/tutorial_taskflow_api_etl.py took 0.192 seconds
[2021-11-18 18:30:20,815] {processor.py:163} INFO - Started process (PID=55946) to work on /Users/sravanisigadam/PycharmProjects/Airflow/venv/lib/python3.9/site-packages/airflow/example_dags/tutorial_taskflow_api_etl.py
[2021-11-18 18:30:20,816] {processor.py:625} INFO - Processing file /Users/sravanisigadam/PycharmProjects/Airflow/venv/lib/python3.9/site-packages/airflow/example_dags/tutorial_taskflow_api_etl.py for tasks to queue
[2021-11-18 18:30:20,816] {logging_mixin.py:109} INFO - [2021-11-18 18:30:20,816] {dagbag.py:500} INFO - Filling up the DagBag from /Users/sravanisigadam/PycharmProjects/Airflow/venv/lib/python3.9/site-packages/airflow/example_dags/tutorial_taskflow_api_etl.py
[2021-11-18 18:30:20,850] {processor.py:637} INFO - DAG(s) dict_keys(['tutorial_taskflow_api_etl']) retrieved from /Users/sravanisigadam/PycharmProjects/Airflow/venv/lib/python3.9/site-packages/airflow/example_dags/tutorial_taskflow_api_etl.py
[2021-11-18 18:30:20,998] {logging_mixin.py:109} INFO - [2021-11-18 18:30:20,998] {dag.py:2396} INFO - Sync 1 DAGs
[2021-11-18 18:30:21,004] {logging_mixin.py:109} INFO - [2021-11-18 18:30:21,003] {dag.py:2928} INFO - Setting next_dagrun for tutorial_taskflow_api_etl to None
[2021-11-18 18:30:21,010] {processor.py:171} INFO - Processing /Users/sravanisigadam/PycharmProjects/Airflow/venv/lib/python3.9/site-packages/airflow/example_dags/tutorial_taskflow_api_etl.py took 0.195 seconds
[2021-11-18 18:31:00,131] {processor.py:163} INFO - Started process (PID=55966) to work on /Users/sravanisigadam/PycharmProjects/Airflow/venv/lib/python3.9/site-packages/airflow/example_dags/tutorial_taskflow_api_etl.py
[2021-11-18 18:31:00,132] {processor.py:625} INFO - Processing file /Users/sravanisigadam/PycharmProjects/Airflow/venv/lib/python3.9/site-packages/airflow/example_dags/tutorial_taskflow_api_etl.py for tasks to queue
[2021-11-18 18:31:00,132] {logging_mixin.py:109} INFO - [2021-11-18 18:31:00,132] {dagbag.py:500} INFO - Filling up the DagBag from /Users/sravanisigadam/PycharmProjects/Airflow/venv/lib/python3.9/site-packages/airflow/example_dags/tutorial_taskflow_api_etl.py
[2021-11-18 18:31:00,166] {processor.py:637} INFO - DAG(s) dict_keys(['tutorial_taskflow_api_etl']) retrieved from /Users/sravanisigadam/PycharmProjects/Airflow/venv/lib/python3.9/site-packages/airflow/example_dags/tutorial_taskflow_api_etl.py
[2021-11-18 18:31:00,313] {logging_mixin.py:109} INFO - [2021-11-18 18:31:00,312] {dag.py:2396} INFO - Sync 1 DAGs
[2021-11-18 18:31:00,318] {logging_mixin.py:109} INFO - [2021-11-18 18:31:00,318] {dag.py:2928} INFO - Setting next_dagrun for tutorial_taskflow_api_etl to None
[2021-11-18 18:31:00,324] {processor.py:171} INFO - Processing /Users/sravanisigadam/PycharmProjects/Airflow/venv/lib/python3.9/site-packages/airflow/example_dags/tutorial_taskflow_api_etl.py took 0.193 seconds
[2021-11-18 18:31:40,941] {processor.py:163} INFO - Started process (PID=55986) to work on /Users/sravanisigadam/PycharmProjects/Airflow/venv/lib/python3.9/site-packages/airflow/example_dags/tutorial_taskflow_api_etl.py
[2021-11-18 18:31:40,941] {processor.py:625} INFO - Processing file /Users/sravanisigadam/PycharmProjects/Airflow/venv/lib/python3.9/site-packages/airflow/example_dags/tutorial_taskflow_api_etl.py for tasks to queue
[2021-11-18 18:31:40,942] {logging_mixin.py:109} INFO - [2021-11-18 18:31:40,942] {dagbag.py:500} INFO - Filling up the DagBag from /Users/sravanisigadam/PycharmProjects/Airflow/venv/lib/python3.9/site-packages/airflow/example_dags/tutorial_taskflow_api_etl.py
[2021-11-18 18:31:40,977] {processor.py:637} INFO - DAG(s) dict_keys(['tutorial_taskflow_api_etl']) retrieved from /Users/sravanisigadam/PycharmProjects/Airflow/venv/lib/python3.9/site-packages/airflow/example_dags/tutorial_taskflow_api_etl.py
[2021-11-18 18:31:41,122] {logging_mixin.py:109} INFO - [2021-11-18 18:31:41,122] {dag.py:2396} INFO - Sync 1 DAGs
[2021-11-18 18:31:41,128] {logging_mixin.py:109} INFO - [2021-11-18 18:31:41,128] {dag.py:2928} INFO - Setting next_dagrun for tutorial_taskflow_api_etl to None
[2021-11-18 18:31:41,134] {processor.py:171} INFO - Processing /Users/sravanisigadam/PycharmProjects/Airflow/venv/lib/python3.9/site-packages/airflow/example_dags/tutorial_taskflow_api_etl.py took 0.193 seconds
[2021-11-18 18:32:20,345] {processor.py:163} INFO - Started process (PID=56013) to work on /Users/sravanisigadam/PycharmProjects/Airflow/venv/lib/python3.9/site-packages/airflow/example_dags/tutorial_taskflow_api_etl.py
[2021-11-18 18:32:20,346] {processor.py:625} INFO - Processing file /Users/sravanisigadam/PycharmProjects/Airflow/venv/lib/python3.9/site-packages/airflow/example_dags/tutorial_taskflow_api_etl.py for tasks to queue
[2021-11-18 18:32:20,346] {logging_mixin.py:109} INFO - [2021-11-18 18:32:20,346] {dagbag.py:500} INFO - Filling up the DagBag from /Users/sravanisigadam/PycharmProjects/Airflow/venv/lib/python3.9/site-packages/airflow/example_dags/tutorial_taskflow_api_etl.py
[2021-11-18 18:32:20,380] {processor.py:637} INFO - DAG(s) dict_keys(['tutorial_taskflow_api_etl']) retrieved from /Users/sravanisigadam/PycharmProjects/Airflow/venv/lib/python3.9/site-packages/airflow/example_dags/tutorial_taskflow_api_etl.py
[2021-11-18 18:32:20,526] {logging_mixin.py:109} INFO - [2021-11-18 18:32:20,526] {dag.py:2396} INFO - Sync 1 DAGs
[2021-11-18 18:32:20,531] {logging_mixin.py:109} INFO - [2021-11-18 18:32:20,531] {dag.py:2928} INFO - Setting next_dagrun for tutorial_taskflow_api_etl to None
[2021-11-18 18:32:20,537] {processor.py:171} INFO - Processing /Users/sravanisigadam/PycharmProjects/Airflow/venv/lib/python3.9/site-packages/airflow/example_dags/tutorial_taskflow_api_etl.py took 0.192 seconds
[2021-11-18 18:33:00,969] {processor.py:163} INFO - Started process (PID=56034) to work on /Users/sravanisigadam/PycharmProjects/Airflow/venv/lib/python3.9/site-packages/airflow/example_dags/tutorial_taskflow_api_etl.py
[2021-11-18 18:33:00,969] {processor.py:625} INFO - Processing file /Users/sravanisigadam/PycharmProjects/Airflow/venv/lib/python3.9/site-packages/airflow/example_dags/tutorial_taskflow_api_etl.py for tasks to queue
[2021-11-18 18:33:00,969] {logging_mixin.py:109} INFO - [2021-11-18 18:33:00,969] {dagbag.py:500} INFO - Filling up the DagBag from /Users/sravanisigadam/PycharmProjects/Airflow/venv/lib/python3.9/site-packages/airflow/example_dags/tutorial_taskflow_api_etl.py
[2021-11-18 18:33:01,005] {processor.py:637} INFO - DAG(s) dict_keys(['tutorial_taskflow_api_etl']) retrieved from /Users/sravanisigadam/PycharmProjects/Airflow/venv/lib/python3.9/site-packages/airflow/example_dags/tutorial_taskflow_api_etl.py
[2021-11-18 18:33:01,148] {logging_mixin.py:109} INFO - [2021-11-18 18:33:01,148] {dag.py:2396} INFO - Sync 1 DAGs
[2021-11-18 18:33:01,154] {logging_mixin.py:109} INFO - [2021-11-18 18:33:01,154] {dag.py:2928} INFO - Setting next_dagrun for tutorial_taskflow_api_etl to None
[2021-11-18 18:33:01,160] {processor.py:171} INFO - Processing /Users/sravanisigadam/PycharmProjects/Airflow/venv/lib/python3.9/site-packages/airflow/example_dags/tutorial_taskflow_api_etl.py took 0.192 seconds
[2021-11-18 18:46:07,954] {processor.py:163} INFO - Started process (PID=56095) to work on /Users/sravanisigadam/PycharmProjects/Airflow/venv/lib/python3.9/site-packages/airflow/example_dags/tutorial_taskflow_api_etl.py
[2021-11-18 18:46:07,956] {processor.py:625} INFO - Processing file /Users/sravanisigadam/PycharmProjects/Airflow/venv/lib/python3.9/site-packages/airflow/example_dags/tutorial_taskflow_api_etl.py for tasks to queue
[2021-11-18 18:46:07,956] {logging_mixin.py:109} INFO - [2021-11-18 18:46:07,956] {dagbag.py:500} INFO - Filling up the DagBag from /Users/sravanisigadam/PycharmProjects/Airflow/venv/lib/python3.9/site-packages/airflow/example_dags/tutorial_taskflow_api_etl.py
[2021-11-18 18:46:07,990] {processor.py:637} INFO - DAG(s) dict_keys(['tutorial_taskflow_api_etl']) retrieved from /Users/sravanisigadam/PycharmProjects/Airflow/venv/lib/python3.9/site-packages/airflow/example_dags/tutorial_taskflow_api_etl.py
[2021-11-18 18:46:08,134] {logging_mixin.py:109} INFO - [2021-11-18 18:46:08,134] {dag.py:2396} INFO - Sync 1 DAGs
[2021-11-18 18:46:08,140] {logging_mixin.py:109} INFO - [2021-11-18 18:46:08,140] {dag.py:2928} INFO - Setting next_dagrun for tutorial_taskflow_api_etl to None
[2021-11-18 18:46:08,146] {processor.py:171} INFO - Processing /Users/sravanisigadam/PycharmProjects/Airflow/venv/lib/python3.9/site-packages/airflow/example_dags/tutorial_taskflow_api_etl.py took 0.192 seconds
[2021-11-18 18:46:58,227] {processor.py:163} INFO - Started process (PID=56129) to work on /Users/sravanisigadam/PycharmProjects/Airflow/venv/lib/python3.9/site-packages/airflow/example_dags/tutorial_taskflow_api_etl.py
[2021-11-18 18:46:58,227] {processor.py:625} INFO - Processing file /Users/sravanisigadam/PycharmProjects/Airflow/venv/lib/python3.9/site-packages/airflow/example_dags/tutorial_taskflow_api_etl.py for tasks to queue
[2021-11-18 18:46:58,227] {logging_mixin.py:109} INFO - [2021-11-18 18:46:58,227] {dagbag.py:500} INFO - Filling up the DagBag from /Users/sravanisigadam/PycharmProjects/Airflow/venv/lib/python3.9/site-packages/airflow/example_dags/tutorial_taskflow_api_etl.py
[2021-11-18 18:46:58,263] {processor.py:637} INFO - DAG(s) dict_keys(['tutorial_taskflow_api_etl']) retrieved from /Users/sravanisigadam/PycharmProjects/Airflow/venv/lib/python3.9/site-packages/airflow/example_dags/tutorial_taskflow_api_etl.py
[2021-11-18 18:46:58,412] {logging_mixin.py:109} INFO - [2021-11-18 18:46:58,412] {dag.py:2396} INFO - Sync 1 DAGs
[2021-11-18 18:46:58,418] {logging_mixin.py:109} INFO - [2021-11-18 18:46:58,418] {dag.py:2928} INFO - Setting next_dagrun for tutorial_taskflow_api_etl to None
[2021-11-18 18:46:58,424] {processor.py:171} INFO - Processing /Users/sravanisigadam/PycharmProjects/Airflow/venv/lib/python3.9/site-packages/airflow/example_dags/tutorial_taskflow_api_etl.py took 0.197 seconds
[2021-11-18 18:48:16,667] {processor.py:163} INFO - Started process (PID=56179) to work on /Users/sravanisigadam/PycharmProjects/Airflow/venv/lib/python3.9/site-packages/airflow/example_dags/tutorial_taskflow_api_etl.py
[2021-11-18 18:48:16,667] {processor.py:625} INFO - Processing file /Users/sravanisigadam/PycharmProjects/Airflow/venv/lib/python3.9/site-packages/airflow/example_dags/tutorial_taskflow_api_etl.py for tasks to queue
[2021-11-18 18:48:16,668] {logging_mixin.py:109} INFO - [2021-11-18 18:48:16,668] {dagbag.py:500} INFO - Filling up the DagBag from /Users/sravanisigadam/PycharmProjects/Airflow/venv/lib/python3.9/site-packages/airflow/example_dags/tutorial_taskflow_api_etl.py
[2021-11-18 18:48:16,702] {processor.py:637} INFO - DAG(s) dict_keys(['tutorial_taskflow_api_etl']) retrieved from /Users/sravanisigadam/PycharmProjects/Airflow/venv/lib/python3.9/site-packages/airflow/example_dags/tutorial_taskflow_api_etl.py
[2021-11-18 18:48:16,857] {logging_mixin.py:109} INFO - [2021-11-18 18:48:16,856] {dag.py:2396} INFO - Sync 1 DAGs
[2021-11-18 18:48:16,863] {logging_mixin.py:109} INFO - [2021-11-18 18:48:16,863] {dag.py:2928} INFO - Setting next_dagrun for tutorial_taskflow_api_etl to None
[2021-11-18 18:48:16,869] {processor.py:171} INFO - Processing /Users/sravanisigadam/PycharmProjects/Airflow/venv/lib/python3.9/site-packages/airflow/example_dags/tutorial_taskflow_api_etl.py took 0.202 seconds
[2021-11-18 18:48:55,852] {processor.py:163} INFO - Started process (PID=56214) to work on /Users/sravanisigadam/PycharmProjects/Airflow/venv/lib/python3.9/site-packages/airflow/example_dags/tutorial_taskflow_api_etl.py
[2021-11-18 18:48:55,853] {processor.py:625} INFO - Processing file /Users/sravanisigadam/PycharmProjects/Airflow/venv/lib/python3.9/site-packages/airflow/example_dags/tutorial_taskflow_api_etl.py for tasks to queue
[2021-11-18 18:48:55,853] {logging_mixin.py:109} INFO - [2021-11-18 18:48:55,853] {dagbag.py:500} INFO - Filling up the DagBag from /Users/sravanisigadam/PycharmProjects/Airflow/venv/lib/python3.9/site-packages/airflow/example_dags/tutorial_taskflow_api_etl.py
[2021-11-18 18:48:55,889] {processor.py:637} INFO - DAG(s) dict_keys(['tutorial_taskflow_api_etl']) retrieved from /Users/sravanisigadam/PycharmProjects/Airflow/venv/lib/python3.9/site-packages/airflow/example_dags/tutorial_taskflow_api_etl.py
[2021-11-18 18:48:56,040] {logging_mixin.py:109} INFO - [2021-11-18 18:48:56,040] {dag.py:2396} INFO - Sync 1 DAGs
[2021-11-18 18:48:56,046] {logging_mixin.py:109} INFO - [2021-11-18 18:48:56,046] {dag.py:2928} INFO - Setting next_dagrun for tutorial_taskflow_api_etl to None
[2021-11-18 18:48:56,052] {processor.py:171} INFO - Processing /Users/sravanisigadam/PycharmProjects/Airflow/venv/lib/python3.9/site-packages/airflow/example_dags/tutorial_taskflow_api_etl.py took 0.200 seconds
[2021-11-18 18:49:37,924] {processor.py:163} INFO - Started process (PID=56236) to work on /Users/sravanisigadam/PycharmProjects/Airflow/venv/lib/python3.9/site-packages/airflow/example_dags/tutorial_taskflow_api_etl.py
[2021-11-18 18:49:37,924] {processor.py:625} INFO - Processing file /Users/sravanisigadam/PycharmProjects/Airflow/venv/lib/python3.9/site-packages/airflow/example_dags/tutorial_taskflow_api_etl.py for tasks to queue
[2021-11-18 18:49:37,924] {logging_mixin.py:109} INFO - [2021-11-18 18:49:37,924] {dagbag.py:500} INFO - Filling up the DagBag from /Users/sravanisigadam/PycharmProjects/Airflow/venv/lib/python3.9/site-packages/airflow/example_dags/tutorial_taskflow_api_etl.py
[2021-11-18 18:49:37,958] {processor.py:637} INFO - DAG(s) dict_keys(['tutorial_taskflow_api_etl']) retrieved from /Users/sravanisigadam/PycharmProjects/Airflow/venv/lib/python3.9/site-packages/airflow/example_dags/tutorial_taskflow_api_etl.py
[2021-11-18 18:49:38,104] {logging_mixin.py:109} INFO - [2021-11-18 18:49:38,104] {dag.py:2396} INFO - Sync 1 DAGs
[2021-11-18 18:49:38,109] {logging_mixin.py:109} INFO - [2021-11-18 18:49:38,109] {dag.py:2928} INFO - Setting next_dagrun for tutorial_taskflow_api_etl to None
[2021-11-18 18:49:38,116] {processor.py:171} INFO - Processing /Users/sravanisigadam/PycharmProjects/Airflow/venv/lib/python3.9/site-packages/airflow/example_dags/tutorial_taskflow_api_etl.py took 0.192 seconds
[2021-11-18 18:50:19,303] {processor.py:163} INFO - Started process (PID=56259) to work on /Users/sravanisigadam/PycharmProjects/Airflow/venv/lib/python3.9/site-packages/airflow/example_dags/tutorial_taskflow_api_etl.py
[2021-11-18 18:50:19,303] {processor.py:625} INFO - Processing file /Users/sravanisigadam/PycharmProjects/Airflow/venv/lib/python3.9/site-packages/airflow/example_dags/tutorial_taskflow_api_etl.py for tasks to queue
[2021-11-18 18:50:19,303] {logging_mixin.py:109} INFO - [2021-11-18 18:50:19,303] {dagbag.py:500} INFO - Filling up the DagBag from /Users/sravanisigadam/PycharmProjects/Airflow/venv/lib/python3.9/site-packages/airflow/example_dags/tutorial_taskflow_api_etl.py
[2021-11-18 18:50:19,338] {processor.py:637} INFO - DAG(s) dict_keys(['tutorial_taskflow_api_etl']) retrieved from /Users/sravanisigadam/PycharmProjects/Airflow/venv/lib/python3.9/site-packages/airflow/example_dags/tutorial_taskflow_api_etl.py
[2021-11-18 18:50:19,518] {logging_mixin.py:109} INFO - [2021-11-18 18:50:19,518] {dag.py:2396} INFO - Sync 1 DAGs
[2021-11-18 18:50:19,524] {logging_mixin.py:109} INFO - [2021-11-18 18:50:19,524] {dag.py:2928} INFO - Setting next_dagrun for tutorial_taskflow_api_etl to None
[2021-11-18 18:50:19,530] {processor.py:171} INFO - Processing /Users/sravanisigadam/PycharmProjects/Airflow/venv/lib/python3.9/site-packages/airflow/example_dags/tutorial_taskflow_api_etl.py took 0.228 seconds
[2021-11-18 18:51:35,302] {processor.py:163} INFO - Started process (PID=56298) to work on /Users/sravanisigadam/PycharmProjects/Airflow/venv/lib/python3.9/site-packages/airflow/example_dags/tutorial_taskflow_api_etl.py
[2021-11-18 18:51:35,303] {processor.py:625} INFO - Processing file /Users/sravanisigadam/PycharmProjects/Airflow/venv/lib/python3.9/site-packages/airflow/example_dags/tutorial_taskflow_api_etl.py for tasks to queue
[2021-11-18 18:51:35,303] {logging_mixin.py:109} INFO - [2021-11-18 18:51:35,303] {dagbag.py:500} INFO - Filling up the DagBag from /Users/sravanisigadam/PycharmProjects/Airflow/venv/lib/python3.9/site-packages/airflow/example_dags/tutorial_taskflow_api_etl.py
[2021-11-18 18:51:35,341] {processor.py:637} INFO - DAG(s) dict_keys(['tutorial_taskflow_api_etl']) retrieved from /Users/sravanisigadam/PycharmProjects/Airflow/venv/lib/python3.9/site-packages/airflow/example_dags/tutorial_taskflow_api_etl.py
[2021-11-18 18:51:35,494] {logging_mixin.py:109} INFO - [2021-11-18 18:51:35,494] {dag.py:2396} INFO - Sync 1 DAGs
[2021-11-18 18:51:35,500] {logging_mixin.py:109} INFO - [2021-11-18 18:51:35,500] {dag.py:2928} INFO - Setting next_dagrun for tutorial_taskflow_api_etl to None
[2021-11-18 18:51:35,506] {processor.py:171} INFO - Processing /Users/sravanisigadam/PycharmProjects/Airflow/venv/lib/python3.9/site-packages/airflow/example_dags/tutorial_taskflow_api_etl.py took 0.205 seconds
[2021-11-18 18:52:53,578] {processor.py:163} INFO - Started process (PID=56341) to work on /Users/sravanisigadam/PycharmProjects/Airflow/venv/lib/python3.9/site-packages/airflow/example_dags/tutorial_taskflow_api_etl.py
[2021-11-18 18:52:53,579] {processor.py:625} INFO - Processing file /Users/sravanisigadam/PycharmProjects/Airflow/venv/lib/python3.9/site-packages/airflow/example_dags/tutorial_taskflow_api_etl.py for tasks to queue
[2021-11-18 18:52:53,580] {logging_mixin.py:109} INFO - [2021-11-18 18:52:53,580] {dagbag.py:500} INFO - Filling up the DagBag from /Users/sravanisigadam/PycharmProjects/Airflow/venv/lib/python3.9/site-packages/airflow/example_dags/tutorial_taskflow_api_etl.py
[2021-11-18 18:52:53,614] {processor.py:637} INFO - DAG(s) dict_keys(['tutorial_taskflow_api_etl']) retrieved from /Users/sravanisigadam/PycharmProjects/Airflow/venv/lib/python3.9/site-packages/airflow/example_dags/tutorial_taskflow_api_etl.py
[2021-11-18 18:52:53,761] {logging_mixin.py:109} INFO - [2021-11-18 18:52:53,761] {dag.py:2396} INFO - Sync 1 DAGs
[2021-11-18 18:52:53,767] {logging_mixin.py:109} INFO - [2021-11-18 18:52:53,767] {dag.py:2928} INFO - Setting next_dagrun for tutorial_taskflow_api_etl to None
[2021-11-18 18:52:53,791] {processor.py:171} INFO - Processing /Users/sravanisigadam/PycharmProjects/Airflow/venv/lib/python3.9/site-packages/airflow/example_dags/tutorial_taskflow_api_etl.py took 0.213 seconds
[2021-11-18 18:54:11,267] {processor.py:163} INFO - Started process (PID=56381) to work on /Users/sravanisigadam/PycharmProjects/Airflow/venv/lib/python3.9/site-packages/airflow/example_dags/tutorial_taskflow_api_etl.py
[2021-11-18 18:54:11,267] {processor.py:625} INFO - Processing file /Users/sravanisigadam/PycharmProjects/Airflow/venv/lib/python3.9/site-packages/airflow/example_dags/tutorial_taskflow_api_etl.py for tasks to queue
[2021-11-18 18:54:11,267] {logging_mixin.py:109} INFO - [2021-11-18 18:54:11,267] {dagbag.py:500} INFO - Filling up the DagBag from /Users/sravanisigadam/PycharmProjects/Airflow/venv/lib/python3.9/site-packages/airflow/example_dags/tutorial_taskflow_api_etl.py
[2021-11-18 18:54:11,302] {processor.py:637} INFO - DAG(s) dict_keys(['tutorial_taskflow_api_etl']) retrieved from /Users/sravanisigadam/PycharmProjects/Airflow/venv/lib/python3.9/site-packages/airflow/example_dags/tutorial_taskflow_api_etl.py
[2021-11-18 18:54:11,450] {logging_mixin.py:109} INFO - [2021-11-18 18:54:11,450] {dag.py:2396} INFO - Sync 1 DAGs
[2021-11-18 18:54:11,457] {logging_mixin.py:109} INFO - [2021-11-18 18:54:11,457] {dag.py:2928} INFO - Setting next_dagrun for tutorial_taskflow_api_etl to None
[2021-11-18 18:54:11,464] {processor.py:171} INFO - Processing /Users/sravanisigadam/PycharmProjects/Airflow/venv/lib/python3.9/site-packages/airflow/example_dags/tutorial_taskflow_api_etl.py took 0.197 seconds
[2021-11-18 18:55:28,962] {processor.py:163} INFO - Started process (PID=56421) to work on /Users/sravanisigadam/PycharmProjects/Airflow/venv/lib/python3.9/site-packages/airflow/example_dags/tutorial_taskflow_api_etl.py
[2021-11-18 18:55:28,964] {processor.py:625} INFO - Processing file /Users/sravanisigadam/PycharmProjects/Airflow/venv/lib/python3.9/site-packages/airflow/example_dags/tutorial_taskflow_api_etl.py for tasks to queue
[2021-11-18 18:55:28,964] {logging_mixin.py:109} INFO - [2021-11-18 18:55:28,964] {dagbag.py:500} INFO - Filling up the DagBag from /Users/sravanisigadam/PycharmProjects/Airflow/venv/lib/python3.9/site-packages/airflow/example_dags/tutorial_taskflow_api_etl.py
[2021-11-18 18:55:28,997] {processor.py:637} INFO - DAG(s) dict_keys(['tutorial_taskflow_api_etl']) retrieved from /Users/sravanisigadam/PycharmProjects/Airflow/venv/lib/python3.9/site-packages/airflow/example_dags/tutorial_taskflow_api_etl.py
[2021-11-18 18:55:29,145] {logging_mixin.py:109} INFO - [2021-11-18 18:55:29,144] {dag.py:2396} INFO - Sync 1 DAGs
[2021-11-18 18:55:29,150] {logging_mixin.py:109} INFO - [2021-11-18 18:55:29,150] {dag.py:2928} INFO - Setting next_dagrun for tutorial_taskflow_api_etl to None
[2021-11-18 18:55:29,157] {processor.py:171} INFO - Processing /Users/sravanisigadam/PycharmProjects/Airflow/venv/lib/python3.9/site-packages/airflow/example_dags/tutorial_taskflow_api_etl.py took 0.195 seconds
[2021-11-18 18:56:47,593] {processor.py:163} INFO - Started process (PID=56466) to work on /Users/sravanisigadam/PycharmProjects/Airflow/venv/lib/python3.9/site-packages/airflow/example_dags/tutorial_taskflow_api_etl.py
[2021-11-18 18:56:47,594] {processor.py:625} INFO - Processing file /Users/sravanisigadam/PycharmProjects/Airflow/venv/lib/python3.9/site-packages/airflow/example_dags/tutorial_taskflow_api_etl.py for tasks to queue
[2021-11-18 18:56:47,594] {logging_mixin.py:109} INFO - [2021-11-18 18:56:47,594] {dagbag.py:500} INFO - Filling up the DagBag from /Users/sravanisigadam/PycharmProjects/Airflow/venv/lib/python3.9/site-packages/airflow/example_dags/tutorial_taskflow_api_etl.py
[2021-11-18 18:56:47,630] {processor.py:637} INFO - DAG(s) dict_keys(['tutorial_taskflow_api_etl']) retrieved from /Users/sravanisigadam/PycharmProjects/Airflow/venv/lib/python3.9/site-packages/airflow/example_dags/tutorial_taskflow_api_etl.py
[2021-11-18 18:56:47,791] {logging_mixin.py:109} INFO - [2021-11-18 18:56:47,790] {dag.py:2396} INFO - Sync 1 DAGs
[2021-11-18 18:56:47,797] {logging_mixin.py:109} INFO - [2021-11-18 18:56:47,797] {dag.py:2928} INFO - Setting next_dagrun for tutorial_taskflow_api_etl to None
[2021-11-18 18:56:47,804] {processor.py:171} INFO - Processing /Users/sravanisigadam/PycharmProjects/Airflow/venv/lib/python3.9/site-packages/airflow/example_dags/tutorial_taskflow_api_etl.py took 0.211 seconds
[2021-11-18 18:58:05,274] {processor.py:163} INFO - Started process (PID=56515) to work on /Users/sravanisigadam/PycharmProjects/Airflow/venv/lib/python3.9/site-packages/airflow/example_dags/tutorial_taskflow_api_etl.py
[2021-11-18 18:58:05,275] {processor.py:625} INFO - Processing file /Users/sravanisigadam/PycharmProjects/Airflow/venv/lib/python3.9/site-packages/airflow/example_dags/tutorial_taskflow_api_etl.py for tasks to queue
[2021-11-18 18:58:05,275] {logging_mixin.py:109} INFO - [2021-11-18 18:58:05,275] {dagbag.py:500} INFO - Filling up the DagBag from /Users/sravanisigadam/PycharmProjects/Airflow/venv/lib/python3.9/site-packages/airflow/example_dags/tutorial_taskflow_api_etl.py
[2021-11-18 18:58:05,310] {processor.py:637} INFO - DAG(s) dict_keys(['tutorial_taskflow_api_etl']) retrieved from /Users/sravanisigadam/PycharmProjects/Airflow/venv/lib/python3.9/site-packages/airflow/example_dags/tutorial_taskflow_api_etl.py
[2021-11-18 18:58:05,467] {logging_mixin.py:109} INFO - [2021-11-18 18:58:05,467] {dag.py:2396} INFO - Sync 1 DAGs
[2021-11-18 18:58:05,473] {logging_mixin.py:109} INFO - [2021-11-18 18:58:05,473] {dag.py:2928} INFO - Setting next_dagrun for tutorial_taskflow_api_etl to None
[2021-11-18 18:58:05,479] {processor.py:171} INFO - Processing /Users/sravanisigadam/PycharmProjects/Airflow/venv/lib/python3.9/site-packages/airflow/example_dags/tutorial_taskflow_api_etl.py took 0.206 seconds
[2021-11-18 18:59:23,245] {processor.py:163} INFO - Started process (PID=56553) to work on /Users/sravanisigadam/PycharmProjects/Airflow/venv/lib/python3.9/site-packages/airflow/example_dags/tutorial_taskflow_api_etl.py
[2021-11-18 18:59:23,245] {processor.py:625} INFO - Processing file /Users/sravanisigadam/PycharmProjects/Airflow/venv/lib/python3.9/site-packages/airflow/example_dags/tutorial_taskflow_api_etl.py for tasks to queue
[2021-11-18 18:59:23,245] {logging_mixin.py:109} INFO - [2021-11-18 18:59:23,245] {dagbag.py:500} INFO - Filling up the DagBag from /Users/sravanisigadam/PycharmProjects/Airflow/venv/lib/python3.9/site-packages/airflow/example_dags/tutorial_taskflow_api_etl.py
[2021-11-18 18:59:23,281] {processor.py:637} INFO - DAG(s) dict_keys(['tutorial_taskflow_api_etl']) retrieved from /Users/sravanisigadam/PycharmProjects/Airflow/venv/lib/python3.9/site-packages/airflow/example_dags/tutorial_taskflow_api_etl.py
[2021-11-18 18:59:23,431] {logging_mixin.py:109} INFO - [2021-11-18 18:59:23,431] {dag.py:2396} INFO - Sync 1 DAGs
[2021-11-18 18:59:23,437] {logging_mixin.py:109} INFO - [2021-11-18 18:59:23,437] {dag.py:2928} INFO - Setting next_dagrun for tutorial_taskflow_api_etl to None
[2021-11-18 18:59:23,443] {processor.py:171} INFO - Processing /Users/sravanisigadam/PycharmProjects/Airflow/venv/lib/python3.9/site-packages/airflow/example_dags/tutorial_taskflow_api_etl.py took 0.198 seconds
[2021-11-18 19:00:03,116] {processor.py:163} INFO - Started process (PID=56573) to work on /Users/sravanisigadam/PycharmProjects/Airflow/venv/lib/python3.9/site-packages/airflow/example_dags/tutorial_taskflow_api_etl.py
[2021-11-18 19:00:03,117] {processor.py:625} INFO - Processing file /Users/sravanisigadam/PycharmProjects/Airflow/venv/lib/python3.9/site-packages/airflow/example_dags/tutorial_taskflow_api_etl.py for tasks to queue
[2021-11-18 19:00:03,117] {logging_mixin.py:109} INFO - [2021-11-18 19:00:03,117] {dagbag.py:500} INFO - Filling up the DagBag from /Users/sravanisigadam/PycharmProjects/Airflow/venv/lib/python3.9/site-packages/airflow/example_dags/tutorial_taskflow_api_etl.py
[2021-11-18 19:00:03,150] {processor.py:637} INFO - DAG(s) dict_keys(['tutorial_taskflow_api_etl']) retrieved from /Users/sravanisigadam/PycharmProjects/Airflow/venv/lib/python3.9/site-packages/airflow/example_dags/tutorial_taskflow_api_etl.py
[2021-11-18 19:00:03,297] {logging_mixin.py:109} INFO - [2021-11-18 19:00:03,296] {dag.py:2396} INFO - Sync 1 DAGs
[2021-11-18 19:00:03,302] {logging_mixin.py:109} INFO - [2021-11-18 19:00:03,302] {dag.py:2928} INFO - Setting next_dagrun for tutorial_taskflow_api_etl to None
[2021-11-18 19:00:03,308] {processor.py:171} INFO - Processing /Users/sravanisigadam/PycharmProjects/Airflow/venv/lib/python3.9/site-packages/airflow/example_dags/tutorial_taskflow_api_etl.py took 0.193 seconds
[2021-11-18 19:00:44,025] {processor.py:163} INFO - Started process (PID=56600) to work on /Users/sravanisigadam/PycharmProjects/Airflow/venv/lib/python3.9/site-packages/airflow/example_dags/tutorial_taskflow_api_etl.py
[2021-11-18 19:00:44,026] {processor.py:625} INFO - Processing file /Users/sravanisigadam/PycharmProjects/Airflow/venv/lib/python3.9/site-packages/airflow/example_dags/tutorial_taskflow_api_etl.py for tasks to queue
[2021-11-18 19:00:44,026] {logging_mixin.py:109} INFO - [2021-11-18 19:00:44,026] {dagbag.py:500} INFO - Filling up the DagBag from /Users/sravanisigadam/PycharmProjects/Airflow/venv/lib/python3.9/site-packages/airflow/example_dags/tutorial_taskflow_api_etl.py
[2021-11-18 19:00:44,061] {processor.py:637} INFO - DAG(s) dict_keys(['tutorial_taskflow_api_etl']) retrieved from /Users/sravanisigadam/PycharmProjects/Airflow/venv/lib/python3.9/site-packages/airflow/example_dags/tutorial_taskflow_api_etl.py
[2021-11-18 19:00:44,209] {logging_mixin.py:109} INFO - [2021-11-18 19:00:44,209] {dag.py:2396} INFO - Sync 1 DAGs
[2021-11-18 19:00:44,215] {logging_mixin.py:109} INFO - [2021-11-18 19:00:44,215] {dag.py:2928} INFO - Setting next_dagrun for tutorial_taskflow_api_etl to None
[2021-11-18 19:00:44,222] {processor.py:171} INFO - Processing /Users/sravanisigadam/PycharmProjects/Airflow/venv/lib/python3.9/site-packages/airflow/example_dags/tutorial_taskflow_api_etl.py took 0.197 seconds
[2021-11-18 19:02:02,075] {processor.py:163} INFO - Started process (PID=56645) to work on /Users/sravanisigadam/PycharmProjects/Airflow/venv/lib/python3.9/site-packages/airflow/example_dags/tutorial_taskflow_api_etl.py
[2021-11-18 19:02:02,076] {processor.py:625} INFO - Processing file /Users/sravanisigadam/PycharmProjects/Airflow/venv/lib/python3.9/site-packages/airflow/example_dags/tutorial_taskflow_api_etl.py for tasks to queue
[2021-11-18 19:02:02,076] {logging_mixin.py:109} INFO - [2021-11-18 19:02:02,076] {dagbag.py:500} INFO - Filling up the DagBag from /Users/sravanisigadam/PycharmProjects/Airflow/venv/lib/python3.9/site-packages/airflow/example_dags/tutorial_taskflow_api_etl.py
[2021-11-18 19:02:02,111] {processor.py:637} INFO - DAG(s) dict_keys(['tutorial_taskflow_api_etl']) retrieved from /Users/sravanisigadam/PycharmProjects/Airflow/venv/lib/python3.9/site-packages/airflow/example_dags/tutorial_taskflow_api_etl.py
[2021-11-18 19:02:02,258] {logging_mixin.py:109} INFO - [2021-11-18 19:02:02,258] {dag.py:2396} INFO - Sync 1 DAGs
[2021-11-18 19:02:02,264] {logging_mixin.py:109} INFO - [2021-11-18 19:02:02,264] {dag.py:2928} INFO - Setting next_dagrun for tutorial_taskflow_api_etl to None
[2021-11-18 19:02:02,270] {processor.py:171} INFO - Processing /Users/sravanisigadam/PycharmProjects/Airflow/venv/lib/python3.9/site-packages/airflow/example_dags/tutorial_taskflow_api_etl.py took 0.195 seconds
[2021-11-18 19:03:19,805] {processor.py:163} INFO - Started process (PID=56688) to work on /Users/sravanisigadam/PycharmProjects/Airflow/venv/lib/python3.9/site-packages/airflow/example_dags/tutorial_taskflow_api_etl.py
[2021-11-18 19:03:19,806] {processor.py:625} INFO - Processing file /Users/sravanisigadam/PycharmProjects/Airflow/venv/lib/python3.9/site-packages/airflow/example_dags/tutorial_taskflow_api_etl.py for tasks to queue
[2021-11-18 19:03:19,807] {logging_mixin.py:109} INFO - [2021-11-18 19:03:19,807] {dagbag.py:500} INFO - Filling up the DagBag from /Users/sravanisigadam/PycharmProjects/Airflow/venv/lib/python3.9/site-packages/airflow/example_dags/tutorial_taskflow_api_etl.py
[2021-11-18 19:03:19,840] {processor.py:637} INFO - DAG(s) dict_keys(['tutorial_taskflow_api_etl']) retrieved from /Users/sravanisigadam/PycharmProjects/Airflow/venv/lib/python3.9/site-packages/airflow/example_dags/tutorial_taskflow_api_etl.py
[2021-11-18 19:03:19,990] {logging_mixin.py:109} INFO - [2021-11-18 19:03:19,990] {dag.py:2396} INFO - Sync 1 DAGs
[2021-11-18 19:03:19,995] {logging_mixin.py:109} INFO - [2021-11-18 19:03:19,995] {dag.py:2928} INFO - Setting next_dagrun for tutorial_taskflow_api_etl to None
[2021-11-18 19:03:20,002] {processor.py:171} INFO - Processing /Users/sravanisigadam/PycharmProjects/Airflow/venv/lib/python3.9/site-packages/airflow/example_dags/tutorial_taskflow_api_etl.py took 0.197 seconds
[2021-11-18 19:04:38,201] {processor.py:163} INFO - Started process (PID=56734) to work on /Users/sravanisigadam/PycharmProjects/Airflow/venv/lib/python3.9/site-packages/airflow/example_dags/tutorial_taskflow_api_etl.py
[2021-11-18 19:04:38,202] {processor.py:625} INFO - Processing file /Users/sravanisigadam/PycharmProjects/Airflow/venv/lib/python3.9/site-packages/airflow/example_dags/tutorial_taskflow_api_etl.py for tasks to queue
[2021-11-18 19:04:38,202] {logging_mixin.py:109} INFO - [2021-11-18 19:04:38,202] {dagbag.py:500} INFO - Filling up the DagBag from /Users/sravanisigadam/PycharmProjects/Airflow/venv/lib/python3.9/site-packages/airflow/example_dags/tutorial_taskflow_api_etl.py
[2021-11-18 19:04:38,238] {processor.py:637} INFO - DAG(s) dict_keys(['tutorial_taskflow_api_etl']) retrieved from /Users/sravanisigadam/PycharmProjects/Airflow/venv/lib/python3.9/site-packages/airflow/example_dags/tutorial_taskflow_api_etl.py
[2021-11-18 19:04:38,391] {logging_mixin.py:109} INFO - [2021-11-18 19:04:38,391] {dag.py:2396} INFO - Sync 1 DAGs
[2021-11-18 19:04:38,397] {logging_mixin.py:109} INFO - [2021-11-18 19:04:38,397] {dag.py:2928} INFO - Setting next_dagrun for tutorial_taskflow_api_etl to None
[2021-11-18 19:04:38,403] {processor.py:171} INFO - Processing /Users/sravanisigadam/PycharmProjects/Airflow/venv/lib/python3.9/site-packages/airflow/example_dags/tutorial_taskflow_api_etl.py took 0.202 seconds
[2021-11-18 19:05:56,470] {processor.py:163} INFO - Started process (PID=56806) to work on /Users/sravanisigadam/PycharmProjects/Airflow/venv/lib/python3.9/site-packages/airflow/example_dags/tutorial_taskflow_api_etl.py
[2021-11-18 19:05:56,472] {processor.py:625} INFO - Processing file /Users/sravanisigadam/PycharmProjects/Airflow/venv/lib/python3.9/site-packages/airflow/example_dags/tutorial_taskflow_api_etl.py for tasks to queue
[2021-11-18 19:05:56,472] {logging_mixin.py:109} INFO - [2021-11-18 19:05:56,472] {dagbag.py:500} INFO - Filling up the DagBag from /Users/sravanisigadam/PycharmProjects/Airflow/venv/lib/python3.9/site-packages/airflow/example_dags/tutorial_taskflow_api_etl.py
[2021-11-18 19:05:56,508] {processor.py:637} INFO - DAG(s) dict_keys(['tutorial_taskflow_api_etl']) retrieved from /Users/sravanisigadam/PycharmProjects/Airflow/venv/lib/python3.9/site-packages/airflow/example_dags/tutorial_taskflow_api_etl.py
[2021-11-18 19:05:56,658] {logging_mixin.py:109} INFO - [2021-11-18 19:05:56,658] {dag.py:2396} INFO - Sync 1 DAGs
[2021-11-18 19:05:56,664] {logging_mixin.py:109} INFO - [2021-11-18 19:05:56,664] {dag.py:2928} INFO - Setting next_dagrun for tutorial_taskflow_api_etl to None
[2021-11-18 19:05:56,670] {processor.py:171} INFO - Processing /Users/sravanisigadam/PycharmProjects/Airflow/venv/lib/python3.9/site-packages/airflow/example_dags/tutorial_taskflow_api_etl.py took 0.200 seconds
[2021-11-18 19:06:35,169] {processor.py:163} INFO - Started process (PID=56833) to work on /Users/sravanisigadam/PycharmProjects/Airflow/venv/lib/python3.9/site-packages/airflow/example_dags/tutorial_taskflow_api_etl.py
[2021-11-18 19:06:35,170] {processor.py:625} INFO - Processing file /Users/sravanisigadam/PycharmProjects/Airflow/venv/lib/python3.9/site-packages/airflow/example_dags/tutorial_taskflow_api_etl.py for tasks to queue
[2021-11-18 19:06:35,170] {logging_mixin.py:109} INFO - [2021-11-18 19:06:35,170] {dagbag.py:500} INFO - Filling up the DagBag from /Users/sravanisigadam/PycharmProjects/Airflow/venv/lib/python3.9/site-packages/airflow/example_dags/tutorial_taskflow_api_etl.py
[2021-11-18 19:06:35,203] {processor.py:637} INFO - DAG(s) dict_keys(['tutorial_taskflow_api_etl']) retrieved from /Users/sravanisigadam/PycharmProjects/Airflow/venv/lib/python3.9/site-packages/airflow/example_dags/tutorial_taskflow_api_etl.py
[2021-11-18 19:06:35,350] {logging_mixin.py:109} INFO - [2021-11-18 19:06:35,350] {dag.py:2396} INFO - Sync 1 DAGs
[2021-11-18 19:06:35,356] {logging_mixin.py:109} INFO - [2021-11-18 19:06:35,356] {dag.py:2928} INFO - Setting next_dagrun for tutorial_taskflow_api_etl to None
[2021-11-18 19:06:35,362] {processor.py:171} INFO - Processing /Users/sravanisigadam/PycharmProjects/Airflow/venv/lib/python3.9/site-packages/airflow/example_dags/tutorial_taskflow_api_etl.py took 0.193 seconds
[2021-11-18 19:07:16,548] {processor.py:163} INFO - Started process (PID=56861) to work on /Users/sravanisigadam/PycharmProjects/Airflow/venv/lib/python3.9/site-packages/airflow/example_dags/tutorial_taskflow_api_etl.py
[2021-11-18 19:07:16,548] {processor.py:625} INFO - Processing file /Users/sravanisigadam/PycharmProjects/Airflow/venv/lib/python3.9/site-packages/airflow/example_dags/tutorial_taskflow_api_etl.py for tasks to queue
[2021-11-18 19:07:16,549] {logging_mixin.py:109} INFO - [2021-11-18 19:07:16,549] {dagbag.py:500} INFO - Filling up the DagBag from /Users/sravanisigadam/PycharmProjects/Airflow/venv/lib/python3.9/site-packages/airflow/example_dags/tutorial_taskflow_api_etl.py
[2021-11-18 19:07:16,584] {processor.py:637} INFO - DAG(s) dict_keys(['tutorial_taskflow_api_etl']) retrieved from /Users/sravanisigadam/PycharmProjects/Airflow/venv/lib/python3.9/site-packages/airflow/example_dags/tutorial_taskflow_api_etl.py
[2021-11-18 19:07:16,735] {logging_mixin.py:109} INFO - [2021-11-18 19:07:16,735] {dag.py:2396} INFO - Sync 1 DAGs
[2021-11-18 19:07:16,741] {logging_mixin.py:109} INFO - [2021-11-18 19:07:16,741] {dag.py:2928} INFO - Setting next_dagrun for tutorial_taskflow_api_etl to None
[2021-11-18 19:07:16,749] {processor.py:171} INFO - Processing /Users/sravanisigadam/PycharmProjects/Airflow/venv/lib/python3.9/site-packages/airflow/example_dags/tutorial_taskflow_api_etl.py took 0.201 seconds
[2021-11-18 19:08:34,536] {processor.py:163} INFO - Started process (PID=56933) to work on /Users/sravanisigadam/PycharmProjects/Airflow/venv/lib/python3.9/site-packages/airflow/example_dags/tutorial_taskflow_api_etl.py
[2021-11-18 19:08:34,536] {processor.py:625} INFO - Processing file /Users/sravanisigadam/PycharmProjects/Airflow/venv/lib/python3.9/site-packages/airflow/example_dags/tutorial_taskflow_api_etl.py for tasks to queue
[2021-11-18 19:08:34,536] {logging_mixin.py:109} INFO - [2021-11-18 19:08:34,536] {dagbag.py:500} INFO - Filling up the DagBag from /Users/sravanisigadam/PycharmProjects/Airflow/venv/lib/python3.9/site-packages/airflow/example_dags/tutorial_taskflow_api_etl.py
[2021-11-18 19:08:34,572] {processor.py:637} INFO - DAG(s) dict_keys(['tutorial_taskflow_api_etl']) retrieved from /Users/sravanisigadam/PycharmProjects/Airflow/venv/lib/python3.9/site-packages/airflow/example_dags/tutorial_taskflow_api_etl.py
[2021-11-18 19:08:34,746] {logging_mixin.py:109} INFO - [2021-11-18 19:08:34,746] {dag.py:2396} INFO - Sync 1 DAGs
[2021-11-18 19:08:34,753] {logging_mixin.py:109} INFO - [2021-11-18 19:08:34,753] {dag.py:2928} INFO - Setting next_dagrun for tutorial_taskflow_api_etl to None
[2021-11-18 19:08:34,760] {processor.py:171} INFO - Processing /Users/sravanisigadam/PycharmProjects/Airflow/venv/lib/python3.9/site-packages/airflow/example_dags/tutorial_taskflow_api_etl.py took 0.225 seconds
[2021-11-18 19:09:52,340] {processor.py:163} INFO - Started process (PID=56977) to work on /Users/sravanisigadam/PycharmProjects/Airflow/venv/lib/python3.9/site-packages/airflow/example_dags/tutorial_taskflow_api_etl.py
[2021-11-18 19:09:52,341] {processor.py:625} INFO - Processing file /Users/sravanisigadam/PycharmProjects/Airflow/venv/lib/python3.9/site-packages/airflow/example_dags/tutorial_taskflow_api_etl.py for tasks to queue
[2021-11-18 19:09:52,341] {logging_mixin.py:109} INFO - [2021-11-18 19:09:52,341] {dagbag.py:500} INFO - Filling up the DagBag from /Users/sravanisigadam/PycharmProjects/Airflow/venv/lib/python3.9/site-packages/airflow/example_dags/tutorial_taskflow_api_etl.py
[2021-11-18 19:09:52,379] {processor.py:637} INFO - DAG(s) dict_keys(['tutorial_taskflow_api_etl']) retrieved from /Users/sravanisigadam/PycharmProjects/Airflow/venv/lib/python3.9/site-packages/airflow/example_dags/tutorial_taskflow_api_etl.py
[2021-11-18 19:09:52,555] {logging_mixin.py:109} INFO - [2021-11-18 19:09:52,555] {dag.py:2396} INFO - Sync 1 DAGs
[2021-11-18 19:09:52,561] {logging_mixin.py:109} INFO - [2021-11-18 19:09:52,561] {dag.py:2928} INFO - Setting next_dagrun for tutorial_taskflow_api_etl to None
[2021-11-18 19:09:52,567] {processor.py:171} INFO - Processing /Users/sravanisigadam/PycharmProjects/Airflow/venv/lib/python3.9/site-packages/airflow/example_dags/tutorial_taskflow_api_etl.py took 0.227 seconds
[2021-11-18 19:10:31,750] {processor.py:163} INFO - Started process (PID=56997) to work on /Users/sravanisigadam/PycharmProjects/Airflow/venv/lib/python3.9/site-packages/airflow/example_dags/tutorial_taskflow_api_etl.py
[2021-11-18 19:10:31,750] {processor.py:625} INFO - Processing file /Users/sravanisigadam/PycharmProjects/Airflow/venv/lib/python3.9/site-packages/airflow/example_dags/tutorial_taskflow_api_etl.py for tasks to queue
[2021-11-18 19:10:31,750] {logging_mixin.py:109} INFO - [2021-11-18 19:10:31,750] {dagbag.py:500} INFO - Filling up the DagBag from /Users/sravanisigadam/PycharmProjects/Airflow/venv/lib/python3.9/site-packages/airflow/example_dags/tutorial_taskflow_api_etl.py
[2021-11-18 19:10:31,786] {processor.py:637} INFO - DAG(s) dict_keys(['tutorial_taskflow_api_etl']) retrieved from /Users/sravanisigadam/PycharmProjects/Airflow/venv/lib/python3.9/site-packages/airflow/example_dags/tutorial_taskflow_api_etl.py
[2021-11-18 19:10:31,968] {logging_mixin.py:109} INFO - [2021-11-18 19:10:31,968] {dag.py:2396} INFO - Sync 1 DAGs
[2021-11-18 19:10:31,975] {logging_mixin.py:109} INFO - [2021-11-18 19:10:31,975] {dag.py:2928} INFO - Setting next_dagrun for tutorial_taskflow_api_etl to None
[2021-11-18 19:10:31,983] {processor.py:171} INFO - Processing /Users/sravanisigadam/PycharmProjects/Airflow/venv/lib/python3.9/site-packages/airflow/example_dags/tutorial_taskflow_api_etl.py took 0.234 seconds
[2021-11-18 19:11:12,571] {processor.py:163} INFO - Started process (PID=57023) to work on /Users/sravanisigadam/PycharmProjects/Airflow/venv/lib/python3.9/site-packages/airflow/example_dags/tutorial_taskflow_api_etl.py
[2021-11-18 19:11:12,572] {processor.py:625} INFO - Processing file /Users/sravanisigadam/PycharmProjects/Airflow/venv/lib/python3.9/site-packages/airflow/example_dags/tutorial_taskflow_api_etl.py for tasks to queue
[2021-11-18 19:11:12,572] {logging_mixin.py:109} INFO - [2021-11-18 19:11:12,572] {dagbag.py:500} INFO - Filling up the DagBag from /Users/sravanisigadam/PycharmProjects/Airflow/venv/lib/python3.9/site-packages/airflow/example_dags/tutorial_taskflow_api_etl.py
[2021-11-18 19:11:12,611] {processor.py:637} INFO - DAG(s) dict_keys(['tutorial_taskflow_api_etl']) retrieved from /Users/sravanisigadam/PycharmProjects/Airflow/venv/lib/python3.9/site-packages/airflow/example_dags/tutorial_taskflow_api_etl.py
[2021-11-18 19:11:12,815] {logging_mixin.py:109} INFO - [2021-11-18 19:11:12,815] {dag.py:2396} INFO - Sync 1 DAGs
[2021-11-18 19:11:12,821] {logging_mixin.py:109} INFO - [2021-11-18 19:11:12,821] {dag.py:2928} INFO - Setting next_dagrun for tutorial_taskflow_api_etl to None
[2021-11-18 19:11:12,828] {processor.py:171} INFO - Processing /Users/sravanisigadam/PycharmProjects/Airflow/venv/lib/python3.9/site-packages/airflow/example_dags/tutorial_taskflow_api_etl.py took 0.257 seconds
[2021-11-18 19:11:52,596] {processor.py:163} INFO - Started process (PID=57046) to work on /Users/sravanisigadam/PycharmProjects/Airflow/venv/lib/python3.9/site-packages/airflow/example_dags/tutorial_taskflow_api_etl.py
[2021-11-18 19:11:52,597] {processor.py:625} INFO - Processing file /Users/sravanisigadam/PycharmProjects/Airflow/venv/lib/python3.9/site-packages/airflow/example_dags/tutorial_taskflow_api_etl.py for tasks to queue
[2021-11-18 19:11:52,597] {logging_mixin.py:109} INFO - [2021-11-18 19:11:52,597] {dagbag.py:500} INFO - Filling up the DagBag from /Users/sravanisigadam/PycharmProjects/Airflow/venv/lib/python3.9/site-packages/airflow/example_dags/tutorial_taskflow_api_etl.py
[2021-11-18 19:11:52,632] {processor.py:637} INFO - DAG(s) dict_keys(['tutorial_taskflow_api_etl']) retrieved from /Users/sravanisigadam/PycharmProjects/Airflow/venv/lib/python3.9/site-packages/airflow/example_dags/tutorial_taskflow_api_etl.py
[2021-11-18 19:11:52,783] {logging_mixin.py:109} INFO - [2021-11-18 19:11:52,783] {dag.py:2396} INFO - Sync 1 DAGs
[2021-11-18 19:11:52,789] {logging_mixin.py:109} INFO - [2021-11-18 19:11:52,789] {dag.py:2928} INFO - Setting next_dagrun for tutorial_taskflow_api_etl to None
[2021-11-18 19:11:52,795] {processor.py:171} INFO - Processing /Users/sravanisigadam/PycharmProjects/Airflow/venv/lib/python3.9/site-packages/airflow/example_dags/tutorial_taskflow_api_etl.py took 0.199 seconds
[2021-11-18 19:12:33,995] {processor.py:163} INFO - Started process (PID=57068) to work on /Users/sravanisigadam/PycharmProjects/Airflow/venv/lib/python3.9/site-packages/airflow/example_dags/tutorial_taskflow_api_etl.py
[2021-11-18 19:12:33,996] {processor.py:625} INFO - Processing file /Users/sravanisigadam/PycharmProjects/Airflow/venv/lib/python3.9/site-packages/airflow/example_dags/tutorial_taskflow_api_etl.py for tasks to queue
[2021-11-18 19:12:33,997] {logging_mixin.py:109} INFO - [2021-11-18 19:12:33,997] {dagbag.py:500} INFO - Filling up the DagBag from /Users/sravanisigadam/PycharmProjects/Airflow/venv/lib/python3.9/site-packages/airflow/example_dags/tutorial_taskflow_api_etl.py
[2021-11-18 19:12:34,030] {processor.py:637} INFO - DAG(s) dict_keys(['tutorial_taskflow_api_etl']) retrieved from /Users/sravanisigadam/PycharmProjects/Airflow/venv/lib/python3.9/site-packages/airflow/example_dags/tutorial_taskflow_api_etl.py
[2021-11-18 19:12:34,179] {logging_mixin.py:109} INFO - [2021-11-18 19:12:34,179] {dag.py:2396} INFO - Sync 1 DAGs
[2021-11-18 19:12:34,185] {logging_mixin.py:109} INFO - [2021-11-18 19:12:34,185] {dag.py:2928} INFO - Setting next_dagrun for tutorial_taskflow_api_etl to None
[2021-11-18 19:12:34,191] {processor.py:171} INFO - Processing /Users/sravanisigadam/PycharmProjects/Airflow/venv/lib/python3.9/site-packages/airflow/example_dags/tutorial_taskflow_api_etl.py took 0.196 seconds
[2021-11-18 19:13:14,009] {processor.py:163} INFO - Started process (PID=57095) to work on /Users/sravanisigadam/PycharmProjects/Airflow/venv/lib/python3.9/site-packages/airflow/example_dags/tutorial_taskflow_api_etl.py
[2021-11-18 19:13:14,011] {processor.py:625} INFO - Processing file /Users/sravanisigadam/PycharmProjects/Airflow/venv/lib/python3.9/site-packages/airflow/example_dags/tutorial_taskflow_api_etl.py for tasks to queue
[2021-11-18 19:13:14,011] {logging_mixin.py:109} INFO - [2021-11-18 19:13:14,011] {dagbag.py:500} INFO - Filling up the DagBag from /Users/sravanisigadam/PycharmProjects/Airflow/venv/lib/python3.9/site-packages/airflow/example_dags/tutorial_taskflow_api_etl.py
[2021-11-18 19:13:14,047] {processor.py:637} INFO - DAG(s) dict_keys(['tutorial_taskflow_api_etl']) retrieved from /Users/sravanisigadam/PycharmProjects/Airflow/venv/lib/python3.9/site-packages/airflow/example_dags/tutorial_taskflow_api_etl.py
[2021-11-18 19:13:14,195] {logging_mixin.py:109} INFO - [2021-11-18 19:13:14,195] {dag.py:2396} INFO - Sync 1 DAGs
[2021-11-18 19:13:14,201] {logging_mixin.py:109} INFO - [2021-11-18 19:13:14,201] {dag.py:2928} INFO - Setting next_dagrun for tutorial_taskflow_api_etl to None
[2021-11-18 19:13:14,208] {processor.py:171} INFO - Processing /Users/sravanisigadam/PycharmProjects/Airflow/venv/lib/python3.9/site-packages/airflow/example_dags/tutorial_taskflow_api_etl.py took 0.199 seconds
[2021-11-18 19:13:55,768] {processor.py:163} INFO - Started process (PID=57139) to work on /Users/sravanisigadam/PycharmProjects/Airflow/venv/lib/python3.9/site-packages/airflow/example_dags/tutorial_taskflow_api_etl.py
[2021-11-18 19:13:55,768] {processor.py:625} INFO - Processing file /Users/sravanisigadam/PycharmProjects/Airflow/venv/lib/python3.9/site-packages/airflow/example_dags/tutorial_taskflow_api_etl.py for tasks to queue
[2021-11-18 19:13:55,768] {logging_mixin.py:109} INFO - [2021-11-18 19:13:55,768] {dagbag.py:500} INFO - Filling up the DagBag from /Users/sravanisigadam/PycharmProjects/Airflow/venv/lib/python3.9/site-packages/airflow/example_dags/tutorial_taskflow_api_etl.py
[2021-11-18 19:13:55,810] {processor.py:637} INFO - DAG(s) dict_keys(['tutorial_taskflow_api_etl']) retrieved from /Users/sravanisigadam/PycharmProjects/Airflow/venv/lib/python3.9/site-packages/airflow/example_dags/tutorial_taskflow_api_etl.py
[2021-11-18 19:13:55,986] {logging_mixin.py:109} INFO - [2021-11-18 19:13:55,986] {dag.py:2396} INFO - Sync 1 DAGs
[2021-11-18 19:13:56,002] {logging_mixin.py:109} INFO - [2021-11-18 19:13:56,002] {dag.py:2928} INFO - Setting next_dagrun for tutorial_taskflow_api_etl to None
[2021-11-18 19:13:56,008] {processor.py:171} INFO - Processing /Users/sravanisigadam/PycharmProjects/Airflow/venv/lib/python3.9/site-packages/airflow/example_dags/tutorial_taskflow_api_etl.py took 0.241 seconds
[2021-11-18 19:14:37,437] {processor.py:163} INFO - Started process (PID=57170) to work on /Users/sravanisigadam/PycharmProjects/Airflow/venv/lib/python3.9/site-packages/airflow/example_dags/tutorial_taskflow_api_etl.py
[2021-11-18 19:14:37,437] {processor.py:625} INFO - Processing file /Users/sravanisigadam/PycharmProjects/Airflow/venv/lib/python3.9/site-packages/airflow/example_dags/tutorial_taskflow_api_etl.py for tasks to queue
[2021-11-18 19:14:37,437] {logging_mixin.py:109} INFO - [2021-11-18 19:14:37,437] {dagbag.py:500} INFO - Filling up the DagBag from /Users/sravanisigadam/PycharmProjects/Airflow/venv/lib/python3.9/site-packages/airflow/example_dags/tutorial_taskflow_api_etl.py
[2021-11-18 19:14:37,475] {processor.py:637} INFO - DAG(s) dict_keys(['tutorial_taskflow_api_etl']) retrieved from /Users/sravanisigadam/PycharmProjects/Airflow/venv/lib/python3.9/site-packages/airflow/example_dags/tutorial_taskflow_api_etl.py
[2021-11-18 19:14:37,642] {logging_mixin.py:109} INFO - [2021-11-18 19:14:37,642] {dag.py:2396} INFO - Sync 1 DAGs
[2021-11-18 19:14:37,649] {logging_mixin.py:109} INFO - [2021-11-18 19:14:37,649] {dag.py:2928} INFO - Setting next_dagrun for tutorial_taskflow_api_etl to None
[2021-11-18 19:14:37,655] {processor.py:171} INFO - Processing /Users/sravanisigadam/PycharmProjects/Airflow/venv/lib/python3.9/site-packages/airflow/example_dags/tutorial_taskflow_api_etl.py took 0.219 seconds
