[2021-11-18 18:24:55,638] {processor.py:163} INFO - Started process (PID=55638) to work on /Users/sravanisigadam/PycharmProjects/Airflow/venv/lib/python3.9/site-packages/airflow/example_dags/subdags/subdag.py
[2021-11-18 18:24:55,638] {processor.py:625} INFO - Processing file /Users/sravanisigadam/PycharmProjects/Airflow/venv/lib/python3.9/site-packages/airflow/example_dags/subdags/subdag.py for tasks to queue
[2021-11-18 18:24:55,638] {logging_mixin.py:109} INFO - [2021-11-18 18:24:55,638] {dagbag.py:500} INFO - Filling up the DagBag from /Users/sravanisigadam/PycharmProjects/Airflow/venv/lib/python3.9/site-packages/airflow/example_dags/subdags/subdag.py
[2021-11-18 18:24:55,657] {processor.py:639} WARNING - No viable dags retrieved from /Users/sravanisigadam/PycharmProjects/Airflow/venv/lib/python3.9/site-packages/airflow/example_dags/subdags/subdag.py
[2021-11-18 18:24:55,658] {processor.py:171} INFO - Processing /Users/sravanisigadam/PycharmProjects/Airflow/venv/lib/python3.9/site-packages/airflow/example_dags/subdags/subdag.py took 0.021 seconds
[2021-11-18 18:25:35,564] {processor.py:163} INFO - Started process (PID=55670) to work on /Users/sravanisigadam/PycharmProjects/Airflow/venv/lib/python3.9/site-packages/airflow/example_dags/subdags/subdag.py
[2021-11-18 18:25:35,564] {processor.py:625} INFO - Processing file /Users/sravanisigadam/PycharmProjects/Airflow/venv/lib/python3.9/site-packages/airflow/example_dags/subdags/subdag.py for tasks to queue
[2021-11-18 18:25:35,565] {logging_mixin.py:109} INFO - [2021-11-18 18:25:35,564] {dagbag.py:500} INFO - Filling up the DagBag from /Users/sravanisigadam/PycharmProjects/Airflow/venv/lib/python3.9/site-packages/airflow/example_dags/subdags/subdag.py
[2021-11-18 18:25:35,583] {processor.py:639} WARNING - No viable dags retrieved from /Users/sravanisigadam/PycharmProjects/Airflow/venv/lib/python3.9/site-packages/airflow/example_dags/subdags/subdag.py
[2021-11-18 18:25:35,585] {processor.py:171} INFO - Processing /Users/sravanisigadam/PycharmProjects/Airflow/venv/lib/python3.9/site-packages/airflow/example_dags/subdags/subdag.py took 0.021 seconds
[2021-11-18 18:26:14,100] {processor.py:163} INFO - Started process (PID=55780) to work on /Users/sravanisigadam/PycharmProjects/Airflow/venv/lib/python3.9/site-packages/airflow/example_dags/subdags/subdag.py
[2021-11-18 18:26:14,101] {processor.py:625} INFO - Processing file /Users/sravanisigadam/PycharmProjects/Airflow/venv/lib/python3.9/site-packages/airflow/example_dags/subdags/subdag.py for tasks to queue
[2021-11-18 18:26:14,101] {logging_mixin.py:109} INFO - [2021-11-18 18:26:14,101] {dagbag.py:500} INFO - Filling up the DagBag from /Users/sravanisigadam/PycharmProjects/Airflow/venv/lib/python3.9/site-packages/airflow/example_dags/subdags/subdag.py
[2021-11-18 18:26:14,121] {processor.py:639} WARNING - No viable dags retrieved from /Users/sravanisigadam/PycharmProjects/Airflow/venv/lib/python3.9/site-packages/airflow/example_dags/subdags/subdag.py
[2021-11-18 18:26:14,122] {processor.py:171} INFO - Processing /Users/sravanisigadam/PycharmProjects/Airflow/venv/lib/python3.9/site-packages/airflow/example_dags/subdags/subdag.py took 0.023 seconds
[2021-11-18 18:26:53,979] {processor.py:163} INFO - Started process (PID=55809) to work on /Users/sravanisigadam/PycharmProjects/Airflow/venv/lib/python3.9/site-packages/airflow/example_dags/subdags/subdag.py
[2021-11-18 18:26:53,980] {processor.py:625} INFO - Processing file /Users/sravanisigadam/PycharmProjects/Airflow/venv/lib/python3.9/site-packages/airflow/example_dags/subdags/subdag.py for tasks to queue
[2021-11-18 18:26:53,980] {logging_mixin.py:109} INFO - [2021-11-18 18:26:53,980] {dagbag.py:500} INFO - Filling up the DagBag from /Users/sravanisigadam/PycharmProjects/Airflow/venv/lib/python3.9/site-packages/airflow/example_dags/subdags/subdag.py
[2021-11-18 18:26:54,001] {processor.py:639} WARNING - No viable dags retrieved from /Users/sravanisigadam/PycharmProjects/Airflow/venv/lib/python3.9/site-packages/airflow/example_dags/subdags/subdag.py
[2021-11-18 18:26:54,003] {processor.py:171} INFO - Processing /Users/sravanisigadam/PycharmProjects/Airflow/venv/lib/python3.9/site-packages/airflow/example_dags/subdags/subdag.py took 0.024 seconds
[2021-11-18 18:27:34,358] {processor.py:163} INFO - Started process (PID=55839) to work on /Users/sravanisigadam/PycharmProjects/Airflow/venv/lib/python3.9/site-packages/airflow/example_dags/subdags/subdag.py
[2021-11-18 18:27:34,359] {processor.py:625} INFO - Processing file /Users/sravanisigadam/PycharmProjects/Airflow/venv/lib/python3.9/site-packages/airflow/example_dags/subdags/subdag.py for tasks to queue
[2021-11-18 18:27:34,359] {logging_mixin.py:109} INFO - [2021-11-18 18:27:34,359] {dagbag.py:500} INFO - Filling up the DagBag from /Users/sravanisigadam/PycharmProjects/Airflow/venv/lib/python3.9/site-packages/airflow/example_dags/subdags/subdag.py
[2021-11-18 18:27:34,378] {processor.py:639} WARNING - No viable dags retrieved from /Users/sravanisigadam/PycharmProjects/Airflow/venv/lib/python3.9/site-packages/airflow/example_dags/subdags/subdag.py
[2021-11-18 18:27:34,380] {processor.py:171} INFO - Processing /Users/sravanisigadam/PycharmProjects/Airflow/venv/lib/python3.9/site-packages/airflow/example_dags/subdags/subdag.py took 0.022 seconds
[2021-11-18 18:28:14,172] {processor.py:163} INFO - Started process (PID=55883) to work on /Users/sravanisigadam/PycharmProjects/Airflow/venv/lib/python3.9/site-packages/airflow/example_dags/subdags/subdag.py
[2021-11-18 18:28:14,173] {processor.py:625} INFO - Processing file /Users/sravanisigadam/PycharmProjects/Airflow/venv/lib/python3.9/site-packages/airflow/example_dags/subdags/subdag.py for tasks to queue
[2021-11-18 18:28:14,173] {logging_mixin.py:109} INFO - [2021-11-18 18:28:14,173] {dagbag.py:500} INFO - Filling up the DagBag from /Users/sravanisigadam/PycharmProjects/Airflow/venv/lib/python3.9/site-packages/airflow/example_dags/subdags/subdag.py
[2021-11-18 18:28:14,191] {processor.py:639} WARNING - No viable dags retrieved from /Users/sravanisigadam/PycharmProjects/Airflow/venv/lib/python3.9/site-packages/airflow/example_dags/subdags/subdag.py
[2021-11-18 18:28:14,192] {processor.py:171} INFO - Processing /Users/sravanisigadam/PycharmProjects/Airflow/venv/lib/python3.9/site-packages/airflow/example_dags/subdags/subdag.py took 0.021 seconds
[2021-11-18 18:28:54,585] {processor.py:163} INFO - Started process (PID=55903) to work on /Users/sravanisigadam/PycharmProjects/Airflow/venv/lib/python3.9/site-packages/airflow/example_dags/subdags/subdag.py
[2021-11-18 18:28:54,585] {processor.py:625} INFO - Processing file /Users/sravanisigadam/PycharmProjects/Airflow/venv/lib/python3.9/site-packages/airflow/example_dags/subdags/subdag.py for tasks to queue
[2021-11-18 18:28:54,586] {logging_mixin.py:109} INFO - [2021-11-18 18:28:54,586] {dagbag.py:500} INFO - Filling up the DagBag from /Users/sravanisigadam/PycharmProjects/Airflow/venv/lib/python3.9/site-packages/airflow/example_dags/subdags/subdag.py
[2021-11-18 18:28:54,603] {processor.py:639} WARNING - No viable dags retrieved from /Users/sravanisigadam/PycharmProjects/Airflow/venv/lib/python3.9/site-packages/airflow/example_dags/subdags/subdag.py
[2021-11-18 18:28:54,604] {processor.py:171} INFO - Processing /Users/sravanisigadam/PycharmProjects/Airflow/venv/lib/python3.9/site-packages/airflow/example_dags/subdags/subdag.py took 0.019 seconds
[2021-11-18 18:29:34,267] {processor.py:163} INFO - Started process (PID=55922) to work on /Users/sravanisigadam/PycharmProjects/Airflow/venv/lib/python3.9/site-packages/airflow/example_dags/subdags/subdag.py
[2021-11-18 18:29:34,267] {processor.py:625} INFO - Processing file /Users/sravanisigadam/PycharmProjects/Airflow/venv/lib/python3.9/site-packages/airflow/example_dags/subdags/subdag.py for tasks to queue
[2021-11-18 18:29:34,267] {logging_mixin.py:109} INFO - [2021-11-18 18:29:34,267] {dagbag.py:500} INFO - Filling up the DagBag from /Users/sravanisigadam/PycharmProjects/Airflow/venv/lib/python3.9/site-packages/airflow/example_dags/subdags/subdag.py
[2021-11-18 18:29:34,285] {processor.py:639} WARNING - No viable dags retrieved from /Users/sravanisigadam/PycharmProjects/Airflow/venv/lib/python3.9/site-packages/airflow/example_dags/subdags/subdag.py
[2021-11-18 18:29:34,286] {processor.py:171} INFO - Processing /Users/sravanisigadam/PycharmProjects/Airflow/venv/lib/python3.9/site-packages/airflow/example_dags/subdags/subdag.py took 0.019 seconds
[2021-11-18 18:30:14,617] {processor.py:163} INFO - Started process (PID=55943) to work on /Users/sravanisigadam/PycharmProjects/Airflow/venv/lib/python3.9/site-packages/airflow/example_dags/subdags/subdag.py
[2021-11-18 18:30:14,618] {processor.py:625} INFO - Processing file /Users/sravanisigadam/PycharmProjects/Airflow/venv/lib/python3.9/site-packages/airflow/example_dags/subdags/subdag.py for tasks to queue
[2021-11-18 18:30:14,618] {logging_mixin.py:109} INFO - [2021-11-18 18:30:14,618] {dagbag.py:500} INFO - Filling up the DagBag from /Users/sravanisigadam/PycharmProjects/Airflow/venv/lib/python3.9/site-packages/airflow/example_dags/subdags/subdag.py
[2021-11-18 18:30:14,635] {processor.py:639} WARNING - No viable dags retrieved from /Users/sravanisigadam/PycharmProjects/Airflow/venv/lib/python3.9/site-packages/airflow/example_dags/subdags/subdag.py
[2021-11-18 18:30:14,636] {processor.py:171} INFO - Processing /Users/sravanisigadam/PycharmProjects/Airflow/venv/lib/python3.9/site-packages/airflow/example_dags/subdags/subdag.py took 0.019 seconds
[2021-11-18 18:30:54,331] {processor.py:163} INFO - Started process (PID=55963) to work on /Users/sravanisigadam/PycharmProjects/Airflow/venv/lib/python3.9/site-packages/airflow/example_dags/subdags/subdag.py
[2021-11-18 18:30:54,331] {processor.py:625} INFO - Processing file /Users/sravanisigadam/PycharmProjects/Airflow/venv/lib/python3.9/site-packages/airflow/example_dags/subdags/subdag.py for tasks to queue
[2021-11-18 18:30:54,332] {logging_mixin.py:109} INFO - [2021-11-18 18:30:54,332] {dagbag.py:500} INFO - Filling up the DagBag from /Users/sravanisigadam/PycharmProjects/Airflow/venv/lib/python3.9/site-packages/airflow/example_dags/subdags/subdag.py
[2021-11-18 18:30:54,349] {processor.py:639} WARNING - No viable dags retrieved from /Users/sravanisigadam/PycharmProjects/Airflow/venv/lib/python3.9/site-packages/airflow/example_dags/subdags/subdag.py
[2021-11-18 18:30:54,350] {processor.py:171} INFO - Processing /Users/sravanisigadam/PycharmProjects/Airflow/venv/lib/python3.9/site-packages/airflow/example_dags/subdags/subdag.py took 0.019 seconds
[2021-11-18 18:31:34,790] {processor.py:163} INFO - Started process (PID=55983) to work on /Users/sravanisigadam/PycharmProjects/Airflow/venv/lib/python3.9/site-packages/airflow/example_dags/subdags/subdag.py
[2021-11-18 18:31:34,790] {processor.py:625} INFO - Processing file /Users/sravanisigadam/PycharmProjects/Airflow/venv/lib/python3.9/site-packages/airflow/example_dags/subdags/subdag.py for tasks to queue
[2021-11-18 18:31:34,791] {logging_mixin.py:109} INFO - [2021-11-18 18:31:34,791] {dagbag.py:500} INFO - Filling up the DagBag from /Users/sravanisigadam/PycharmProjects/Airflow/venv/lib/python3.9/site-packages/airflow/example_dags/subdags/subdag.py
[2021-11-18 18:31:34,808] {processor.py:639} WARNING - No viable dags retrieved from /Users/sravanisigadam/PycharmProjects/Airflow/venv/lib/python3.9/site-packages/airflow/example_dags/subdags/subdag.py
[2021-11-18 18:31:34,809] {processor.py:171} INFO - Processing /Users/sravanisigadam/PycharmProjects/Airflow/venv/lib/python3.9/site-packages/airflow/example_dags/subdags/subdag.py took 0.019 seconds
[2021-11-18 18:32:14,497] {processor.py:163} INFO - Started process (PID=56010) to work on /Users/sravanisigadam/PycharmProjects/Airflow/venv/lib/python3.9/site-packages/airflow/example_dags/subdags/subdag.py
[2021-11-18 18:32:14,497] {processor.py:625} INFO - Processing file /Users/sravanisigadam/PycharmProjects/Airflow/venv/lib/python3.9/site-packages/airflow/example_dags/subdags/subdag.py for tasks to queue
[2021-11-18 18:32:14,498] {logging_mixin.py:109} INFO - [2021-11-18 18:32:14,498] {dagbag.py:500} INFO - Filling up the DagBag from /Users/sravanisigadam/PycharmProjects/Airflow/venv/lib/python3.9/site-packages/airflow/example_dags/subdags/subdag.py
[2021-11-18 18:32:14,516] {processor.py:639} WARNING - No viable dags retrieved from /Users/sravanisigadam/PycharmProjects/Airflow/venv/lib/python3.9/site-packages/airflow/example_dags/subdags/subdag.py
[2021-11-18 18:32:14,517] {processor.py:171} INFO - Processing /Users/sravanisigadam/PycharmProjects/Airflow/venv/lib/python3.9/site-packages/airflow/example_dags/subdags/subdag.py took 0.020 seconds
[2021-11-18 18:32:54,784] {processor.py:163} INFO - Started process (PID=56031) to work on /Users/sravanisigadam/PycharmProjects/Airflow/venv/lib/python3.9/site-packages/airflow/example_dags/subdags/subdag.py
[2021-11-18 18:32:54,784] {processor.py:625} INFO - Processing file /Users/sravanisigadam/PycharmProjects/Airflow/venv/lib/python3.9/site-packages/airflow/example_dags/subdags/subdag.py for tasks to queue
[2021-11-18 18:32:54,785] {logging_mixin.py:109} INFO - [2021-11-18 18:32:54,785] {dagbag.py:500} INFO - Filling up the DagBag from /Users/sravanisigadam/PycharmProjects/Airflow/venv/lib/python3.9/site-packages/airflow/example_dags/subdags/subdag.py
[2021-11-18 18:32:54,802] {processor.py:639} WARNING - No viable dags retrieved from /Users/sravanisigadam/PycharmProjects/Airflow/venv/lib/python3.9/site-packages/airflow/example_dags/subdags/subdag.py
[2021-11-18 18:32:54,803] {processor.py:171} INFO - Processing /Users/sravanisigadam/PycharmProjects/Airflow/venv/lib/python3.9/site-packages/airflow/example_dags/subdags/subdag.py took 0.019 seconds
[2021-11-18 18:33:34,493] {processor.py:163} INFO - Started process (PID=56050) to work on /Users/sravanisigadam/PycharmProjects/Airflow/venv/lib/python3.9/site-packages/airflow/example_dags/subdags/subdag.py
[2021-11-18 18:33:34,493] {processor.py:625} INFO - Processing file /Users/sravanisigadam/PycharmProjects/Airflow/venv/lib/python3.9/site-packages/airflow/example_dags/subdags/subdag.py for tasks to queue
[2021-11-18 18:33:34,493] {logging_mixin.py:109} INFO - [2021-11-18 18:33:34,493] {dagbag.py:500} INFO - Filling up the DagBag from /Users/sravanisigadam/PycharmProjects/Airflow/venv/lib/python3.9/site-packages/airflow/example_dags/subdags/subdag.py
[2021-11-18 18:33:34,511] {processor.py:639} WARNING - No viable dags retrieved from /Users/sravanisigadam/PycharmProjects/Airflow/venv/lib/python3.9/site-packages/airflow/example_dags/subdags/subdag.py
[2021-11-18 18:33:34,512] {processor.py:171} INFO - Processing /Users/sravanisigadam/PycharmProjects/Airflow/venv/lib/python3.9/site-packages/airflow/example_dags/subdags/subdag.py took 0.020 seconds
[2021-11-18 18:46:01,209] {processor.py:163} INFO - Started process (PID=56092) to work on /Users/sravanisigadam/PycharmProjects/Airflow/venv/lib/python3.9/site-packages/airflow/example_dags/subdags/subdag.py
[2021-11-18 18:46:01,209] {processor.py:625} INFO - Processing file /Users/sravanisigadam/PycharmProjects/Airflow/venv/lib/python3.9/site-packages/airflow/example_dags/subdags/subdag.py for tasks to queue
[2021-11-18 18:46:01,210] {logging_mixin.py:109} INFO - [2021-11-18 18:46:01,210] {dagbag.py:500} INFO - Filling up the DagBag from /Users/sravanisigadam/PycharmProjects/Airflow/venv/lib/python3.9/site-packages/airflow/example_dags/subdags/subdag.py
[2021-11-18 18:46:01,228] {processor.py:639} WARNING - No viable dags retrieved from /Users/sravanisigadam/PycharmProjects/Airflow/venv/lib/python3.9/site-packages/airflow/example_dags/subdags/subdag.py
[2021-11-18 18:46:01,229] {processor.py:171} INFO - Processing /Users/sravanisigadam/PycharmProjects/Airflow/venv/lib/python3.9/site-packages/airflow/example_dags/subdags/subdag.py took 0.020 seconds
[2021-11-18 18:46:52,085] {processor.py:163} INFO - Started process (PID=56119) to work on /Users/sravanisigadam/PycharmProjects/Airflow/venv/lib/python3.9/site-packages/airflow/example_dags/subdags/subdag.py
[2021-11-18 18:46:52,086] {processor.py:625} INFO - Processing file /Users/sravanisigadam/PycharmProjects/Airflow/venv/lib/python3.9/site-packages/airflow/example_dags/subdags/subdag.py for tasks to queue
[2021-11-18 18:46:52,086] {logging_mixin.py:109} INFO - [2021-11-18 18:46:52,086] {dagbag.py:500} INFO - Filling up the DagBag from /Users/sravanisigadam/PycharmProjects/Airflow/venv/lib/python3.9/site-packages/airflow/example_dags/subdags/subdag.py
[2021-11-18 18:46:52,103] {processor.py:639} WARNING - No viable dags retrieved from /Users/sravanisigadam/PycharmProjects/Airflow/venv/lib/python3.9/site-packages/airflow/example_dags/subdags/subdag.py
[2021-11-18 18:46:52,104] {processor.py:171} INFO - Processing /Users/sravanisigadam/PycharmProjects/Airflow/venv/lib/python3.9/site-packages/airflow/example_dags/subdags/subdag.py took 0.019 seconds
[2021-11-18 18:47:31,610] {processor.py:163} INFO - Started process (PID=56152) to work on /Users/sravanisigadam/PycharmProjects/Airflow/venv/lib/python3.9/site-packages/airflow/example_dags/subdags/subdag.py
[2021-11-18 18:47:31,611] {processor.py:625} INFO - Processing file /Users/sravanisigadam/PycharmProjects/Airflow/venv/lib/python3.9/site-packages/airflow/example_dags/subdags/subdag.py for tasks to queue
[2021-11-18 18:47:31,611] {logging_mixin.py:109} INFO - [2021-11-18 18:47:31,611] {dagbag.py:500} INFO - Filling up the DagBag from /Users/sravanisigadam/PycharmProjects/Airflow/venv/lib/python3.9/site-packages/airflow/example_dags/subdags/subdag.py
[2021-11-18 18:47:31,631] {processor.py:639} WARNING - No viable dags retrieved from /Users/sravanisigadam/PycharmProjects/Airflow/venv/lib/python3.9/site-packages/airflow/example_dags/subdags/subdag.py
[2021-11-18 18:47:31,632] {processor.py:171} INFO - Processing /Users/sravanisigadam/PycharmProjects/Airflow/venv/lib/python3.9/site-packages/airflow/example_dags/subdags/subdag.py took 0.022 seconds
[2021-11-18 18:48:09,891] {processor.py:163} INFO - Started process (PID=56175) to work on /Users/sravanisigadam/PycharmProjects/Airflow/venv/lib/python3.9/site-packages/airflow/example_dags/subdags/subdag.py
[2021-11-18 18:48:09,891] {processor.py:625} INFO - Processing file /Users/sravanisigadam/PycharmProjects/Airflow/venv/lib/python3.9/site-packages/airflow/example_dags/subdags/subdag.py for tasks to queue
[2021-11-18 18:48:09,891] {logging_mixin.py:109} INFO - [2021-11-18 18:48:09,891] {dagbag.py:500} INFO - Filling up the DagBag from /Users/sravanisigadam/PycharmProjects/Airflow/venv/lib/python3.9/site-packages/airflow/example_dags/subdags/subdag.py
[2021-11-18 18:48:09,909] {processor.py:639} WARNING - No viable dags retrieved from /Users/sravanisigadam/PycharmProjects/Airflow/venv/lib/python3.9/site-packages/airflow/example_dags/subdags/subdag.py
[2021-11-18 18:48:09,910] {processor.py:171} INFO - Processing /Users/sravanisigadam/PycharmProjects/Airflow/venv/lib/python3.9/site-packages/airflow/example_dags/subdags/subdag.py took 0.020 seconds
[2021-11-18 18:48:50,229] {processor.py:163} INFO - Started process (PID=56208) to work on /Users/sravanisigadam/PycharmProjects/Airflow/venv/lib/python3.9/site-packages/airflow/example_dags/subdags/subdag.py
[2021-11-18 18:48:50,230] {processor.py:625} INFO - Processing file /Users/sravanisigadam/PycharmProjects/Airflow/venv/lib/python3.9/site-packages/airflow/example_dags/subdags/subdag.py for tasks to queue
[2021-11-18 18:48:50,230] {logging_mixin.py:109} INFO - [2021-11-18 18:48:50,230] {dagbag.py:500} INFO - Filling up the DagBag from /Users/sravanisigadam/PycharmProjects/Airflow/venv/lib/python3.9/site-packages/airflow/example_dags/subdags/subdag.py
[2021-11-18 18:48:50,249] {processor.py:639} WARNING - No viable dags retrieved from /Users/sravanisigadam/PycharmProjects/Airflow/venv/lib/python3.9/site-packages/airflow/example_dags/subdags/subdag.py
[2021-11-18 18:48:50,250] {processor.py:171} INFO - Processing /Users/sravanisigadam/PycharmProjects/Airflow/venv/lib/python3.9/site-packages/airflow/example_dags/subdags/subdag.py took 0.021 seconds
[2021-11-18 18:49:31,778] {processor.py:163} INFO - Started process (PID=56233) to work on /Users/sravanisigadam/PycharmProjects/Airflow/venv/lib/python3.9/site-packages/airflow/example_dags/subdags/subdag.py
[2021-11-18 18:49:31,779] {processor.py:625} INFO - Processing file /Users/sravanisigadam/PycharmProjects/Airflow/venv/lib/python3.9/site-packages/airflow/example_dags/subdags/subdag.py for tasks to queue
[2021-11-18 18:49:31,779] {logging_mixin.py:109} INFO - [2021-11-18 18:49:31,779] {dagbag.py:500} INFO - Filling up the DagBag from /Users/sravanisigadam/PycharmProjects/Airflow/venv/lib/python3.9/site-packages/airflow/example_dags/subdags/subdag.py
[2021-11-18 18:49:31,798] {processor.py:639} WARNING - No viable dags retrieved from /Users/sravanisigadam/PycharmProjects/Airflow/venv/lib/python3.9/site-packages/airflow/example_dags/subdags/subdag.py
[2021-11-18 18:49:31,799] {processor.py:171} INFO - Processing /Users/sravanisigadam/PycharmProjects/Airflow/venv/lib/python3.9/site-packages/airflow/example_dags/subdags/subdag.py took 0.021 seconds
[2021-11-18 18:50:13,434] {processor.py:163} INFO - Started process (PID=56256) to work on /Users/sravanisigadam/PycharmProjects/Airflow/venv/lib/python3.9/site-packages/airflow/example_dags/subdags/subdag.py
[2021-11-18 18:50:13,434] {processor.py:625} INFO - Processing file /Users/sravanisigadam/PycharmProjects/Airflow/venv/lib/python3.9/site-packages/airflow/example_dags/subdags/subdag.py for tasks to queue
[2021-11-18 18:50:13,434] {logging_mixin.py:109} INFO - [2021-11-18 18:50:13,434] {dagbag.py:500} INFO - Filling up the DagBag from /Users/sravanisigadam/PycharmProjects/Airflow/venv/lib/python3.9/site-packages/airflow/example_dags/subdags/subdag.py
[2021-11-18 18:50:13,452] {processor.py:639} WARNING - No viable dags retrieved from /Users/sravanisigadam/PycharmProjects/Airflow/venv/lib/python3.9/site-packages/airflow/example_dags/subdags/subdag.py
[2021-11-18 18:50:13,453] {processor.py:171} INFO - Processing /Users/sravanisigadam/PycharmProjects/Airflow/venv/lib/python3.9/site-packages/airflow/example_dags/subdags/subdag.py took 0.020 seconds
[2021-11-18 18:50:50,537] {processor.py:163} INFO - Started process (PID=56275) to work on /Users/sravanisigadam/PycharmProjects/Airflow/venv/lib/python3.9/site-packages/airflow/example_dags/subdags/subdag.py
[2021-11-18 18:50:50,537] {processor.py:625} INFO - Processing file /Users/sravanisigadam/PycharmProjects/Airflow/venv/lib/python3.9/site-packages/airflow/example_dags/subdags/subdag.py for tasks to queue
[2021-11-18 18:50:50,537] {logging_mixin.py:109} INFO - [2021-11-18 18:50:50,537] {dagbag.py:500} INFO - Filling up the DagBag from /Users/sravanisigadam/PycharmProjects/Airflow/venv/lib/python3.9/site-packages/airflow/example_dags/subdags/subdag.py
[2021-11-18 18:50:50,554] {processor.py:639} WARNING - No viable dags retrieved from /Users/sravanisigadam/PycharmProjects/Airflow/venv/lib/python3.9/site-packages/airflow/example_dags/subdags/subdag.py
[2021-11-18 18:50:50,556] {processor.py:171} INFO - Processing /Users/sravanisigadam/PycharmProjects/Airflow/venv/lib/python3.9/site-packages/airflow/example_dags/subdags/subdag.py took 0.019 seconds
[2021-11-18 18:51:29,156] {processor.py:163} INFO - Started process (PID=56295) to work on /Users/sravanisigadam/PycharmProjects/Airflow/venv/lib/python3.9/site-packages/airflow/example_dags/subdags/subdag.py
[2021-11-18 18:51:29,157] {processor.py:625} INFO - Processing file /Users/sravanisigadam/PycharmProjects/Airflow/venv/lib/python3.9/site-packages/airflow/example_dags/subdags/subdag.py for tasks to queue
[2021-11-18 18:51:29,157] {logging_mixin.py:109} INFO - [2021-11-18 18:51:29,157] {dagbag.py:500} INFO - Filling up the DagBag from /Users/sravanisigadam/PycharmProjects/Airflow/venv/lib/python3.9/site-packages/airflow/example_dags/subdags/subdag.py
[2021-11-18 18:51:29,176] {processor.py:639} WARNING - No viable dags retrieved from /Users/sravanisigadam/PycharmProjects/Airflow/venv/lib/python3.9/site-packages/airflow/example_dags/subdags/subdag.py
[2021-11-18 18:51:29,177] {processor.py:171} INFO - Processing /Users/sravanisigadam/PycharmProjects/Airflow/venv/lib/python3.9/site-packages/airflow/example_dags/subdags/subdag.py took 0.021 seconds
[2021-11-18 18:52:08,197] {processor.py:163} INFO - Started process (PID=56319) to work on /Users/sravanisigadam/PycharmProjects/Airflow/venv/lib/python3.9/site-packages/airflow/example_dags/subdags/subdag.py
[2021-11-18 18:52:08,197] {processor.py:625} INFO - Processing file /Users/sravanisigadam/PycharmProjects/Airflow/venv/lib/python3.9/site-packages/airflow/example_dags/subdags/subdag.py for tasks to queue
[2021-11-18 18:52:08,197] {logging_mixin.py:109} INFO - [2021-11-18 18:52:08,197] {dagbag.py:500} INFO - Filling up the DagBag from /Users/sravanisigadam/PycharmProjects/Airflow/venv/lib/python3.9/site-packages/airflow/example_dags/subdags/subdag.py
[2021-11-18 18:52:08,216] {processor.py:639} WARNING - No viable dags retrieved from /Users/sravanisigadam/PycharmProjects/Airflow/venv/lib/python3.9/site-packages/airflow/example_dags/subdags/subdag.py
[2021-11-18 18:52:08,217] {processor.py:171} INFO - Processing /Users/sravanisigadam/PycharmProjects/Airflow/venv/lib/python3.9/site-packages/airflow/example_dags/subdags/subdag.py took 0.020 seconds
[2021-11-18 18:52:47,268] {processor.py:163} INFO - Started process (PID=56338) to work on /Users/sravanisigadam/PycharmProjects/Airflow/venv/lib/python3.9/site-packages/airflow/example_dags/subdags/subdag.py
[2021-11-18 18:52:47,268] {processor.py:625} INFO - Processing file /Users/sravanisigadam/PycharmProjects/Airflow/venv/lib/python3.9/site-packages/airflow/example_dags/subdags/subdag.py for tasks to queue
[2021-11-18 18:52:47,268] {logging_mixin.py:109} INFO - [2021-11-18 18:52:47,268] {dagbag.py:500} INFO - Filling up the DagBag from /Users/sravanisigadam/PycharmProjects/Airflow/venv/lib/python3.9/site-packages/airflow/example_dags/subdags/subdag.py
[2021-11-18 18:52:47,286] {processor.py:639} WARNING - No viable dags retrieved from /Users/sravanisigadam/PycharmProjects/Airflow/venv/lib/python3.9/site-packages/airflow/example_dags/subdags/subdag.py
[2021-11-18 18:52:47,287] {processor.py:171} INFO - Processing /Users/sravanisigadam/PycharmProjects/Airflow/venv/lib/python3.9/site-packages/airflow/example_dags/subdags/subdag.py took 0.019 seconds
[2021-11-18 18:53:26,021] {processor.py:163} INFO - Started process (PID=56358) to work on /Users/sravanisigadam/PycharmProjects/Airflow/venv/lib/python3.9/site-packages/airflow/example_dags/subdags/subdag.py
[2021-11-18 18:53:26,022] {processor.py:625} INFO - Processing file /Users/sravanisigadam/PycharmProjects/Airflow/venv/lib/python3.9/site-packages/airflow/example_dags/subdags/subdag.py for tasks to queue
[2021-11-18 18:53:26,022] {logging_mixin.py:109} INFO - [2021-11-18 18:53:26,022] {dagbag.py:500} INFO - Filling up the DagBag from /Users/sravanisigadam/PycharmProjects/Airflow/venv/lib/python3.9/site-packages/airflow/example_dags/subdags/subdag.py
[2021-11-18 18:53:26,039] {processor.py:639} WARNING - No viable dags retrieved from /Users/sravanisigadam/PycharmProjects/Airflow/venv/lib/python3.9/site-packages/airflow/example_dags/subdags/subdag.py
[2021-11-18 18:53:26,040] {processor.py:171} INFO - Processing /Users/sravanisigadam/PycharmProjects/Airflow/venv/lib/python3.9/site-packages/airflow/example_dags/subdags/subdag.py took 0.019 seconds
[2021-11-18 18:54:04,903] {processor.py:163} INFO - Started process (PID=56378) to work on /Users/sravanisigadam/PycharmProjects/Airflow/venv/lib/python3.9/site-packages/airflow/example_dags/subdags/subdag.py
[2021-11-18 18:54:04,903] {processor.py:625} INFO - Processing file /Users/sravanisigadam/PycharmProjects/Airflow/venv/lib/python3.9/site-packages/airflow/example_dags/subdags/subdag.py for tasks to queue
[2021-11-18 18:54:04,903] {logging_mixin.py:109} INFO - [2021-11-18 18:54:04,903] {dagbag.py:500} INFO - Filling up the DagBag from /Users/sravanisigadam/PycharmProjects/Airflow/venv/lib/python3.9/site-packages/airflow/example_dags/subdags/subdag.py
[2021-11-18 18:54:04,922] {processor.py:639} WARNING - No viable dags retrieved from /Users/sravanisigadam/PycharmProjects/Airflow/venv/lib/python3.9/site-packages/airflow/example_dags/subdags/subdag.py
[2021-11-18 18:54:04,923] {processor.py:171} INFO - Processing /Users/sravanisigadam/PycharmProjects/Airflow/venv/lib/python3.9/site-packages/airflow/example_dags/subdags/subdag.py took 0.020 seconds
[2021-11-18 18:54:44,330] {processor.py:163} INFO - Started process (PID=56398) to work on /Users/sravanisigadam/PycharmProjects/Airflow/venv/lib/python3.9/site-packages/airflow/example_dags/subdags/subdag.py
[2021-11-18 18:54:44,331] {processor.py:625} INFO - Processing file /Users/sravanisigadam/PycharmProjects/Airflow/venv/lib/python3.9/site-packages/airflow/example_dags/subdags/subdag.py for tasks to queue
[2021-11-18 18:54:44,331] {logging_mixin.py:109} INFO - [2021-11-18 18:54:44,331] {dagbag.py:500} INFO - Filling up the DagBag from /Users/sravanisigadam/PycharmProjects/Airflow/venv/lib/python3.9/site-packages/airflow/example_dags/subdags/subdag.py
[2021-11-18 18:54:44,349] {processor.py:639} WARNING - No viable dags retrieved from /Users/sravanisigadam/PycharmProjects/Airflow/venv/lib/python3.9/site-packages/airflow/example_dags/subdags/subdag.py
[2021-11-18 18:54:44,350] {processor.py:171} INFO - Processing /Users/sravanisigadam/PycharmProjects/Airflow/venv/lib/python3.9/site-packages/airflow/example_dags/subdags/subdag.py took 0.021 seconds
[2021-11-18 18:55:22,794] {processor.py:163} INFO - Started process (PID=56418) to work on /Users/sravanisigadam/PycharmProjects/Airflow/venv/lib/python3.9/site-packages/airflow/example_dags/subdags/subdag.py
[2021-11-18 18:55:22,795] {processor.py:625} INFO - Processing file /Users/sravanisigadam/PycharmProjects/Airflow/venv/lib/python3.9/site-packages/airflow/example_dags/subdags/subdag.py for tasks to queue
[2021-11-18 18:55:22,795] {logging_mixin.py:109} INFO - [2021-11-18 18:55:22,795] {dagbag.py:500} INFO - Filling up the DagBag from /Users/sravanisigadam/PycharmProjects/Airflow/venv/lib/python3.9/site-packages/airflow/example_dags/subdags/subdag.py
[2021-11-18 18:55:22,813] {processor.py:639} WARNING - No viable dags retrieved from /Users/sravanisigadam/PycharmProjects/Airflow/venv/lib/python3.9/site-packages/airflow/example_dags/subdags/subdag.py
[2021-11-18 18:55:22,814] {processor.py:171} INFO - Processing /Users/sravanisigadam/PycharmProjects/Airflow/venv/lib/python3.9/site-packages/airflow/example_dags/subdags/subdag.py took 0.021 seconds
[2021-11-18 18:56:02,302] {processor.py:163} INFO - Started process (PID=56440) to work on /Users/sravanisigadam/PycharmProjects/Airflow/venv/lib/python3.9/site-packages/airflow/example_dags/subdags/subdag.py
[2021-11-18 18:56:02,303] {processor.py:625} INFO - Processing file /Users/sravanisigadam/PycharmProjects/Airflow/venv/lib/python3.9/site-packages/airflow/example_dags/subdags/subdag.py for tasks to queue
[2021-11-18 18:56:02,303] {logging_mixin.py:109} INFO - [2021-11-18 18:56:02,303] {dagbag.py:500} INFO - Filling up the DagBag from /Users/sravanisigadam/PycharmProjects/Airflow/venv/lib/python3.9/site-packages/airflow/example_dags/subdags/subdag.py
[2021-11-18 18:56:02,321] {processor.py:639} WARNING - No viable dags retrieved from /Users/sravanisigadam/PycharmProjects/Airflow/venv/lib/python3.9/site-packages/airflow/example_dags/subdags/subdag.py
[2021-11-18 18:56:02,322] {processor.py:171} INFO - Processing /Users/sravanisigadam/PycharmProjects/Airflow/venv/lib/python3.9/site-packages/airflow/example_dags/subdags/subdag.py took 0.020 seconds
[2021-11-18 18:56:40,941] {processor.py:163} INFO - Started process (PID=56463) to work on /Users/sravanisigadam/PycharmProjects/Airflow/venv/lib/python3.9/site-packages/airflow/example_dags/subdags/subdag.py
[2021-11-18 18:56:40,943] {processor.py:625} INFO - Processing file /Users/sravanisigadam/PycharmProjects/Airflow/venv/lib/python3.9/site-packages/airflow/example_dags/subdags/subdag.py for tasks to queue
[2021-11-18 18:56:40,943] {logging_mixin.py:109} INFO - [2021-11-18 18:56:40,943] {dagbag.py:500} INFO - Filling up the DagBag from /Users/sravanisigadam/PycharmProjects/Airflow/venv/lib/python3.9/site-packages/airflow/example_dags/subdags/subdag.py
[2021-11-18 18:56:40,961] {processor.py:639} WARNING - No viable dags retrieved from /Users/sravanisigadam/PycharmProjects/Airflow/venv/lib/python3.9/site-packages/airflow/example_dags/subdags/subdag.py
[2021-11-18 18:56:40,962] {processor.py:171} INFO - Processing /Users/sravanisigadam/PycharmProjects/Airflow/venv/lib/python3.9/site-packages/airflow/example_dags/subdags/subdag.py took 0.021 seconds
[2021-11-18 18:57:20,214] {processor.py:163} INFO - Started process (PID=56482) to work on /Users/sravanisigadam/PycharmProjects/Airflow/venv/lib/python3.9/site-packages/airflow/example_dags/subdags/subdag.py
[2021-11-18 18:57:20,214] {processor.py:625} INFO - Processing file /Users/sravanisigadam/PycharmProjects/Airflow/venv/lib/python3.9/site-packages/airflow/example_dags/subdags/subdag.py for tasks to queue
[2021-11-18 18:57:20,214] {logging_mixin.py:109} INFO - [2021-11-18 18:57:20,214] {dagbag.py:500} INFO - Filling up the DagBag from /Users/sravanisigadam/PycharmProjects/Airflow/venv/lib/python3.9/site-packages/airflow/example_dags/subdags/subdag.py
[2021-11-18 18:57:20,232] {processor.py:639} WARNING - No viable dags retrieved from /Users/sravanisigadam/PycharmProjects/Airflow/venv/lib/python3.9/site-packages/airflow/example_dags/subdags/subdag.py
[2021-11-18 18:57:20,233] {processor.py:171} INFO - Processing /Users/sravanisigadam/PycharmProjects/Airflow/venv/lib/python3.9/site-packages/airflow/example_dags/subdags/subdag.py took 0.020 seconds
[2021-11-18 18:57:58,588] {processor.py:163} INFO - Started process (PID=56502) to work on /Users/sravanisigadam/PycharmProjects/Airflow/venv/lib/python3.9/site-packages/airflow/example_dags/subdags/subdag.py
[2021-11-18 18:57:58,589] {processor.py:625} INFO - Processing file /Users/sravanisigadam/PycharmProjects/Airflow/venv/lib/python3.9/site-packages/airflow/example_dags/subdags/subdag.py for tasks to queue
[2021-11-18 18:57:58,589] {logging_mixin.py:109} INFO - [2021-11-18 18:57:58,589] {dagbag.py:500} INFO - Filling up the DagBag from /Users/sravanisigadam/PycharmProjects/Airflow/venv/lib/python3.9/site-packages/airflow/example_dags/subdags/subdag.py
[2021-11-18 18:57:58,607] {processor.py:639} WARNING - No viable dags retrieved from /Users/sravanisigadam/PycharmProjects/Airflow/venv/lib/python3.9/site-packages/airflow/example_dags/subdags/subdag.py
[2021-11-18 18:57:58,608] {processor.py:171} INFO - Processing /Users/sravanisigadam/PycharmProjects/Airflow/venv/lib/python3.9/site-packages/airflow/example_dags/subdags/subdag.py took 0.021 seconds
[2021-11-18 18:58:38,488] {processor.py:163} INFO - Started process (PID=56531) to work on /Users/sravanisigadam/PycharmProjects/Airflow/venv/lib/python3.9/site-packages/airflow/example_dags/subdags/subdag.py
[2021-11-18 18:58:38,489] {processor.py:625} INFO - Processing file /Users/sravanisigadam/PycharmProjects/Airflow/venv/lib/python3.9/site-packages/airflow/example_dags/subdags/subdag.py for tasks to queue
[2021-11-18 18:58:38,490] {logging_mixin.py:109} INFO - [2021-11-18 18:58:38,490] {dagbag.py:500} INFO - Filling up the DagBag from /Users/sravanisigadam/PycharmProjects/Airflow/venv/lib/python3.9/site-packages/airflow/example_dags/subdags/subdag.py
[2021-11-18 18:58:38,507] {processor.py:639} WARNING - No viable dags retrieved from /Users/sravanisigadam/PycharmProjects/Airflow/venv/lib/python3.9/site-packages/airflow/example_dags/subdags/subdag.py
[2021-11-18 18:58:38,508] {processor.py:171} INFO - Processing /Users/sravanisigadam/PycharmProjects/Airflow/venv/lib/python3.9/site-packages/airflow/example_dags/subdags/subdag.py took 0.020 seconds
[2021-11-18 18:59:17,090] {processor.py:163} INFO - Started process (PID=56550) to work on /Users/sravanisigadam/PycharmProjects/Airflow/venv/lib/python3.9/site-packages/airflow/example_dags/subdags/subdag.py
[2021-11-18 18:59:17,090] {processor.py:625} INFO - Processing file /Users/sravanisigadam/PycharmProjects/Airflow/venv/lib/python3.9/site-packages/airflow/example_dags/subdags/subdag.py for tasks to queue
[2021-11-18 18:59:17,090] {logging_mixin.py:109} INFO - [2021-11-18 18:59:17,090] {dagbag.py:500} INFO - Filling up the DagBag from /Users/sravanisigadam/PycharmProjects/Airflow/venv/lib/python3.9/site-packages/airflow/example_dags/subdags/subdag.py
[2021-11-18 18:59:17,108] {processor.py:639} WARNING - No viable dags retrieved from /Users/sravanisigadam/PycharmProjects/Airflow/venv/lib/python3.9/site-packages/airflow/example_dags/subdags/subdag.py
[2021-11-18 18:59:17,109] {processor.py:171} INFO - Processing /Users/sravanisigadam/PycharmProjects/Airflow/venv/lib/python3.9/site-packages/airflow/example_dags/subdags/subdag.py took 0.019 seconds
[2021-11-18 18:59:56,748] {processor.py:163} INFO - Started process (PID=56570) to work on /Users/sravanisigadam/PycharmProjects/Airflow/venv/lib/python3.9/site-packages/airflow/example_dags/subdags/subdag.py
[2021-11-18 18:59:56,749] {processor.py:625} INFO - Processing file /Users/sravanisigadam/PycharmProjects/Airflow/venv/lib/python3.9/site-packages/airflow/example_dags/subdags/subdag.py for tasks to queue
[2021-11-18 18:59:56,749] {logging_mixin.py:109} INFO - [2021-11-18 18:59:56,749] {dagbag.py:500} INFO - Filling up the DagBag from /Users/sravanisigadam/PycharmProjects/Airflow/venv/lib/python3.9/site-packages/airflow/example_dags/subdags/subdag.py
[2021-11-18 18:59:56,767] {processor.py:639} WARNING - No viable dags retrieved from /Users/sravanisigadam/PycharmProjects/Airflow/venv/lib/python3.9/site-packages/airflow/example_dags/subdags/subdag.py
[2021-11-18 18:59:56,768] {processor.py:171} INFO - Processing /Users/sravanisigadam/PycharmProjects/Airflow/venv/lib/python3.9/site-packages/airflow/example_dags/subdags/subdag.py took 0.021 seconds
[2021-11-18 19:00:37,854] {processor.py:163} INFO - Started process (PID=56597) to work on /Users/sravanisigadam/PycharmProjects/Airflow/venv/lib/python3.9/site-packages/airflow/example_dags/subdags/subdag.py
[2021-11-18 19:00:37,855] {processor.py:625} INFO - Processing file /Users/sravanisigadam/PycharmProjects/Airflow/venv/lib/python3.9/site-packages/airflow/example_dags/subdags/subdag.py for tasks to queue
[2021-11-18 19:00:37,855] {logging_mixin.py:109} INFO - [2021-11-18 19:00:37,855] {dagbag.py:500} INFO - Filling up the DagBag from /Users/sravanisigadam/PycharmProjects/Airflow/venv/lib/python3.9/site-packages/airflow/example_dags/subdags/subdag.py
[2021-11-18 19:00:37,873] {processor.py:639} WARNING - No viable dags retrieved from /Users/sravanisigadam/PycharmProjects/Airflow/venv/lib/python3.9/site-packages/airflow/example_dags/subdags/subdag.py
[2021-11-18 19:00:37,874] {processor.py:171} INFO - Processing /Users/sravanisigadam/PycharmProjects/Airflow/venv/lib/python3.9/site-packages/airflow/example_dags/subdags/subdag.py took 0.020 seconds
[2021-11-18 19:01:17,319] {processor.py:163} INFO - Started process (PID=56621) to work on /Users/sravanisigadam/PycharmProjects/Airflow/venv/lib/python3.9/site-packages/airflow/example_dags/subdags/subdag.py
[2021-11-18 19:01:17,320] {processor.py:625} INFO - Processing file /Users/sravanisigadam/PycharmProjects/Airflow/venv/lib/python3.9/site-packages/airflow/example_dags/subdags/subdag.py for tasks to queue
[2021-11-18 19:01:17,321] {logging_mixin.py:109} INFO - [2021-11-18 19:01:17,321] {dagbag.py:500} INFO - Filling up the DagBag from /Users/sravanisigadam/PycharmProjects/Airflow/venv/lib/python3.9/site-packages/airflow/example_dags/subdags/subdag.py
[2021-11-18 19:01:17,339] {processor.py:639} WARNING - No viable dags retrieved from /Users/sravanisigadam/PycharmProjects/Airflow/venv/lib/python3.9/site-packages/airflow/example_dags/subdags/subdag.py
[2021-11-18 19:01:17,340] {processor.py:171} INFO - Processing /Users/sravanisigadam/PycharmProjects/Airflow/venv/lib/python3.9/site-packages/airflow/example_dags/subdags/subdag.py took 0.021 seconds
[2021-11-18 19:01:56,371] {processor.py:163} INFO - Started process (PID=56641) to work on /Users/sravanisigadam/PycharmProjects/Airflow/venv/lib/python3.9/site-packages/airflow/example_dags/subdags/subdag.py
[2021-11-18 19:01:56,371] {processor.py:625} INFO - Processing file /Users/sravanisigadam/PycharmProjects/Airflow/venv/lib/python3.9/site-packages/airflow/example_dags/subdags/subdag.py for tasks to queue
[2021-11-18 19:01:56,371] {logging_mixin.py:109} INFO - [2021-11-18 19:01:56,371] {dagbag.py:500} INFO - Filling up the DagBag from /Users/sravanisigadam/PycharmProjects/Airflow/venv/lib/python3.9/site-packages/airflow/example_dags/subdags/subdag.py
[2021-11-18 19:01:56,389] {processor.py:639} WARNING - No viable dags retrieved from /Users/sravanisigadam/PycharmProjects/Airflow/venv/lib/python3.9/site-packages/airflow/example_dags/subdags/subdag.py
[2021-11-18 19:01:56,390] {processor.py:171} INFO - Processing /Users/sravanisigadam/PycharmProjects/Airflow/venv/lib/python3.9/site-packages/airflow/example_dags/subdags/subdag.py took 0.020 seconds
[2021-11-18 19:02:34,412] {processor.py:163} INFO - Started process (PID=56661) to work on /Users/sravanisigadam/PycharmProjects/Airflow/venv/lib/python3.9/site-packages/airflow/example_dags/subdags/subdag.py
[2021-11-18 19:02:34,413] {processor.py:625} INFO - Processing file /Users/sravanisigadam/PycharmProjects/Airflow/venv/lib/python3.9/site-packages/airflow/example_dags/subdags/subdag.py for tasks to queue
[2021-11-18 19:02:34,413] {logging_mixin.py:109} INFO - [2021-11-18 19:02:34,413] {dagbag.py:500} INFO - Filling up the DagBag from /Users/sravanisigadam/PycharmProjects/Airflow/venv/lib/python3.9/site-packages/airflow/example_dags/subdags/subdag.py
[2021-11-18 19:02:34,432] {processor.py:639} WARNING - No viable dags retrieved from /Users/sravanisigadam/PycharmProjects/Airflow/venv/lib/python3.9/site-packages/airflow/example_dags/subdags/subdag.py
[2021-11-18 19:02:34,433] {processor.py:171} INFO - Processing /Users/sravanisigadam/PycharmProjects/Airflow/venv/lib/python3.9/site-packages/airflow/example_dags/subdags/subdag.py took 0.021 seconds
[2021-11-18 19:03:14,033] {processor.py:163} INFO - Started process (PID=56685) to work on /Users/sravanisigadam/PycharmProjects/Airflow/venv/lib/python3.9/site-packages/airflow/example_dags/subdags/subdag.py
[2021-11-18 19:03:14,034] {processor.py:625} INFO - Processing file /Users/sravanisigadam/PycharmProjects/Airflow/venv/lib/python3.9/site-packages/airflow/example_dags/subdags/subdag.py for tasks to queue
[2021-11-18 19:03:14,034] {logging_mixin.py:109} INFO - [2021-11-18 19:03:14,034] {dagbag.py:500} INFO - Filling up the DagBag from /Users/sravanisigadam/PycharmProjects/Airflow/venv/lib/python3.9/site-packages/airflow/example_dags/subdags/subdag.py
[2021-11-18 19:03:14,052] {processor.py:639} WARNING - No viable dags retrieved from /Users/sravanisigadam/PycharmProjects/Airflow/venv/lib/python3.9/site-packages/airflow/example_dags/subdags/subdag.py
[2021-11-18 19:03:14,053] {processor.py:171} INFO - Processing /Users/sravanisigadam/PycharmProjects/Airflow/venv/lib/python3.9/site-packages/airflow/example_dags/subdags/subdag.py took 0.020 seconds
[2021-11-18 19:03:52,303] {processor.py:163} INFO - Started process (PID=56706) to work on /Users/sravanisigadam/PycharmProjects/Airflow/venv/lib/python3.9/site-packages/airflow/example_dags/subdags/subdag.py
[2021-11-18 19:03:52,303] {processor.py:625} INFO - Processing file /Users/sravanisigadam/PycharmProjects/Airflow/venv/lib/python3.9/site-packages/airflow/example_dags/subdags/subdag.py for tasks to queue
[2021-11-18 19:03:52,303] {logging_mixin.py:109} INFO - [2021-11-18 19:03:52,303] {dagbag.py:500} INFO - Filling up the DagBag from /Users/sravanisigadam/PycharmProjects/Airflow/venv/lib/python3.9/site-packages/airflow/example_dags/subdags/subdag.py
[2021-11-18 19:03:52,322] {processor.py:639} WARNING - No viable dags retrieved from /Users/sravanisigadam/PycharmProjects/Airflow/venv/lib/python3.9/site-packages/airflow/example_dags/subdags/subdag.py
[2021-11-18 19:03:52,323] {processor.py:171} INFO - Processing /Users/sravanisigadam/PycharmProjects/Airflow/venv/lib/python3.9/site-packages/airflow/example_dags/subdags/subdag.py took 0.021 seconds
[2021-11-18 19:04:32,055] {processor.py:163} INFO - Started process (PID=56731) to work on /Users/sravanisigadam/PycharmProjects/Airflow/venv/lib/python3.9/site-packages/airflow/example_dags/subdags/subdag.py
[2021-11-18 19:04:32,056] {processor.py:625} INFO - Processing file /Users/sravanisigadam/PycharmProjects/Airflow/venv/lib/python3.9/site-packages/airflow/example_dags/subdags/subdag.py for tasks to queue
[2021-11-18 19:04:32,056] {logging_mixin.py:109} INFO - [2021-11-18 19:04:32,056] {dagbag.py:500} INFO - Filling up the DagBag from /Users/sravanisigadam/PycharmProjects/Airflow/venv/lib/python3.9/site-packages/airflow/example_dags/subdags/subdag.py
[2021-11-18 19:04:32,075] {processor.py:639} WARNING - No viable dags retrieved from /Users/sravanisigadam/PycharmProjects/Airflow/venv/lib/python3.9/site-packages/airflow/example_dags/subdags/subdag.py
[2021-11-18 19:04:32,076] {processor.py:171} INFO - Processing /Users/sravanisigadam/PycharmProjects/Airflow/venv/lib/python3.9/site-packages/airflow/example_dags/subdags/subdag.py took 0.021 seconds
[2021-11-18 19:05:11,196] {processor.py:163} INFO - Started process (PID=56759) to work on /Users/sravanisigadam/PycharmProjects/Airflow/venv/lib/python3.9/site-packages/airflow/example_dags/subdags/subdag.py
[2021-11-18 19:05:11,197] {processor.py:625} INFO - Processing file /Users/sravanisigadam/PycharmProjects/Airflow/venv/lib/python3.9/site-packages/airflow/example_dags/subdags/subdag.py for tasks to queue
[2021-11-18 19:05:11,197] {logging_mixin.py:109} INFO - [2021-11-18 19:05:11,197] {dagbag.py:500} INFO - Filling up the DagBag from /Users/sravanisigadam/PycharmProjects/Airflow/venv/lib/python3.9/site-packages/airflow/example_dags/subdags/subdag.py
[2021-11-18 19:05:11,216] {processor.py:639} WARNING - No viable dags retrieved from /Users/sravanisigadam/PycharmProjects/Airflow/venv/lib/python3.9/site-packages/airflow/example_dags/subdags/subdag.py
[2021-11-18 19:05:11,217] {processor.py:171} INFO - Processing /Users/sravanisigadam/PycharmProjects/Airflow/venv/lib/python3.9/site-packages/airflow/example_dags/subdags/subdag.py took 0.022 seconds
[2021-11-18 19:05:50,882] {processor.py:163} INFO - Started process (PID=56799) to work on /Users/sravanisigadam/PycharmProjects/Airflow/venv/lib/python3.9/site-packages/airflow/example_dags/subdags/subdag.py
[2021-11-18 19:05:50,883] {processor.py:625} INFO - Processing file /Users/sravanisigadam/PycharmProjects/Airflow/venv/lib/python3.9/site-packages/airflow/example_dags/subdags/subdag.py for tasks to queue
[2021-11-18 19:05:50,883] {logging_mixin.py:109} INFO - [2021-11-18 19:05:50,883] {dagbag.py:500} INFO - Filling up the DagBag from /Users/sravanisigadam/PycharmProjects/Airflow/venv/lib/python3.9/site-packages/airflow/example_dags/subdags/subdag.py
[2021-11-18 19:05:50,902] {processor.py:639} WARNING - No viable dags retrieved from /Users/sravanisigadam/PycharmProjects/Airflow/venv/lib/python3.9/site-packages/airflow/example_dags/subdags/subdag.py
[2021-11-18 19:05:50,903] {processor.py:171} INFO - Processing /Users/sravanisigadam/PycharmProjects/Airflow/venv/lib/python3.9/site-packages/airflow/example_dags/subdags/subdag.py took 0.021 seconds
[2021-11-18 19:06:28,975] {processor.py:163} INFO - Started process (PID=56830) to work on /Users/sravanisigadam/PycharmProjects/Airflow/venv/lib/python3.9/site-packages/airflow/example_dags/subdags/subdag.py
[2021-11-18 19:06:28,975] {processor.py:625} INFO - Processing file /Users/sravanisigadam/PycharmProjects/Airflow/venv/lib/python3.9/site-packages/airflow/example_dags/subdags/subdag.py for tasks to queue
[2021-11-18 19:06:28,975] {logging_mixin.py:109} INFO - [2021-11-18 19:06:28,975] {dagbag.py:500} INFO - Filling up the DagBag from /Users/sravanisigadam/PycharmProjects/Airflow/venv/lib/python3.9/site-packages/airflow/example_dags/subdags/subdag.py
[2021-11-18 19:06:28,993] {processor.py:639} WARNING - No viable dags retrieved from /Users/sravanisigadam/PycharmProjects/Airflow/venv/lib/python3.9/site-packages/airflow/example_dags/subdags/subdag.py
[2021-11-18 19:06:28,995] {processor.py:171} INFO - Processing /Users/sravanisigadam/PycharmProjects/Airflow/venv/lib/python3.9/site-packages/airflow/example_dags/subdags/subdag.py took 0.020 seconds
[2021-11-18 19:07:10,284] {processor.py:163} INFO - Started process (PID=56854) to work on /Users/sravanisigadam/PycharmProjects/Airflow/venv/lib/python3.9/site-packages/airflow/example_dags/subdags/subdag.py
[2021-11-18 19:07:10,284] {processor.py:625} INFO - Processing file /Users/sravanisigadam/PycharmProjects/Airflow/venv/lib/python3.9/site-packages/airflow/example_dags/subdags/subdag.py for tasks to queue
[2021-11-18 19:07:10,284] {logging_mixin.py:109} INFO - [2021-11-18 19:07:10,284] {dagbag.py:500} INFO - Filling up the DagBag from /Users/sravanisigadam/PycharmProjects/Airflow/venv/lib/python3.9/site-packages/airflow/example_dags/subdags/subdag.py
[2021-11-18 19:07:10,305] {processor.py:639} WARNING - No viable dags retrieved from /Users/sravanisigadam/PycharmProjects/Airflow/venv/lib/python3.9/site-packages/airflow/example_dags/subdags/subdag.py
[2021-11-18 19:07:10,308] {processor.py:171} INFO - Processing /Users/sravanisigadam/PycharmProjects/Airflow/venv/lib/python3.9/site-packages/airflow/example_dags/subdags/subdag.py took 0.025 seconds
[2021-11-18 19:07:49,162] {processor.py:163} INFO - Started process (PID=56894) to work on /Users/sravanisigadam/PycharmProjects/Airflow/venv/lib/python3.9/site-packages/airflow/example_dags/subdags/subdag.py
[2021-11-18 19:07:49,162] {processor.py:625} INFO - Processing file /Users/sravanisigadam/PycharmProjects/Airflow/venv/lib/python3.9/site-packages/airflow/example_dags/subdags/subdag.py for tasks to queue
[2021-11-18 19:07:49,162] {logging_mixin.py:109} INFO - [2021-11-18 19:07:49,162] {dagbag.py:500} INFO - Filling up the DagBag from /Users/sravanisigadam/PycharmProjects/Airflow/venv/lib/python3.9/site-packages/airflow/example_dags/subdags/subdag.py
[2021-11-18 19:07:49,181] {processor.py:639} WARNING - No viable dags retrieved from /Users/sravanisigadam/PycharmProjects/Airflow/venv/lib/python3.9/site-packages/airflow/example_dags/subdags/subdag.py
[2021-11-18 19:07:49,182] {processor.py:171} INFO - Processing /Users/sravanisigadam/PycharmProjects/Airflow/venv/lib/python3.9/site-packages/airflow/example_dags/subdags/subdag.py took 0.021 seconds
[2021-11-18 19:08:28,135] {processor.py:163} INFO - Started process (PID=56928) to work on /Users/sravanisigadam/PycharmProjects/Airflow/venv/lib/python3.9/site-packages/airflow/example_dags/subdags/subdag.py
[2021-11-18 19:08:28,136] {processor.py:625} INFO - Processing file /Users/sravanisigadam/PycharmProjects/Airflow/venv/lib/python3.9/site-packages/airflow/example_dags/subdags/subdag.py for tasks to queue
[2021-11-18 19:08:28,136] {logging_mixin.py:109} INFO - [2021-11-18 19:08:28,136] {dagbag.py:500} INFO - Filling up the DagBag from /Users/sravanisigadam/PycharmProjects/Airflow/venv/lib/python3.9/site-packages/airflow/example_dags/subdags/subdag.py
[2021-11-18 19:08:28,153] {processor.py:639} WARNING - No viable dags retrieved from /Users/sravanisigadam/PycharmProjects/Airflow/venv/lib/python3.9/site-packages/airflow/example_dags/subdags/subdag.py
[2021-11-18 19:08:28,154] {processor.py:171} INFO - Processing /Users/sravanisigadam/PycharmProjects/Airflow/venv/lib/python3.9/site-packages/airflow/example_dags/subdags/subdag.py took 0.019 seconds
[2021-11-18 19:09:07,904] {processor.py:163} INFO - Started process (PID=56950) to work on /Users/sravanisigadam/PycharmProjects/Airflow/venv/lib/python3.9/site-packages/airflow/example_dags/subdags/subdag.py
[2021-11-18 19:09:07,904] {processor.py:625} INFO - Processing file /Users/sravanisigadam/PycharmProjects/Airflow/venv/lib/python3.9/site-packages/airflow/example_dags/subdags/subdag.py for tasks to queue
[2021-11-18 19:09:07,904] {logging_mixin.py:109} INFO - [2021-11-18 19:09:07,904] {dagbag.py:500} INFO - Filling up the DagBag from /Users/sravanisigadam/PycharmProjects/Airflow/venv/lib/python3.9/site-packages/airflow/example_dags/subdags/subdag.py
[2021-11-18 19:09:07,922] {processor.py:639} WARNING - No viable dags retrieved from /Users/sravanisigadam/PycharmProjects/Airflow/venv/lib/python3.9/site-packages/airflow/example_dags/subdags/subdag.py
[2021-11-18 19:09:07,924] {processor.py:171} INFO - Processing /Users/sravanisigadam/PycharmProjects/Airflow/venv/lib/python3.9/site-packages/airflow/example_dags/subdags/subdag.py took 0.020 seconds
[2021-11-18 19:09:46,205] {processor.py:163} INFO - Started process (PID=56974) to work on /Users/sravanisigadam/PycharmProjects/Airflow/venv/lib/python3.9/site-packages/airflow/example_dags/subdags/subdag.py
[2021-11-18 19:09:46,205] {processor.py:625} INFO - Processing file /Users/sravanisigadam/PycharmProjects/Airflow/venv/lib/python3.9/site-packages/airflow/example_dags/subdags/subdag.py for tasks to queue
[2021-11-18 19:09:46,205] {logging_mixin.py:109} INFO - [2021-11-18 19:09:46,205] {dagbag.py:500} INFO - Filling up the DagBag from /Users/sravanisigadam/PycharmProjects/Airflow/venv/lib/python3.9/site-packages/airflow/example_dags/subdags/subdag.py
[2021-11-18 19:09:46,223] {processor.py:639} WARNING - No viable dags retrieved from /Users/sravanisigadam/PycharmProjects/Airflow/venv/lib/python3.9/site-packages/airflow/example_dags/subdags/subdag.py
[2021-11-18 19:09:46,224] {processor.py:171} INFO - Processing /Users/sravanisigadam/PycharmProjects/Airflow/venv/lib/python3.9/site-packages/airflow/example_dags/subdags/subdag.py took 0.020 seconds
[2021-11-18 19:10:25,944] {processor.py:163} INFO - Started process (PID=56994) to work on /Users/sravanisigadam/PycharmProjects/Airflow/venv/lib/python3.9/site-packages/airflow/example_dags/subdags/subdag.py
[2021-11-18 19:10:25,945] {processor.py:625} INFO - Processing file /Users/sravanisigadam/PycharmProjects/Airflow/venv/lib/python3.9/site-packages/airflow/example_dags/subdags/subdag.py for tasks to queue
[2021-11-18 19:10:25,945] {logging_mixin.py:109} INFO - [2021-11-18 19:10:25,945] {dagbag.py:500} INFO - Filling up the DagBag from /Users/sravanisigadam/PycharmProjects/Airflow/venv/lib/python3.9/site-packages/airflow/example_dags/subdags/subdag.py
[2021-11-18 19:10:25,966] {processor.py:639} WARNING - No viable dags retrieved from /Users/sravanisigadam/PycharmProjects/Airflow/venv/lib/python3.9/site-packages/airflow/example_dags/subdags/subdag.py
[2021-11-18 19:10:25,967] {processor.py:171} INFO - Processing /Users/sravanisigadam/PycharmProjects/Airflow/venv/lib/python3.9/site-packages/airflow/example_dags/subdags/subdag.py took 0.023 seconds
[2021-11-18 19:11:06,321] {processor.py:163} INFO - Started process (PID=57020) to work on /Users/sravanisigadam/PycharmProjects/Airflow/venv/lib/python3.9/site-packages/airflow/example_dags/subdags/subdag.py
[2021-11-18 19:11:06,322] {processor.py:625} INFO - Processing file /Users/sravanisigadam/PycharmProjects/Airflow/venv/lib/python3.9/site-packages/airflow/example_dags/subdags/subdag.py for tasks to queue
[2021-11-18 19:11:06,322] {logging_mixin.py:109} INFO - [2021-11-18 19:11:06,322] {dagbag.py:500} INFO - Filling up the DagBag from /Users/sravanisigadam/PycharmProjects/Airflow/venv/lib/python3.9/site-packages/airflow/example_dags/subdags/subdag.py
[2021-11-18 19:11:06,340] {processor.py:639} WARNING - No viable dags retrieved from /Users/sravanisigadam/PycharmProjects/Airflow/venv/lib/python3.9/site-packages/airflow/example_dags/subdags/subdag.py
[2021-11-18 19:11:06,341] {processor.py:171} INFO - Processing /Users/sravanisigadam/PycharmProjects/Airflow/venv/lib/python3.9/site-packages/airflow/example_dags/subdags/subdag.py took 0.021 seconds
[2021-11-18 19:11:46,243] {processor.py:163} INFO - Started process (PID=57041) to work on /Users/sravanisigadam/PycharmProjects/Airflow/venv/lib/python3.9/site-packages/airflow/example_dags/subdags/subdag.py
[2021-11-18 19:11:46,243] {processor.py:625} INFO - Processing file /Users/sravanisigadam/PycharmProjects/Airflow/venv/lib/python3.9/site-packages/airflow/example_dags/subdags/subdag.py for tasks to queue
[2021-11-18 19:11:46,243] {logging_mixin.py:109} INFO - [2021-11-18 19:11:46,243] {dagbag.py:500} INFO - Filling up the DagBag from /Users/sravanisigadam/PycharmProjects/Airflow/venv/lib/python3.9/site-packages/airflow/example_dags/subdags/subdag.py
[2021-11-18 19:11:46,261] {processor.py:639} WARNING - No viable dags retrieved from /Users/sravanisigadam/PycharmProjects/Airflow/venv/lib/python3.9/site-packages/airflow/example_dags/subdags/subdag.py
[2021-11-18 19:11:46,262] {processor.py:171} INFO - Processing /Users/sravanisigadam/PycharmProjects/Airflow/venv/lib/python3.9/site-packages/airflow/example_dags/subdags/subdag.py took 0.020 seconds
[2021-11-18 19:12:27,819] {processor.py:163} INFO - Started process (PID=57065) to work on /Users/sravanisigadam/PycharmProjects/Airflow/venv/lib/python3.9/site-packages/airflow/example_dags/subdags/subdag.py
[2021-11-18 19:12:27,820] {processor.py:625} INFO - Processing file /Users/sravanisigadam/PycharmProjects/Airflow/venv/lib/python3.9/site-packages/airflow/example_dags/subdags/subdag.py for tasks to queue
[2021-11-18 19:12:27,821] {logging_mixin.py:109} INFO - [2021-11-18 19:12:27,821] {dagbag.py:500} INFO - Filling up the DagBag from /Users/sravanisigadam/PycharmProjects/Airflow/venv/lib/python3.9/site-packages/airflow/example_dags/subdags/subdag.py
[2021-11-18 19:12:27,838] {processor.py:639} WARNING - No viable dags retrieved from /Users/sravanisigadam/PycharmProjects/Airflow/venv/lib/python3.9/site-packages/airflow/example_dags/subdags/subdag.py
[2021-11-18 19:12:27,840] {processor.py:171} INFO - Processing /Users/sravanisigadam/PycharmProjects/Airflow/venv/lib/python3.9/site-packages/airflow/example_dags/subdags/subdag.py took 0.021 seconds
[2021-11-18 19:13:07,355] {processor.py:163} INFO - Started process (PID=57090) to work on /Users/sravanisigadam/PycharmProjects/Airflow/venv/lib/python3.9/site-packages/airflow/example_dags/subdags/subdag.py
[2021-11-18 19:13:07,355] {processor.py:625} INFO - Processing file /Users/sravanisigadam/PycharmProjects/Airflow/venv/lib/python3.9/site-packages/airflow/example_dags/subdags/subdag.py for tasks to queue
[2021-11-18 19:13:07,355] {logging_mixin.py:109} INFO - [2021-11-18 19:13:07,355] {dagbag.py:500} INFO - Filling up the DagBag from /Users/sravanisigadam/PycharmProjects/Airflow/venv/lib/python3.9/site-packages/airflow/example_dags/subdags/subdag.py
[2021-11-18 19:13:07,373] {processor.py:639} WARNING - No viable dags retrieved from /Users/sravanisigadam/PycharmProjects/Airflow/venv/lib/python3.9/site-packages/airflow/example_dags/subdags/subdag.py
[2021-11-18 19:13:07,375] {processor.py:171} INFO - Processing /Users/sravanisigadam/PycharmProjects/Airflow/venv/lib/python3.9/site-packages/airflow/example_dags/subdags/subdag.py took 0.020 seconds
[2021-11-18 19:13:49,520] {processor.py:163} INFO - Started process (PID=57135) to work on /Users/sravanisigadam/PycharmProjects/Airflow/venv/lib/python3.9/site-packages/airflow/example_dags/subdags/subdag.py
[2021-11-18 19:13:49,521] {processor.py:625} INFO - Processing file /Users/sravanisigadam/PycharmProjects/Airflow/venv/lib/python3.9/site-packages/airflow/example_dags/subdags/subdag.py for tasks to queue
[2021-11-18 19:13:49,521] {logging_mixin.py:109} INFO - [2021-11-18 19:13:49,521] {dagbag.py:500} INFO - Filling up the DagBag from /Users/sravanisigadam/PycharmProjects/Airflow/venv/lib/python3.9/site-packages/airflow/example_dags/subdags/subdag.py
[2021-11-18 19:13:49,540] {processor.py:639} WARNING - No viable dags retrieved from /Users/sravanisigadam/PycharmProjects/Airflow/venv/lib/python3.9/site-packages/airflow/example_dags/subdags/subdag.py
[2021-11-18 19:13:49,541] {processor.py:171} INFO - Processing /Users/sravanisigadam/PycharmProjects/Airflow/venv/lib/python3.9/site-packages/airflow/example_dags/subdags/subdag.py took 0.022 seconds
[2021-11-18 19:14:31,161] {processor.py:163} INFO - Started process (PID=57166) to work on /Users/sravanisigadam/PycharmProjects/Airflow/venv/lib/python3.9/site-packages/airflow/example_dags/subdags/subdag.py
[2021-11-18 19:14:31,162] {processor.py:625} INFO - Processing file /Users/sravanisigadam/PycharmProjects/Airflow/venv/lib/python3.9/site-packages/airflow/example_dags/subdags/subdag.py for tasks to queue
[2021-11-18 19:14:31,162] {logging_mixin.py:109} INFO - [2021-11-18 19:14:31,162] {dagbag.py:500} INFO - Filling up the DagBag from /Users/sravanisigadam/PycharmProjects/Airflow/venv/lib/python3.9/site-packages/airflow/example_dags/subdags/subdag.py
[2021-11-18 19:14:31,182] {processor.py:639} WARNING - No viable dags retrieved from /Users/sravanisigadam/PycharmProjects/Airflow/venv/lib/python3.9/site-packages/airflow/example_dags/subdags/subdag.py
[2021-11-18 19:14:31,183] {processor.py:171} INFO - Processing /Users/sravanisigadam/PycharmProjects/Airflow/venv/lib/python3.9/site-packages/airflow/example_dags/subdags/subdag.py took 0.022 seconds
[2021-11-18 19:15:10,617] {processor.py:163} INFO - Started process (PID=57200) to work on /Users/sravanisigadam/PycharmProjects/Airflow/venv/lib/python3.9/site-packages/airflow/example_dags/subdags/subdag.py
[2021-11-18 19:15:10,617] {processor.py:625} INFO - Processing file /Users/sravanisigadam/PycharmProjects/Airflow/venv/lib/python3.9/site-packages/airflow/example_dags/subdags/subdag.py for tasks to queue
[2021-11-18 19:15:10,617] {logging_mixin.py:109} INFO - [2021-11-18 19:15:10,617] {dagbag.py:500} INFO - Filling up the DagBag from /Users/sravanisigadam/PycharmProjects/Airflow/venv/lib/python3.9/site-packages/airflow/example_dags/subdags/subdag.py
[2021-11-18 19:15:10,637] {processor.py:639} WARNING - No viable dags retrieved from /Users/sravanisigadam/PycharmProjects/Airflow/venv/lib/python3.9/site-packages/airflow/example_dags/subdags/subdag.py
[2021-11-18 19:15:10,638] {processor.py:171} INFO - Processing /Users/sravanisigadam/PycharmProjects/Airflow/venv/lib/python3.9/site-packages/airflow/example_dags/subdags/subdag.py took 0.022 seconds
